config file path : config.ini
[2022-11-06 15:34:24] Initializing...
FISCO-BCOS Version : 2.9.1
Build Time         : 20220922 09:45:21
Build Type         : Darwin/appleclang/RelWithDebInfo
Git Branch         : HEAD
Git Commit Hash    : 83a87ad749475c0edcc6d5ce2dabd328a36d3bae
[2022-11-06 15:34:26] The FISCO-BCOS is running...
[2022-11-13 09:57:06] FISCO-BCOS program exit normally.
config file path : config.ini
[2022-11-19 10:41:20] Initializing...
FISCO-BCOS Version : 2.9.1
Build Time         : 20220922 09:45:21
Build Type         : Darwin/appleclang/RelWithDebInfo
Git Branch         : HEAD
Git Commit Hash    : 83a87ad749475c0edcc6d5ce2dabd328a36d3bae
[2022-11-19 10:41:21] The FISCO-BCOS is running...
config file path : config.ini
[2022-12-18 16:23:23] Initializing...
FISCO-BCOS Version : 2.9.1
Build Time         : 20220922 09:45:21
Build Type         : Darwin/appleclang/RelWithDebInfo
Git Branch         : HEAD
Git Commit Hash    : 83a87ad749475c0edcc6d5ce2dabd328a36d3bae
[2022-12-18 16:23:24] The FISCO-BCOS is running...
[2022-12-18 17:04:58] FISCO-BCOS program exit normally.
config file path : config.ini
[2022-12-18 17:05:02] Initializing...
FISCO-BCOS Version : 2.9.1
Build Time         : 20220922 09:45:21
Build Type         : Darwin/appleclang/RelWithDebInfo
Git Branch         : HEAD
Git Commit Hash    : 83a87ad749475c0edcc6d5ce2dabd328a36d3bae
[2022-12-18 17:05:03] The FISCO-BCOS is running...
[2022-12-20 13:05:08] FISCO-BCOS program exit normally.
config file path : config.ini
[2023-04-05 10:15:56] Initializing...
FISCO-BCOS Version : 2.9.1
Build Time         : 20220922 09:45:21
Build Type         : Darwin/appleclang/RelWithDebInfo
Git Branch         : HEAD
Git Commit Hash    : 83a87ad749475c0edcc6d5ce2dabd328a36d3bae
[2023-04-05 10:15:57] The FISCO-BCOS is running...
