info|2022-11-24 12:00:00.382175|[g:1][CONSENSUS]addRawPrepare,height=32,reqIdx=3,hash=1eeacd89...,time=0
info|2022-11-24 12:00:00.382963|[g:1][CONSENSUS][PBFT]checkTimeout Succ,view=64368,toView=64369,nodeIdx=2,changeCycle=1,myNode=8170ed0b...,timecost=0
info|2022-11-24 12:00:00.384485|[g:1][CONSENSUS][PBFT]checkAndChangeView: Reach consensus,org_view=64368,cur_changeCycle=1,curView=64368,view=64369
info|2022-11-24 12:00:01.386297|[g:1][CONSENSUS]addRawPrepare,height=32,reqIdx=0,hash=2e4ef5bf...,time=0
info|2022-11-24 12:00:01.386935|[g:1][CONSENSUS][PBFT]checkTimeout Succ,view=64369,toView=64370,nodeIdx=2,changeCycle=1,myNode=8170ed0b...,timecost=0
info|2022-11-24 12:00:01.388456|[g:1][CONSENSUS][PBFT]checkAndChangeView: Reach consensus,org_view=64369,cur_changeCycle=1,curView=64369,view=64370
info|2022-11-24 12:00:02.390777|[g:1][CONSENSUS]addRawPrepare,height=32,reqIdx=1,hash=ed4f2697...,time=0
info|2022-11-24 12:00:02.391450|[g:1][CONSENSUS][PBFT]checkTimeout Succ,view=64370,toView=64371,nodeIdx=2,changeCycle=1,myNode=8170ed0b...,timecost=1
info|2022-11-24 12:00:02.393306|[g:1][CONSENSUS][PBFT]checkAndChangeView: Reach consensus,org_view=64370,cur_changeCycle=1,curView=64370,view=64371
info|2022-11-24 12:00:03.394370|[g:1][CONSENSUS][SEALER]++++++++++++++++ Generating seal on,blkNum=32,tx=0,nodeIdx=2,hash=4fd5f660...
info|2022-11-24 12:00:03.399620|[g:1][CONSENSUS][PBFT]checkTimeout Succ,view=64371,toView=64372,nodeIdx=2,changeCycle=1,myNode=8170ed0b...,timecost=0
info|2022-11-24 12:00:03.401156|[g:1][CONSENSUS][PBFT]checkAndChangeView: Reach consensus,org_view=64371,cur_changeCycle=1,curView=64371,view=64372
info|2022-11-24 12:00:04.401503|[g:1][CONSENSUS]addRawPrepare,height=32,reqIdx=3,hash=3b65a46a...,time=0
info|2022-11-24 12:00:04.401841|[g:1][CONSENSUS][PBFT]checkTimeout Succ,view=64372,toView=64373,nodeIdx=2,changeCycle=1,myNode=8170ed0b...,timecost=0
info|2022-11-24 12:00:04.404333|[g:1][CONSENSUS][PBFT]checkAndChangeView: Reach consensus,org_view=64372,cur_changeCycle=1,curView=64372,view=64373
info|2022-11-24 12:00:05.404555|[g:1][CONSENSUS]addRawPrepare,height=32,reqIdx=0,hash=bf87a788...,time=0
info|2022-11-24 12:00:05.405078|[g:1][CONSENSUS][PBFT]checkTimeout Succ,view=64373,toView=64374,nodeIdx=2,changeCycle=1,myNode=8170ed0b...,timecost=1
info|2022-11-24 12:00:05.405942|[g:1][CONSENSUS][PBFT]checkAndChangeView: Reach consensus,org_view=64373,cur_changeCycle=1,curView=64373,view=64374
info|2022-11-24 12:00:06.411389|[g:1][CONSENSUS]addRawPrepare,height=32,reqIdx=1,hash=710cb658...,time=0
info|2022-11-24 12:00:06.412443|[g:1][CONSENSUS][PBFT]checkTimeout Succ,view=64374,toView=64375,nodeIdx=2,changeCycle=1,myNode=8170ed0b...,timecost=1
info|2022-11-24 12:00:06.414615|[g:1][CONSENSUS][PBFT]checkAndChangeView: Reach consensus,org_view=64374,cur_changeCycle=1,curView=64374,view=64375
info|2022-11-24 12:00:06.682730|[P2P][Service] heartBeat,connected count=3
info|2022-11-24 12:00:07.414137|[g:1][CONSENSUS][SEALER]++++++++++++++++ Generating seal on,blkNum=32,tx=0,nodeIdx=2,hash=313def35...
info|2022-11-24 12:00:07.415634|[g:1][CONSENSUS][PBFT]checkTimeout Succ,view=64375,toView=64376,nodeIdx=2,changeCycle=1,myNode=8170ed0b...,timecost=0
info|2022-11-24 12:00:07.421499|[g:1][CONSENSUS][PBFT]checkAndChangeView: Reach consensus,org_view=64375,cur_changeCycle=1,curView=64375,view=64376
info|2022-11-24 12:00:08.422145|[g:1][CONSENSUS]addRawPrepare,height=32,reqIdx=3,hash=a324ce97...,time=0
info|2022-11-24 12:00:08.422446|[g:1][CONSENSUS][PBFT]checkTimeout Succ,view=64376,toView=64377,nodeIdx=2,changeCycle=1,myNode=8170ed0b...,timecost=0
info|2022-11-24 12:00:08.423370|[g:1][CONSENSUS][PBFT]checkAndChangeView: Reach consensus,org_view=64376,cur_changeCycle=1,curView=64376,view=64377
info|2022-11-24 12:00:09.425316|[g:1][CONSENSUS]addRawPrepare,height=32,reqIdx=0,hash=230bc3ed...,time=0
info|2022-11-24 12:00:09.425734|[g:1][CONSENSUS][PBFT]checkTimeout Succ,view=64377,toView=64378,nodeIdx=2,changeCycle=1,myNode=8170ed0b...,timecost=0
info|2022-11-24 12:00:09.427254|[g:1][CONSENSUS][PBFT]checkAndChangeView: Reach consensus,org_view=64377,cur_changeCycle=1,curView=64377,view=64378
info|2022-11-24 12:00:10.427890|[g:1][CONSENSUS]addRawPrepare,height=32,reqIdx=1,hash=727adb9f...,time=0
info|2022-11-24 12:00:10.428280|[g:1][CONSENSUS][PBFT]checkTimeout Succ,view=64378,toView=64379,nodeIdx=2,changeCycle=1,myNode=8170ed0b...,timecost=1
info|2022-11-24 12:00:10.429164|[g:1][CONSENSUS][PBFT]checkAndChangeView: Reach consensus,org_view=64378,cur_changeCycle=1,curView=64378,view=64379
info|2022-11-24 12:00:11.429289|[g:1][CONSENSUS][SEALER]++++++++++++++++ Generating seal on,blkNum=32,tx=0,nodeIdx=2,hash=9c481790...
info|2022-11-24 12:00:11.430853|[g:1][CONSENSUS][PBFT]checkTimeout Succ,view=64379,toView=64380,nodeIdx=2,changeCycle=1,myNode=8170ed0b...,timecost=0
info|2022-11-24 12:00:11.434380|[g:1][CONSENSUS][PBFT]checkAndChangeView: Reach consensus,org_view=64379,cur_changeCycle=1,curView=64379,view=64380
info|2022-11-24 12:00:12.439107|[g:1][CONSENSUS]addRawPrepare,height=32,reqIdx=3,hash=7928c50c...,time=0
info|2022-11-24 12:00:12.439670|[g:1][CONSENSUS][PBFT]checkTimeout Succ,view=64380,toView=64381,nodeIdx=2,changeCycle=1,myNode=8170ed0b...,timecost=0
info|2022-11-24 12:00:12.440426|[g:1][CONSENSUS][PBFT]checkAndChangeView: Reach consensus,org_view=64380,cur_changeCycle=1,curView=64380,view=64381
info|2022-11-24 12:00:13.444178|[g:1][CONSENSUS]addRawPrepare,height=32,reqIdx=0,hash=6488fb35...,time=0
info|2022-11-24 12:00:13.444836|[g:1][CONSENSUS][PBFT]checkTimeout Succ,view=64381,toView=64382,nodeIdx=2,changeCycle=1,myNode=8170ed0b...,timecost=0
info|2022-11-24 12:00:13.446958|[g:1][CONSENSUS][PBFT]checkAndChangeView: Reach consensus,org_view=64381,cur_changeCycle=1,curView=64381,view=64382
info|2022-11-24 12:00:14.448687|[g:1][CONSENSUS]addRawPrepare,height=32,reqIdx=1,hash=f6437a8d...,time=0
info|2022-11-24 12:00:14.449567|[g:1][CONSENSUS][PBFT]checkTimeout Succ,view=64382,toView=64383,nodeIdx=2,changeCycle=1,myNode=8170ed0b...,timecost=1
info|2022-11-24 12:00:14.452694|[g:1][CONSENSUS][PBFT]checkAndChangeView: Reach consensus,org_view=64382,cur_changeCycle=1,curView=64382,view=64383
info|2022-11-24 12:00:15.453672|[g:1][CONSENSUS][SEALER]++++++++++++++++ Generating seal on,blkNum=32,tx=0,nodeIdx=2,hash=195368df...
info|2022-11-24 12:00:15.455567|[g:1][CONSENSUS][PBFT]checkTimeout Succ,view=64383,toView=64384,nodeIdx=2,changeCycle=1,myNode=8170ed0b...,timecost=1
info|2022-11-24 12:00:15.459255|[g:1][CONSENSUS][PBFT]checkAndChangeView: Reach consensus,org_view=64383,cur_changeCycle=1,curView=64383,view=64384
info|2022-11-24 12:00:16.463103|[g:1][CONSENSUS]addRawPrepare,height=32,reqIdx=3,hash=892ff2b3...,time=0
info|2022-11-24 12:00:16.464100|[g:1][CONSENSUS][PBFT]checkTimeout Succ,view=64384,toView=64385,nodeIdx=2,changeCycle=1,myNode=8170ed0b...,timecost=1
info|2022-11-24 12:00:16.466254|[g:1][CONSENSUS][PBFT]checkAndChangeView: Reach consensus,org_view=64384,cur_changeCycle=1,curView=64384,view=64385
info|2022-11-24 12:00:16.682999|[P2P][Service] heartBeat,connected count=3
info|2022-11-24 12:00:17.468953|[g:1][CONSENSUS]addRawPrepare,height=32,reqIdx=0,hash=9e0a4743...,time=0
info|2022-11-24 12:00:17.470006|[g:1][CONSENSUS][PBFT]checkTimeout Succ,view=64385,toView=64386,nodeIdx=2,changeCycle=1,myNode=8170ed0b...,timecost=1
info|2022-11-24 12:00:17.472971|[g:1][CONSENSUS][PBFT]checkAndChangeView: Reach consensus,org_view=64385,cur_changeCycle=1,curView=64385,view=64386
info|2022-11-24 12:00:18.474324|[g:1][CONSENSUS]addRawPrepare,height=32,reqIdx=1,hash=9326626d...,time=0
info|2022-11-24 12:00:18.474602|[g:1][CONSENSUS][PBFT]checkTimeout Succ,view=64386,toView=64387,nodeIdx=2,changeCycle=1,myNode=8170ed0b...,timecost=0
info|2022-11-24 12:00:18.475277|[g:1][CONSENSUS][PBFT]checkAndChangeView: Reach consensus,org_view=64386,cur_changeCycle=1,curView=64386,view=64387
info|2022-11-24 12:00:19.475327|[g:1][CONSENSUS][SEALER]++++++++++++++++ Generating seal on,blkNum=32,tx=0,nodeIdx=2,hash=01014368...
info|2022-11-24 12:00:19.476396|[g:1][CONSENSUS][PBFT]checkTimeout Succ,view=64387,toView=64388,nodeIdx=2,changeCycle=1,myNode=8170ed0b...,timecost=0
info|2022-11-24 12:00:19.478752|[g:1][CONSENSUS][PBFT]checkAndChangeView: Reach consensus,org_view=64387,cur_changeCycle=1,curView=64387,view=64388
info|2022-11-24 12:00:20.481448|[g:1][CONSENSUS]addRawPrepare,height=32,reqIdx=3,hash=ead8c2bb...,time=0
info|2022-11-24 12:00:20.482216|[g:1][CONSENSUS][PBFT]checkTimeout Succ,view=64388,toView=64389,nodeIdx=2,changeCycle=1,myNode=8170ed0b...,timecost=1
info|2022-11-24 12:00:20.484899|[g:1][CONSENSUS][PBFT]checkAndChangeView: Reach consensus,org_view=64388,cur_changeCycle=1,curView=64388,view=64389
info|2022-11-24 12:00:21.486400|[g:1][CONSENSUS]addRawPrepare,height=32,reqIdx=0,hash=5a9967a9...,time=0
info|2022-11-24 12:00:21.486783|[g:1][CONSENSUS][PBFT]checkTimeout Succ,view=64389,toView=64390,nodeIdx=2,changeCycle=1,myNode=8170ed0b...,timecost=0
info|2022-11-24 12:00:21.488050|[g:1][CONSENSUS][PBFT]checkAndChangeView: Reach consensus,org_view=64389,cur_changeCycle=1,curView=64389,view=64390
info|2022-11-24 12:00:22.488700|[g:1][CONSENSUS]addRawPrepare,height=32,reqIdx=1,hash=6a56eb58...,time=0
info|2022-11-24 12:00:22.489040|[g:1][CONSENSUS][PBFT]checkTimeout Succ,view=64390,toView=64391,nodeIdx=2,changeCycle=1,myNode=8170ed0b...,timecost=1
info|2022-11-24 12:00:22.490285|[g:1][CONSENSUS][PBFT]checkAndChangeView: Reach consensus,org_view=64390,cur_changeCycle=1,curView=64390,view=64391
info|2022-11-24 12:00:23.490719|[g:1][CONSENSUS][SEALER]++++++++++++++++ Generating seal on,blkNum=32,tx=0,nodeIdx=2,hash=dc45a818...
info|2022-11-24 12:00:23.491187|[g:1][CONSENSUS][PBFT]checkTimeout Succ,view=64391,toView=64392,nodeIdx=2,changeCycle=1,myNode=8170ed0b...,timecost=0
info|2022-11-24 12:00:23.493212|[g:1][CONSENSUS][PBFT]checkAndChangeView: Reach consensus,org_view=64391,cur_changeCycle=1,curView=64391,view=64392
info|2022-11-24 12:00:24.494238|[g:1][CONSENSUS]addRawPrepare,height=32,reqIdx=3,hash=f21a7341...,time=0
info|2022-11-24 12:00:24.494505|[g:1][CONSENSUS][PBFT]checkTimeout Succ,view=64392,toView=64393,nodeIdx=2,changeCycle=1,myNode=8170ed0b...,timecost=0
info|2022-11-24 12:00:24.495305|[g:1][CONSENSUS][PBFT]checkAndChangeView: Reach consensus,org_view=64392,cur_changeCycle=1,curView=64392,view=64393
info|2022-11-24 12:00:25.498378|[g:1][CONSENSUS]addRawPrepare,height=32,reqIdx=0,hash=8e2f65fe...,time=0
info|2022-11-24 12:00:25.499052|[g:1][CONSENSUS][PBFT]checkTimeout Succ,view=64393,toView=64394,nodeIdx=2,changeCycle=1,myNode=8170ed0b...,timecost=1
info|2022-11-24 12:00:25.501508|[g:1][CONSENSUS][PBFT]checkAndChangeView: Reach consensus,org_view=64393,cur_changeCycle=1,curView=64393,view=64394
info|2022-11-24 12:00:26.503576|[g:1][CONSENSUS]addRawPrepare,height=32,reqIdx=1,hash=4a360b83...,time=0
info|2022-11-24 12:00:26.504197|[g:1][CONSENSUS][PBFT]checkTimeout Succ,view=64394,toView=64395,nodeIdx=2,changeCycle=1,myNode=8170ed0b...,timecost=1
info|2022-11-24 12:00:26.505914|[g:1][CONSENSUS][PBFT]checkAndChangeView: Reach consensus,org_view=64394,cur_changeCycle=1,curView=64394,view=64395
info|2022-11-24 12:00:26.683781|[P2P][Service] heartBeat,connected count=3
info|2022-11-24 12:00:27.506046|[g:1][CONSENSUS][SEALER]++++++++++++++++ Generating seal on,blkNum=32,tx=0,nodeIdx=2,hash=ac9ecd90...
info|2022-11-24 12:00:27.510169|[g:1][CONSENSUS][PBFT]checkTimeout Succ,view=64395,toView=64396,nodeIdx=2,changeCycle=1,myNode=8170ed0b...,timecost=1
info|2022-11-24 12:00:27.511484|[g:1][CONSENSUS][PBFT]checkAndChangeView: Reach consensus,org_view=64395,cur_changeCycle=1,curView=64395,view=64396
info|2022-11-24 12:00:28.512555|[g:1][CONSENSUS]addRawPrepare,height=32,reqIdx=3,hash=86d378b9...,time=0
info|2022-11-24 12:00:28.512881|[g:1][CONSENSUS][PBFT]checkTimeout Succ,view=64396,toView=64397,nodeIdx=2,changeCycle=1,myNode=8170ed0b...,timecost=0
info|2022-11-24 12:00:28.516873|[g:1][CONSENSUS][PBFT]checkAndChangeView: Reach consensus,org_view=64396,cur_changeCycle=1,curView=64396,view=64397
info|2022-11-24 12:00:29.516198|[g:1][CONSENSUS]addRawPrepare,height=32,reqIdx=0,hash=1d05ee37...,time=0
info|2022-11-24 12:00:29.516840|[g:1][CONSENSUS][PBFT]checkTimeout Succ,view=64397,toView=64398,nodeIdx=2,changeCycle=1,myNode=8170ed0b...,timecost=0
info|2022-11-24 12:00:29.518323|[g:1][CONSENSUS][PBFT]checkAndChangeView: Reach consensus,org_view=64397,cur_changeCycle=1,curView=64397,view=64398
info|2022-11-24 12:00:30.523082|[g:1][CONSENSUS]addRawPrepare,height=32,reqIdx=1,hash=6f368550...,time=0
info|2022-11-24 12:00:30.523959|[g:1][CONSENSUS][PBFT]checkTimeout Succ,view=64398,toView=64399,nodeIdx=2,changeCycle=1,myNode=8170ed0b...,timecost=0
info|2022-11-24 12:00:30.525547|[g:1][CONSENSUS][PBFT]checkAndChangeView: Reach consensus,org_view=64398,cur_changeCycle=1,curView=64398,view=64399
info|2022-11-24 12:00:31.525802|[g:1][CONSENSUS][SEALER]++++++++++++++++ Generating seal on,blkNum=32,tx=0,nodeIdx=2,hash=7832fc54...
info|2022-11-24 12:00:31.527392|[g:1][CONSENSUS][PBFT]checkTimeout Succ,view=64399,toView=64400,nodeIdx=2,changeCycle=1,myNode=8170ed0b...,timecost=1
info|2022-11-24 12:00:31.531222|[g:1][CONSENSUS][PBFT]checkAndChangeView: Reach consensus,org_view=64399,cur_changeCycle=1,curView=64399,view=64400
info|2022-11-24 12:00:32.539595|[g:1][CONSENSUS]addRawPrepare,height=32,reqIdx=3,hash=17a4673d...,time=0
info|2022-11-24 12:00:32.551629|[g:1][CONSENSUS][PBFT]checkTimeout Succ,view=64400,toView=64401,nodeIdx=2,changeCycle=1,myNode=8170ed0b...,timecost=12
info|2022-11-24 12:00:32.557620|[g:1][CONSENSUS][PBFT]checkAndChangeView: Reach consensus,org_view=64400,cur_changeCycle=1,curView=64400,view=64401
info|2022-11-24 12:00:33.561097|[g:1][CONSENSUS]addRawPrepare,height=32,reqIdx=0,hash=ff55fd4e...,time=0
info|2022-11-24 12:00:33.561724|[g:1][CONSENSUS][PBFT]checkTimeout Succ,view=64401,toView=64402,nodeIdx=2,changeCycle=1,myNode=8170ed0b...,timecost=0
info|2022-11-24 12:00:33.563967|[g:1][CONSENSUS][PBFT]checkAndChangeView: Reach consensus,org_view=64401,cur_changeCycle=1,curView=64401,view=64402
info|2022-11-24 12:00:34.566619|[g:1][CONSENSUS]addRawPrepare,height=32,reqIdx=1,hash=83d77f71...,time=0
info|2022-11-24 12:00:34.567288|[g:1][CONSENSUS][PBFT]checkTimeout Succ,view=64402,toView=64403,nodeIdx=2,changeCycle=1,myNode=8170ed0b...,timecost=1
info|2022-11-24 12:00:34.569210|[g:1][CONSENSUS][PBFT]checkAndChangeView: Reach consensus,org_view=64402,cur_changeCycle=1,curView=64402,view=64403
info|2022-11-24 12:00:35.569744|[g:1][CONSENSUS][SEALER]++++++++++++++++ Generating seal on,blkNum=32,tx=0,nodeIdx=2,hash=0db427b7...
info|2022-11-24 12:00:35.575042|[g:1][CONSENSUS][PBFT]checkTimeout Succ,view=64403,toView=64404,nodeIdx=2,changeCycle=1,myNode=8170ed0b...,timecost=1
info|2022-11-24 12:00:35.577073|[g:1][CONSENSUS][PBFT]checkAndChangeView: Reach consensus,org_view=64403,cur_changeCycle=1,curView=64403,view=64404
info|2022-11-24 12:00:36.579785|[g:1][CONSENSUS]addRawPrepare,height=32,reqIdx=3,hash=bad766d6...,time=0
info|2022-11-24 12:00:36.580415|[g:1][CONSENSUS][PBFT]checkTimeout Succ,view=64404,toView=64405,nodeIdx=2,changeCycle=1,myNode=8170ed0b...,timecost=1
info|2022-11-24 12:00:36.582406|[g:1][CONSENSUS][PBFT]checkAndChangeView: Reach consensus,org_view=64404,cur_changeCycle=1,curView=64404,view=64405
info|2022-11-24 12:00:36.684380|[P2P][Service] heartBeat,connected count=3
info|2022-11-24 12:00:37.585694|[g:1][CONSENSUS]addRawPrepare,height=32,reqIdx=0,hash=d0f919ea...,time=0
info|2022-11-24 12:00:37.586291|[g:1][CONSENSUS][PBFT]checkTimeout Succ,view=64405,toView=64406,nodeIdx=2,changeCycle=1,myNode=8170ed0b...,timecost=1
info|2022-11-24 12:00:37.588369|[g:1][CONSENSUS][PBFT]checkAndChangeView: Reach consensus,org_view=64405,cur_changeCycle=1,curView=64405,view=64406
info|2022-11-24 12:00:38.589758|[g:1][CONSENSUS]addRawPrepare,height=32,reqIdx=1,hash=84c047dd...,time=0
info|2022-11-24 12:00:38.590039|[g:1][CONSENSUS][PBFT]checkTimeout Succ,view=64406,toView=64407,nodeIdx=2,changeCycle=1,myNode=8170ed0b...,timecost=1
info|2022-11-24 12:00:38.590726|[g:1][CONSENSUS][PBFT]checkAndChangeView: Reach consensus,org_view=64406,cur_changeCycle=1,curView=64406,view=64407
info|2022-11-24 12:00:39.591144|[g:1][CONSENSUS][SEALER]++++++++++++++++ Generating seal on,blkNum=32,tx=0,nodeIdx=2,hash=e75896c7...
info|2022-11-24 12:00:39.594012|[g:1][CONSENSUS][PBFT]checkTimeout Succ,view=64407,toView=64408,nodeIdx=2,changeCycle=1,myNode=8170ed0b...,timecost=1
info|2022-11-24 12:00:39.594569|[g:1][CONSENSUS][PBFT]checkAndChangeView: Reach consensus,org_view=64407,cur_changeCycle=1,curView=64407,view=64408
info|2022-11-24 12:00:40.598554|[g:1][CONSENSUS]addRawPrepare,height=32,reqIdx=3,hash=2236ff40...,time=0
info|2022-11-24 12:00:40.599511|[g:1][CONSENSUS][PBFT]checkTimeout Succ,view=64408,toView=64409,nodeIdx=2,changeCycle=1,myNode=8170ed0b...,timecost=1
info|2022-11-24 12:00:40.601305|[g:1][CONSENSUS][PBFT]checkAndChangeView: Reach consensus,org_view=64408,cur_changeCycle=1,curView=64408,view=64409
info|2022-11-24 12:00:41.604693|[g:1][CONSENSUS]addRawPrepare,height=32,reqIdx=0,hash=90e50cee...,time=0
info|2022-11-24 12:00:41.605336|[g:1][CONSENSUS][PBFT]checkTimeout Succ,view=64409,toView=64410,nodeIdx=2,changeCycle=1,myNode=8170ed0b...,timecost=1
info|2022-11-24 12:00:41.607338|[g:1][CONSENSUS][PBFT]checkAndChangeView: Reach consensus,org_view=64409,cur_changeCycle=1,curView=64409,view=64410
info|2022-11-24 12:00:42.612078|[g:1][CONSENSUS]addRawPrepare,height=32,reqIdx=1,hash=52cfd1e4...,time=0
info|2022-11-24 12:00:42.612699|[g:1][CONSENSUS][PBFT]checkTimeout Succ,view=64410,toView=64411,nodeIdx=2,changeCycle=1,myNode=8170ed0b...,timecost=0
info|2022-11-24 12:00:42.614459|[g:1][CONSENSUS][PBFT]checkAndChangeView: Reach consensus,org_view=64410,cur_changeCycle=1,curView=64410,view=64411
info|2022-11-24 12:00:43.614495|[g:1][CONSENSUS][SEALER]++++++++++++++++ Generating seal on,blkNum=32,tx=0,nodeIdx=2,hash=176aaa1c...
info|2022-11-24 12:00:43.615368|[g:1][CONSENSUS][PBFT]checkTimeout Succ,view=64411,toView=64412,nodeIdx=2,changeCycle=1,myNode=8170ed0b...,timecost=1
info|2022-11-24 12:00:43.618638|[g:1][CONSENSUS][PBFT]checkAndChangeView: Reach consensus,org_view=64411,cur_changeCycle=1,curView=64411,view=64412
info|2022-11-24 12:00:44.620493|[g:1][CONSENSUS]addRawPrepare,height=32,reqIdx=3,hash=fbe25aa9...,time=0
info|2022-11-24 12:00:44.621164|[g:1][CONSENSUS][PBFT]checkTimeout Succ,view=64412,toView=64413,nodeIdx=2,changeCycle=1,myNode=8170ed0b...,timecost=1
info|2022-11-24 12:00:44.623434|[g:1][CONSENSUS][PBFT]checkAndChangeView: Reach consensus,org_view=64412,cur_changeCycle=1,curView=64412,view=64413
info|2022-11-24 12:00:45.627748|[g:1][CONSENSUS]addRawPrepare,height=32,reqIdx=0,hash=cf80b3c4...,time=0
info|2022-11-24 12:00:45.628415|[g:1][CONSENSUS][PBFT]checkTimeout Succ,view=64413,toView=64414,nodeIdx=2,changeCycle=1,myNode=8170ed0b...,timecost=1
info|2022-11-24 12:00:45.630115|[g:1][CONSENSUS][PBFT]checkAndChangeView: Reach consensus,org_view=64413,cur_changeCycle=1,curView=64413,view=64414
info|2022-11-24 12:00:46.633543|[g:1][CONSENSUS]addRawPrepare,height=32,reqIdx=1,hash=24293135...,time=0
info|2022-11-24 12:00:46.634319|[g:1][CONSENSUS][PBFT]checkTimeout Succ,view=64414,toView=64415,nodeIdx=2,changeCycle=1,myNode=8170ed0b...,timecost=1
info|2022-11-24 12:00:46.636954|[g:1][CONSENSUS][PBFT]checkAndChangeView: Reach consensus,org_view=64414,cur_changeCycle=1,curView=64414,view=64415
info|2022-11-24 12:00:46.684866|[P2P][Service] heartBeat,connected count=3
info|2022-11-24 12:00:47.637848|[g:1][CONSENSUS][SEALER]++++++++++++++++ Generating seal on,blkNum=32,tx=0,nodeIdx=2,hash=4d9ece05...
info|2022-11-24 12:00:47.639849|[g:1][CONSENSUS][PBFT]checkTimeout Succ,view=64415,toView=64416,nodeIdx=2,changeCycle=1,myNode=8170ed0b...,timecost=0
info|2022-11-24 12:00:47.643964|[g:1][CONSENSUS][PBFT]checkAndChangeView: Reach consensus,org_view=64415,cur_changeCycle=1,curView=64415,view=64416
info|2022-11-24 12:00:48.644959|[g:1][CONSENSUS]addRawPrepare,height=32,reqIdx=3,hash=3a6ef06d...,time=0
info|2022-11-24 12:00:48.645313|[g:1][CONSENSUS][PBFT]checkTimeout Succ,view=64416,toView=64417,nodeIdx=2,changeCycle=1,myNode=8170ed0b...,timecost=0
info|2022-11-24 12:00:48.646512|[g:1][CONSENSUS][PBFT]checkAndChangeView: Reach consensus,org_view=64416,cur_changeCycle=1,curView=64416,view=64417
info|2022-11-24 12:00:49.649252|[g:1][CONSENSUS]addRawPrepare,height=32,reqIdx=0,hash=536dcc48...,time=0
info|2022-11-24 12:00:49.649982|[g:1][CONSENSUS][PBFT]checkTimeout Succ,view=64417,toView=64418,nodeIdx=2,changeCycle=1,myNode=8170ed0b...,timecost=1
info|2022-11-24 12:00:49.652017|[g:1][CONSENSUS][PBFT]checkAndChangeView: Reach consensus,org_view=64417,cur_changeCycle=1,curView=64417,view=64418
info|2022-11-24 12:00:50.654335|[g:1][CONSENSUS]addRawPrepare,height=32,reqIdx=1,hash=dc754ca9...,time=0
info|2022-11-24 12:00:50.654710|[g:1][CONSENSUS][PBFT]checkTimeout Succ,view=64418,toView=64419,nodeIdx=2,changeCycle=1,myNode=8170ed0b...,timecost=0
info|2022-11-24 12:00:50.655695|[g:1][CONSENSUS][PBFT]checkAndChangeView: Reach consensus,org_view=64418,cur_changeCycle=1,curView=64418,view=64419
info|2022-11-24 12:00:51.656094|[g:1][CONSENSUS][SEALER]++++++++++++++++ Generating seal on,blkNum=32,tx=0,nodeIdx=2,hash=86c6c4a5...
info|2022-11-24 12:00:51.661180|[g:1][CONSENSUS][PBFT]checkTimeout Succ,view=64419,toView=64420,nodeIdx=2,changeCycle=1,myNode=8170ed0b...,timecost=1
info|2022-11-24 12:00:51.662815|[g:1][CONSENSUS][PBFT]checkAndChangeView: Reach consensus,org_view=64419,cur_changeCycle=1,curView=64419,view=64420
info|2022-11-24 12:00:52.664802|[g:1][CONSENSUS]addRawPrepare,height=32,reqIdx=3,hash=d8047a4a...,time=0
info|2022-11-24 12:00:52.665461|[g:1][CONSENSUS][PBFT]checkTimeout Succ,view=64420,toView=64421,nodeIdx=2,changeCycle=1,myNode=8170ed0b...,timecost=1
info|2022-11-24 12:00:52.667246|[g:1][CONSENSUS][PBFT]checkAndChangeView: Reach consensus,org_view=64420,cur_changeCycle=1,curView=64420,view=64421
info|2022-11-24 12:00:53.670285|[g:1][CONSENSUS]addRawPrepare,height=32,reqIdx=0,hash=e2438c50...,time=0
info|2022-11-24 12:00:53.670980|[g:1][CONSENSUS][PBFT]checkTimeout Succ,view=64421,toView=64422,nodeIdx=2,changeCycle=1,myNode=8170ed0b...,timecost=1
info|2022-11-24 12:00:53.672920|[g:1][CONSENSUS][PBFT]checkAndChangeView: Reach consensus,org_view=64421,cur_changeCycle=1,curView=64421,view=64422
info|2022-11-24 12:00:54.675563|[g:1][CONSENSUS]addRawPrepare,height=32,reqIdx=1,hash=edd3ccac...,time=0
info|2022-11-24 12:00:54.676844|[g:1][CONSENSUS][PBFT]checkTimeout Succ,view=64422,toView=64423,nodeIdx=2,changeCycle=1,myNode=8170ed0b...,timecost=1
info|2022-11-24 12:00:54.678990|[g:1][CONSENSUS][PBFT]checkAndChangeView: Reach consensus,org_view=64422,cur_changeCycle=1,curView=64422,view=64423
info|2022-11-24 12:00:55.680598|[g:1][CONSENSUS][SEALER]++++++++++++++++ Generating seal on,blkNum=32,tx=0,nodeIdx=2,hash=e9d5dda5...
info|2022-11-24 12:00:55.681834|[g:1][CONSENSUS][PBFT]checkTimeout Succ,view=64423,toView=64424,nodeIdx=2,changeCycle=1,myNode=8170ed0b...,timecost=0
info|2022-11-24 12:00:55.685714|[g:1][CONSENSUS][PBFT]checkAndChangeView: Reach consensus,org_view=64423,cur_changeCycle=1,curView=64423,view=64424
info|2022-11-24 12:00:56.686114|[P2P][Service] heartBeat,connected count=3
info|2022-11-24 12:00:56.690007|[g:1][CONSENSUS]addRawPrepare,height=32,reqIdx=3,hash=a4802430...,time=1
info|2022-11-24 12:00:56.690860|[g:1][CONSENSUS][PBFT]checkTimeout Succ,view=64424,toView=64425,nodeIdx=2,changeCycle=1,myNode=8170ed0b...,timecost=0
info|2022-11-24 12:00:56.692911|[g:1][CONSENSUS][PBFT]checkAndChangeView: Reach consensus,org_view=64424,cur_changeCycle=1,curView=64424,view=64425
info|2022-11-24 12:00:57.695107|[g:1][CONSENSUS]addRawPrepare,height=32,reqIdx=0,hash=4423beb0...,time=0
info|2022-11-24 12:00:57.695727|[g:1][CONSENSUS][PBFT]checkTimeout Succ,view=64425,toView=64426,nodeIdx=2,changeCycle=1,myNode=8170ed0b...,timecost=0
info|2022-11-24 12:00:57.697639|[g:1][CONSENSUS][PBFT]checkAndChangeView: Reach consensus,org_view=64425,cur_changeCycle=1,curView=64425,view=64426
info|2022-11-24 12:00:58.698753|[g:1][CONSENSUS]addRawPrepare,height=32,reqIdx=1,hash=d7555c30...,time=0
info|2022-11-24 12:00:58.699158|[g:1][CONSENSUS][PBFT]checkTimeout Succ,view=64426,toView=64427,nodeIdx=2,changeCycle=1,myNode=8170ed0b...,timecost=1
info|2022-11-24 12:00:58.699944|[g:1][CONSENSUS][PBFT]checkAndChangeView: Reach consensus,org_view=64426,cur_changeCycle=1,curView=64426,view=64427
info|2022-11-24 12:00:59.701022|[g:1][CONSENSUS][SEALER]++++++++++++++++ Generating seal on,blkNum=32,tx=0,nodeIdx=2,hash=6110d9d4...
info|2022-11-24 12:00:59.703154|[g:1][CONSENSUS][PBFT]checkTimeout Succ,view=64427,toView=64428,nodeIdx=2,changeCycle=1,myNode=8170ed0b...,timecost=1
info|2022-11-24 12:00:59.703985|[g:1][CONSENSUS][PBFT]checkAndChangeView: Reach consensus,org_view=64427,cur_changeCycle=1,curView=64427,view=64428
info|2022-11-24 12:01:00.707093|[g:1][CONSENSUS]addRawPrepare,height=32,reqIdx=3,hash=15ed8145...,time=0
info|2022-11-24 12:01:00.707805|[g:1][CONSENSUS][PBFT]checkTimeout Succ,view=64428,toView=64429,nodeIdx=2,changeCycle=1,myNode=8170ed0b...,timecost=0
info|2022-11-24 12:01:00.710619|[g:1][CONSENSUS][PBFT]checkAndChangeView: Reach consensus,org_view=64428,cur_changeCycle=1,curView=64428,view=64429
info|2022-11-24 12:01:01.713466|[g:1][CONSENSUS]addRawPrepare,height=32,reqIdx=0,hash=3e107749...,time=0
info|2022-11-24 12:01:01.714159|[g:1][CONSENSUS][PBFT]checkTimeout Succ,view=64429,toView=64430,nodeIdx=2,changeCycle=1,myNode=8170ed0b...,timecost=1
info|2022-11-24 12:01:01.716324|[g:1][CONSENSUS][PBFT]checkAndChangeView: Reach consensus,org_view=64429,cur_changeCycle=1,curView=64429,view=64430
info|2022-11-24 12:01:02.720449|[g:1][CONSENSUS]addRawPrepare,height=32,reqIdx=1,hash=316f868a...,time=0
info|2022-11-24 12:01:02.721117|[g:1][CONSENSUS][PBFT]checkTimeout Succ,view=64430,toView=64431,nodeIdx=2,changeCycle=1,myNode=8170ed0b...,timecost=1
info|2022-11-24 12:01:02.722873|[g:1][CONSENSUS][PBFT]checkAndChangeView: Reach consensus,org_view=64430,cur_changeCycle=1,curView=64430,view=64431
info|2022-11-24 12:01:03.724147|[g:1][CONSENSUS][SEALER]++++++++++++++++ Generating seal on,blkNum=32,tx=0,nodeIdx=2,hash=eca0649f...
info|2022-11-24 12:01:03.727955|[g:1][CONSENSUS][PBFT]checkTimeout Succ,view=64431,toView=64432,nodeIdx=2,changeCycle=1,myNode=8170ed0b...,timecost=0
info|2022-11-24 12:01:03.729474|[g:1][CONSENSUS][PBFT]checkAndChangeView: Reach consensus,org_view=64431,cur_changeCycle=1,curView=64431,view=64432
info|2022-11-24 12:01:04.731411|[g:1][CONSENSUS]addRawPrepare,height=32,reqIdx=3,hash=6e8e94c1...,time=0
info|2022-11-24 12:01:04.732239|[g:1][CONSENSUS][PBFT]checkTimeout Succ,view=64432,toView=64433,nodeIdx=2,changeCycle=1,myNode=8170ed0b...,timecost=1
info|2022-11-24 12:01:04.734046|[g:1][CONSENSUS][PBFT]checkAndChangeView: Reach consensus,org_view=64432,cur_changeCycle=1,curView=64432,view=64433
info|2022-11-24 12:01:05.738787|[g:1][CONSENSUS]addRawPrepare,height=32,reqIdx=0,hash=6dd86f37...,time=0
info|2022-11-24 12:01:05.739598|[g:1][CONSENSUS][PBFT]checkTimeout Succ,view=64433,toView=64434,nodeIdx=2,changeCycle=1,myNode=8170ed0b...,timecost=1
info|2022-11-24 12:01:05.741036|[g:1][CONSENSUS][PBFT]checkAndChangeView: Reach consensus,org_view=64433,cur_changeCycle=1,curView=64433,view=64434
info|2022-11-24 12:01:06.687035|[P2P][Service] heartBeat,connected count=3
info|2022-11-24 12:01:06.743772|[g:1][CONSENSUS]addRawPrepare,height=32,reqIdx=1,hash=4a1a3762...,time=0
info|2022-11-24 12:01:06.744225|[g:1][CONSENSUS][PBFT]checkTimeout Succ,view=64434,toView=64435,nodeIdx=2,changeCycle=1,myNode=8170ed0b...,timecost=1
info|2022-11-24 12:01:06.745104|[g:1][CONSENSUS][PBFT]checkAndChangeView: Reach consensus,org_view=64434,cur_changeCycle=1,curView=64434,view=64435
info|2022-11-24 12:01:07.745027|[g:1][CONSENSUS][SEALER]++++++++++++++++ Generating seal on,blkNum=32,tx=0,nodeIdx=2,hash=ad292ed5...
info|2022-11-24 12:01:07.745648|[g:1][CONSENSUS][PBFT]checkTimeout Succ,view=64435,toView=64436,nodeIdx=2,changeCycle=1,myNode=8170ed0b...,timecost=0
info|2022-11-24 12:01:07.747839|[g:1][CONSENSUS][PBFT]checkAndChangeView: Reach consensus,org_view=64435,cur_changeCycle=1,curView=64435,view=64436
info|2022-11-24 12:01:08.748787|[g:1][CONSENSUS]addRawPrepare,height=32,reqIdx=3,hash=272a432b...,time=0
info|2022-11-24 12:01:08.749089|[g:1][CONSENSUS][PBFT]checkTimeout Succ,view=64436,toView=64437,nodeIdx=2,changeCycle=1,myNode=8170ed0b...,timecost=1
info|2022-11-24 12:01:08.750719|[g:1][CONSENSUS][PBFT]checkAndChangeView: Reach consensus,org_view=64436,cur_changeCycle=1,curView=64436,view=64437
info|2022-11-24 12:01:09.752682|[g:1][CONSENSUS]addRawPrepare,height=32,reqIdx=0,hash=bb20ea4b...,time=0
info|2022-11-24 12:01:09.752994|[g:1][CONSENSUS][PBFT]checkTimeout Succ,view=64437,toView=64438,nodeIdx=2,changeCycle=1,myNode=8170ed0b...,timecost=1
info|2022-11-24 12:01:09.753691|[g:1][CONSENSUS][PBFT]checkAndChangeView: Reach consensus,org_view=64437,cur_changeCycle=1,curView=64437,view=64438
info|2022-11-24 12:01:10.753946|[g:1][CONSENSUS]addRawPrepare,height=32,reqIdx=1,hash=fdb9b66e...,time=0
info|2022-11-24 12:01:10.754240|[g:1][CONSENSUS][PBFT]checkTimeout Succ,view=64438,toView=64439,nodeIdx=2,changeCycle=1,myNode=8170ed0b...,timecost=1
info|2022-11-24 12:01:10.755422|[g:1][CONSENSUS][PBFT]checkAndChangeView: Reach consensus,org_view=64438,cur_changeCycle=1,curView=64438,view=64439
info|2022-11-24 12:01:11.755833|[g:1][CONSENSUS][SEALER]++++++++++++++++ Generating seal on,blkNum=32,tx=0,nodeIdx=2,hash=477399ae...
info|2022-11-24 12:01:11.756275|[g:1][CONSENSUS][PBFT]checkTimeout Succ,view=64439,toView=64440,nodeIdx=2,changeCycle=1,myNode=8170ed0b...,timecost=0
info|2022-11-24 12:01:11.758203|[g:1][CONSENSUS][PBFT]checkAndChangeView: Reach consensus,org_view=64439,cur_changeCycle=1,curView=64439,view=64440
info|2022-11-24 12:01:12.760021|[g:1][CONSENSUS]addRawPrepare,height=32,reqIdx=3,hash=85778545...,time=0
info|2022-11-24 12:01:12.760279|[g:1][CONSENSUS][PBFT]checkTimeout Succ,view=64440,toView=64441,nodeIdx=2,changeCycle=1,myNode=8170ed0b...,timecost=0
info|2022-11-24 12:01:12.761181|[g:1][CONSENSUS][PBFT]checkAndChangeView: Reach consensus,org_view=64440,cur_changeCycle=1,curView=64440,view=64441
info|2022-11-24 12:01:13.765278|[g:1][CONSENSUS]addRawPrepare,height=32,reqIdx=0,hash=e0e95b73...,time=0
info|2022-11-24 12:01:13.765546|[g:1][CONSENSUS][PBFT]checkTimeout Succ,view=64441,toView=64442,nodeIdx=2,changeCycle=1,myNode=8170ed0b...,timecost=0
info|2022-11-24 12:01:13.766116|[g:1][CONSENSUS][PBFT]checkAndChangeView: Reach consensus,org_view=64441,cur_changeCycle=1,curView=64441,view=64442
info|2022-11-24 12:01:14.769414|[g:1][CONSENSUS]addRawPrepare,height=32,reqIdx=1,hash=8249964e...,time=0
info|2022-11-24 12:01:14.769657|[g:1][CONSENSUS][PBFT]checkTimeout Succ,view=64442,toView=64443,nodeIdx=2,changeCycle=1,myNode=8170ed0b...,timecost=0
info|2022-11-24 12:01:14.770342|[g:1][CONSENSUS][PBFT]checkAndChangeView: Reach consensus,org_view=64442,cur_changeCycle=1,curView=64442,view=64443
info|2022-11-24 12:01:15.772898|[g:1][CONSENSUS][SEALER]++++++++++++++++ Generating seal on,blkNum=32,tx=0,nodeIdx=2,hash=c383aa34...
info|2022-11-24 12:01:15.773385|[g:1][CONSENSUS][PBFT]checkTimeout Succ,view=64443,toView=64444,nodeIdx=2,changeCycle=1,myNode=8170ed0b...,timecost=0
info|2022-11-24 12:01:15.775225|[g:1][CONSENSUS][PBFT]checkAndChangeView: Reach consensus,org_view=64443,cur_changeCycle=1,curView=64443,view=64444
info|2022-11-24 12:01:16.688391|[P2P][Service] heartBeat,connected count=3
info|2022-11-24 12:01:16.777164|[g:1][CONSENSUS]addRawPrepare,height=32,reqIdx=3,hash=8765a1ae...,time=0
info|2022-11-24 12:01:16.777443|[g:1][CONSENSUS][PBFT]checkTimeout Succ,view=64444,toView=64445,nodeIdx=2,changeCycle=1,myNode=8170ed0b...,timecost=0
info|2022-11-24 12:01:16.778365|[g:1][CONSENSUS][PBFT]checkAndChangeView: Reach consensus,org_view=64444,cur_changeCycle=1,curView=64444,view=64445
info|2022-11-24 12:01:17.783768|[g:1][CONSENSUS]addRawPrepare,height=32,reqIdx=0,hash=5c590ac9...,time=0
info|2022-11-24 12:01:17.785032|[g:1][CONSENSUS][PBFT]checkTimeout Succ,view=64445,toView=64446,nodeIdx=2,changeCycle=1,myNode=8170ed0b...,timecost=2
info|2022-11-24 12:01:17.786641|[g:1][CONSENSUS][PBFT]checkAndChangeView: Reach consensus,org_view=64445,cur_changeCycle=1,curView=64445,view=64446
info|2022-11-24 12:01:18.791380|[g:1][CONSENSUS]addRawPrepare,height=32,reqIdx=1,hash=78d1c876...,time=0
info|2022-11-24 12:01:18.792036|[g:1][CONSENSUS][PBFT]checkTimeout Succ,view=64446,toView=64447,nodeIdx=2,changeCycle=1,myNode=8170ed0b...,timecost=1
info|2022-11-24 12:01:18.793686|[g:1][CONSENSUS][PBFT]checkAndChangeView: Reach consensus,org_view=64446,cur_changeCycle=1,curView=64446,view=64447
info|2022-11-24 12:01:19.794948|[g:1][CONSENSUS][SEALER]++++++++++++++++ Generating seal on,blkNum=32,tx=0,nodeIdx=2,hash=3711144c...
info|2022-11-24 12:01:19.796680|[g:1][CONSENSUS][PBFT]checkTimeout Succ,view=64447,toView=64448,nodeIdx=2,changeCycle=1,myNode=8170ed0b...,timecost=1
info|2022-11-24 12:01:19.800984|[g:1][CONSENSUS][PBFT]checkAndChangeView: Reach consensus,org_view=64447,cur_changeCycle=1,curView=64447,view=64448
info|2022-11-24 12:01:20.803229|[g:1][CONSENSUS]addRawPrepare,height=32,reqIdx=3,hash=97d390c9...,time=0
info|2022-11-24 12:01:20.803645|[g:1][CONSENSUS][PBFT]checkTimeout Succ,view=64448,toView=64449,nodeIdx=2,changeCycle=1,myNode=8170ed0b...,timecost=0
info|2022-11-24 12:01:20.804746|[g:1][CONSENSUS][PBFT]checkAndChangeView: Reach consensus,org_view=64448,cur_changeCycle=1,curView=64448,view=64449
info|2022-11-24 12:01:21.809386|[g:1][CONSENSUS]addRawPrepare,height=32,reqIdx=0,hash=65810d75...,time=0
info|2022-11-24 12:01:21.810171|[g:1][CONSENSUS][PBFT]checkTimeout Succ,view=64449,toView=64450,nodeIdx=2,changeCycle=1,myNode=8170ed0b...,timecost=1
info|2022-11-24 12:01:21.812315|[g:1][CONSENSUS][PBFT]checkAndChangeView: Reach consensus,org_view=64449,cur_changeCycle=1,curView=64449,view=64450
info|2022-11-24 12:01:22.815718|[g:1][CONSENSUS]addRawPrepare,height=32,reqIdx=1,hash=997be87e...,time=0
info|2022-11-24 12:01:22.816364|[g:1][CONSENSUS][PBFT]checkTimeout Succ,view=64450,toView=64451,nodeIdx=2,changeCycle=1,myNode=8170ed0b...,timecost=1
info|2022-11-24 12:01:22.818444|[g:1][CONSENSUS][PBFT]checkAndChangeView: Reach consensus,org_view=64450,cur_changeCycle=1,curView=64450,view=64451
info|2022-11-24 12:01:23.819973|[g:1][CONSENSUS][SEALER]++++++++++++++++ Generating seal on,blkNum=32,tx=0,nodeIdx=2,hash=f3de71eb...
info|2022-11-24 12:01:23.825635|[g:1][CONSENSUS][PBFT]checkTimeout Succ,view=64451,toView=64452,nodeIdx=2,changeCycle=1,myNode=8170ed0b...,timecost=1
info|2022-11-24 12:01:23.827254|[g:1][CONSENSUS][PBFT]checkAndChangeView: Reach consensus,org_view=64451,cur_changeCycle=1,curView=64451,view=64452
info|2022-11-24 12:01:24.831234|[g:1][CONSENSUS]addRawPrepare,height=32,reqIdx=3,hash=7fb7b457...,time=0
info|2022-11-24 12:01:24.831893|[g:1][CONSENSUS][PBFT]checkTimeout Succ,view=64452,toView=64453,nodeIdx=2,changeCycle=1,myNode=8170ed0b...,timecost=0
info|2022-11-24 12:01:24.833400|[g:1][CONSENSUS][PBFT]checkAndChangeView: Reach consensus,org_view=64452,cur_changeCycle=1,curView=64452,view=64453
info|2022-11-24 12:01:25.837413|[g:1][CONSENSUS]addRawPrepare,height=32,reqIdx=0,hash=f263c86c...,time=0
info|2022-11-24 12:01:25.838446|[g:1][CONSENSUS][PBFT]checkTimeout Succ,view=64453,toView=64454,nodeIdx=2,changeCycle=1,myNode=8170ed0b...,timecost=1
info|2022-11-24 12:01:25.841021|[g:1][CONSENSUS][PBFT]checkAndChangeView: Reach consensus,org_view=64453,cur_changeCycle=1,curView=64453,view=64454
info|2022-11-24 12:01:26.689674|[P2P][Service] heartBeat,connected count=3
info|2022-11-24 12:01:26.844705|[g:1][CONSENSUS]addRawPrepare,height=32,reqIdx=1,hash=33a724e5...,time=0
info|2022-11-24 12:01:26.845338|[g:1][CONSENSUS][PBFT]checkTimeout Succ,view=64454,toView=64455,nodeIdx=2,changeCycle=1,myNode=8170ed0b...,timecost=1
info|2022-11-24 12:01:26.846901|[g:1][CONSENSUS][PBFT]checkAndChangeView: Reach consensus,org_view=64454,cur_changeCycle=1,curView=64454,view=64455
info|2022-11-24 12:01:27.848152|[g:1][CONSENSUS][SEALER]++++++++++++++++ Generating seal on,blkNum=32,tx=0,nodeIdx=2,hash=d90856cc...
info|2022-11-24 12:01:27.852784|[g:1][CONSENSUS][PBFT]checkTimeout Succ,view=64455,toView=64456,nodeIdx=2,changeCycle=1,myNode=8170ed0b...,timecost=0
info|2022-11-24 12:01:27.854441|[g:1][CONSENSUS][PBFT]checkAndChangeView: Reach consensus,org_view=64455,cur_changeCycle=1,curView=64455,view=64456
info|2022-11-24 12:01:28.855661|[g:1][CONSENSUS]addRawPrepare,height=32,reqIdx=3,hash=3908604b...,time=0
info|2022-11-24 12:01:28.856007|[g:1][CONSENSUS][PBFT]checkTimeout Succ,view=64456,toView=64457,nodeIdx=2,changeCycle=1,myNode=8170ed0b...,timecost=1
info|2022-11-24 12:01:28.857501|[g:1][CONSENSUS][PBFT]checkAndChangeView: Reach consensus,org_view=64456,cur_changeCycle=1,curView=64456,view=64457
