info|2023-04-06 15:00:00.449940|[g:1][CONSENSUS]addRawPrepare,height=196,reqIdx=1,hash=6b694468...,time=0
info|2023-04-06 15:00:00.450392|[g:1][CONSENSUS][PBFT]checkTimeout Succ,view=77758,toView=77759,nodeIdx=2,changeCycle=1,myNode=8170ed0b...,timecost=0
info|2023-04-06 15:00:00.451330|[g:1][CONSENSUS][PBFT]checkAndChangeView: Reach consensus,org_view=77758,cur_changeCycle=1,curView=77758,view=77759
info|2023-04-06 15:00:00.513668|[P2P][Service] heartBeat,connected count=3
info|2023-04-06 15:00:01.452751|[g:1][CONSENSUS][SEALER]++++++++++++++++ Generating seal on,blkNum=196,tx=0,nodeIdx=2,hash=a66c6c97...
info|2023-04-06 15:00:01.457683|[g:1][CONSENSUS][PBFT]checkTimeout Succ,view=77759,toView=77760,nodeIdx=2,changeCycle=1,myNode=8170ed0b...,timecost=0
info|2023-04-06 15:00:01.458532|[g:1][CONSENSUS][PBFT]checkAndChangeView: Reach consensus,org_view=77759,cur_changeCycle=1,curView=77759,view=77760
info|2023-04-06 15:00:02.460373|[g:1][CONSENSUS]addRawPrepare,height=196,reqIdx=3,hash=46533db7...,time=0
info|2023-04-06 15:00:02.460867|[g:1][CONSENSUS][PBFT]checkTimeout Succ,view=77760,toView=77761,nodeIdx=2,changeCycle=1,myNode=8170ed0b...,timecost=0
info|2023-04-06 15:00:02.462699|[g:1][CONSENSUS][PBFT]checkAndChangeView: Reach consensus,org_view=77760,cur_changeCycle=1,curView=77760,view=77761
info|2023-04-06 15:00:03.465518|[g:1][CONSENSUS]addRawPrepare,height=196,reqIdx=0,hash=ae6096f6...,time=0
info|2023-04-06 15:00:03.466398|[g:1][CONSENSUS][PBFT]checkTimeout Succ,view=77761,toView=77762,nodeIdx=2,changeCycle=1,myNode=8170ed0b...,timecost=1
info|2023-04-06 15:00:03.468870|[g:1][CONSENSUS][PBFT]checkAndChangeView: Reach consensus,org_view=77761,cur_changeCycle=1,curView=77761,view=77762
info|2023-04-06 15:00:04.471098|[g:1][CONSENSUS]addRawPrepare,height=196,reqIdx=1,hash=7fd37758...,time=0
info|2023-04-06 15:00:04.471675|[g:1][CONSENSUS][PBFT]checkTimeout Succ,view=77762,toView=77763,nodeIdx=2,changeCycle=1,myNode=8170ed0b...,timecost=0
info|2023-04-06 15:00:04.474056|[g:1][CONSENSUS][PBFT]checkAndChangeView: Reach consensus,org_view=77762,cur_changeCycle=1,curView=77762,view=77763
info|2023-04-06 15:00:05.473878|[g:1][CONSENSUS][SEALER]++++++++++++++++ Generating seal on,blkNum=196,tx=0,nodeIdx=2,hash=b16f5fe2...
info|2023-04-06 15:00:05.478466|[g:1][CONSENSUS][PBFT]checkTimeout Succ,view=77763,toView=77764,nodeIdx=2,changeCycle=1,myNode=8170ed0b...,timecost=0
info|2023-04-06 15:00:05.479198|[g:1][CONSENSUS][PBFT]checkAndChangeView: Reach consensus,org_view=77763,cur_changeCycle=1,curView=77763,view=77764
info|2023-04-06 15:00:06.480230|[g:1][CONSENSUS]addRawPrepare,height=196,reqIdx=3,hash=e46e1245...,time=0
info|2023-04-06 15:00:06.480853|[g:1][CONSENSUS][PBFT]checkTimeout Succ,view=77764,toView=77765,nodeIdx=2,changeCycle=1,myNode=8170ed0b...,timecost=0
info|2023-04-06 15:00:06.481893|[g:1][CONSENSUS][PBFT]checkAndChangeView: Reach consensus,org_view=77764,cur_changeCycle=1,curView=77764,view=77765
info|2023-04-06 15:00:07.482254|[g:1][CONSENSUS]addRawPrepare,height=196,reqIdx=0,hash=4ced1cd3...,time=0
info|2023-04-06 15:00:07.482526|[g:1][CONSENSUS][PBFT]checkTimeout Succ,view=77765,toView=77766,nodeIdx=2,changeCycle=1,myNode=8170ed0b...,timecost=0
info|2023-04-06 15:00:07.483109|[g:1][CONSENSUS][PBFT]checkAndChangeView: Reach consensus,org_view=77765,cur_changeCycle=1,curView=77765,view=77766
info|2023-04-06 15:00:08.489131|[g:1][CONSENSUS]addRawPrepare,height=196,reqIdx=1,hash=9d345258...,time=0
info|2023-04-06 15:00:08.490120|[g:1][CONSENSUS][PBFT]checkTimeout Succ,view=77766,toView=77767,nodeIdx=2,changeCycle=1,myNode=8170ed0b...,timecost=1
info|2023-04-06 15:00:08.492595|[g:1][CONSENSUS][PBFT]checkAndChangeView: Reach consensus,org_view=77766,cur_changeCycle=1,curView=77766,view=77767
info|2023-04-06 15:00:09.534917|[g:1][CONSENSUS][SEALER]++++++++++++++++ Generating seal on,blkNum=196,tx=0,nodeIdx=2,hash=b776407d...
info|2023-04-06 15:00:09.541037|[g:1][CONSENSUS][PBFT]checkTimeout Succ,view=77767,toView=77768,nodeIdx=2,changeCycle=1,myNode=8170ed0b...,timecost=1
info|2023-04-06 15:00:09.544847|[g:1][CONSENSUS][PBFT]checkAndChangeView: Reach consensus,org_view=77767,cur_changeCycle=1,curView=77767,view=77768
info|2023-04-06 15:00:10.514232|[P2P][Service] heartBeat,connected count=3
info|2023-04-06 15:00:10.546093|[g:1][CONSENSUS]addRawPrepare,height=196,reqIdx=3,hash=2f9f8834...,time=0
info|2023-04-06 15:00:10.546403|[g:1][CONSENSUS][PBFT]checkTimeout Succ,view=77768,toView=77769,nodeIdx=2,changeCycle=1,myNode=8170ed0b...,timecost=0
info|2023-04-06 15:00:10.557237|[g:1][CONSENSUS][PBFT]checkAndChangeView: Reach consensus,org_view=77768,cur_changeCycle=1,curView=77768,view=77769
info|2023-04-06 15:00:11.548890|[g:1][CONSENSUS]addRawPrepare,height=196,reqIdx=0,hash=871688c3...,time=0
info|2023-04-06 15:00:11.549204|[g:1][CONSENSUS][PBFT]checkTimeout Succ,view=77769,toView=77770,nodeIdx=2,changeCycle=1,myNode=8170ed0b...,timecost=1
info|2023-04-06 15:00:11.549956|[g:1][CONSENSUS][PBFT]checkAndChangeView: Reach consensus,org_view=77769,cur_changeCycle=1,curView=77769,view=77770
info|2023-04-06 15:00:12.551726|[g:1][CONSENSUS]addRawPrepare,height=196,reqIdx=1,hash=2f3d21cc...,time=0
info|2023-04-06 15:00:12.551976|[g:1][CONSENSUS][PBFT]checkTimeout Succ,view=77770,toView=77771,nodeIdx=2,changeCycle=1,myNode=8170ed0b...,timecost=0
info|2023-04-06 15:00:12.552799|[g:1][CONSENSUS][PBFT]checkAndChangeView: Reach consensus,org_view=77770,cur_changeCycle=1,curView=77770,view=77771
info|2023-04-06 15:00:13.552986|[g:1][CONSENSUS][SEALER]++++++++++++++++ Generating seal on,blkNum=196,tx=0,nodeIdx=2,hash=278552c2...
info|2023-04-06 15:00:13.555434|[g:1][CONSENSUS][PBFT]checkTimeout Succ,view=77771,toView=77772,nodeIdx=2,changeCycle=1,myNode=8170ed0b...,timecost=0
info|2023-04-06 15:00:13.555726|[g:1][CONSENSUS][PBFT]checkAndChangeView: Reach consensus,org_view=77771,cur_changeCycle=1,curView=77771,view=77772
info|2023-04-06 15:00:14.556635|[g:1][CONSENSUS]addRawPrepare,height=196,reqIdx=3,hash=a59fabed...,time=0
info|2023-04-06 15:00:14.556889|[g:1][CONSENSUS][PBFT]checkTimeout Succ,view=77772,toView=77773,nodeIdx=2,changeCycle=1,myNode=8170ed0b...,timecost=0
info|2023-04-06 15:00:14.557461|[g:1][CONSENSUS][PBFT]checkAndChangeView: Reach consensus,org_view=77772,cur_changeCycle=1,curView=77772,view=77773
info|2023-04-06 15:00:15.559230|[g:1][CONSENSUS]addRawPrepare,height=196,reqIdx=0,hash=655f1684...,time=0
info|2023-04-06 15:00:15.559504|[g:1][CONSENSUS][PBFT]checkTimeout Succ,view=77773,toView=77774,nodeIdx=2,changeCycle=1,myNode=8170ed0b...,timecost=0
info|2023-04-06 15:00:15.560239|[g:1][CONSENSUS][PBFT]checkAndChangeView: Reach consensus,org_view=77773,cur_changeCycle=1,curView=77773,view=77774
info|2023-04-06 15:00:16.561189|[g:1][CONSENSUS]addRawPrepare,height=196,reqIdx=1,hash=20b60047...,time=0
info|2023-04-06 15:00:16.561442|[g:1][CONSENSUS][PBFT]checkTimeout Succ,view=77774,toView=77775,nodeIdx=2,changeCycle=1,myNode=8170ed0b...,timecost=0
info|2023-04-06 15:00:16.562340|[g:1][CONSENSUS][PBFT]checkAndChangeView: Reach consensus,org_view=77774,cur_changeCycle=1,curView=77774,view=77775
info|2023-04-06 15:00:17.562797|[g:1][CONSENSUS][SEALER]++++++++++++++++ Generating seal on,blkNum=196,tx=0,nodeIdx=2,hash=6f19990c...
info|2023-04-06 15:00:17.563271|[g:1][CONSENSUS][PBFT]checkTimeout Succ,view=77775,toView=77776,nodeIdx=2,changeCycle=1,myNode=8170ed0b...,timecost=0
info|2023-04-06 15:00:17.565104|[g:1][CONSENSUS][PBFT]checkAndChangeView: Reach consensus,org_view=77775,cur_changeCycle=1,curView=77775,view=77776
info|2023-04-06 15:00:18.704788|[g:1][CONSENSUS]addRawPrepare,height=196,reqIdx=3,hash=5ed42c10...,time=0
info|2023-04-06 15:00:18.705161|[g:1][CONSENSUS][PBFT]checkTimeout Succ,view=77776,toView=77777,nodeIdx=2,changeCycle=1,myNode=8170ed0b...,timecost=1
info|2023-04-06 15:00:18.706467|[g:1][CONSENSUS][PBFT]checkAndChangeView: Reach consensus,org_view=77776,cur_changeCycle=1,curView=77776,view=77777
info|2023-04-06 15:00:19.716747|[g:1][CONSENSUS]addRawPrepare,height=196,reqIdx=0,hash=d0f90a4e...,time=0
info|2023-04-06 15:00:19.717136|[g:1][CONSENSUS][PBFT]checkTimeout Succ,view=77777,toView=77778,nodeIdx=2,changeCycle=1,myNode=8170ed0b...,timecost=1
info|2023-04-06 15:00:19.718266|[g:1][CONSENSUS][PBFT]checkAndChangeView: Reach consensus,org_view=77777,cur_changeCycle=1,curView=77777,view=77778
info|2023-04-06 15:00:20.514800|[P2P][Service] heartBeat,connected count=3
info|2023-04-06 15:00:20.720035|[g:1][CONSENSUS]addRawPrepare,height=196,reqIdx=1,hash=d93d4a8e...,time=0
info|2023-04-06 15:00:20.720415|[g:1][CONSENSUS][PBFT]checkTimeout Succ,view=77778,toView=77779,nodeIdx=2,changeCycle=1,myNode=8170ed0b...,timecost=0
info|2023-04-06 15:00:20.721462|[g:1][CONSENSUS][PBFT]checkAndChangeView: Reach consensus,org_view=77778,cur_changeCycle=1,curView=77778,view=77779
info|2023-04-06 15:00:21.722780|[g:1][CONSENSUS][SEALER]++++++++++++++++ Generating seal on,blkNum=196,tx=0,nodeIdx=2,hash=a0ee5d1b...
info|2023-04-06 15:00:21.724843|[g:1][CONSENSUS][PBFT]checkTimeout Succ,view=77779,toView=77780,nodeIdx=2,changeCycle=1,myNode=8170ed0b...,timecost=0
info|2023-04-06 15:00:21.725620|[g:1][CONSENSUS][PBFT]checkAndChangeView: Reach consensus,org_view=77779,cur_changeCycle=1,curView=77779,view=77780
info|2023-04-06 15:00:22.727245|[g:1][CONSENSUS]addRawPrepare,height=196,reqIdx=3,hash=ed94a9ba...,time=0
info|2023-04-06 15:00:22.727922|[g:1][CONSENSUS][PBFT]checkTimeout Succ,view=77780,toView=77781,nodeIdx=2,changeCycle=1,myNode=8170ed0b...,timecost=0
info|2023-04-06 15:00:22.729437|[g:1][CONSENSUS][PBFT]checkAndChangeView: Reach consensus,org_view=77780,cur_changeCycle=1,curView=77780,view=77781
info|2023-04-06 15:00:23.732584|[g:1][CONSENSUS]addRawPrepare,height=196,reqIdx=0,hash=9a32da0d...,time=0
info|2023-04-06 15:00:23.733203|[g:1][CONSENSUS][PBFT]checkTimeout Succ,view=77781,toView=77782,nodeIdx=2,changeCycle=1,myNode=8170ed0b...,timecost=1
info|2023-04-06 15:00:23.734580|[g:1][CONSENSUS][PBFT]checkAndChangeView: Reach consensus,org_view=77781,cur_changeCycle=1,curView=77781,view=77782
info|2023-04-06 15:00:24.738559|[g:1][CONSENSUS]addRawPrepare,height=196,reqIdx=1,hash=eac990ab...,time=0
info|2023-04-06 15:00:24.739301|[g:1][CONSENSUS][PBFT]checkTimeout Succ,view=77782,toView=77783,nodeIdx=2,changeCycle=1,myNode=8170ed0b...,timecost=1
info|2023-04-06 15:00:24.740911|[g:1][CONSENSUS][PBFT]checkAndChangeView: Reach consensus,org_view=77782,cur_changeCycle=1,curView=77782,view=77783
info|2023-04-06 15:00:25.740747|[g:1][CONSENSUS][SEALER]++++++++++++++++ Generating seal on,blkNum=196,tx=0,nodeIdx=2,hash=ed39a92a...
info|2023-04-06 15:00:25.742333|[g:1][CONSENSUS][PBFT]checkTimeout Succ,view=77783,toView=77784,nodeIdx=2,changeCycle=1,myNode=8170ed0b...,timecost=1
info|2023-04-06 15:00:25.746932|[g:1][CONSENSUS][PBFT]checkAndChangeView: Reach consensus,org_view=77783,cur_changeCycle=1,curView=77783,view=77784
info|2023-04-06 15:00:26.748844|[g:1][CONSENSUS]addRawPrepare,height=196,reqIdx=3,hash=6b1a8470...,time=0
info|2023-04-06 15:00:26.749794|[g:1][CONSENSUS][PBFT]checkTimeout Succ,view=77784,toView=77785,nodeIdx=2,changeCycle=1,myNode=8170ed0b...,timecost=1
info|2023-04-06 15:00:26.751630|[g:1][CONSENSUS][PBFT]checkAndChangeView: Reach consensus,org_view=77784,cur_changeCycle=1,curView=77784,view=77785
info|2023-04-06 15:00:27.754106|[g:1][CONSENSUS]addRawPrepare,height=196,reqIdx=0,hash=b2c6365c...,time=0
info|2023-04-06 15:00:27.754751|[g:1][CONSENSUS][PBFT]checkTimeout Succ,view=77785,toView=77786,nodeIdx=2,changeCycle=1,myNode=8170ed0b...,timecost=0
info|2023-04-06 15:00:27.756853|[g:1][CONSENSUS][PBFT]checkAndChangeView: Reach consensus,org_view=77785,cur_changeCycle=1,curView=77785,view=77786
info|2023-04-06 15:00:28.757400|[g:1][CONSENSUS]addRawPrepare,height=196,reqIdx=1,hash=e025598f...,time=0
info|2023-04-06 15:00:28.757767|[g:1][CONSENSUS][PBFT]checkTimeout Succ,view=77786,toView=77787,nodeIdx=2,changeCycle=1,myNode=8170ed0b...,timecost=0
info|2023-04-06 15:00:28.758778|[g:1][CONSENSUS][PBFT]checkAndChangeView: Reach consensus,org_view=77786,cur_changeCycle=1,curView=77786,view=77787
info|2023-04-06 15:00:29.759215|[g:1][CONSENSUS][SEALER]++++++++++++++++ Generating seal on,blkNum=196,tx=0,nodeIdx=2,hash=ece0b872...
info|2023-04-06 15:00:29.763344|[g:1][CONSENSUS][PBFT]checkTimeout Succ,view=77787,toView=77788,nodeIdx=2,changeCycle=1,myNode=8170ed0b...,timecost=1
info|2023-04-06 15:00:29.763775|[g:1][CONSENSUS][PBFT]checkAndChangeView: Reach consensus,org_view=77787,cur_changeCycle=1,curView=77787,view=77788
