warning|2023-04-12 22:00:15.249576|[g:1][CONSENSUS][PBFT]ViewChangeWarning: not caused by omit empty block ,v=39356,toV=39357,curNum=211,hash=275e4452...,nodeIdx=2,myNode=8170ed0b...
info|2023-04-12 22:00:15.249789|[g:1][CONSENSUS][PBFT]checkTimeout Succ,view=39356,toView=39357,nodeIdx=2,changeCycle=2,myNode=8170ed0b...,timecost=0
info|2023-04-12 22:00:15.254470|[P2P][Service] heartBeat,connected count=3
info|2023-04-12 22:00:15.266471|[g:1][CONSENSUS][PBFT]checkAndChangeView: Reach consensus,org_view=39356,cur_changeCycle=2,curView=39356,view=39357
info|2023-04-12 22:00:16.269367|[g:1][CONSENSUS]addRawPrepare,height=212,reqIdx=0,hash=2ff18b7e...,time=0
info|2023-04-12 22:00:16.269827|[g:1][CONSENSUS][PBFT]checkTimeout Succ,view=39357,toView=39358,nodeIdx=2,changeCycle=1,myNode=8170ed0b...,timecost=0
info|2023-04-12 22:00:16.271091|[g:1][CONSENSUS][PBFT]checkAndChangeView: Reach consensus,org_view=39357,cur_changeCycle=1,curView=39357,view=39358
info|2023-04-12 22:00:17.271879|[g:1][CONSENSUS]addRawPrepare,height=212,reqIdx=1,hash=ea5c788d...,time=0
info|2023-04-12 22:00:17.272278|[g:1][CONSENSUS][PBFT]checkTimeout Succ,view=39358,toView=39359,nodeIdx=2,changeCycle=1,myNode=8170ed0b...,timecost=1
info|2023-04-12 22:00:17.273361|[g:1][CONSENSUS][PBFT]checkAndChangeView: Reach consensus,org_view=39358,cur_changeCycle=1,curView=39358,view=39359
info|2023-04-12 22:00:18.273081|[g:1][CONSENSUS][SEALER]++++++++++++++++ Generating seal on,blkNum=212,tx=0,nodeIdx=2,hash=ce01e342...
info|2023-04-12 22:00:18.274517|[g:1][CONSENSUS][PBFT]checkTimeout Succ,view=39359,toView=39360,nodeIdx=2,changeCycle=1,myNode=8170ed0b...,timecost=1
info|2023-04-12 22:00:18.278461|[g:1][CONSENSUS][PBFT]checkAndChangeView: Reach consensus,org_view=39359,cur_changeCycle=1,curView=39359,view=39360
info|2023-04-12 22:00:19.282527|[g:1][CONSENSUS]addRawPrepare,height=212,reqIdx=3,hash=7a74ed7f...,time=0
info|2023-04-12 22:00:19.283732|[g:1][CONSENSUS][PBFT]checkTimeout Succ,view=39360,toView=39361,nodeIdx=2,changeCycle=1,myNode=8170ed0b...,timecost=1
info|2023-04-12 22:00:19.287064|[g:1][CONSENSUS][PBFT]checkAndChangeView: Reach consensus,org_view=39360,cur_changeCycle=1,curView=39360,view=39361
info|2023-04-12 22:00:20.287349|[g:1][CONSENSUS]addRawPrepare,height=212,reqIdx=0,hash=ec950b08...,time=0
info|2023-04-12 22:00:20.287693|[g:1][CONSENSUS][PBFT]checkTimeout Succ,view=39361,toView=39362,nodeIdx=2,changeCycle=1,myNode=8170ed0b...,timecost=0
info|2023-04-12 22:00:20.288651|[g:1][CONSENSUS][PBFT]checkAndChangeView: Reach consensus,org_view=39361,cur_changeCycle=1,curView=39361,view=39362
info|2023-04-12 22:00:21.290062|[g:1][CONSENSUS]addRawPrepare,height=212,reqIdx=1,hash=f37b6129...,time=0
info|2023-04-12 22:00:21.290404|[g:1][CONSENSUS][PBFT]checkTimeout Succ,view=39362,toView=39363,nodeIdx=2,changeCycle=1,myNode=8170ed0b...,timecost=0
info|2023-04-12 22:00:21.291264|[g:1][CONSENSUS][PBFT]checkAndChangeView: Reach consensus,org_view=39362,cur_changeCycle=1,curView=39362,view=39363
info|2023-04-12 22:00:22.292293|[g:1][CONSENSUS][SEALER]++++++++++++++++ Generating seal on,blkNum=212,tx=0,nodeIdx=2,hash=3be4b9a0...
info|2023-04-12 22:00:22.297782|[g:1][CONSENSUS][PBFT]checkTimeout Succ,view=39363,toView=39364,nodeIdx=2,changeCycle=1,myNode=8170ed0b...,timecost=0
info|2023-04-12 22:00:22.299583|[g:1][CONSENSUS][PBFT]checkAndChangeView: Reach consensus,org_view=39363,cur_changeCycle=1,curView=39363,view=39364
info|2023-04-12 22:00:23.301702|[g:1][CONSENSUS]addRawPrepare,height=212,reqIdx=3,hash=416285da...,time=0
info|2023-04-12 22:00:23.302273|[g:1][CONSENSUS][PBFT]checkTimeout Succ,view=39364,toView=39365,nodeIdx=2,changeCycle=1,myNode=8170ed0b...,timecost=1
info|2023-04-12 22:00:23.303760|[g:1][CONSENSUS][PBFT]checkAndChangeView: Reach consensus,org_view=39364,cur_changeCycle=1,curView=39364,view=39365
info|2023-04-12 22:00:24.306933|[g:1][CONSENSUS]addRawPrepare,height=212,reqIdx=0,hash=ae74dac0...,time=0
info|2023-04-12 22:00:24.307618|[g:1][CONSENSUS][PBFT]checkTimeout Succ,view=39365,toView=39366,nodeIdx=2,changeCycle=1,myNode=8170ed0b...,timecost=0
info|2023-04-12 22:00:24.309320|[g:1][CONSENSUS][PBFT]checkAndChangeView: Reach consensus,org_view=39365,cur_changeCycle=1,curView=39365,view=39366
info|2023-04-12 22:00:25.256293|[P2P][Service] heartBeat,connected count=3
info|2023-04-12 22:00:25.311038|[g:1][CONSENSUS]addRawPrepare,height=212,reqIdx=1,hash=90aa3ec6...,time=0
info|2023-04-12 22:00:25.311331|[g:1][CONSENSUS][PBFT]checkTimeout Succ,view=39366,toView=39367,nodeIdx=2,changeCycle=1,myNode=8170ed0b...,timecost=0
info|2023-04-12 22:00:25.312636|[g:1][CONSENSUS][PBFT]checkAndChangeView: Reach consensus,org_view=39366,cur_changeCycle=1,curView=39366,view=39367
info|2023-04-12 22:00:26.315630|[g:1][CONSENSUS][SEALER]++++++++++++++++ Generating seal on,blkNum=212,tx=0,nodeIdx=2,hash=78f83066...
info|2023-04-12 22:00:26.335670|[g:1][CONSENSUS][PBFT]checkTimeout Succ,view=39367,toView=39368,nodeIdx=2,changeCycle=1,myNode=8170ed0b...,timecost=5
info|2023-04-12 22:00:26.381542|[g:1][CONSENSUS][PBFT]checkAndChangeView: Reach consensus,org_view=39367,cur_changeCycle=1,curView=39367,view=39368
info|2023-04-12 22:00:27.392755|[g:1][CONSENSUS]addRawPrepare,height=212,reqIdx=3,hash=ea8252f9...,time=0
info|2023-04-12 22:00:27.402972|[g:1][CONSENSUS][PBFT]checkTimeout Succ,view=39368,toView=39369,nodeIdx=2,changeCycle=1,myNode=8170ed0b...,timecost=10
info|2023-04-12 22:00:27.426278|[g:1][CONSENSUS][PBFT]checkAndChangeView: Reach consensus,org_view=39368,cur_changeCycle=1,curView=39368,view=39369
info|2023-04-12 22:00:28.441502|[g:1][CONSENSUS]addRawPrepare,height=212,reqIdx=0,hash=3017f382...,time=0
info|2023-04-12 22:00:28.448311|[g:1][CONSENSUS][PBFT]checkTimeout Succ,view=39369,toView=39370,nodeIdx=2,changeCycle=1,myNode=8170ed0b...,timecost=6
info|2023-04-12 22:00:28.468713|[g:1][CONSENSUS][PBFT]checkAndChangeView: Reach consensus,org_view=39369,cur_changeCycle=1,curView=39369,view=39370
info|2023-04-12 22:00:29.609697|[g:1][CONSENSUS]addRawPrepare,height=212,reqIdx=1,hash=c4781097...,time=0
info|2023-04-12 22:00:29.618158|[g:1][CONSENSUS][PBFT]checkTimeout Succ,view=39370,toView=39371,nodeIdx=2,changeCycle=1,myNode=8170ed0b...,timecost=8
info|2023-04-12 22:00:29.655585|[g:1][CONSENSUS][PBFT]checkAndChangeView: Reach consensus,org_view=39370,cur_changeCycle=1,curView=39370,view=39371
info|2023-04-12 22:00:30.657970|[g:1][CONSENSUS][SEALER]++++++++++++++++ Generating seal on,blkNum=212,tx=0,nodeIdx=2,hash=a712e72b...
info|2023-04-12 22:00:30.678306|[g:1][CONSENSUS][PBFT]checkTimeout Succ,view=39371,toView=39372,nodeIdx=2,changeCycle=1,myNode=8170ed0b...,timecost=9
info|2023-04-12 22:00:30.728373|[g:1][CONSENSUS][PBFT]checkAndChangeView: Reach consensus,org_view=39371,cur_changeCycle=1,curView=39371,view=39372
info|2023-04-12 22:00:31.753436|[g:1][CONSENSUS]addRawPrepare,height=212,reqIdx=3,hash=e893f393...,time=0
info|2023-04-12 22:00:31.760434|[g:1][CONSENSUS][PBFT]checkTimeout Succ,view=39372,toView=39373,nodeIdx=2,changeCycle=1,myNode=8170ed0b...,timecost=6
info|2023-04-12 22:00:31.784232|[g:1][CONSENSUS][PBFT]checkAndChangeView: Reach consensus,org_view=39372,cur_changeCycle=1,curView=39372,view=39373
info|2023-04-12 22:00:32.799393|[g:1][CONSENSUS]addRawPrepare,height=212,reqIdx=0,hash=f24c3acc...,time=1
info|2023-04-12 22:00:32.807013|[g:1][CONSENSUS][PBFT]checkTimeout Succ,view=39373,toView=39374,nodeIdx=2,changeCycle=1,myNode=8170ed0b...,timecost=7
info|2023-04-12 22:00:32.834129|[g:1][CONSENSUS][PBFT]checkAndChangeView: Reach consensus,org_view=39373,cur_changeCycle=1,curView=39373,view=39374
info|2023-04-12 22:00:33.861263|[g:1][CONSENSUS]addRawPrepare,height=212,reqIdx=1,hash=fc8f7e47...,time=0
info|2023-04-12 22:00:33.873356|[g:1][CONSENSUS][PBFT]checkTimeout Succ,view=39374,toView=39375,nodeIdx=2,changeCycle=1,myNode=8170ed0b...,timecost=12
info|2023-04-12 22:00:33.902627|[g:1][CONSENSUS][PBFT]checkAndChangeView: Reach consensus,org_view=39374,cur_changeCycle=1,curView=39374,view=39375
info|2023-04-12 22:00:34.905428|[g:1][CONSENSUS][SEALER]++++++++++++++++ Generating seal on,blkNum=212,tx=0,nodeIdx=2,hash=9256bd0f...
info|2023-04-12 22:00:34.943349|[g:1][CONSENSUS][PBFT]checkTimeout Succ,view=39375,toView=39376,nodeIdx=2,changeCycle=1,myNode=8170ed0b...,timecost=13
info|2023-04-12 22:00:34.956618|[g:1][CONSENSUS][PBFT]checkAndChangeView: Reach consensus,org_view=39375,cur_changeCycle=1,curView=39375,view=39376
info|2023-04-12 22:00:35.258679|[P2P][Service] heartBeat,connected count=3
info|2023-04-12 22:00:36.480972|[g:1][CONSENSUS]addRawPrepare,height=212,reqIdx=3,hash=47da69a8...,time=1
info|2023-04-12 22:00:36.670827|[g:1][CONSENSUS][PBFT]checkTimeout Succ,view=39376,toView=39377,nodeIdx=2,changeCycle=1,myNode=8170ed0b...,timecost=189
info|2023-04-12 22:00:37.027258|[g:1][CONSENSUS][PBFT]checkAndChangeView: Reach consensus,org_view=39376,cur_changeCycle=1,curView=39376,view=39377
info|2023-04-12 22:00:38.131027|[g:1][CONSENSUS]addRawPrepare,height=212,reqIdx=0,hash=225bd825...,time=1
info|2023-04-12 22:00:38.161823|[g:1][CONSENSUS][PBFT]checkTimeout Succ,view=39377,toView=39378,nodeIdx=2,changeCycle=1,myNode=8170ed0b...,timecost=30
info|2023-04-12 22:00:38.246266|[g:1][CONSENSUS][PBFT]checkAndChangeView: Reach consensus,org_view=39377,cur_changeCycle=1,curView=39377,view=39378
info|2023-04-12 22:00:39.292910|[g:1][CONSENSUS]addRawPrepare,height=212,reqIdx=1,hash=bf384fe4...,time=1
info|2023-04-12 22:00:39.312044|[g:1][CONSENSUS][PBFT]checkTimeout Succ,view=39378,toView=39379,nodeIdx=2,changeCycle=1,myNode=8170ed0b...,timecost=19
info|2023-04-12 22:00:39.899678|[g:1][CONSENSUS][PBFT]checkAndChangeView: Reach consensus,org_view=39378,cur_changeCycle=1,curView=39378,view=39379
info|2023-04-12 22:00:40.903145|[g:1][CONSENSUS][SEALER]++++++++++++++++ Generating seal on,blkNum=212,tx=0,nodeIdx=2,hash=a6ffe8c6...
info|2023-04-12 22:00:40.926438|[g:1][CONSENSUS][PBFT]checkTimeout Succ,view=39379,toView=39380,nodeIdx=2,changeCycle=1,myNode=8170ed0b...,timecost=6
info|2023-04-12 22:00:40.945763|[g:1][CONSENSUS][PBFT]checkAndChangeView: Reach consensus,org_view=39379,cur_changeCycle=1,curView=39379,view=39380
info|2023-04-12 22:00:41.968740|[g:1][CONSENSUS]addRawPrepare,height=212,reqIdx=3,hash=b8124da7...,time=0
info|2023-04-12 22:00:41.975972|[g:1][CONSENSUS][PBFT]checkTimeout Succ,view=39380,toView=39381,nodeIdx=2,changeCycle=1,myNode=8170ed0b...,timecost=12
info|2023-04-12 22:00:41.998963|[g:1][CONSENSUS][PBFT]checkAndChangeView: Reach consensus,org_view=39380,cur_changeCycle=1,curView=39380,view=39381
info|2023-04-12 22:00:43.013882|[g:1][CONSENSUS]addRawPrepare,height=212,reqIdx=0,hash=a54cd074...,time=1
info|2023-04-12 22:00:43.025355|[g:1][CONSENSUS][PBFT]checkTimeout Succ,view=39381,toView=39382,nodeIdx=2,changeCycle=1,myNode=8170ed0b...,timecost=11
info|2023-04-12 22:00:43.042706|[g:1][CONSENSUS][PBFT]checkAndChangeView: Reach consensus,org_view=39381,cur_changeCycle=1,curView=39381,view=39382
info|2023-04-12 22:00:44.413922|[g:1][CONSENSUS]addRawPrepare,height=212,reqIdx=1,hash=c6b9e819...,time=1
info|2023-04-12 22:00:44.425265|[g:1][CONSENSUS][PBFT]checkTimeout Succ,view=39382,toView=39383,nodeIdx=2,changeCycle=1,myNode=8170ed0b...,timecost=11
info|2023-04-12 22:00:44.520094|[g:1][CONSENSUS][PBFT]checkAndChangeView: Reach consensus,org_view=39382,cur_changeCycle=1,curView=39382,view=39383
info|2023-04-12 22:00:45.261264|[P2P][Service] heartBeat,connected count=3
info|2023-04-12 22:00:45.529372|[g:1][CONSENSUS][SEALER]++++++++++++++++ Generating seal on,blkNum=212,tx=0,nodeIdx=2,hash=9cde2f18...
info|2023-04-12 22:00:45.542610|[g:1][CONSENSUS][PBFT]checkTimeout Succ,view=39383,toView=39384,nodeIdx=2,changeCycle=1,myNode=8170ed0b...,timecost=7
info|2023-04-12 22:00:45.749810|[g:1][CONSENSUS][PBFT]checkAndChangeView: Reach consensus,org_view=39383,cur_changeCycle=1,curView=39383,view=39384
