info|2022-11-11 13:00:00.991237|[g:1][CONSENSUS]addRawPrepare,height=20,reqIdx=3,hash=817407cb...,time=0
info|2022-11-11 13:00:00.996657|[g:1][CONSENSUS][PBFT]checkTimeout Succ,view=67872,toView=67873,nodeIdx=2,changeCycle=1,myNode=8170ed0b...,timecost=5
info|2022-11-11 13:00:01.014074|[g:1][CONSENSUS][PBFT]checkAndChangeView: Reach consensus,org_view=67872,cur_changeCycle=1,curView=67872,view=67873
info|2022-11-11 13:00:02.037385|[g:1][CONSENSUS]addRawPrepare,height=20,reqIdx=0,hash=1194874f...,time=0
info|2022-11-11 13:00:02.046425|[g:1][CONSENSUS][PBFT]checkTimeout Succ,view=67873,toView=67874,nodeIdx=2,changeCycle=1,myNode=8170ed0b...,timecost=8
info|2022-11-11 13:00:02.067819|[g:1][CONSENSUS][PBFT]checkAndChangeView: Reach consensus,org_view=67873,cur_changeCycle=1,curView=67873,view=67874
info|2022-11-11 13:00:03.081378|[g:1][CONSENSUS]addRawPrepare,height=20,reqIdx=1,hash=255cc12f...,time=0
info|2022-11-11 13:00:03.085962|[g:1][CONSENSUS][PBFT]checkTimeout Succ,view=67874,toView=67875,nodeIdx=2,changeCycle=1,myNode=8170ed0b...,timecost=7
info|2022-11-11 13:00:03.103936|[g:1][CONSENSUS][PBFT]checkAndChangeView: Reach consensus,org_view=67874,cur_changeCycle=1,curView=67874,view=67875
info|2022-11-11 13:00:04.105650|[g:1][CONSENSUS][SEALER]++++++++++++++++ Generating seal on,blkNum=20,tx=0,nodeIdx=2,hash=b6a35cc9...
info|2022-11-11 13:00:04.114431|[g:1][CONSENSUS][PBFT]checkTimeout Succ,view=67875,toView=67876,nodeIdx=2,changeCycle=1,myNode=8170ed0b...,timecost=5
info|2022-11-11 13:00:04.140427|[g:1][CONSENSUS][PBFT]checkAndChangeView: Reach consensus,org_view=67875,cur_changeCycle=1,curView=67875,view=67876
info|2022-11-11 13:00:05.151582|[g:1][CONSENSUS]addRawPrepare,height=20,reqIdx=3,hash=0cf8af61...,time=0
info|2022-11-11 13:00:05.157558|[g:1][CONSENSUS][PBFT]checkTimeout Succ,view=67876,toView=67877,nodeIdx=2,changeCycle=1,myNode=8170ed0b...,timecost=5
info|2022-11-11 13:00:05.174033|[g:1][CONSENSUS][PBFT]checkAndChangeView: Reach consensus,org_view=67876,cur_changeCycle=1,curView=67876,view=67877
info|2022-11-11 13:00:05.806255|[P2P][Service] heartBeat,connected count=3
info|2022-11-11 13:00:06.185804|[g:1][CONSENSUS]addRawPrepare,height=20,reqIdx=0,hash=173c645a...,time=0
info|2022-11-11 13:00:06.189743|[g:1][CONSENSUS][PBFT]checkTimeout Succ,view=67877,toView=67878,nodeIdx=2,changeCycle=1,myNode=8170ed0b...,timecost=3
info|2022-11-11 13:00:06.202196|[g:1][CONSENSUS][PBFT]checkAndChangeView: Reach consensus,org_view=67877,cur_changeCycle=1,curView=67877,view=67878
info|2022-11-11 13:00:07.216919|[g:1][CONSENSUS]addRawPrepare,height=20,reqIdx=1,hash=1304ede2...,time=1
info|2022-11-11 13:00:07.221129|[g:1][CONSENSUS][PBFT]checkTimeout Succ,view=67878,toView=67879,nodeIdx=2,changeCycle=1,myNode=8170ed0b...,timecost=4
info|2022-11-11 13:00:07.240167|[g:1][CONSENSUS][PBFT]checkAndChangeView: Reach consensus,org_view=67878,cur_changeCycle=1,curView=67878,view=67879
info|2022-11-11 13:00:08.241852|[g:1][CONSENSUS][SEALER]++++++++++++++++ Generating seal on,blkNum=20,tx=0,nodeIdx=2,hash=762909f3...
info|2022-11-11 13:00:08.260791|[g:1][CONSENSUS][PBFT]checkTimeout Succ,view=67879,toView=67880,nodeIdx=2,changeCycle=1,myNode=8170ed0b...,timecost=5
info|2022-11-11 13:00:08.280981|[g:1][CONSENSUS][PBFT]checkAndChangeView: Reach consensus,org_view=67879,cur_changeCycle=1,curView=67879,view=67880
info|2022-11-11 13:00:09.289744|[g:1][CONSENSUS]addRawPrepare,height=20,reqIdx=3,hash=bf805988...,time=0
info|2022-11-11 13:00:09.294300|[g:1][CONSENSUS][PBFT]checkTimeout Succ,view=67880,toView=67881,nodeIdx=2,changeCycle=1,myNode=8170ed0b...,timecost=4
info|2022-11-11 13:00:09.310288|[g:1][CONSENSUS][PBFT]checkAndChangeView: Reach consensus,org_view=67880,cur_changeCycle=1,curView=67880,view=67881
info|2022-11-11 13:00:10.326803|[g:1][CONSENSUS]addRawPrepare,height=20,reqIdx=0,hash=bd42e2e5...,time=0
info|2022-11-11 13:00:10.334326|[g:1][CONSENSUS][PBFT]checkTimeout Succ,view=67881,toView=67882,nodeIdx=2,changeCycle=1,myNode=8170ed0b...,timecost=7
info|2022-11-11 13:00:10.348002|[g:1][CONSENSUS][PBFT]checkAndChangeView: Reach consensus,org_view=67881,cur_changeCycle=1,curView=67881,view=67882
info|2022-11-11 13:00:11.366484|[g:1][CONSENSUS]addRawPrepare,height=20,reqIdx=1,hash=c221b302...,time=0
info|2022-11-11 13:00:11.370868|[g:1][CONSENSUS][PBFT]checkTimeout Succ,view=67882,toView=67883,nodeIdx=2,changeCycle=1,myNode=8170ed0b...,timecost=4
info|2022-11-11 13:00:11.385382|[g:1][CONSENSUS][PBFT]checkAndChangeView: Reach consensus,org_view=67882,cur_changeCycle=1,curView=67882,view=67883
info|2022-11-11 13:00:12.387769|[g:1][CONSENSUS][SEALER]++++++++++++++++ Generating seal on,blkNum=20,tx=0,nodeIdx=2,hash=93364da9...
info|2022-11-11 13:00:12.405357|[g:1][CONSENSUS][PBFT]checkTimeout Succ,view=67883,toView=67884,nodeIdx=2,changeCycle=1,myNode=8170ed0b...,timecost=4
info|2022-11-11 13:00:12.430145|[g:1][CONSENSUS][PBFT]checkAndChangeView: Reach consensus,org_view=67883,cur_changeCycle=1,curView=67883,view=67884
info|2022-11-11 13:00:13.445386|[g:1][CONSENSUS]addRawPrepare,height=20,reqIdx=3,hash=fc50fcd3...,time=0
info|2022-11-11 13:00:13.449550|[g:1][CONSENSUS][PBFT]checkTimeout Succ,view=67884,toView=67885,nodeIdx=2,changeCycle=1,myNode=8170ed0b...,timecost=5
info|2022-11-11 13:00:13.465021|[g:1][CONSENSUS][PBFT]checkAndChangeView: Reach consensus,org_view=67884,cur_changeCycle=1,curView=67884,view=67885
info|2022-11-11 13:00:14.482488|[g:1][CONSENSUS]addRawPrepare,height=20,reqIdx=0,hash=ba314f2c...,time=0
info|2022-11-11 13:00:14.486961|[g:1][CONSENSUS][PBFT]checkTimeout Succ,view=67885,toView=67886,nodeIdx=2,changeCycle=1,myNode=8170ed0b...,timecost=4
info|2022-11-11 13:00:14.504202|[g:1][CONSENSUS][PBFT]checkAndChangeView: Reach consensus,org_view=67885,cur_changeCycle=1,curView=67885,view=67886
info|2022-11-11 13:00:15.522504|[g:1][CONSENSUS]addRawPrepare,height=20,reqIdx=1,hash=34b1b1fc...,time=0
info|2022-11-11 13:00:15.527212|[g:1][CONSENSUS][PBFT]checkTimeout Succ,view=67886,toView=67887,nodeIdx=2,changeCycle=1,myNode=8170ed0b...,timecost=4
info|2022-11-11 13:00:15.539205|[g:1][CONSENSUS][PBFT]checkAndChangeView: Reach consensus,org_view=67886,cur_changeCycle=1,curView=67886,view=67887
info|2022-11-11 13:00:15.808402|[P2P][Service] heartBeat,connected count=3
info|2022-11-11 13:00:16.540994|[g:1][CONSENSUS][SEALER]++++++++++++++++ Generating seal on,blkNum=20,tx=0,nodeIdx=2,hash=37728abd...
info|2022-11-11 13:00:16.560328|[g:1][CONSENSUS][PBFT]checkTimeout Succ,view=67887,toView=67888,nodeIdx=2,changeCycle=1,myNode=8170ed0b...,timecost=5
info|2022-11-11 13:00:16.573624|[g:1][CONSENSUS][PBFT]checkAndChangeView: Reach consensus,org_view=67887,cur_changeCycle=1,curView=67887,view=67888
info|2022-11-11 13:00:17.588854|[g:1][CONSENSUS]addRawPrepare,height=20,reqIdx=3,hash=7aa41829...,time=0
info|2022-11-11 13:00:17.593045|[g:1][CONSENSUS][PBFT]checkTimeout Succ,view=67888,toView=67889,nodeIdx=2,changeCycle=1,myNode=8170ed0b...,timecost=4
info|2022-11-11 13:00:17.614091|[g:1][CONSENSUS][PBFT]checkAndChangeView: Reach consensus,org_view=67888,cur_changeCycle=1,curView=67888,view=67889
info|2022-11-11 13:00:18.623587|[g:1][CONSENSUS]addRawPrepare,height=20,reqIdx=0,hash=eb025757...,time=0
info|2022-11-11 13:00:18.627583|[g:1][CONSENSUS][PBFT]checkTimeout Succ,view=67889,toView=67890,nodeIdx=2,changeCycle=1,myNode=8170ed0b...,timecost=3
info|2022-11-11 13:00:18.645497|[g:1][CONSENSUS][PBFT]checkAndChangeView: Reach consensus,org_view=67889,cur_changeCycle=1,curView=67889,view=67890
info|2022-11-11 13:00:19.658897|[g:1][CONSENSUS]addRawPrepare,height=20,reqIdx=1,hash=2c1a624a...,time=1
info|2022-11-11 13:00:19.665922|[g:1][CONSENSUS][PBFT]checkTimeout Succ,view=67890,toView=67891,nodeIdx=2,changeCycle=1,myNode=8170ed0b...,timecost=7
info|2022-11-11 13:00:19.677031|[g:1][CONSENSUS][PBFT]checkAndChangeView: Reach consensus,org_view=67890,cur_changeCycle=1,curView=67890,view=67891
info|2022-11-11 13:00:20.679038|[g:1][CONSENSUS][SEALER]++++++++++++++++ Generating seal on,blkNum=20,tx=0,nodeIdx=2,hash=af859c23...
info|2022-11-11 13:00:20.694582|[g:1][CONSENSUS][PBFT]checkTimeout Succ,view=67891,toView=67892,nodeIdx=2,changeCycle=1,myNode=8170ed0b...,timecost=5
info|2022-11-11 13:00:20.711416|[g:1][CONSENSUS][PBFT]checkAndChangeView: Reach consensus,org_view=67891,cur_changeCycle=1,curView=67891,view=67892
info|2022-11-11 13:00:21.729093|[g:1][CONSENSUS]addRawPrepare,height=20,reqIdx=3,hash=ed34b528...,time=0
info|2022-11-11 13:00:21.733505|[g:1][CONSENSUS][PBFT]checkTimeout Succ,view=67892,toView=67893,nodeIdx=2,changeCycle=1,myNode=8170ed0b...,timecost=4
info|2022-11-11 13:00:21.749639|[g:1][CONSENSUS][PBFT]checkAndChangeView: Reach consensus,org_view=67892,cur_changeCycle=1,curView=67892,view=67893
info|2022-11-11 13:00:22.765113|[g:1][CONSENSUS]addRawPrepare,height=20,reqIdx=0,hash=46af2ea1...,time=0
info|2022-11-11 13:00:22.773851|[g:1][CONSENSUS][PBFT]checkTimeout Succ,view=67893,toView=67894,nodeIdx=2,changeCycle=1,myNode=8170ed0b...,timecost=8
info|2022-11-11 13:00:22.794344|[g:1][CONSENSUS][PBFT]checkAndChangeView: Reach consensus,org_view=67893,cur_changeCycle=1,curView=67893,view=67894
info|2022-11-11 13:00:23.808833|[g:1][CONSENSUS]addRawPrepare,height=20,reqIdx=1,hash=caba7515...,time=0
info|2022-11-11 13:00:23.815179|[g:1][CONSENSUS][PBFT]checkTimeout Succ,view=67894,toView=67895,nodeIdx=2,changeCycle=1,myNode=8170ed0b...,timecost=6
info|2022-11-11 13:00:23.826160|[g:1][CONSENSUS][PBFT]checkAndChangeView: Reach consensus,org_view=67894,cur_changeCycle=1,curView=67894,view=67895
info|2022-11-11 13:00:24.827655|[g:1][CONSENSUS][SEALER]++++++++++++++++ Generating seal on,blkNum=20,tx=0,nodeIdx=2,hash=38605ecf...
info|2022-11-11 13:00:24.844164|[g:1][CONSENSUS][PBFT]checkTimeout Succ,view=67895,toView=67896,nodeIdx=2,changeCycle=1,myNode=8170ed0b...,timecost=5
info|2022-11-11 13:00:24.860774|[g:1][CONSENSUS][PBFT]checkAndChangeView: Reach consensus,org_view=67895,cur_changeCycle=1,curView=67895,view=67896
info|2022-11-11 13:00:25.810274|[P2P][Service] heartBeat,connected count=3
info|2022-11-11 13:00:25.878455|[g:1][CONSENSUS]addRawPrepare,height=20,reqIdx=3,hash=9a475d1c...,time=0
info|2022-11-11 13:00:25.885305|[g:1][CONSENSUS][PBFT]checkTimeout Succ,view=67896,toView=67897,nodeIdx=2,changeCycle=1,myNode=8170ed0b...,timecost=6
info|2022-11-11 13:00:25.897744|[g:1][CONSENSUS][PBFT]checkAndChangeView: Reach consensus,org_view=67896,cur_changeCycle=1,curView=67896,view=67897
info|2022-11-11 13:00:26.911320|[g:1][CONSENSUS]addRawPrepare,height=20,reqIdx=0,hash=48530acd...,time=0
info|2022-11-11 13:00:26.915515|[g:1][CONSENSUS][PBFT]checkTimeout Succ,view=67897,toView=67898,nodeIdx=2,changeCycle=1,myNode=8170ed0b...,timecost=5
info|2022-11-11 13:00:26.930276|[g:1][CONSENSUS][PBFT]checkAndChangeView: Reach consensus,org_view=67897,cur_changeCycle=1,curView=67897,view=67898
info|2022-11-11 13:00:27.941887|[g:1][CONSENSUS]addRawPrepare,height=20,reqIdx=1,hash=c9f5ebf5...,time=1
info|2022-11-11 13:00:27.949664|[g:1][CONSENSUS][PBFT]checkTimeout Succ,view=67898,toView=67899,nodeIdx=2,changeCycle=1,myNode=8170ed0b...,timecost=6
info|2022-11-11 13:00:27.964678|[g:1][CONSENSUS][PBFT]checkAndChangeView: Reach consensus,org_view=67898,cur_changeCycle=1,curView=67898,view=67899
info|2022-11-11 13:00:28.966780|[g:1][CONSENSUS][SEALER]++++++++++++++++ Generating seal on,blkNum=20,tx=0,nodeIdx=2,hash=05dbffb0...
info|2022-11-11 13:00:28.989542|[g:1][CONSENSUS][PBFT]checkTimeout Succ,view=67899,toView=67900,nodeIdx=2,changeCycle=1,myNode=8170ed0b...,timecost=5
info|2022-11-11 13:00:29.002942|[g:1][CONSENSUS][PBFT]checkAndChangeView: Reach consensus,org_view=67899,cur_changeCycle=1,curView=67899,view=67900
info|2022-11-11 13:00:30.014384|[g:1][CONSENSUS]addRawPrepare,height=20,reqIdx=3,hash=ef4f6d67...,time=0
info|2022-11-11 13:00:30.019319|[g:1][CONSENSUS][PBFT]checkTimeout Succ,view=67900,toView=67901,nodeIdx=2,changeCycle=1,myNode=8170ed0b...,timecost=5
info|2022-11-11 13:00:30.038058|[g:1][CONSENSUS][PBFT]checkAndChangeView: Reach consensus,org_view=67900,cur_changeCycle=1,curView=67900,view=67901
info|2022-11-11 13:00:31.050598|[g:1][CONSENSUS]addRawPrepare,height=20,reqIdx=0,hash=0e304f5b...,time=0
info|2022-11-11 13:00:31.056538|[g:1][CONSENSUS][PBFT]checkTimeout Succ,view=67901,toView=67902,nodeIdx=2,changeCycle=1,myNode=8170ed0b...,timecost=5
info|2022-11-11 13:00:31.070777|[g:1][CONSENSUS][PBFT]checkAndChangeView: Reach consensus,org_view=67901,cur_changeCycle=1,curView=67901,view=67902
info|2022-11-11 13:00:32.083358|[g:1][CONSENSUS]addRawPrepare,height=20,reqIdx=1,hash=4f8c26e6...,time=0
info|2022-11-11 13:00:32.089335|[g:1][CONSENSUS][PBFT]checkTimeout Succ,view=67902,toView=67903,nodeIdx=2,changeCycle=1,myNode=8170ed0b...,timecost=5
info|2022-11-11 13:00:32.106166|[g:1][CONSENSUS][PBFT]checkAndChangeView: Reach consensus,org_view=67902,cur_changeCycle=1,curView=67902,view=67903
info|2022-11-11 13:00:33.106769|[g:1][CONSENSUS][SEALER]++++++++++++++++ Generating seal on,blkNum=20,tx=0,nodeIdx=2,hash=96e883c6...
info|2022-11-11 13:00:33.111762|[g:1][CONSENSUS][PBFT]checkTimeout Succ,view=67903,toView=67904,nodeIdx=2,changeCycle=1,myNode=8170ed0b...,timecost=0
info|2022-11-11 13:00:33.113720|[g:1][CONSENSUS][PBFT]checkAndChangeView: Reach consensus,org_view=67903,cur_changeCycle=1,curView=67903,view=67904
info|2022-11-11 13:00:34.116081|[g:1][CONSENSUS]addRawPrepare,height=20,reqIdx=3,hash=cded4c88...,time=0
info|2022-11-11 13:00:34.116930|[g:1][CONSENSUS][PBFT]checkTimeout Succ,view=67904,toView=67905,nodeIdx=2,changeCycle=1,myNode=8170ed0b...,timecost=0
info|2022-11-11 13:00:34.120414|[g:1][CONSENSUS][PBFT]checkAndChangeView: Reach consensus,org_view=67904,cur_changeCycle=1,curView=67904,view=67905
info|2022-11-11 13:00:35.123929|[g:1][CONSENSUS]addRawPrepare,height=20,reqIdx=0,hash=510b778d...,time=0
info|2022-11-11 13:00:35.124881|[g:1][CONSENSUS][PBFT]checkTimeout Succ,view=67905,toView=67906,nodeIdx=2,changeCycle=1,myNode=8170ed0b...,timecost=0
info|2022-11-11 13:00:35.128216|[g:1][CONSENSUS][PBFT]checkAndChangeView: Reach consensus,org_view=67905,cur_changeCycle=1,curView=67905,view=67906
info|2022-11-11 13:00:35.812019|[P2P][Service] heartBeat,connected count=3
info|2022-11-11 13:00:36.141667|[g:1][CONSENSUS]addRawPrepare,height=20,reqIdx=1,hash=41193daa...,time=0
info|2022-11-11 13:00:36.142653|[g:1][CONSENSUS][PBFT]checkTimeout Succ,view=67906,toView=67907,nodeIdx=2,changeCycle=1,myNode=8170ed0b...,timecost=1
info|2022-11-11 13:00:36.144834|[g:1][CONSENSUS][PBFT]checkAndChangeView: Reach consensus,org_view=67906,cur_changeCycle=1,curView=67906,view=67907
info|2022-11-11 13:00:37.145878|[g:1][CONSENSUS][SEALER]++++++++++++++++ Generating seal on,blkNum=20,tx=0,nodeIdx=2,hash=5974f0af...
info|2022-11-11 13:00:37.147621|[g:1][CONSENSUS][PBFT]checkTimeout Succ,view=67907,toView=67908,nodeIdx=2,changeCycle=1,myNode=8170ed0b...,timecost=1
info|2022-11-11 13:00:37.153356|[g:1][CONSENSUS][PBFT]checkAndChangeView: Reach consensus,org_view=67907,cur_changeCycle=1,curView=67907,view=67908
info|2022-11-11 13:00:38.155275|[g:1][CONSENSUS]addRawPrepare,height=20,reqIdx=3,hash=614a0737...,time=0
info|2022-11-11 13:00:38.156014|[g:1][CONSENSUS][PBFT]checkTimeout Succ,view=67908,toView=67909,nodeIdx=2,changeCycle=1,myNode=8170ed0b...,timecost=1
info|2022-11-11 13:00:38.158256|[g:1][CONSENSUS][PBFT]checkAndChangeView: Reach consensus,org_view=67908,cur_changeCycle=1,curView=67908,view=67909
info|2022-11-11 13:00:39.162301|[g:1][CONSENSUS]addRawPrepare,height=20,reqIdx=0,hash=10798300...,time=0
info|2022-11-11 13:00:39.163205|[g:1][CONSENSUS][PBFT]checkTimeout Succ,view=67909,toView=67910,nodeIdx=2,changeCycle=1,myNode=8170ed0b...,timecost=1
info|2022-11-11 13:00:39.166000|[g:1][CONSENSUS][PBFT]checkAndChangeView: Reach consensus,org_view=67909,cur_changeCycle=1,curView=67909,view=67910
info|2022-11-11 13:00:40.168914|[g:1][CONSENSUS]addRawPrepare,height=20,reqIdx=1,hash=521cb048...,time=0
info|2022-11-11 13:00:40.169630|[g:1][CONSENSUS][PBFT]checkTimeout Succ,view=67910,toView=67911,nodeIdx=2,changeCycle=1,myNode=8170ed0b...,timecost=0
info|2022-11-11 13:00:40.171779|[g:1][CONSENSUS][PBFT]checkAndChangeView: Reach consensus,org_view=67910,cur_changeCycle=1,curView=67910,view=67911
info|2022-11-11 13:00:41.171778|[g:1][CONSENSUS][SEALER]++++++++++++++++ Generating seal on,blkNum=20,tx=0,nodeIdx=2,hash=e08ef8ac...
info|2022-11-11 13:00:41.172965|[g:1][CONSENSUS][PBFT]checkTimeout Succ,view=67911,toView=67912,nodeIdx=2,changeCycle=1,myNode=8170ed0b...,timecost=0
info|2022-11-11 13:00:41.176884|[g:1][CONSENSUS][PBFT]checkAndChangeView: Reach consensus,org_view=67911,cur_changeCycle=1,curView=67911,view=67912
info|2022-11-11 13:00:42.179779|[g:1][CONSENSUS]addRawPrepare,height=20,reqIdx=3,hash=8cfaccb2...,time=0
info|2022-11-11 13:00:42.180732|[g:1][CONSENSUS][PBFT]checkTimeout Succ,view=67912,toView=67913,nodeIdx=2,changeCycle=1,myNode=8170ed0b...,timecost=1
info|2022-11-11 13:00:42.183519|[g:1][CONSENSUS][PBFT]checkAndChangeView: Reach consensus,org_view=67912,cur_changeCycle=1,curView=67912,view=67913
info|2022-11-11 13:00:43.186665|[g:1][CONSENSUS]addRawPrepare,height=20,reqIdx=0,hash=c84e4f36...,time=0
info|2022-11-11 13:00:43.187441|[g:1][CONSENSUS][PBFT]checkTimeout Succ,view=67913,toView=67914,nodeIdx=2,changeCycle=1,myNode=8170ed0b...,timecost=1
info|2022-11-11 13:00:43.189127|[g:1][CONSENSUS][PBFT]checkAndChangeView: Reach consensus,org_view=67913,cur_changeCycle=1,curView=67913,view=67914
info|2022-11-11 13:00:44.191371|[g:1][CONSENSUS]addRawPrepare,height=20,reqIdx=1,hash=ba9cb025...,time=0
info|2022-11-11 13:00:44.192002|[g:1][CONSENSUS][PBFT]checkTimeout Succ,view=67914,toView=67915,nodeIdx=2,changeCycle=1,myNode=8170ed0b...,timecost=1
info|2022-11-11 13:00:44.193461|[g:1][CONSENSUS][PBFT]checkAndChangeView: Reach consensus,org_view=67914,cur_changeCycle=1,curView=67914,view=67915
info|2022-11-11 13:00:45.194173|[g:1][CONSENSUS][SEALER]++++++++++++++++ Generating seal on,blkNum=20,tx=0,nodeIdx=2,hash=b4875012...
info|2022-11-11 13:00:45.199455|[g:1][CONSENSUS][PBFT]checkTimeout Succ,view=67915,toView=67916,nodeIdx=2,changeCycle=1,myNode=8170ed0b...,timecost=1
info|2022-11-11 13:00:45.201347|[g:1][CONSENSUS][PBFT]checkAndChangeView: Reach consensus,org_view=67915,cur_changeCycle=1,curView=67915,view=67916
info|2022-11-11 13:00:45.814061|[P2P][Service] heartBeat,connected count=3
info|2022-11-11 13:00:46.203556|[g:1][CONSENSUS]addRawPrepare,height=20,reqIdx=3,hash=4baab685...,time=0
info|2022-11-11 13:00:46.204104|[g:1][CONSENSUS][PBFT]checkTimeout Succ,view=67916,toView=67917,nodeIdx=2,changeCycle=1,myNode=8170ed0b...,timecost=1
info|2022-11-11 13:00:46.205681|[g:1][CONSENSUS][PBFT]checkAndChangeView: Reach consensus,org_view=67916,cur_changeCycle=1,curView=67916,view=67917
info|2022-11-11 13:00:47.209335|[g:1][CONSENSUS]addRawPrepare,height=20,reqIdx=0,hash=3875b19e...,time=0
info|2022-11-11 13:00:47.209965|[g:1][CONSENSUS][PBFT]checkTimeout Succ,view=67917,toView=67918,nodeIdx=2,changeCycle=1,myNode=8170ed0b...,timecost=0
info|2022-11-11 13:00:47.212062|[g:1][CONSENSUS][PBFT]checkAndChangeView: Reach consensus,org_view=67917,cur_changeCycle=1,curView=67917,view=67918
info|2022-11-11 13:00:48.216361|[g:1][CONSENSUS]addRawPrepare,height=20,reqIdx=1,hash=59a71d86...,time=0
info|2022-11-11 13:00:48.217288|[g:1][CONSENSUS][PBFT]checkTimeout Succ,view=67918,toView=67919,nodeIdx=2,changeCycle=1,myNode=8170ed0b...,timecost=1
info|2022-11-11 13:00:48.219416|[g:1][CONSENSUS][PBFT]checkAndChangeView: Reach consensus,org_view=67918,cur_changeCycle=1,curView=67918,view=67919
warning|2022-11-11 13:18:22.801269|[g:1][CONSENSUS][PBFT]ViewChangeWarning: not caused by omit empty block ,v=67919,toV=67920,curNum=19,hash=bcafa72f...,nodeIdx=2,myNode=8170ed0b...
info|2022-11-11 13:18:22.801426|[g:1][CONSENSUS][PBFT]checkTimeout Succ,view=67919,toView=67920,nodeIdx=2,changeCycle=2,myNode=8170ed0b...,timecost=1
info|2022-11-11 13:18:22.803544|[P2P][Service] heartBeat,connected count=3
error|2022-11-11 13:18:22.803567|[NETWORK][Session]Idle connection, disconnect ,endpoint=127.0.0.1:30301
info|2022-11-11 13:18:22.803578|[NETWORK][Session]drop, call and erase all callbackFunc in this session!,endpoint=127.0.0.1:30301
warning|2022-11-11 13:18:22.803916|[NETWORK][Session][drop] closing remote 127.0.0.1:30301,reason=(Idle connection for no network io happens during 5s time intervals.),endpoint=127.0.0.1:30301
error|2022-11-11 13:18:22.804115|[NETWORK][Session]Idle connection, disconnect ,endpoint=127.0.0.1:30302
info|2022-11-11 13:18:22.804134|[NETWORK][Session]drop, call and erase all callbackFunc in this session!,endpoint=127.0.0.1:30302
warning|2022-11-11 13:18:22.804156|[NETWORK][Session][drop] closing remote 127.0.0.1:30302,reason=(Idle connection for no network io happens during 5s time intervals.),endpoint=127.0.0.1:30302
error|2022-11-11 13:18:22.804221|[NETWORK][Session]Session inactived
error|2022-11-11 13:18:22.804231|[NETWORK][Session]Idle connection, disconnect ,endpoint=127.0.0.1:60366
info|2022-11-11 13:18:22.804241|[NETWORK][Session]drop, call and erase all callbackFunc in this session!,endpoint=127.0.0.1:60366
warning|2022-11-11 13:18:22.804257|[NETWORK][Session][drop] closing remote 127.0.0.1:60366,reason=(Idle connection for no network io happens during 5s time intervals.),endpoint=127.0.0.1:60366
error|2022-11-11 13:18:22.804310|[NETWORK][Session]Session inactived
error|2022-11-11 13:18:22.804317|[NETWORK][Session]Session inactived
warning|2022-11-11 13:18:22.804339|[NETWORK][Session]doRead error,endpoint=127.0.0.1:30301,message=Operation canceled
warning|2022-11-11 13:18:22.804352|[NETWORK][Session]doRead error,endpoint=127.0.0.1:30302,message=Operation canceled
warning|2022-11-11 13:18:22.804362|[NETWORK][Session]doRead error,endpoint=127.0.0.1:60366,message=Operation canceled
warning|2022-11-11 13:18:22.806664|[P2P][Service] disconnect error P2PSession,nodeID=c30b6e4f...,endpoint=127.0.0.1:30301,errorCode=3,what=Disconnect
warning|2022-11-11 13:18:22.806831|[P2P][Service] onDisconnect,errorCode=3,what=Dynamic exception type: dev::network::NetworkException
std::exception::what: Disconnect

warning|2022-11-11 13:18:22.806872|[P2P][Service] disconnect error P2PSession,nodeID=54e27343...,endpoint=127.0.0.1:30302,errorCode=3,what=Disconnect
warning|2022-11-11 13:18:22.806888|[P2P][Service] onDisconnect,errorCode=3,what=Dynamic exception type: dev::network::NetworkException
std::exception::what: Disconnect

warning|2022-11-11 13:18:22.806906|[P2P][Service] disconnect error P2PSession,nodeID=74ec5d39...,endpoint=127.0.0.1:60366,errorCode=3,what=Disconnect
warning|2022-11-11 13:18:22.806918|[P2P][Service] onDisconnect,errorCode=3,what=Dynamic exception type: dev::network::NetworkException
std::exception::what: Disconnect

warning|2022-11-11 13:18:22.811696|[NETWORK][Session][drop] shutdown failed ,errorValue=9,message=Bad file descriptor
warning|2022-11-11 13:18:22.811721|[NETWORK][Session][drop] shutdown failed ,errorValue=9,message=Bad file descriptor
warning|2022-11-11 13:18:22.811729|[NETWORK][Session][drop] shutdown failed ,errorValue=9,message=Bad file descriptor
warning|2022-11-11 13:18:29.475259|[g:1][CONSENSUS][PBFT]ViewChangeWarning: not caused by omit empty block ,v=67919,toV=67921,curNum=19,hash=bcafa72f...,nodeIdx=2,myNode=8170ed0b...
warning|2022-11-11 13:18:29.475331|[g:1][CONSENSUS][PBFT]Find disconnectedNode,disconnectedNodeSize=3,sessionSize=0,minValidNodes=3,connectedNodeList=,disconnectedNode=54e27343..., 74ec5d39..., c30b6e4f..., ,idx=2
info|2022-11-11 13:18:29.475400|[g:1][CONSENSUS][PBFT]checkTimeout Succ,view=67919,toView=67921,nodeIdx=2,changeCycle=3,myNode=8170ed0b...,timecost=1
info|2022-11-11 13:18:32.803732|[NETWORK][Host]Connecting to node,endpoint=127.0.0.1:30300
info|2022-11-11 13:18:32.803827|[NETWORK][Host]Connecting to node,endpoint=127.0.0.1:30301
info|2022-11-11 13:18:32.803878|[NETWORK][Host]Connecting to node,endpoint=127.0.0.1:30302
info|2022-11-11 13:18:32.803915|[P2P][Service] heartBeat,connected count=0
info|2022-11-11 13:18:32.804149|[NETWORK][ASIO]asyncResolveConnect,endpoint=127.0.0.1:30300
info|2022-11-11 13:18:32.804299|[NETWORK][ASIO]asyncResolveConnect,endpoint=127.0.0.1:30301
info|2022-11-11 13:18:32.804420|[NETWORK][ASIO]asyncResolveConnect,endpoint=127.0.0.1:30302
info|2022-11-11 13:18:32.804997|[NETWORK][Host]P2P Recv Connect, From=127.0.0.1:60478
info|2022-11-11 13:18:32.805077|[NETWORK][Host]P2P StartAccept,Host=0.0.0.0:30303
info|2022-11-11 13:18:32.805185|[NETWORK][Host]P2P Recv Connect, From=127.0.0.1:60481
info|2022-11-11 13:18:32.805241|[NETWORK][Host]P2P StartAccept,Host=0.0.0.0:30303
error|2022-11-11 13:18:32.806415|[NETWORK][Host]Get ca basic failed
error|2022-11-11 13:18:32.813216|[NETWORK][Host]Get ca basic failed
error|2022-11-11 13:18:32.817664|[NETWORK][Host]Get ca basic failed
info|2022-11-11 13:18:32.821237|[NETWORK][Host]P2P Recv Connect, From=127.0.0.1:60484
info|2022-11-11 13:18:32.821295|[NETWORK][Host]P2P StartAccept,Host=0.0.0.0:30303
info|2022-11-11 13:18:32.822992|[NETWORK][Host]handshakeClient succ,local endpoint=127.0.0.1:60475
info|2022-11-11 13:18:32.823024|[NETWORK][Host]startPeerSession, Remote=127.0.0.1:30301,local endpoint=127.0.0.1:60475,nodeID=c30b6e4f...
info|2022-11-11 13:18:32.823066|[P2P][Service] Connection established,nodeID=c30b6e4f...,endpoint=127.0.0.1:30301
info|2022-11-11 13:18:32.824946|[NETWORK][Host]handshakeClient succ,local endpoint=127.0.0.1:60474
info|2022-11-11 13:18:32.824977|[NETWORK][Host]startPeerSession, Remote=127.0.0.1:30300,local endpoint=127.0.0.1:60474,nodeID=74ec5d39...
info|2022-11-11 13:18:32.825014|[P2P][Service] Connection established,nodeID=74ec5d39...,endpoint=127.0.0.1:30300
info|2022-11-11 13:18:32.825978|[NETWORK][Host]handshakeClient succ,local endpoint=127.0.0.1:60477
info|2022-11-11 13:18:32.826004|[NETWORK][Host]startPeerSession, Remote=127.0.0.1:30302,local endpoint=127.0.0.1:60477,nodeID=54e27343...
info|2022-11-11 13:18:32.826032|[P2P][Service] Connection established,nodeID=54e27343...,endpoint=127.0.0.1:30302
error|2022-11-11 13:18:32.826288|[NETWORK][Host]Get ca basic failed
info|2022-11-11 13:18:32.829017|[NETWORK][Host]handshakeServer succ,remote endpoint=127.0.0.1:60478
info|2022-11-11 13:18:32.829046|[NETWORK][Host]startPeerSession, Remote=127.0.0.1:60478,local endpoint=127.0.0.1:30303,nodeID=c30b6e4f...
info|2022-11-11 13:18:32.829473|[NETWORK][Session]Received topic: [217] from c30b6e4f7217137914bd3298cfd2e166b062fd2f06dff8645f399620a540a0d69bab3db9018c71c03ba2953013245a97bc79e3ce3a4b16e728a4b488eaa56291
error|2022-11-11 13:18:32.831478|[NETWORK][Host]Get ca basic failed
info|2022-11-11 13:18:32.833432|[NETWORK][Host]handshakeServer succ,remote endpoint=127.0.0.1:60481
info|2022-11-11 13:18:32.833454|[NETWORK][Host]startPeerSession, Remote=127.0.0.1:60481,local endpoint=127.0.0.1:30303,nodeID=74ec5d39...
error|2022-11-11 13:18:32.833694|[NETWORK][Host]Get ca basic failed
info|2022-11-11 13:18:32.835855|[NETWORK][Host]handshakeServer succ,remote endpoint=127.0.0.1:60484
info|2022-11-11 13:18:32.835884|[NETWORK][Host]startPeerSession, Remote=127.0.0.1:60484,local endpoint=127.0.0.1:30303,nodeID=54e27343...
info|2022-11-11 13:18:32.836130|[NETWORK][Session]Received topic: [244] from 74ec5d392f0ef12f6b73a3918aea0e853c4d79690a711679dc5db2c2df93b77d85606080c2edf822b93ce642c832d7759dffac92964323a7b2cbbb8ae9c0afc1
warning|2022-11-11 13:18:39.604638|[g:1][CONSENSUS][PBFT]ViewChangeWarning: not caused by omit empty block ,v=67919,toV=67922,curNum=19,hash=bcafa72f...,nodeIdx=2,myNode=8170ed0b...
info|2022-11-11 13:18:39.605925|[g:1][CONSENSUS][PBFT]checkTimeout Succ,view=67919,toView=67922,nodeIdx=2,changeCycle=4,myNode=8170ed0b...,timecost=5
info|2022-11-11 13:18:39.629975|[g:1][CONSENSUS][PBFT]checkAndChangeView: Reach consensus,org_view=67919,cur_changeCycle=4,curView=67919,view=67922
info|2022-11-11 13:18:40.638713|[g:1][CONSENSUS]addRawPrepare,height=20,reqIdx=1,hash=a28e25c4...,time=0
info|2022-11-11 13:18:40.642994|[g:1][CONSENSUS][PBFT]checkTimeout Succ,view=67922,toView=67923,nodeIdx=2,changeCycle=1,myNode=8170ed0b...,timecost=4
info|2022-11-11 13:18:40.656346|[g:1][CONSENSUS][PBFT]checkAndChangeView: Reach consensus,org_view=67922,cur_changeCycle=1,curView=67922,view=67923
info|2022-11-11 13:18:41.657770|[g:1][CONSENSUS][SEALER]++++++++++++++++ Generating seal on,blkNum=20,tx=0,nodeIdx=2,hash=62c405e5...
info|2022-11-11 13:18:41.667073|[g:1][CONSENSUS][PBFT]checkTimeout Succ,view=67923,toView=67924,nodeIdx=2,changeCycle=1,myNode=8170ed0b...,timecost=5
info|2022-11-11 13:18:41.689573|[g:1][CONSENSUS][PBFT]checkAndChangeView: Reach consensus,org_view=67923,cur_changeCycle=1,curView=67923,view=67924
info|2022-11-11 13:18:42.704481|[g:1][CONSENSUS]addRawPrepare,height=20,reqIdx=3,hash=505fd275...,time=0
info|2022-11-11 13:18:42.709193|[g:1][CONSENSUS][PBFT]checkTimeout Succ,view=67924,toView=67925,nodeIdx=2,changeCycle=1,myNode=8170ed0b...,timecost=4
info|2022-11-11 13:18:42.724537|[g:1][CONSENSUS][PBFT]checkAndChangeView: Reach consensus,org_view=67924,cur_changeCycle=1,curView=67924,view=67925
info|2022-11-11 13:18:42.805215|[P2P][Service] heartBeat,connected count=3
info|2022-11-11 13:18:43.738827|[g:1][CONSENSUS]addRawPrepare,height=20,reqIdx=0,hash=45a94223...,time=0
info|2022-11-11 13:18:43.744919|[g:1][CONSENSUS][PBFT]checkTimeout Succ,view=67925,toView=67926,nodeIdx=2,changeCycle=1,myNode=8170ed0b...,timecost=6
info|2022-11-11 13:18:43.758834|[g:1][CONSENSUS][PBFT]checkAndChangeView: Reach consensus,org_view=67925,cur_changeCycle=1,curView=67925,view=67926
info|2022-11-11 13:18:44.777429|[g:1][CONSENSUS]addRawPrepare,height=20,reqIdx=1,hash=0f43730c...,time=0
info|2022-11-11 13:18:44.782782|[g:1][CONSENSUS][PBFT]checkTimeout Succ,view=67926,toView=67927,nodeIdx=2,changeCycle=1,myNode=8170ed0b...,timecost=4
info|2022-11-11 13:18:44.795886|[g:1][CONSENSUS][PBFT]checkAndChangeView: Reach consensus,org_view=67926,cur_changeCycle=1,curView=67926,view=67927
info|2022-11-11 13:18:45.797244|[g:1][CONSENSUS][SEALER]++++++++++++++++ Generating seal on,blkNum=20,tx=0,nodeIdx=2,hash=e259c5ce...
info|2022-11-11 13:18:45.804957|[g:1][CONSENSUS][PBFT]checkTimeout Succ,view=67927,toView=67928,nodeIdx=2,changeCycle=1,myNode=8170ed0b...,timecost=4
info|2022-11-11 13:18:45.832217|[g:1][CONSENSUS][PBFT]checkAndChangeView: Reach consensus,org_view=67927,cur_changeCycle=1,curView=67927,view=67928
info|2022-11-11 13:18:46.845568|[g:1][CONSENSUS]addRawPrepare,height=20,reqIdx=3,hash=4329b37a...,time=0
info|2022-11-11 13:18:46.851716|[g:1][CONSENSUS][PBFT]checkTimeout Succ,view=67928,toView=67929,nodeIdx=2,changeCycle=1,myNode=8170ed0b...,timecost=5
info|2022-11-11 13:18:46.870044|[g:1][CONSENSUS][PBFT]checkAndChangeView: Reach consensus,org_view=67928,cur_changeCycle=1,curView=67928,view=67929
info|2022-11-11 13:18:47.884504|[g:1][CONSENSUS]addRawPrepare,height=20,reqIdx=0,hash=8421d7e9...,time=0
info|2022-11-11 13:18:47.888644|[g:1][CONSENSUS][PBFT]checkTimeout Succ,view=67929,toView=67930,nodeIdx=2,changeCycle=1,myNode=8170ed0b...,timecost=3
info|2022-11-11 13:18:47.906375|[g:1][CONSENSUS][PBFT]checkAndChangeView: Reach consensus,org_view=67929,cur_changeCycle=1,curView=67929,view=67930
info|2022-11-11 13:18:48.922943|[g:1][CONSENSUS]addRawPrepare,height=20,reqIdx=1,hash=d9baa03a...,time=1
info|2022-11-11 13:18:48.929102|[g:1][CONSENSUS][PBFT]checkTimeout Succ,view=67930,toView=67931,nodeIdx=2,changeCycle=1,myNode=8170ed0b...,timecost=5
info|2022-11-11 13:18:48.943227|[g:1][CONSENSUS][PBFT]checkAndChangeView: Reach consensus,org_view=67930,cur_changeCycle=1,curView=67930,view=67931
info|2022-11-11 13:18:49.944662|[g:1][CONSENSUS][SEALER]++++++++++++++++ Generating seal on,blkNum=20,tx=0,nodeIdx=2,hash=a8a73ec0...
info|2022-11-11 13:18:49.951825|[g:1][CONSENSUS][PBFT]checkTimeout Succ,view=67931,toView=67932,nodeIdx=2,changeCycle=1,myNode=8170ed0b...,timecost=3
info|2022-11-11 13:18:49.980866|[g:1][CONSENSUS][PBFT]checkAndChangeView: Reach consensus,org_view=67931,cur_changeCycle=1,curView=67931,view=67932
info|2022-11-11 13:18:50.985668|[g:1][CONSENSUS]addRawPrepare,height=20,reqIdx=3,hash=b3b16845...,time=0
info|2022-11-11 13:18:50.990470|[g:1][CONSENSUS][PBFT]checkTimeout Succ,view=67932,toView=67933,nodeIdx=2,changeCycle=1,myNode=8170ed0b...,timecost=4
info|2022-11-11 13:18:51.005829|[g:1][CONSENSUS][PBFT]checkAndChangeView: Reach consensus,org_view=67932,cur_changeCycle=1,curView=67932,view=67933
info|2022-11-11 13:18:52.023353|[g:1][CONSENSUS]addRawPrepare,height=20,reqIdx=0,hash=105ecee5...,time=0
info|2022-11-11 13:18:52.029657|[g:1][CONSENSUS][PBFT]checkTimeout Succ,view=67933,toView=67934,nodeIdx=2,changeCycle=1,myNode=8170ed0b...,timecost=6
info|2022-11-11 13:18:52.043345|[g:1][CONSENSUS][PBFT]checkAndChangeView: Reach consensus,org_view=67933,cur_changeCycle=1,curView=67933,view=67934
info|2022-11-11 13:18:52.807495|[P2P][Service] heartBeat,connected count=3
info|2022-11-11 13:18:53.052590|[g:1][CONSENSUS]addRawPrepare,height=20,reqIdx=1,hash=3d130919...,time=0
info|2022-11-11 13:18:53.058059|[g:1][CONSENSUS][PBFT]checkTimeout Succ,view=67934,toView=67935,nodeIdx=2,changeCycle=1,myNode=8170ed0b...,timecost=5
info|2022-11-11 13:18:53.076184|[g:1][CONSENSUS][PBFT]checkAndChangeView: Reach consensus,org_view=67934,cur_changeCycle=1,curView=67934,view=67935
info|2022-11-11 13:18:54.076675|[g:1][CONSENSUS][SEALER]++++++++++++++++ Generating seal on,blkNum=20,tx=0,nodeIdx=2,hash=6b814318...
info|2022-11-11 13:18:54.084019|[g:1][CONSENSUS][PBFT]checkTimeout Succ,view=67935,toView=67936,nodeIdx=2,changeCycle=1,myNode=8170ed0b...,timecost=4
info|2022-11-11 13:18:54.110530|[g:1][CONSENSUS][PBFT]checkAndChangeView: Reach consensus,org_view=67935,cur_changeCycle=1,curView=67935,view=67936
info|2022-11-11 13:18:55.129462|[g:1][CONSENSUS]addRawPrepare,height=20,reqIdx=3,hash=594e7976...,time=0
info|2022-11-11 13:18:55.134511|[g:1][CONSENSUS][PBFT]checkTimeout Succ,view=67936,toView=67937,nodeIdx=2,changeCycle=1,myNode=8170ed0b...,timecost=4
info|2022-11-11 13:18:55.151022|[g:1][CONSENSUS][PBFT]checkAndChangeView: Reach consensus,org_view=67936,cur_changeCycle=1,curView=67936,view=67937
info|2022-11-11 13:18:56.168559|[g:1][CONSENSUS]addRawPrepare,height=20,reqIdx=0,hash=fbd58ff0...,time=0
info|2022-11-11 13:18:56.174117|[g:1][CONSENSUS][PBFT]checkTimeout Succ,view=67937,toView=67938,nodeIdx=2,changeCycle=1,myNode=8170ed0b...,timecost=5
info|2022-11-11 13:18:56.190793|[g:1][CONSENSUS][PBFT]checkAndChangeView: Reach consensus,org_view=67937,cur_changeCycle=1,curView=67937,view=67938
info|2022-11-11 13:18:57.201413|[g:1][CONSENSUS]addRawPrepare,height=20,reqIdx=1,hash=d5a9adc0...,time=0
info|2022-11-11 13:18:57.206099|[g:1][CONSENSUS][PBFT]checkTimeout Succ,view=67938,toView=67939,nodeIdx=2,changeCycle=1,myNode=8170ed0b...,timecost=4
info|2022-11-11 13:18:57.220696|[g:1][CONSENSUS][PBFT]checkAndChangeView: Reach consensus,org_view=67938,cur_changeCycle=1,curView=67938,view=67939
info|2022-11-11 13:18:58.221878|[g:1][CONSENSUS][SEALER]++++++++++++++++ Generating seal on,blkNum=20,tx=0,nodeIdx=2,hash=7e7b7fa8...
info|2022-11-11 13:18:58.229483|[g:1][CONSENSUS][PBFT]checkTimeout Succ,view=67939,toView=67940,nodeIdx=2,changeCycle=1,myNode=8170ed0b...,timecost=4
info|2022-11-11 13:18:58.254416|[g:1][CONSENSUS][PBFT]checkAndChangeView: Reach consensus,org_view=67939,cur_changeCycle=1,curView=67939,view=67940
info|2022-11-11 13:18:59.263504|[g:1][CONSENSUS]addRawPrepare,height=20,reqIdx=3,hash=c755643b...,time=0
info|2022-11-11 13:18:59.268799|[g:1][CONSENSUS][PBFT]checkTimeout Succ,view=67940,toView=67941,nodeIdx=2,changeCycle=1,myNode=8170ed0b...,timecost=4
info|2022-11-11 13:18:59.285122|[g:1][CONSENSUS][PBFT]checkAndChangeView: Reach consensus,org_view=67940,cur_changeCycle=1,curView=67940,view=67941
info|2022-11-11 13:19:00.299291|[g:1][CONSENSUS]addRawPrepare,height=20,reqIdx=0,hash=18200f15...,time=0
info|2022-11-11 13:19:00.303543|[g:1][CONSENSUS][PBFT]checkTimeout Succ,view=67941,toView=67942,nodeIdx=2,changeCycle=1,myNode=8170ed0b...,timecost=4
info|2022-11-11 13:19:00.321926|[g:1][CONSENSUS][PBFT]checkAndChangeView: Reach consensus,org_view=67941,cur_changeCycle=1,curView=67941,view=67942
info|2022-11-11 13:19:01.336780|[g:1][CONSENSUS]addRawPrepare,height=20,reqIdx=1,hash=7f91aa3c...,time=0
info|2022-11-11 13:19:01.345049|[g:1][CONSENSUS][PBFT]checkTimeout Succ,view=67942,toView=67943,nodeIdx=2,changeCycle=1,myNode=8170ed0b...,timecost=8
info|2022-11-11 13:19:01.364064|[g:1][CONSENSUS][PBFT]checkAndChangeView: Reach consensus,org_view=67942,cur_changeCycle=1,curView=67942,view=67943
info|2022-11-11 13:19:02.364743|[g:1][CONSENSUS][SEALER]++++++++++++++++ Generating seal on,blkNum=20,tx=0,nodeIdx=2,hash=cc43cd8a...
info|2022-11-11 13:19:02.381921|[g:1][CONSENSUS][PBFT]checkTimeout Succ,view=67943,toView=67944,nodeIdx=2,changeCycle=1,myNode=8170ed0b...,timecost=6
info|2022-11-11 13:19:02.401734|[g:1][CONSENSUS][PBFT]checkAndChangeView: Reach consensus,org_view=67943,cur_changeCycle=1,curView=67943,view=67944
info|2022-11-11 13:19:02.809629|[P2P][Service] heartBeat,connected count=3
info|2022-11-11 13:19:03.417413|[g:1][CONSENSUS]addRawPrepare,height=20,reqIdx=3,hash=9878a9da...,time=0
info|2022-11-11 13:19:03.423500|[g:1][CONSENSUS][PBFT]checkTimeout Succ,view=67944,toView=67945,nodeIdx=2,changeCycle=1,myNode=8170ed0b...,timecost=5
info|2022-11-11 13:19:03.438133|[g:1][CONSENSUS][PBFT]checkAndChangeView: Reach consensus,org_view=67944,cur_changeCycle=1,curView=67944,view=67945
info|2022-11-11 13:19:04.452465|[g:1][CONSENSUS]addRawPrepare,height=20,reqIdx=0,hash=d21678e4...,time=0
info|2022-11-11 13:19:04.458418|[g:1][CONSENSUS][PBFT]checkTimeout Succ,view=67945,toView=67946,nodeIdx=2,changeCycle=1,myNode=8170ed0b...,timecost=5
info|2022-11-11 13:19:04.473247|[g:1][CONSENSUS][PBFT]checkAndChangeView: Reach consensus,org_view=67945,cur_changeCycle=1,curView=67945,view=67946
info|2022-11-11 13:19:05.489975|[g:1][CONSENSUS]addRawPrepare,height=20,reqIdx=1,hash=18a37d4c...,time=1
info|2022-11-11 13:19:05.494048|[g:1][CONSENSUS][PBFT]checkTimeout Succ,view=67946,toView=67947,nodeIdx=2,changeCycle=1,myNode=8170ed0b...,timecost=4
info|2022-11-11 13:19:05.509568|[g:1][CONSENSUS][PBFT]checkAndChangeView: Reach consensus,org_view=67946,cur_changeCycle=1,curView=67946,view=67947
info|2022-11-11 13:19:06.510816|[g:1][CONSENSUS][SEALER]++++++++++++++++ Generating seal on,blkNum=20,tx=0,nodeIdx=2,hash=6f0095f9...
info|2022-11-11 13:19:06.520153|[g:1][CONSENSUS][PBFT]checkTimeout Succ,view=67947,toView=67948,nodeIdx=2,changeCycle=1,myNode=8170ed0b...,timecost=4
info|2022-11-11 13:19:06.552965|[g:1][CONSENSUS][PBFT]checkAndChangeView: Reach consensus,org_view=67947,cur_changeCycle=1,curView=67947,view=67948
info|2022-11-11 13:19:07.558715|[g:1][CONSENSUS]addRawPrepare,height=20,reqIdx=3,hash=a9daff3b...,time=0
info|2022-11-11 13:19:07.562554|[g:1][CONSENSUS][PBFT]checkTimeout Succ,view=67948,toView=67949,nodeIdx=2,changeCycle=1,myNode=8170ed0b...,timecost=3
info|2022-11-11 13:19:07.576664|[g:1][CONSENSUS][PBFT]checkAndChangeView: Reach consensus,org_view=67948,cur_changeCycle=1,curView=67948,view=67949
info|2022-11-11 13:19:08.589860|[g:1][CONSENSUS]addRawPrepare,height=20,reqIdx=0,hash=573c9b6d...,time=0
info|2022-11-11 13:19:08.595155|[g:1][CONSENSUS][PBFT]checkTimeout Succ,view=67949,toView=67950,nodeIdx=2,changeCycle=1,myNode=8170ed0b...,timecost=5
info|2022-11-11 13:19:08.607120|[g:1][CONSENSUS][PBFT]checkAndChangeView: Reach consensus,org_view=67949,cur_changeCycle=1,curView=67949,view=67950
info|2022-11-11 13:19:09.621399|[g:1][CONSENSUS]addRawPrepare,height=20,reqIdx=1,hash=f43d7b26...,time=0
info|2022-11-11 13:19:09.626686|[g:1][CONSENSUS][PBFT]checkTimeout Succ,view=67950,toView=67951,nodeIdx=2,changeCycle=1,myNode=8170ed0b...,timecost=4
info|2022-11-11 13:19:09.645204|[g:1][CONSENSUS][PBFT]checkAndChangeView: Reach consensus,org_view=67950,cur_changeCycle=1,curView=67950,view=67951
info|2022-11-11 13:19:10.647114|[g:1][CONSENSUS][SEALER]++++++++++++++++ Generating seal on,blkNum=20,tx=0,nodeIdx=2,hash=0428eb3f...
info|2022-11-11 13:19:10.655986|[g:1][CONSENSUS][PBFT]checkTimeout Succ,view=67951,toView=67952,nodeIdx=2,changeCycle=1,myNode=8170ed0b...,timecost=5
info|2022-11-11 13:19:10.680461|[g:1][CONSENSUS][PBFT]checkAndChangeView: Reach consensus,org_view=67951,cur_changeCycle=1,curView=67951,view=67952
info|2022-11-11 13:19:11.695012|[g:1][CONSENSUS]addRawPrepare,height=20,reqIdx=3,hash=e77aa623...,time=1
info|2022-11-11 13:19:11.700155|[g:1][CONSENSUS][PBFT]checkTimeout Succ,view=67952,toView=67953,nodeIdx=2,changeCycle=1,myNode=8170ed0b...,timecost=5
info|2022-11-11 13:19:11.712523|[g:1][CONSENSUS][PBFT]checkAndChangeView: Reach consensus,org_view=67952,cur_changeCycle=1,curView=67952,view=67953
info|2022-11-11 13:19:12.730753|[g:1][CONSENSUS]addRawPrepare,height=20,reqIdx=0,hash=4fa6e436...,time=0
info|2022-11-11 13:19:12.735146|[g:1][CONSENSUS][PBFT]checkTimeout Succ,view=67953,toView=67954,nodeIdx=2,changeCycle=1,myNode=8170ed0b...,timecost=4
info|2022-11-11 13:19:12.753093|[g:1][CONSENSUS][PBFT]checkAndChangeView: Reach consensus,org_view=67953,cur_changeCycle=1,curView=67953,view=67954
info|2022-11-11 13:19:12.810693|[P2P][Service] heartBeat,connected count=3
info|2022-11-11 13:19:13.773630|[g:1][CONSENSUS]addRawPrepare,height=20,reqIdx=1,hash=e04c60e1...,time=0
info|2022-11-11 13:19:13.781736|[g:1][CONSENSUS][PBFT]checkTimeout Succ,view=67954,toView=67955,nodeIdx=2,changeCycle=1,myNode=8170ed0b...,timecost=7
info|2022-11-11 13:19:13.793284|[g:1][CONSENSUS][PBFT]checkAndChangeView: Reach consensus,org_view=67954,cur_changeCycle=1,curView=67954,view=67955
info|2022-11-11 13:19:14.795389|[g:1][CONSENSUS][SEALER]++++++++++++++++ Generating seal on,blkNum=20,tx=0,nodeIdx=2,hash=340f1a9a...
info|2022-11-11 13:19:14.805233|[g:1][CONSENSUS][PBFT]checkTimeout Succ,view=67955,toView=67956,nodeIdx=2,changeCycle=1,myNode=8170ed0b...,timecost=5
info|2022-11-11 13:19:14.834537|[g:1][CONSENSUS][PBFT]checkAndChangeView: Reach consensus,org_view=67955,cur_changeCycle=1,curView=67955,view=67956
info|2022-11-11 13:19:15.851836|[g:1][CONSENSUS]addRawPrepare,height=20,reqIdx=3,hash=37f8818f...,time=0
info|2022-11-11 13:19:15.859921|[g:1][CONSENSUS][PBFT]checkTimeout Succ,view=67956,toView=67957,nodeIdx=2,changeCycle=1,myNode=8170ed0b...,timecost=8
info|2022-11-11 13:19:15.871007|[g:1][CONSENSUS][PBFT]checkAndChangeView: Reach consensus,org_view=67956,cur_changeCycle=1,curView=67956,view=67957
info|2022-11-11 13:19:16.889799|[g:1][CONSENSUS]addRawPrepare,height=20,reqIdx=0,hash=ec343a99...,time=0
info|2022-11-11 13:19:16.897147|[g:1][CONSENSUS][PBFT]checkTimeout Succ,view=67957,toView=67958,nodeIdx=2,changeCycle=1,myNode=8170ed0b...,timecost=7
info|2022-11-11 13:19:16.920227|[g:1][CONSENSUS][PBFT]checkAndChangeView: Reach consensus,org_view=67957,cur_changeCycle=1,curView=67957,view=67958
info|2022-11-11 13:19:17.935084|[g:1][CONSENSUS]addRawPrepare,height=20,reqIdx=1,hash=795c4475...,time=0
info|2022-11-11 13:19:17.941425|[g:1][CONSENSUS][PBFT]checkTimeout Succ,view=67958,toView=67959,nodeIdx=2,changeCycle=1,myNode=8170ed0b...,timecost=6
info|2022-11-11 13:19:17.959740|[g:1][CONSENSUS][PBFT]checkAndChangeView: Reach consensus,org_view=67958,cur_changeCycle=1,curView=67958,view=67959
info|2022-11-11 13:19:18.964516|[g:1][CONSENSUS][SEALER]++++++++++++++++ Generating seal on,blkNum=20,tx=0,nodeIdx=2,hash=1d7cc677...
info|2022-11-11 13:19:18.979666|[g:1][CONSENSUS][PBFT]checkTimeout Succ,view=67959,toView=67960,nodeIdx=2,changeCycle=1,myNode=8170ed0b...,timecost=4
info|2022-11-11 13:19:18.995735|[g:1][CONSENSUS][PBFT]checkAndChangeView: Reach consensus,org_view=67959,cur_changeCycle=1,curView=67959,view=67960
info|2022-11-11 13:19:20.010306|[g:1][CONSENSUS]addRawPrepare,height=20,reqIdx=3,hash=aaaff178...,time=0
info|2022-11-11 13:19:20.015402|[g:1][CONSENSUS][PBFT]checkTimeout Succ,view=67960,toView=67961,nodeIdx=2,changeCycle=1,myNode=8170ed0b...,timecost=5
info|2022-11-11 13:19:20.029978|[g:1][CONSENSUS][PBFT]checkAndChangeView: Reach consensus,org_view=67960,cur_changeCycle=1,curView=67960,view=67961
info|2022-11-11 13:19:21.034254|[g:1][CONSENSUS]addRawPrepare,height=20,reqIdx=0,hash=6a5546a2...,time=0
info|2022-11-11 13:19:21.035252|[g:1][CONSENSUS][PBFT]checkTimeout Succ,view=67961,toView=67962,nodeIdx=2,changeCycle=1,myNode=8170ed0b...,timecost=1
info|2022-11-11 13:19:21.037962|[g:1][CONSENSUS][PBFT]checkAndChangeView: Reach consensus,org_view=67961,cur_changeCycle=1,curView=67961,view=67962
info|2022-11-11 13:19:22.040733|[g:1][CONSENSUS]addRawPrepare,height=20,reqIdx=1,hash=45cb0d43...,time=0
info|2022-11-11 13:19:22.041693|[g:1][CONSENSUS][PBFT]checkTimeout Succ,view=67962,toView=67963,nodeIdx=2,changeCycle=1,myNode=8170ed0b...,timecost=1
info|2022-11-11 13:19:22.045181|[g:1][CONSENSUS][PBFT]checkAndChangeView: Reach consensus,org_view=67962,cur_changeCycle=1,curView=67962,view=67963
info|2022-11-11 13:19:22.812447|[P2P][Service] heartBeat,connected count=3
info|2022-11-11 13:19:23.046210|[g:1][CONSENSUS][SEALER]++++++++++++++++ Generating seal on,blkNum=20,tx=0,nodeIdx=2,hash=8b59aaf7...
info|2022-11-11 13:19:23.053850|[g:1][CONSENSUS][PBFT]checkTimeout Succ,view=67963,toView=67964,nodeIdx=2,changeCycle=1,myNode=8170ed0b...,timecost=0
info|2022-11-11 13:19:23.055045|[g:1][CONSENSUS][PBFT]checkAndChangeView: Reach consensus,org_view=67963,cur_changeCycle=1,curView=67963,view=67964
info|2022-11-11 13:19:24.056576|[g:1][CONSENSUS]addRawPrepare,height=20,reqIdx=3,hash=48a94c67...,time=0
info|2022-11-11 13:19:24.057549|[g:1][CONSENSUS][PBFT]checkTimeout Succ,view=67964,toView=67965,nodeIdx=2,changeCycle=1,myNode=8170ed0b...,timecost=1
info|2022-11-11 13:19:24.060082|[g:1][CONSENSUS][PBFT]checkAndChangeView: Reach consensus,org_view=67964,cur_changeCycle=1,curView=67964,view=67965
info|2022-11-11 13:19:25.064084|[g:1][CONSENSUS]addRawPrepare,height=20,reqIdx=0,hash=3ebe51f9...,time=0
info|2022-11-11 13:19:25.064914|[g:1][CONSENSUS][PBFT]checkTimeout Succ,view=67965,toView=67966,nodeIdx=2,changeCycle=1,myNode=8170ed0b...,timecost=0
info|2022-11-11 13:19:25.067168|[g:1][CONSENSUS][PBFT]checkAndChangeView: Reach consensus,org_view=67965,cur_changeCycle=1,curView=67965,view=67966
warning|2022-11-11 13:19:51.001650|[g:1][CONSENSUS][PBFT]ViewChangeWarning: not caused by omit empty block ,v=67966,toV=67967,curNum=19,hash=bcafa72f...,nodeIdx=2,myNode=8170ed0b...
info|2022-11-11 13:19:51.001813|[g:1][CONSENSUS][PBFT]checkTimeout Succ,view=67966,toView=67967,nodeIdx=2,changeCycle=2,myNode=8170ed0b...,timecost=0
info|2022-11-11 13:19:51.004555|[P2P][Service] heartBeat,connected count=3
info|2022-11-11 13:19:51.008303|[g:1][CONSENSUS][PBFT]checkAndChangeView: Reach consensus,org_view=67966,cur_changeCycle=2,curView=67966,view=67967
info|2022-11-11 13:19:52.010493|[g:1][CONSENSUS][SEALER]++++++++++++++++ Generating seal on,blkNum=20,tx=0,nodeIdx=2,hash=ac61cd03...
info|2022-11-11 13:19:52.017025|[g:1][CONSENSUS][PBFT]checkTimeout Succ,view=67967,toView=67968,nodeIdx=2,changeCycle=1,myNode=8170ed0b...,timecost=1
info|2022-11-11 13:19:52.017432|[g:1][CONSENSUS][PBFT]checkAndChangeView: Reach consensus,org_view=67967,cur_changeCycle=1,curView=67967,view=67968
info|2022-11-11 13:19:53.020719|[g:1][CONSENSUS]addRawPrepare,height=20,reqIdx=3,hash=eee45800...,time=0
info|2022-11-11 13:19:53.021427|[g:1][CONSENSUS][PBFT]checkTimeout Succ,view=67968,toView=67969,nodeIdx=2,changeCycle=1,myNode=8170ed0b...,timecost=1
info|2022-11-11 13:19:53.023007|[g:1][CONSENSUS][PBFT]checkAndChangeView: Reach consensus,org_view=67968,cur_changeCycle=1,curView=67968,view=67969
info|2022-11-11 13:19:54.024003|[g:1][CONSENSUS]addRawPrepare,height=20,reqIdx=0,hash=0265a797...,time=1
info|2022-11-11 13:19:54.024352|[g:1][CONSENSUS][PBFT]checkTimeout Succ,view=67969,toView=67970,nodeIdx=2,changeCycle=1,myNode=8170ed0b...,timecost=0
info|2022-11-11 13:19:54.025647|[g:1][CONSENSUS][PBFT]checkAndChangeView: Reach consensus,org_view=67969,cur_changeCycle=1,curView=67969,view=67970
info|2022-11-11 13:19:55.027973|[g:1][CONSENSUS]addRawPrepare,height=20,reqIdx=1,hash=23083000...,time=0
info|2022-11-11 13:19:55.028756|[g:1][CONSENSUS][PBFT]checkTimeout Succ,view=67970,toView=67971,nodeIdx=2,changeCycle=1,myNode=8170ed0b...,timecost=0
info|2022-11-11 13:19:55.031831|[g:1][CONSENSUS][PBFT]checkAndChangeView: Reach consensus,org_view=67970,cur_changeCycle=1,curView=67970,view=67971
info|2022-11-11 13:19:56.031589|[g:1][CONSENSUS][SEALER]++++++++++++++++ Generating seal on,blkNum=20,tx=0,nodeIdx=2,hash=c9442d58...
info|2022-11-11 13:19:56.035790|[g:1][CONSENSUS][PBFT]checkTimeout Succ,view=67971,toView=67972,nodeIdx=2,changeCycle=1,myNode=8170ed0b...,timecost=0
info|2022-11-11 13:19:56.036461|[g:1][CONSENSUS][PBFT]checkAndChangeView: Reach consensus,org_view=67971,cur_changeCycle=1,curView=67971,view=67972
info|2022-11-11 13:19:57.038277|[g:1][CONSENSUS]addRawPrepare,height=20,reqIdx=3,hash=f820ceaa...,time=0
info|2022-11-11 13:19:57.039214|[g:1][CONSENSUS][PBFT]checkTimeout Succ,view=67972,toView=67973,nodeIdx=2,changeCycle=1,myNode=8170ed0b...,timecost=1
info|2022-11-11 13:19:57.041705|[g:1][CONSENSUS][PBFT]checkAndChangeView: Reach consensus,org_view=67972,cur_changeCycle=1,curView=67972,view=67973
info|2022-11-11 13:19:58.044964|[g:1][CONSENSUS]addRawPrepare,height=20,reqIdx=0,hash=4862639f...,time=0
info|2022-11-11 13:19:58.045892|[g:1][CONSENSUS][PBFT]checkTimeout Succ,view=67973,toView=67974,nodeIdx=2,changeCycle=1,myNode=8170ed0b...,timecost=0
info|2022-11-11 13:19:58.048019|[g:1][CONSENSUS][PBFT]checkAndChangeView: Reach consensus,org_view=67973,cur_changeCycle=1,curView=67973,view=67974
info|2022-11-11 13:19:59.050704|[g:1][CONSENSUS]addRawPrepare,height=20,reqIdx=1,hash=b9125b4f...,time=0
info|2022-11-11 13:19:59.051324|[g:1][CONSENSUS][PBFT]checkTimeout Succ,view=67974,toView=67975,nodeIdx=2,changeCycle=1,myNode=8170ed0b...,timecost=1
info|2022-11-11 13:19:59.053027|[g:1][CONSENSUS][PBFT]checkAndChangeView: Reach consensus,org_view=67974,cur_changeCycle=1,curView=67974,view=67975
info|2022-11-11 13:20:00.052736|[g:1][CONSENSUS][SEALER]++++++++++++++++ Generating seal on,blkNum=20,tx=0,nodeIdx=2,hash=5ca1ecf5...
info|2022-11-11 13:20:00.058679|[g:1][CONSENSUS][PBFT]checkTimeout Succ,view=67975,toView=67976,nodeIdx=2,changeCycle=1,myNode=8170ed0b...,timecost=0
info|2022-11-11 13:20:00.059929|[g:1][CONSENSUS][PBFT]checkAndChangeView: Reach consensus,org_view=67975,cur_changeCycle=1,curView=67975,view=67976
info|2022-11-11 13:20:01.004968|[P2P][Service] heartBeat,connected count=3
info|2022-11-11 13:20:01.061828|[g:1][CONSENSUS]addRawPrepare,height=20,reqIdx=3,hash=9f743d84...,time=0
info|2022-11-11 13:20:01.062526|[g:1][CONSENSUS][PBFT]checkTimeout Succ,view=67976,toView=67977,nodeIdx=2,changeCycle=1,myNode=8170ed0b...,timecost=1
info|2022-11-11 13:20:01.064443|[g:1][CONSENSUS][PBFT]checkAndChangeView: Reach consensus,org_view=67976,cur_changeCycle=1,curView=67976,view=67977
info|2022-11-11 13:20:02.077717|[g:1][CONSENSUS]addRawPrepare,height=20,reqIdx=0,hash=32f9fe92...,time=0
info|2022-11-11 13:20:02.082539|[g:1][CONSENSUS][PBFT]checkTimeout Succ,view=67977,toView=67978,nodeIdx=2,changeCycle=1,myNode=8170ed0b...,timecost=4
info|2022-11-11 13:20:02.099438|[g:1][CONSENSUS][PBFT]checkAndChangeView: Reach consensus,org_view=67977,cur_changeCycle=1,curView=67977,view=67978
info|2022-11-11 13:20:03.118792|[g:1][CONSENSUS]addRawPrepare,height=20,reqIdx=1,hash=eec25874...,time=0
info|2022-11-11 13:20:03.123232|[g:1][CONSENSUS][PBFT]checkTimeout Succ,view=67978,toView=67979,nodeIdx=2,changeCycle=1,myNode=8170ed0b...,timecost=4
info|2022-11-11 13:20:03.144404|[g:1][CONSENSUS][PBFT]checkAndChangeView: Reach consensus,org_view=67978,cur_changeCycle=1,curView=67978,view=67979
info|2022-11-11 13:20:04.145156|[g:1][CONSENSUS][SEALER]++++++++++++++++ Generating seal on,blkNum=20,tx=0,nodeIdx=2,hash=2ee2feea...
info|2022-11-11 13:20:04.162313|[g:1][CONSENSUS][PBFT]checkTimeout Succ,view=67979,toView=67980,nodeIdx=2,changeCycle=1,myNode=8170ed0b...,timecost=4
info|2022-11-11 13:20:04.176295|[g:1][CONSENSUS][PBFT]checkAndChangeView: Reach consensus,org_view=67979,cur_changeCycle=1,curView=67979,view=67980
info|2022-11-11 13:20:05.188232|[g:1][CONSENSUS]addRawPrepare,height=20,reqIdx=3,hash=6899e4f3...,time=0
info|2022-11-11 13:20:05.193208|[g:1][CONSENSUS][PBFT]checkTimeout Succ,view=67980,toView=67981,nodeIdx=2,changeCycle=1,myNode=8170ed0b...,timecost=5
info|2022-11-11 13:20:05.209766|[g:1][CONSENSUS][PBFT]checkAndChangeView: Reach consensus,org_view=67980,cur_changeCycle=1,curView=67980,view=67981
info|2022-11-11 13:20:06.222068|[g:1][CONSENSUS]addRawPrepare,height=20,reqIdx=0,hash=40dc60ab...,time=0
info|2022-11-11 13:20:06.227718|[g:1][CONSENSUS][PBFT]checkTimeout Succ,view=67981,toView=67982,nodeIdx=2,changeCycle=1,myNode=8170ed0b...,timecost=5
info|2022-11-11 13:20:06.252470|[g:1][CONSENSUS][PBFT]checkAndChangeView: Reach consensus,org_view=67981,cur_changeCycle=1,curView=67981,view=67982
info|2022-11-11 13:20:07.255393|[g:1][CONSENSUS]addRawPrepare,height=20,reqIdx=1,hash=d13101c8...,time=0
info|2022-11-11 13:20:07.260855|[g:1][CONSENSUS][PBFT]checkTimeout Succ,view=67982,toView=67983,nodeIdx=2,changeCycle=1,myNode=8170ed0b...,timecost=4
info|2022-11-11 13:20:07.275977|[g:1][CONSENSUS][PBFT]checkAndChangeView: Reach consensus,org_view=67982,cur_changeCycle=1,curView=67982,view=67983
info|2022-11-11 13:20:08.277633|[g:1][CONSENSUS][SEALER]++++++++++++++++ Generating seal on,blkNum=20,tx=0,nodeIdx=2,hash=110f10a0...
info|2022-11-11 13:20:08.295364|[g:1][CONSENSUS][PBFT]checkTimeout Succ,view=67983,toView=67984,nodeIdx=2,changeCycle=1,myNode=8170ed0b...,timecost=5
info|2022-11-11 13:20:08.311623|[g:1][CONSENSUS][PBFT]checkAndChangeView: Reach consensus,org_view=67983,cur_changeCycle=1,curView=67983,view=67984
info|2022-11-11 13:20:09.322135|[g:1][CONSENSUS]addRawPrepare,height=20,reqIdx=3,hash=521ffbe3...,time=0
info|2022-11-11 13:20:09.326544|[g:1][CONSENSUS][PBFT]checkTimeout Succ,view=67984,toView=67985,nodeIdx=2,changeCycle=1,myNode=8170ed0b...,timecost=4
info|2022-11-11 13:20:09.340842|[g:1][CONSENSUS][PBFT]checkAndChangeView: Reach consensus,org_view=67984,cur_changeCycle=1,curView=67984,view=67985
info|2022-11-11 13:20:10.352654|[g:1][CONSENSUS]addRawPrepare,height=20,reqIdx=0,hash=237e4d93...,time=0
info|2022-11-11 13:20:10.356961|[g:1][CONSENSUS][PBFT]checkTimeout Succ,view=67985,toView=67986,nodeIdx=2,changeCycle=1,myNode=8170ed0b...,timecost=4
info|2022-11-11 13:20:10.369527|[g:1][CONSENSUS][PBFT]checkAndChangeView: Reach consensus,org_view=67985,cur_changeCycle=1,curView=67985,view=67986
info|2022-11-11 13:20:11.005818|[P2P][Service] heartBeat,connected count=3
info|2022-11-11 13:20:11.384010|[g:1][CONSENSUS]addRawPrepare,height=20,reqIdx=1,hash=a3ddabcc...,time=1
info|2022-11-11 13:20:11.388136|[g:1][CONSENSUS][PBFT]checkTimeout Succ,view=67986,toView=67987,nodeIdx=2,changeCycle=1,myNode=8170ed0b...,timecost=4
info|2022-11-11 13:20:11.401860|[g:1][CONSENSUS][PBFT]checkAndChangeView: Reach consensus,org_view=67986,cur_changeCycle=1,curView=67986,view=67987
info|2022-11-11 13:20:12.403352|[g:1][CONSENSUS][SEALER]++++++++++++++++ Generating seal on,blkNum=20,tx=0,nodeIdx=2,hash=8bca3ba8...
info|2022-11-11 13:20:12.413089|[g:1][CONSENSUS][PBFT]checkTimeout Succ,view=67987,toView=67988,nodeIdx=2,changeCycle=1,myNode=8170ed0b...,timecost=5
info|2022-11-11 13:20:12.443654|[g:1][CONSENSUS][PBFT]checkAndChangeView: Reach consensus,org_view=67987,cur_changeCycle=1,curView=67987,view=67988
info|2022-11-11 13:20:13.458573|[g:1][CONSENSUS]addRawPrepare,height=20,reqIdx=3,hash=0b06d0eb...,time=0
info|2022-11-11 13:20:13.463866|[g:1][CONSENSUS][PBFT]checkTimeout Succ,view=67988,toView=67989,nodeIdx=2,changeCycle=1,myNode=8170ed0b...,timecost=5
info|2022-11-11 13:20:13.484773|[g:1][CONSENSUS][PBFT]checkAndChangeView: Reach consensus,org_view=67988,cur_changeCycle=1,curView=67988,view=67989
info|2022-11-11 13:20:14.508988|[g:1][CONSENSUS]addRawPrepare,height=20,reqIdx=0,hash=2bc62b3e...,time=1
info|2022-11-11 13:20:14.516922|[g:1][CONSENSUS][PBFT]checkTimeout Succ,view=67989,toView=67990,nodeIdx=2,changeCycle=1,myNode=8170ed0b...,timecost=8
info|2022-11-11 13:20:14.532547|[g:1][CONSENSUS][PBFT]checkAndChangeView: Reach consensus,org_view=67989,cur_changeCycle=1,curView=67989,view=67990
info|2022-11-11 13:20:15.545558|[g:1][CONSENSUS]addRawPrepare,height=20,reqIdx=1,hash=fbb21d2a...,time=0
info|2022-11-11 13:20:15.549957|[g:1][CONSENSUS][PBFT]checkTimeout Succ,view=67990,toView=67991,nodeIdx=2,changeCycle=1,myNode=8170ed0b...,timecost=4
info|2022-11-11 13:20:15.568441|[g:1][CONSENSUS][PBFT]checkAndChangeView: Reach consensus,org_view=67990,cur_changeCycle=1,curView=67990,view=67991
info|2022-11-11 13:20:16.570213|[g:1][CONSENSUS][SEALER]++++++++++++++++ Generating seal on,blkNum=20,tx=0,nodeIdx=2,hash=c6c92143...
info|2022-11-11 13:20:16.577529|[g:1][CONSENSUS][PBFT]checkTimeout Succ,view=67991,toView=67992,nodeIdx=2,changeCycle=1,myNode=8170ed0b...,timecost=3
info|2022-11-11 13:20:16.601716|[g:1][CONSENSUS][PBFT]checkAndChangeView: Reach consensus,org_view=67991,cur_changeCycle=1,curView=67991,view=67992
info|2022-11-11 13:20:17.615754|[g:1][CONSENSUS]addRawPrepare,height=20,reqIdx=3,hash=d39a7c8a...,time=0
info|2022-11-11 13:20:17.620115|[g:1][CONSENSUS][PBFT]checkTimeout Succ,view=67992,toView=67993,nodeIdx=2,changeCycle=1,myNode=8170ed0b...,timecost=4
info|2022-11-11 13:20:17.638507|[g:1][CONSENSUS][PBFT]checkAndChangeView: Reach consensus,org_view=67992,cur_changeCycle=1,curView=67992,view=67993
info|2022-11-11 13:20:18.653038|[g:1][CONSENSUS]addRawPrepare,height=20,reqIdx=0,hash=e40e0ef1...,time=1
info|2022-11-11 13:20:18.658441|[g:1][CONSENSUS][PBFT]checkTimeout Succ,view=67993,toView=67994,nodeIdx=2,changeCycle=1,myNode=8170ed0b...,timecost=5
info|2022-11-11 13:20:18.677031|[g:1][CONSENSUS][PBFT]checkAndChangeView: Reach consensus,org_view=67993,cur_changeCycle=1,curView=67993,view=67994
info|2022-11-11 13:20:19.687055|[g:1][CONSENSUS]addRawPrepare,height=20,reqIdx=1,hash=e0c69440...,time=1
info|2022-11-11 13:20:19.692659|[g:1][CONSENSUS][PBFT]checkTimeout Succ,view=67994,toView=67995,nodeIdx=2,changeCycle=1,myNode=8170ed0b...,timecost=6
info|2022-11-11 13:20:19.704977|[g:1][CONSENSUS][PBFT]checkAndChangeView: Reach consensus,org_view=67994,cur_changeCycle=1,curView=67994,view=67995
info|2022-11-11 13:20:20.705995|[g:1][CONSENSUS][SEALER]++++++++++++++++ Generating seal on,blkNum=20,tx=0,nodeIdx=2,hash=a81ad75c...
info|2022-11-11 13:20:20.722778|[g:1][CONSENSUS][PBFT]checkTimeout Succ,view=67995,toView=67996,nodeIdx=2,changeCycle=1,myNode=8170ed0b...,timecost=4
info|2022-11-11 13:20:20.737815|[g:1][CONSENSUS][PBFT]checkAndChangeView: Reach consensus,org_view=67995,cur_changeCycle=1,curView=67995,view=67996
info|2022-11-11 13:20:21.007599|[P2P][Service] heartBeat,connected count=3
info|2022-11-11 13:20:21.751576|[g:1][CONSENSUS]addRawPrepare,height=20,reqIdx=3,hash=d58785a8...,time=0
info|2022-11-11 13:20:21.758561|[g:1][CONSENSUS][PBFT]checkTimeout Succ,view=67996,toView=67997,nodeIdx=2,changeCycle=1,myNode=8170ed0b...,timecost=6
info|2022-11-11 13:20:21.775109|[g:1][CONSENSUS][PBFT]checkAndChangeView: Reach consensus,org_view=67996,cur_changeCycle=1,curView=67996,view=67997
info|2022-11-11 13:20:22.790701|[g:1][CONSENSUS]addRawPrepare,height=20,reqIdx=0,hash=c2121121...,time=0
info|2022-11-11 13:20:22.800254|[g:1][CONSENSUS][PBFT]checkTimeout Succ,view=67997,toView=67998,nodeIdx=2,changeCycle=1,myNode=8170ed0b...,timecost=9
info|2022-11-11 13:20:22.838710|[g:1][CONSENSUS][PBFT]checkAndChangeView: Reach consensus,org_view=67997,cur_changeCycle=1,curView=67997,view=67998
info|2022-11-11 13:20:23.858602|[g:1][CONSENSUS]addRawPrepare,height=20,reqIdx=1,hash=cb7ff960...,time=0
info|2022-11-11 13:20:23.863521|[g:1][CONSENSUS][PBFT]checkTimeout Succ,view=67998,toView=67999,nodeIdx=2,changeCycle=1,myNode=8170ed0b...,timecost=4
info|2022-11-11 13:20:23.878924|[g:1][CONSENSUS][PBFT]checkAndChangeView: Reach consensus,org_view=67998,cur_changeCycle=1,curView=67998,view=67999
info|2022-11-11 13:20:24.880340|[g:1][CONSENSUS][SEALER]++++++++++++++++ Generating seal on,blkNum=20,tx=0,nodeIdx=2,hash=1ced32b0...
info|2022-11-11 13:20:24.889235|[g:1][CONSENSUS][PBFT]checkTimeout Succ,view=67999,toView=68000,nodeIdx=2,changeCycle=1,myNode=8170ed0b...,timecost=4
info|2022-11-11 13:20:24.914179|[g:1][CONSENSUS][PBFT]checkAndChangeView: Reach consensus,org_view=67999,cur_changeCycle=1,curView=67999,view=68000
info|2022-11-11 13:20:25.922160|[g:1][CONSENSUS]addRawPrepare,height=20,reqIdx=3,hash=6c63f62a...,time=0
info|2022-11-11 13:20:25.926401|[g:1][CONSENSUS][PBFT]checkTimeout Succ,view=68000,toView=68001,nodeIdx=2,changeCycle=1,myNode=8170ed0b...,timecost=4
info|2022-11-11 13:20:25.939899|[g:1][CONSENSUS][PBFT]checkAndChangeView: Reach consensus,org_view=68000,cur_changeCycle=1,curView=68000,view=68001
info|2022-11-11 13:20:26.961481|[g:1][CONSENSUS]addRawPrepare,height=20,reqIdx=0,hash=d66a11c1...,time=0
info|2022-11-11 13:20:26.966491|[g:1][CONSENSUS][PBFT]checkTimeout Succ,view=68001,toView=68002,nodeIdx=2,changeCycle=1,myNode=8170ed0b...,timecost=5
info|2022-11-11 13:20:26.980718|[g:1][CONSENSUS][PBFT]checkAndChangeView: Reach consensus,org_view=68001,cur_changeCycle=1,curView=68001,view=68002
info|2022-11-11 13:20:27.991764|[g:1][CONSENSUS]addRawPrepare,height=20,reqIdx=1,hash=38435607...,time=0
info|2022-11-11 13:20:27.996470|[g:1][CONSENSUS][PBFT]checkTimeout Succ,view=68002,toView=68003,nodeIdx=2,changeCycle=1,myNode=8170ed0b...,timecost=5
info|2022-11-11 13:20:28.012167|[g:1][CONSENSUS][PBFT]checkAndChangeView: Reach consensus,org_view=68002,cur_changeCycle=1,curView=68002,view=68003
info|2022-11-11 13:20:29.014334|[g:1][CONSENSUS][SEALER]++++++++++++++++ Generating seal on,blkNum=20,tx=0,nodeIdx=2,hash=986b750c...
info|2022-11-11 13:20:29.032555|[g:1][CONSENSUS][PBFT]checkTimeout Succ,view=68003,toView=68004,nodeIdx=2,changeCycle=1,myNode=8170ed0b...,timecost=4
info|2022-11-11 13:20:29.048354|[g:1][CONSENSUS][PBFT]checkAndChangeView: Reach consensus,org_view=68003,cur_changeCycle=1,curView=68003,view=68004
info|2022-11-11 13:20:30.060931|[g:1][CONSENSUS]addRawPrepare,height=20,reqIdx=3,hash=c7f737e0...,time=1
info|2022-11-11 13:20:30.065071|[g:1][CONSENSUS][PBFT]checkTimeout Succ,view=68004,toView=68005,nodeIdx=2,changeCycle=1,myNode=8170ed0b...,timecost=4
info|2022-11-11 13:20:30.081153|[g:1][CONSENSUS][PBFT]checkAndChangeView: Reach consensus,org_view=68004,cur_changeCycle=1,curView=68004,view=68005
info|2022-11-11 13:20:31.008803|[P2P][Service] heartBeat,connected count=3
info|2022-11-11 13:20:31.094054|[g:1][CONSENSUS]addRawPrepare,height=20,reqIdx=0,hash=f885e673...,time=0
info|2022-11-11 13:20:31.098031|[g:1][CONSENSUS][PBFT]checkTimeout Succ,view=68005,toView=68006,nodeIdx=2,changeCycle=1,myNode=8170ed0b...,timecost=4
info|2022-11-11 13:20:31.112073|[g:1][CONSENSUS][PBFT]checkAndChangeView: Reach consensus,org_view=68005,cur_changeCycle=1,curView=68005,view=68006
info|2022-11-11 13:20:32.125639|[g:1][CONSENSUS]addRawPrepare,height=20,reqIdx=1,hash=5ba6e06d...,time=0
info|2022-11-11 13:20:32.130199|[g:1][CONSENSUS][PBFT]checkTimeout Succ,view=68006,toView=68007,nodeIdx=2,changeCycle=1,myNode=8170ed0b...,timecost=4
info|2022-11-11 13:20:32.143590|[g:1][CONSENSUS][PBFT]checkAndChangeView: Reach consensus,org_view=68006,cur_changeCycle=1,curView=68006,view=68007
info|2022-11-11 13:20:33.145451|[g:1][CONSENSUS][SEALER]++++++++++++++++ Generating seal on,blkNum=20,tx=0,nodeIdx=2,hash=15570211...
info|2022-11-11 13:20:33.154420|[g:1][CONSENSUS][PBFT]checkTimeout Succ,view=68007,toView=68008,nodeIdx=2,changeCycle=1,myNode=8170ed0b...,timecost=5
info|2022-11-11 13:20:33.177041|[g:1][CONSENSUS][PBFT]checkAndChangeView: Reach consensus,org_view=68007,cur_changeCycle=1,curView=68007,view=68008
info|2022-11-11 13:20:34.198046|[g:1][CONSENSUS]addRawPrepare,height=20,reqIdx=3,hash=a0dcf43c...,time=1
info|2022-11-11 13:20:34.205511|[g:1][CONSENSUS][PBFT]checkTimeout Succ,view=68008,toView=68009,nodeIdx=2,changeCycle=1,myNode=8170ed0b...,timecost=7
info|2022-11-11 13:20:34.229800|[g:1][CONSENSUS][PBFT]checkAndChangeView: Reach consensus,org_view=68008,cur_changeCycle=1,curView=68008,view=68009
info|2022-11-11 13:20:35.246397|[g:1][CONSENSUS]addRawPrepare,height=20,reqIdx=0,hash=3d6aea05...,time=0
info|2022-11-11 13:20:35.249619|[g:1][CONSENSUS][PBFT]checkTimeout Succ,view=68009,toView=68010,nodeIdx=2,changeCycle=1,myNode=8170ed0b...,timecost=3
info|2022-11-11 13:20:35.263124|[g:1][CONSENSUS][PBFT]checkAndChangeView: Reach consensus,org_view=68009,cur_changeCycle=1,curView=68009,view=68010
info|2022-11-11 13:20:36.280114|[g:1][CONSENSUS]addRawPrepare,height=20,reqIdx=1,hash=1b091565...,time=0
info|2022-11-11 13:20:36.286293|[g:1][CONSENSUS][PBFT]checkTimeout Succ,view=68010,toView=68011,nodeIdx=2,changeCycle=1,myNode=8170ed0b...,timecost=6
info|2022-11-11 13:20:36.308826|[g:1][CONSENSUS][PBFT]checkAndChangeView: Reach consensus,org_view=68010,cur_changeCycle=1,curView=68010,view=68011
info|2022-11-11 13:20:37.310921|[g:1][CONSENSUS][SEALER]++++++++++++++++ Generating seal on,blkNum=20,tx=0,nodeIdx=2,hash=6ae26c7b...
info|2022-11-11 13:20:37.335359|[g:1][CONSENSUS][PBFT]checkTimeout Succ,view=68011,toView=68012,nodeIdx=2,changeCycle=1,myNode=8170ed0b...,timecost=4
info|2022-11-11 13:20:37.357658|[g:1][CONSENSUS][PBFT]checkAndChangeView: Reach consensus,org_view=68011,cur_changeCycle=1,curView=68011,view=68012
info|2022-11-11 13:20:38.369381|[g:1][CONSENSUS]addRawPrepare,height=20,reqIdx=3,hash=3b4e8c57...,time=0
info|2022-11-11 13:20:38.373856|[g:1][CONSENSUS][PBFT]checkTimeout Succ,view=68012,toView=68013,nodeIdx=2,changeCycle=1,myNode=8170ed0b...,timecost=5
info|2022-11-11 13:20:38.392960|[g:1][CONSENSUS][PBFT]checkAndChangeView: Reach consensus,org_view=68012,cur_changeCycle=1,curView=68012,view=68013
info|2022-11-11 13:20:39.407493|[g:1][CONSENSUS]addRawPrepare,height=20,reqIdx=0,hash=23e1a7f8...,time=0
info|2022-11-11 13:20:39.414612|[g:1][CONSENSUS][PBFT]checkTimeout Succ,view=68013,toView=68014,nodeIdx=2,changeCycle=1,myNode=8170ed0b...,timecost=6
info|2022-11-11 13:20:39.436864|[g:1][CONSENSUS][PBFT]checkAndChangeView: Reach consensus,org_view=68013,cur_changeCycle=1,curView=68013,view=68014
