warning|2023-04-13 16:00:00.782931|[g:1][CONSENSUS][PBFT]ViewChangeWarning: not caused by omit empty block ,v=55723,toV=55726,curNum=211,hash=275e4452...,nodeIdx=2,myNode=8170ed0b...
info|2023-04-13 16:00:00.790948|[g:1][CONSENSUS][PBFT]checkTimeout Succ,view=55723,toView=55726,nodeIdx=2,changeCycle=3,myNode=8170ed0b...,timecost=13
info|2023-04-13 16:00:06.432249|[g:1][CONSENSUS][PBFT]checkAndChangeView: Reach consensus,org_view=55723,cur_changeCycle=3,curView=55723,view=55726
info|2023-04-13 16:00:07.450332|[g:1][CONSENSUS]addRawPrepare,height=212,reqIdx=1,hash=52f747e0...,time=0
info|2023-04-13 16:00:07.457329|[g:1][CONSENSUS][PBFT]checkTimeout Succ,view=55726,toView=55727,nodeIdx=2,changeCycle=1,myNode=8170ed0b...,timecost=7
info|2023-04-13 16:00:07.478839|[g:1][CONSENSUS][PBFT]checkAndChangeView: Reach consensus,org_view=55726,cur_changeCycle=1,curView=55726,view=55727
info|2023-04-13 16:00:08.481095|[g:1][CONSENSUS][SEALER]++++++++++++++++ Generating seal on,blkNum=212,tx=0,nodeIdx=2,hash=ab929fc9...
info|2023-04-13 16:00:08.499922|[g:1][CONSENSUS][PBFT]checkTimeout Succ,view=55727,toView=55728,nodeIdx=2,changeCycle=1,myNode=8170ed0b...,timecost=14
info|2023-04-13 16:00:08.516133|[g:1][CONSENSUS][PBFT]checkAndChangeView: Reach consensus,org_view=55727,cur_changeCycle=1,curView=55727,view=55728
info|2023-04-13 16:00:09.536552|[P2P][Service] heartBeat,connected count=3
info|2023-04-13 16:00:09.543616|[g:1][CONSENSUS]addRawPrepare,height=212,reqIdx=3,hash=a3f91552...,time=0
info|2023-04-13 16:00:09.548142|[g:1][CONSENSUS][PBFT]checkTimeout Succ,view=55728,toView=55729,nodeIdx=2,changeCycle=1,myNode=8170ed0b...,timecost=4
info|2023-04-13 16:00:09.567963|[g:1][CONSENSUS][PBFT]checkAndChangeView: Reach consensus,org_view=55728,cur_changeCycle=1,curView=55728,view=55729
info|2023-04-13 16:00:10.591829|[g:1][CONSENSUS]addRawPrepare,height=212,reqIdx=0,hash=9b86df64...,time=0
info|2023-04-13 16:00:10.598233|[g:1][CONSENSUS][PBFT]checkTimeout Succ,view=55729,toView=55730,nodeIdx=2,changeCycle=1,myNode=8170ed0b...,timecost=6
info|2023-04-13 16:00:10.633228|[g:1][CONSENSUS][PBFT]checkAndChangeView: Reach consensus,org_view=55729,cur_changeCycle=1,curView=55729,view=55730
info|2023-04-13 16:00:11.677857|[g:1][CONSENSUS]addRawPrepare,height=212,reqIdx=1,hash=8e93c83e...,time=0
info|2023-04-13 16:00:11.687859|[g:1][CONSENSUS][PBFT]checkTimeout Succ,view=55730,toView=55731,nodeIdx=2,changeCycle=1,myNode=8170ed0b...,timecost=8
info|2023-04-13 16:00:11.701120|[g:1][CONSENSUS][PBFT]checkAndChangeView: Reach consensus,org_view=55730,cur_changeCycle=1,curView=55730,view=55731
info|2023-04-13 16:00:12.703662|[g:1][CONSENSUS][SEALER]++++++++++++++++ Generating seal on,blkNum=212,tx=0,nodeIdx=2,hash=ef9f3aeb...
info|2023-04-13 16:00:12.732305|[g:1][CONSENSUS][PBFT]checkTimeout Succ,view=55731,toView=55732,nodeIdx=2,changeCycle=1,myNode=8170ed0b...,timecost=7
info|2023-04-13 16:00:12.751488|[g:1][CONSENSUS][PBFT]checkAndChangeView: Reach consensus,org_view=55731,cur_changeCycle=1,curView=55731,view=55732
info|2023-04-13 16:00:13.772506|[g:1][CONSENSUS]addRawPrepare,height=212,reqIdx=3,hash=979c8982...,time=0
info|2023-04-13 16:00:13.779959|[g:1][CONSENSUS][PBFT]checkTimeout Succ,view=55732,toView=55733,nodeIdx=2,changeCycle=1,myNode=8170ed0b...,timecost=7
info|2023-04-13 16:00:13.799354|[g:1][CONSENSUS][PBFT]checkAndChangeView: Reach consensus,org_view=55732,cur_changeCycle=1,curView=55732,view=55733
info|2023-04-13 16:00:14.822810|[g:1][CONSENSUS]addRawPrepare,height=212,reqIdx=0,hash=88e34f6f...,time=0
info|2023-04-13 16:00:14.830982|[g:1][CONSENSUS][PBFT]checkTimeout Succ,view=55733,toView=55734,nodeIdx=2,changeCycle=1,myNode=8170ed0b...,timecost=8
info|2023-04-13 16:00:14.854584|[g:1][CONSENSUS][PBFT]checkAndChangeView: Reach consensus,org_view=55733,cur_changeCycle=1,curView=55733,view=55734
info|2023-04-13 16:00:15.863854|[g:1][CONSENSUS]addRawPrepare,height=212,reqIdx=1,hash=c7173b53...,time=0
info|2023-04-13 16:00:15.867957|[g:1][CONSENSUS][PBFT]checkTimeout Succ,view=55734,toView=55735,nodeIdx=2,changeCycle=1,myNode=8170ed0b...,timecost=4
info|2023-04-13 16:00:15.880643|[g:1][CONSENSUS][PBFT]checkAndChangeView: Reach consensus,org_view=55734,cur_changeCycle=1,curView=55734,view=55735
info|2023-04-13 16:00:16.882900|[g:1][CONSENSUS][SEALER]++++++++++++++++ Generating seal on,blkNum=212,tx=0,nodeIdx=2,hash=63d8b805...
info|2023-04-13 16:00:16.913461|[g:1][CONSENSUS][PBFT]checkTimeout Succ,view=55735,toView=55736,nodeIdx=2,changeCycle=1,myNode=8170ed0b...,timecost=10
info|2023-04-13 16:00:16.930914|[g:1][CONSENSUS][PBFT]checkAndChangeView: Reach consensus,org_view=55735,cur_changeCycle=1,curView=55735,view=55736
info|2023-04-13 16:00:17.966007|[g:1][CONSENSUS]addRawPrepare,height=212,reqIdx=3,hash=bdec5336...,time=1
info|2023-04-13 16:00:17.975428|[g:1][CONSENSUS][PBFT]checkTimeout Succ,view=55736,toView=55737,nodeIdx=2,changeCycle=1,myNode=8170ed0b...,timecost=8
info|2023-04-13 16:00:17.994032|[g:1][CONSENSUS][PBFT]checkAndChangeView: Reach consensus,org_view=55736,cur_changeCycle=1,curView=55736,view=55737
info|2023-04-13 16:00:19.013071|[g:1][CONSENSUS]addRawPrepare,height=212,reqIdx=0,hash=d92fa004...,time=0
info|2023-04-13 16:00:19.017801|[g:1][CONSENSUS][PBFT]checkTimeout Succ,view=55737,toView=55738,nodeIdx=2,changeCycle=1,myNode=8170ed0b...,timecost=4
info|2023-04-13 16:00:19.042218|[g:1][CONSENSUS][PBFT]checkAndChangeView: Reach consensus,org_view=55737,cur_changeCycle=1,curView=55737,view=55738
info|2023-04-13 16:00:19.539138|[P2P][Service] heartBeat,connected count=3
info|2023-04-13 16:00:20.061232|[g:1][CONSENSUS]addRawPrepare,height=212,reqIdx=1,hash=aa302fbd...,time=0
info|2023-04-13 16:00:20.069327|[g:1][CONSENSUS][PBFT]checkTimeout Succ,view=55738,toView=55739,nodeIdx=2,changeCycle=1,myNode=8170ed0b...,timecost=8
info|2023-04-13 16:00:20.089754|[g:1][CONSENSUS][PBFT]checkAndChangeView: Reach consensus,org_view=55738,cur_changeCycle=1,curView=55738,view=55739
info|2023-04-13 16:00:21.468840|[g:1][CONSENSUS][SEALER]++++++++++++++++ Generating seal on,blkNum=212,tx=0,nodeIdx=2,hash=72dfa047...
info|2023-04-13 16:00:21.479256|[g:1][CONSENSUS][PBFT]checkTimeout Succ,view=55739,toView=55740,nodeIdx=2,changeCycle=1,myNode=8170ed0b...,timecost=5
info|2023-04-13 16:00:21.530587|[g:1][CONSENSUS][PBFT]checkAndChangeView: Reach consensus,org_view=55739,cur_changeCycle=1,curView=55739,view=55740
info|2023-04-13 16:00:22.649809|[g:1][CONSENSUS]addRawPrepare,height=212,reqIdx=3,hash=36dccfb0...,time=0
info|2023-04-13 16:00:22.660866|[g:1][CONSENSUS][PBFT]checkTimeout Succ,view=55740,toView=55741,nodeIdx=2,changeCycle=1,myNode=8170ed0b...,timecost=11
info|2023-04-13 16:00:22.679882|[g:1][CONSENSUS][PBFT]checkAndChangeView: Reach consensus,org_view=55740,cur_changeCycle=1,curView=55740,view=55741
info|2023-04-13 16:00:23.718656|[g:1][CONSENSUS]addRawPrepare,height=212,reqIdx=0,hash=fd1b9555...,time=0
info|2023-04-13 16:00:23.802738|[g:1][CONSENSUS][PBFT]checkTimeout Succ,view=55741,toView=55742,nodeIdx=2,changeCycle=1,myNode=8170ed0b...,timecost=87
info|2023-04-13 16:00:23.938476|[g:1][CONSENSUS][PBFT]checkAndChangeView: Reach consensus,org_view=55741,cur_changeCycle=1,curView=55741,view=55742
info|2023-04-13 16:00:24.955881|[g:1][CONSENSUS]addRawPrepare,height=212,reqIdx=1,hash=1ea0143a...,time=0
info|2023-04-13 16:00:24.976949|[g:1][CONSENSUS][PBFT]checkTimeout Succ,view=55742,toView=55743,nodeIdx=2,changeCycle=1,myNode=8170ed0b...,timecost=21
info|2023-04-13 16:00:25.034883|[g:1][CONSENSUS][PBFT]checkAndChangeView: Reach consensus,org_view=55742,cur_changeCycle=1,curView=55742,view=55743
info|2023-04-13 16:00:26.037987|[g:1][CONSENSUS][SEALER]++++++++++++++++ Generating seal on,blkNum=212,tx=0,nodeIdx=2,hash=6ec49dbe...
info|2023-04-13 16:00:26.048913|[g:1][CONSENSUS][PBFT]checkTimeout Succ,view=55743,toView=55744,nodeIdx=2,changeCycle=1,myNode=8170ed0b...,timecost=5
info|2023-04-13 16:00:26.076758|[g:1][CONSENSUS][PBFT]checkAndChangeView: Reach consensus,org_view=55743,cur_changeCycle=1,curView=55743,view=55744
info|2023-04-13 16:00:27.102581|[g:1][CONSENSUS]addRawPrepare,height=212,reqIdx=3,hash=cd680fc2...,time=0
info|2023-04-13 16:00:27.117415|[g:1][CONSENSUS][PBFT]checkTimeout Succ,view=55744,toView=55745,nodeIdx=2,changeCycle=1,myNode=8170ed0b...,timecost=14
info|2023-04-13 16:00:27.131432|[g:1][CONSENSUS][PBFT]checkAndChangeView: Reach consensus,org_view=55744,cur_changeCycle=1,curView=55744,view=55745
info|2023-04-13 16:00:28.170401|[g:1][CONSENSUS]addRawPrepare,height=212,reqIdx=0,hash=7eaf7d78...,time=0
info|2023-04-13 16:00:28.178586|[g:1][CONSENSUS][PBFT]checkTimeout Succ,view=55745,toView=55746,nodeIdx=2,changeCycle=1,myNode=8170ed0b...,timecost=7
info|2023-04-13 16:00:28.197729|[g:1][CONSENSUS][PBFT]checkAndChangeView: Reach consensus,org_view=55745,cur_changeCycle=1,curView=55745,view=55746
info|2023-04-13 16:00:29.221880|[g:1][CONSENSUS]addRawPrepare,height=212,reqIdx=1,hash=e45445d2...,time=0
info|2023-04-13 16:00:29.237677|[g:1][CONSENSUS][PBFT]checkTimeout Succ,view=55746,toView=55747,nodeIdx=2,changeCycle=1,myNode=8170ed0b...,timecost=15
info|2023-04-13 16:00:29.261417|[g:1][CONSENSUS][PBFT]checkAndChangeView: Reach consensus,org_view=55746,cur_changeCycle=1,curView=55746,view=55747
info|2023-04-13 16:00:29.541759|[P2P][Service] heartBeat,connected count=3
info|2023-04-13 16:00:30.262329|[g:1][CONSENSUS][SEALER]++++++++++++++++ Generating seal on,blkNum=212,tx=0,nodeIdx=2,hash=a13316be...
info|2023-04-13 16:00:30.277349|[g:1][CONSENSUS][PBFT]checkTimeout Succ,view=55747,toView=55748,nodeIdx=2,changeCycle=1,myNode=8170ed0b...,timecost=12
info|2023-04-13 16:00:30.303518|[g:1][CONSENSUS][PBFT]checkAndChangeView: Reach consensus,org_view=55747,cur_changeCycle=1,curView=55747,view=55748
