info|2022-11-10 15:00:00.890552|[g:1][CONSENSUS]addRawPrepare,height=20,reqIdx=3,hash=045ef8f1...,time=0
info|2022-11-10 15:00:00.891669|[g:1][CONSENSUS][PBFT]checkTimeout Succ,view=54048,toView=54049,nodeIdx=2,changeCycle=1,myNode=8170ed0b...,timecost=1
info|2022-11-10 15:00:00.893928|[g:1][CONSENSUS][PBFT]checkAndChangeView: Reach consensus,org_view=54048,cur_changeCycle=1,curView=54048,view=54049
info|2022-11-10 15:00:01.894857|[g:1][CONSENSUS]addRawPrepare,height=20,reqIdx=0,hash=dc6e7507...,time=0
info|2022-11-10 15:00:01.895135|[g:1][CONSENSUS][PBFT]checkTimeout Succ,view=54049,toView=54050,nodeIdx=2,changeCycle=1,myNode=8170ed0b...,timecost=1
info|2022-11-10 15:00:01.895873|[g:1][CONSENSUS][PBFT]checkAndChangeView: Reach consensus,org_view=54049,cur_changeCycle=1,curView=54049,view=54050
info|2022-11-10 15:00:02.897453|[g:1][CONSENSUS]addRawPrepare,height=20,reqIdx=1,hash=174744ec...,time=0
info|2022-11-10 15:00:02.897735|[g:1][CONSENSUS][PBFT]checkTimeout Succ,view=54050,toView=54051,nodeIdx=2,changeCycle=1,myNode=8170ed0b...,timecost=0
info|2022-11-10 15:00:02.898435|[g:1][CONSENSUS][PBFT]checkAndChangeView: Reach consensus,org_view=54050,cur_changeCycle=1,curView=54050,view=54051
info|2022-11-10 15:00:03.898296|[g:1][CONSENSUS][SEALER]++++++++++++++++ Generating seal on,blkNum=20,tx=0,nodeIdx=2,hash=c845d30e...
info|2022-11-10 15:00:03.900332|[g:1][CONSENSUS][PBFT]checkTimeout Succ,view=54051,toView=54052,nodeIdx=2,changeCycle=1,myNode=8170ed0b...,timecost=0
info|2022-11-10 15:00:03.900692|[g:1][CONSENSUS][PBFT]checkAndChangeView: Reach consensus,org_view=54051,cur_changeCycle=1,curView=54051,view=54052
info|2022-11-10 15:00:04.719547|[P2P][Service] heartBeat,connected count=3
info|2022-11-10 15:00:04.903274|[g:1][CONSENSUS]addRawPrepare,height=20,reqIdx=3,hash=bf3509b7...,time=0
info|2022-11-10 15:00:04.904134|[g:1][CONSENSUS][PBFT]checkTimeout Succ,view=54052,toView=54053,nodeIdx=2,changeCycle=1,myNode=8170ed0b...,timecost=1
info|2022-11-10 15:00:04.905620|[g:1][CONSENSUS][PBFT]checkAndChangeView: Reach consensus,org_view=54052,cur_changeCycle=1,curView=54052,view=54053
info|2022-11-10 15:00:05.917235|[g:1][CONSENSUS]addRawPrepare,height=20,reqIdx=0,hash=ebd5bde5...,time=0
info|2022-11-10 15:00:05.917691|[g:1][CONSENSUS][PBFT]checkTimeout Succ,view=54053,toView=54054,nodeIdx=2,changeCycle=1,myNode=8170ed0b...,timecost=0
info|2022-11-10 15:00:05.918121|[g:1][CONSENSUS][PBFT]checkAndChangeView: Reach consensus,org_view=54053,cur_changeCycle=1,curView=54053,view=54054
info|2022-11-10 15:00:06.921085|[g:1][CONSENSUS]addRawPrepare,height=20,reqIdx=1,hash=156cdc2d...,time=0
info|2022-11-10 15:00:06.921862|[g:1][CONSENSUS][PBFT]checkTimeout Succ,view=54054,toView=54055,nodeIdx=2,changeCycle=1,myNode=8170ed0b...,timecost=0
info|2022-11-10 15:00:06.924355|[g:1][CONSENSUS][PBFT]checkAndChangeView: Reach consensus,org_view=54054,cur_changeCycle=1,curView=54054,view=54055
info|2022-11-10 15:00:07.924928|[g:1][CONSENSUS][SEALER]++++++++++++++++ Generating seal on,blkNum=20,tx=0,nodeIdx=2,hash=0f994b6e...
info|2022-11-10 15:00:07.926565|[g:1][CONSENSUS][PBFT]checkTimeout Succ,view=54055,toView=54056,nodeIdx=2,changeCycle=1,myNode=8170ed0b...,timecost=1
info|2022-11-10 15:00:07.930999|[g:1][CONSENSUS][PBFT]checkAndChangeView: Reach consensus,org_view=54055,cur_changeCycle=1,curView=54055,view=54056
info|2022-11-10 15:00:08.934371|[g:1][CONSENSUS]addRawPrepare,height=20,reqIdx=3,hash=56d4541e...,time=0
info|2022-11-10 15:00:08.934960|[g:1][CONSENSUS][PBFT]checkTimeout Succ,view=54056,toView=54057,nodeIdx=2,changeCycle=1,myNode=8170ed0b...,timecost=0
info|2022-11-10 15:00:08.936845|[g:1][CONSENSUS][PBFT]checkAndChangeView: Reach consensus,org_view=54056,cur_changeCycle=1,curView=54056,view=54057
info|2022-11-10 15:00:09.940405|[g:1][CONSENSUS]addRawPrepare,height=20,reqIdx=0,hash=b4740716...,time=0
info|2022-11-10 15:00:09.940938|[g:1][CONSENSUS][PBFT]checkTimeout Succ,view=54057,toView=54058,nodeIdx=2,changeCycle=1,myNode=8170ed0b...,timecost=0
info|2022-11-10 15:00:09.944243|[g:1][CONSENSUS][PBFT]checkAndChangeView: Reach consensus,org_view=54057,cur_changeCycle=1,curView=54057,view=54058
info|2022-11-10 15:00:10.947445|[g:1][CONSENSUS]addRawPrepare,height=20,reqIdx=1,hash=c64ff0bc...,time=0
info|2022-11-10 15:00:10.948251|[g:1][CONSENSUS][PBFT]checkTimeout Succ,view=54058,toView=54059,nodeIdx=2,changeCycle=1,myNode=8170ed0b...,timecost=1
info|2022-11-10 15:00:10.949857|[g:1][CONSENSUS][PBFT]checkAndChangeView: Reach consensus,org_view=54058,cur_changeCycle=1,curView=54058,view=54059
info|2022-11-10 15:00:11.950755|[g:1][CONSENSUS][SEALER]++++++++++++++++ Generating seal on,blkNum=20,tx=0,nodeIdx=2,hash=f88f9320...
info|2022-11-10 15:00:11.957900|[g:1][CONSENSUS][PBFT]checkTimeout Succ,view=54059,toView=54060,nodeIdx=2,changeCycle=1,myNode=8170ed0b...,timecost=0
info|2022-11-10 15:00:11.958642|[g:1][CONSENSUS][PBFT]checkAndChangeView: Reach consensus,org_view=54059,cur_changeCycle=1,curView=54059,view=54060
info|2022-11-10 15:00:12.959637|[g:1][CONSENSUS]addRawPrepare,height=20,reqIdx=3,hash=9da0bfe6...,time=0
info|2022-11-10 15:00:12.960578|[g:1][CONSENSUS][PBFT]checkTimeout Succ,view=54060,toView=54061,nodeIdx=2,changeCycle=1,myNode=8170ed0b...,timecost=1
info|2022-11-10 15:00:12.963005|[g:1][CONSENSUS][PBFT]checkAndChangeView: Reach consensus,org_view=54060,cur_changeCycle=1,curView=54060,view=54061
info|2022-11-10 15:00:13.965995|[g:1][CONSENSUS]addRawPrepare,height=20,reqIdx=0,hash=768ef09b...,time=1
info|2022-11-10 15:00:13.967349|[g:1][CONSENSUS][PBFT]checkTimeout Succ,view=54061,toView=54062,nodeIdx=2,changeCycle=1,myNode=8170ed0b...,timecost=1
info|2022-11-10 15:00:13.969288|[g:1][CONSENSUS][PBFT]checkAndChangeView: Reach consensus,org_view=54061,cur_changeCycle=1,curView=54061,view=54062
info|2022-11-10 15:00:14.720648|[P2P][Service] heartBeat,connected count=3
info|2022-11-10 15:00:14.972508|[g:1][CONSENSUS]addRawPrepare,height=20,reqIdx=1,hash=b94bc530...,time=0
info|2022-11-10 15:00:14.973550|[g:1][CONSENSUS][PBFT]checkTimeout Succ,view=54062,toView=54063,nodeIdx=2,changeCycle=1,myNode=8170ed0b...,timecost=1
info|2022-11-10 15:00:14.975060|[g:1][CONSENSUS][PBFT]checkAndChangeView: Reach consensus,org_view=54062,cur_changeCycle=1,curView=54062,view=54063
info|2022-11-10 15:00:15.975086|[g:1][CONSENSUS][SEALER]++++++++++++++++ Generating seal on,blkNum=20,tx=0,nodeIdx=2,hash=d89a55ed...
info|2022-11-10 15:00:15.979650|[g:1][CONSENSUS][PBFT]checkTimeout Succ,view=54063,toView=54064,nodeIdx=2,changeCycle=1,myNode=8170ed0b...,timecost=0
info|2022-11-10 15:00:15.981297|[g:1][CONSENSUS][PBFT]checkAndChangeView: Reach consensus,org_view=54063,cur_changeCycle=1,curView=54063,view=54064
info|2022-11-10 15:00:16.983695|[g:1][CONSENSUS]addRawPrepare,height=20,reqIdx=3,hash=56ac2d93...,time=0
info|2022-11-10 15:00:16.984536|[g:1][CONSENSUS][PBFT]checkTimeout Succ,view=54064,toView=54065,nodeIdx=2,changeCycle=1,myNode=8170ed0b...,timecost=1
info|2022-11-10 15:00:16.985820|[g:1][CONSENSUS][PBFT]checkAndChangeView: Reach consensus,org_view=54064,cur_changeCycle=1,curView=54064,view=54065
info|2022-11-10 15:00:17.987879|[g:1][CONSENSUS]addRawPrepare,height=20,reqIdx=0,hash=6d5da951...,time=0
info|2022-11-10 15:00:17.988504|[g:1][CONSENSUS][PBFT]checkTimeout Succ,view=54065,toView=54066,nodeIdx=2,changeCycle=1,myNode=8170ed0b...,timecost=1
info|2022-11-10 15:00:17.990228|[g:1][CONSENSUS][PBFT]checkAndChangeView: Reach consensus,org_view=54065,cur_changeCycle=1,curView=54065,view=54066
info|2022-11-10 15:00:18.992722|[g:1][CONSENSUS]addRawPrepare,height=20,reqIdx=1,hash=c0797781...,time=0
info|2022-11-10 15:00:18.993012|[g:1][CONSENSUS][PBFT]checkTimeout Succ,view=54066,toView=54067,nodeIdx=2,changeCycle=1,myNode=8170ed0b...,timecost=1
info|2022-11-10 15:00:18.993984|[g:1][CONSENSUS][PBFT]checkAndChangeView: Reach consensus,org_view=54066,cur_changeCycle=1,curView=54066,view=54067
info|2022-11-10 15:00:19.994549|[g:1][CONSENSUS][SEALER]++++++++++++++++ Generating seal on,blkNum=20,tx=0,nodeIdx=2,hash=4be3e860...
info|2022-11-10 15:00:19.995145|[g:1][CONSENSUS][PBFT]checkTimeout Succ,view=54067,toView=54068,nodeIdx=2,changeCycle=1,myNode=8170ed0b...,timecost=1
info|2022-11-10 15:00:19.997309|[g:1][CONSENSUS][PBFT]checkAndChangeView: Reach consensus,org_view=54067,cur_changeCycle=1,curView=54067,view=54068
info|2022-11-10 15:00:20.998434|[g:1][CONSENSUS]addRawPrepare,height=20,reqIdx=3,hash=956f7083...,time=0
info|2022-11-10 15:00:20.999064|[g:1][CONSENSUS][PBFT]checkTimeout Succ,view=54068,toView=54069,nodeIdx=2,changeCycle=1,myNode=8170ed0b...,timecost=1
info|2022-11-10 15:00:21.000710|[g:1][CONSENSUS][PBFT]checkAndChangeView: Reach consensus,org_view=54068,cur_changeCycle=1,curView=54068,view=54069
info|2022-11-10 15:00:22.004240|[g:1][CONSENSUS]addRawPrepare,height=20,reqIdx=0,hash=805881da...,time=0
info|2022-11-10 15:00:22.005079|[g:1][CONSENSUS][PBFT]checkTimeout Succ,view=54069,toView=54070,nodeIdx=2,changeCycle=1,myNode=8170ed0b...,timecost=1
info|2022-11-10 15:00:22.007241|[g:1][CONSENSUS][PBFT]checkAndChangeView: Reach consensus,org_view=54069,cur_changeCycle=1,curView=54069,view=54070
info|2022-11-10 15:00:23.008508|[g:1][CONSENSUS]addRawPrepare,height=20,reqIdx=1,hash=84d7fc10...,time=0
info|2022-11-10 15:00:23.008924|[g:1][CONSENSUS][PBFT]checkTimeout Succ,view=54070,toView=54071,nodeIdx=2,changeCycle=1,myNode=8170ed0b...,timecost=0
info|2022-11-10 15:00:23.010465|[g:1][CONSENSUS][PBFT]checkAndChangeView: Reach consensus,org_view=54070,cur_changeCycle=1,curView=54070,view=54071
info|2022-11-10 15:00:24.010700|[g:1][CONSENSUS][SEALER]++++++++++++++++ Generating seal on,blkNum=20,tx=0,nodeIdx=2,hash=472c2117...
info|2022-11-10 15:00:24.011905|[g:1][CONSENSUS][PBFT]checkTimeout Succ,view=54071,toView=54072,nodeIdx=2,changeCycle=1,myNode=8170ed0b...,timecost=0
info|2022-11-10 15:00:24.016004|[g:1][CONSENSUS][PBFT]checkAndChangeView: Reach consensus,org_view=54071,cur_changeCycle=1,curView=54071,view=54072
info|2022-11-10 15:00:24.721150|[P2P][Service] heartBeat,connected count=3
info|2022-11-10 15:00:25.018121|[g:1][CONSENSUS]addRawPrepare,height=20,reqIdx=3,hash=6d116804...,time=0
info|2022-11-10 15:00:25.018838|[g:1][CONSENSUS][PBFT]checkTimeout Succ,view=54072,toView=54073,nodeIdx=2,changeCycle=1,myNode=8170ed0b...,timecost=0
info|2022-11-10 15:00:25.020934|[g:1][CONSENSUS][PBFT]checkAndChangeView: Reach consensus,org_view=54072,cur_changeCycle=1,curView=54072,view=54073
info|2022-11-10 15:00:26.025006|[g:1][CONSENSUS]addRawPrepare,height=20,reqIdx=0,hash=580a1708...,time=1
info|2022-11-10 15:00:26.025985|[g:1][CONSENSUS][PBFT]checkTimeout Succ,view=54073,toView=54074,nodeIdx=2,changeCycle=1,myNode=8170ed0b...,timecost=1
info|2022-11-10 15:00:26.027880|[g:1][CONSENSUS][PBFT]checkAndChangeView: Reach consensus,org_view=54073,cur_changeCycle=1,curView=54073,view=54074
info|2022-11-10 15:00:27.032141|[g:1][CONSENSUS]addRawPrepare,height=20,reqIdx=1,hash=ef62300c...,time=0
info|2022-11-10 15:00:27.032968|[g:1][CONSENSUS][PBFT]checkTimeout Succ,view=54074,toView=54075,nodeIdx=2,changeCycle=1,myNode=8170ed0b...,timecost=0
info|2022-11-10 15:00:27.034926|[g:1][CONSENSUS][PBFT]checkAndChangeView: Reach consensus,org_view=54074,cur_changeCycle=1,curView=54074,view=54075
info|2022-11-10 15:00:28.034891|[g:1][CONSENSUS][SEALER]++++++++++++++++ Generating seal on,blkNum=20,tx=0,nodeIdx=2,hash=c0f71e58...
info|2022-11-10 15:00:28.036675|[g:1][CONSENSUS][PBFT]checkTimeout Succ,view=54075,toView=54076,nodeIdx=2,changeCycle=1,myNode=8170ed0b...,timecost=1
info|2022-11-10 15:00:28.040819|[g:1][CONSENSUS][PBFT]checkAndChangeView: Reach consensus,org_view=54075,cur_changeCycle=1,curView=54075,view=54076
info|2022-11-10 15:00:29.042915|[g:1][CONSENSUS]addRawPrepare,height=20,reqIdx=3,hash=486b1477...,time=0
info|2022-11-10 15:00:29.043469|[g:1][CONSENSUS][PBFT]checkTimeout Succ,view=54076,toView=54077,nodeIdx=2,changeCycle=1,myNode=8170ed0b...,timecost=0
info|2022-11-10 15:00:29.044930|[g:1][CONSENSUS][PBFT]checkAndChangeView: Reach consensus,org_view=54076,cur_changeCycle=1,curView=54076,view=54077
info|2022-11-10 15:00:30.047827|[g:1][CONSENSUS]addRawPrepare,height=20,reqIdx=0,hash=1e0f2a08...,time=0
info|2022-11-10 15:00:30.048518|[g:1][CONSENSUS][PBFT]checkTimeout Succ,view=54077,toView=54078,nodeIdx=2,changeCycle=1,myNode=8170ed0b...,timecost=1
info|2022-11-10 15:00:30.052451|[g:1][CONSENSUS][PBFT]checkAndChangeView: Reach consensus,org_view=54077,cur_changeCycle=1,curView=54077,view=54078
info|2022-11-10 15:00:31.080109|[g:1][CONSENSUS]addRawPrepare,height=20,reqIdx=1,hash=5866ce00...,time=0
info|2022-11-10 15:00:31.080376|[g:1][CONSENSUS][PBFT]checkTimeout Succ,view=54078,toView=54079,nodeIdx=2,changeCycle=1,myNode=8170ed0b...,timecost=0
info|2022-11-10 15:00:31.081262|[g:1][CONSENSUS][PBFT]checkAndChangeView: Reach consensus,org_view=54078,cur_changeCycle=1,curView=54078,view=54079
info|2022-11-10 15:00:32.082622|[g:1][CONSENSUS][SEALER]++++++++++++++++ Generating seal on,blkNum=20,tx=0,nodeIdx=2,hash=fde9df47...
info|2022-11-10 15:00:32.084136|[g:1][CONSENSUS][PBFT]checkTimeout Succ,view=54079,toView=54080,nodeIdx=2,changeCycle=1,myNode=8170ed0b...,timecost=1
info|2022-11-10 15:00:32.087826|[g:1][CONSENSUS][PBFT]checkAndChangeView: Reach consensus,org_view=54079,cur_changeCycle=1,curView=54079,view=54080
info|2022-11-10 15:00:33.091529|[g:1][CONSENSUS]addRawPrepare,height=20,reqIdx=3,hash=e5c84888...,time=0
info|2022-11-10 15:00:33.092560|[g:1][CONSENSUS][PBFT]checkTimeout Succ,view=54080,toView=54081,nodeIdx=2,changeCycle=1,myNode=8170ed0b...,timecost=1
info|2022-11-10 15:00:33.095868|[g:1][CONSENSUS][PBFT]checkAndChangeView: Reach consensus,org_view=54080,cur_changeCycle=1,curView=54080,view=54081
info|2022-11-10 15:00:34.098125|[g:1][CONSENSUS]addRawPrepare,height=20,reqIdx=0,hash=c46f9032...,time=0
info|2022-11-10 15:00:34.098726|[g:1][CONSENSUS][PBFT]checkTimeout Succ,view=54081,toView=54082,nodeIdx=2,changeCycle=1,myNode=8170ed0b...,timecost=0
info|2022-11-10 15:00:34.100106|[g:1][CONSENSUS][PBFT]checkAndChangeView: Reach consensus,org_view=54081,cur_changeCycle=1,curView=54081,view=54082
info|2022-11-10 15:00:34.721506|[P2P][Service] heartBeat,connected count=3
info|2022-11-10 15:00:35.122351|[g:1][CONSENSUS]addRawPrepare,height=20,reqIdx=1,hash=cf273c41...,time=0
info|2022-11-10 15:00:35.123123|[g:1][CONSENSUS][PBFT]checkTimeout Succ,view=54082,toView=54083,nodeIdx=2,changeCycle=1,myNode=8170ed0b...,timecost=1
info|2022-11-10 15:00:35.129887|[g:1][CONSENSUS][PBFT]checkAndChangeView: Reach consensus,org_view=54082,cur_changeCycle=1,curView=54082,view=54083
info|2022-11-10 15:00:36.130862|[g:1][CONSENSUS][SEALER]++++++++++++++++ Generating seal on,blkNum=20,tx=0,nodeIdx=2,hash=fca054bb...
info|2022-11-10 15:00:36.131439|[g:1][CONSENSUS][PBFT]checkTimeout Succ,view=54083,toView=54084,nodeIdx=2,changeCycle=1,myNode=8170ed0b...,timecost=0
info|2022-11-10 15:00:36.133245|[g:1][CONSENSUS][PBFT]checkAndChangeView: Reach consensus,org_view=54083,cur_changeCycle=1,curView=54083,view=54084
info|2022-11-10 15:00:37.134403|[g:1][CONSENSUS]addRawPrepare,height=20,reqIdx=3,hash=2df6cdd5...,time=0
info|2022-11-10 15:00:37.134794|[g:1][CONSENSUS][PBFT]checkTimeout Succ,view=54084,toView=54085,nodeIdx=2,changeCycle=1,myNode=8170ed0b...,timecost=0
info|2022-11-10 15:00:37.135993|[g:1][CONSENSUS][PBFT]checkAndChangeView: Reach consensus,org_view=54084,cur_changeCycle=1,curView=54084,view=54085
info|2022-11-10 15:00:38.139305|[g:1][CONSENSUS]addRawPrepare,height=20,reqIdx=0,hash=d91522f1...,time=0
info|2022-11-10 15:00:38.140135|[g:1][CONSENSUS][PBFT]checkTimeout Succ,view=54085,toView=54086,nodeIdx=2,changeCycle=1,myNode=8170ed0b...,timecost=1
info|2022-11-10 15:00:38.141437|[g:1][CONSENSUS][PBFT]checkAndChangeView: Reach consensus,org_view=54085,cur_changeCycle=1,curView=54085,view=54086
info|2022-11-10 15:00:39.144298|[g:1][CONSENSUS]addRawPrepare,height=20,reqIdx=1,hash=e74018cb...,time=0
info|2022-11-10 15:00:39.145013|[g:1][CONSENSUS][PBFT]checkTimeout Succ,view=54086,toView=54087,nodeIdx=2,changeCycle=1,myNode=8170ed0b...,timecost=1
info|2022-11-10 15:00:39.147203|[g:1][CONSENSUS][PBFT]checkAndChangeView: Reach consensus,org_view=54086,cur_changeCycle=1,curView=54086,view=54087
info|2022-11-10 15:00:40.148545|[g:1][CONSENSUS][SEALER]++++++++++++++++ Generating seal on,blkNum=20,tx=0,nodeIdx=2,hash=b5021d81...
info|2022-11-10 15:00:40.150353|[g:1][CONSENSUS][PBFT]checkTimeout Succ,view=54087,toView=54088,nodeIdx=2,changeCycle=1,myNode=8170ed0b...,timecost=1
info|2022-11-10 15:00:40.155585|[g:1][CONSENSUS][PBFT]checkAndChangeView: Reach consensus,org_view=54087,cur_changeCycle=1,curView=54087,view=54088
info|2022-11-10 15:00:41.156949|[g:1][CONSENSUS]addRawPrepare,height=20,reqIdx=3,hash=a49485c6...,time=0
info|2022-11-10 15:00:41.157246|[g:1][CONSENSUS][PBFT]checkTimeout Succ,view=54088,toView=54089,nodeIdx=2,changeCycle=1,myNode=8170ed0b...,timecost=1
info|2022-11-10 15:00:41.158188|[g:1][CONSENSUS][PBFT]checkAndChangeView: Reach consensus,org_view=54088,cur_changeCycle=1,curView=54088,view=54089
info|2022-11-10 15:00:42.170967|[g:1][CONSENSUS]addRawPrepare,height=20,reqIdx=0,hash=a711b005...,time=0
info|2022-11-10 15:00:42.171415|[g:1][CONSENSUS][PBFT]checkTimeout Succ,view=54089,toView=54090,nodeIdx=2,changeCycle=1,myNode=8170ed0b...,timecost=0
info|2022-11-10 15:00:42.175915|[g:1][CONSENSUS][PBFT]checkAndChangeView: Reach consensus,org_view=54089,cur_changeCycle=1,curView=54089,view=54090
info|2022-11-10 15:00:43.179643|[g:1][CONSENSUS]addRawPrepare,height=20,reqIdx=1,hash=9fc0fc2c...,time=0
info|2022-11-10 15:00:43.179963|[g:1][CONSENSUS][PBFT]checkTimeout Succ,view=54090,toView=54091,nodeIdx=2,changeCycle=1,myNode=8170ed0b...,timecost=0
info|2022-11-10 15:00:43.180981|[g:1][CONSENSUS][PBFT]checkAndChangeView: Reach consensus,org_view=54090,cur_changeCycle=1,curView=54090,view=54091
info|2022-11-10 15:00:44.181742|[g:1][CONSENSUS][SEALER]++++++++++++++++ Generating seal on,blkNum=20,tx=0,nodeIdx=2,hash=f9a0578c...
info|2022-11-10 15:00:44.182420|[g:1][CONSENSUS][PBFT]checkTimeout Succ,view=54091,toView=54092,nodeIdx=2,changeCycle=1,myNode=8170ed0b...,timecost=0
info|2022-11-10 15:00:44.184865|[g:1][CONSENSUS][PBFT]checkAndChangeView: Reach consensus,org_view=54091,cur_changeCycle=1,curView=54091,view=54092
info|2022-11-10 15:00:44.722482|[P2P][Service] heartBeat,connected count=3
info|2022-11-10 15:00:45.186700|[g:1][CONSENSUS]addRawPrepare,height=20,reqIdx=3,hash=cd10e100...,time=0
info|2022-11-10 15:00:45.187569|[g:1][CONSENSUS][PBFT]checkTimeout Succ,view=54092,toView=54093,nodeIdx=2,changeCycle=1,myNode=8170ed0b...,timecost=1
info|2022-11-10 15:00:45.189553|[g:1][CONSENSUS][PBFT]checkAndChangeView: Reach consensus,org_view=54092,cur_changeCycle=1,curView=54092,view=54093
info|2022-11-10 15:00:46.191030|[g:1][CONSENSUS]addRawPrepare,height=20,reqIdx=0,hash=35c07995...,time=0
info|2022-11-10 15:00:46.191305|[g:1][CONSENSUS][PBFT]checkTimeout Succ,view=54093,toView=54094,nodeIdx=2,changeCycle=1,myNode=8170ed0b...,timecost=0
info|2022-11-10 15:00:46.192015|[g:1][CONSENSUS][PBFT]checkAndChangeView: Reach consensus,org_view=54093,cur_changeCycle=1,curView=54093,view=54094
info|2022-11-10 15:00:47.193674|[g:1][CONSENSUS]addRawPrepare,height=20,reqIdx=1,hash=92418f96...,time=0
info|2022-11-10 15:00:47.194195|[g:1][CONSENSUS][PBFT]checkTimeout Succ,view=54094,toView=54095,nodeIdx=2,changeCycle=1,myNode=8170ed0b...,timecost=1
info|2022-11-10 15:00:47.195664|[g:1][CONSENSUS][PBFT]checkAndChangeView: Reach consensus,org_view=54094,cur_changeCycle=1,curView=54094,view=54095
info|2022-11-10 15:00:48.196632|[g:1][CONSENSUS][SEALER]++++++++++++++++ Generating seal on,blkNum=20,tx=0,nodeIdx=2,hash=48030f2e...
info|2022-11-10 15:00:48.204145|[g:1][CONSENSUS][PBFT]checkTimeout Succ,view=54095,toView=54096,nodeIdx=2,changeCycle=1,myNode=8170ed0b...,timecost=1
info|2022-11-10 15:00:48.204706|[g:1][CONSENSUS][PBFT]checkAndChangeView: Reach consensus,org_view=54095,cur_changeCycle=1,curView=54095,view=54096
info|2022-11-10 15:00:49.206609|[g:1][CONSENSUS]addRawPrepare,height=20,reqIdx=3,hash=366a7ebd...,time=0
info|2022-11-10 15:00:49.207007|[g:1][CONSENSUS][PBFT]checkTimeout Succ,view=54096,toView=54097,nodeIdx=2,changeCycle=1,myNode=8170ed0b...,timecost=1
info|2022-11-10 15:00:49.207921|[g:1][CONSENSUS][PBFT]checkAndChangeView: Reach consensus,org_view=54096,cur_changeCycle=1,curView=54096,view=54097
info|2022-11-10 15:00:50.209885|[g:1][CONSENSUS]addRawPrepare,height=20,reqIdx=0,hash=fd728dbf...,time=0
info|2022-11-10 15:00:50.210531|[g:1][CONSENSUS][PBFT]checkTimeout Succ,view=54097,toView=54098,nodeIdx=2,changeCycle=1,myNode=8170ed0b...,timecost=1
info|2022-11-10 15:00:50.212577|[g:1][CONSENSUS][PBFT]checkAndChangeView: Reach consensus,org_view=54097,cur_changeCycle=1,curView=54097,view=54098
info|2022-11-10 15:00:51.213312|[g:1][CONSENSUS]addRawPrepare,height=20,reqIdx=1,hash=b3aea58f...,time=0
info|2022-11-10 15:00:51.213759|[g:1][CONSENSUS][PBFT]checkTimeout Succ,view=54098,toView=54099,nodeIdx=2,changeCycle=1,myNode=8170ed0b...,timecost=0
info|2022-11-10 15:00:51.215628|[g:1][CONSENSUS][PBFT]checkAndChangeView: Reach consensus,org_view=54098,cur_changeCycle=1,curView=54098,view=54099
info|2022-11-10 15:00:52.216717|[g:1][CONSENSUS][SEALER]++++++++++++++++ Generating seal on,blkNum=20,tx=0,nodeIdx=2,hash=a78ac35f...
info|2022-11-10 15:00:52.220299|[g:1][CONSENSUS][PBFT]checkTimeout Succ,view=54099,toView=54100,nodeIdx=2,changeCycle=1,myNode=8170ed0b...,timecost=1
info|2022-11-10 15:00:52.222915|[g:1][CONSENSUS][PBFT]checkAndChangeView: Reach consensus,org_view=54099,cur_changeCycle=1,curView=54099,view=54100
info|2022-11-10 15:00:53.223563|[g:1][CONSENSUS]addRawPrepare,height=20,reqIdx=3,hash=8543289e...,time=0
info|2022-11-10 15:00:53.224363|[g:1][CONSENSUS][PBFT]checkTimeout Succ,view=54100,toView=54101,nodeIdx=2,changeCycle=1,myNode=8170ed0b...,timecost=1
info|2022-11-10 15:00:53.226796|[g:1][CONSENSUS][PBFT]checkAndChangeView: Reach consensus,org_view=54100,cur_changeCycle=1,curView=54100,view=54101
info|2022-11-10 15:00:54.240355|[g:1][CONSENSUS]addRawPrepare,height=20,reqIdx=0,hash=583d6fbf...,time=0
info|2022-11-10 15:00:54.244647|[g:1][CONSENSUS][PBFT]checkTimeout Succ,view=54101,toView=54102,nodeIdx=2,changeCycle=1,myNode=8170ed0b...,timecost=4
info|2022-11-10 15:00:54.259524|[g:1][CONSENSUS][PBFT]checkAndChangeView: Reach consensus,org_view=54101,cur_changeCycle=1,curView=54101,view=54102
info|2022-11-10 15:00:54.724429|[P2P][Service] heartBeat,connected count=3
info|2022-11-10 15:00:55.260664|[g:1][CONSENSUS]addRawPrepare,height=20,reqIdx=1,hash=42a82d4e...,time=0
info|2022-11-10 15:00:55.260903|[g:1][CONSENSUS][PBFT]checkTimeout Succ,view=54102,toView=54103,nodeIdx=2,changeCycle=1,myNode=8170ed0b...,timecost=0
info|2022-11-10 15:00:55.261599|[g:1][CONSENSUS][PBFT]checkAndChangeView: Reach consensus,org_view=54102,cur_changeCycle=1,curView=54102,view=54103
info|2022-11-10 15:00:56.263085|[g:1][CONSENSUS][SEALER]++++++++++++++++ Generating seal on,blkNum=20,tx=0,nodeIdx=2,hash=ea49c5c8...
info|2022-11-10 15:00:56.267717|[g:1][CONSENSUS][PBFT]checkTimeout Succ,view=54103,toView=54104,nodeIdx=2,changeCycle=1,myNode=8170ed0b...,timecost=0
info|2022-11-10 15:00:56.269611|[g:1][CONSENSUS][PBFT]checkAndChangeView: Reach consensus,org_view=54103,cur_changeCycle=1,curView=54103,view=54104
info|2022-11-10 15:00:57.270712|[g:1][CONSENSUS]addRawPrepare,height=20,reqIdx=3,hash=c782f7d9...,time=0
info|2022-11-10 15:00:57.270993|[g:1][CONSENSUS][PBFT]checkTimeout Succ,view=54104,toView=54105,nodeIdx=2,changeCycle=1,myNode=8170ed0b...,timecost=1
info|2022-11-10 15:00:57.272085|[g:1][CONSENSUS][PBFT]checkAndChangeView: Reach consensus,org_view=54104,cur_changeCycle=1,curView=54104,view=54105
info|2022-11-10 15:00:58.275722|[g:1][CONSENSUS]addRawPrepare,height=20,reqIdx=0,hash=d2e9824e...,time=0
info|2022-11-10 15:00:58.276108|[g:1][CONSENSUS][PBFT]checkTimeout Succ,view=54105,toView=54106,nodeIdx=2,changeCycle=1,myNode=8170ed0b...,timecost=1
info|2022-11-10 15:00:58.277522|[g:1][CONSENSUS][PBFT]checkAndChangeView: Reach consensus,org_view=54105,cur_changeCycle=1,curView=54105,view=54106
info|2022-11-10 15:00:59.281373|[g:1][CONSENSUS]addRawPrepare,height=20,reqIdx=1,hash=bcf84a07...,time=0
info|2022-11-10 15:00:59.281678|[g:1][CONSENSUS][PBFT]checkTimeout Succ,view=54106,toView=54107,nodeIdx=2,changeCycle=1,myNode=8170ed0b...,timecost=0
info|2022-11-10 15:00:59.282368|[g:1][CONSENSUS][PBFT]checkAndChangeView: Reach consensus,org_view=54106,cur_changeCycle=1,curView=54106,view=54107
info|2022-11-10 15:01:00.285441|[g:1][CONSENSUS][SEALER]++++++++++++++++ Generating seal on,blkNum=20,tx=0,nodeIdx=2,hash=39dfa4bb...
info|2022-11-10 15:01:00.287397|[g:1][CONSENSUS][PBFT]checkTimeout Succ,view=54107,toView=54108,nodeIdx=2,changeCycle=1,myNode=8170ed0b...,timecost=0
info|2022-11-10 15:01:00.288106|[g:1][CONSENSUS][PBFT]checkAndChangeView: Reach consensus,org_view=54107,cur_changeCycle=1,curView=54107,view=54108
info|2022-11-10 15:01:01.291408|[g:1][CONSENSUS]addRawPrepare,height=20,reqIdx=3,hash=656b9190...,time=0
info|2022-11-10 15:01:01.291819|[g:1][CONSENSUS][PBFT]checkTimeout Succ,view=54108,toView=54109,nodeIdx=2,changeCycle=1,myNode=8170ed0b...,timecost=0
info|2022-11-10 15:01:01.292673|[g:1][CONSENSUS][PBFT]checkAndChangeView: Reach consensus,org_view=54108,cur_changeCycle=1,curView=54108,view=54109
info|2022-11-10 15:01:02.295560|[g:1][CONSENSUS]addRawPrepare,height=20,reqIdx=0,hash=e9e40e48...,time=0
info|2022-11-10 15:01:02.295864|[g:1][CONSENSUS][PBFT]checkTimeout Succ,view=54109,toView=54110,nodeIdx=2,changeCycle=1,myNode=8170ed0b...,timecost=0
info|2022-11-10 15:01:02.296771|[g:1][CONSENSUS][PBFT]checkAndChangeView: Reach consensus,org_view=54109,cur_changeCycle=1,curView=54109,view=54110
info|2022-11-10 15:01:03.301140|[g:1][CONSENSUS]addRawPrepare,height=20,reqIdx=1,hash=fc7a978d...,time=0
info|2022-11-10 15:01:03.301885|[g:1][CONSENSUS][PBFT]checkTimeout Succ,view=54110,toView=54111,nodeIdx=2,changeCycle=1,myNode=8170ed0b...,timecost=0
info|2022-11-10 15:01:03.304567|[g:1][CONSENSUS][PBFT]checkAndChangeView: Reach consensus,org_view=54110,cur_changeCycle=1,curView=54110,view=54111
info|2022-11-10 15:01:04.306761|[g:1][CONSENSUS][SEALER]++++++++++++++++ Generating seal on,blkNum=20,tx=0,nodeIdx=2,hash=8e805f5f...
info|2022-11-10 15:01:04.307281|[g:1][CONSENSUS][PBFT]checkTimeout Succ,view=54111,toView=54112,nodeIdx=2,changeCycle=1,myNode=8170ed0b...,timecost=0
info|2022-11-10 15:01:04.308628|[g:1][CONSENSUS][PBFT]checkAndChangeView: Reach consensus,org_view=54111,cur_changeCycle=1,curView=54111,view=54112
info|2022-11-10 15:01:04.727328|[P2P][Service] heartBeat,connected count=3
info|2022-11-10 15:01:05.314531|[g:1][CONSENSUS]addRawPrepare,height=20,reqIdx=3,hash=45beb19f...,time=0
info|2022-11-10 15:01:05.315295|[g:1][CONSENSUS][PBFT]checkTimeout Succ,view=54112,toView=54113,nodeIdx=2,changeCycle=1,myNode=8170ed0b...,timecost=1
info|2022-11-10 15:01:05.317652|[g:1][CONSENSUS][PBFT]checkAndChangeView: Reach consensus,org_view=54112,cur_changeCycle=1,curView=54112,view=54113
info|2022-11-10 15:01:06.339432|[g:1][CONSENSUS]addRawPrepare,height=20,reqIdx=0,hash=89171cca...,time=0
info|2022-11-10 15:01:06.339891|[g:1][CONSENSUS][PBFT]checkTimeout Succ,view=54113,toView=54114,nodeIdx=2,changeCycle=1,myNode=8170ed0b...,timecost=0
info|2022-11-10 15:01:06.341047|[g:1][CONSENSUS][PBFT]checkAndChangeView: Reach consensus,org_view=54113,cur_changeCycle=1,curView=54113,view=54114
info|2022-11-10 15:01:07.413419|[g:1][CONSENSUS]addRawPrepare,height=20,reqIdx=1,hash=c517c4f2...,time=0
info|2022-11-10 15:01:07.413923|[g:1][CONSENSUS][PBFT]checkTimeout Succ,view=54114,toView=54115,nodeIdx=2,changeCycle=1,myNode=8170ed0b...,timecost=0
info|2022-11-10 15:01:07.414900|[g:1][CONSENSUS][PBFT]checkAndChangeView: Reach consensus,org_view=54114,cur_changeCycle=1,curView=54114,view=54115
info|2022-11-10 15:01:08.417547|[g:1][CONSENSUS][SEALER]++++++++++++++++ Generating seal on,blkNum=20,tx=0,nodeIdx=2,hash=cb62bf0d...
info|2022-11-10 15:01:08.430894|[g:1][CONSENSUS][PBFT]checkTimeout Succ,view=54115,toView=54116,nodeIdx=2,changeCycle=1,myNode=8170ed0b...,timecost=0
info|2022-11-10 15:01:08.432637|[g:1][CONSENSUS][PBFT]checkAndChangeView: Reach consensus,org_view=54115,cur_changeCycle=1,curView=54115,view=54116
info|2022-11-10 15:01:09.464723|[g:1][CONSENSUS]addRawPrepare,height=20,reqIdx=3,hash=befd0db1...,time=0
info|2022-11-10 15:01:09.465082|[g:1][CONSENSUS][PBFT]checkTimeout Succ,view=54116,toView=54117,nodeIdx=2,changeCycle=1,myNode=8170ed0b...,timecost=1
info|2022-11-10 15:01:09.469592|[g:1][CONSENSUS][PBFT]checkAndChangeView: Reach consensus,org_view=54116,cur_changeCycle=1,curView=54116,view=54117
info|2022-11-10 15:01:10.471085|[g:1][CONSENSUS]addRawPrepare,height=20,reqIdx=0,hash=ee2c07a5...,time=0
info|2022-11-10 15:01:10.471941|[g:1][CONSENSUS][PBFT]checkTimeout Succ,view=54117,toView=54118,nodeIdx=2,changeCycle=1,myNode=8170ed0b...,timecost=1
info|2022-11-10 15:01:10.474721|[g:1][CONSENSUS][PBFT]checkAndChangeView: Reach consensus,org_view=54117,cur_changeCycle=1,curView=54117,view=54118
info|2022-11-10 15:01:11.475856|[g:1][CONSENSUS]addRawPrepare,height=20,reqIdx=1,hash=8b779cb3...,time=0
info|2022-11-10 15:01:11.476140|[g:1][CONSENSUS][PBFT]checkTimeout Succ,view=54118,toView=54119,nodeIdx=2,changeCycle=1,myNode=8170ed0b...,timecost=1
info|2022-11-10 15:01:11.477061|[g:1][CONSENSUS][PBFT]checkAndChangeView: Reach consensus,org_view=54118,cur_changeCycle=1,curView=54118,view=54119
info|2022-11-10 15:01:12.477254|[g:1][CONSENSUS][SEALER]++++++++++++++++ Generating seal on,blkNum=20,tx=0,nodeIdx=2,hash=d92d1dde...
info|2022-11-10 15:01:12.479883|[g:1][CONSENSUS][PBFT]checkTimeout Succ,view=54119,toView=54120,nodeIdx=2,changeCycle=1,myNode=8170ed0b...,timecost=0
info|2022-11-10 15:01:12.480256|[g:1][CONSENSUS][PBFT]checkAndChangeView: Reach consensus,org_view=54119,cur_changeCycle=1,curView=54119,view=54120
info|2022-11-10 15:01:13.481740|[g:1][CONSENSUS]addRawPrepare,height=20,reqIdx=3,hash=b52f4392...,time=0
info|2022-11-10 15:01:13.482039|[g:1][CONSENSUS][PBFT]checkTimeout Succ,view=54120,toView=54121,nodeIdx=2,changeCycle=1,myNode=8170ed0b...,timecost=1
info|2022-11-10 15:01:13.482712|[g:1][CONSENSUS][PBFT]checkAndChangeView: Reach consensus,org_view=54120,cur_changeCycle=1,curView=54120,view=54121
info|2022-11-10 15:01:14.518592|[g:1][CONSENSUS]addRawPrepare,height=20,reqIdx=0,hash=dcffdc4e...,time=0
info|2022-11-10 15:01:14.518978|[g:1][CONSENSUS][PBFT]checkTimeout Succ,view=54121,toView=54122,nodeIdx=2,changeCycle=1,myNode=8170ed0b...,timecost=0
info|2022-11-10 15:01:14.522966|[g:1][CONSENSUS][PBFT]checkAndChangeView: Reach consensus,org_view=54121,cur_changeCycle=1,curView=54121,view=54122
info|2022-11-10 15:01:14.727736|[P2P][Service] heartBeat,connected count=3
info|2022-11-10 15:01:15.554921|[g:1][CONSENSUS]addRawPrepare,height=20,reqIdx=1,hash=02e99795...,time=0
info|2022-11-10 15:01:15.555251|[g:1][CONSENSUS][PBFT]checkTimeout Succ,view=54122,toView=54123,nodeIdx=2,changeCycle=1,myNode=8170ed0b...,timecost=1
info|2022-11-10 15:01:15.556471|[g:1][CONSENSUS][PBFT]checkAndChangeView: Reach consensus,org_view=54122,cur_changeCycle=1,curView=54122,view=54123
info|2022-11-10 15:01:16.557315|[g:1][CONSENSUS][SEALER]++++++++++++++++ Generating seal on,blkNum=20,tx=0,nodeIdx=2,hash=099b4fdb...
info|2022-11-10 15:01:16.559708|[g:1][CONSENSUS][PBFT]checkTimeout Succ,view=54123,toView=54124,nodeIdx=2,changeCycle=1,myNode=8170ed0b...,timecost=0
info|2022-11-10 15:01:16.560134|[g:1][CONSENSUS][PBFT]checkAndChangeView: Reach consensus,org_view=54123,cur_changeCycle=1,curView=54123,view=54124
info|2022-11-10 15:01:17.561457|[g:1][CONSENSUS]addRawPrepare,height=20,reqIdx=3,hash=0ed631f7...,time=0
info|2022-11-10 15:01:17.561798|[g:1][CONSENSUS][PBFT]checkTimeout Succ,view=54124,toView=54125,nodeIdx=2,changeCycle=1,myNode=8170ed0b...,timecost=0
info|2022-11-10 15:01:17.562681|[g:1][CONSENSUS][PBFT]checkAndChangeView: Reach consensus,org_view=54124,cur_changeCycle=1,curView=54124,view=54125
info|2022-11-10 15:01:18.563991|[g:1][CONSENSUS]addRawPrepare,height=20,reqIdx=0,hash=eecc72bf...,time=1
info|2022-11-10 15:01:18.564397|[g:1][CONSENSUS][PBFT]checkTimeout Succ,view=54125,toView=54126,nodeIdx=2,changeCycle=1,myNode=8170ed0b...,timecost=0
info|2022-11-10 15:01:18.565197|[g:1][CONSENSUS][PBFT]checkAndChangeView: Reach consensus,org_view=54125,cur_changeCycle=1,curView=54125,view=54126
info|2022-11-10 15:01:19.566178|[g:1][CONSENSUS]addRawPrepare,height=20,reqIdx=1,hash=ae6a50b7...,time=0
info|2022-11-10 15:01:19.566455|[g:1][CONSENSUS][PBFT]checkTimeout Succ,view=54126,toView=54127,nodeIdx=2,changeCycle=1,myNode=8170ed0b...,timecost=0
info|2022-11-10 15:01:19.567148|[g:1][CONSENSUS][PBFT]checkAndChangeView: Reach consensus,org_view=54126,cur_changeCycle=1,curView=54126,view=54127
info|2022-11-10 15:01:20.568131|[g:1][CONSENSUS][SEALER]++++++++++++++++ Generating seal on,blkNum=20,tx=0,nodeIdx=2,hash=51bdee05...
info|2022-11-10 15:01:20.568840|[g:1][CONSENSUS][PBFT]checkTimeout Succ,view=54127,toView=54128,nodeIdx=2,changeCycle=1,myNode=8170ed0b...,timecost=0
info|2022-11-10 15:01:20.571288|[g:1][CONSENSUS][PBFT]checkAndChangeView: Reach consensus,org_view=54127,cur_changeCycle=1,curView=54127,view=54128
info|2022-11-10 15:01:21.575406|[g:1][CONSENSUS]addRawPrepare,height=20,reqIdx=3,hash=f6dd9c9b...,time=0
info|2022-11-10 15:01:21.576346|[g:1][CONSENSUS][PBFT]checkTimeout Succ,view=54128,toView=54129,nodeIdx=2,changeCycle=1,myNode=8170ed0b...,timecost=1
info|2022-11-10 15:01:21.578942|[g:1][CONSENSUS][PBFT]checkAndChangeView: Reach consensus,org_view=54128,cur_changeCycle=1,curView=54128,view=54129
info|2022-11-10 15:01:22.581018|[g:1][CONSENSUS]addRawPrepare,height=20,reqIdx=0,hash=9e641275...,time=0
info|2022-11-10 15:01:22.581720|[g:1][CONSENSUS][PBFT]checkTimeout Succ,view=54129,toView=54130,nodeIdx=2,changeCycle=1,myNode=8170ed0b...,timecost=0
info|2022-11-10 15:01:22.583872|[g:1][CONSENSUS][PBFT]checkAndChangeView: Reach consensus,org_view=54129,cur_changeCycle=1,curView=54129,view=54130
info|2022-11-10 15:01:23.585541|[g:1][CONSENSUS]addRawPrepare,height=20,reqIdx=1,hash=3c2ebd5a...,time=0
info|2022-11-10 15:01:23.585858|[g:1][CONSENSUS][PBFT]checkTimeout Succ,view=54130,toView=54131,nodeIdx=2,changeCycle=1,myNode=8170ed0b...,timecost=0
info|2022-11-10 15:01:23.586711|[g:1][CONSENSUS][PBFT]checkAndChangeView: Reach consensus,org_view=54130,cur_changeCycle=1,curView=54130,view=54131
info|2022-11-10 15:01:24.588700|[g:1][CONSENSUS][SEALER]++++++++++++++++ Generating seal on,blkNum=20,tx=0,nodeIdx=2,hash=2ce1fc4d...
info|2022-11-10 15:01:24.590573|[g:1][CONSENSUS][PBFT]checkTimeout Succ,view=54131,toView=54132,nodeIdx=2,changeCycle=1,myNode=8170ed0b...,timecost=0
info|2022-11-10 15:01:24.590913|[g:1][CONSENSUS][PBFT]checkAndChangeView: Reach consensus,org_view=54131,cur_changeCycle=1,curView=54131,view=54132
info|2022-11-10 15:01:24.728928|[P2P][Service] heartBeat,connected count=3
info|2022-11-10 15:01:25.591940|[g:1][CONSENSUS]addRawPrepare,height=20,reqIdx=3,hash=0f9c5590...,time=0
info|2022-11-10 15:01:25.592204|[g:1][CONSENSUS][PBFT]checkTimeout Succ,view=54132,toView=54133,nodeIdx=2,changeCycle=1,myNode=8170ed0b...,timecost=1
info|2022-11-10 15:01:25.592898|[g:1][CONSENSUS][PBFT]checkAndChangeView: Reach consensus,org_view=54132,cur_changeCycle=1,curView=54132,view=54133
info|2022-11-10 15:01:26.595178|[g:1][CONSENSUS]addRawPrepare,height=20,reqIdx=0,hash=b6ccdf1f...,time=0
info|2022-11-10 15:01:26.595613|[g:1][CONSENSUS][PBFT]checkTimeout Succ,view=54133,toView=54134,nodeIdx=2,changeCycle=1,myNode=8170ed0b...,timecost=0
info|2022-11-10 15:01:26.596911|[g:1][CONSENSUS][PBFT]checkAndChangeView: Reach consensus,org_view=54133,cur_changeCycle=1,curView=54133,view=54134
info|2022-11-10 15:01:27.599325|[g:1][CONSENSUS]addRawPrepare,height=20,reqIdx=1,hash=1b0ea9b9...,time=0
info|2022-11-10 15:01:27.599582|[g:1][CONSENSUS][PBFT]checkTimeout Succ,view=54134,toView=54135,nodeIdx=2,changeCycle=1,myNode=8170ed0b...,timecost=0
info|2022-11-10 15:01:27.600177|[g:1][CONSENSUS][PBFT]checkAndChangeView: Reach consensus,org_view=54134,cur_changeCycle=1,curView=54134,view=54135
info|2022-11-10 15:01:28.600357|[g:1][CONSENSUS][SEALER]++++++++++++++++ Generating seal on,blkNum=20,tx=0,nodeIdx=2,hash=a03e857c...
info|2022-11-10 15:01:28.600807|[g:1][CONSENSUS][PBFT]checkTimeout Succ,view=54135,toView=54136,nodeIdx=2,changeCycle=1,myNode=8170ed0b...,timecost=0
info|2022-11-10 15:01:28.602529|[g:1][CONSENSUS][PBFT]checkAndChangeView: Reach consensus,org_view=54135,cur_changeCycle=1,curView=54135,view=54136
info|2022-11-10 15:01:29.606204|[g:1][CONSENSUS]addRawPrepare,height=20,reqIdx=3,hash=1f9a78ca...,time=0
info|2022-11-10 15:01:29.607320|[g:1][CONSENSUS][PBFT]checkTimeout Succ,view=54136,toView=54137,nodeIdx=2,changeCycle=1,myNode=8170ed0b...,timecost=1
info|2022-11-10 15:01:29.609850|[g:1][CONSENSUS][PBFT]checkAndChangeView: Reach consensus,org_view=54136,cur_changeCycle=1,curView=54136,view=54137
info|2022-11-10 15:01:30.612806|[g:1][CONSENSUS]addRawPrepare,height=20,reqIdx=0,hash=1a007829...,time=0
info|2022-11-10 15:01:30.613485|[g:1][CONSENSUS][PBFT]checkTimeout Succ,view=54137,toView=54138,nodeIdx=2,changeCycle=1,myNode=8170ed0b...,timecost=1
info|2022-11-10 15:01:30.615821|[g:1][CONSENSUS][PBFT]checkAndChangeView: Reach consensus,org_view=54137,cur_changeCycle=1,curView=54137,view=54138
info|2022-11-10 15:01:31.618975|[g:1][CONSENSUS]addRawPrepare,height=20,reqIdx=1,hash=20a4e59d...,time=0
info|2022-11-10 15:01:31.619886|[g:1][CONSENSUS][PBFT]checkTimeout Succ,view=54138,toView=54139,nodeIdx=2,changeCycle=1,myNode=8170ed0b...,timecost=0
info|2022-11-10 15:01:31.621471|[g:1][CONSENSUS][PBFT]checkAndChangeView: Reach consensus,org_view=54138,cur_changeCycle=1,curView=54138,view=54139
info|2022-11-10 15:01:32.622077|[g:1][CONSENSUS][SEALER]++++++++++++++++ Generating seal on,blkNum=20,tx=0,nodeIdx=2,hash=a149dc1e...
info|2022-11-10 15:01:32.622662|[g:1][CONSENSUS][PBFT]checkTimeout Succ,view=54139,toView=54140,nodeIdx=2,changeCycle=1,myNode=8170ed0b...,timecost=0
info|2022-11-10 15:01:32.624321|[g:1][CONSENSUS][PBFT]checkAndChangeView: Reach consensus,org_view=54139,cur_changeCycle=1,curView=54139,view=54140
info|2022-11-10 15:01:33.628024|[g:1][CONSENSUS]addRawPrepare,height=20,reqIdx=3,hash=b8e88f58...,time=0
info|2022-11-10 15:01:33.629021|[g:1][CONSENSUS][PBFT]checkTimeout Succ,view=54140,toView=54141,nodeIdx=2,changeCycle=1,myNode=8170ed0b...,timecost=1
info|2022-11-10 15:01:33.630989|[g:1][CONSENSUS][PBFT]checkAndChangeView: Reach consensus,org_view=54140,cur_changeCycle=1,curView=54140,view=54141
info|2022-11-10 15:01:34.635116|[g:1][CONSENSUS]addRawPrepare,height=20,reqIdx=0,hash=29b1e731...,time=0
info|2022-11-10 15:01:34.636117|[g:1][CONSENSUS][PBFT]checkTimeout Succ,view=54141,toView=54142,nodeIdx=2,changeCycle=1,myNode=8170ed0b...,timecost=1
info|2022-11-10 15:01:34.638740|[g:1][CONSENSUS][PBFT]checkAndChangeView: Reach consensus,org_view=54141,cur_changeCycle=1,curView=54141,view=54142
info|2022-11-10 15:01:34.731185|[P2P][Service] heartBeat,connected count=3
info|2022-11-10 15:01:35.642269|[g:1][CONSENSUS]addRawPrepare,height=20,reqIdx=1,hash=033fef7b...,time=0
info|2022-11-10 15:01:35.643293|[g:1][CONSENSUS][PBFT]checkTimeout Succ,view=54142,toView=54143,nodeIdx=2,changeCycle=1,myNode=8170ed0b...,timecost=1
info|2022-11-10 15:01:35.645768|[g:1][CONSENSUS][PBFT]checkAndChangeView: Reach consensus,org_view=54142,cur_changeCycle=1,curView=54142,view=54143
info|2022-11-10 15:01:36.646405|[g:1][CONSENSUS][SEALER]++++++++++++++++ Generating seal on,blkNum=20,tx=0,nodeIdx=2,hash=580894f3...
info|2022-11-10 15:01:36.650952|[g:1][CONSENSUS][PBFT]checkTimeout Succ,view=54143,toView=54144,nodeIdx=2,changeCycle=1,myNode=8170ed0b...,timecost=0
info|2022-11-10 15:01:36.652105|[g:1][CONSENSUS][PBFT]checkAndChangeView: Reach consensus,org_view=54143,cur_changeCycle=1,curView=54143,view=54144
info|2022-11-10 15:01:37.655373|[g:1][CONSENSUS]addRawPrepare,height=20,reqIdx=3,hash=0b4e3049...,time=0
info|2022-11-10 15:01:37.656343|[g:1][CONSENSUS][PBFT]checkTimeout Succ,view=54144,toView=54145,nodeIdx=2,changeCycle=1,myNode=8170ed0b...,timecost=1
info|2022-11-10 15:01:37.659127|[g:1][CONSENSUS][PBFT]checkAndChangeView: Reach consensus,org_view=54144,cur_changeCycle=1,curView=54144,view=54145
info|2022-11-10 15:01:38.660893|[g:1][CONSENSUS]addRawPrepare,height=20,reqIdx=0,hash=a71ae7a6...,time=0
info|2022-11-10 15:01:38.661592|[g:1][CONSENSUS][PBFT]checkTimeout Succ,view=54145,toView=54146,nodeIdx=2,changeCycle=1,myNode=8170ed0b...,timecost=1
info|2022-11-10 15:01:38.663746|[g:1][CONSENSUS][PBFT]checkAndChangeView: Reach consensus,org_view=54145,cur_changeCycle=1,curView=54145,view=54146
info|2022-11-10 15:01:39.666522|[g:1][CONSENSUS]addRawPrepare,height=20,reqIdx=1,hash=46d005c7...,time=0
info|2022-11-10 15:01:39.667504|[g:1][CONSENSUS][PBFT]checkTimeout Succ,view=54146,toView=54147,nodeIdx=2,changeCycle=1,myNode=8170ed0b...,timecost=1
info|2022-11-10 15:01:39.670493|[g:1][CONSENSUS][PBFT]checkAndChangeView: Reach consensus,org_view=54146,cur_changeCycle=1,curView=54146,view=54147
info|2022-11-10 15:01:40.671427|[g:1][CONSENSUS][SEALER]++++++++++++++++ Generating seal on,blkNum=20,tx=0,nodeIdx=2,hash=6ab88693...
info|2022-11-10 15:01:40.677188|[g:1][CONSENSUS][PBFT]checkTimeout Succ,view=54147,toView=54148,nodeIdx=2,changeCycle=1,myNode=8170ed0b...,timecost=1
info|2022-11-10 15:01:40.678695|[g:1][CONSENSUS][PBFT]checkAndChangeView: Reach consensus,org_view=54147,cur_changeCycle=1,curView=54147,view=54148
info|2022-11-10 15:01:41.681865|[g:1][CONSENSUS]addRawPrepare,height=20,reqIdx=3,hash=e0beb00f...,time=0
info|2022-11-10 15:01:41.682670|[g:1][CONSENSUS][PBFT]checkTimeout Succ,view=54148,toView=54149,nodeIdx=2,changeCycle=1,myNode=8170ed0b...,timecost=0
info|2022-11-10 15:01:41.684217|[g:1][CONSENSUS][PBFT]checkAndChangeView: Reach consensus,org_view=54148,cur_changeCycle=1,curView=54148,view=54149
info|2022-11-10 15:01:42.685090|[g:1][CONSENSUS]addRawPrepare,height=20,reqIdx=0,hash=eb51d8d3...,time=0
info|2022-11-10 15:01:42.685396|[g:1][CONSENSUS][PBFT]checkTimeout Succ,view=54149,toView=54150,nodeIdx=2,changeCycle=1,myNode=8170ed0b...,timecost=0
info|2022-11-10 15:01:42.686504|[g:1][CONSENSUS][PBFT]checkAndChangeView: Reach consensus,org_view=54149,cur_changeCycle=1,curView=54149,view=54150
info|2022-11-10 15:01:43.690183|[g:1][CONSENSUS]addRawPrepare,height=20,reqIdx=1,hash=0bbebc01...,time=0
info|2022-11-10 15:01:43.690918|[g:1][CONSENSUS][PBFT]checkTimeout Succ,view=54150,toView=54151,nodeIdx=2,changeCycle=1,myNode=8170ed0b...,timecost=0
info|2022-11-10 15:01:43.692798|[g:1][CONSENSUS][PBFT]checkAndChangeView: Reach consensus,org_view=54150,cur_changeCycle=1,curView=54150,view=54151
info|2022-11-10 15:01:44.693679|[g:1][CONSENSUS][SEALER]++++++++++++++++ Generating seal on,blkNum=20,tx=0,nodeIdx=2,hash=b11abba0...
info|2022-11-10 15:01:44.694247|[g:1][CONSENSUS][PBFT]checkTimeout Succ,view=54151,toView=54152,nodeIdx=2,changeCycle=1,myNode=8170ed0b...,timecost=1
info|2022-11-10 15:01:44.696000|[g:1][CONSENSUS][PBFT]checkAndChangeView: Reach consensus,org_view=54151,cur_changeCycle=1,curView=54151,view=54152
info|2022-11-10 15:01:44.732090|[P2P][Service] heartBeat,connected count=3
info|2022-11-10 15:01:45.700258|[g:1][CONSENSUS]addRawPrepare,height=20,reqIdx=3,hash=8931da62...,time=0
info|2022-11-10 15:01:45.701621|[g:1][CONSENSUS][PBFT]checkTimeout Succ,view=54152,toView=54153,nodeIdx=2,changeCycle=1,myNode=8170ed0b...,timecost=1
info|2022-11-10 15:01:45.704446|[g:1][CONSENSUS][PBFT]checkAndChangeView: Reach consensus,org_view=54152,cur_changeCycle=1,curView=54152,view=54153
info|2022-11-10 15:01:46.707467|[g:1][CONSENSUS]addRawPrepare,height=20,reqIdx=0,hash=2c36b2d7...,time=0
info|2022-11-10 15:01:46.708180|[g:1][CONSENSUS][PBFT]checkTimeout Succ,view=54153,toView=54154,nodeIdx=2,changeCycle=1,myNode=8170ed0b...,timecost=1
info|2022-11-10 15:01:46.709851|[g:1][CONSENSUS][PBFT]checkAndChangeView: Reach consensus,org_view=54153,cur_changeCycle=1,curView=54153,view=54154
info|2022-11-10 15:01:47.711951|[g:1][CONSENSUS]addRawPrepare,height=20,reqIdx=1,hash=d6d76f5a...,time=0
info|2022-11-10 15:01:47.712802|[g:1][CONSENSUS][PBFT]checkTimeout Succ,view=54154,toView=54155,nodeIdx=2,changeCycle=1,myNode=8170ed0b...,timecost=0
info|2022-11-10 15:01:47.715544|[g:1][CONSENSUS][PBFT]checkAndChangeView: Reach consensus,org_view=54154,cur_changeCycle=1,curView=54154,view=54155
info|2022-11-10 15:01:48.715743|[g:1][CONSENSUS][SEALER]++++++++++++++++ Generating seal on,blkNum=20,tx=0,nodeIdx=2,hash=30a37a4b...
info|2022-11-10 15:01:48.720550|[g:1][CONSENSUS][PBFT]checkTimeout Succ,view=54155,toView=54156,nodeIdx=2,changeCycle=1,myNode=8170ed0b...,timecost=1
info|2022-11-10 15:01:48.722059|[g:1][CONSENSUS][PBFT]checkAndChangeView: Reach consensus,org_view=54155,cur_changeCycle=1,curView=54155,view=54156
info|2022-11-10 15:01:49.724743|[g:1][CONSENSUS]addRawPrepare,height=20,reqIdx=3,hash=24886a5c...,time=0
info|2022-11-10 15:01:49.725456|[g:1][CONSENSUS][PBFT]checkTimeout Succ,view=54156,toView=54157,nodeIdx=2,changeCycle=1,myNode=8170ed0b...,timecost=1
info|2022-11-10 15:01:49.727053|[g:1][CONSENSUS][PBFT]checkAndChangeView: Reach consensus,org_view=54156,cur_changeCycle=1,curView=54156,view=54157
info|2022-11-10 15:01:50.730723|[g:1][CONSENSUS]addRawPrepare,height=20,reqIdx=0,hash=d6fab21c...,time=0
info|2022-11-10 15:01:50.731749|[g:1][CONSENSUS][PBFT]checkTimeout Succ,view=54157,toView=54158,nodeIdx=2,changeCycle=1,myNode=8170ed0b...,timecost=1
info|2022-11-10 15:01:50.734653|[g:1][CONSENSUS][PBFT]checkAndChangeView: Reach consensus,org_view=54157,cur_changeCycle=1,curView=54157,view=54158
info|2022-11-10 15:01:51.737044|[g:1][CONSENSUS]addRawPrepare,height=20,reqIdx=1,hash=24aed9be...,time=0
info|2022-11-10 15:01:51.737704|[g:1][CONSENSUS][PBFT]checkTimeout Succ,view=54158,toView=54159,nodeIdx=2,changeCycle=1,myNode=8170ed0b...,timecost=0
info|2022-11-10 15:01:51.739799|[g:1][CONSENSUS][PBFT]checkAndChangeView: Reach consensus,org_view=54158,cur_changeCycle=1,curView=54158,view=54159
info|2022-11-10 15:01:52.740149|[g:1][CONSENSUS][SEALER]++++++++++++++++ Generating seal on,blkNum=20,tx=0,nodeIdx=2,hash=9b0ac4dd...
info|2022-11-10 15:01:52.742473|[g:1][CONSENSUS][PBFT]checkTimeout Succ,view=54159,toView=54160,nodeIdx=2,changeCycle=1,myNode=8170ed0b...,timecost=0
info|2022-11-10 15:01:52.743753|[g:1][CONSENSUS][PBFT]checkAndChangeView: Reach consensus,org_view=54159,cur_changeCycle=1,curView=54159,view=54160
info|2022-11-10 15:01:53.747399|[g:1][CONSENSUS]addRawPrepare,height=20,reqIdx=3,hash=4b7ee3fb...,time=0
info|2022-11-10 15:01:53.748417|[g:1][CONSENSUS][PBFT]checkTimeout Succ,view=54160,toView=54161,nodeIdx=2,changeCycle=1,myNode=8170ed0b...,timecost=1
info|2022-11-10 15:01:53.751204|[g:1][CONSENSUS][PBFT]checkAndChangeView: Reach consensus,org_view=54160,cur_changeCycle=1,curView=54160,view=54161
info|2022-11-10 15:01:54.732754|[P2P][Service] heartBeat,connected count=3
info|2022-11-10 15:01:54.754908|[g:1][CONSENSUS]addRawPrepare,height=20,reqIdx=0,hash=ddebf0b3...,time=0
info|2022-11-10 15:01:54.755878|[g:1][CONSENSUS][PBFT]checkTimeout Succ,view=54161,toView=54162,nodeIdx=2,changeCycle=1,myNode=8170ed0b...,timecost=0
info|2022-11-10 15:01:54.758267|[g:1][CONSENSUS][PBFT]checkAndChangeView: Reach consensus,org_view=54161,cur_changeCycle=1,curView=54161,view=54162
info|2022-11-10 15:01:55.762663|[g:1][CONSENSUS]addRawPrepare,height=20,reqIdx=1,hash=032385c6...,time=0
info|2022-11-10 15:01:55.763763|[g:1][CONSENSUS][PBFT]checkTimeout Succ,view=54162,toView=54163,nodeIdx=2,changeCycle=1,myNode=8170ed0b...,timecost=1
info|2022-11-10 15:01:55.765980|[g:1][CONSENSUS][PBFT]checkAndChangeView: Reach consensus,org_view=54162,cur_changeCycle=1,curView=54162,view=54163
info|2022-11-10 15:01:56.768134|[g:1][CONSENSUS][SEALER]++++++++++++++++ Generating seal on,blkNum=20,tx=0,nodeIdx=2,hash=ffe6fc50...
info|2022-11-10 15:01:56.770021|[g:1][CONSENSUS][PBFT]checkTimeout Succ,view=54163,toView=54164,nodeIdx=2,changeCycle=1,myNode=8170ed0b...,timecost=2
info|2022-11-10 15:01:56.773054|[g:1][CONSENSUS][PBFT]checkAndChangeView: Reach consensus,org_view=54163,cur_changeCycle=1,curView=54163,view=54164
info|2022-11-10 15:01:57.774089|[g:1][CONSENSUS]addRawPrepare,height=20,reqIdx=3,hash=21bbb7e6...,time=0
info|2022-11-10 15:01:57.774337|[g:1][CONSENSUS][PBFT]checkTimeout Succ,view=54164,toView=54165,nodeIdx=2,changeCycle=1,myNode=8170ed0b...,timecost=0
info|2022-11-10 15:01:57.775150|[g:1][CONSENSUS][PBFT]checkAndChangeView: Reach consensus,org_view=54164,cur_changeCycle=1,curView=54164,view=54165
info|2022-11-10 15:01:58.778439|[g:1][CONSENSUS]addRawPrepare,height=20,reqIdx=0,hash=898a4170...,time=0
info|2022-11-10 15:01:58.779042|[g:1][CONSENSUS][PBFT]checkTimeout Succ,view=54165,toView=54166,nodeIdx=2,changeCycle=1,myNode=8170ed0b...,timecost=1
info|2022-11-10 15:01:58.780610|[g:1][CONSENSUS][PBFT]checkAndChangeView: Reach consensus,org_view=54165,cur_changeCycle=1,curView=54165,view=54166
info|2022-11-10 15:01:59.784879|[g:1][CONSENSUS]addRawPrepare,height=20,reqIdx=1,hash=5c0a4f98...,time=0
info|2022-11-10 15:01:59.785708|[g:1][CONSENSUS][PBFT]checkTimeout Succ,view=54166,toView=54167,nodeIdx=2,changeCycle=1,myNode=8170ed0b...,timecost=0
info|2022-11-10 15:01:59.787256|[g:1][CONSENSUS][PBFT]checkAndChangeView: Reach consensus,org_view=54166,cur_changeCycle=1,curView=54166,view=54167
info|2022-11-10 15:02:00.787952|[g:1][CONSENSUS][SEALER]++++++++++++++++ Generating seal on,blkNum=20,tx=0,nodeIdx=2,hash=3e9d2c41...
info|2022-11-10 15:02:00.793782|[g:1][CONSENSUS][PBFT]checkTimeout Succ,view=54167,toView=54168,nodeIdx=2,changeCycle=1,myNode=8170ed0b...,timecost=0
info|2022-11-10 15:02:00.795676|[g:1][CONSENSUS][PBFT]checkAndChangeView: Reach consensus,org_view=54167,cur_changeCycle=1,curView=54167,view=54168
info|2022-11-10 15:02:01.798110|[g:1][CONSENSUS]addRawPrepare,height=20,reqIdx=3,hash=f73678e8...,time=0
info|2022-11-10 15:02:01.798783|[g:1][CONSENSUS][PBFT]checkTimeout Succ,view=54168,toView=54169,nodeIdx=2,changeCycle=1,myNode=8170ed0b...,timecost=0
info|2022-11-10 15:02:01.800705|[g:1][CONSENSUS][PBFT]checkAndChangeView: Reach consensus,org_view=54168,cur_changeCycle=1,curView=54168,view=54169
info|2022-11-10 15:02:02.804776|[g:1][CONSENSUS]addRawPrepare,height=20,reqIdx=0,hash=9628424b...,time=0
info|2022-11-10 15:02:02.805731|[g:1][CONSENSUS][PBFT]checkTimeout Succ,view=54169,toView=54170,nodeIdx=2,changeCycle=1,myNode=8170ed0b...,timecost=1
info|2022-11-10 15:02:02.807712|[g:1][CONSENSUS][PBFT]checkAndChangeView: Reach consensus,org_view=54169,cur_changeCycle=1,curView=54169,view=54170
info|2022-11-10 15:02:03.810932|[g:1][CONSENSUS]addRawPrepare,height=20,reqIdx=1,hash=b2f21fc6...,time=0
info|2022-11-10 15:02:03.811602|[g:1][CONSENSUS][PBFT]checkTimeout Succ,view=54170,toView=54171,nodeIdx=2,changeCycle=1,myNode=8170ed0b...,timecost=0
info|2022-11-10 15:02:03.813201|[g:1][CONSENSUS][PBFT]checkAndChangeView: Reach consensus,org_view=54170,cur_changeCycle=1,curView=54170,view=54171
info|2022-11-10 15:02:04.734974|[P2P][Service] heartBeat,connected count=3
info|2022-11-10 15:02:04.814099|[g:1][CONSENSUS][SEALER]++++++++++++++++ Generating seal on,blkNum=20,tx=0,nodeIdx=2,hash=5f5e9630...
info|2022-11-10 15:02:04.815814|[g:1][CONSENSUS][PBFT]checkTimeout Succ,view=54171,toView=54172,nodeIdx=2,changeCycle=1,myNode=8170ed0b...,timecost=0
info|2022-11-10 15:02:04.820431|[g:1][CONSENSUS][PBFT]checkAndChangeView: Reach consensus,org_view=54171,cur_changeCycle=1,curView=54171,view=54172
info|2022-11-10 15:02:05.823256|[g:1][CONSENSUS]addRawPrepare,height=20,reqIdx=3,hash=8bc6bdc1...,time=0
info|2022-11-10 15:02:05.823939|[g:1][CONSENSUS][PBFT]checkTimeout Succ,view=54172,toView=54173,nodeIdx=2,changeCycle=1,myNode=8170ed0b...,timecost=0
info|2022-11-10 15:02:05.825751|[g:1][CONSENSUS][PBFT]checkAndChangeView: Reach consensus,org_view=54172,cur_changeCycle=1,curView=54172,view=54173
info|2022-11-10 15:02:06.827611|[g:1][CONSENSUS]addRawPrepare,height=20,reqIdx=0,hash=5c9584ec...,time=0
info|2022-11-10 15:02:06.828281|[g:1][CONSENSUS][PBFT]checkTimeout Succ,view=54173,toView=54174,nodeIdx=2,changeCycle=1,myNode=8170ed0b...,timecost=1
info|2022-11-10 15:02:06.829939|[g:1][CONSENSUS][PBFT]checkAndChangeView: Reach consensus,org_view=54173,cur_changeCycle=1,curView=54173,view=54174
info|2022-11-10 15:02:07.832514|[g:1][CONSENSUS]addRawPrepare,height=20,reqIdx=1,hash=bdc6ce88...,time=0
info|2022-11-10 15:02:07.833210|[g:1][CONSENSUS][PBFT]checkTimeout Succ,view=54174,toView=54175,nodeIdx=2,changeCycle=1,myNode=8170ed0b...,timecost=1
info|2022-11-10 15:02:07.835426|[g:1][CONSENSUS][PBFT]checkAndChangeView: Reach consensus,org_view=54174,cur_changeCycle=1,curView=54174,view=54175
info|2022-11-10 15:02:08.836774|[g:1][CONSENSUS][SEALER]++++++++++++++++ Generating seal on,blkNum=20,tx=0,nodeIdx=2,hash=2278ced4...
info|2022-11-10 15:02:08.841945|[g:1][CONSENSUS][PBFT]checkTimeout Succ,view=54175,toView=54176,nodeIdx=2,changeCycle=1,myNode=8170ed0b...,timecost=0
info|2022-11-10 15:02:08.843391|[g:1][CONSENSUS][PBFT]checkAndChangeView: Reach consensus,org_view=54175,cur_changeCycle=1,curView=54175,view=54176
info|2022-11-10 15:02:09.845697|[g:1][CONSENSUS]addRawPrepare,height=20,reqIdx=3,hash=f96c5786...,time=0
info|2022-11-10 15:02:09.846458|[g:1][CONSENSUS][PBFT]checkTimeout Succ,view=54176,toView=54177,nodeIdx=2,changeCycle=1,myNode=8170ed0b...,timecost=1
info|2022-11-10 15:02:09.848682|[g:1][CONSENSUS][PBFT]checkAndChangeView: Reach consensus,org_view=54176,cur_changeCycle=1,curView=54176,view=54177
info|2022-11-10 15:02:10.852442|[g:1][CONSENSUS]addRawPrepare,height=20,reqIdx=0,hash=ae4b8697...,time=0
info|2022-11-10 15:02:10.853441|[g:1][CONSENSUS][PBFT]checkTimeout Succ,view=54177,toView=54178,nodeIdx=2,changeCycle=1,myNode=8170ed0b...,timecost=1
info|2022-11-10 15:02:10.855968|[g:1][CONSENSUS][PBFT]checkAndChangeView: Reach consensus,org_view=54177,cur_changeCycle=1,curView=54177,view=54178
info|2022-11-10 15:02:11.859374|[g:1][CONSENSUS]addRawPrepare,height=20,reqIdx=1,hash=674bd3cb...,time=0
info|2022-11-10 15:02:11.860520|[g:1][CONSENSUS][PBFT]checkTimeout Succ,view=54178,toView=54179,nodeIdx=2,changeCycle=1,myNode=8170ed0b...,timecost=1
info|2022-11-10 15:02:11.862623|[g:1][CONSENSUS][PBFT]checkAndChangeView: Reach consensus,org_view=54178,cur_changeCycle=1,curView=54178,view=54179
info|2022-11-10 15:02:12.863573|[g:1][CONSENSUS][SEALER]++++++++++++++++ Generating seal on,blkNum=20,tx=0,nodeIdx=2,hash=1467369b...
info|2022-11-10 15:02:12.865555|[g:1][CONSENSUS][PBFT]checkTimeout Succ,view=54179,toView=54180,nodeIdx=2,changeCycle=1,myNode=8170ed0b...,timecost=1
info|2022-11-10 15:02:12.870597|[g:1][CONSENSUS][PBFT]checkAndChangeView: Reach consensus,org_view=54179,cur_changeCycle=1,curView=54179,view=54180
warning|2022-11-10 15:03:00.479667|[g:1][CONSENSUS][PBFT]ViewChangeWarning: not caused by omit empty block ,v=54180,toV=54181,curNum=19,hash=bcafa72f...,nodeIdx=2,myNode=8170ed0b...
info|2022-11-10 15:03:00.479933|[g:1][CONSENSUS][PBFT]checkTimeout Succ,view=54180,toView=54181,nodeIdx=2,changeCycle=2,myNode=8170ed0b...,timecost=0
info|2022-11-10 15:03:00.482380|[P2P][Service] heartBeat,connected count=3
info|2022-11-10 15:03:00.499320|[g:1][CONSENSUS][PBFT]checkAndChangeView: Reach consensus,org_view=54180,cur_changeCycle=2,curView=54180,view=54181
info|2022-11-10 15:03:01.496956|[g:1][CONSENSUS]addRawPrepare,height=20,reqIdx=0,hash=d96b98dd...,time=0
info|2022-11-10 15:03:01.497282|[g:1][CONSENSUS][PBFT]checkTimeout Succ,view=54181,toView=54182,nodeIdx=2,changeCycle=1,myNode=8170ed0b...,timecost=0
info|2022-11-10 15:03:01.498345|[g:1][CONSENSUS][PBFT]checkAndChangeView: Reach consensus,org_view=54181,cur_changeCycle=1,curView=54181,view=54182
info|2022-11-10 15:03:02.501276|[g:1][CONSENSUS]addRawPrepare,height=20,reqIdx=1,hash=dabde8a0...,time=0
info|2022-11-10 15:03:02.502014|[g:1][CONSENSUS][PBFT]checkTimeout Succ,view=54182,toView=54183,nodeIdx=2,changeCycle=1,myNode=8170ed0b...,timecost=1
info|2022-11-10 15:03:02.503526|[g:1][CONSENSUS][PBFT]checkAndChangeView: Reach consensus,org_view=54182,cur_changeCycle=1,curView=54182,view=54183
info|2022-11-10 15:03:03.504247|[g:1][CONSENSUS][SEALER]++++++++++++++++ Generating seal on,blkNum=20,tx=0,nodeIdx=2,hash=884b5e41...
info|2022-11-10 15:03:03.507609|[g:1][CONSENSUS][PBFT]checkTimeout Succ,view=54183,toView=54184,nodeIdx=2,changeCycle=1,myNode=8170ed0b...,timecost=0
info|2022-11-10 15:03:03.508079|[g:1][CONSENSUS][PBFT]checkAndChangeView: Reach consensus,org_view=54183,cur_changeCycle=1,curView=54183,view=54184
info|2022-11-10 15:03:04.509331|[g:1][CONSENSUS]addRawPrepare,height=20,reqIdx=3,hash=4d607dfe...,time=0
info|2022-11-10 15:03:04.509903|[g:1][CONSENSUS][PBFT]checkTimeout Succ,view=54184,toView=54185,nodeIdx=2,changeCycle=1,myNode=8170ed0b...,timecost=0
info|2022-11-10 15:03:04.511432|[g:1][CONSENSUS][PBFT]checkAndChangeView: Reach consensus,org_view=54184,cur_changeCycle=1,curView=54184,view=54185
info|2022-11-10 15:03:05.513921|[g:1][CONSENSUS]addRawPrepare,height=20,reqIdx=0,hash=a83422ab...,time=0
info|2022-11-10 15:03:05.514593|[g:1][CONSENSUS][PBFT]checkTimeout Succ,view=54185,toView=54186,nodeIdx=2,changeCycle=1,myNode=8170ed0b...,timecost=0
info|2022-11-10 15:03:05.517592|[g:1][CONSENSUS][PBFT]checkAndChangeView: Reach consensus,org_view=54185,cur_changeCycle=1,curView=54185,view=54186
info|2022-11-10 15:03:06.520302|[g:1][CONSENSUS]addRawPrepare,height=20,reqIdx=1,hash=92bf57c8...,time=0
info|2022-11-10 15:03:06.521201|[g:1][CONSENSUS][PBFT]checkTimeout Succ,view=54186,toView=54187,nodeIdx=2,changeCycle=1,myNode=8170ed0b...,timecost=1
info|2022-11-10 15:03:06.523136|[g:1][CONSENSUS][PBFT]checkAndChangeView: Reach consensus,org_view=54186,cur_changeCycle=1,curView=54186,view=54187
info|2022-11-10 15:03:07.524457|[g:1][CONSENSUS][SEALER]++++++++++++++++ Generating seal on,blkNum=20,tx=0,nodeIdx=2,hash=0cfde87b...
info|2022-11-10 15:03:07.526287|[g:1][CONSENSUS][PBFT]checkTimeout Succ,view=54187,toView=54188,nodeIdx=2,changeCycle=1,myNode=8170ed0b...,timecost=1
info|2022-11-10 15:03:07.530612|[g:1][CONSENSUS][PBFT]checkAndChangeView: Reach consensus,org_view=54187,cur_changeCycle=1,curView=54187,view=54188
info|2022-11-10 15:03:08.531343|[g:1][CONSENSUS]addRawPrepare,height=20,reqIdx=3,hash=f7e80639...,time=0
info|2022-11-10 15:03:08.531656|[g:1][CONSENSUS][PBFT]checkTimeout Succ,view=54188,toView=54189,nodeIdx=2,changeCycle=1,myNode=8170ed0b...,timecost=0
info|2022-11-10 15:03:08.532429|[g:1][CONSENSUS][PBFT]checkAndChangeView: Reach consensus,org_view=54188,cur_changeCycle=1,curView=54188,view=54189
info|2022-11-10 15:03:09.536212|[g:1][CONSENSUS]addRawPrepare,height=20,reqIdx=0,hash=0719da13...,time=0
info|2022-11-10 15:03:09.537357|[g:1][CONSENSUS][PBFT]checkTimeout Succ,view=54189,toView=54190,nodeIdx=2,changeCycle=1,myNode=8170ed0b...,timecost=1
info|2022-11-10 15:03:09.539398|[g:1][CONSENSUS][PBFT]checkAndChangeView: Reach consensus,org_view=54189,cur_changeCycle=1,curView=54189,view=54190
info|2022-11-10 15:03:10.484034|[P2P][Service] heartBeat,connected count=3
info|2022-11-10 15:03:10.542131|[g:1][CONSENSUS]addRawPrepare,height=20,reqIdx=1,hash=737993f1...,time=0
info|2022-11-10 15:03:10.542914|[g:1][CONSENSUS][PBFT]checkTimeout Succ,view=54190,toView=54191,nodeIdx=2,changeCycle=1,myNode=8170ed0b...,timecost=0
info|2022-11-10 15:03:10.545338|[g:1][CONSENSUS][PBFT]checkAndChangeView: Reach consensus,org_view=54190,cur_changeCycle=1,curView=54190,view=54191
info|2022-11-10 15:03:11.547442|[g:1][CONSENSUS][SEALER]++++++++++++++++ Generating seal on,blkNum=20,tx=0,nodeIdx=2,hash=7cdc7a21...
info|2022-11-10 15:03:11.566895|[g:1][CONSENSUS][PBFT]checkTimeout Succ,view=54191,toView=54192,nodeIdx=2,changeCycle=1,myNode=8170ed0b...,timecost=5
info|2022-11-10 15:03:11.586414|[g:1][CONSENSUS][PBFT]checkAndChangeView: Reach consensus,org_view=54191,cur_changeCycle=1,curView=54191,view=54192
info|2022-11-10 15:03:12.608496|[g:1][CONSENSUS]addRawPrepare,height=20,reqIdx=3,hash=2aa057d9...,time=0
info|2022-11-10 15:03:12.617430|[g:1][CONSENSUS][PBFT]checkTimeout Succ,view=54192,toView=54193,nodeIdx=2,changeCycle=1,myNode=8170ed0b...,timecost=8
info|2022-11-10 15:03:12.642079|[g:1][CONSENSUS][PBFT]checkAndChangeView: Reach consensus,org_view=54192,cur_changeCycle=1,curView=54192,view=54193
info|2022-11-10 15:03:13.667376|[g:1][CONSENSUS]addRawPrepare,height=20,reqIdx=0,hash=04c48655...,time=0
info|2022-11-10 15:03:13.671836|[g:1][CONSENSUS][PBFT]checkTimeout Succ,view=54193,toView=54194,nodeIdx=2,changeCycle=1,myNode=8170ed0b...,timecost=3
info|2022-11-10 15:03:13.687752|[g:1][CONSENSUS][PBFT]checkAndChangeView: Reach consensus,org_view=54193,cur_changeCycle=1,curView=54193,view=54194
info|2022-11-10 15:03:14.695425|[g:1][CONSENSUS]addRawPrepare,height=20,reqIdx=1,hash=94811bf3...,time=0
info|2022-11-10 15:03:14.708816|[g:1][CONSENSUS][PBFT]checkTimeout Succ,view=54194,toView=54195,nodeIdx=2,changeCycle=1,myNode=8170ed0b...,timecost=12
info|2022-11-10 15:03:14.724883|[g:1][CONSENSUS][PBFT]checkAndChangeView: Reach consensus,org_view=54194,cur_changeCycle=1,curView=54194,view=54195
info|2022-11-10 15:03:15.729137|[g:1][CONSENSUS][SEALER]++++++++++++++++ Generating seal on,blkNum=20,tx=0,nodeIdx=2,hash=32cff2f9...
info|2022-11-10 15:03:15.745123|[g:1][CONSENSUS][PBFT]checkTimeout Succ,view=54195,toView=54196,nodeIdx=2,changeCycle=1,myNode=8170ed0b...,timecost=7
info|2022-11-10 15:03:15.808808|[g:1][CONSENSUS][PBFT]checkAndChangeView: Reach consensus,org_view=54195,cur_changeCycle=1,curView=54195,view=54196
info|2022-11-10 15:03:16.807675|[g:1][CONSENSUS]addRawPrepare,height=20,reqIdx=3,hash=bc98993c...,time=0
info|2022-11-10 15:03:16.814492|[g:1][CONSENSUS][PBFT]checkTimeout Succ,view=54196,toView=54197,nodeIdx=2,changeCycle=1,myNode=8170ed0b...,timecost=6
info|2022-11-10 15:03:16.834181|[g:1][CONSENSUS][PBFT]checkAndChangeView: Reach consensus,org_view=54196,cur_changeCycle=1,curView=54196,view=54197
