info|2022-11-09 09:55:57.760112|[P2P][Service] heartBeat,connected count=3
error|2022-11-09 09:55:57.760235|[NETWORK][Session]Idle connection, disconnect ,endpoint=127.0.0.1:52141
info|2022-11-09 09:55:57.760251|[NETWORK][Session]drop, call and erase all callbackFunc in this session!,endpoint=127.0.0.1:52141
warning|2022-11-09 09:55:57.760271|[NETWORK][Session][drop] closing remote 127.0.0.1:52141,reason=(Idle connection for no network io happens during 5s time intervals.),endpoint=127.0.0.1:52141
error|2022-11-09 09:55:57.760359|[NETWORK][Session]Idle connection, disconnect ,endpoint=127.0.0.1:52147
info|2022-11-09 09:55:57.760396|[NETWORK][Session]drop, call and erase all callbackFunc in this session!,endpoint=127.0.0.1:52147
warning|2022-11-09 09:55:57.760414|[NETWORK][Session][drop] closing remote 127.0.0.1:52147,reason=(Idle connection for no network io happens during 5s time intervals.),endpoint=127.0.0.1:52147
error|2022-11-09 09:55:57.760468|[NETWORK][Session]Session inactived
error|2022-11-09 09:55:57.760475|[NETWORK][Session]Session inactived
error|2022-11-09 09:55:57.760482|[NETWORK][Session]Idle connection, disconnect ,endpoint=127.0.0.1:52128
info|2022-11-09 09:55:57.760490|[NETWORK][Session]drop, call and erase all callbackFunc in this session!,endpoint=127.0.0.1:52128
warning|2022-11-09 09:55:57.760574|[g:1][NETWORK][Session]Session inactived
warning|2022-11-09 09:55:57.760599|[g:1][NETWORK][Session]Session inactived
warning|2022-11-09 09:55:57.760587|[NETWORK][Session][drop] closing remote 127.0.0.1:52128,reason=(Idle connection for no network io happens during 5s time intervals.),endpoint=127.0.0.1:52128
warning|2022-11-09 09:55:57.760613|[g:1][NETWORK][Session]Session inactived
error|2022-11-09 09:55:57.760668|[NETWORK][Session]Session inactived
warning|2022-11-09 09:55:57.760691|[NETWORK][Session]doRead error,endpoint=127.0.0.1:52141,message=Operation canceled
warning|2022-11-09 09:55:57.760705|[NETWORK][Session][drop] shutdown failed ,errorValue=9,message=Bad file descriptor
warning|2022-11-09 09:55:57.760715|[NETWORK][Session]doRead error,endpoint=127.0.0.1:52147,message=Operation canceled
warning|2022-11-09 09:55:57.760724|[NETWORK][Session][drop] shutdown failed ,errorValue=9,message=Bad file descriptor
warning|2022-11-09 09:55:57.760732|[NETWORK][Session]doRead error,endpoint=127.0.0.1:52128,message=Operation canceled
warning|2022-11-09 09:55:57.760741|[NETWORK][Session][drop] shutdown failed ,errorValue=9,message=Bad file descriptor
warning|2022-11-09 09:55:57.760764|[g:1][NETWORK][Session]Session inactived
warning|2022-11-09 09:55:57.760861|[g:1][NETWORK][Session]Session inactived
warning|2022-11-09 09:55:57.760875|[g:1][NETWORK][Session]Session inactived
warning|2022-11-09 09:55:57.763634|[P2P][Service] disconnect error P2PSession,nodeID=54e27343...,endpoint=127.0.0.1:52141,errorCode=3,what=Disconnect
warning|2022-11-09 09:55:57.763711|[P2P][Service] disconnect error P2PSession,nodeID=74ec5d39...,endpoint=127.0.0.1:52147,errorCode=3,what=Disconnect
warning|2022-11-09 09:55:57.763719|[P2P][Service] onDisconnect,errorCode=3,what=Dynamic exception type: dev::network::NetworkException
std::exception::what: Disconnect

warning|2022-11-09 09:55:57.763757|[P2P][Service] disconnect error P2PSession,nodeID=c30b6e4f...,endpoint=127.0.0.1:52128,errorCode=3,what=Disconnect
warning|2022-11-09 09:55:57.763773|[P2P][Service] onDisconnect,errorCode=3,what=Dynamic exception type: dev::network::NetworkException
std::exception::what: Disconnect

warning|2022-11-09 09:55:57.773271|[P2P][Service] onDisconnect,errorCode=3,what=Dynamic exception type: dev::network::NetworkException
std::exception::what: Disconnect

warning|2022-11-09 09:55:57.776384|[g:1][CONSENSUS][PBFT]ViewChangeWarning: not caused by omit empty block ,v=23216,toV=23217,curNum=17,hash=9161a424...,nodeIdx=2,myNode=8170ed0b...
warning|2022-11-09 09:55:57.776420|[g:1][CONSENSUS][PBFT]Find disconnectedNode,disconnectedNodeSize=3,sessionSize=0,minValidNodes=3,connectedNodeList=,disconnectedNode=54e27343..., 74ec5d39..., c30b6e4f..., ,idx=2
info|2022-11-09 09:55:57.776496|[g:1][CONSENSUS][PBFT]checkTimeout Succ,view=23216,toView=23217,nodeIdx=2,changeCycle=2,myNode=8170ed0b...,timecost=1
warning|2022-11-09 09:56:04.529218|[g:1][CONSENSUS][PBFT]ViewChangeWarning: not caused by omit empty block ,v=23216,toV=23218,curNum=17,hash=9161a424...,nodeIdx=2,myNode=8170ed0b...
warning|2022-11-09 09:56:04.529314|[g:1][CONSENSUS][PBFT]Find disconnectedNode,disconnectedNodeSize=3,sessionSize=0,minValidNodes=3,connectedNodeList=,disconnectedNode=54e27343..., 74ec5d39..., c30b6e4f..., ,idx=2
info|2022-11-09 09:56:04.529420|[g:1][CONSENSUS][PBFT]checkTimeout Succ,view=23216,toView=23218,nodeIdx=2,changeCycle=3,myNode=8170ed0b...,timecost=1
info|2022-11-09 09:56:07.760612|[NETWORK][Host]Connecting to node,endpoint=127.0.0.1:30300
info|2022-11-09 09:56:07.761024|[NETWORK][Host]Connecting to node,endpoint=127.0.0.1:30301
info|2022-11-09 09:56:07.761400|[NETWORK][Host]Connecting to node,endpoint=127.0.0.1:30302
info|2022-11-09 09:56:07.761636|[P2P][Service] heartBeat,connected count=0
info|2022-11-09 09:56:07.762037|[NETWORK][ASIO]asyncResolveConnect,endpoint=127.0.0.1:30300
info|2022-11-09 09:56:07.762348|[NETWORK][ASIO]asyncResolveConnect,endpoint=127.0.0.1:30301
info|2022-11-09 09:56:07.762683|[NETWORK][ASIO]asyncResolveConnect,endpoint=127.0.0.1:30302
info|2022-11-09 09:56:07.764408|[NETWORK][Host]P2P Recv Connect, From=127.0.0.1:52161
info|2022-11-09 09:56:07.764597|[NETWORK][Host]P2P StartAccept,Host=0.0.0.0:30303
info|2022-11-09 09:56:07.766524|[NETWORK][Host]P2P Recv Connect, From=127.0.0.1:52166
info|2022-11-09 09:56:07.766628|[NETWORK][Host]P2P StartAccept,Host=0.0.0.0:30303
info|2022-11-09 09:56:07.766812|[NETWORK][Host]P2P Recv Connect, From=127.0.0.1:52167
info|2022-11-09 09:56:07.766964|[NETWORK][Host]P2P StartAccept,Host=0.0.0.0:30303
error|2022-11-09 09:56:07.767455|[NETWORK][Host]Get ca basic failed
error|2022-11-09 09:56:07.777251|[NETWORK][Host]Get ca basic failed
error|2022-11-09 09:56:07.781850|[NETWORK][Host]Get ca basic failed
info|2022-11-09 09:56:07.786968|[NETWORK][Host]handshakeClient succ,local endpoint=127.0.0.1:52159
info|2022-11-09 09:56:07.787045|[P2P][Service] Connection established,nodeID=c30b6e4f...,endpoint=127.0.0.1:30301
info|2022-11-09 09:56:07.787029|[NETWORK][Host]startPeerSession, Remote=127.0.0.1:30301,local endpoint=127.0.0.1:52159,nodeID=c30b6e4f...
error|2022-11-09 09:56:07.787289|[NETWORK][Host]Get ca basic failed
info|2022-11-09 09:56:07.790243|[NETWORK][Host]handshakeServer succ,remote endpoint=127.0.0.1:52166
info|2022-11-09 09:56:07.790270|[NETWORK][Host]startPeerSession, Remote=127.0.0.1:52166,local endpoint=127.0.0.1:30303,nodeID=54e27343...
info|2022-11-09 09:56:07.790301|[P2P][Service] Connection established,nodeID=54e27343...,endpoint=127.0.0.1:52166
error|2022-11-09 09:56:07.790438|[NETWORK][Host]Get ca basic failed
info|2022-11-09 09:56:07.793835|[NETWORK][Host]handshakeServer succ,remote endpoint=127.0.0.1:52161
info|2022-11-09 09:56:07.793898|[NETWORK][Host]startPeerSession, Remote=127.0.0.1:52161,local endpoint=127.0.0.1:30303,nodeID=c30b6e4f...
info|2022-11-09 09:56:07.794156|[NETWORK][Host]handshakeClient succ,local endpoint=127.0.0.1:52157
info|2022-11-09 09:56:07.794188|[NETWORK][Host]startPeerSession, Remote=127.0.0.1:30300,local endpoint=127.0.0.1:52157,nodeID=74ec5d39...
info|2022-11-09 09:56:07.794217|[P2P][Service] Connection established,nodeID=74ec5d39...,endpoint=127.0.0.1:30300
info|2022-11-09 09:56:07.795782|[NETWORK][Session]Received topic: [195] from c30b6e4f7217137914bd3298cfd2e166b062fd2f06dff8645f399620a540a0d69bab3db9018c71c03ba2953013245a97bc79e3ce3a4b16e728a4b488eaa56291
error|2022-11-09 09:56:07.796340|[NETWORK][Host]Get ca basic failed
info|2022-11-09 09:56:07.798975|[NETWORK][Host]handshakeServer succ,remote endpoint=127.0.0.1:52167
info|2022-11-09 09:56:07.799055|[NETWORK][Host]startPeerSession, Remote=127.0.0.1:52167,local endpoint=127.0.0.1:30303,nodeID=74ec5d39...
info|2022-11-09 09:56:07.799183|[NETWORK][Host]handshakeClient succ,local endpoint=127.0.0.1:52160
info|2022-11-09 09:56:07.799251|[NETWORK][Host]startPeerSession, Remote=127.0.0.1:30302,local endpoint=127.0.0.1:52160,nodeID=54e27343...
info|2022-11-09 09:56:07.799497|[NETWORK][Session]Received topic: [220] from 74ec5d392f0ef12f6b73a3918aea0e853c4d79690a711679dc5db2c2df93b77d85606080c2edf822b93ce642c832d7759dffac92964323a7b2cbbb8ae9c0afc1
info|2022-11-09 09:56:12.816069|[NETWORK][Session]Received topic: [223	_block_notify_1] from 74ec5d392f0ef12f6b73a3918aea0e853c4d79690a711679dc5db2c2df93b77d85606080c2edf822b93ce642c832d7759dffac92964323a7b2cbbb8ae9c0afc1
info|2022-11-09 09:56:12.820385|[NETWORK][Session]Received topic: [197	_block_notify_1] from c30b6e4f7217137914bd3298cfd2e166b062fd2f06dff8645f399620a540a0d69bab3db9018c71c03ba2953013245a97bc79e3ce3a4b16e728a4b488eaa56291
warning|2022-11-09 09:56:14.666972|[g:1][CONSENSUS][PBFT]ViewChangeWarning: not caused by omit empty block ,v=23216,toV=23219,curNum=17,hash=9161a424...,nodeIdx=2,myNode=8170ed0b...
info|2022-11-09 09:56:14.668821|[g:1][CONSENSUS][PBFT]checkTimeout Succ,view=23216,toView=23219,nodeIdx=2,changeCycle=4,myNode=8170ed0b...,timecost=5
info|2022-11-09 09:56:14.776182|[g:1][CONSENSUS][PBFT]checkAndChangeView: Reach consensus,org_view=23216,cur_changeCycle=4,curView=23216,view=23219
info|2022-11-09 09:56:15.702438|[g:1][CONSENSUS]addRawPrepare,height=18,reqIdx=0,hash=77a0531c...,time=0
info|2022-11-09 09:56:15.710139|[g:1][CONSENSUS][PBFT]checkTimeout Succ,view=23219,toView=23220,nodeIdx=2,changeCycle=1,myNode=8170ed0b...,timecost=7
info|2022-11-09 09:56:15.729900|[g:1][CONSENSUS][PBFT]checkAndChangeView: Reach consensus,org_view=23219,cur_changeCycle=1,curView=23219,view=23220
info|2022-11-09 09:56:16.788859|[g:1][CONSENSUS]addRawPrepare,height=18,reqIdx=1,hash=ce009578...,time=0
info|2022-11-09 09:56:16.965008|[g:1][CONSENSUS][PBFT]checkTimeout Succ,view=23220,toView=23221,nodeIdx=2,changeCycle=1,myNode=8170ed0b...,timecost=177
info|2022-11-09 09:56:17.059592|[g:1][CONSENSUS][PBFT]checkAndChangeView: Reach consensus,org_view=23220,cur_changeCycle=1,curView=23220,view=23221
info|2022-11-09 09:56:17.764534|[P2P][Service] heartBeat,connected count=3
info|2022-11-09 09:56:18.065425|[g:1][CONSENSUS][SEALER]++++++++++++++++ Generating seal on,blkNum=18,tx=0,nodeIdx=2,hash=72f7c272...
info|2022-11-09 09:56:18.081564|[g:1][CONSENSUS][PBFT]checkTimeout Succ,view=23221,toView=23222,nodeIdx=2,changeCycle=1,myNode=8170ed0b...,timecost=4
info|2022-11-09 09:56:18.329174|[g:1][CONSENSUS][PBFT]checkAndChangeView: Reach consensus,org_view=23221,cur_changeCycle=1,curView=23221,view=23222
info|2022-11-09 09:56:19.354056|[g:1][CONSENSUS]addRawPrepare,height=18,reqIdx=3,hash=3a22ffb0...,time=1
info|2022-11-09 09:56:19.359144|[g:1][CONSENSUS][PBFT]checkTimeout Succ,view=23222,toView=23223,nodeIdx=2,changeCycle=1,myNode=8170ed0b...,timecost=8
info|2022-11-09 09:56:19.389431|[g:1][CONSENSUS][PBFT]checkAndChangeView: Reach consensus,org_view=23222,cur_changeCycle=1,curView=23222,view=23223
info|2022-11-09 09:56:20.408309|[g:1][CONSENSUS]addRawPrepare,height=18,reqIdx=0,hash=4077944d...,time=0
info|2022-11-09 09:56:20.469753|[g:1][CONSENSUS][PBFT]checkTimeout Succ,view=23223,toView=23224,nodeIdx=2,changeCycle=1,myNode=8170ed0b...,timecost=77
info|2022-11-09 09:56:20.556249|[g:1][CONSENSUS][PBFT]checkAndChangeView: Reach consensus,org_view=23223,cur_changeCycle=1,curView=23223,view=23224
info|2022-11-09 09:56:21.571931|[g:1][CONSENSUS]addRawPrepare,height=18,reqIdx=1,hash=9c6b0c75...,time=1
info|2022-11-09 09:56:21.576389|[g:1][CONSENSUS][PBFT]checkTimeout Succ,view=23224,toView=23225,nodeIdx=2,changeCycle=1,myNode=8170ed0b...,timecost=3
info|2022-11-09 09:56:21.589052|[g:1][CONSENSUS][PBFT]checkAndChangeView: Reach consensus,org_view=23224,cur_changeCycle=1,curView=23224,view=23225
info|2022-11-09 09:56:22.591146|[g:1][CONSENSUS][SEALER]++++++++++++++++ Generating seal on,blkNum=18,tx=0,nodeIdx=2,hash=e0f385a5...
info|2022-11-09 09:56:22.602363|[g:1][CONSENSUS][PBFT]checkTimeout Succ,view=23225,toView=23226,nodeIdx=2,changeCycle=1,myNode=8170ed0b...,timecost=5
info|2022-11-09 09:56:22.625710|[g:1][CONSENSUS][PBFT]checkAndChangeView: Reach consensus,org_view=23225,cur_changeCycle=1,curView=23225,view=23226
info|2022-11-09 09:56:23.658040|[g:1][CONSENSUS]addRawPrepare,height=18,reqIdx=3,hash=e29291d5...,time=1
info|2022-11-09 09:56:23.665474|[g:1][CONSENSUS][PBFT]checkTimeout Succ,view=23226,toView=23227,nodeIdx=2,changeCycle=1,myNode=8170ed0b...,timecost=7
info|2022-11-09 09:56:23.683796|[g:1][CONSENSUS][PBFT]checkAndChangeView: Reach consensus,org_view=23226,cur_changeCycle=1,curView=23226,view=23227
info|2022-11-09 09:56:24.703935|[g:1][CONSENSUS]addRawPrepare,height=18,reqIdx=0,hash=452a6e92...,time=1
info|2022-11-09 09:56:24.712268|[g:1][CONSENSUS][PBFT]checkTimeout Succ,view=23227,toView=23228,nodeIdx=2,changeCycle=1,myNode=8170ed0b...,timecost=7
info|2022-11-09 09:56:24.734207|[g:1][CONSENSUS][PBFT]checkAndChangeView: Reach consensus,org_view=23227,cur_changeCycle=1,curView=23227,view=23228
info|2022-11-09 09:56:25.759421|[g:1][CONSENSUS]addRawPrepare,height=18,reqIdx=1,hash=66abd3ee...,time=0
info|2022-11-09 09:56:25.789074|[g:1][CONSENSUS][PBFT]checkTimeout Succ,view=23228,toView=23229,nodeIdx=2,changeCycle=1,myNode=8170ed0b...,timecost=29
info|2022-11-09 09:56:25.875609|[g:1][CONSENSUS][PBFT]checkAndChangeView: Reach consensus,org_view=23228,cur_changeCycle=1,curView=23228,view=23229
info|2022-11-09 09:56:26.877516|[g:1][CONSENSUS][SEALER]++++++++++++++++ Generating seal on,blkNum=18,tx=0,nodeIdx=2,hash=cde05475...
info|2022-11-09 09:56:26.891506|[g:1][CONSENSUS][PBFT]checkTimeout Succ,view=23229,toView=23230,nodeIdx=2,changeCycle=1,myNode=8170ed0b...,timecost=5
info|2022-11-09 09:56:26.944399|[g:1][CONSENSUS][PBFT]checkAndChangeView: Reach consensus,org_view=23229,cur_changeCycle=1,curView=23229,view=23230
info|2022-11-09 09:56:27.767062|[P2P][Service] heartBeat,connected count=3
info|2022-11-09 09:56:27.958666|[g:1][CONSENSUS]addRawPrepare,height=18,reqIdx=3,hash=1ef9f3e1...,time=0
info|2022-11-09 09:56:27.965134|[g:1][CONSENSUS][PBFT]checkTimeout Succ,view=23230,toView=23231,nodeIdx=2,changeCycle=1,myNode=8170ed0b...,timecost=6
info|2022-11-09 09:56:27.985480|[g:1][CONSENSUS][PBFT]checkAndChangeView: Reach consensus,org_view=23230,cur_changeCycle=1,curView=23230,view=23231
info|2022-11-09 09:56:29.045306|[g:1][CONSENSUS]addRawPrepare,height=18,reqIdx=0,hash=d16d762e...,time=0
info|2022-11-09 09:56:29.078800|[g:1][CONSENSUS][PBFT]checkTimeout Succ,view=23231,toView=23232,nodeIdx=2,changeCycle=1,myNode=8170ed0b...,timecost=33
info|2022-11-09 09:56:29.097032|[g:1][CONSENSUS][PBFT]checkAndChangeView: Reach consensus,org_view=23231,cur_changeCycle=1,curView=23231,view=23232
info|2022-11-09 09:56:30.108690|[g:1][CONSENSUS]addRawPrepare,height=18,reqIdx=1,hash=185a3732...,time=0
info|2022-11-09 09:56:30.113474|[g:1][CONSENSUS][PBFT]checkTimeout Succ,view=23232,toView=23233,nodeIdx=2,changeCycle=1,myNode=8170ed0b...,timecost=4
info|2022-11-09 09:56:30.136011|[g:1][CONSENSUS][PBFT]checkAndChangeView: Reach consensus,org_view=23232,cur_changeCycle=1,curView=23232,view=23233
info|2022-11-09 09:56:31.138083|[g:1][CONSENSUS][SEALER]++++++++++++++++ Generating seal on,blkNum=18,tx=0,nodeIdx=2,hash=f2a6bcec...
info|2022-11-09 09:56:31.148469|[g:1][CONSENSUS][PBFT]checkTimeout Succ,view=23233,toView=23234,nodeIdx=2,changeCycle=1,myNode=8170ed0b...,timecost=5
info|2022-11-09 09:56:31.184086|[g:1][CONSENSUS][PBFT]checkAndChangeView: Reach consensus,org_view=23233,cur_changeCycle=1,curView=23233,view=23234
info|2022-11-09 09:56:32.184442|[g:1][CONSENSUS]addRawPrepare,height=18,reqIdx=3,hash=d6603861...,time=0
info|2022-11-09 09:56:32.188730|[g:1][CONSENSUS][PBFT]checkTimeout Succ,view=23234,toView=23235,nodeIdx=2,changeCycle=1,myNode=8170ed0b...,timecost=4
info|2022-11-09 09:56:32.215273|[g:1][CONSENSUS][PBFT]checkAndChangeView: Reach consensus,org_view=23234,cur_changeCycle=1,curView=23234,view=23235
info|2022-11-09 09:56:33.227964|[g:1][CONSENSUS]addRawPrepare,height=18,reqIdx=0,hash=003401e9...,time=1
info|2022-11-09 09:56:33.235617|[g:1][CONSENSUS][PBFT]checkTimeout Succ,view=23235,toView=23236,nodeIdx=2,changeCycle=1,myNode=8170ed0b...,timecost=6
info|2022-11-09 09:56:33.264322|[g:1][CONSENSUS][PBFT]checkAndChangeView: Reach consensus,org_view=23235,cur_changeCycle=1,curView=23235,view=23236
info|2022-11-09 09:56:34.279469|[g:1][CONSENSUS]addRawPrepare,height=18,reqIdx=1,hash=93c533f7...,time=0
info|2022-11-09 09:56:34.286471|[g:1][CONSENSUS][PBFT]checkTimeout Succ,view=23236,toView=23237,nodeIdx=2,changeCycle=1,myNode=8170ed0b...,timecost=6
info|2022-11-09 09:56:34.305161|[g:1][CONSENSUS][PBFT]checkAndChangeView: Reach consensus,org_view=23236,cur_changeCycle=1,curView=23236,view=23237
info|2022-11-09 09:56:35.307680|[g:1][CONSENSUS][SEALER]++++++++++++++++ Generating seal on,blkNum=18,tx=0,nodeIdx=2,hash=95a74979...
info|2022-11-09 09:56:35.317383|[g:1][CONSENSUS][PBFT]checkTimeout Succ,view=23237,toView=23238,nodeIdx=2,changeCycle=1,myNode=8170ed0b...,timecost=5
info|2022-11-09 09:56:35.367985|[g:1][CONSENSUS][PBFT]checkAndChangeView: Reach consensus,org_view=23237,cur_changeCycle=1,curView=23237,view=23238
info|2022-11-09 09:56:36.381003|[g:1][CONSENSUS]addRawPrepare,height=18,reqIdx=3,hash=5e30e269...,time=1
info|2022-11-09 09:56:36.388019|[g:1][CONSENSUS][PBFT]checkTimeout Succ,view=23238,toView=23239,nodeIdx=2,changeCycle=1,myNode=8170ed0b...,timecost=7
info|2022-11-09 09:56:36.411246|[g:1][CONSENSUS][PBFT]checkAndChangeView: Reach consensus,org_view=23238,cur_changeCycle=1,curView=23238,view=23239
info|2022-11-09 09:56:37.423877|[g:1][CONSENSUS]addRawPrepare,height=18,reqIdx=0,hash=58eff4c3...,time=1
info|2022-11-09 09:56:37.433244|[g:1][CONSENSUS][PBFT]checkTimeout Succ,view=23239,toView=23240,nodeIdx=2,changeCycle=1,myNode=8170ed0b...,timecost=9
info|2022-11-09 09:56:37.445099|[g:1][CONSENSUS][PBFT]checkAndChangeView: Reach consensus,org_view=23239,cur_changeCycle=1,curView=23239,view=23240
info|2022-11-09 09:56:37.767584|[P2P][Service] heartBeat,connected count=3
info|2022-11-09 09:56:38.557032|[g:1][CONSENSUS]addRawPrepare,height=18,reqIdx=1,hash=79d8c561...,time=1
info|2022-11-09 09:56:38.725921|[g:1][CONSENSUS][PBFT]checkTimeout Succ,view=23240,toView=23241,nodeIdx=2,changeCycle=1,myNode=8170ed0b...,timecost=168
info|2022-11-09 09:56:38.783238|[g:1][CONSENSUS][PBFT]checkAndChangeView: Reach consensus,org_view=23240,cur_changeCycle=1,curView=23240,view=23241
info|2022-11-09 09:56:39.785854|[g:1][CONSENSUS][SEALER]++++++++++++++++ Generating seal on,blkNum=18,tx=0,nodeIdx=2,hash=de19de78...
info|2022-11-09 09:56:39.818876|[g:1][CONSENSUS][PBFT]checkTimeout Succ,view=23241,toView=23242,nodeIdx=2,changeCycle=1,myNode=8170ed0b...,timecost=6
info|2022-11-09 09:56:39.865732|[g:1][CONSENSUS][PBFT]checkAndChangeView: Reach consensus,org_view=23241,cur_changeCycle=1,curView=23241,view=23242
info|2022-11-09 09:56:40.882827|[g:1][CONSENSUS]addRawPrepare,height=18,reqIdx=3,hash=afe32bab...,time=0
info|2022-11-09 09:56:40.890668|[g:1][CONSENSUS][PBFT]checkTimeout Succ,view=23242,toView=23243,nodeIdx=2,changeCycle=1,myNode=8170ed0b...,timecost=7
info|2022-11-09 09:56:40.907680|[g:1][CONSENSUS][PBFT]checkAndChangeView: Reach consensus,org_view=23242,cur_changeCycle=1,curView=23242,view=23243
info|2022-11-09 09:56:41.954063|[g:1][CONSENSUS]addRawPrepare,height=18,reqIdx=0,hash=b8ff90d3...,time=1
info|2022-11-09 09:56:41.963939|[g:1][CONSENSUS][PBFT]checkTimeout Succ,view=23243,toView=23244,nodeIdx=2,changeCycle=1,myNode=8170ed0b...,timecost=9
info|2022-11-09 09:56:41.988877|[g:1][CONSENSUS][PBFT]checkAndChangeView: Reach consensus,org_view=23243,cur_changeCycle=1,curView=23243,view=23244
info|2022-11-09 09:56:43.017727|[g:1][CONSENSUS]addRawPrepare,height=18,reqIdx=1,hash=ed92abb6...,time=0
info|2022-11-09 09:56:43.025624|[g:1][CONSENSUS][PBFT]checkTimeout Succ,view=23244,toView=23245,nodeIdx=2,changeCycle=1,myNode=8170ed0b...,timecost=7
info|2022-11-09 09:56:43.043555|[g:1][CONSENSUS][PBFT]checkAndChangeView: Reach consensus,org_view=23244,cur_changeCycle=1,curView=23244,view=23245
info|2022-11-09 09:56:44.047022|[g:1][CONSENSUS][SEALER]++++++++++++++++ Generating seal on,blkNum=18,tx=0,nodeIdx=2,hash=6e9b7a54...
info|2022-11-09 09:56:44.058355|[g:1][CONSENSUS][PBFT]checkTimeout Succ,view=23245,toView=23246,nodeIdx=2,changeCycle=1,myNode=8170ed0b...,timecost=5
info|2022-11-09 09:56:44.093784|[g:1][CONSENSUS][PBFT]checkAndChangeView: Reach consensus,org_view=23245,cur_changeCycle=1,curView=23245,view=23246
info|2022-11-09 09:56:45.104454|[g:1][CONSENSUS]addRawPrepare,height=18,reqIdx=3,hash=f9f3878a...,time=0
info|2022-11-09 09:56:45.109088|[g:1][CONSENSUS][PBFT]checkTimeout Succ,view=23246,toView=23247,nodeIdx=2,changeCycle=1,myNode=8170ed0b...,timecost=4
info|2022-11-09 09:56:45.132105|[g:1][CONSENSUS][PBFT]checkAndChangeView: Reach consensus,org_view=23246,cur_changeCycle=1,curView=23246,view=23247
info|2022-11-09 09:56:46.151190|[g:1][CONSENSUS]addRawPrepare,height=18,reqIdx=0,hash=882e8668...,time=0
info|2022-11-09 09:56:46.157157|[g:1][CONSENSUS][PBFT]checkTimeout Succ,view=23247,toView=23248,nodeIdx=2,changeCycle=1,myNode=8170ed0b...,timecost=5
info|2022-11-09 09:56:46.173968|[g:1][CONSENSUS][PBFT]checkAndChangeView: Reach consensus,org_view=23247,cur_changeCycle=1,curView=23247,view=23248
info|2022-11-09 09:56:47.191253|[g:1][CONSENSUS]addRawPrepare,height=18,reqIdx=1,hash=00bd0bbb...,time=0
info|2022-11-09 09:56:47.199303|[g:1][CONSENSUS][PBFT]checkTimeout Succ,view=23248,toView=23249,nodeIdx=2,changeCycle=1,myNode=8170ed0b...,timecost=6
info|2022-11-09 09:56:47.217590|[g:1][CONSENSUS][PBFT]checkAndChangeView: Reach consensus,org_view=23248,cur_changeCycle=1,curView=23248,view=23249
info|2022-11-09 09:56:47.769131|[P2P][Service] heartBeat,connected count=3
info|2022-11-09 09:56:48.219449|[g:1][CONSENSUS][SEALER]++++++++++++++++ Generating seal on,blkNum=18,tx=0,nodeIdx=2,hash=f47b62f9...
info|2022-11-09 09:56:48.236086|[g:1][CONSENSUS][PBFT]checkTimeout Succ,view=23249,toView=23250,nodeIdx=2,changeCycle=1,myNode=8170ed0b...,timecost=5
info|2022-11-09 09:56:48.257989|[g:1][CONSENSUS][PBFT]checkAndChangeView: Reach consensus,org_view=23249,cur_changeCycle=1,curView=23249,view=23250
info|2022-11-09 09:56:49.273818|[g:1][CONSENSUS]addRawPrepare,height=18,reqIdx=3,hash=307ef375...,time=0
info|2022-11-09 09:56:49.280701|[g:1][CONSENSUS][PBFT]checkTimeout Succ,view=23250,toView=23251,nodeIdx=2,changeCycle=1,myNode=8170ed0b...,timecost=7
info|2022-11-09 09:56:49.302091|[g:1][CONSENSUS][PBFT]checkAndChangeView: Reach consensus,org_view=23250,cur_changeCycle=1,curView=23250,view=23251
info|2022-11-09 09:56:50.320738|[g:1][CONSENSUS]addRawPrepare,height=18,reqIdx=0,hash=7bc291a0...,time=1
info|2022-11-09 09:56:50.330425|[g:1][CONSENSUS][PBFT]checkTimeout Succ,view=23251,toView=23252,nodeIdx=2,changeCycle=1,myNode=8170ed0b...,timecost=8
info|2022-11-09 09:56:50.345898|[g:1][CONSENSUS][PBFT]checkAndChangeView: Reach consensus,org_view=23251,cur_changeCycle=1,curView=23251,view=23252
info|2022-11-09 09:56:51.367672|[g:1][CONSENSUS]addRawPrepare,height=18,reqIdx=1,hash=44e22fb2...,time=0
info|2022-11-09 09:56:51.399627|[g:1][CONSENSUS][PBFT]checkTimeout Succ,view=23252,toView=23253,nodeIdx=2,changeCycle=1,myNode=8170ed0b...,timecost=33
info|2022-11-09 09:56:51.423216|[g:1][CONSENSUS][PBFT]checkAndChangeView: Reach consensus,org_view=23252,cur_changeCycle=1,curView=23252,view=23253
info|2022-11-09 09:56:52.425480|[g:1][CONSENSUS][SEALER]++++++++++++++++ Generating seal on,blkNum=18,tx=0,nodeIdx=2,hash=e6092aec...
info|2022-11-09 09:56:52.435606|[g:1][CONSENSUS][PBFT]checkTimeout Succ,view=23253,toView=23254,nodeIdx=2,changeCycle=1,myNode=8170ed0b...,timecost=5
info|2022-11-09 09:56:52.466498|[g:1][CONSENSUS][PBFT]checkAndChangeView: Reach consensus,org_view=23253,cur_changeCycle=1,curView=23253,view=23254
info|2022-11-09 09:56:53.480295|[g:1][CONSENSUS]addRawPrepare,height=18,reqIdx=3,hash=f262ce48...,time=0
info|2022-11-09 09:56:53.486503|[g:1][CONSENSUS][PBFT]checkTimeout Succ,view=23254,toView=23255,nodeIdx=2,changeCycle=1,myNode=8170ed0b...,timecost=6
info|2022-11-09 09:56:53.507495|[g:1][CONSENSUS][PBFT]checkAndChangeView: Reach consensus,org_view=23254,cur_changeCycle=1,curView=23254,view=23255
info|2022-11-09 09:56:54.535222|[g:1][CONSENSUS]addRawPrepare,height=18,reqIdx=0,hash=f8763b96...,time=0
info|2022-11-09 09:56:54.541332|[g:1][CONSENSUS][PBFT]checkTimeout Succ,view=23255,toView=23256,nodeIdx=2,changeCycle=1,myNode=8170ed0b...,timecost=5
info|2022-11-09 09:56:54.560511|[g:1][CONSENSUS][PBFT]checkAndChangeView: Reach consensus,org_view=23255,cur_changeCycle=1,curView=23255,view=23256
info|2022-11-09 09:56:55.561304|[g:1][CONSENSUS]addRawPrepare,height=18,reqIdx=1,hash=77c801bd...,time=0
info|2022-11-09 09:56:55.562247|[g:1][CONSENSUS][PBFT]checkTimeout Succ,view=23256,toView=23257,nodeIdx=2,changeCycle=1,myNode=8170ed0b...,timecost=1
info|2022-11-09 09:56:55.565670|[g:1][CONSENSUS][PBFT]checkAndChangeView: Reach consensus,org_view=23256,cur_changeCycle=1,curView=23256,view=23257
info|2022-11-09 09:56:56.566710|[g:1][CONSENSUS][SEALER]++++++++++++++++ Generating seal on,blkNum=18,tx=0,nodeIdx=2,hash=84a9140e...
info|2022-11-09 09:56:56.568347|[g:1][CONSENSUS][PBFT]checkTimeout Succ,view=23257,toView=23258,nodeIdx=2,changeCycle=1,myNode=8170ed0b...,timecost=1
info|2022-11-09 09:56:56.573598|[g:1][CONSENSUS][PBFT]checkAndChangeView: Reach consensus,org_view=23257,cur_changeCycle=1,curView=23257,view=23258
info|2022-11-09 09:56:57.575510|[g:1][CONSENSUS]addRawPrepare,height=18,reqIdx=3,hash=625a8fa4...,time=0
info|2022-11-09 09:56:57.576342|[g:1][CONSENSUS][PBFT]checkTimeout Succ,view=23258,toView=23259,nodeIdx=2,changeCycle=1,myNode=8170ed0b...,timecost=1
info|2022-11-09 09:56:57.578801|[g:1][CONSENSUS][PBFT]checkAndChangeView: Reach consensus,org_view=23258,cur_changeCycle=1,curView=23258,view=23259
info|2022-11-09 09:56:57.769554|[P2P][Service] heartBeat,connected count=3
info|2022-11-09 09:56:58.581673|[g:1][CONSENSUS]addRawPrepare,height=18,reqIdx=0,hash=50141900...,time=0
info|2022-11-09 09:56:58.582535|[g:1][CONSENSUS][PBFT]checkTimeout Succ,view=23259,toView=23260,nodeIdx=2,changeCycle=1,myNode=8170ed0b...,timecost=1
info|2022-11-09 09:56:58.584586|[g:1][CONSENSUS][PBFT]checkAndChangeView: Reach consensus,org_view=23259,cur_changeCycle=1,curView=23259,view=23260
info|2022-11-09 09:56:59.588426|[g:1][CONSENSUS]addRawPrepare,height=18,reqIdx=1,hash=e4555a15...,time=0
info|2022-11-09 09:56:59.589263|[g:1][CONSENSUS][PBFT]checkTimeout Succ,view=23260,toView=23261,nodeIdx=2,changeCycle=1,myNode=8170ed0b...,timecost=1
info|2022-11-09 09:56:59.592386|[g:1][CONSENSUS][PBFT]checkAndChangeView: Reach consensus,org_view=23260,cur_changeCycle=1,curView=23260,view=23261
info|2022-11-09 09:57:00.592232|[g:1][CONSENSUS][SEALER]++++++++++++++++ Generating seal on,blkNum=18,tx=0,nodeIdx=2,hash=60af2ee0...
info|2022-11-09 09:57:00.597487|[g:1][CONSENSUS][PBFT]checkTimeout Succ,view=23261,toView=23262,nodeIdx=2,changeCycle=1,myNode=8170ed0b...,timecost=1
info|2022-11-09 09:57:00.599087|[g:1][CONSENSUS][PBFT]checkAndChangeView: Reach consensus,org_view=23261,cur_changeCycle=1,curView=23261,view=23262
info|2022-11-09 09:57:01.601474|[g:1][CONSENSUS]addRawPrepare,height=18,reqIdx=3,hash=51abfd59...,time=0
info|2022-11-09 09:57:01.602600|[g:1][CONSENSUS][PBFT]checkTimeout Succ,view=23262,toView=23263,nodeIdx=2,changeCycle=1,myNode=8170ed0b...,timecost=1
info|2022-11-09 09:57:01.605030|[g:1][CONSENSUS][PBFT]checkAndChangeView: Reach consensus,org_view=23262,cur_changeCycle=1,curView=23262,view=23263
info|2022-11-09 09:57:02.607921|[g:1][CONSENSUS]addRawPrepare,height=18,reqIdx=0,hash=2f0ffd6f...,time=0
info|2022-11-09 09:57:02.608909|[g:1][CONSENSUS][PBFT]checkTimeout Succ,view=23263,toView=23264,nodeIdx=2,changeCycle=1,myNode=8170ed0b...,timecost=0
info|2022-11-09 09:57:02.611323|[g:1][CONSENSUS][PBFT]checkAndChangeView: Reach consensus,org_view=23263,cur_changeCycle=1,curView=23263,view=23264
info|2022-11-09 09:57:03.614577|[g:1][CONSENSUS]addRawPrepare,height=18,reqIdx=1,hash=98e4c0cb...,time=0
info|2022-11-09 09:57:03.615584|[g:1][CONSENSUS][PBFT]checkTimeout Succ,view=23264,toView=23265,nodeIdx=2,changeCycle=1,myNode=8170ed0b...,timecost=1
info|2022-11-09 09:57:03.618479|[g:1][CONSENSUS][PBFT]checkAndChangeView: Reach consensus,org_view=23264,cur_changeCycle=1,curView=23264,view=23265
info|2022-11-09 09:57:04.618858|[g:1][CONSENSUS][SEALER]++++++++++++++++ Generating seal on,blkNum=18,tx=0,nodeIdx=2,hash=786ac85a...
info|2022-11-09 09:57:04.623497|[g:1][CONSENSUS][PBFT]checkTimeout Succ,view=23265,toView=23266,nodeIdx=2,changeCycle=1,myNode=8170ed0b...,timecost=1
info|2022-11-09 09:57:04.624387|[g:1][CONSENSUS][PBFT]checkAndChangeView: Reach consensus,org_view=23265,cur_changeCycle=1,curView=23265,view=23266
info|2022-11-09 09:57:05.625426|[g:1][CONSENSUS]addRawPrepare,height=18,reqIdx=3,hash=2d681aac...,time=0
info|2022-11-09 09:57:05.626016|[g:1][CONSENSUS][PBFT]checkTimeout Succ,view=23266,toView=23267,nodeIdx=2,changeCycle=1,myNode=8170ed0b...,timecost=1
info|2022-11-09 09:57:05.628100|[g:1][CONSENSUS][PBFT]checkAndChangeView: Reach consensus,org_view=23266,cur_changeCycle=1,curView=23266,view=23267
info|2022-11-09 09:57:06.632609|[g:1][CONSENSUS]addRawPrepare,height=18,reqIdx=0,hash=971fb154...,time=0
info|2022-11-09 09:57:06.633511|[g:1][CONSENSUS][PBFT]checkTimeout Succ,view=23267,toView=23268,nodeIdx=2,changeCycle=1,myNode=8170ed0b...,timecost=1
info|2022-11-09 09:57:06.635624|[g:1][CONSENSUS][PBFT]checkAndChangeView: Reach consensus,org_view=23267,cur_changeCycle=1,curView=23267,view=23268
info|2022-11-09 09:57:54.792742|[P2P][Service] heartBeat,connected count=3
warning|2022-11-09 09:57:54.801210|[g:1][CONSENSUS][PBFT]ViewChangeWarning: not caused by omit empty block ,v=23268,toV=23269,curNum=17,hash=9161a424...,nodeIdx=2,myNode=8170ed0b...
info|2022-11-09 09:57:54.801618|[g:1][CONSENSUS][PBFT]checkTimeout Succ,view=23268,toView=23269,nodeIdx=2,changeCycle=2,myNode=8170ed0b...,timecost=1
info|2022-11-09 09:57:54.810371|[g:1][CONSENSUS][PBFT]checkAndChangeView: Reach consensus,org_view=23268,cur_changeCycle=2,curView=23268,view=23269
info|2022-11-09 09:57:55.812453|[g:1][CONSENSUS][SEALER]++++++++++++++++ Generating seal on,blkNum=18,tx=0,nodeIdx=2,hash=0c31b450...
info|2022-11-09 09:57:55.817445|[g:1][CONSENSUS][PBFT]checkTimeout Succ,view=23269,toView=23270,nodeIdx=2,changeCycle=1,myNode=8170ed0b...,timecost=0
info|2022-11-09 09:57:55.818028|[g:1][CONSENSUS][PBFT]checkAndChangeView: Reach consensus,org_view=23269,cur_changeCycle=1,curView=23269,view=23270
info|2022-11-09 09:57:56.817973|[g:1][CONSENSUS]addRawPrepare,height=18,reqIdx=3,hash=c69e3920...,time=0
info|2022-11-09 09:57:56.818268|[g:1][CONSENSUS][PBFT]checkTimeout Succ,view=23270,toView=23271,nodeIdx=2,changeCycle=1,myNode=8170ed0b...,timecost=0
info|2022-11-09 09:57:56.819060|[g:1][CONSENSUS][PBFT]checkAndChangeView: Reach consensus,org_view=23270,cur_changeCycle=1,curView=23270,view=23271
info|2022-11-09 09:57:57.821472|[g:1][CONSENSUS]addRawPrepare,height=18,reqIdx=0,hash=adf36e84...,time=0
info|2022-11-09 09:57:57.822055|[g:1][CONSENSUS][PBFT]checkTimeout Succ,view=23271,toView=23272,nodeIdx=2,changeCycle=1,myNode=8170ed0b...,timecost=1
info|2022-11-09 09:57:57.823587|[g:1][CONSENSUS][PBFT]checkAndChangeView: Reach consensus,org_view=23271,cur_changeCycle=1,curView=23271,view=23272
info|2022-11-09 09:57:58.826413|[g:1][CONSENSUS]addRawPrepare,height=18,reqIdx=1,hash=405cef6f...,time=0
info|2022-11-09 09:57:58.827111|[g:1][CONSENSUS][PBFT]checkTimeout Succ,view=23272,toView=23273,nodeIdx=2,changeCycle=1,myNode=8170ed0b...,timecost=1
info|2022-11-09 09:57:58.829249|[g:1][CONSENSUS][PBFT]checkAndChangeView: Reach consensus,org_view=23272,cur_changeCycle=1,curView=23272,view=23273
info|2022-11-09 09:57:59.829188|[g:1][CONSENSUS][SEALER]++++++++++++++++ Generating seal on,blkNum=18,tx=0,nodeIdx=2,hash=d058cabe...
info|2022-11-09 09:57:59.835490|[g:1][CONSENSUS][PBFT]checkTimeout Succ,view=23273,toView=23274,nodeIdx=2,changeCycle=1,myNode=8170ed0b...,timecost=1
info|2022-11-09 09:57:59.837113|[g:1][CONSENSUS][PBFT]checkAndChangeView: Reach consensus,org_view=23273,cur_changeCycle=1,curView=23273,view=23274
info|2022-11-09 09:58:00.840705|[g:1][CONSENSUS]addRawPrepare,height=18,reqIdx=3,hash=93bf8510...,time=0
info|2022-11-09 09:58:00.841525|[g:1][CONSENSUS][PBFT]checkTimeout Succ,view=23274,toView=23275,nodeIdx=2,changeCycle=1,myNode=8170ed0b...,timecost=1
info|2022-11-09 09:58:00.843354|[g:1][CONSENSUS][PBFT]checkAndChangeView: Reach consensus,org_view=23274,cur_changeCycle=1,curView=23274,view=23275
info|2022-11-09 09:58:01.845188|[g:1][CONSENSUS]addRawPrepare,height=18,reqIdx=0,hash=8914ca6a...,time=0
info|2022-11-09 09:58:01.847198|[g:1][CONSENSUS][PBFT]checkTimeout Succ,view=23275,toView=23276,nodeIdx=2,changeCycle=1,myNode=8170ed0b...,timecost=2
info|2022-11-09 09:58:01.848415|[g:1][CONSENSUS][PBFT]checkAndChangeView: Reach consensus,org_view=23275,cur_changeCycle=1,curView=23275,view=23276
info|2022-11-09 09:58:02.849833|[g:1][CONSENSUS]addRawPrepare,height=18,reqIdx=1,hash=177a7bc9...,time=0
info|2022-11-09 09:58:02.850530|[g:1][CONSENSUS][PBFT]checkTimeout Succ,view=23276,toView=23277,nodeIdx=2,changeCycle=1,myNode=8170ed0b...,timecost=1
info|2022-11-09 09:58:02.852186|[g:1][CONSENSUS][PBFT]checkAndChangeView: Reach consensus,org_view=23276,cur_changeCycle=1,curView=23276,view=23277
info|2022-11-09 09:58:03.852910|[g:1][CONSENSUS][SEALER]++++++++++++++++ Generating seal on,blkNum=18,tx=0,nodeIdx=2,hash=e1c2a58d...
info|2022-11-09 09:58:03.855247|[g:1][CONSENSUS][PBFT]checkTimeout Succ,view=23277,toView=23278,nodeIdx=2,changeCycle=1,myNode=8170ed0b...,timecost=1
info|2022-11-09 09:58:03.859568|[g:1][CONSENSUS][PBFT]checkAndChangeView: Reach consensus,org_view=23277,cur_changeCycle=1,curView=23277,view=23278
info|2022-11-09 09:58:04.793794|[P2P][Service] heartBeat,connected count=3
info|2022-11-09 09:58:04.862432|[g:1][CONSENSUS]addRawPrepare,height=18,reqIdx=3,hash=32b70d9a...,time=0
info|2022-11-09 09:58:04.863556|[g:1][CONSENSUS][PBFT]checkTimeout Succ,view=23278,toView=23279,nodeIdx=2,changeCycle=1,myNode=8170ed0b...,timecost=1
info|2022-11-09 09:58:04.865144|[g:1][CONSENSUS][PBFT]checkAndChangeView: Reach consensus,org_view=23278,cur_changeCycle=1,curView=23278,view=23279
info|2022-11-09 09:58:05.882463|[g:1][CONSENSUS]addRawPrepare,height=18,reqIdx=0,hash=72125233...,time=0
info|2022-11-09 09:58:05.890718|[g:1][CONSENSUS][PBFT]checkTimeout Succ,view=23279,toView=23280,nodeIdx=2,changeCycle=1,myNode=8170ed0b...,timecost=8
info|2022-11-09 09:58:05.909904|[g:1][CONSENSUS][PBFT]checkAndChangeView: Reach consensus,org_view=23279,cur_changeCycle=1,curView=23279,view=23280
info|2022-11-09 09:58:06.925878|[g:1][CONSENSUS]addRawPrepare,height=18,reqIdx=1,hash=e0e0504b...,time=0
info|2022-11-09 09:58:06.933791|[g:1][CONSENSUS][PBFT]checkTimeout Succ,view=23280,toView=23281,nodeIdx=2,changeCycle=1,myNode=8170ed0b...,timecost=7
info|2022-11-09 09:58:06.946712|[g:1][CONSENSUS][PBFT]checkAndChangeView: Reach consensus,org_view=23280,cur_changeCycle=1,curView=23280,view=23281
info|2022-11-09 09:58:07.948995|[g:1][CONSENSUS][SEALER]++++++++++++++++ Generating seal on,blkNum=18,tx=0,nodeIdx=2,hash=3f91c76e...
info|2022-11-09 09:58:07.968348|[g:1][CONSENSUS][PBFT]checkTimeout Succ,view=23281,toView=23282,nodeIdx=2,changeCycle=1,myNode=8170ed0b...,timecost=15
info|2022-11-09 09:58:07.996174|[g:1][CONSENSUS][PBFT]checkAndChangeView: Reach consensus,org_view=23281,cur_changeCycle=1,curView=23281,view=23282
info|2022-11-09 09:58:09.008810|[g:1][CONSENSUS]addRawPrepare,height=18,reqIdx=3,hash=5f1e640a...,time=0
info|2022-11-09 09:58:09.016111|[g:1][CONSENSUS][PBFT]checkTimeout Succ,view=23282,toView=23283,nodeIdx=2,changeCycle=1,myNode=8170ed0b...,timecost=7
info|2022-11-09 09:58:09.034126|[g:1][CONSENSUS][PBFT]checkAndChangeView: Reach consensus,org_view=23282,cur_changeCycle=1,curView=23282,view=23283
info|2022-11-09 09:58:10.070049|[g:1][CONSENSUS]addRawPrepare,height=18,reqIdx=0,hash=f493de3b...,time=1
info|2022-11-09 09:58:10.076078|[g:1][CONSENSUS][PBFT]checkTimeout Succ,view=23283,toView=23284,nodeIdx=2,changeCycle=1,myNode=8170ed0b...,timecost=6
info|2022-11-09 09:58:10.091394|[g:1][CONSENSUS][PBFT]checkAndChangeView: Reach consensus,org_view=23283,cur_changeCycle=1,curView=23283,view=23284
info|2022-11-09 09:58:11.110547|[g:1][CONSENSUS]addRawPrepare,height=18,reqIdx=1,hash=39028d6e...,time=0
info|2022-11-09 09:58:11.117323|[g:1][CONSENSUS][PBFT]checkTimeout Succ,view=23284,toView=23285,nodeIdx=2,changeCycle=1,myNode=8170ed0b...,timecost=6
info|2022-11-09 09:58:11.133945|[g:1][CONSENSUS][PBFT]checkAndChangeView: Reach consensus,org_view=23284,cur_changeCycle=1,curView=23284,view=23285
info|2022-11-09 09:58:12.136134|[g:1][CONSENSUS][SEALER]++++++++++++++++ Generating seal on,blkNum=18,tx=0,nodeIdx=2,hash=7e8ef85b...
info|2022-11-09 09:58:12.143956|[g:1][CONSENSUS][PBFT]checkTimeout Succ,view=23285,toView=23286,nodeIdx=2,changeCycle=1,myNode=8170ed0b...,timecost=5
info|2022-11-09 09:58:12.171402|[g:1][CONSENSUS][PBFT]checkAndChangeView: Reach consensus,org_view=23285,cur_changeCycle=1,curView=23285,view=23286
info|2022-11-09 09:58:13.182058|[g:1][CONSENSUS]addRawPrepare,height=18,reqIdx=3,hash=1fbb28f9...,time=1
info|2022-11-09 09:58:13.190256|[g:1][CONSENSUS][PBFT]checkTimeout Succ,view=23286,toView=23287,nodeIdx=2,changeCycle=1,myNode=8170ed0b...,timecost=8
info|2022-11-09 09:58:13.201529|[g:1][CONSENSUS][PBFT]checkAndChangeView: Reach consensus,org_view=23286,cur_changeCycle=1,curView=23286,view=23287
info|2022-11-09 09:58:14.216719|[g:1][CONSENSUS]addRawPrepare,height=18,reqIdx=0,hash=e86d5d27...,time=0
info|2022-11-09 09:58:14.224366|[g:1][CONSENSUS][PBFT]checkTimeout Succ,view=23287,toView=23288,nodeIdx=2,changeCycle=1,myNode=8170ed0b...,timecost=7
info|2022-11-09 09:58:14.242752|[g:1][CONSENSUS][PBFT]checkAndChangeView: Reach consensus,org_view=23287,cur_changeCycle=1,curView=23287,view=23288
info|2022-11-09 09:58:14.796007|[P2P][Service] heartBeat,connected count=3
info|2022-11-09 09:58:15.261601|[g:1][CONSENSUS]addRawPrepare,height=18,reqIdx=1,hash=cda7c263...,time=0
info|2022-11-09 09:58:15.267692|[g:1][CONSENSUS][PBFT]checkTimeout Succ,view=23288,toView=23289,nodeIdx=2,changeCycle=1,myNode=8170ed0b...,timecost=5
info|2022-11-09 09:58:15.283057|[g:1][CONSENSUS][PBFT]checkAndChangeView: Reach consensus,org_view=23288,cur_changeCycle=1,curView=23288,view=23289
info|2022-11-09 09:58:16.285731|[g:1][CONSENSUS][SEALER]++++++++++++++++ Generating seal on,blkNum=18,tx=0,nodeIdx=2,hash=786360d6...
info|2022-11-09 09:58:16.309109|[g:1][CONSENSUS][PBFT]checkTimeout Succ,view=23289,toView=23290,nodeIdx=2,changeCycle=1,myNode=8170ed0b...,timecost=5
info|2022-11-09 09:58:16.331354|[g:1][CONSENSUS][PBFT]checkAndChangeView: Reach consensus,org_view=23289,cur_changeCycle=1,curView=23289,view=23290
info|2022-11-09 09:58:17.353174|[g:1][CONSENSUS]addRawPrepare,height=18,reqIdx=3,hash=b2017529...,time=0
info|2022-11-09 09:58:17.359990|[g:1][CONSENSUS][PBFT]checkTimeout Succ,view=23290,toView=23291,nodeIdx=2,changeCycle=1,myNode=8170ed0b...,timecost=6
info|2022-11-09 09:58:17.381575|[g:1][CONSENSUS][PBFT]checkAndChangeView: Reach consensus,org_view=23290,cur_changeCycle=1,curView=23290,view=23291
info|2022-11-09 09:58:18.403312|[g:1][CONSENSUS]addRawPrepare,height=18,reqIdx=0,hash=244a9eb9...,time=0
info|2022-11-09 09:58:18.411641|[g:1][CONSENSUS][PBFT]checkTimeout Succ,view=23291,toView=23292,nodeIdx=2,changeCycle=1,myNode=8170ed0b...,timecost=6
info|2022-11-09 09:58:18.437346|[g:1][CONSENSUS][PBFT]checkAndChangeView: Reach consensus,org_view=23291,cur_changeCycle=1,curView=23291,view=23292
info|2022-11-09 09:58:19.450798|[g:1][CONSENSUS]addRawPrepare,height=18,reqIdx=1,hash=9cdd2b93...,time=0
info|2022-11-09 09:58:19.455102|[g:1][CONSENSUS][PBFT]checkTimeout Succ,view=23292,toView=23293,nodeIdx=2,changeCycle=1,myNode=8170ed0b...,timecost=4
info|2022-11-09 09:58:19.467029|[g:1][CONSENSUS][PBFT]checkAndChangeView: Reach consensus,org_view=23292,cur_changeCycle=1,curView=23292,view=23293
info|2022-11-09 09:58:20.468490|[g:1][CONSENSUS][SEALER]++++++++++++++++ Generating seal on,blkNum=18,tx=0,nodeIdx=2,hash=d3572a6e...
info|2022-11-09 09:58:20.478308|[g:1][CONSENSUS][PBFT]checkTimeout Succ,view=23293,toView=23294,nodeIdx=2,changeCycle=1,myNode=8170ed0b...,timecost=4
info|2022-11-09 09:58:20.510403|[g:1][CONSENSUS][PBFT]checkAndChangeView: Reach consensus,org_view=23293,cur_changeCycle=1,curView=23293,view=23294
info|2022-11-09 09:58:21.521397|[g:1][CONSENSUS]addRawPrepare,height=18,reqIdx=3,hash=0ae49cad...,time=0
info|2022-11-09 09:58:21.526848|[g:1][CONSENSUS][PBFT]checkTimeout Succ,view=23294,toView=23295,nodeIdx=2,changeCycle=1,myNode=8170ed0b...,timecost=6
info|2022-11-09 09:58:21.548836|[g:1][CONSENSUS][PBFT]checkAndChangeView: Reach consensus,org_view=23294,cur_changeCycle=1,curView=23294,view=23295
info|2022-11-09 09:58:22.567049|[g:1][CONSENSUS]addRawPrepare,height=18,reqIdx=0,hash=d02895c8...,time=1
info|2022-11-09 09:58:22.571355|[g:1][CONSENSUS][PBFT]checkTimeout Succ,view=23295,toView=23296,nodeIdx=2,changeCycle=1,myNode=8170ed0b...,timecost=4
info|2022-11-09 09:58:22.583611|[g:1][CONSENSUS][PBFT]checkAndChangeView: Reach consensus,org_view=23295,cur_changeCycle=1,curView=23295,view=23296
info|2022-11-09 09:58:23.602748|[g:1][CONSENSUS]addRawPrepare,height=18,reqIdx=1,hash=8986b0f2...,time=0
info|2022-11-09 09:58:23.611297|[g:1][CONSENSUS][PBFT]checkTimeout Succ,view=23296,toView=23297,nodeIdx=2,changeCycle=1,myNode=8170ed0b...,timecost=8
info|2022-11-09 09:58:23.624422|[g:1][CONSENSUS][PBFT]checkAndChangeView: Reach consensus,org_view=23296,cur_changeCycle=1,curView=23296,view=23297
info|2022-11-09 09:58:24.626113|[g:1][CONSENSUS][SEALER]++++++++++++++++ Generating seal on,blkNum=18,tx=0,nodeIdx=2,hash=a70d7069...
info|2022-11-09 09:58:24.632504|[g:1][CONSENSUS][PBFT]checkTimeout Succ,view=23297,toView=23298,nodeIdx=2,changeCycle=1,myNode=8170ed0b...,timecost=3
info|2022-11-09 09:58:24.659828|[g:1][CONSENSUS][PBFT]checkAndChangeView: Reach consensus,org_view=23297,cur_changeCycle=1,curView=23297,view=23298
info|2022-11-09 09:58:24.798256|[P2P][Service] heartBeat,connected count=3
info|2022-11-09 09:58:25.670228|[g:1][CONSENSUS]addRawPrepare,height=18,reqIdx=3,hash=4013829e...,time=0
info|2022-11-09 09:58:25.674220|[g:1][CONSENSUS][PBFT]checkTimeout Succ,view=23298,toView=23299,nodeIdx=2,changeCycle=1,myNode=8170ed0b...,timecost=4
info|2022-11-09 09:58:25.688763|[g:1][CONSENSUS][PBFT]checkAndChangeView: Reach consensus,org_view=23298,cur_changeCycle=1,curView=23298,view=23299
info|2022-11-09 09:58:26.708811|[g:1][CONSENSUS]addRawPrepare,height=18,reqIdx=0,hash=96be3bbd...,time=0
info|2022-11-09 09:58:26.712898|[g:1][CONSENSUS][PBFT]checkTimeout Succ,view=23299,toView=23300,nodeIdx=2,changeCycle=1,myNode=8170ed0b...,timecost=4
info|2022-11-09 09:58:26.727140|[g:1][CONSENSUS][PBFT]checkAndChangeView: Reach consensus,org_view=23299,cur_changeCycle=1,curView=23299,view=23300
info|2022-11-09 09:58:27.740013|[g:1][CONSENSUS]addRawPrepare,height=18,reqIdx=1,hash=970d6a5c...,time=1
info|2022-11-09 09:58:27.746761|[g:1][CONSENSUS][PBFT]checkTimeout Succ,view=23300,toView=23301,nodeIdx=2,changeCycle=1,myNode=8170ed0b...,timecost=7
info|2022-11-09 09:58:27.757184|[g:1][CONSENSUS][PBFT]checkAndChangeView: Reach consensus,org_view=23300,cur_changeCycle=1,curView=23300,view=23301
info|2022-11-09 09:58:28.759844|[g:1][CONSENSUS][SEALER]++++++++++++++++ Generating seal on,blkNum=18,tx=0,nodeIdx=2,hash=7cf0ac30...
info|2022-11-09 09:58:28.781177|[g:1][CONSENSUS][PBFT]checkTimeout Succ,view=23301,toView=23302,nodeIdx=2,changeCycle=1,myNode=8170ed0b...,timecost=5
info|2022-11-09 09:58:28.795127|[g:1][CONSENSUS][PBFT]checkAndChangeView: Reach consensus,org_view=23301,cur_changeCycle=1,curView=23301,view=23302
info|2022-11-09 09:58:29.823896|[g:1][CONSENSUS]addRawPrepare,height=18,reqIdx=3,hash=e46e611c...,time=1
info|2022-11-09 09:58:29.831569|[g:1][CONSENSUS][PBFT]checkTimeout Succ,view=23302,toView=23303,nodeIdx=2,changeCycle=1,myNode=8170ed0b...,timecost=7
info|2022-11-09 09:58:29.848894|[g:1][CONSENSUS][PBFT]checkAndChangeView: Reach consensus,org_view=23302,cur_changeCycle=1,curView=23302,view=23303
info|2022-11-09 09:58:30.865577|[g:1][CONSENSUS]addRawPrepare,height=18,reqIdx=0,hash=c9c7160e...,time=0
info|2022-11-09 09:58:30.869957|[g:1][CONSENSUS][PBFT]checkTimeout Succ,view=23303,toView=23304,nodeIdx=2,changeCycle=1,myNode=8170ed0b...,timecost=4
info|2022-11-09 09:58:30.897317|[g:1][CONSENSUS][PBFT]checkAndChangeView: Reach consensus,org_view=23303,cur_changeCycle=1,curView=23303,view=23304
info|2022-11-09 09:58:31.916425|[g:1][CONSENSUS]addRawPrepare,height=18,reqIdx=1,hash=50ef19dd...,time=0
info|2022-11-09 09:58:31.921237|[g:1][CONSENSUS][PBFT]checkTimeout Succ,view=23304,toView=23305,nodeIdx=2,changeCycle=1,myNode=8170ed0b...,timecost=4
info|2022-11-09 09:58:31.935106|[g:1][CONSENSUS][PBFT]checkAndChangeView: Reach consensus,org_view=23304,cur_changeCycle=1,curView=23304,view=23305
info|2022-11-09 09:58:32.937895|[g:1][CONSENSUS][SEALER]++++++++++++++++ Generating seal on,blkNum=18,tx=0,nodeIdx=2,hash=33c6fa12...
info|2022-11-09 09:58:32.946293|[g:1][CONSENSUS][PBFT]checkTimeout Succ,view=23305,toView=23306,nodeIdx=2,changeCycle=1,myNode=8170ed0b...,timecost=4
info|2022-11-09 09:58:32.967678|[g:1][CONSENSUS][PBFT]checkAndChangeView: Reach consensus,org_view=23305,cur_changeCycle=1,curView=23305,view=23306
info|2022-11-09 09:58:33.978354|[g:1][CONSENSUS]addRawPrepare,height=18,reqIdx=3,hash=728fb172...,time=0
info|2022-11-09 09:58:33.982279|[g:1][CONSENSUS][PBFT]checkTimeout Succ,view=23306,toView=23307,nodeIdx=2,changeCycle=1,myNode=8170ed0b...,timecost=4
info|2022-11-09 09:58:34.003497|[g:1][CONSENSUS][PBFT]checkAndChangeView: Reach consensus,org_view=23306,cur_changeCycle=1,curView=23306,view=23307
info|2022-11-09 09:58:34.799849|[P2P][Service] heartBeat,connected count=3
info|2022-11-09 09:58:35.012494|[g:1][CONSENSUS]addRawPrepare,height=18,reqIdx=0,hash=0884cb44...,time=0
info|2022-11-09 09:58:35.016804|[g:1][CONSENSUS][PBFT]checkTimeout Succ,view=23307,toView=23308,nodeIdx=2,changeCycle=1,myNode=8170ed0b...,timecost=3
info|2022-11-09 09:58:35.028461|[g:1][CONSENSUS][PBFT]checkAndChangeView: Reach consensus,org_view=23307,cur_changeCycle=1,curView=23307,view=23308
info|2022-11-09 09:58:36.042928|[g:1][CONSENSUS]addRawPrepare,height=18,reqIdx=1,hash=3e7e1f40...,time=1
info|2022-11-09 09:58:36.047399|[g:1][CONSENSUS][PBFT]checkTimeout Succ,view=23308,toView=23309,nodeIdx=2,changeCycle=1,myNode=8170ed0b...,timecost=4
info|2022-11-09 09:58:36.065258|[g:1][CONSENSUS][PBFT]checkAndChangeView: Reach consensus,org_view=23308,cur_changeCycle=1,curView=23308,view=23309
info|2022-11-09 09:58:37.066147|[g:1][CONSENSUS][SEALER]++++++++++++++++ Generating seal on,blkNum=18,tx=0,nodeIdx=2,hash=273e5746...
info|2022-11-09 09:58:37.072354|[g:1][CONSENSUS][PBFT]checkTimeout Succ,view=23309,toView=23310,nodeIdx=2,changeCycle=1,myNode=8170ed0b...,timecost=3
info|2022-11-09 09:58:37.099831|[g:1][CONSENSUS][PBFT]checkAndChangeView: Reach consensus,org_view=23309,cur_changeCycle=1,curView=23309,view=23310
info|2022-11-09 09:58:38.107803|[g:1][CONSENSUS]addRawPrepare,height=18,reqIdx=3,hash=5c2a5d18...,time=0
info|2022-11-09 09:58:38.111646|[g:1][CONSENSUS][PBFT]checkTimeout Succ,view=23310,toView=23311,nodeIdx=2,changeCycle=1,myNode=8170ed0b...,timecost=3
info|2022-11-09 09:58:38.129227|[g:1][CONSENSUS][PBFT]checkAndChangeView: Reach consensus,org_view=23310,cur_changeCycle=1,curView=23310,view=23311
info|2022-11-09 09:58:39.146127|[g:1][CONSENSUS]addRawPrepare,height=18,reqIdx=0,hash=9dd24260...,time=0
info|2022-11-09 09:58:39.151189|[g:1][CONSENSUS][PBFT]checkTimeout Succ,view=23311,toView=23312,nodeIdx=2,changeCycle=1,myNode=8170ed0b...,timecost=5
info|2022-11-09 09:58:39.172944|[g:1][CONSENSUS][PBFT]checkAndChangeView: Reach consensus,org_view=23311,cur_changeCycle=1,curView=23311,view=23312
info|2022-11-09 09:58:40.185667|[g:1][CONSENSUS]addRawPrepare,height=18,reqIdx=1,hash=7c9029f7...,time=0
info|2022-11-09 09:58:40.190100|[g:1][CONSENSUS][PBFT]checkTimeout Succ,view=23312,toView=23313,nodeIdx=2,changeCycle=1,myNode=8170ed0b...,timecost=4
info|2022-11-09 09:58:40.202676|[g:1][CONSENSUS][PBFT]checkAndChangeView: Reach consensus,org_view=23312,cur_changeCycle=1,curView=23312,view=23313
info|2022-11-09 09:58:41.205867|[g:1][CONSENSUS][SEALER]++++++++++++++++ Generating seal on,blkNum=18,tx=0,nodeIdx=2,hash=a4f7851a...
info|2022-11-09 09:58:41.229401|[g:1][CONSENSUS][PBFT]checkTimeout Succ,view=23313,toView=23314,nodeIdx=2,changeCycle=1,myNode=8170ed0b...,timecost=4
info|2022-11-09 09:58:41.241427|[g:1][CONSENSUS][PBFT]checkAndChangeView: Reach consensus,org_view=23313,cur_changeCycle=1,curView=23313,view=23314
info|2022-11-09 09:58:42.254781|[g:1][CONSENSUS]addRawPrepare,height=18,reqIdx=3,hash=7b16d170...,time=0
info|2022-11-09 09:58:42.258980|[g:1][CONSENSUS][PBFT]checkTimeout Succ,view=23314,toView=23315,nodeIdx=2,changeCycle=1,myNode=8170ed0b...,timecost=4
info|2022-11-09 09:58:42.274183|[g:1][CONSENSUS][PBFT]checkAndChangeView: Reach consensus,org_view=23314,cur_changeCycle=1,curView=23314,view=23315
info|2022-11-09 09:58:43.283451|[g:1][CONSENSUS]addRawPrepare,height=18,reqIdx=0,hash=53165a4b...,time=0
info|2022-11-09 09:58:43.287812|[g:1][CONSENSUS][PBFT]checkTimeout Succ,view=23315,toView=23316,nodeIdx=2,changeCycle=1,myNode=8170ed0b...,timecost=4
info|2022-11-09 09:58:43.304712|[g:1][CONSENSUS][PBFT]checkAndChangeView: Reach consensus,org_view=23315,cur_changeCycle=1,curView=23315,view=23316
info|2022-11-09 09:58:44.329914|[g:1][CONSENSUS]addRawPrepare,height=18,reqIdx=1,hash=79994da1...,time=1
info|2022-11-09 09:58:44.336516|[g:1][CONSENSUS][PBFT]checkTimeout Succ,view=23316,toView=23317,nodeIdx=2,changeCycle=1,myNode=8170ed0b...,timecost=7
info|2022-11-09 09:58:44.354410|[g:1][CONSENSUS][PBFT]checkAndChangeView: Reach consensus,org_view=23316,cur_changeCycle=1,curView=23316,view=23317
info|2022-11-09 09:59:32.008265|[P2P][Service] heartBeat,connected count=3
warning|2022-11-09 09:59:32.009013|[g:1][CONSENSUS][PBFT]ViewChangeWarning: not caused by omit empty block ,v=23317,toV=23318,curNum=17,hash=9161a424...,nodeIdx=2,myNode=8170ed0b...
info|2022-11-09 09:59:32.009269|[g:1][CONSENSUS][PBFT]checkTimeout Succ,view=23317,toView=23318,nodeIdx=2,changeCycle=2,myNode=8170ed0b...,timecost=1
info|2022-11-09 09:59:32.026541|[g:1][CONSENSUS][PBFT]checkAndChangeView: Reach consensus,org_view=23317,cur_changeCycle=2,curView=23317,view=23318
info|2022-11-09 09:59:33.027813|[g:1][CONSENSUS]addRawPrepare,height=18,reqIdx=3,hash=159a01e4...,time=0
info|2022-11-09 09:59:33.028096|[g:1][CONSENSUS][PBFT]checkTimeout Succ,view=23318,toView=23319,nodeIdx=2,changeCycle=1,myNode=8170ed0b...,timecost=1
info|2022-11-09 09:59:33.029198|[g:1][CONSENSUS][PBFT]checkAndChangeView: Reach consensus,org_view=23318,cur_changeCycle=1,curView=23318,view=23319
info|2022-11-09 09:59:34.031370|[g:1][CONSENSUS]addRawPrepare,height=18,reqIdx=0,hash=b6aa19cb...,time=0
info|2022-11-09 09:59:34.031669|[g:1][CONSENSUS][PBFT]checkTimeout Succ,view=23319,toView=23320,nodeIdx=2,changeCycle=1,myNode=8170ed0b...,timecost=0
info|2022-11-09 09:59:34.032678|[g:1][CONSENSUS][PBFT]checkAndChangeView: Reach consensus,org_view=23319,cur_changeCycle=1,curView=23319,view=23320
info|2022-11-09 09:59:35.033775|[g:1][CONSENSUS]addRawPrepare,height=18,reqIdx=1,hash=fc1bd39a...,time=0
info|2022-11-09 09:59:35.034130|[g:1][CONSENSUS][PBFT]checkTimeout Succ,view=23320,toView=23321,nodeIdx=2,changeCycle=1,myNode=8170ed0b...,timecost=1
info|2022-11-09 09:59:35.035217|[g:1][CONSENSUS][PBFT]checkAndChangeView: Reach consensus,org_view=23320,cur_changeCycle=1,curView=23320,view=23321
info|2022-11-09 09:59:36.035136|[g:1][CONSENSUS][SEALER]++++++++++++++++ Generating seal on,blkNum=18,tx=0,nodeIdx=2,hash=e6708a35...
info|2022-11-09 09:59:36.038017|[g:1][CONSENSUS][PBFT]checkTimeout Succ,view=23321,toView=23322,nodeIdx=2,changeCycle=1,myNode=8170ed0b...,timecost=1
info|2022-11-09 09:59:36.038451|[g:1][CONSENSUS][PBFT]checkAndChangeView: Reach consensus,org_view=23321,cur_changeCycle=1,curView=23321,view=23322
info|2022-11-09 09:59:37.039136|[g:1][CONSENSUS]addRawPrepare,height=18,reqIdx=3,hash=a0033d72...,time=0
info|2022-11-09 09:59:37.039460|[g:1][CONSENSUS][PBFT]checkTimeout Succ,view=23322,toView=23323,nodeIdx=2,changeCycle=1,myNode=8170ed0b...,timecost=0
info|2022-11-09 09:59:37.040260|[g:1][CONSENSUS][PBFT]checkAndChangeView: Reach consensus,org_view=23322,cur_changeCycle=1,curView=23322,view=23323
info|2022-11-09 09:59:38.042241|[g:1][CONSENSUS]addRawPrepare,height=18,reqIdx=0,hash=79fc8304...,time=0
info|2022-11-09 09:59:38.042647|[g:1][CONSENSUS][PBFT]checkTimeout Succ,view=23323,toView=23324,nodeIdx=2,changeCycle=1,myNode=8170ed0b...,timecost=0
info|2022-11-09 09:59:38.043494|[g:1][CONSENSUS][PBFT]checkAndChangeView: Reach consensus,org_view=23323,cur_changeCycle=1,curView=23323,view=23324
info|2022-11-09 09:59:39.044652|[g:1][CONSENSUS]addRawPrepare,height=18,reqIdx=1,hash=41b311b9...,time=0
info|2022-11-09 09:59:39.045010|[g:1][CONSENSUS][PBFT]checkTimeout Succ,view=23324,toView=23325,nodeIdx=2,changeCycle=1,myNode=8170ed0b...,timecost=1
info|2022-11-09 09:59:39.046150|[g:1][CONSENSUS][PBFT]checkAndChangeView: Reach consensus,org_view=23324,cur_changeCycle=1,curView=23324,view=23325
info|2022-11-09 09:59:40.046847|[g:1][CONSENSUS][SEALER]++++++++++++++++ Generating seal on,blkNum=18,tx=0,nodeIdx=2,hash=124db2cf...
info|2022-11-09 09:59:40.048917|[g:1][CONSENSUS][PBFT]checkTimeout Succ,view=23325,toView=23326,nodeIdx=2,changeCycle=1,myNode=8170ed0b...,timecost=0
info|2022-11-09 09:59:40.049595|[g:1][CONSENSUS][PBFT]checkAndChangeView: Reach consensus,org_view=23325,cur_changeCycle=1,curView=23325,view=23326
info|2022-11-09 09:59:41.050647|[g:1][CONSENSUS]addRawPrepare,height=18,reqIdx=3,hash=35f004f3...,time=0
info|2022-11-09 09:59:41.051009|[g:1][CONSENSUS][PBFT]checkTimeout Succ,view=23326,toView=23327,nodeIdx=2,changeCycle=1,myNode=8170ed0b...,timecost=1
info|2022-11-09 09:59:41.051776|[g:1][CONSENSUS][PBFT]checkAndChangeView: Reach consensus,org_view=23326,cur_changeCycle=1,curView=23326,view=23327
info|2022-11-09 09:59:42.009085|[P2P][Service] heartBeat,connected count=3
info|2022-11-09 09:59:42.055063|[g:1][CONSENSUS]addRawPrepare,height=18,reqIdx=0,hash=6752bfce...,time=0
info|2022-11-09 09:59:42.055779|[g:1][CONSENSUS][PBFT]checkTimeout Succ,view=23327,toView=23328,nodeIdx=2,changeCycle=1,myNode=8170ed0b...,timecost=0
info|2022-11-09 09:59:42.057591|[g:1][CONSENSUS][PBFT]checkAndChangeView: Reach consensus,org_view=23327,cur_changeCycle=1,curView=23327,view=23328
info|2022-11-09 09:59:43.069779|[g:1][CONSENSUS]addRawPrepare,height=18,reqIdx=1,hash=8de4ecad...,time=0
info|2022-11-09 09:59:43.073996|[g:1][CONSENSUS][PBFT]checkTimeout Succ,view=23328,toView=23329,nodeIdx=2,changeCycle=1,myNode=8170ed0b...,timecost=4
info|2022-11-09 09:59:43.093304|[g:1][CONSENSUS][PBFT]checkAndChangeView: Reach consensus,org_view=23328,cur_changeCycle=1,curView=23328,view=23329
info|2022-11-09 09:59:44.096216|[g:1][CONSENSUS][SEALER]++++++++++++++++ Generating seal on,blkNum=18,tx=0,nodeIdx=2,hash=e11fdfd8...
info|2022-11-09 09:59:44.125410|[g:1][CONSENSUS][PBFT]checkTimeout Succ,view=23329,toView=23330,nodeIdx=2,changeCycle=1,myNode=8170ed0b...,timecost=6
info|2022-11-09 09:59:44.164045|[g:1][CONSENSUS][PBFT]checkAndChangeView: Reach consensus,org_view=23329,cur_changeCycle=1,curView=23329,view=23330
info|2022-11-09 09:59:45.192424|[g:1][CONSENSUS]addRawPrepare,height=18,reqIdx=3,hash=7ad7b18d...,time=0
info|2022-11-09 09:59:45.199778|[g:1][CONSENSUS][PBFT]checkTimeout Succ,view=23330,toView=23331,nodeIdx=2,changeCycle=1,myNode=8170ed0b...,timecost=6
info|2022-11-09 09:59:45.230961|[g:1][CONSENSUS][PBFT]checkAndChangeView: Reach consensus,org_view=23330,cur_changeCycle=1,curView=23330,view=23331
info|2022-11-09 09:59:46.245759|[g:1][CONSENSUS]addRawPrepare,height=18,reqIdx=0,hash=d07d6f91...,time=0
info|2022-11-09 09:59:46.251560|[g:1][CONSENSUS][PBFT]checkTimeout Succ,view=23331,toView=23332,nodeIdx=2,changeCycle=1,myNode=8170ed0b...,timecost=5
info|2022-11-09 09:59:46.276748|[g:1][CONSENSUS][PBFT]checkAndChangeView: Reach consensus,org_view=23331,cur_changeCycle=1,curView=23331,view=23332
info|2022-11-09 09:59:47.294791|[g:1][CONSENSUS]addRawPrepare,height=18,reqIdx=1,hash=77089cbb...,time=0
info|2022-11-09 09:59:47.298554|[g:1][CONSENSUS][PBFT]checkTimeout Succ,view=23332,toView=23333,nodeIdx=2,changeCycle=1,myNode=8170ed0b...,timecost=3
info|2022-11-09 09:59:47.319612|[g:1][CONSENSUS][PBFT]checkAndChangeView: Reach consensus,org_view=23332,cur_changeCycle=1,curView=23332,view=23333
info|2022-11-09 09:59:48.321377|[g:1][CONSENSUS][SEALER]++++++++++++++++ Generating seal on,blkNum=18,tx=0,nodeIdx=2,hash=b3ef5634...
info|2022-11-09 09:59:48.331710|[g:1][CONSENSUS][PBFT]checkTimeout Succ,view=23333,toView=23334,nodeIdx=2,changeCycle=1,myNode=8170ed0b...,timecost=4
info|2022-11-09 09:59:48.358470|[g:1][CONSENSUS][PBFT]checkAndChangeView: Reach consensus,org_view=23333,cur_changeCycle=1,curView=23333,view=23334
info|2022-11-09 09:59:49.376506|[g:1][CONSENSUS]addRawPrepare,height=18,reqIdx=3,hash=a1cf4658...,time=0
info|2022-11-09 09:59:49.385667|[g:1][CONSENSUS][PBFT]checkTimeout Succ,view=23334,toView=23335,nodeIdx=2,changeCycle=1,myNode=8170ed0b...,timecost=8
info|2022-11-09 09:59:49.405783|[g:1][CONSENSUS][PBFT]checkAndChangeView: Reach consensus,org_view=23334,cur_changeCycle=1,curView=23334,view=23335
info|2022-11-09 09:59:50.424423|[g:1][CONSENSUS]addRawPrepare,height=18,reqIdx=0,hash=ca8e0248...,time=0
info|2022-11-09 09:59:50.429730|[g:1][CONSENSUS][PBFT]checkTimeout Succ,view=23335,toView=23336,nodeIdx=2,changeCycle=1,myNode=8170ed0b...,timecost=4
info|2022-11-09 09:59:50.451659|[g:1][CONSENSUS][PBFT]checkAndChangeView: Reach consensus,org_view=23335,cur_changeCycle=1,curView=23335,view=23336
info|2022-11-09 09:59:51.469076|[g:1][CONSENSUS]addRawPrepare,height=18,reqIdx=1,hash=874f5db3...,time=0
info|2022-11-09 09:59:51.473337|[g:1][CONSENSUS][PBFT]checkTimeout Succ,view=23336,toView=23337,nodeIdx=2,changeCycle=1,myNode=8170ed0b...,timecost=4
info|2022-11-09 09:59:51.486834|[g:1][CONSENSUS][PBFT]checkAndChangeView: Reach consensus,org_view=23336,cur_changeCycle=1,curView=23336,view=23337
info|2022-11-09 09:59:52.011634|[P2P][Service] heartBeat,connected count=3
info|2022-11-09 09:59:52.488564|[g:1][CONSENSUS][SEALER]++++++++++++++++ Generating seal on,blkNum=18,tx=0,nodeIdx=2,hash=ae4e4f19...
info|2022-11-09 09:59:52.496023|[g:1][CONSENSUS][PBFT]checkTimeout Succ,view=23337,toView=23338,nodeIdx=2,changeCycle=1,myNode=8170ed0b...,timecost=4
info|2022-11-09 09:59:52.520054|[g:1][CONSENSUS][PBFT]checkAndChangeView: Reach consensus,org_view=23337,cur_changeCycle=1,curView=23337,view=23338
info|2022-11-09 09:59:53.535369|[g:1][CONSENSUS]addRawPrepare,height=18,reqIdx=3,hash=5a3dc9a5...,time=0
info|2022-11-09 09:59:53.539630|[g:1][CONSENSUS][PBFT]checkTimeout Succ,view=23338,toView=23339,nodeIdx=2,changeCycle=1,myNode=8170ed0b...,timecost=4
info|2022-11-09 09:59:53.555212|[g:1][CONSENSUS][PBFT]checkAndChangeView: Reach consensus,org_view=23338,cur_changeCycle=1,curView=23338,view=23339
info|2022-11-09 09:59:54.590804|[g:1][CONSENSUS]addRawPrepare,height=18,reqIdx=0,hash=6d78b1fa...,time=0
info|2022-11-09 09:59:54.595729|[g:1][CONSENSUS][PBFT]checkTimeout Succ,view=23339,toView=23340,nodeIdx=2,changeCycle=1,myNode=8170ed0b...,timecost=4
info|2022-11-09 09:59:54.620104|[g:1][CONSENSUS][PBFT]checkAndChangeView: Reach consensus,org_view=23339,cur_changeCycle=1,curView=23339,view=23340
info|2022-11-09 09:59:55.640880|[g:1][CONSENSUS]addRawPrepare,height=18,reqIdx=1,hash=6858282f...,time=1
info|2022-11-09 09:59:55.649151|[g:1][CONSENSUS][PBFT]checkTimeout Succ,view=23340,toView=23341,nodeIdx=2,changeCycle=1,myNode=8170ed0b...,timecost=8
info|2022-11-09 09:59:55.666292|[g:1][CONSENSUS][PBFT]checkAndChangeView: Reach consensus,org_view=23340,cur_changeCycle=1,curView=23340,view=23341
info|2022-11-09 09:59:56.668176|[g:1][CONSENSUS][SEALER]++++++++++++++++ Generating seal on,blkNum=18,tx=0,nodeIdx=2,hash=0f10141d...
info|2022-11-09 09:59:56.677534|[g:1][CONSENSUS][PBFT]checkTimeout Succ,view=23341,toView=23342,nodeIdx=2,changeCycle=1,myNode=8170ed0b...,timecost=4
info|2022-11-09 09:59:56.708961|[g:1][CONSENSUS][PBFT]checkAndChangeView: Reach consensus,org_view=23341,cur_changeCycle=1,curView=23341,view=23342
info|2022-11-09 09:59:57.719449|[g:1][CONSENSUS]addRawPrepare,height=18,reqIdx=3,hash=c097464e...,time=0
info|2022-11-09 09:59:57.723789|[g:1][CONSENSUS][PBFT]checkTimeout Succ,view=23342,toView=23343,nodeIdx=2,changeCycle=1,myNode=8170ed0b...,timecost=4
info|2022-11-09 09:59:57.738276|[g:1][CONSENSUS][PBFT]checkAndChangeView: Reach consensus,org_view=23342,cur_changeCycle=1,curView=23342,view=23343
info|2022-11-09 09:59:58.753366|[g:1][CONSENSUS]addRawPrepare,height=18,reqIdx=0,hash=7987fa65...,time=0
info|2022-11-09 09:59:58.758987|[g:1][CONSENSUS][PBFT]checkTimeout Succ,view=23343,toView=23344,nodeIdx=2,changeCycle=1,myNode=8170ed0b...,timecost=5
info|2022-11-09 09:59:58.772490|[g:1][CONSENSUS][PBFT]checkAndChangeView: Reach consensus,org_view=23343,cur_changeCycle=1,curView=23343,view=23344
info|2022-11-09 09:59:59.788727|[g:1][CONSENSUS]addRawPrepare,height=18,reqIdx=1,hash=b41fe188...,time=0
info|2022-11-09 09:59:59.795672|[g:1][CONSENSUS][PBFT]checkTimeout Succ,view=23344,toView=23345,nodeIdx=2,changeCycle=1,myNode=8170ed0b...,timecost=6
info|2022-11-09 09:59:59.823115|[g:1][CONSENSUS][PBFT]checkAndChangeView: Reach consensus,org_view=23344,cur_changeCycle=1,curView=23344,view=23345
