info|2022-11-10 15:00:00.890259|[g:1][CONSENSUS]addRawPrepare,height=20,reqIdx=3,hash=045ef8f1...,time=0
info|2022-11-10 15:00:00.891337|[g:1][CONSENSUS][PBFT]checkTimeout Succ,view=54048,toView=54049,nodeIdx=1,changeCycle=1,myNode=74ec5d39...,timecost=1
info|2022-11-10 15:00:00.893609|[g:1][CONSENSUS][PBFT]checkAndChangeView: Reach consensus,org_view=54048,cur_changeCycle=1,curView=54048,view=54049
info|2022-11-10 15:00:01.894840|[g:1][CONSENSUS]addRawPrepare,height=20,reqIdx=0,hash=dc6e7507...,time=0
info|2022-11-10 15:00:01.895132|[g:1][CONSENSUS][PBFT]checkTimeout Succ,view=54049,toView=54050,nodeIdx=1,changeCycle=1,myNode=74ec5d39...,timecost=1
info|2022-11-10 15:00:01.895836|[g:1][CONSENSUS][PBFT]checkAndChangeView: Reach consensus,org_view=54049,cur_changeCycle=1,curView=54049,view=54050
info|2022-11-10 15:00:02.896426|[g:1][CONSENSUS][SEALER]++++++++++++++++ Generating seal on,blkNum=20,tx=0,nodeIdx=1,hash=1c394203...
info|2022-11-10 15:00:02.897127|[g:1][CONSENSUS][PBFT]checkTimeout Succ,view=54050,toView=54051,nodeIdx=1,changeCycle=1,myNode=74ec5d39...,timecost=1
info|2022-11-10 15:00:02.898814|[g:1][CONSENSUS][PBFT]checkAndChangeView: Reach consensus,org_view=54050,cur_changeCycle=1,curView=54050,view=54051
info|2022-11-10 15:00:03.899221|[g:1][CONSENSUS]addRawPrepare,height=20,reqIdx=2,hash=ccea4017...,time=0
info|2022-11-10 15:00:03.899546|[g:1][CONSENSUS][PBFT]checkTimeout Succ,view=54051,toView=54052,nodeIdx=1,changeCycle=1,myNode=74ec5d39...,timecost=0
info|2022-11-10 15:00:03.900696|[g:1][CONSENSUS][PBFT]checkAndChangeView: Reach consensus,org_view=54051,cur_changeCycle=1,curView=54051,view=54052
info|2022-11-10 15:00:04.719634|[P2P][Service] heartBeat,connected count=3
info|2022-11-10 15:00:04.903523|[g:1][CONSENSUS]addRawPrepare,height=20,reqIdx=3,hash=bf3509b7...,time=0
info|2022-11-10 15:00:04.904315|[g:1][CONSENSUS][PBFT]checkTimeout Succ,view=54052,toView=54053,nodeIdx=1,changeCycle=1,myNode=74ec5d39...,timecost=1
info|2022-11-10 15:00:04.905903|[g:1][CONSENSUS][PBFT]checkAndChangeView: Reach consensus,org_view=54052,cur_changeCycle=1,curView=54052,view=54053
info|2022-11-10 15:00:05.917360|[g:1][CONSENSUS]addRawPrepare,height=20,reqIdx=0,hash=ebd5bde5...,time=0
info|2022-11-10 15:00:05.917647|[g:1][CONSENSUS][PBFT]checkTimeout Succ,view=54053,toView=54054,nodeIdx=1,changeCycle=1,myNode=74ec5d39...,timecost=0
info|2022-11-10 15:00:05.918083|[g:1][CONSENSUS][PBFT]checkAndChangeView: Reach consensus,org_view=54053,cur_changeCycle=1,curView=54053,view=54054
info|2022-11-10 15:00:06.918781|[g:1][CONSENSUS][SEALER]++++++++++++++++ Generating seal on,blkNum=20,tx=0,nodeIdx=1,hash=c2ede46f...
info|2022-11-10 15:00:06.922633|[g:1][CONSENSUS][PBFT]checkTimeout Succ,view=54054,toView=54055,nodeIdx=1,changeCycle=1,myNode=74ec5d39...,timecost=1
info|2022-11-10 15:00:06.924698|[g:1][CONSENSUS][PBFT]checkAndChangeView: Reach consensus,org_view=54054,cur_changeCycle=1,curView=54054,view=54055
info|2022-11-10 15:00:07.927354|[g:1][CONSENSUS]addRawPrepare,height=20,reqIdx=2,hash=315e49e3...,time=0
info|2022-11-10 15:00:07.928122|[g:1][CONSENSUS][PBFT]checkTimeout Succ,view=54055,toView=54056,nodeIdx=1,changeCycle=1,myNode=74ec5d39...,timecost=1
info|2022-11-10 15:00:07.930325|[g:1][CONSENSUS][PBFT]checkAndChangeView: Reach consensus,org_view=54055,cur_changeCycle=1,curView=54055,view=54056
info|2022-11-10 15:00:08.934333|[g:1][CONSENSUS]addRawPrepare,height=20,reqIdx=3,hash=56d4541e...,time=0
info|2022-11-10 15:00:08.934980|[g:1][CONSENSUS][PBFT]checkTimeout Succ,view=54056,toView=54057,nodeIdx=1,changeCycle=1,myNode=74ec5d39...,timecost=0
info|2022-11-10 15:00:08.936590|[g:1][CONSENSUS][PBFT]checkAndChangeView: Reach consensus,org_view=54056,cur_changeCycle=1,curView=54056,view=54057
info|2022-11-10 15:00:09.940669|[g:1][CONSENSUS]addRawPrepare,height=20,reqIdx=0,hash=b4740716...,time=0
info|2022-11-10 15:00:09.941446|[g:1][CONSENSUS][PBFT]checkTimeout Succ,view=54057,toView=54058,nodeIdx=1,changeCycle=1,myNode=74ec5d39...,timecost=1
info|2022-11-10 15:00:09.943665|[g:1][CONSENSUS][PBFT]checkAndChangeView: Reach consensus,org_view=54057,cur_changeCycle=1,curView=54057,view=54058
info|2022-11-10 15:00:10.945076|[g:1][CONSENSUS][SEALER]++++++++++++++++ Generating seal on,blkNum=20,tx=0,nodeIdx=1,hash=0e324a0e...
info|2022-11-10 15:00:10.946614|[g:1][CONSENSUS][PBFT]checkTimeout Succ,view=54058,toView=54059,nodeIdx=1,changeCycle=1,myNode=74ec5d39...,timecost=0
info|2022-11-10 15:00:10.950929|[g:1][CONSENSUS][PBFT]checkAndChangeView: Reach consensus,org_view=54058,cur_changeCycle=1,curView=54058,view=54059
info|2022-11-10 15:00:11.953594|[g:1][CONSENSUS]addRawPrepare,height=20,reqIdx=2,hash=f25bb5b5...,time=0
info|2022-11-10 15:00:11.954518|[g:1][CONSENSUS][PBFT]checkTimeout Succ,view=54059,toView=54060,nodeIdx=1,changeCycle=1,myNode=74ec5d39...,timecost=1
info|2022-11-10 15:00:11.956694|[g:1][CONSENSUS][PBFT]checkAndChangeView: Reach consensus,org_view=54059,cur_changeCycle=1,curView=54059,view=54060
info|2022-11-10 15:00:12.959622|[g:1][CONSENSUS]addRawPrepare,height=20,reqIdx=3,hash=9da0bfe6...,time=0
info|2022-11-10 15:00:12.960648|[g:1][CONSENSUS][PBFT]checkTimeout Succ,view=54060,toView=54061,nodeIdx=1,changeCycle=1,myNode=74ec5d39...,timecost=1
info|2022-11-10 15:00:12.963045|[g:1][CONSENSUS][PBFT]checkAndChangeView: Reach consensus,org_view=54060,cur_changeCycle=1,curView=54060,view=54061
info|2022-11-10 15:00:13.965942|[g:1][CONSENSUS]addRawPrepare,height=20,reqIdx=0,hash=768ef09b...,time=0
info|2022-11-10 15:00:13.967196|[g:1][CONSENSUS][PBFT]checkTimeout Succ,view=54061,toView=54062,nodeIdx=1,changeCycle=1,myNode=74ec5d39...,timecost=1
info|2022-11-10 15:00:13.970161|[g:1][CONSENSUS][PBFT]checkAndChangeView: Reach consensus,org_view=54061,cur_changeCycle=1,curView=54061,view=54062
info|2022-11-10 15:00:14.721067|[P2P][Service] heartBeat,connected count=3
info|2022-11-10 15:00:14.970247|[g:1][CONSENSUS][SEALER]++++++++++++++++ Generating seal on,blkNum=20,tx=0,nodeIdx=1,hash=9e272889...
info|2022-11-10 15:00:14.971818|[g:1][CONSENSUS][PBFT]checkTimeout Succ,view=54062,toView=54063,nodeIdx=1,changeCycle=1,myNode=74ec5d39...,timecost=1
info|2022-11-10 15:00:14.975582|[g:1][CONSENSUS][PBFT]checkAndChangeView: Reach consensus,org_view=54062,cur_changeCycle=1,curView=54062,view=54063
info|2022-11-10 15:00:15.977630|[g:1][CONSENSUS]addRawPrepare,height=20,reqIdx=2,hash=7423e136...,time=0
info|2022-11-10 15:00:15.978505|[g:1][CONSENSUS][PBFT]checkTimeout Succ,view=54063,toView=54064,nodeIdx=1,changeCycle=1,myNode=74ec5d39...,timecost=1
info|2022-11-10 15:00:15.980647|[g:1][CONSENSUS][PBFT]checkAndChangeView: Reach consensus,org_view=54063,cur_changeCycle=1,curView=54063,view=54064
info|2022-11-10 15:00:16.983526|[g:1][CONSENSUS]addRawPrepare,height=20,reqIdx=3,hash=56ac2d93...,time=0
info|2022-11-10 15:00:16.984196|[g:1][CONSENSUS][PBFT]checkTimeout Succ,view=54064,toView=54065,nodeIdx=1,changeCycle=1,myNode=74ec5d39...,timecost=1
info|2022-11-10 15:00:16.986815|[g:1][CONSENSUS][PBFT]checkAndChangeView: Reach consensus,org_view=54064,cur_changeCycle=1,curView=54064,view=54065
info|2022-11-10 15:00:17.987908|[g:1][CONSENSUS]addRawPrepare,height=20,reqIdx=0,hash=6d5da951...,time=0
info|2022-11-10 15:00:17.988572|[g:1][CONSENSUS][PBFT]checkTimeout Succ,view=54065,toView=54066,nodeIdx=1,changeCycle=1,myNode=74ec5d39...,timecost=0
info|2022-11-10 15:00:17.990234|[g:1][CONSENSUS][PBFT]checkAndChangeView: Reach consensus,org_view=54065,cur_changeCycle=1,curView=54065,view=54066
info|2022-11-10 15:00:18.991147|[g:1][CONSENSUS][SEALER]++++++++++++++++ Generating seal on,blkNum=20,tx=0,nodeIdx=1,hash=d71960c9...
info|2022-11-10 15:00:18.993913|[g:1][CONSENSUS][PBFT]checkTimeout Succ,view=54066,toView=54067,nodeIdx=1,changeCycle=1,myNode=74ec5d39...,timecost=0
info|2022-11-10 15:00:18.994420|[g:1][CONSENSUS][PBFT]checkAndChangeView: Reach consensus,org_view=54066,cur_changeCycle=1,curView=54066,view=54067
info|2022-11-10 15:00:19.995587|[g:1][CONSENSUS]addRawPrepare,height=20,reqIdx=2,hash=6c725bf4...,time=0
info|2022-11-10 15:00:19.995920|[g:1][CONSENSUS][PBFT]checkTimeout Succ,view=54067,toView=54068,nodeIdx=1,changeCycle=1,myNode=74ec5d39...,timecost=0
info|2022-11-10 15:00:19.997065|[g:1][CONSENSUS][PBFT]checkAndChangeView: Reach consensus,org_view=54067,cur_changeCycle=1,curView=54067,view=54068
info|2022-11-10 15:00:20.998516|[g:1][CONSENSUS]addRawPrepare,height=20,reqIdx=3,hash=956f7083...,time=0
info|2022-11-10 15:00:20.999138|[g:1][CONSENSUS][PBFT]checkTimeout Succ,view=54068,toView=54069,nodeIdx=1,changeCycle=1,myNode=74ec5d39...,timecost=1
info|2022-11-10 15:00:21.000749|[g:1][CONSENSUS][PBFT]checkAndChangeView: Reach consensus,org_view=54068,cur_changeCycle=1,curView=54068,view=54069
info|2022-11-10 15:00:22.004210|[g:1][CONSENSUS]addRawPrepare,height=20,reqIdx=0,hash=805881da...,time=0
info|2022-11-10 15:00:22.004860|[g:1][CONSENSUS][PBFT]checkTimeout Succ,view=54069,toView=54070,nodeIdx=1,changeCycle=1,myNode=74ec5d39...,timecost=0
info|2022-11-10 15:00:22.007096|[g:1][CONSENSUS][PBFT]checkAndChangeView: Reach consensus,org_view=54069,cur_changeCycle=1,curView=54069,view=54070
info|2022-11-10 15:00:23.007363|[g:1][CONSENSUS][SEALER]++++++++++++++++ Generating seal on,blkNum=20,tx=0,nodeIdx=1,hash=b0e344bd...
info|2022-11-10 15:00:23.010220|[g:1][CONSENSUS][PBFT]checkTimeout Succ,view=54070,toView=54071,nodeIdx=1,changeCycle=1,myNode=74ec5d39...,timecost=1
info|2022-11-10 15:00:23.010767|[g:1][CONSENSUS][PBFT]checkAndChangeView: Reach consensus,org_view=54070,cur_changeCycle=1,curView=54070,view=54071
info|2022-11-10 15:00:24.012865|[g:1][CONSENSUS]addRawPrepare,height=20,reqIdx=2,hash=8747f2e1...,time=0
info|2022-11-10 15:00:24.013623|[g:1][CONSENSUS][PBFT]checkTimeout Succ,view=54071,toView=54072,nodeIdx=1,changeCycle=1,myNode=74ec5d39...,timecost=1
info|2022-11-10 15:00:24.016297|[g:1][CONSENSUS][PBFT]checkAndChangeView: Reach consensus,org_view=54071,cur_changeCycle=1,curView=54071,view=54072
info|2022-11-10 15:00:24.721331|[P2P][Service] heartBeat,connected count=3
info|2022-11-10 15:00:25.018057|[g:1][CONSENSUS]addRawPrepare,height=20,reqIdx=3,hash=6d116804...,time=0
info|2022-11-10 15:00:25.018885|[g:1][CONSENSUS][PBFT]checkTimeout Succ,view=54072,toView=54073,nodeIdx=1,changeCycle=1,myNode=74ec5d39...,timecost=0
info|2022-11-10 15:00:25.020835|[g:1][CONSENSUS][PBFT]checkAndChangeView: Reach consensus,org_view=54072,cur_changeCycle=1,curView=54072,view=54073
info|2022-11-10 15:00:26.024903|[g:1][CONSENSUS]addRawPrepare,height=20,reqIdx=0,hash=580a1708...,time=0
info|2022-11-10 15:00:26.025854|[g:1][CONSENSUS][PBFT]checkTimeout Succ,view=54073,toView=54074,nodeIdx=1,changeCycle=1,myNode=74ec5d39...,timecost=0
info|2022-11-10 15:00:26.028043|[g:1][CONSENSUS][PBFT]checkAndChangeView: Reach consensus,org_view=54073,cur_changeCycle=1,curView=54073,view=54074
info|2022-11-10 15:00:27.029428|[g:1][CONSENSUS][SEALER]++++++++++++++++ Generating seal on,blkNum=20,tx=0,nodeIdx=1,hash=9739b90e...
info|2022-11-10 15:00:27.031316|[g:1][CONSENSUS][PBFT]checkTimeout Succ,view=54074,toView=54075,nodeIdx=1,changeCycle=1,myNode=74ec5d39...,timecost=1
info|2022-11-10 15:00:27.035582|[g:1][CONSENSUS][PBFT]checkAndChangeView: Reach consensus,org_view=54074,cur_changeCycle=1,curView=54074,view=54075
info|2022-11-10 15:00:28.037847|[g:1][CONSENSUS]addRawPrepare,height=20,reqIdx=2,hash=9105ba09...,time=0
info|2022-11-10 15:00:28.038675|[g:1][CONSENSUS][PBFT]checkTimeout Succ,view=54075,toView=54076,nodeIdx=1,changeCycle=1,myNode=74ec5d39...,timecost=1
info|2022-11-10 15:00:28.040302|[g:1][CONSENSUS][PBFT]checkAndChangeView: Reach consensus,org_view=54075,cur_changeCycle=1,curView=54075,view=54076
info|2022-11-10 15:00:29.042874|[g:1][CONSENSUS]addRawPrepare,height=20,reqIdx=3,hash=486b1477...,time=0
info|2022-11-10 15:00:29.043290|[g:1][CONSENSUS][PBFT]checkTimeout Succ,view=54076,toView=54077,nodeIdx=1,changeCycle=1,myNode=74ec5d39...,timecost=1
info|2022-11-10 15:00:29.044890|[g:1][CONSENSUS][PBFT]checkAndChangeView: Reach consensus,org_view=54076,cur_changeCycle=1,curView=54076,view=54077
info|2022-11-10 15:00:30.047836|[g:1][CONSENSUS]addRawPrepare,height=20,reqIdx=0,hash=1e0f2a08...,time=0
info|2022-11-10 15:00:30.048454|[g:1][CONSENSUS][PBFT]checkTimeout Succ,view=54077,toView=54078,nodeIdx=1,changeCycle=1,myNode=74ec5d39...,timecost=1
info|2022-11-10 15:00:30.050691|[g:1][CONSENSUS][PBFT]checkAndChangeView: Reach consensus,org_view=54077,cur_changeCycle=1,curView=54077,view=54078
info|2022-11-10 15:00:31.078537|[g:1][CONSENSUS][SEALER]++++++++++++++++ Generating seal on,blkNum=20,tx=0,nodeIdx=1,hash=d39fa269...
info|2022-11-10 15:00:31.079676|[g:1][CONSENSUS][PBFT]checkTimeout Succ,view=54078,toView=54079,nodeIdx=1,changeCycle=1,myNode=74ec5d39...,timecost=0
info|2022-11-10 15:00:31.081307|[g:1][CONSENSUS][PBFT]checkAndChangeView: Reach consensus,org_view=54078,cur_changeCycle=1,curView=54078,view=54079
info|2022-11-10 15:00:32.084818|[g:1][CONSENSUS]addRawPrepare,height=20,reqIdx=2,hash=60541f76...,time=0
info|2022-11-10 15:00:32.085471|[g:1][CONSENSUS][PBFT]checkTimeout Succ,view=54079,toView=54080,nodeIdx=1,changeCycle=1,myNode=74ec5d39...,timecost=1
info|2022-11-10 15:00:32.087146|[g:1][CONSENSUS][PBFT]checkAndChangeView: Reach consensus,org_view=54079,cur_changeCycle=1,curView=54079,view=54080
info|2022-11-10 15:00:33.091600|[g:1][CONSENSUS]addRawPrepare,height=20,reqIdx=3,hash=e5c84888...,time=0
info|2022-11-10 15:00:33.092366|[g:1][CONSENSUS][PBFT]checkTimeout Succ,view=54080,toView=54081,nodeIdx=1,changeCycle=1,myNode=74ec5d39...,timecost=1
info|2022-11-10 15:00:33.094893|[g:1][CONSENSUS][PBFT]checkAndChangeView: Reach consensus,org_view=54080,cur_changeCycle=1,curView=54080,view=54081
info|2022-11-10 15:00:34.098215|[g:1][CONSENSUS]addRawPrepare,height=20,reqIdx=0,hash=c46f9032...,time=0
info|2022-11-10 15:00:34.099015|[g:1][CONSENSUS][PBFT]checkTimeout Succ,view=54081,toView=54082,nodeIdx=1,changeCycle=1,myNode=74ec5d39...,timecost=1
info|2022-11-10 15:00:34.100127|[g:1][CONSENSUS][PBFT]checkAndChangeView: Reach consensus,org_view=54081,cur_changeCycle=1,curView=54081,view=54082
info|2022-11-10 15:00:34.721507|[P2P][Service] heartBeat,connected count=3
info|2022-11-10 15:00:35.102737|[g:1][CONSENSUS][SEALER]++++++++++++++++ Generating seal on,blkNum=20,tx=0,nodeIdx=1,hash=b567035b...
info|2022-11-10 15:00:35.124979|[g:1][CONSENSUS][PBFT]checkTimeout Succ,view=54082,toView=54083,nodeIdx=1,changeCycle=1,myNode=74ec5d39...,timecost=0
info|2022-11-10 15:00:35.130136|[g:1][CONSENSUS][PBFT]checkAndChangeView: Reach consensus,org_view=54082,cur_changeCycle=1,curView=54082,view=54083
info|2022-11-10 15:00:36.131766|[g:1][CONSENSUS]addRawPrepare,height=20,reqIdx=2,hash=4b6b4dab...,time=0
info|2022-11-10 15:00:36.132089|[g:1][CONSENSUS][PBFT]checkTimeout Succ,view=54083,toView=54084,nodeIdx=1,changeCycle=1,myNode=74ec5d39...,timecost=1
info|2022-11-10 15:00:36.133038|[g:1][CONSENSUS][PBFT]checkAndChangeView: Reach consensus,org_view=54083,cur_changeCycle=1,curView=54083,view=54084
info|2022-11-10 15:00:37.134355|[g:1][CONSENSUS]addRawPrepare,height=20,reqIdx=3,hash=2df6cdd5...,time=0
info|2022-11-10 15:00:37.134704|[g:1][CONSENSUS][PBFT]checkTimeout Succ,view=54084,toView=54085,nodeIdx=1,changeCycle=1,myNode=74ec5d39...,timecost=0
info|2022-11-10 15:00:37.136079|[g:1][CONSENSUS][PBFT]checkAndChangeView: Reach consensus,org_view=54084,cur_changeCycle=1,curView=54084,view=54085
info|2022-11-10 15:00:38.138828|[g:1][CONSENSUS]addRawPrepare,height=20,reqIdx=0,hash=d91522f1...,time=0
info|2022-11-10 15:00:38.139432|[g:1][CONSENSUS][PBFT]checkTimeout Succ,view=54085,toView=54086,nodeIdx=1,changeCycle=1,myNode=74ec5d39...,timecost=1
info|2022-11-10 15:00:38.141179|[g:1][CONSENSUS][PBFT]checkAndChangeView: Reach consensus,org_view=54085,cur_changeCycle=1,curView=54085,view=54086
info|2022-11-10 15:00:39.141551|[g:1][CONSENSUS][SEALER]++++++++++++++++ Generating seal on,blkNum=20,tx=0,nodeIdx=1,hash=b4be1604...
info|2022-11-10 15:00:39.146178|[g:1][CONSENSUS][PBFT]checkTimeout Succ,view=54086,toView=54087,nodeIdx=1,changeCycle=1,myNode=74ec5d39...,timecost=1
info|2022-11-10 15:00:39.147693|[g:1][CONSENSUS][PBFT]checkAndChangeView: Reach consensus,org_view=54086,cur_changeCycle=1,curView=54086,view=54087
info|2022-11-10 15:00:40.151555|[g:1][CONSENSUS]addRawPrepare,height=20,reqIdx=2,hash=0b01f4fc...,time=0
info|2022-11-10 15:00:40.152772|[g:1][CONSENSUS][PBFT]checkTimeout Succ,view=54087,toView=54088,nodeIdx=1,changeCycle=1,myNode=74ec5d39...,timecost=1
info|2022-11-10 15:00:40.154530|[g:1][CONSENSUS][PBFT]checkAndChangeView: Reach consensus,org_view=54087,cur_changeCycle=1,curView=54087,view=54088
info|2022-11-10 15:00:41.156925|[g:1][CONSENSUS]addRawPrepare,height=20,reqIdx=3,hash=a49485c6...,time=0
info|2022-11-10 15:00:41.157208|[g:1][CONSENSUS][PBFT]checkTimeout Succ,view=54088,toView=54089,nodeIdx=1,changeCycle=1,myNode=74ec5d39...,timecost=1
info|2022-11-10 15:00:41.158246|[g:1][CONSENSUS][PBFT]checkAndChangeView: Reach consensus,org_view=54088,cur_changeCycle=1,curView=54088,view=54089
info|2022-11-10 15:00:42.170927|[g:1][CONSENSUS]addRawPrepare,height=20,reqIdx=0,hash=a711b005...,time=0
info|2022-11-10 15:00:42.171340|[g:1][CONSENSUS][PBFT]checkTimeout Succ,view=54089,toView=54090,nodeIdx=1,changeCycle=1,myNode=74ec5d39...,timecost=0
info|2022-11-10 15:00:42.178574|[g:1][CONSENSUS][PBFT]checkAndChangeView: Reach consensus,org_view=54089,cur_changeCycle=1,curView=54089,view=54090
info|2022-11-10 15:00:43.178849|[g:1][CONSENSUS][SEALER]++++++++++++++++ Generating seal on,blkNum=20,tx=0,nodeIdx=1,hash=c66e7a6f...
info|2022-11-10 15:00:43.180857|[g:1][CONSENSUS][PBFT]checkTimeout Succ,view=54090,toView=54091,nodeIdx=1,changeCycle=1,myNode=74ec5d39...,timecost=0
info|2022-11-10 15:00:43.181400|[g:1][CONSENSUS][PBFT]checkAndChangeView: Reach consensus,org_view=54090,cur_changeCycle=1,curView=54090,view=54091
info|2022-11-10 15:00:44.182940|[g:1][CONSENSUS]addRawPrepare,height=20,reqIdx=2,hash=090c3ea5...,time=0
info|2022-11-10 15:00:44.183228|[g:1][CONSENSUS][PBFT]checkTimeout Succ,view=54091,toView=54092,nodeIdx=1,changeCycle=1,myNode=74ec5d39...,timecost=1
info|2022-11-10 15:00:44.184533|[g:1][CONSENSUS][PBFT]checkAndChangeView: Reach consensus,org_view=54091,cur_changeCycle=1,curView=54091,view=54092
info|2022-11-10 15:00:44.722516|[P2P][Service] heartBeat,connected count=3
info|2022-11-10 15:00:45.186670|[g:1][CONSENSUS]addRawPrepare,height=20,reqIdx=3,hash=cd10e100...,time=0
info|2022-11-10 15:00:45.187429|[g:1][CONSENSUS][PBFT]checkTimeout Succ,view=54092,toView=54093,nodeIdx=1,changeCycle=1,myNode=74ec5d39...,timecost=1
info|2022-11-10 15:00:45.189863|[g:1][CONSENSUS][PBFT]checkAndChangeView: Reach consensus,org_view=54092,cur_changeCycle=1,curView=54092,view=54093
info|2022-11-10 15:00:46.191058|[g:1][CONSENSUS]addRawPrepare,height=20,reqIdx=0,hash=35c07995...,time=0
info|2022-11-10 15:00:46.191345|[g:1][CONSENSUS][PBFT]checkTimeout Succ,view=54093,toView=54094,nodeIdx=1,changeCycle=1,myNode=74ec5d39...,timecost=0
info|2022-11-10 15:00:46.192005|[g:1][CONSENSUS][PBFT]checkAndChangeView: Reach consensus,org_view=54093,cur_changeCycle=1,curView=54093,view=54094
info|2022-11-10 15:00:47.192107|[g:1][CONSENSUS][SEALER]++++++++++++++++ Generating seal on,blkNum=20,tx=0,nodeIdx=1,hash=3156af4c...
info|2022-11-10 15:00:47.195159|[g:1][CONSENSUS][PBFT]checkTimeout Succ,view=54094,toView=54095,nodeIdx=1,changeCycle=1,myNode=74ec5d39...,timecost=1
info|2022-11-10 15:00:47.196188|[g:1][CONSENSUS][PBFT]checkAndChangeView: Reach consensus,org_view=54094,cur_changeCycle=1,curView=54094,view=54095
info|2022-11-10 15:00:48.198520|[g:1][CONSENSUS]addRawPrepare,height=20,reqIdx=2,hash=95758b09...,time=0
info|2022-11-10 15:00:48.199158|[g:1][CONSENSUS][PBFT]checkTimeout Succ,view=54095,toView=54096,nodeIdx=1,changeCycle=1,myNode=74ec5d39...,timecost=1
info|2022-11-10 15:00:48.204788|[g:1][CONSENSUS][PBFT]checkAndChangeView: Reach consensus,org_view=54095,cur_changeCycle=1,curView=54095,view=54096
info|2022-11-10 15:00:49.206663|[g:1][CONSENSUS]addRawPrepare,height=20,reqIdx=3,hash=366a7ebd...,time=0
info|2022-11-10 15:00:49.207067|[g:1][CONSENSUS][PBFT]checkTimeout Succ,view=54096,toView=54097,nodeIdx=1,changeCycle=1,myNode=74ec5d39...,timecost=1
info|2022-11-10 15:00:49.208069|[g:1][CONSENSUS][PBFT]checkAndChangeView: Reach consensus,org_view=54096,cur_changeCycle=1,curView=54096,view=54097
info|2022-11-10 15:00:50.209885|[g:1][CONSENSUS]addRawPrepare,height=20,reqIdx=0,hash=fd728dbf...,time=0
info|2022-11-10 15:00:50.210467|[g:1][CONSENSUS][PBFT]checkTimeout Succ,view=54097,toView=54098,nodeIdx=1,changeCycle=1,myNode=74ec5d39...,timecost=1
info|2022-11-10 15:00:50.212294|[g:1][CONSENSUS][PBFT]checkAndChangeView: Reach consensus,org_view=54097,cur_changeCycle=1,curView=54097,view=54098
info|2022-11-10 15:00:51.211978|[g:1][CONSENSUS][SEALER]++++++++++++++++ Generating seal on,blkNum=20,tx=0,nodeIdx=1,hash=867db1b5...
info|2022-11-10 15:00:51.215179|[g:1][CONSENSUS][PBFT]checkTimeout Succ,view=54098,toView=54099,nodeIdx=1,changeCycle=1,myNode=74ec5d39...,timecost=1
info|2022-11-10 15:00:51.215978|[g:1][CONSENSUS][PBFT]checkAndChangeView: Reach consensus,org_view=54098,cur_changeCycle=1,curView=54098,view=54099
info|2022-11-10 15:00:52.218384|[g:1][CONSENSUS]addRawPrepare,height=20,reqIdx=2,hash=4566981a...,time=0
info|2022-11-10 15:00:52.218972|[g:1][CONSENSUS][PBFT]checkTimeout Succ,view=54099,toView=54100,nodeIdx=1,changeCycle=1,myNode=74ec5d39...,timecost=0
info|2022-11-10 15:00:52.221223|[g:1][CONSENSUS][PBFT]checkAndChangeView: Reach consensus,org_view=54099,cur_changeCycle=1,curView=54099,view=54100
info|2022-11-10 15:00:53.223202|[g:1][CONSENSUS]addRawPrepare,height=20,reqIdx=3,hash=8543289e...,time=0
info|2022-11-10 15:00:53.223884|[g:1][CONSENSUS][PBFT]checkTimeout Succ,view=54100,toView=54101,nodeIdx=1,changeCycle=1,myNode=74ec5d39...,timecost=0
info|2022-11-10 15:00:53.227413|[g:1][CONSENSUS][PBFT]checkAndChangeView: Reach consensus,org_view=54100,cur_changeCycle=1,curView=54100,view=54101
info|2022-11-10 15:00:54.240122|[g:1][CONSENSUS]addRawPrepare,height=20,reqIdx=0,hash=583d6fbf...,time=0
info|2022-11-10 15:00:54.245949|[g:1][CONSENSUS][PBFT]checkTimeout Succ,view=54101,toView=54102,nodeIdx=1,changeCycle=1,myNode=74ec5d39...,timecost=4
info|2022-11-10 15:00:54.259524|[g:1][CONSENSUS][PBFT]checkAndChangeView: Reach consensus,org_view=54101,cur_changeCycle=1,curView=54101,view=54102
info|2022-11-10 15:00:54.724429|[P2P][Service] heartBeat,connected count=3
info|2022-11-10 15:00:55.259914|[g:1][CONSENSUS][SEALER]++++++++++++++++ Generating seal on,blkNum=20,tx=0,nodeIdx=1,hash=871fb114...
info|2022-11-10 15:00:55.260299|[g:1][CONSENSUS][PBFT]checkTimeout Succ,view=54102,toView=54103,nodeIdx=1,changeCycle=1,myNode=74ec5d39...,timecost=0
info|2022-11-10 15:00:55.261913|[g:1][CONSENSUS][PBFT]checkAndChangeView: Reach consensus,org_view=54102,cur_changeCycle=1,curView=54102,view=54103
info|2022-11-10 15:00:56.265861|[g:1][CONSENSUS]addRawPrepare,height=20,reqIdx=2,hash=91da6a2e...,time=0
info|2022-11-10 15:00:56.266524|[g:1][CONSENSUS][PBFT]checkTimeout Succ,view=54103,toView=54104,nodeIdx=1,changeCycle=1,myNode=74ec5d39...,timecost=1
info|2022-11-10 15:00:56.268565|[g:1][CONSENSUS][PBFT]checkAndChangeView: Reach consensus,org_view=54103,cur_changeCycle=1,curView=54103,view=54104
info|2022-11-10 15:00:57.270711|[g:1][CONSENSUS]addRawPrepare,height=20,reqIdx=3,hash=c782f7d9...,time=0
info|2022-11-10 15:00:57.271068|[g:1][CONSENSUS][PBFT]checkTimeout Succ,view=54104,toView=54105,nodeIdx=1,changeCycle=1,myNode=74ec5d39...,timecost=1
info|2022-11-10 15:00:57.272049|[g:1][CONSENSUS][PBFT]checkAndChangeView: Reach consensus,org_view=54104,cur_changeCycle=1,curView=54104,view=54105
info|2022-11-10 15:00:58.275773|[g:1][CONSENSUS]addRawPrepare,height=20,reqIdx=0,hash=d2e9824e...,time=0
info|2022-11-10 15:00:58.276267|[g:1][CONSENSUS][PBFT]checkTimeout Succ,view=54105,toView=54106,nodeIdx=1,changeCycle=1,myNode=74ec5d39...,timecost=1
info|2022-11-10 15:00:58.277629|[g:1][CONSENSUS][PBFT]checkAndChangeView: Reach consensus,org_view=54105,cur_changeCycle=1,curView=54105,view=54106
info|2022-11-10 15:00:59.279839|[g:1][CONSENSUS][SEALER]++++++++++++++++ Generating seal on,blkNum=20,tx=0,nodeIdx=1,hash=cc421d81...
info|2022-11-10 15:00:59.282307|[g:1][CONSENSUS][PBFT]checkTimeout Succ,view=54106,toView=54107,nodeIdx=1,changeCycle=1,myNode=74ec5d39...,timecost=0
info|2022-11-10 15:00:59.282655|[g:1][CONSENSUS][PBFT]checkAndChangeView: Reach consensus,org_view=54106,cur_changeCycle=1,curView=54106,view=54107
info|2022-11-10 15:01:00.286563|[g:1][CONSENSUS]addRawPrepare,height=20,reqIdx=2,hash=9bed113f...,time=0
info|2022-11-10 15:01:00.286892|[g:1][CONSENSUS][PBFT]checkTimeout Succ,view=54107,toView=54108,nodeIdx=1,changeCycle=1,myNode=74ec5d39...,timecost=0
info|2022-11-10 15:01:00.287938|[g:1][CONSENSUS][PBFT]checkAndChangeView: Reach consensus,org_view=54107,cur_changeCycle=1,curView=54107,view=54108
info|2022-11-10 15:01:01.291381|[g:1][CONSENSUS]addRawPrepare,height=20,reqIdx=3,hash=656b9190...,time=0
info|2022-11-10 15:01:01.291822|[g:1][CONSENSUS][PBFT]checkTimeout Succ,view=54108,toView=54109,nodeIdx=1,changeCycle=1,myNode=74ec5d39...,timecost=0
info|2022-11-10 15:01:01.292703|[g:1][CONSENSUS][PBFT]checkAndChangeView: Reach consensus,org_view=54108,cur_changeCycle=1,curView=54108,view=54109
info|2022-11-10 15:01:02.295608|[g:1][CONSENSUS]addRawPrepare,height=20,reqIdx=0,hash=e9e40e48...,time=0
info|2022-11-10 15:01:02.295938|[g:1][CONSENSUS][PBFT]checkTimeout Succ,view=54109,toView=54110,nodeIdx=1,changeCycle=1,myNode=74ec5d39...,timecost=0
info|2022-11-10 15:01:02.296842|[g:1][CONSENSUS][PBFT]checkAndChangeView: Reach consensus,org_view=54109,cur_changeCycle=1,curView=54109,view=54110
info|2022-11-10 15:01:03.298398|[g:1][CONSENSUS][SEALER]++++++++++++++++ Generating seal on,blkNum=20,tx=0,nodeIdx=1,hash=be0cb8e1...
info|2022-11-10 15:01:03.300168|[g:1][CONSENSUS][PBFT]checkTimeout Succ,view=54110,toView=54111,nodeIdx=1,changeCycle=1,myNode=74ec5d39...,timecost=1
info|2022-11-10 15:01:03.304904|[g:1][CONSENSUS][PBFT]checkAndChangeView: Reach consensus,org_view=54110,cur_changeCycle=1,curView=54110,view=54111
info|2022-11-10 15:01:04.307567|[g:1][CONSENSUS]addRawPrepare,height=20,reqIdx=2,hash=f290165d...,time=0
info|2022-11-10 15:01:04.307833|[g:1][CONSENSUS][PBFT]checkTimeout Succ,view=54111,toView=54112,nodeIdx=1,changeCycle=1,myNode=74ec5d39...,timecost=0
info|2022-11-10 15:01:04.308434|[g:1][CONSENSUS][PBFT]checkAndChangeView: Reach consensus,org_view=54111,cur_changeCycle=1,curView=54111,view=54112
info|2022-11-10 15:01:04.727278|[P2P][Service] heartBeat,connected count=3
info|2022-11-10 15:01:05.314572|[g:1][CONSENSUS]addRawPrepare,height=20,reqIdx=3,hash=45beb19f...,time=0
info|2022-11-10 15:01:05.315303|[g:1][CONSENSUS][PBFT]checkTimeout Succ,view=54112,toView=54113,nodeIdx=1,changeCycle=1,myNode=74ec5d39...,timecost=1
info|2022-11-10 15:01:05.317134|[g:1][CONSENSUS][PBFT]checkAndChangeView: Reach consensus,org_view=54112,cur_changeCycle=1,curView=54112,view=54113
info|2022-11-10 15:01:06.339546|[g:1][CONSENSUS]addRawPrepare,height=20,reqIdx=0,hash=89171cca...,time=0
info|2022-11-10 15:01:06.340003|[g:1][CONSENSUS][PBFT]checkTimeout Succ,view=54113,toView=54114,nodeIdx=1,changeCycle=1,myNode=74ec5d39...,timecost=1
info|2022-11-10 15:01:06.341093|[g:1][CONSENSUS][PBFT]checkAndChangeView: Reach consensus,org_view=54113,cur_changeCycle=1,curView=54113,view=54114
info|2022-11-10 15:01:07.412375|[g:1][CONSENSUS][SEALER]++++++++++++++++ Generating seal on,blkNum=20,tx=0,nodeIdx=1,hash=62e55cdf...
info|2022-11-10 15:01:07.413015|[g:1][CONSENSUS][PBFT]checkTimeout Succ,view=54114,toView=54115,nodeIdx=1,changeCycle=1,myNode=74ec5d39...,timecost=1
info|2022-11-10 15:01:07.415144|[g:1][CONSENSUS][PBFT]checkAndChangeView: Reach consensus,org_view=54114,cur_changeCycle=1,curView=54114,view=54115
info|2022-11-10 15:01:08.427422|[g:1][CONSENSUS]addRawPrepare,height=20,reqIdx=2,hash=255ed990...,time=0
info|2022-11-10 15:01:08.427868|[g:1][CONSENSUS][PBFT]checkTimeout Succ,view=54115,toView=54116,nodeIdx=1,changeCycle=1,myNode=74ec5d39...,timecost=0
info|2022-11-10 15:01:08.433347|[g:1][CONSENSUS][PBFT]checkAndChangeView: Reach consensus,org_view=54115,cur_changeCycle=1,curView=54115,view=54116
info|2022-11-10 15:01:09.464560|[g:1][CONSENSUS]addRawPrepare,height=20,reqIdx=3,hash=befd0db1...,time=0
info|2022-11-10 15:01:09.465142|[g:1][CONSENSUS][PBFT]checkTimeout Succ,view=54116,toView=54117,nodeIdx=1,changeCycle=1,myNode=74ec5d39...,timecost=1
info|2022-11-10 15:01:09.479727|[g:1][CONSENSUS][PBFT]checkAndChangeView: Reach consensus,org_view=54116,cur_changeCycle=1,curView=54116,view=54117
info|2022-11-10 15:01:10.471085|[g:1][CONSENSUS]addRawPrepare,height=20,reqIdx=0,hash=ee2c07a5...,time=0
info|2022-11-10 15:01:10.472469|[g:1][CONSENSUS][PBFT]checkTimeout Succ,view=54117,toView=54118,nodeIdx=1,changeCycle=1,myNode=74ec5d39...,timecost=1
info|2022-11-10 15:01:10.474711|[g:1][CONSENSUS][PBFT]checkAndChangeView: Reach consensus,org_view=54117,cur_changeCycle=1,curView=54117,view=54118
info|2022-11-10 15:01:11.474887|[g:1][CONSENSUS][SEALER]++++++++++++++++ Generating seal on,blkNum=20,tx=0,nodeIdx=1,hash=0e9616a3...
info|2022-11-10 15:01:11.477137|[g:1][CONSENSUS][PBFT]checkTimeout Succ,view=54118,toView=54119,nodeIdx=1,changeCycle=1,myNode=74ec5d39...,timecost=1
info|2022-11-10 15:01:11.477503|[g:1][CONSENSUS][PBFT]checkAndChangeView: Reach consensus,org_view=54118,cur_changeCycle=1,curView=54118,view=54119
info|2022-11-10 15:01:12.478263|[g:1][CONSENSUS]addRawPrepare,height=20,reqIdx=2,hash=037ebaaa...,time=0
info|2022-11-10 15:01:12.478626|[g:1][CONSENSUS][PBFT]checkTimeout Succ,view=54119,toView=54120,nodeIdx=1,changeCycle=1,myNode=74ec5d39...,timecost=0
info|2022-11-10 15:01:12.480294|[g:1][CONSENSUS][PBFT]checkAndChangeView: Reach consensus,org_view=54119,cur_changeCycle=1,curView=54119,view=54120
info|2022-11-10 15:01:13.481677|[g:1][CONSENSUS]addRawPrepare,height=20,reqIdx=3,hash=b52f4392...,time=0
info|2022-11-10 15:01:13.481968|[g:1][CONSENSUS][PBFT]checkTimeout Succ,view=54120,toView=54121,nodeIdx=1,changeCycle=1,myNode=74ec5d39...,timecost=0
info|2022-11-10 15:01:13.483168|[g:1][CONSENSUS][PBFT]checkAndChangeView: Reach consensus,org_view=54120,cur_changeCycle=1,curView=54120,view=54121
info|2022-11-10 15:01:14.518584|[g:1][CONSENSUS]addRawPrepare,height=20,reqIdx=0,hash=dcffdc4e...,time=0
info|2022-11-10 15:01:14.518954|[g:1][CONSENSUS][PBFT]checkTimeout Succ,view=54121,toView=54122,nodeIdx=1,changeCycle=1,myNode=74ec5d39...,timecost=0
info|2022-11-10 15:01:14.524143|[g:1][CONSENSUS][PBFT]checkAndChangeView: Reach consensus,org_view=54121,cur_changeCycle=1,curView=54121,view=54122
info|2022-11-10 15:01:14.727436|[P2P][Service] heartBeat,connected count=3
info|2022-11-10 15:01:15.528540|[g:1][CONSENSUS][SEALER]++++++++++++++++ Generating seal on,blkNum=20,tx=0,nodeIdx=1,hash=a7eeede0...
info|2022-11-10 15:01:15.549008|[g:1][CONSENSUS][PBFT]checkTimeout Succ,view=54122,toView=54123,nodeIdx=1,changeCycle=1,myNode=74ec5d39...,timecost=1
info|2022-11-10 15:01:15.556881|[g:1][CONSENSUS][PBFT]checkAndChangeView: Reach consensus,org_view=54122,cur_changeCycle=1,curView=54122,view=54123
info|2022-11-10 15:01:16.558525|[g:1][CONSENSUS]addRawPrepare,height=20,reqIdx=2,hash=31754c57...,time=0
info|2022-11-10 15:01:16.558854|[g:1][CONSENSUS][PBFT]checkTimeout Succ,view=54123,toView=54124,nodeIdx=1,changeCycle=1,myNode=74ec5d39...,timecost=0
info|2022-11-10 15:01:16.559952|[g:1][CONSENSUS][PBFT]checkAndChangeView: Reach consensus,org_view=54123,cur_changeCycle=1,curView=54123,view=54124
info|2022-11-10 15:01:17.561458|[g:1][CONSENSUS]addRawPrepare,height=20,reqIdx=3,hash=0ed631f7...,time=0
info|2022-11-10 15:01:17.561735|[g:1][CONSENSUS][PBFT]checkTimeout Succ,view=54124,toView=54125,nodeIdx=1,changeCycle=1,myNode=74ec5d39...,timecost=0
info|2022-11-10 15:01:17.562472|[g:1][CONSENSUS][PBFT]checkAndChangeView: Reach consensus,org_view=54124,cur_changeCycle=1,curView=54124,view=54125
info|2022-11-10 15:01:18.563895|[g:1][CONSENSUS]addRawPrepare,height=20,reqIdx=0,hash=eecc72bf...,time=0
info|2022-11-10 15:01:18.564183|[g:1][CONSENSUS][PBFT]checkTimeout Succ,view=54125,toView=54126,nodeIdx=1,changeCycle=1,myNode=74ec5d39...,timecost=1
info|2022-11-10 15:01:18.564804|[g:1][CONSENSUS][PBFT]checkAndChangeView: Reach consensus,org_view=54125,cur_changeCycle=1,curView=54125,view=54126
info|2022-11-10 15:01:19.565249|[g:1][CONSENSUS][SEALER]++++++++++++++++ Generating seal on,blkNum=20,tx=0,nodeIdx=1,hash=23f73298...
info|2022-11-10 15:01:19.567338|[g:1][CONSENSUS][PBFT]checkTimeout Succ,view=54126,toView=54127,nodeIdx=1,changeCycle=1,myNode=74ec5d39...,timecost=0
info|2022-11-10 15:01:19.567668|[g:1][CONSENSUS][PBFT]checkAndChangeView: Reach consensus,org_view=54126,cur_changeCycle=1,curView=54126,view=54127
info|2022-11-10 15:01:20.569275|[g:1][CONSENSUS]addRawPrepare,height=20,reqIdx=2,hash=1fa78685...,time=0
info|2022-11-10 15:01:20.569746|[g:1][CONSENSUS][PBFT]checkTimeout Succ,view=54127,toView=54128,nodeIdx=1,changeCycle=1,myNode=74ec5d39...,timecost=0
info|2022-11-10 15:01:20.570739|[g:1][CONSENSUS][PBFT]checkAndChangeView: Reach consensus,org_view=54127,cur_changeCycle=1,curView=54127,view=54128
info|2022-11-10 15:01:21.575332|[g:1][CONSENSUS]addRawPrepare,height=20,reqIdx=3,hash=f6dd9c9b...,time=0
info|2022-11-10 15:01:21.576332|[g:1][CONSENSUS][PBFT]checkTimeout Succ,view=54128,toView=54129,nodeIdx=1,changeCycle=1,myNode=74ec5d39...,timecost=1
info|2022-11-10 15:01:21.579210|[g:1][CONSENSUS][PBFT]checkAndChangeView: Reach consensus,org_view=54128,cur_changeCycle=1,curView=54128,view=54129
info|2022-11-10 15:01:22.581056|[g:1][CONSENSUS]addRawPrepare,height=20,reqIdx=0,hash=9e641275...,time=0
info|2022-11-10 15:01:22.581718|[g:1][CONSENSUS][PBFT]checkTimeout Succ,view=54129,toView=54130,nodeIdx=1,changeCycle=1,myNode=74ec5d39...,timecost=0
info|2022-11-10 15:01:22.583912|[g:1][CONSENSUS][PBFT]checkAndChangeView: Reach consensus,org_view=54129,cur_changeCycle=1,curView=54129,view=54130
info|2022-11-10 15:01:23.584632|[g:1][CONSENSUS][SEALER]++++++++++++++++ Generating seal on,blkNum=20,tx=0,nodeIdx=1,hash=fb0705f2...
info|2022-11-10 15:01:23.585110|[g:1][CONSENSUS][PBFT]checkTimeout Succ,view=54130,toView=54131,nodeIdx=1,changeCycle=1,myNode=74ec5d39...,timecost=1
info|2022-11-10 15:01:23.586866|[g:1][CONSENSUS][PBFT]checkAndChangeView: Reach consensus,org_view=54130,cur_changeCycle=1,curView=54130,view=54131
info|2022-11-10 15:01:24.589566|[g:1][CONSENSUS]addRawPrepare,height=20,reqIdx=2,hash=079a779f...,time=0
info|2022-11-10 15:01:24.589835|[g:1][CONSENSUS][PBFT]checkTimeout Succ,view=54131,toView=54132,nodeIdx=1,changeCycle=1,myNode=74ec5d39...,timecost=0
info|2022-11-10 15:01:24.590502|[g:1][CONSENSUS][PBFT]checkAndChangeView: Reach consensus,org_view=54131,cur_changeCycle=1,curView=54131,view=54132
info|2022-11-10 15:01:24.728872|[P2P][Service] heartBeat,connected count=3
info|2022-11-10 15:01:25.591874|[g:1][CONSENSUS]addRawPrepare,height=20,reqIdx=3,hash=0f9c5590...,time=0
info|2022-11-10 15:01:25.592149|[g:1][CONSENSUS][PBFT]checkTimeout Succ,view=54132,toView=54133,nodeIdx=1,changeCycle=1,myNode=74ec5d39...,timecost=1
info|2022-11-10 15:01:25.592737|[g:1][CONSENSUS][PBFT]checkAndChangeView: Reach consensus,org_view=54132,cur_changeCycle=1,curView=54132,view=54133
info|2022-11-10 15:01:26.595178|[g:1][CONSENSUS]addRawPrepare,height=20,reqIdx=0,hash=b6ccdf1f...,time=0
info|2022-11-10 15:01:26.595698|[g:1][CONSENSUS][PBFT]checkTimeout Succ,view=54133,toView=54134,nodeIdx=1,changeCycle=1,myNode=74ec5d39...,timecost=0
info|2022-11-10 15:01:26.597019|[g:1][CONSENSUS][PBFT]checkAndChangeView: Reach consensus,org_view=54133,cur_changeCycle=1,curView=54133,view=54134
info|2022-11-10 15:01:27.598488|[g:1][CONSENSUS][SEALER]++++++++++++++++ Generating seal on,blkNum=20,tx=0,nodeIdx=1,hash=62f1777c...
info|2022-11-10 15:01:27.598947|[g:1][CONSENSUS][PBFT]checkTimeout Succ,view=54134,toView=54135,nodeIdx=1,changeCycle=1,myNode=74ec5d39...,timecost=0
info|2022-11-10 15:01:27.600416|[g:1][CONSENSUS][PBFT]checkAndChangeView: Reach consensus,org_view=54134,cur_changeCycle=1,curView=54134,view=54135
info|2022-11-10 15:01:28.601234|[g:1][CONSENSUS]addRawPrepare,height=20,reqIdx=2,hash=2f4e560e...,time=0
info|2022-11-10 15:01:28.601533|[g:1][CONSENSUS][PBFT]checkTimeout Succ,view=54135,toView=54136,nodeIdx=1,changeCycle=1,myNode=74ec5d39...,timecost=0
info|2022-11-10 15:01:28.602290|[g:1][CONSENSUS][PBFT]checkAndChangeView: Reach consensus,org_view=54135,cur_changeCycle=1,curView=54135,view=54136
info|2022-11-10 15:01:29.606304|[g:1][CONSENSUS]addRawPrepare,height=20,reqIdx=3,hash=1f9a78ca...,time=0
info|2022-11-10 15:01:29.607378|[g:1][CONSENSUS][PBFT]checkTimeout Succ,view=54136,toView=54137,nodeIdx=1,changeCycle=1,myNode=74ec5d39...,timecost=1
info|2022-11-10 15:01:29.609659|[g:1][CONSENSUS][PBFT]checkAndChangeView: Reach consensus,org_view=54136,cur_changeCycle=1,curView=54136,view=54137
info|2022-11-10 15:01:30.612854|[g:1][CONSENSUS]addRawPrepare,height=20,reqIdx=0,hash=1a007829...,time=0
info|2022-11-10 15:01:30.613540|[g:1][CONSENSUS][PBFT]checkTimeout Succ,view=54137,toView=54138,nodeIdx=1,changeCycle=1,myNode=74ec5d39...,timecost=1
info|2022-11-10 15:01:30.615846|[g:1][CONSENSUS][PBFT]checkAndChangeView: Reach consensus,org_view=54137,cur_changeCycle=1,curView=54137,view=54138
info|2022-11-10 15:01:31.616123|[g:1][CONSENSUS][SEALER]++++++++++++++++ Generating seal on,blkNum=20,tx=0,nodeIdx=1,hash=ec20e837...
info|2022-11-10 15:01:31.617878|[g:1][CONSENSUS][PBFT]checkTimeout Succ,view=54138,toView=54139,nodeIdx=1,changeCycle=1,myNode=74ec5d39...,timecost=0
info|2022-11-10 15:01:31.622156|[g:1][CONSENSUS][PBFT]checkAndChangeView: Reach consensus,org_view=54138,cur_changeCycle=1,curView=54138,view=54139
info|2022-11-10 15:01:32.622978|[g:1][CONSENSUS]addRawPrepare,height=20,reqIdx=2,hash=77f5f53e...,time=0
info|2022-11-10 15:01:32.623246|[g:1][CONSENSUS][PBFT]checkTimeout Succ,view=54139,toView=54140,nodeIdx=1,changeCycle=1,myNode=74ec5d39...,timecost=0
info|2022-11-10 15:01:32.624317|[g:1][CONSENSUS][PBFT]checkAndChangeView: Reach consensus,org_view=54139,cur_changeCycle=1,curView=54139,view=54140
info|2022-11-10 15:01:33.627879|[g:1][CONSENSUS]addRawPrepare,height=20,reqIdx=3,hash=b8e88f58...,time=0
info|2022-11-10 15:01:33.628901|[g:1][CONSENSUS][PBFT]checkTimeout Succ,view=54140,toView=54141,nodeIdx=1,changeCycle=1,myNode=74ec5d39...,timecost=0
info|2022-11-10 15:01:33.630941|[g:1][CONSENSUS][PBFT]checkAndChangeView: Reach consensus,org_view=54140,cur_changeCycle=1,curView=54140,view=54141
info|2022-11-10 15:01:34.635123|[g:1][CONSENSUS]addRawPrepare,height=20,reqIdx=0,hash=29b1e731...,time=0
info|2022-11-10 15:01:34.636265|[g:1][CONSENSUS][PBFT]checkTimeout Succ,view=54141,toView=54142,nodeIdx=1,changeCycle=1,myNode=74ec5d39...,timecost=1
info|2022-11-10 15:01:34.638392|[g:1][CONSENSUS][PBFT]checkAndChangeView: Reach consensus,org_view=54141,cur_changeCycle=1,curView=54141,view=54142
info|2022-11-10 15:01:34.731124|[P2P][Service] heartBeat,connected count=3
info|2022-11-10 15:01:35.639326|[g:1][CONSENSUS][SEALER]++++++++++++++++ Generating seal on,blkNum=20,tx=0,nodeIdx=1,hash=e7805a50...
info|2022-11-10 15:01:35.644576|[g:1][CONSENSUS][PBFT]checkTimeout Succ,view=54142,toView=54143,nodeIdx=1,changeCycle=1,myNode=74ec5d39...,timecost=1
info|2022-11-10 15:01:35.646246|[g:1][CONSENSUS][PBFT]checkAndChangeView: Reach consensus,org_view=54142,cur_changeCycle=1,curView=54142,view=54143
info|2022-11-10 15:01:36.648432|[g:1][CONSENSUS]addRawPrepare,height=20,reqIdx=2,hash=b113e978...,time=0
info|2022-11-10 15:01:36.649123|[g:1][CONSENSUS][PBFT]checkTimeout Succ,view=54143,toView=54144,nodeIdx=1,changeCycle=1,myNode=74ec5d39...,timecost=1
info|2022-11-10 15:01:36.651421|[g:1][CONSENSUS][PBFT]checkAndChangeView: Reach consensus,org_view=54143,cur_changeCycle=1,curView=54143,view=54144
info|2022-11-10 15:01:37.655377|[g:1][CONSENSUS]addRawPrepare,height=20,reqIdx=3,hash=0b4e3049...,time=0
info|2022-11-10 15:01:37.656357|[g:1][CONSENSUS][PBFT]checkTimeout Succ,view=54144,toView=54145,nodeIdx=1,changeCycle=1,myNode=74ec5d39...,timecost=1
info|2022-11-10 15:01:37.658492|[g:1][CONSENSUS][PBFT]checkAndChangeView: Reach consensus,org_view=54144,cur_changeCycle=1,curView=54144,view=54145
info|2022-11-10 15:01:38.660853|[g:1][CONSENSUS]addRawPrepare,height=20,reqIdx=0,hash=a71ae7a6...,time=0
info|2022-11-10 15:01:38.661560|[g:1][CONSENSUS][PBFT]checkTimeout Succ,view=54145,toView=54146,nodeIdx=1,changeCycle=1,myNode=74ec5d39...,timecost=1
info|2022-11-10 15:01:38.663808|[g:1][CONSENSUS][PBFT]checkAndChangeView: Reach consensus,org_view=54145,cur_changeCycle=1,curView=54145,view=54146
info|2022-11-10 15:01:39.663749|[g:1][CONSENSUS][SEALER]++++++++++++++++ Generating seal on,blkNum=20,tx=0,nodeIdx=1,hash=0abde4ea...
info|2022-11-10 15:01:39.670051|[g:1][CONSENSUS][PBFT]checkTimeout Succ,view=54146,toView=54147,nodeIdx=1,changeCycle=1,myNode=74ec5d39...,timecost=1
info|2022-11-10 15:01:39.670865|[g:1][CONSENSUS][PBFT]checkAndChangeView: Reach consensus,org_view=54146,cur_changeCycle=1,curView=54146,view=54147
info|2022-11-10 15:01:40.674317|[g:1][CONSENSUS]addRawPrepare,height=20,reqIdx=2,hash=0c00febd...,time=0
info|2022-11-10 15:01:40.675352|[g:1][CONSENSUS][PBFT]checkTimeout Succ,view=54147,toView=54148,nodeIdx=1,changeCycle=1,myNode=74ec5d39...,timecost=1
info|2022-11-10 15:01:40.677678|[g:1][CONSENSUS][PBFT]checkAndChangeView: Reach consensus,org_view=54147,cur_changeCycle=1,curView=54147,view=54148
info|2022-11-10 15:01:41.681686|[g:1][CONSENSUS]addRawPrepare,height=20,reqIdx=3,hash=e0beb00f...,time=0
info|2022-11-10 15:01:41.682664|[g:1][CONSENSUS][PBFT]checkTimeout Succ,view=54148,toView=54149,nodeIdx=1,changeCycle=1,myNode=74ec5d39...,timecost=1
info|2022-11-10 15:01:41.684572|[g:1][CONSENSUS][PBFT]checkAndChangeView: Reach consensus,org_view=54148,cur_changeCycle=1,curView=54148,view=54149
info|2022-11-10 15:01:42.685042|[g:1][CONSENSUS]addRawPrepare,height=20,reqIdx=0,hash=eb51d8d3...,time=0
info|2022-11-10 15:01:42.685479|[g:1][CONSENSUS][PBFT]checkTimeout Succ,view=54149,toView=54150,nodeIdx=1,changeCycle=1,myNode=74ec5d39...,timecost=0
info|2022-11-10 15:01:42.686500|[g:1][CONSENSUS][PBFT]checkAndChangeView: Reach consensus,org_view=54149,cur_changeCycle=1,curView=54149,view=54150
info|2022-11-10 15:01:43.687650|[g:1][CONSENSUS][SEALER]++++++++++++++++ Generating seal on,blkNum=20,tx=0,nodeIdx=1,hash=2aaad188...
info|2022-11-10 15:01:43.689433|[g:1][CONSENSUS][PBFT]checkTimeout Succ,view=54150,toView=54151,nodeIdx=1,changeCycle=1,myNode=74ec5d39...,timecost=1
info|2022-11-10 15:01:43.693118|[g:1][CONSENSUS][PBFT]checkAndChangeView: Reach consensus,org_view=54150,cur_changeCycle=1,curView=54150,view=54151
info|2022-11-10 15:01:44.694628|[g:1][CONSENSUS]addRawPrepare,height=20,reqIdx=2,hash=5b73e808...,time=0
info|2022-11-10 15:01:44.694938|[g:1][CONSENSUS][PBFT]checkTimeout Succ,view=54151,toView=54152,nodeIdx=1,changeCycle=1,myNode=74ec5d39...,timecost=0
info|2022-11-10 15:01:44.695847|[g:1][CONSENSUS][PBFT]checkAndChangeView: Reach consensus,org_view=54151,cur_changeCycle=1,curView=54151,view=54152
info|2022-11-10 15:01:44.732016|[P2P][Service] heartBeat,connected count=3
info|2022-11-10 15:01:45.700196|[g:1][CONSENSUS]addRawPrepare,height=20,reqIdx=3,hash=8931da62...,time=0
info|2022-11-10 15:01:45.701313|[g:1][CONSENSUS][PBFT]checkTimeout Succ,view=54152,toView=54153,nodeIdx=1,changeCycle=1,myNode=74ec5d39...,timecost=1
info|2022-11-10 15:01:45.704436|[g:1][CONSENSUS][PBFT]checkAndChangeView: Reach consensus,org_view=54152,cur_changeCycle=1,curView=54152,view=54153
info|2022-11-10 15:01:46.707295|[g:1][CONSENSUS]addRawPrepare,height=20,reqIdx=0,hash=2c36b2d7...,time=0
info|2022-11-10 15:01:46.708065|[g:1][CONSENSUS][PBFT]checkTimeout Succ,view=54153,toView=54154,nodeIdx=1,changeCycle=1,myNode=74ec5d39...,timecost=1
info|2022-11-10 15:01:46.709718|[g:1][CONSENSUS][PBFT]checkAndChangeView: Reach consensus,org_view=54153,cur_changeCycle=1,curView=54153,view=54154
info|2022-11-10 15:01:47.709848|[g:1][CONSENSUS][SEALER]++++++++++++++++ Generating seal on,blkNum=20,tx=0,nodeIdx=1,hash=6d910af9...
info|2022-11-10 15:01:47.714090|[g:1][CONSENSUS][PBFT]checkTimeout Succ,view=54154,toView=54155,nodeIdx=1,changeCycle=1,myNode=74ec5d39...,timecost=1
info|2022-11-10 15:01:47.716048|[g:1][CONSENSUS][PBFT]checkAndChangeView: Reach consensus,org_view=54154,cur_changeCycle=1,curView=54154,view=54155
info|2022-11-10 15:01:48.718429|[g:1][CONSENSUS]addRawPrepare,height=20,reqIdx=2,hash=378a978c...,time=0
info|2022-11-10 15:01:48.719148|[g:1][CONSENSUS][PBFT]checkTimeout Succ,view=54155,toView=54156,nodeIdx=1,changeCycle=1,myNode=74ec5d39...,timecost=1
info|2022-11-10 15:01:48.721427|[g:1][CONSENSUS][PBFT]checkAndChangeView: Reach consensus,org_view=54155,cur_changeCycle=1,curView=54155,view=54156
info|2022-11-10 15:01:49.724664|[g:1][CONSENSUS]addRawPrepare,height=20,reqIdx=3,hash=24886a5c...,time=0
info|2022-11-10 15:01:49.725292|[g:1][CONSENSUS][PBFT]checkTimeout Succ,view=54156,toView=54157,nodeIdx=1,changeCycle=1,myNode=74ec5d39...,timecost=1
info|2022-11-10 15:01:49.727561|[g:1][CONSENSUS][PBFT]checkAndChangeView: Reach consensus,org_view=54156,cur_changeCycle=1,curView=54156,view=54157
info|2022-11-10 15:01:50.730708|[g:1][CONSENSUS]addRawPrepare,height=20,reqIdx=0,hash=d6fab21c...,time=0
info|2022-11-10 15:01:50.731726|[g:1][CONSENSUS][PBFT]checkTimeout Succ,view=54157,toView=54158,nodeIdx=1,changeCycle=1,myNode=74ec5d39...,timecost=1
info|2022-11-10 15:01:50.734083|[g:1][CONSENSUS][PBFT]checkAndChangeView: Reach consensus,org_view=54157,cur_changeCycle=1,curView=54157,view=54158
info|2022-11-10 15:01:51.735173|[g:1][CONSENSUS][SEALER]++++++++++++++++ Generating seal on,blkNum=20,tx=0,nodeIdx=1,hash=e4bb154a...
info|2022-11-10 15:01:51.738958|[g:1][CONSENSUS][PBFT]checkTimeout Succ,view=54158,toView=54159,nodeIdx=1,changeCycle=1,myNode=74ec5d39...,timecost=0
info|2022-11-10 15:01:51.740572|[g:1][CONSENSUS][PBFT]checkAndChangeView: Reach consensus,org_view=54158,cur_changeCycle=1,curView=54158,view=54159
info|2022-11-10 15:01:52.741213|[g:1][CONSENSUS]addRawPrepare,height=20,reqIdx=2,hash=7eb1f3d6...,time=0
info|2022-11-10 15:01:52.741746|[g:1][CONSENSUS][PBFT]checkTimeout Succ,view=54159,toView=54160,nodeIdx=1,changeCycle=1,myNode=74ec5d39...,timecost=0
info|2022-11-10 15:01:52.743212|[g:1][CONSENSUS][PBFT]checkAndChangeView: Reach consensus,org_view=54159,cur_changeCycle=1,curView=54159,view=54160
info|2022-11-10 15:01:53.747367|[g:1][CONSENSUS]addRawPrepare,height=20,reqIdx=3,hash=4b7ee3fb...,time=0
info|2022-11-10 15:01:53.748374|[g:1][CONSENSUS][PBFT]checkTimeout Succ,view=54160,toView=54161,nodeIdx=1,changeCycle=1,myNode=74ec5d39...,timecost=1
info|2022-11-10 15:01:53.751277|[g:1][CONSENSUS][PBFT]checkAndChangeView: Reach consensus,org_view=54160,cur_changeCycle=1,curView=54160,view=54161
info|2022-11-10 15:01:54.732756|[P2P][Service] heartBeat,connected count=3
info|2022-11-10 15:01:54.754903|[g:1][CONSENSUS]addRawPrepare,height=20,reqIdx=0,hash=ddebf0b3...,time=0
info|2022-11-10 15:01:54.755955|[g:1][CONSENSUS][PBFT]checkTimeout Succ,view=54161,toView=54162,nodeIdx=1,changeCycle=1,myNode=74ec5d39...,timecost=0
info|2022-11-10 15:01:54.758275|[g:1][CONSENSUS][PBFT]checkAndChangeView: Reach consensus,org_view=54161,cur_changeCycle=1,curView=54161,view=54162
info|2022-11-10 15:01:55.759562|[g:1][CONSENSUS][SEALER]++++++++++++++++ Generating seal on,blkNum=20,tx=0,nodeIdx=1,hash=b52a6775...
info|2022-11-10 15:01:55.761479|[g:1][CONSENSUS][PBFT]checkTimeout Succ,view=54162,toView=54163,nodeIdx=1,changeCycle=1,myNode=74ec5d39...,timecost=1
info|2022-11-10 15:01:55.766554|[g:1][CONSENSUS][PBFT]checkAndChangeView: Reach consensus,org_view=54162,cur_changeCycle=1,curView=54162,view=54163
info|2022-11-10 15:01:56.771156|[g:1][CONSENSUS]addRawPrepare,height=20,reqIdx=2,hash=850cb353...,time=0
info|2022-11-10 15:01:56.771541|[g:1][CONSENSUS][PBFT]checkTimeout Succ,view=54163,toView=54164,nodeIdx=1,changeCycle=1,myNode=74ec5d39...,timecost=0
info|2022-11-10 15:01:56.772663|[g:1][CONSENSUS][PBFT]checkAndChangeView: Reach consensus,org_view=54163,cur_changeCycle=1,curView=54163,view=54164
info|2022-11-10 15:01:57.774044|[g:1][CONSENSUS]addRawPrepare,height=20,reqIdx=3,hash=21bbb7e6...,time=0
info|2022-11-10 15:01:57.774337|[g:1][CONSENSUS][PBFT]checkTimeout Succ,view=54164,toView=54165,nodeIdx=1,changeCycle=1,myNode=74ec5d39...,timecost=0
info|2022-11-10 15:01:57.775180|[g:1][CONSENSUS][PBFT]checkAndChangeView: Reach consensus,org_view=54164,cur_changeCycle=1,curView=54164,view=54165
info|2022-11-10 15:01:58.778221|[g:1][CONSENSUS]addRawPrepare,height=20,reqIdx=0,hash=898a4170...,time=0
info|2022-11-10 15:01:58.778806|[g:1][CONSENSUS][PBFT]checkTimeout Succ,view=54165,toView=54166,nodeIdx=1,changeCycle=1,myNode=74ec5d39...,timecost=0
info|2022-11-10 15:01:58.781072|[g:1][CONSENSUS][PBFT]checkAndChangeView: Reach consensus,org_view=54165,cur_changeCycle=1,curView=54165,view=54166
info|2022-11-10 15:01:59.782542|[g:1][CONSENSUS][SEALER]++++++++++++++++ Generating seal on,blkNum=20,tx=0,nodeIdx=1,hash=09486c7a...
info|2022-11-10 15:01:59.783983|[g:1][CONSENSUS][PBFT]checkTimeout Succ,view=54166,toView=54167,nodeIdx=1,changeCycle=1,myNode=74ec5d39...,timecost=1
info|2022-11-10 15:01:59.787614|[g:1][CONSENSUS][PBFT]checkAndChangeView: Reach consensus,org_view=54166,cur_changeCycle=1,curView=54166,view=54167
info|2022-11-10 15:02:00.791188|[g:1][CONSENSUS]addRawPrepare,height=20,reqIdx=2,hash=a9dd9b61...,time=0
info|2022-11-10 15:02:00.792468|[g:1][CONSENSUS][PBFT]checkTimeout Succ,view=54167,toView=54168,nodeIdx=1,changeCycle=1,myNode=74ec5d39...,timecost=1
info|2022-11-10 15:02:00.795207|[g:1][CONSENSUS][PBFT]checkAndChangeView: Reach consensus,org_view=54167,cur_changeCycle=1,curView=54167,view=54168
info|2022-11-10 15:02:01.798110|[g:1][CONSENSUS]addRawPrepare,height=20,reqIdx=3,hash=f73678e8...,time=0
info|2022-11-10 15:02:01.798851|[g:1][CONSENSUS][PBFT]checkTimeout Succ,view=54168,toView=54169,nodeIdx=1,changeCycle=1,myNode=74ec5d39...,timecost=0
info|2022-11-10 15:02:01.800780|[g:1][CONSENSUS][PBFT]checkAndChangeView: Reach consensus,org_view=54168,cur_changeCycle=1,curView=54168,view=54169
info|2022-11-10 15:02:02.804824|[g:1][CONSENSUS]addRawPrepare,height=20,reqIdx=0,hash=9628424b...,time=0
info|2022-11-10 15:02:02.805719|[g:1][CONSENSUS][PBFT]checkTimeout Succ,view=54169,toView=54170,nodeIdx=1,changeCycle=1,myNode=74ec5d39...,timecost=1
info|2022-11-10 15:02:02.807326|[g:1][CONSENSUS][PBFT]checkAndChangeView: Reach consensus,org_view=54169,cur_changeCycle=1,curView=54169,view=54170
info|2022-11-10 15:02:03.808894|[g:1][CONSENSUS][SEALER]++++++++++++++++ Generating seal on,blkNum=20,tx=0,nodeIdx=1,hash=8fde5a8d...
info|2022-11-10 15:02:03.810333|[g:1][CONSENSUS][PBFT]checkTimeout Succ,view=54170,toView=54171,nodeIdx=1,changeCycle=1,myNode=74ec5d39...,timecost=1
info|2022-11-10 15:02:03.813969|[g:1][CONSENSUS][PBFT]checkAndChangeView: Reach consensus,org_view=54170,cur_changeCycle=1,curView=54170,view=54171
info|2022-11-10 15:02:04.734988|[P2P][Service] heartBeat,connected count=3
info|2022-11-10 15:02:04.817040|[g:1][CONSENSUS]addRawPrepare,height=20,reqIdx=2,hash=85b3e679...,time=0
info|2022-11-10 15:02:04.817981|[g:1][CONSENSUS][PBFT]checkTimeout Succ,view=54171,toView=54172,nodeIdx=1,changeCycle=1,myNode=74ec5d39...,timecost=1
info|2022-11-10 15:02:04.820324|[g:1][CONSENSUS][PBFT]checkAndChangeView: Reach consensus,org_view=54171,cur_changeCycle=1,curView=54171,view=54172
info|2022-11-10 15:02:05.823380|[g:1][CONSENSUS]addRawPrepare,height=20,reqIdx=3,hash=8bc6bdc1...,time=0
info|2022-11-10 15:02:05.824106|[g:1][CONSENSUS][PBFT]checkTimeout Succ,view=54172,toView=54173,nodeIdx=1,changeCycle=1,myNode=74ec5d39...,timecost=1
info|2022-11-10 15:02:05.825773|[g:1][CONSENSUS][PBFT]checkAndChangeView: Reach consensus,org_view=54172,cur_changeCycle=1,curView=54172,view=54173
info|2022-11-10 15:02:06.827648|[g:1][CONSENSUS]addRawPrepare,height=20,reqIdx=0,hash=5c9584ec...,time=0
info|2022-11-10 15:02:06.828358|[g:1][CONSENSUS][PBFT]checkTimeout Succ,view=54173,toView=54174,nodeIdx=1,changeCycle=1,myNode=74ec5d39...,timecost=1
info|2022-11-10 15:02:06.829921|[g:1][CONSENSUS][PBFT]checkAndChangeView: Reach consensus,org_view=54173,cur_changeCycle=1,curView=54173,view=54174
info|2022-11-10 15:02:07.829808|[g:1][CONSENSUS][SEALER]++++++++++++++++ Generating seal on,blkNum=20,tx=0,nodeIdx=1,hash=b964f7a6...
info|2022-11-10 15:02:07.835294|[g:1][CONSENSUS][PBFT]checkTimeout Succ,view=54174,toView=54175,nodeIdx=1,changeCycle=1,myNode=74ec5d39...,timecost=1
info|2022-11-10 15:02:07.836213|[g:1][CONSENSUS][PBFT]checkAndChangeView: Reach consensus,org_view=54174,cur_changeCycle=1,curView=54174,view=54175
info|2022-11-10 15:02:08.839677|[g:1][CONSENSUS]addRawPrepare,height=20,reqIdx=2,hash=ad28b382...,time=0
info|2022-11-10 15:02:08.840603|[g:1][CONSENSUS][PBFT]checkTimeout Succ,view=54175,toView=54176,nodeIdx=1,changeCycle=1,myNode=74ec5d39...,timecost=1
info|2022-11-10 15:02:08.842827|[g:1][CONSENSUS][PBFT]checkAndChangeView: Reach consensus,org_view=54175,cur_changeCycle=1,curView=54175,view=54176
info|2022-11-10 15:02:09.845692|[g:1][CONSENSUS]addRawPrepare,height=20,reqIdx=3,hash=f96c5786...,time=0
info|2022-11-10 15:02:09.846539|[g:1][CONSENSUS][PBFT]checkTimeout Succ,view=54176,toView=54177,nodeIdx=1,changeCycle=1,myNode=74ec5d39...,timecost=1
info|2022-11-10 15:02:09.848604|[g:1][CONSENSUS][PBFT]checkAndChangeView: Reach consensus,org_view=54176,cur_changeCycle=1,curView=54176,view=54177
info|2022-11-10 15:02:10.852394|[g:1][CONSENSUS]addRawPrepare,height=20,reqIdx=0,hash=ae4b8697...,time=0
info|2022-11-10 15:02:10.853255|[g:1][CONSENSUS][PBFT]checkTimeout Succ,view=54177,toView=54178,nodeIdx=1,changeCycle=1,myNode=74ec5d39...,timecost=1
info|2022-11-10 15:02:10.856284|[g:1][CONSENSUS][PBFT]checkAndChangeView: Reach consensus,org_view=54177,cur_changeCycle=1,curView=54177,view=54178
info|2022-11-10 15:02:11.856685|[g:1][CONSENSUS][SEALER]++++++++++++++++ Generating seal on,blkNum=20,tx=0,nodeIdx=1,hash=4129496e...
info|2022-11-10 15:02:11.862940|[g:1][CONSENSUS][PBFT]checkTimeout Succ,view=54178,toView=54179,nodeIdx=1,changeCycle=1,myNode=74ec5d39...,timecost=1
info|2022-11-10 15:02:11.863969|[g:1][CONSENSUS][PBFT]checkAndChangeView: Reach consensus,org_view=54178,cur_changeCycle=1,curView=54178,view=54179
info|2022-11-10 15:02:12.866454|[g:1][CONSENSUS]addRawPrepare,height=20,reqIdx=2,hash=d613c6ec...,time=0
info|2022-11-10 15:02:12.867364|[g:1][CONSENSUS][PBFT]checkTimeout Succ,view=54179,toView=54180,nodeIdx=1,changeCycle=1,myNode=74ec5d39...,timecost=1
info|2022-11-10 15:02:12.871746|[g:1][CONSENSUS][PBFT]checkAndChangeView: Reach consensus,org_view=54179,cur_changeCycle=1,curView=54179,view=54180
warning|2022-11-10 15:03:00.480063|[g:1][CONSENSUS][PBFT]ViewChangeWarning: not caused by omit empty block ,v=54180,toV=54181,curNum=19,hash=bcafa72f...,nodeIdx=1,myNode=74ec5d39...
info|2022-11-10 15:03:00.480233|[g:1][CONSENSUS][PBFT]checkTimeout Succ,view=54180,toView=54181,nodeIdx=1,changeCycle=2,myNode=74ec5d39...,timecost=1
info|2022-11-10 15:03:00.482912|[P2P][Service] heartBeat,connected count=3
info|2022-11-10 15:03:00.489391|[g:1][CONSENSUS][PBFT]checkAndChangeView: Reach consensus,org_view=54180,cur_changeCycle=2,curView=54180,view=54181
info|2022-11-10 15:03:01.496939|[g:1][CONSENSUS]addRawPrepare,height=20,reqIdx=0,hash=d96b98dd...,time=0
info|2022-11-10 15:03:01.497282|[g:1][CONSENSUS][PBFT]checkTimeout Succ,view=54181,toView=54182,nodeIdx=1,changeCycle=1,myNode=74ec5d39...,timecost=1
info|2022-11-10 15:03:01.498482|[g:1][CONSENSUS][PBFT]checkAndChangeView: Reach consensus,org_view=54181,cur_changeCycle=1,curView=54181,view=54182
info|2022-11-10 15:03:02.499588|[g:1][CONSENSUS][SEALER]++++++++++++++++ Generating seal on,blkNum=20,tx=0,nodeIdx=1,hash=77faa79c...
info|2022-11-10 15:03:02.500736|[g:1][CONSENSUS][PBFT]checkTimeout Succ,view=54182,toView=54183,nodeIdx=1,changeCycle=1,myNode=74ec5d39...,timecost=0
info|2022-11-10 15:03:02.503971|[g:1][CONSENSUS][PBFT]checkAndChangeView: Reach consensus,org_view=54182,cur_changeCycle=1,curView=54182,view=54183
info|2022-11-10 15:03:03.505442|[g:1][CONSENSUS]addRawPrepare,height=20,reqIdx=2,hash=f07f4dfe...,time=0
info|2022-11-10 15:03:03.506235|[g:1][CONSENSUS][PBFT]checkTimeout Succ,view=54183,toView=54184,nodeIdx=1,changeCycle=1,myNode=74ec5d39...,timecost=1
info|2022-11-10 15:03:03.507410|[g:1][CONSENSUS][PBFT]checkAndChangeView: Reach consensus,org_view=54183,cur_changeCycle=1,curView=54183,view=54184
info|2022-11-10 15:03:04.509332|[g:1][CONSENSUS]addRawPrepare,height=20,reqIdx=3,hash=4d607dfe...,time=0
info|2022-11-10 15:03:04.509893|[g:1][CONSENSUS][PBFT]checkTimeout Succ,view=54184,toView=54185,nodeIdx=1,changeCycle=1,myNode=74ec5d39...,timecost=0
info|2022-11-10 15:03:04.511273|[g:1][CONSENSUS][PBFT]checkAndChangeView: Reach consensus,org_view=54184,cur_changeCycle=1,curView=54184,view=54185
info|2022-11-10 15:03:05.513950|[g:1][CONSENSUS]addRawPrepare,height=20,reqIdx=0,hash=a83422ab...,time=0
info|2022-11-10 15:03:05.514826|[g:1][CONSENSUS][PBFT]checkTimeout Succ,view=54185,toView=54186,nodeIdx=1,changeCycle=1,myNode=74ec5d39...,timecost=0
info|2022-11-10 15:03:05.516806|[g:1][CONSENSUS][PBFT]checkAndChangeView: Reach consensus,org_view=54185,cur_changeCycle=1,curView=54185,view=54186
info|2022-11-10 15:03:06.517214|[g:1][CONSENSUS][SEALER]++++++++++++++++ Generating seal on,blkNum=20,tx=0,nodeIdx=1,hash=a1f602a8...
info|2022-11-10 15:03:06.519228|[g:1][CONSENSUS][PBFT]checkTimeout Succ,view=54186,toView=54187,nodeIdx=1,changeCycle=1,myNode=74ec5d39...,timecost=1
info|2022-11-10 15:03:06.524419|[g:1][CONSENSUS][PBFT]checkAndChangeView: Reach consensus,org_view=54186,cur_changeCycle=1,curView=54186,view=54187
info|2022-11-10 15:03:07.527316|[g:1][CONSENSUS]addRawPrepare,height=20,reqIdx=2,hash=4a55a42b...,time=0
info|2022-11-10 15:03:07.528363|[g:1][CONSENSUS][PBFT]checkTimeout Succ,view=54187,toView=54188,nodeIdx=1,changeCycle=1,myNode=74ec5d39...,timecost=1
info|2022-11-10 15:03:07.529928|[g:1][CONSENSUS][PBFT]checkAndChangeView: Reach consensus,org_view=54187,cur_changeCycle=1,curView=54187,view=54188
info|2022-11-10 15:03:08.531184|[g:1][CONSENSUS]addRawPrepare,height=20,reqIdx=3,hash=f7e80639...,time=0
info|2022-11-10 15:03:08.531494|[g:1][CONSENSUS][PBFT]checkTimeout Succ,view=54188,toView=54189,nodeIdx=1,changeCycle=1,myNode=74ec5d39...,timecost=0
info|2022-11-10 15:03:08.533219|[g:1][CONSENSUS][PBFT]checkAndChangeView: Reach consensus,org_view=54188,cur_changeCycle=1,curView=54188,view=54189
info|2022-11-10 15:03:09.536375|[g:1][CONSENSUS]addRawPrepare,height=20,reqIdx=0,hash=0719da13...,time=0
info|2022-11-10 15:03:09.537193|[g:1][CONSENSUS][PBFT]checkTimeout Succ,view=54189,toView=54190,nodeIdx=1,changeCycle=1,myNode=74ec5d39...,timecost=1
info|2022-11-10 15:03:09.539455|[g:1][CONSENSUS][PBFT]checkAndChangeView: Reach consensus,org_view=54189,cur_changeCycle=1,curView=54189,view=54190
info|2022-11-10 15:03:10.483997|[P2P][Service] heartBeat,connected count=3
info|2022-11-10 15:03:10.540172|[g:1][CONSENSUS][SEALER]++++++++++++++++ Generating seal on,blkNum=20,tx=0,nodeIdx=1,hash=56fbd2d9...
info|2022-11-10 15:03:10.544151|[g:1][CONSENSUS][PBFT]checkTimeout Succ,view=54190,toView=54191,nodeIdx=1,changeCycle=1,myNode=74ec5d39...,timecost=1
info|2022-11-10 15:03:10.545744|[g:1][CONSENSUS][PBFT]checkAndChangeView: Reach consensus,org_view=54190,cur_changeCycle=1,curView=54190,view=54191
info|2022-11-10 15:03:11.559972|[g:1][CONSENSUS]addRawPrepare,height=20,reqIdx=2,hash=566b26d5...,time=1
info|2022-11-10 15:03:11.567286|[g:1][CONSENSUS][PBFT]checkTimeout Succ,view=54191,toView=54192,nodeIdx=1,changeCycle=1,myNode=74ec5d39...,timecost=6
info|2022-11-10 15:03:11.585648|[g:1][CONSENSUS][PBFT]checkAndChangeView: Reach consensus,org_view=54191,cur_changeCycle=1,curView=54191,view=54192
info|2022-11-10 15:03:12.607710|[g:1][CONSENSUS]addRawPrepare,height=20,reqIdx=3,hash=2aa057d9...,time=0
info|2022-11-10 15:03:12.616955|[g:1][CONSENSUS][PBFT]checkTimeout Succ,view=54192,toView=54193,nodeIdx=1,changeCycle=1,myNode=74ec5d39...,timecost=9
info|2022-11-10 15:03:12.649851|[g:1][CONSENSUS][PBFT]checkAndChangeView: Reach consensus,org_view=54192,cur_changeCycle=1,curView=54192,view=54193
info|2022-11-10 15:03:13.656422|[g:1][CONSENSUS]addRawPrepare,height=20,reqIdx=0,hash=04c48655...,time=0
info|2022-11-10 15:03:13.661543|[g:1][CONSENSUS][PBFT]checkTimeout Succ,view=54193,toView=54194,nodeIdx=1,changeCycle=1,myNode=74ec5d39...,timecost=8
info|2022-11-10 15:03:13.680397|[g:1][CONSENSUS][PBFT]checkAndChangeView: Reach consensus,org_view=54193,cur_changeCycle=1,curView=54193,view=54194
info|2022-11-10 15:03:14.680784|[g:1][CONSENSUS][SEALER]++++++++++++++++ Generating seal on,blkNum=20,tx=0,nodeIdx=1,hash=7f60b56a...
info|2022-11-10 15:03:14.703736|[g:1][CONSENSUS][PBFT]checkTimeout Succ,view=54194,toView=54195,nodeIdx=1,changeCycle=1,myNode=74ec5d39...,timecost=4
info|2022-11-10 15:03:14.722981|[g:1][CONSENSUS][PBFT]checkAndChangeView: Reach consensus,org_view=54194,cur_changeCycle=1,curView=54194,view=54195
info|2022-11-10 15:03:15.761126|[g:1][CONSENSUS]addRawPrepare,height=20,reqIdx=2,hash=c4ed80d2...,time=0
info|2022-11-10 15:03:15.766304|[g:1][CONSENSUS][PBFT]checkTimeout Succ,view=54195,toView=54196,nodeIdx=1,changeCycle=1,myNode=74ec5d39...,timecost=5
info|2022-11-10 15:03:15.786611|[g:1][CONSENSUS][PBFT]checkAndChangeView: Reach consensus,org_view=54195,cur_changeCycle=1,curView=54195,view=54196
info|2022-11-10 15:03:16.817328|[g:1][CONSENSUS]addRawPrepare,height=20,reqIdx=3,hash=bc98993c...,time=0
info|2022-11-10 15:03:16.825203|[g:1][CONSENSUS][PBFT]checkTimeout Succ,view=54196,toView=54197,nodeIdx=1,changeCycle=1,myNode=74ec5d39...,timecost=7
info|2022-11-10 15:03:16.852481|[g:1][CONSENSUS][PBFT]checkAndChangeView: Reach consensus,org_view=54196,cur_changeCycle=1,curView=54196,view=54197
