warning|2023-04-10 03:22:14.647615|[g:1][CONSENSUS][PBFT]ViewChangeWarning: not caused by omit empty block ,v=337882,toV=337883,curNum=195,hash=cd02d80b...,nodeIdx=1,myNode=74ec5d39...
info|2023-04-10 03:22:14.647769|[g:1][CONSENSUS][PBFT]checkTimeout Succ,view=337882,toView=337883,nodeIdx=1,changeCycle=2,myNode=74ec5d39...,timecost=0
info|2023-04-10 03:22:14.651708|[P2P][Service] heartBeat,connected count=3
error|2023-04-10 03:22:14.651726|[NETWORK][Session]Idle connection, disconnect ,endpoint=127.0.0.1:53691
info|2023-04-10 03:22:14.651735|[NETWORK][Session]drop, call and erase all callbackFunc in this session!,endpoint=127.0.0.1:53691
warning|2023-04-10 03:22:14.651750|[NETWORK][Session][drop] closing remote 0.0.0.0:0,reason=(Idle connection for no network io happens during 5s time intervals.),endpoint=127.0.0.1:53691
error|2023-04-10 03:22:14.651795|[NETWORK][Session]Idle connection, disconnect ,endpoint=127.0.0.1:53698
info|2023-04-10 03:22:14.651803|[NETWORK][Session]drop, call and erase all callbackFunc in this session!,endpoint=127.0.0.1:53698
warning|2023-04-10 03:22:14.651815|[NETWORK][Session][drop] closing remote 0.0.0.0:0,reason=(Idle connection for no network io happens during 5s time intervals.),endpoint=127.0.0.1:53698
error|2023-04-10 03:22:14.651843|[NETWORK][Session]Idle connection, disconnect ,endpoint=127.0.0.1:53701
info|2023-04-10 03:22:14.651849|[NETWORK][Session]drop, call and erase all callbackFunc in this session!,endpoint=127.0.0.1:53701
warning|2023-04-10 03:22:14.651858|[NETWORK][Session][drop] closing remote 127.0.0.1:53701,reason=(Idle connection for no network io happens during 5s time intervals.),endpoint=127.0.0.1:53701
error|2023-04-10 03:22:14.651906|[NETWORK][Session]Session inactived
error|2023-04-10 03:22:14.651946|[NETWORK][Session]Session inactived
error|2023-04-10 03:22:14.651955|[NETWORK][Session]Session inactived
warning|2023-04-10 03:22:14.651979|[NETWORK][Session]doRead error,endpoint=127.0.0.1:53698,message=Connection reset by peer
warning|2023-04-10 03:22:14.651993|[NETWORK][Session]doRead error,endpoint=127.0.0.1:53691,message=Connection reset by peer
error|2023-04-10 03:22:14.652047|[NETWORK][Session]Session inactived
error|2023-04-10 03:22:14.652058|[NETWORK][Session]Session inactived
warning|2023-04-10 03:22:14.652065|[NETWORK][Session]doRead error,endpoint=127.0.0.1:53701,message=Operation canceled
warning|2023-04-10 03:22:14.655795|[P2P][Service] disconnect error P2PSession,nodeID=54e27343...,endpoint=127.0.0.1:53691,errorCode=3,what=Disconnect
warning|2023-04-10 03:22:14.655838|[P2P][Service] disconnect error P2PSession,nodeID=8170ed0b...,endpoint=127.0.0.1:53698,errorCode=3,what=Disconnect
warning|2023-04-10 03:22:14.655849|[P2P][Service] onDisconnect,errorCode=3,what=Dynamic exception type: dev::network::NetworkException
std::exception::what: Disconnect

warning|2023-04-10 03:22:14.655883|[P2P][Service] disconnect error P2PSession,nodeID=c30b6e4f...,endpoint=127.0.0.1:53701,errorCode=3,what=Disconnect
warning|2023-04-10 03:22:14.655896|[P2P][Service] onDisconnect,errorCode=3,what=Dynamic exception type: dev::network::NetworkException
std::exception::what: Disconnect

warning|2023-04-10 03:22:14.658639|[P2P][Service] onDisconnect,errorCode=3,what=Dynamic exception type: dev::network::NetworkException
std::exception::what: Disconnect

warning|2023-04-10 03:22:14.658779|[NETWORK][Session][drop] shutdown failed ,errorValue=9,message=Bad file descriptor
warning|2023-04-10 03:22:14.658795|[NETWORK][Session][drop] shutdown failed ,errorValue=9,message=Bad file descriptor
warning|2023-04-10 03:22:14.658802|[NETWORK][Session][drop] shutdown failed ,errorValue=9,message=Bad file descriptor
warning|2023-04-10 03:22:21.551136|[g:1][CONSENSUS][PBFT]ViewChangeWarning: not caused by omit empty block ,v=337882,toV=337884,curNum=195,hash=cd02d80b...,nodeIdx=1,myNode=74ec5d39...
warning|2023-04-10 03:22:21.551163|[g:1][CONSENSUS][PBFT]Find disconnectedNode,disconnectedNodeSize=3,sessionSize=0,minValidNodes=3,connectedNodeList=,disconnectedNode=54e27343..., 8170ed0b..., c30b6e4f..., ,idx=1
info|2023-04-10 03:22:21.551190|[g:1][CONSENSUS][PBFT]checkTimeout Succ,view=337882,toView=337884,nodeIdx=1,changeCycle=3,myNode=74ec5d39...,timecost=1
info|2023-04-10 03:22:24.697602|[NETWORK][Host]Connecting to node,endpoint=127.0.0.1:30301
info|2023-04-10 03:22:24.698010|[NETWORK][Host]Connecting to node,endpoint=127.0.0.1:30302
info|2023-04-10 03:22:24.698069|[NETWORK][Host]Connecting to node,endpoint=127.0.0.1:30303
info|2023-04-10 03:22:24.699087|[P2P][Service] heartBeat,connected count=0
info|2023-04-10 03:22:24.699231|[NETWORK][ASIO]asyncResolveConnect,endpoint=127.0.0.1:30301
info|2023-04-10 03:22:24.699416|[NETWORK][ASIO]asyncResolveConnect,endpoint=127.0.0.1:30302
info|2023-04-10 03:22:24.699619|[NETWORK][ASIO]asyncResolveConnect,endpoint=127.0.0.1:30303
info|2023-04-10 03:22:24.699909|[NETWORK][Host]P2P Recv Connect, From=127.0.0.1:53819
info|2023-04-10 03:22:24.701824|[NETWORK][Host]P2P StartAccept,Host=0.0.0.0:30300
info|2023-04-10 03:22:24.702767|[NETWORK][Host]P2P Recv Connect, From=127.0.0.1:53825
info|2023-04-10 03:22:24.702858|[NETWORK][Host]P2P StartAccept,Host=0.0.0.0:30300
info|2023-04-10 03:22:24.704819|[NETWORK][Host]P2P Recv Connect, From=127.0.0.1:53828
info|2023-04-10 03:22:24.707222|[NETWORK][Host]P2P StartAccept,Host=0.0.0.0:30300
error|2023-04-10 03:22:24.709517|[NETWORK][Host]Get ca basic failed
error|2023-04-10 03:22:24.713741|[NETWORK][Host]Get ca basic failed
error|2023-04-10 03:22:24.720717|[NETWORK][Host]Get ca basic failed
info|2023-04-10 03:22:24.723726|[NETWORK][Host]handshakeServer succ,remote endpoint=127.0.0.1:53819
info|2023-04-10 03:22:24.723767|[NETWORK][Host]startPeerSession, Remote=127.0.0.1:53819,local endpoint=127.0.0.1:30300,nodeID=8170ed0b...
info|2023-04-10 03:22:24.723867|[NETWORK][Host]handshakeClient succ,local endpoint=127.0.0.1:53821
info|2023-04-10 03:22:24.723884|[NETWORK][Host]startPeerSession, Remote=127.0.0.1:30302,local endpoint=127.0.0.1:53821,nodeID=54e27343...
error|2023-04-10 03:22:24.724101|[NETWORK][Host]Get ca basic failed
info|2023-04-10 03:22:24.725390|[P2P][Service] Connection established,nodeID=8170ed0b...,endpoint=127.0.0.1:53819
info|2023-04-10 03:22:24.725543|[P2P][Service] Connection established,nodeID=54e27343...,endpoint=127.0.0.1:30302
error|2023-04-10 03:22:24.728557|[NETWORK][Host]Get ca basic failed
info|2023-04-10 03:22:24.731777|[NETWORK][Host]handshakeServer succ,remote endpoint=127.0.0.1:53825
info|2023-04-10 03:22:24.731805|[NETWORK][Host]startPeerSession, Remote=127.0.0.1:53825,local endpoint=127.0.0.1:30300,nodeID=54e27343...
info|2023-04-10 03:22:24.731875|[NETWORK][Host]handshakeClient succ,local endpoint=127.0.0.1:53820
info|2023-04-10 03:22:24.731908|[NETWORK][Host]startPeerSession, Remote=127.0.0.1:30301,local endpoint=127.0.0.1:53820,nodeID=c30b6e4f...
info|2023-04-10 03:22:24.732101|[P2P][Service] Connection established,nodeID=c30b6e4f...,endpoint=127.0.0.1:30301
info|2023-04-10 03:22:24.734356|[NETWORK][Host]handshakeClient succ,local endpoint=127.0.0.1:53823
info|2023-04-10 03:22:24.734394|[NETWORK][Host]startPeerSession, Remote=127.0.0.1:30303,local endpoint=127.0.0.1:53823,nodeID=8170ed0b...
error|2023-04-10 03:22:24.734992|[NETWORK][Host]Get ca basic failed
info|2023-04-10 03:22:24.738562|[NETWORK][Host]handshakeServer succ,remote endpoint=127.0.0.1:53828
info|2023-04-10 03:22:24.738652|[NETWORK][Host]startPeerSession, Remote=127.0.0.1:53828,local endpoint=127.0.0.1:30300,nodeID=c30b6e4f...
info|2023-04-10 03:22:24.739239|[NETWORK][Session]Received topic: [125] from c30b6e4f7217137914bd3298cfd2e166b062fd2f06dff8645f399620a540a0d69bab3db9018c71c03ba2953013245a97bc79e3ce3a4b16e728a4b488eaa56291
warning|2023-04-10 03:22:31.575496|[g:1][CONSENSUS][PBFT]ViewChangeWarning: not caused by omit empty block ,v=337882,toV=337885,curNum=195,hash=cd02d80b...,nodeIdx=1,myNode=74ec5d39...
info|2023-04-10 03:22:31.576655|[g:1][CONSENSUS][PBFT]checkTimeout Succ,view=337882,toView=337885,nodeIdx=1,changeCycle=4,myNode=74ec5d39...,timecost=4
info|2023-04-10 03:22:31.607028|[g:1][CONSENSUS][PBFT]checkAndChangeView: Reach consensus,org_view=337882,cur_changeCycle=4,curView=337882,view=337885
info|2023-04-10 03:22:32.618134|[g:1][CONSENSUS]addRawPrepare,height=196,reqIdx=0,hash=9a83fb89...,time=0
info|2023-04-10 03:22:32.621697|[g:1][CONSENSUS][PBFT]checkTimeout Succ,view=337885,toView=337886,nodeIdx=1,changeCycle=1,myNode=74ec5d39...,timecost=3
info|2023-04-10 03:22:32.634887|[g:1][CONSENSUS][PBFT]checkAndChangeView: Reach consensus,org_view=337885,cur_changeCycle=1,curView=337885,view=337886
info|2023-04-10 03:22:33.636305|[g:1][CONSENSUS][SEALER]++++++++++++++++ Generating seal on,blkNum=196,tx=0,nodeIdx=1,hash=deea1502...
info|2023-04-10 03:22:33.644614|[g:1][CONSENSUS][PBFT]checkTimeout Succ,view=337886,toView=337887,nodeIdx=1,changeCycle=1,myNode=74ec5d39...,timecost=4
info|2023-04-10 03:22:33.672574|[g:1][CONSENSUS][PBFT]checkAndChangeView: Reach consensus,org_view=337886,cur_changeCycle=1,curView=337886,view=337887
info|2023-04-10 03:22:34.684396|[g:1][CONSENSUS]addRawPrepare,height=196,reqIdx=2,hash=fea8d281...,time=0
info|2023-04-10 03:22:34.690863|[g:1][CONSENSUS][PBFT]checkTimeout Succ,view=337887,toView=337888,nodeIdx=1,changeCycle=1,myNode=74ec5d39...,timecost=6
info|2023-04-10 03:22:34.699992|[P2P][Service] heartBeat,connected count=3
info|2023-04-10 03:22:34.709504|[g:1][CONSENSUS][PBFT]checkAndChangeView: Reach consensus,org_view=337887,cur_changeCycle=1,curView=337887,view=337888
info|2023-04-10 03:22:35.723546|[g:1][CONSENSUS]addRawPrepare,height=196,reqIdx=3,hash=5ab39663...,time=0
info|2023-04-10 03:22:35.732071|[g:1][CONSENSUS][PBFT]checkTimeout Succ,view=337888,toView=337889,nodeIdx=1,changeCycle=1,myNode=74ec5d39...,timecost=8
info|2023-04-10 03:22:35.758309|[g:1][CONSENSUS][PBFT]checkAndChangeView: Reach consensus,org_view=337888,cur_changeCycle=1,curView=337888,view=337889
info|2023-04-10 03:22:36.791855|[g:1][CONSENSUS]addRawPrepare,height=196,reqIdx=0,hash=c1274ce5...,time=1
info|2023-04-10 03:22:36.798256|[g:1][CONSENSUS][PBFT]checkTimeout Succ,view=337889,toView=337890,nodeIdx=1,changeCycle=1,myNode=74ec5d39...,timecost=6
info|2023-04-10 03:22:36.820911|[g:1][CONSENSUS][PBFT]checkAndChangeView: Reach consensus,org_view=337889,cur_changeCycle=1,curView=337889,view=337890
info|2023-04-10 03:22:37.823728|[g:1][CONSENSUS][SEALER]++++++++++++++++ Generating seal on,blkNum=196,tx=0,nodeIdx=1,hash=961cb2f7...
info|2023-04-10 03:22:37.843719|[g:1][CONSENSUS][PBFT]checkTimeout Succ,view=337890,toView=337891,nodeIdx=1,changeCycle=1,myNode=74ec5d39...,timecost=5
info|2023-04-10 03:22:37.884772|[g:1][CONSENSUS][PBFT]checkAndChangeView: Reach consensus,org_view=337890,cur_changeCycle=1,curView=337890,view=337891
info|2023-04-10 03:22:39.387402|[g:1][CONSENSUS]addRawPrepare,height=196,reqIdx=2,hash=1cb58101...,time=0
info|2023-04-10 03:22:39.612319|[g:1][CONSENSUS][PBFT]checkTimeout Succ,view=337891,toView=337892,nodeIdx=1,changeCycle=1,myNode=74ec5d39...,timecost=224
info|2023-04-10 03:22:39.630931|[g:1][CONSENSUS][PBFT]checkAndChangeView: Reach consensus,org_view=337891,cur_changeCycle=1,curView=337891,view=337892
info|2023-04-10 03:22:40.688794|[g:1][CONSENSUS]addRawPrepare,height=196,reqIdx=3,hash=eeda1cfb...,time=0
info|2023-04-10 03:22:40.705044|[g:1][CONSENSUS][PBFT]checkTimeout Succ,view=337892,toView=337893,nodeIdx=1,changeCycle=1,myNode=74ec5d39...,timecost=16
info|2023-04-10 03:22:40.730880|[g:1][CONSENSUS][PBFT]checkAndChangeView: Reach consensus,org_view=337892,cur_changeCycle=1,curView=337892,view=337893
info|2023-04-10 03:22:41.749854|[g:1][CONSENSUS]addRawPrepare,height=196,reqIdx=0,hash=60d54220...,time=0
info|2023-04-10 03:22:41.757984|[g:1][CONSENSUS][PBFT]checkTimeout Succ,view=337893,toView=337894,nodeIdx=1,changeCycle=1,myNode=74ec5d39...,timecost=8
info|2023-04-10 03:22:41.791995|[g:1][CONSENSUS][PBFT]checkAndChangeView: Reach consensus,org_view=337893,cur_changeCycle=1,curView=337893,view=337894
info|2023-04-10 03:22:42.795575|[g:1][CONSENSUS][SEALER]++++++++++++++++ Generating seal on,blkNum=196,tx=0,nodeIdx=1,hash=54f60ff2...
info|2023-04-10 03:22:42.817473|[g:1][CONSENSUS][PBFT]checkTimeout Succ,view=337894,toView=337895,nodeIdx=1,changeCycle=1,myNode=74ec5d39...,timecost=5
info|2023-04-10 03:22:42.840584|[g:1][CONSENSUS][PBFT]checkAndChangeView: Reach consensus,org_view=337894,cur_changeCycle=1,curView=337894,view=337895
info|2023-04-10 03:22:43.856666|[g:1][CONSENSUS]addRawPrepare,height=196,reqIdx=2,hash=70e66aac...,time=0
info|2023-04-10 03:22:43.864817|[g:1][CONSENSUS][PBFT]checkTimeout Succ,view=337895,toView=337896,nodeIdx=1,changeCycle=1,myNode=74ec5d39...,timecost=7
info|2023-04-10 03:22:43.881577|[g:1][CONSENSUS][PBFT]checkAndChangeView: Reach consensus,org_view=337895,cur_changeCycle=1,curView=337895,view=337896
info|2023-04-10 03:22:44.702174|[P2P][Service] heartBeat,connected count=3
info|2023-04-10 03:22:44.893641|[g:1][CONSENSUS]addRawPrepare,height=196,reqIdx=3,hash=fd0ec6e1...,time=0
info|2023-04-10 03:22:44.903721|[g:1][CONSENSUS][PBFT]checkTimeout Succ,view=337896,toView=337897,nodeIdx=1,changeCycle=1,myNode=74ec5d39...,timecost=9
info|2023-04-10 03:22:44.924292|[g:1][CONSENSUS][PBFT]checkAndChangeView: Reach consensus,org_view=337896,cur_changeCycle=1,curView=337896,view=337897
info|2023-04-10 03:22:45.943808|[g:1][CONSENSUS]addRawPrepare,height=196,reqIdx=0,hash=02774165...,time=0
info|2023-04-10 03:22:45.951920|[g:1][CONSENSUS][PBFT]checkTimeout Succ,view=337897,toView=337898,nodeIdx=1,changeCycle=1,myNode=74ec5d39...,timecost=8
info|2023-04-10 03:22:45.978450|[g:1][CONSENSUS][PBFT]checkAndChangeView: Reach consensus,org_view=337897,cur_changeCycle=1,curView=337897,view=337898
info|2023-04-10 03:22:46.981076|[g:1][CONSENSUS][SEALER]++++++++++++++++ Generating seal on,blkNum=196,tx=0,nodeIdx=1,hash=4bc1f860...
info|2023-04-10 03:22:46.995018|[g:1][CONSENSUS][PBFT]checkTimeout Succ,view=337898,toView=337899,nodeIdx=1,changeCycle=1,myNode=74ec5d39...,timecost=7
info|2023-04-10 03:22:47.027644|[g:1][CONSENSUS][PBFT]checkAndChangeView: Reach consensus,org_view=337898,cur_changeCycle=1,curView=337898,view=337899
info|2023-04-10 03:22:48.069698|[g:1][CONSENSUS]addRawPrepare,height=196,reqIdx=2,hash=8b92d4c5...,time=0
info|2023-04-10 03:22:48.075950|[g:1][CONSENSUS][PBFT]checkTimeout Succ,view=337899,toView=337900,nodeIdx=1,changeCycle=1,myNode=74ec5d39...,timecost=6
info|2023-04-10 03:22:48.091859|[g:1][CONSENSUS][PBFT]checkAndChangeView: Reach consensus,org_view=337899,cur_changeCycle=1,curView=337899,view=337900
info|2023-04-10 03:22:49.122133|[g:1][CONSENSUS]addRawPrepare,height=196,reqIdx=3,hash=dd5c337a...,time=0
info|2023-04-10 03:22:49.126588|[g:1][CONSENSUS][PBFT]checkTimeout Succ,view=337900,toView=337901,nodeIdx=1,changeCycle=1,myNode=74ec5d39...,timecost=4
info|2023-04-10 03:22:49.151109|[g:1][CONSENSUS][PBFT]checkAndChangeView: Reach consensus,org_view=337900,cur_changeCycle=1,curView=337900,view=337901
info|2023-04-10 03:22:50.168375|[g:1][CONSENSUS]addRawPrepare,height=196,reqIdx=0,hash=a4b86489...,time=0
info|2023-04-10 03:22:50.176378|[g:1][CONSENSUS][PBFT]checkTimeout Succ,view=337901,toView=337902,nodeIdx=1,changeCycle=1,myNode=74ec5d39...,timecost=7
info|2023-04-10 03:22:50.205944|[g:1][CONSENSUS][PBFT]checkAndChangeView: Reach consensus,org_view=337901,cur_changeCycle=1,curView=337901,view=337902
info|2023-04-10 03:22:51.207742|[g:1][CONSENSUS][SEALER]++++++++++++++++ Generating seal on,blkNum=196,tx=0,nodeIdx=1,hash=61983bfb...
info|2023-04-10 03:22:51.225109|[g:1][CONSENSUS][PBFT]checkTimeout Succ,view=337902,toView=337903,nodeIdx=1,changeCycle=1,myNode=74ec5d39...,timecost=6
info|2023-04-10 03:22:51.247909|[g:1][CONSENSUS][PBFT]checkAndChangeView: Reach consensus,org_view=337902,cur_changeCycle=1,curView=337902,view=337903
info|2023-04-10 03:22:52.299406|[g:1][CONSENSUS]addRawPrepare,height=196,reqIdx=2,hash=e6a5aea6...,time=0
info|2023-04-10 03:22:52.339610|[g:1][CONSENSUS][PBFT]checkTimeout Succ,view=337903,toView=337904,nodeIdx=1,changeCycle=1,myNode=74ec5d39...,timecost=39
info|2023-04-10 03:22:52.371336|[g:1][CONSENSUS][PBFT]checkAndChangeView: Reach consensus,org_view=337903,cur_changeCycle=1,curView=337903,view=337904
info|2023-04-10 03:22:53.388175|[g:1][CONSENSUS]addRawPrepare,height=196,reqIdx=3,hash=5d901f3b...,time=0
info|2023-04-10 03:22:53.392976|[g:1][CONSENSUS][PBFT]checkTimeout Succ,view=337904,toView=337905,nodeIdx=1,changeCycle=1,myNode=74ec5d39...,timecost=5
info|2023-04-10 03:22:53.412708|[g:1][CONSENSUS][PBFT]checkAndChangeView: Reach consensus,org_view=337904,cur_changeCycle=1,curView=337904,view=337905
info|2023-04-10 03:22:54.430615|[g:1][CONSENSUS]addRawPrepare,height=196,reqIdx=0,hash=c6387831...,time=0
info|2023-04-10 03:22:54.438244|[g:1][CONSENSUS][PBFT]checkTimeout Succ,view=337905,toView=337906,nodeIdx=1,changeCycle=1,myNode=74ec5d39...,timecost=7
info|2023-04-10 03:22:54.455518|[g:1][CONSENSUS][PBFT]checkAndChangeView: Reach consensus,org_view=337905,cur_changeCycle=1,curView=337905,view=337906
info|2023-04-10 03:22:54.704693|[P2P][Service] heartBeat,connected count=3
info|2023-04-10 03:22:55.457458|[g:1][CONSENSUS][SEALER]++++++++++++++++ Generating seal on,blkNum=196,tx=0,nodeIdx=1,hash=a5962b94...
info|2023-04-10 03:22:55.465466|[g:1][CONSENSUS][PBFT]checkTimeout Succ,view=337906,toView=337907,nodeIdx=1,changeCycle=1,myNode=74ec5d39...,timecost=4
info|2023-04-10 03:22:55.492771|[g:1][CONSENSUS][PBFT]checkAndChangeView: Reach consensus,org_view=337906,cur_changeCycle=1,curView=337906,view=337907
info|2023-04-10 03:22:56.504124|[g:1][CONSENSUS]addRawPrepare,height=196,reqIdx=2,hash=051ddaac...,time=0
info|2023-04-10 03:22:56.510583|[g:1][CONSENSUS][PBFT]checkTimeout Succ,view=337907,toView=337908,nodeIdx=1,changeCycle=1,myNode=74ec5d39...,timecost=6
info|2023-04-10 03:22:56.530247|[g:1][CONSENSUS][PBFT]checkAndChangeView: Reach consensus,org_view=337907,cur_changeCycle=1,curView=337907,view=337908
info|2023-04-10 03:22:57.542490|[g:1][CONSENSUS]addRawPrepare,height=196,reqIdx=3,hash=618fcaf2...,time=0
info|2023-04-10 03:22:57.547625|[g:1][CONSENSUS][PBFT]checkTimeout Succ,view=337908,toView=337909,nodeIdx=1,changeCycle=1,myNode=74ec5d39...,timecost=4
info|2023-04-10 03:22:57.564719|[g:1][CONSENSUS][PBFT]checkAndChangeView: Reach consensus,org_view=337908,cur_changeCycle=1,curView=337908,view=337909
info|2023-04-10 03:22:58.573852|[g:1][CONSENSUS]addRawPrepare,height=196,reqIdx=0,hash=c8c97be5...,time=0
info|2023-04-10 03:22:58.577433|[g:1][CONSENSUS][PBFT]checkTimeout Succ,view=337909,toView=337910,nodeIdx=1,changeCycle=1,myNode=74ec5d39...,timecost=3
info|2023-04-10 03:22:58.594764|[g:1][CONSENSUS][PBFT]checkAndChangeView: Reach consensus,org_view=337909,cur_changeCycle=1,curView=337909,view=337910
info|2023-04-10 03:22:59.595791|[g:1][CONSENSUS][SEALER]++++++++++++++++ Generating seal on,blkNum=196,tx=0,nodeIdx=1,hash=3e89575d...
info|2023-04-10 03:22:59.604778|[g:1][CONSENSUS][PBFT]checkTimeout Succ,view=337910,toView=337911,nodeIdx=1,changeCycle=1,myNode=74ec5d39...,timecost=4
info|2023-04-10 03:22:59.625874|[g:1][CONSENSUS][PBFT]checkAndChangeView: Reach consensus,org_view=337910,cur_changeCycle=1,curView=337910,view=337911
info|2023-04-10 03:23:00.643112|[g:1][CONSENSUS]addRawPrepare,height=196,reqIdx=2,hash=5eb5c74f...,time=0
info|2023-04-10 03:23:00.647770|[g:1][CONSENSUS][PBFT]checkTimeout Succ,view=337911,toView=337912,nodeIdx=1,changeCycle=1,myNode=74ec5d39...,timecost=4
info|2023-04-10 03:23:00.659570|[g:1][CONSENSUS][PBFT]checkAndChangeView: Reach consensus,org_view=337911,cur_changeCycle=1,curView=337911,view=337912
info|2023-04-10 03:23:01.672411|[g:1][CONSENSUS]addRawPrepare,height=196,reqIdx=3,hash=f25ded8c...,time=0
info|2023-04-10 03:23:01.677181|[g:1][CONSENSUS][PBFT]checkTimeout Succ,view=337912,toView=337913,nodeIdx=1,changeCycle=1,myNode=74ec5d39...,timecost=4
info|2023-04-10 03:23:01.692117|[g:1][CONSENSUS][PBFT]checkAndChangeView: Reach consensus,org_view=337912,cur_changeCycle=1,curView=337912,view=337913
info|2023-04-10 03:23:02.704929|[g:1][CONSENSUS]addRawPrepare,height=196,reqIdx=0,hash=0ac3acde...,time=1
info|2023-04-10 03:23:02.708628|[g:1][CONSENSUS][PBFT]checkTimeout Succ,view=337913,toView=337914,nodeIdx=1,changeCycle=1,myNode=74ec5d39...,timecost=3
info|2023-04-10 03:23:02.723320|[g:1][CONSENSUS][PBFT]checkAndChangeView: Reach consensus,org_view=337913,cur_changeCycle=1,curView=337913,view=337914
info|2023-04-10 03:23:03.725070|[g:1][CONSENSUS][SEALER]++++++++++++++++ Generating seal on,blkNum=196,tx=0,nodeIdx=1,hash=3a5d664e...
info|2023-04-10 03:23:03.732601|[g:1][CONSENSUS][PBFT]checkTimeout Succ,view=337914,toView=337915,nodeIdx=1,changeCycle=1,myNode=74ec5d39...,timecost=3
info|2023-04-10 03:23:03.761267|[g:1][CONSENSUS][PBFT]checkAndChangeView: Reach consensus,org_view=337914,cur_changeCycle=1,curView=337914,view=337915
info|2023-04-10 03:23:04.706961|[P2P][Service] heartBeat,connected count=3
info|2023-04-10 03:23:04.769944|[g:1][CONSENSUS]addRawPrepare,height=196,reqIdx=2,hash=3e5c5337...,time=1
info|2023-04-10 03:23:04.774175|[g:1][CONSENSUS][PBFT]checkTimeout Succ,view=337915,toView=337916,nodeIdx=1,changeCycle=1,myNode=74ec5d39...,timecost=4
info|2023-04-10 03:23:04.791216|[g:1][CONSENSUS][PBFT]checkAndChangeView: Reach consensus,org_view=337915,cur_changeCycle=1,curView=337915,view=337916
info|2023-04-10 03:23:05.805656|[g:1][CONSENSUS]addRawPrepare,height=196,reqIdx=3,hash=26c6bde0...,time=0
info|2023-04-10 03:23:05.810506|[g:1][CONSENSUS][PBFT]checkTimeout Succ,view=337916,toView=337917,nodeIdx=1,changeCycle=1,myNode=74ec5d39...,timecost=4
info|2023-04-10 03:23:05.830433|[g:1][CONSENSUS][PBFT]checkAndChangeView: Reach consensus,org_view=337916,cur_changeCycle=1,curView=337916,view=337917
info|2023-04-10 03:23:06.844675|[g:1][CONSENSUS]addRawPrepare,height=196,reqIdx=0,hash=d5b3abf2...,time=0
info|2023-04-10 03:23:06.850849|[g:1][CONSENSUS][PBFT]checkTimeout Succ,view=337917,toView=337918,nodeIdx=1,changeCycle=1,myNode=74ec5d39...,timecost=5
info|2023-04-10 03:23:06.864545|[g:1][CONSENSUS][PBFT]checkAndChangeView: Reach consensus,org_view=337917,cur_changeCycle=1,curView=337917,view=337918
info|2023-04-10 03:23:07.866516|[g:1][CONSENSUS][SEALER]++++++++++++++++ Generating seal on,blkNum=196,tx=0,nodeIdx=1,hash=be8b3426...
info|2023-04-10 03:23:07.883157|[g:1][CONSENSUS][PBFT]checkTimeout Succ,view=337918,toView=337919,nodeIdx=1,changeCycle=1,myNode=74ec5d39...,timecost=5
info|2023-04-10 03:23:07.899748|[g:1][CONSENSUS][PBFT]checkAndChangeView: Reach consensus,org_view=337918,cur_changeCycle=1,curView=337918,view=337919
info|2023-04-10 03:23:08.911124|[g:1][CONSENSUS]addRawPrepare,height=196,reqIdx=2,hash=95fd3b48...,time=0
info|2023-04-10 03:23:08.915333|[g:1][CONSENSUS][PBFT]checkTimeout Succ,view=337919,toView=337920,nodeIdx=1,changeCycle=1,myNode=74ec5d39...,timecost=4
info|2023-04-10 03:23:08.933479|[g:1][CONSENSUS][PBFT]checkAndChangeView: Reach consensus,org_view=337919,cur_changeCycle=1,curView=337919,view=337920
info|2023-04-10 03:23:09.943666|[g:1][CONSENSUS]addRawPrepare,height=196,reqIdx=3,hash=7b422e2a...,time=0
info|2023-04-10 03:23:09.948090|[g:1][CONSENSUS][PBFT]checkTimeout Succ,view=337920,toView=337921,nodeIdx=1,changeCycle=1,myNode=74ec5d39...,timecost=4
info|2023-04-10 03:23:09.964216|[g:1][CONSENSUS][PBFT]checkAndChangeView: Reach consensus,org_view=337920,cur_changeCycle=1,curView=337920,view=337921
info|2023-04-10 03:23:10.973247|[g:1][CONSENSUS]addRawPrepare,height=196,reqIdx=0,hash=3ff0c57a...,time=0
info|2023-04-10 03:23:10.977170|[g:1][CONSENSUS][PBFT]checkTimeout Succ,view=337921,toView=337922,nodeIdx=1,changeCycle=1,myNode=74ec5d39...,timecost=4
info|2023-04-10 03:23:10.993494|[g:1][CONSENSUS][PBFT]checkAndChangeView: Reach consensus,org_view=337921,cur_changeCycle=1,curView=337921,view=337922
info|2023-04-10 03:23:11.995918|[g:1][CONSENSUS][SEALER]++++++++++++++++ Generating seal on,blkNum=196,tx=0,nodeIdx=1,hash=ab3cbeac...
info|2023-04-10 03:23:12.003818|[g:1][CONSENSUS][PBFT]checkTimeout Succ,view=337922,toView=337923,nodeIdx=1,changeCycle=1,myNode=74ec5d39...,timecost=4
info|2023-04-10 03:23:12.029835|[g:1][CONSENSUS][PBFT]checkAndChangeView: Reach consensus,org_view=337922,cur_changeCycle=1,curView=337922,view=337923
info|2023-04-10 03:23:13.042424|[g:1][CONSENSUS]addRawPrepare,height=196,reqIdx=2,hash=f0c428c0...,time=0
info|2023-04-10 03:23:13.046993|[g:1][CONSENSUS][PBFT]checkTimeout Succ,view=337923,toView=337924,nodeIdx=1,changeCycle=1,myNode=74ec5d39...,timecost=4
info|2023-04-10 03:23:13.058782|[g:1][CONSENSUS][PBFT]checkAndChangeView: Reach consensus,org_view=337923,cur_changeCycle=1,curView=337923,view=337924
info|2023-04-10 03:23:14.072150|[g:1][CONSENSUS]addRawPrepare,height=196,reqIdx=3,hash=33f61a30...,time=0
info|2023-04-10 03:23:14.075946|[g:1][CONSENSUS][PBFT]checkTimeout Succ,view=337924,toView=337925,nodeIdx=1,changeCycle=1,myNode=74ec5d39...,timecost=4
info|2023-04-10 03:23:14.090097|[g:1][CONSENSUS][PBFT]checkAndChangeView: Reach consensus,org_view=337924,cur_changeCycle=1,curView=337924,view=337925
info|2023-04-10 03:23:14.709603|[P2P][Service] heartBeat,connected count=3
info|2023-04-10 03:23:15.106496|[g:1][CONSENSUS]addRawPrepare,height=196,reqIdx=0,hash=d54e75db...,time=0
info|2023-04-10 03:23:15.110521|[g:1][CONSENSUS][PBFT]checkTimeout Succ,view=337925,toView=337926,nodeIdx=1,changeCycle=1,myNode=74ec5d39...,timecost=3
info|2023-04-10 03:23:15.132789|[g:1][CONSENSUS][PBFT]checkAndChangeView: Reach consensus,org_view=337925,cur_changeCycle=1,curView=337925,view=337926
info|2023-04-10 03:23:16.134839|[g:1][CONSENSUS][SEALER]++++++++++++++++ Generating seal on,blkNum=196,tx=0,nodeIdx=1,hash=eea0470e...
info|2023-04-10 03:23:16.156063|[g:1][CONSENSUS][PBFT]checkTimeout Succ,view=337926,toView=337927,nodeIdx=1,changeCycle=1,myNode=74ec5d39...,timecost=5
info|2023-04-10 03:23:16.172379|[g:1][CONSENSUS][PBFT]checkAndChangeView: Reach consensus,org_view=337926,cur_changeCycle=1,curView=337926,view=337927
info|2023-04-10 03:23:17.178796|[g:1][CONSENSUS]addRawPrepare,height=196,reqIdx=2,hash=95be66b1...,time=0
info|2023-04-10 03:23:17.179846|[g:1][CONSENSUS][PBFT]checkTimeout Succ,view=337927,toView=337928,nodeIdx=1,changeCycle=1,myNode=74ec5d39...,timecost=1
info|2023-04-10 03:23:17.182863|[g:1][CONSENSUS][PBFT]checkAndChangeView: Reach consensus,org_view=337927,cur_changeCycle=1,curView=337927,view=337928
info|2023-04-10 03:23:18.184694|[g:1][CONSENSUS]addRawPrepare,height=196,reqIdx=3,hash=f3916088...,time=0
info|2023-04-10 03:23:18.185641|[g:1][CONSENSUS][PBFT]checkTimeout Succ,view=337928,toView=337929,nodeIdx=1,changeCycle=1,myNode=74ec5d39...,timecost=1
info|2023-04-10 03:23:18.189008|[g:1][CONSENSUS][PBFT]checkAndChangeView: Reach consensus,org_view=337928,cur_changeCycle=1,curView=337928,view=337929
info|2023-04-10 03:23:19.194682|[g:1][CONSENSUS]addRawPrepare,height=196,reqIdx=0,hash=1a2ee564...,time=0
info|2023-04-10 03:23:19.196047|[g:1][CONSENSUS][PBFT]checkTimeout Succ,view=337929,toView=337930,nodeIdx=1,changeCycle=1,myNode=74ec5d39...,timecost=2
info|2023-04-10 03:23:19.200019|[g:1][CONSENSUS][PBFT]checkAndChangeView: Reach consensus,org_view=337929,cur_changeCycle=1,curView=337929,view=337930
info|2023-04-10 03:23:20.200720|[g:1][CONSENSUS][SEALER]++++++++++++++++ Generating seal on,blkNum=196,tx=0,nodeIdx=1,hash=9e87cb9e...
info|2023-04-10 03:23:20.202507|[g:1][CONSENSUS][PBFT]checkTimeout Succ,view=337930,toView=337931,nodeIdx=1,changeCycle=1,myNode=74ec5d39...,timecost=1
info|2023-04-10 03:23:20.208422|[g:1][CONSENSUS][PBFT]checkAndChangeView: Reach consensus,org_view=337930,cur_changeCycle=1,curView=337930,view=337931
info|2023-04-10 03:23:21.209818|[g:1][CONSENSUS]addRawPrepare,height=196,reqIdx=2,hash=68ed8e09...,time=0
info|2023-04-10 03:23:21.210822|[g:1][CONSENSUS][PBFT]checkTimeout Succ,view=337931,toView=337932,nodeIdx=1,changeCycle=1,myNode=74ec5d39...,timecost=1
info|2023-04-10 03:23:21.214063|[g:1][CONSENSUS][PBFT]checkAndChangeView: Reach consensus,org_view=337931,cur_changeCycle=1,curView=337931,view=337932
info|2023-04-10 03:23:22.217683|[g:1][CONSENSUS]addRawPrepare,height=196,reqIdx=3,hash=ac8eca5a...,time=0
info|2023-04-10 03:23:22.218601|[g:1][CONSENSUS][PBFT]checkTimeout Succ,view=337932,toView=337933,nodeIdx=1,changeCycle=1,myNode=74ec5d39...,timecost=1
info|2023-04-10 03:23:22.220869|[g:1][CONSENSUS][PBFT]checkAndChangeView: Reach consensus,org_view=337932,cur_changeCycle=1,curView=337932,view=337933
info|2023-04-10 03:23:23.223516|[g:1][CONSENSUS]addRawPrepare,height=196,reqIdx=0,hash=9b368dd0...,time=0
info|2023-04-10 03:23:23.224367|[g:1][CONSENSUS][PBFT]checkTimeout Succ,view=337933,toView=337934,nodeIdx=1,changeCycle=1,myNode=74ec5d39...,timecost=1
info|2023-04-10 03:23:23.227025|[g:1][CONSENSUS][PBFT]checkAndChangeView: Reach consensus,org_view=337933,cur_changeCycle=1,curView=337933,view=337934
info|2023-04-10 03:23:24.227753|[g:1][CONSENSUS][SEALER]++++++++++++++++ Generating seal on,blkNum=196,tx=0,nodeIdx=1,hash=18670a49...
info|2023-04-10 03:23:24.229236|[g:1][CONSENSUS][PBFT]checkTimeout Succ,view=337934,toView=337935,nodeIdx=1,changeCycle=1,myNode=74ec5d39...,timecost=1
info|2023-04-10 03:23:24.233461|[g:1][CONSENSUS][PBFT]checkAndChangeView: Reach consensus,org_view=337934,cur_changeCycle=1,curView=337934,view=337935
info|2023-04-10 03:23:24.710217|[P2P][Service] heartBeat,connected count=3
info|2023-04-10 03:23:25.236515|[g:1][CONSENSUS]addRawPrepare,height=196,reqIdx=2,hash=880567c4...,time=0
info|2023-04-10 03:23:25.237254|[g:1][CONSENSUS][PBFT]checkTimeout Succ,view=337935,toView=337936,nodeIdx=1,changeCycle=1,myNode=74ec5d39...,timecost=1
info|2023-04-10 03:23:25.239777|[g:1][CONSENSUS][PBFT]checkAndChangeView: Reach consensus,org_view=337935,cur_changeCycle=1,curView=337935,view=337936
info|2023-04-10 03:23:26.243908|[g:1][CONSENSUS]addRawPrepare,height=196,reqIdx=3,hash=7ab8eced...,time=0
info|2023-04-10 03:23:26.244757|[g:1][CONSENSUS][PBFT]checkTimeout Succ,view=337936,toView=337937,nodeIdx=1,changeCycle=1,myNode=74ec5d39...,timecost=0
info|2023-04-10 03:23:26.246788|[g:1][CONSENSUS][PBFT]checkAndChangeView: Reach consensus,org_view=337936,cur_changeCycle=1,curView=337936,view=337937
info|2023-04-10 03:23:27.249703|[g:1][CONSENSUS]addRawPrepare,height=196,reqIdx=0,hash=62ce462c...,time=0
info|2023-04-10 03:23:27.250217|[g:1][CONSENSUS][PBFT]checkTimeout Succ,view=337937,toView=337938,nodeIdx=1,changeCycle=1,myNode=74ec5d39...,timecost=1
info|2023-04-10 03:23:27.252274|[g:1][CONSENSUS][PBFT]checkAndChangeView: Reach consensus,org_view=337937,cur_changeCycle=1,curView=337937,view=337938
info|2023-04-10 03:23:28.252281|[g:1][CONSENSUS][SEALER]++++++++++++++++ Generating seal on,blkNum=196,tx=0,nodeIdx=1,hash=ae7ff562...
info|2023-04-10 03:23:28.256178|[g:1][CONSENSUS][PBFT]checkTimeout Succ,view=337938,toView=337939,nodeIdx=1,changeCycle=1,myNode=74ec5d39...,timecost=1
info|2023-04-10 03:23:28.257673|[g:1][CONSENSUS][PBFT]checkAndChangeView: Reach consensus,org_view=337938,cur_changeCycle=1,curView=337938,view=337939
info|2023-04-10 03:23:29.259480|[g:1][CONSENSUS]addRawPrepare,height=196,reqIdx=2,hash=f9ea044f...,time=0
info|2023-04-10 03:23:29.260624|[g:1][CONSENSUS][PBFT]checkTimeout Succ,view=337939,toView=337940,nodeIdx=1,changeCycle=1,myNode=74ec5d39...,timecost=1
info|2023-04-10 03:23:29.262749|[g:1][CONSENSUS][PBFT]checkAndChangeView: Reach consensus,org_view=337939,cur_changeCycle=1,curView=337939,view=337940
info|2023-04-10 03:23:30.264729|[g:1][CONSENSUS]addRawPrepare,height=196,reqIdx=3,hash=36764b10...,time=0
info|2023-04-10 03:23:30.265243|[g:1][CONSENSUS][PBFT]checkTimeout Succ,view=337940,toView=337941,nodeIdx=1,changeCycle=1,myNode=74ec5d39...,timecost=1
info|2023-04-10 03:23:30.266464|[g:1][CONSENSUS][PBFT]checkAndChangeView: Reach consensus,org_view=337940,cur_changeCycle=1,curView=337940,view=337941
info|2023-04-10 03:23:31.269461|[g:1][CONSENSUS]addRawPrepare,height=196,reqIdx=0,hash=ae4d899e...,time=0
info|2023-04-10 03:23:31.269913|[g:1][CONSENSUS][PBFT]checkTimeout Succ,view=337941,toView=337942,nodeIdx=1,changeCycle=1,myNode=74ec5d39...,timecost=0
info|2023-04-10 03:23:31.271128|[g:1][CONSENSUS][PBFT]checkAndChangeView: Reach consensus,org_view=337941,cur_changeCycle=1,curView=337941,view=337942
info|2023-04-10 03:23:32.271912|[g:1][CONSENSUS][SEALER]++++++++++++++++ Generating seal on,blkNum=196,tx=0,nodeIdx=1,hash=4a560dc5...
info|2023-04-10 03:23:32.277466|[g:1][CONSENSUS][PBFT]checkTimeout Succ,view=337942,toView=337943,nodeIdx=1,changeCycle=1,myNode=74ec5d39...,timecost=1
info|2023-04-10 03:23:32.278324|[g:1][CONSENSUS][PBFT]checkAndChangeView: Reach consensus,org_view=337942,cur_changeCycle=1,curView=337942,view=337943
