info|2023-04-12 22:00:15.254970|[P2P][Service] heartBeat,connected count=3
warning|2023-04-12 22:00:15.258546|[g:1][CONSENSUS][PBFT]ViewChangeWarning: not caused by omit empty block ,v=39356,toV=39357,curNum=211,hash=275e4452...,nodeIdx=1,myNode=74ec5d39...
info|2023-04-12 22:00:15.258762|[g:1][CONSENSUS][PBFT]checkTimeout Succ,view=39356,toView=39357,nodeIdx=1,changeCycle=2,myNode=74ec5d39...,timecost=0
info|2023-04-12 22:00:15.265566|[g:1][CONSENSUS][PBFT]checkAndChangeView: Reach consensus,org_view=39356,cur_changeCycle=2,curView=39356,view=39357
info|2023-04-12 22:00:16.269397|[g:1][CONSENSUS]addRawPrepare,height=212,reqIdx=0,hash=2ff18b7e...,time=0
info|2023-04-12 22:00:16.269764|[g:1][CONSENSUS][PBFT]checkTimeout Succ,view=39357,toView=39358,nodeIdx=1,changeCycle=1,myNode=74ec5d39...,timecost=0
info|2023-04-12 22:00:16.271065|[g:1][CONSENSUS][PBFT]checkAndChangeView: Reach consensus,org_view=39357,cur_changeCycle=1,curView=39357,view=39358
info|2023-04-12 22:00:17.270929|[g:1][CONSENSUS][SEALER]++++++++++++++++ Generating seal on,blkNum=212,tx=0,nodeIdx=1,hash=c03e3c05...
info|2023-04-12 22:00:17.273392|[g:1][CONSENSUS][PBFT]checkTimeout Succ,view=39358,toView=39359,nodeIdx=1,changeCycle=1,myNode=74ec5d39...,timecost=0
info|2023-04-12 22:00:17.273918|[g:1][CONSENSUS][PBFT]checkAndChangeView: Reach consensus,org_view=39358,cur_changeCycle=1,curView=39358,view=39359
info|2023-04-12 22:00:18.275385|[g:1][CONSENSUS]addRawPrepare,height=212,reqIdx=2,hash=c0af9661...,time=0
info|2023-04-12 22:00:18.276311|[g:1][CONSENSUS][PBFT]checkTimeout Succ,view=39359,toView=39360,nodeIdx=1,changeCycle=1,myNode=74ec5d39...,timecost=1
info|2023-04-12 22:00:18.278076|[g:1][CONSENSUS][PBFT]checkAndChangeView: Reach consensus,org_view=39359,cur_changeCycle=1,curView=39359,view=39360
info|2023-04-12 22:00:19.282380|[g:1][CONSENSUS]addRawPrepare,height=212,reqIdx=3,hash=7a74ed7f...,time=0
info|2023-04-12 22:00:19.284122|[g:1][CONSENSUS][PBFT]checkTimeout Succ,view=39360,toView=39361,nodeIdx=1,changeCycle=1,myNode=74ec5d39...,timecost=2
info|2023-04-12 22:00:19.286245|[g:1][CONSENSUS][PBFT]checkAndChangeView: Reach consensus,org_view=39360,cur_changeCycle=1,curView=39360,view=39361
info|2023-04-12 22:00:20.287315|[g:1][CONSENSUS]addRawPrepare,height=212,reqIdx=0,hash=ec950b08...,time=0
info|2023-04-12 22:00:20.287752|[g:1][CONSENSUS][PBFT]checkTimeout Succ,view=39361,toView=39362,nodeIdx=1,changeCycle=1,myNode=74ec5d39...,timecost=0
info|2023-04-12 22:00:20.288560|[g:1][CONSENSUS][PBFT]checkAndChangeView: Reach consensus,org_view=39361,cur_changeCycle=1,curView=39361,view=39362
info|2023-04-12 22:00:21.288874|[g:1][CONSENSUS][SEALER]++++++++++++++++ Generating seal on,blkNum=212,tx=0,nodeIdx=1,hash=a5f72102...
info|2023-04-12 22:00:21.289542|[g:1][CONSENSUS][PBFT]checkTimeout Succ,view=39362,toView=39363,nodeIdx=1,changeCycle=1,myNode=74ec5d39...,timecost=0
info|2023-04-12 22:00:21.291405|[g:1][CONSENSUS][PBFT]checkAndChangeView: Reach consensus,org_view=39362,cur_changeCycle=1,curView=39362,view=39363
info|2023-04-12 22:00:22.295400|[g:1][CONSENSUS]addRawPrepare,height=212,reqIdx=2,hash=97a53125...,time=0
info|2023-04-12 22:00:22.296233|[g:1][CONSENSUS][PBFT]checkTimeout Succ,view=39363,toView=39364,nodeIdx=1,changeCycle=1,myNode=74ec5d39...,timecost=1
info|2023-04-12 22:00:22.298892|[g:1][CONSENSUS][PBFT]checkAndChangeView: Reach consensus,org_view=39363,cur_changeCycle=1,curView=39363,view=39364
info|2023-04-12 22:00:23.301494|[g:1][CONSENSUS]addRawPrepare,height=212,reqIdx=3,hash=416285da...,time=0
info|2023-04-12 22:00:23.302066|[g:1][CONSENSUS][PBFT]checkTimeout Succ,view=39364,toView=39365,nodeIdx=1,changeCycle=1,myNode=74ec5d39...,timecost=1
info|2023-04-12 22:00:23.303725|[g:1][CONSENSUS][PBFT]checkAndChangeView: Reach consensus,org_view=39364,cur_changeCycle=1,curView=39364,view=39365
info|2023-04-12 22:00:24.306968|[g:1][CONSENSUS]addRawPrepare,height=212,reqIdx=0,hash=ae74dac0...,time=0
info|2023-04-12 22:00:24.307689|[g:1][CONSENSUS][PBFT]checkTimeout Succ,view=39365,toView=39366,nodeIdx=1,changeCycle=1,myNode=74ec5d39...,timecost=0
info|2023-04-12 22:00:24.309577|[g:1][CONSENSUS][PBFT]checkAndChangeView: Reach consensus,org_view=39365,cur_changeCycle=1,curView=39365,view=39366
info|2023-04-12 22:00:25.256567|[P2P][Service] heartBeat,connected count=3
info|2023-04-12 22:00:25.310206|[g:1][CONSENSUS][SEALER]++++++++++++++++ Generating seal on,blkNum=212,tx=0,nodeIdx=1,hash=e02811f9...
info|2023-04-12 22:00:25.312275|[g:1][CONSENSUS][PBFT]checkTimeout Succ,view=39366,toView=39367,nodeIdx=1,changeCycle=1,myNode=74ec5d39...,timecost=0
info|2023-04-12 22:00:25.312604|[g:1][CONSENSUS][PBFT]checkAndChangeView: Reach consensus,org_view=39366,cur_changeCycle=1,curView=39366,view=39367
info|2023-04-12 22:00:26.341914|[g:1][CONSENSUS]addRawPrepare,height=212,reqIdx=2,hash=b8f7fc4c...,time=1
info|2023-04-12 22:00:26.354659|[g:1][CONSENSUS][PBFT]checkTimeout Succ,view=39367,toView=39368,nodeIdx=1,changeCycle=1,myNode=74ec5d39...,timecost=13
info|2023-04-12 22:00:26.383325|[g:1][CONSENSUS][PBFT]checkAndChangeView: Reach consensus,org_view=39367,cur_changeCycle=1,curView=39367,view=39368
info|2023-04-12 22:00:27.391424|[g:1][CONSENSUS]addRawPrepare,height=212,reqIdx=3,hash=ea8252f9...,time=0
info|2023-04-12 22:00:27.395678|[g:1][CONSENSUS][PBFT]checkTimeout Succ,view=39368,toView=39369,nodeIdx=1,changeCycle=1,myNode=74ec5d39...,timecost=3
info|2023-04-12 22:00:27.426120|[g:1][CONSENSUS][PBFT]checkAndChangeView: Reach consensus,org_view=39368,cur_changeCycle=1,curView=39368,view=39369
info|2023-04-12 22:00:28.448847|[g:1][CONSENSUS]addRawPrepare,height=212,reqIdx=0,hash=3017f382...,time=0
info|2023-04-12 22:00:28.456150|[g:1][CONSENSUS][PBFT]checkTimeout Succ,view=39369,toView=39370,nodeIdx=1,changeCycle=1,myNode=74ec5d39...,timecost=7
info|2023-04-12 22:00:28.473912|[g:1][CONSENSUS][PBFT]checkAndChangeView: Reach consensus,org_view=39369,cur_changeCycle=1,curView=39369,view=39370
info|2023-04-12 22:00:29.593014|[g:1][CONSENSUS][SEALER]++++++++++++++++ Generating seal on,blkNum=212,tx=0,nodeIdx=1,hash=86369ab5...
info|2023-04-12 22:00:29.604419|[g:1][CONSENSUS][PBFT]checkTimeout Succ,view=39370,toView=39371,nodeIdx=1,changeCycle=1,myNode=74ec5d39...,timecost=7
info|2023-04-12 22:00:29.644269|[g:1][CONSENSUS][PBFT]checkAndChangeView: Reach consensus,org_view=39370,cur_changeCycle=1,curView=39370,view=39371
info|2023-04-12 22:00:30.689033|[g:1][CONSENSUS]addRawPrepare,height=212,reqIdx=2,hash=40915e93...,time=1
info|2023-04-12 22:00:30.698057|[g:1][CONSENSUS][PBFT]checkTimeout Succ,view=39371,toView=39372,nodeIdx=1,changeCycle=1,myNode=74ec5d39...,timecost=9
info|2023-04-12 22:00:30.718478|[g:1][CONSENSUS][PBFT]checkAndChangeView: Reach consensus,org_view=39371,cur_changeCycle=1,curView=39371,view=39372
info|2023-04-12 22:00:31.754178|[g:1][CONSENSUS]addRawPrepare,height=212,reqIdx=3,hash=e893f393...,time=0
info|2023-04-12 22:00:31.760840|[g:1][CONSENSUS][PBFT]checkTimeout Succ,view=39372,toView=39373,nodeIdx=1,changeCycle=1,myNode=74ec5d39...,timecost=6
info|2023-04-12 22:00:31.777610|[g:1][CONSENSUS][PBFT]checkAndChangeView: Reach consensus,org_view=39372,cur_changeCycle=1,curView=39372,view=39373
info|2023-04-12 22:00:32.799859|[g:1][CONSENSUS]addRawPrepare,height=212,reqIdx=0,hash=f24c3acc...,time=0
info|2023-04-12 22:00:32.815959|[g:1][CONSENSUS][PBFT]checkTimeout Succ,view=39373,toView=39374,nodeIdx=1,changeCycle=1,myNode=74ec5d39...,timecost=15
info|2023-04-12 22:00:32.839141|[g:1][CONSENSUS][PBFT]checkAndChangeView: Reach consensus,org_view=39373,cur_changeCycle=1,curView=39373,view=39374
info|2023-04-12 22:00:33.843414|[g:1][CONSENSUS][SEALER]++++++++++++++++ Generating seal on,blkNum=212,tx=0,nodeIdx=1,hash=82b9e227...
info|2023-04-12 22:00:33.862232|[g:1][CONSENSUS][PBFT]checkTimeout Succ,view=39374,toView=39375,nodeIdx=1,changeCycle=1,myNode=74ec5d39...,timecost=5
info|2023-04-12 22:00:33.894486|[g:1][CONSENSUS][PBFT]checkAndChangeView: Reach consensus,org_view=39374,cur_changeCycle=1,curView=39374,view=39375
info|2023-04-12 22:00:34.927332|[g:1][CONSENSUS]addRawPrepare,height=212,reqIdx=2,hash=2a14b53e...,time=0
info|2023-04-12 22:00:34.934170|[g:1][CONSENSUS][PBFT]checkTimeout Succ,view=39375,toView=39376,nodeIdx=1,changeCycle=1,myNode=74ec5d39...,timecost=6
info|2023-04-12 22:00:34.953376|[g:1][CONSENSUS][PBFT]checkAndChangeView: Reach consensus,org_view=39375,cur_changeCycle=1,curView=39375,view=39376
info|2023-04-12 22:00:35.258872|[P2P][Service] heartBeat,connected count=3
info|2023-04-12 22:00:36.493827|[g:1][CONSENSUS]addRawPrepare,height=212,reqIdx=3,hash=47da69a8...,time=0
info|2023-04-12 22:00:36.771567|[g:1][CONSENSUS][PBFT]checkTimeout Succ,view=39376,toView=39377,nodeIdx=1,changeCycle=1,myNode=74ec5d39...,timecost=276
info|2023-04-12 22:00:37.112494|[g:1][CONSENSUS][PBFT]checkAndChangeView: Reach consensus,org_view=39376,cur_changeCycle=1,curView=39376,view=39377
info|2023-04-12 22:00:38.130391|[g:1][CONSENSUS]addRawPrepare,height=212,reqIdx=0,hash=225bd825...,time=0
info|2023-04-12 22:00:38.157997|[g:1][CONSENSUS][PBFT]checkTimeout Succ,view=39377,toView=39378,nodeIdx=1,changeCycle=1,myNode=74ec5d39...,timecost=27
info|2023-04-12 22:00:38.235858|[g:1][CONSENSUS][PBFT]checkAndChangeView: Reach consensus,org_view=39377,cur_changeCycle=1,curView=39377,view=39378
info|2023-04-12 22:00:39.260880|[g:1][CONSENSUS][SEALER]++++++++++++++++ Generating seal on,blkNum=212,tx=0,nodeIdx=1,hash=177a0ae4...
info|2023-04-12 22:00:39.288886|[g:1][CONSENSUS][PBFT]checkTimeout Succ,view=39378,toView=39379,nodeIdx=1,changeCycle=1,myNode=74ec5d39...,timecost=9
info|2023-04-12 22:00:39.317762|[g:1][CONSENSUS][PBFT]checkAndChangeView: Reach consensus,org_view=39378,cur_changeCycle=1,curView=39378,view=39379
info|2023-04-12 22:00:40.918255|[g:1][CONSENSUS]addRawPrepare,height=212,reqIdx=2,hash=d16d69a5...,time=0
info|2023-04-12 22:00:40.937505|[g:1][CONSENSUS][PBFT]checkTimeout Succ,view=39379,toView=39380,nodeIdx=1,changeCycle=1,myNode=74ec5d39...,timecost=18
info|2023-04-12 22:00:40.954079|[g:1][CONSENSUS][PBFT]checkAndChangeView: Reach consensus,org_view=39379,cur_changeCycle=1,curView=39379,view=39380
info|2023-04-12 22:00:41.968298|[g:1][CONSENSUS]addRawPrepare,height=212,reqIdx=3,hash=b8124da7...,time=0
info|2023-04-12 22:00:41.979599|[g:1][CONSENSUS][PBFT]checkTimeout Succ,view=39380,toView=39381,nodeIdx=1,changeCycle=1,myNode=74ec5d39...,timecost=10
info|2023-04-12 22:00:41.994473|[g:1][CONSENSUS][PBFT]checkAndChangeView: Reach consensus,org_view=39380,cur_changeCycle=1,curView=39380,view=39381
info|2023-04-12 22:00:43.014327|[g:1][CONSENSUS]addRawPrepare,height=212,reqIdx=0,hash=a54cd074...,time=0
info|2023-04-12 22:00:43.028886|[g:1][CONSENSUS][PBFT]checkTimeout Succ,view=39381,toView=39382,nodeIdx=1,changeCycle=1,myNode=74ec5d39...,timecost=13
info|2023-04-12 22:00:43.046200|[g:1][CONSENSUS][PBFT]checkAndChangeView: Reach consensus,org_view=39381,cur_changeCycle=1,curView=39381,view=39382
info|2023-04-12 22:00:44.393296|[g:1][CONSENSUS][SEALER]++++++++++++++++ Generating seal on,blkNum=212,tx=0,nodeIdx=1,hash=e2f6df37...
info|2023-04-12 22:00:44.408366|[g:1][CONSENSUS][PBFT]checkTimeout Succ,view=39382,toView=39383,nodeIdx=1,changeCycle=1,myNode=74ec5d39...,timecost=5
info|2023-04-12 22:00:44.490785|[g:1][CONSENSUS][PBFT]checkAndChangeView: Reach consensus,org_view=39382,cur_changeCycle=1,curView=39382,view=39383
info|2023-04-12 22:00:45.261479|[P2P][Service] heartBeat,connected count=3
info|2023-04-12 22:00:45.552272|[g:1][CONSENSUS]addRawPrepare,height=212,reqIdx=2,hash=b95b6eb6...,time=0
info|2023-04-12 22:00:45.665895|[g:1][CONSENSUS][PBFT]checkTimeout Succ,view=39383,toView=39384,nodeIdx=1,changeCycle=1,myNode=74ec5d39...,timecost=113
info|2023-04-12 22:00:45.769954|[g:1][CONSENSUS][PBFT]checkAndChangeView: Reach consensus,org_view=39383,cur_changeCycle=1,curView=39383,view=39384
