info|2022-11-24 12:00:00.382152|[g:1][CONSENSUS]addRawPrepare,height=32,reqIdx=3,hash=1eeacd89...,time=0
info|2022-11-24 12:00:00.382855|[g:1][CONSENSUS][PBFT]checkTimeout Succ,view=64368,toView=64369,nodeIdx=1,changeCycle=1,myNode=74ec5d39...,timecost=0
info|2022-11-24 12:00:00.384511|[g:1][CONSENSUS][PBFT]checkAndChangeView: Reach consensus,org_view=64368,cur_changeCycle=1,curView=64368,view=64369
info|2022-11-24 12:00:01.386196|[g:1][CONSENSUS]addRawPrepare,height=32,reqIdx=0,hash=2e4ef5bf...,time=0
info|2022-11-24 12:00:01.386957|[g:1][CONSENSUS][PBFT]checkTimeout Succ,view=64369,toView=64370,nodeIdx=1,changeCycle=1,myNode=74ec5d39...,timecost=1
info|2022-11-24 12:00:01.388672|[g:1][CONSENSUS][PBFT]checkAndChangeView: Reach consensus,org_view=64369,cur_changeCycle=1,curView=64369,view=64370
info|2022-11-24 12:00:02.388897|[g:1][CONSENSUS][SEALER]++++++++++++++++ Generating seal on,blkNum=32,tx=0,nodeIdx=1,hash=3bd91d92...
info|2022-11-24 12:00:02.393346|[g:1][CONSENSUS][PBFT]checkTimeout Succ,view=64370,toView=64371,nodeIdx=1,changeCycle=1,myNode=74ec5d39...,timecost=1
info|2022-11-24 12:00:02.394183|[g:1][CONSENSUS][PBFT]checkAndChangeView: Reach consensus,org_view=64370,cur_changeCycle=1,curView=64370,view=64371
info|2022-11-24 12:00:03.397198|[g:1][CONSENSUS]addRawPrepare,height=32,reqIdx=2,hash=2f88c3b4...,time=0
info|2022-11-24 12:00:03.398182|[g:1][CONSENSUS][PBFT]checkTimeout Succ,view=64371,toView=64372,nodeIdx=1,changeCycle=1,myNode=74ec5d39...,timecost=1
info|2022-11-24 12:00:03.400344|[g:1][CONSENSUS][PBFT]checkAndChangeView: Reach consensus,org_view=64371,cur_changeCycle=1,curView=64371,view=64372
info|2022-11-24 12:00:04.401518|[g:1][CONSENSUS]addRawPrepare,height=32,reqIdx=3,hash=3b65a46a...,time=0
info|2022-11-24 12:00:04.401854|[g:1][CONSENSUS][PBFT]checkTimeout Succ,view=64372,toView=64373,nodeIdx=1,changeCycle=1,myNode=74ec5d39...,timecost=0
info|2022-11-24 12:00:04.404179|[g:1][CONSENSUS][PBFT]checkAndChangeView: Reach consensus,org_view=64372,cur_changeCycle=1,curView=64372,view=64373
info|2022-11-24 12:00:05.404577|[g:1][CONSENSUS]addRawPrepare,height=32,reqIdx=0,hash=bf87a788...,time=0
info|2022-11-24 12:00:05.404937|[g:1][CONSENSUS][PBFT]checkTimeout Succ,view=64373,toView=64374,nodeIdx=1,changeCycle=1,myNode=74ec5d39...,timecost=0
info|2022-11-24 12:00:05.405933|[g:1][CONSENSUS][PBFT]checkAndChangeView: Reach consensus,org_view=64373,cur_changeCycle=1,curView=64373,view=64374
info|2022-11-24 12:00:06.406281|[g:1][CONSENSUS][SEALER]++++++++++++++++ Generating seal on,blkNum=32,tx=0,nodeIdx=1,hash=33e00f5f...
info|2022-11-24 12:00:06.413701|[g:1][CONSENSUS][PBFT]checkTimeout Succ,view=64374,toView=64375,nodeIdx=1,changeCycle=1,myNode=74ec5d39...,timecost=0
info|2022-11-24 12:00:06.415258|[g:1][CONSENSUS][PBFT]checkAndChangeView: Reach consensus,org_view=64374,cur_changeCycle=1,curView=64374,view=64375
info|2022-11-24 12:00:06.682701|[P2P][Service] heartBeat,connected count=3
info|2022-11-24 12:00:07.416517|[g:1][CONSENSUS]addRawPrepare,height=32,reqIdx=2,hash=b70508fa...,time=0
info|2022-11-24 12:00:07.417247|[g:1][CONSENSUS][PBFT]checkTimeout Succ,view=64375,toView=64376,nodeIdx=1,changeCycle=1,myNode=74ec5d39...,timecost=1
info|2022-11-24 12:00:07.420313|[g:1][CONSENSUS][PBFT]checkAndChangeView: Reach consensus,org_view=64375,cur_changeCycle=1,curView=64375,view=64376
info|2022-11-24 12:00:08.422185|[g:1][CONSENSUS]addRawPrepare,height=32,reqIdx=3,hash=a324ce97...,time=0
info|2022-11-24 12:00:08.422464|[g:1][CONSENSUS][PBFT]checkTimeout Succ,view=64376,toView=64377,nodeIdx=1,changeCycle=1,myNode=74ec5d39...,timecost=0
info|2022-11-24 12:00:08.426421|[g:1][CONSENSUS][PBFT]checkAndChangeView: Reach consensus,org_view=64376,cur_changeCycle=1,curView=64376,view=64377
info|2022-11-24 12:00:09.425142|[g:1][CONSENSUS]addRawPrepare,height=32,reqIdx=0,hash=230bc3ed...,time=0
info|2022-11-24 12:00:09.425683|[g:1][CONSENSUS][PBFT]checkTimeout Succ,view=64377,toView=64378,nodeIdx=1,changeCycle=1,myNode=74ec5d39...,timecost=0
info|2022-11-24 12:00:09.427530|[g:1][CONSENSUS][PBFT]checkAndChangeView: Reach consensus,org_view=64377,cur_changeCycle=1,curView=64377,view=64378
info|2022-11-24 12:00:10.426758|[g:1][CONSENSUS][SEALER]++++++++++++++++ Generating seal on,blkNum=32,tx=0,nodeIdx=1,hash=6099369c...
info|2022-11-24 12:00:10.427466|[g:1][CONSENSUS][PBFT]checkTimeout Succ,view=64378,toView=64379,nodeIdx=1,changeCycle=1,myNode=74ec5d39...,timecost=0
info|2022-11-24 12:00:10.429145|[g:1][CONSENSUS][PBFT]checkAndChangeView: Reach consensus,org_view=64378,cur_changeCycle=1,curView=64378,view=64379
info|2022-11-24 12:00:11.431580|[g:1][CONSENSUS]addRawPrepare,height=32,reqIdx=2,hash=6f3dcac5...,time=0
info|2022-11-24 12:00:11.432266|[g:1][CONSENSUS][PBFT]checkTimeout Succ,view=64379,toView=64380,nodeIdx=1,changeCycle=1,myNode=74ec5d39...,timecost=1
info|2022-11-24 12:00:11.434224|[g:1][CONSENSUS][PBFT]checkAndChangeView: Reach consensus,org_view=64379,cur_changeCycle=1,curView=64379,view=64380
info|2022-11-24 12:00:12.438454|[g:1][CONSENSUS]addRawPrepare,height=32,reqIdx=3,hash=7928c50c...,time=0
info|2022-11-24 12:00:12.438925|[g:1][CONSENSUS][PBFT]checkTimeout Succ,view=64380,toView=64381,nodeIdx=1,changeCycle=1,myNode=74ec5d39...,timecost=0
info|2022-11-24 12:00:12.440725|[g:1][CONSENSUS][PBFT]checkAndChangeView: Reach consensus,org_view=64380,cur_changeCycle=1,curView=64380,view=64381
info|2022-11-24 12:00:13.444141|[g:1][CONSENSUS]addRawPrepare,height=32,reqIdx=0,hash=6488fb35...,time=0
info|2022-11-24 12:00:13.444810|[g:1][CONSENSUS][PBFT]checkTimeout Succ,view=64381,toView=64382,nodeIdx=1,changeCycle=1,myNode=74ec5d39...,timecost=0
info|2022-11-24 12:00:13.447013|[g:1][CONSENSUS][PBFT]checkAndChangeView: Reach consensus,org_view=64381,cur_changeCycle=1,curView=64381,view=64382
info|2022-11-24 12:00:14.446789|[g:1][CONSENSUS][SEALER]++++++++++++++++ Generating seal on,blkNum=32,tx=0,nodeIdx=1,hash=8857fcb8...
info|2022-11-24 12:00:14.449492|[g:1][CONSENSUS][PBFT]checkTimeout Succ,view=64382,toView=64383,nodeIdx=1,changeCycle=1,myNode=74ec5d39...,timecost=2
info|2022-11-24 12:00:14.452353|[g:1][CONSENSUS][PBFT]checkAndChangeView: Reach consensus,org_view=64382,cur_changeCycle=1,curView=64382,view=64383
info|2022-11-24 12:00:15.456787|[g:1][CONSENSUS]addRawPrepare,height=32,reqIdx=2,hash=6c64f02c...,time=0
info|2022-11-24 12:00:15.457625|[g:1][CONSENSUS][PBFT]checkTimeout Succ,view=64383,toView=64384,nodeIdx=1,changeCycle=1,myNode=74ec5d39...,timecost=1
info|2022-11-24 12:00:15.459502|[g:1][CONSENSUS][PBFT]checkAndChangeView: Reach consensus,org_view=64383,cur_changeCycle=1,curView=64383,view=64384
info|2022-11-24 12:00:16.463333|[g:1][CONSENSUS]addRawPrepare,height=32,reqIdx=3,hash=892ff2b3...,time=0
info|2022-11-24 12:00:16.464158|[g:1][CONSENSUS][PBFT]checkTimeout Succ,view=64384,toView=64385,nodeIdx=1,changeCycle=1,myNode=74ec5d39...,timecost=1
info|2022-11-24 12:00:16.466422|[g:1][CONSENSUS][PBFT]checkAndChangeView: Reach consensus,org_view=64384,cur_changeCycle=1,curView=64384,view=64385
info|2022-11-24 12:00:16.682985|[P2P][Service] heartBeat,connected count=3
info|2022-11-24 12:00:17.468870|[g:1][CONSENSUS]addRawPrepare,height=32,reqIdx=0,hash=9e0a4743...,time=0
info|2022-11-24 12:00:17.469914|[g:1][CONSENSUS][PBFT]checkTimeout Succ,view=64385,toView=64386,nodeIdx=1,changeCycle=1,myNode=74ec5d39...,timecost=0
info|2022-11-24 12:00:17.472520|[g:1][CONSENSUS][PBFT]checkAndChangeView: Reach consensus,org_view=64385,cur_changeCycle=1,curView=64385,view=64386
info|2022-11-24 12:00:18.473276|[g:1][CONSENSUS][SEALER]++++++++++++++++ Generating seal on,blkNum=32,tx=0,nodeIdx=1,hash=ed347d57...
info|2022-11-24 12:00:18.473852|[g:1][CONSENSUS][PBFT]checkTimeout Succ,view=64386,toView=64387,nodeIdx=1,changeCycle=1,myNode=74ec5d39...,timecost=0
info|2022-11-24 12:00:18.475714|[g:1][CONSENSUS][PBFT]checkAndChangeView: Reach consensus,org_view=64386,cur_changeCycle=1,curView=64386,view=64387
info|2022-11-24 12:00:19.476955|[g:1][CONSENSUS]addRawPrepare,height=32,reqIdx=2,hash=5c9e0307...,time=0
info|2022-11-24 12:00:19.477368|[g:1][CONSENSUS][PBFT]checkTimeout Succ,view=64387,toView=64388,nodeIdx=1,changeCycle=1,myNode=74ec5d39...,timecost=0
info|2022-11-24 12:00:19.478461|[g:1][CONSENSUS][PBFT]checkAndChangeView: Reach consensus,org_view=64387,cur_changeCycle=1,curView=64387,view=64388
info|2022-11-24 12:00:20.481461|[g:1][CONSENSUS]addRawPrepare,height=32,reqIdx=3,hash=ead8c2bb...,time=0
info|2022-11-24 12:00:20.482189|[g:1][CONSENSUS][PBFT]checkTimeout Succ,view=64388,toView=64389,nodeIdx=1,changeCycle=1,myNode=74ec5d39...,timecost=1
info|2022-11-24 12:00:20.484373|[g:1][CONSENSUS][PBFT]checkAndChangeView: Reach consensus,org_view=64388,cur_changeCycle=1,curView=64388,view=64389
info|2022-11-24 12:00:21.486393|[g:1][CONSENSUS]addRawPrepare,height=32,reqIdx=0,hash=5a9967a9...,time=0
info|2022-11-24 12:00:21.486777|[g:1][CONSENSUS][PBFT]checkTimeout Succ,view=64389,toView=64390,nodeIdx=1,changeCycle=1,myNode=74ec5d39...,timecost=0
info|2022-11-24 12:00:21.488054|[g:1][CONSENSUS][PBFT]checkAndChangeView: Reach consensus,org_view=64389,cur_changeCycle=1,curView=64389,view=64390
info|2022-11-24 12:00:22.487802|[g:1][CONSENSUS][SEALER]++++++++++++++++ Generating seal on,blkNum=32,tx=0,nodeIdx=1,hash=be2fa00f...
info|2022-11-24 12:00:22.489993|[g:1][CONSENSUS][PBFT]checkTimeout Succ,view=64390,toView=64391,nodeIdx=1,changeCycle=1,myNode=74ec5d39...,timecost=1
info|2022-11-24 12:00:22.490463|[g:1][CONSENSUS][PBFT]checkAndChangeView: Reach consensus,org_view=64390,cur_changeCycle=1,curView=64390,view=64391
info|2022-11-24 12:00:23.491653|[g:1][CONSENSUS]addRawPrepare,height=32,reqIdx=2,hash=a489be97...,time=0
info|2022-11-24 12:00:23.492010|[g:1][CONSENSUS][PBFT]checkTimeout Succ,view=64391,toView=64392,nodeIdx=1,changeCycle=1,myNode=74ec5d39...,timecost=1
info|2022-11-24 12:00:23.492705|[g:1][CONSENSUS][PBFT]checkAndChangeView: Reach consensus,org_view=64391,cur_changeCycle=1,curView=64391,view=64392
info|2022-11-24 12:00:24.494234|[g:1][CONSENSUS]addRawPrepare,height=32,reqIdx=3,hash=f21a7341...,time=0
info|2022-11-24 12:00:24.494584|[g:1][CONSENSUS][PBFT]checkTimeout Succ,view=64392,toView=64393,nodeIdx=1,changeCycle=1,myNode=74ec5d39...,timecost=0
info|2022-11-24 12:00:24.495303|[g:1][CONSENSUS][PBFT]checkAndChangeView: Reach consensus,org_view=64392,cur_changeCycle=1,curView=64392,view=64393
info|2022-11-24 12:00:25.498381|[g:1][CONSENSUS]addRawPrepare,height=32,reqIdx=0,hash=8e2f65fe...,time=0
info|2022-11-24 12:00:25.499071|[g:1][CONSENSUS][PBFT]checkTimeout Succ,view=64393,toView=64394,nodeIdx=1,changeCycle=1,myNode=74ec5d39...,timecost=1
info|2022-11-24 12:00:25.501507|[g:1][CONSENSUS][PBFT]checkAndChangeView: Reach consensus,org_view=64393,cur_changeCycle=1,curView=64393,view=64394
info|2022-11-24 12:00:26.501744|[g:1][CONSENSUS][SEALER]++++++++++++++++ Generating seal on,blkNum=32,tx=0,nodeIdx=1,hash=6801974e...
info|2022-11-24 12:00:26.505660|[g:1][CONSENSUS][PBFT]checkTimeout Succ,view=64394,toView=64395,nodeIdx=1,changeCycle=1,myNode=74ec5d39...,timecost=0
info|2022-11-24 12:00:26.506462|[g:1][CONSENSUS][PBFT]checkAndChangeView: Reach consensus,org_view=64394,cur_changeCycle=1,curView=64394,view=64395
info|2022-11-24 12:00:26.683765|[P2P][Service] heartBeat,connected count=3
info|2022-11-24 12:00:27.508009|[g:1][CONSENSUS]addRawPrepare,height=32,reqIdx=2,hash=02109dba...,time=1
info|2022-11-24 12:00:27.508446|[g:1][CONSENSUS][PBFT]checkTimeout Succ,view=64395,toView=64396,nodeIdx=1,changeCycle=1,myNode=74ec5d39...,timecost=0
info|2022-11-24 12:00:27.510590|[g:1][CONSENSUS][PBFT]checkAndChangeView: Reach consensus,org_view=64395,cur_changeCycle=1,curView=64395,view=64396
info|2022-11-24 12:00:28.512548|[g:1][CONSENSUS]addRawPrepare,height=32,reqIdx=3,hash=86d378b9...,time=0
info|2022-11-24 12:00:28.512838|[g:1][CONSENSUS][PBFT]checkTimeout Succ,view=64396,toView=64397,nodeIdx=1,changeCycle=1,myNode=74ec5d39...,timecost=0
info|2022-11-24 12:00:28.513654|[g:1][CONSENSUS][PBFT]checkAndChangeView: Reach consensus,org_view=64396,cur_changeCycle=1,curView=64396,view=64397
info|2022-11-24 12:00:29.516244|[g:1][CONSENSUS]addRawPrepare,height=32,reqIdx=0,hash=1d05ee37...,time=0
info|2022-11-24 12:00:29.516873|[g:1][CONSENSUS][PBFT]checkTimeout Succ,view=64397,toView=64398,nodeIdx=1,changeCycle=1,myNode=74ec5d39...,timecost=0
info|2022-11-24 12:00:29.518524|[g:1][CONSENSUS][PBFT]checkAndChangeView: Reach consensus,org_view=64397,cur_changeCycle=1,curView=64397,view=64398
info|2022-11-24 12:00:30.519942|[g:1][CONSENSUS][SEALER]++++++++++++++++ Generating seal on,blkNum=32,tx=0,nodeIdx=1,hash=4fe4df8b...
info|2022-11-24 12:00:30.521720|[g:1][CONSENSUS][PBFT]checkTimeout Succ,view=64398,toView=64399,nodeIdx=1,changeCycle=1,myNode=74ec5d39...,timecost=1
info|2022-11-24 12:00:30.526078|[g:1][CONSENSUS][PBFT]checkAndChangeView: Reach consensus,org_view=64398,cur_changeCycle=1,curView=64398,view=64399
info|2022-11-24 12:00:31.528258|[g:1][CONSENSUS]addRawPrepare,height=32,reqIdx=2,hash=35a19c93...,time=0
info|2022-11-24 12:00:31.528927|[g:1][CONSENSUS][PBFT]checkTimeout Succ,view=64399,toView=64400,nodeIdx=1,changeCycle=1,myNode=74ec5d39...,timecost=0
info|2022-11-24 12:00:31.530674|[g:1][CONSENSUS][PBFT]checkAndChangeView: Reach consensus,org_view=64399,cur_changeCycle=1,curView=64399,view=64400
info|2022-11-24 12:00:32.536862|[g:1][CONSENSUS]addRawPrepare,height=32,reqIdx=3,hash=17a4673d...,time=0
info|2022-11-24 12:00:32.537203|[g:1][CONSENSUS][PBFT]checkTimeout Succ,view=64400,toView=64401,nodeIdx=1,changeCycle=1,myNode=74ec5d39...,timecost=1
info|2022-11-24 12:00:32.558527|[g:1][CONSENSUS][PBFT]checkAndChangeView: Reach consensus,org_view=64400,cur_changeCycle=1,curView=64400,view=64401
info|2022-11-24 12:00:33.561036|[g:1][CONSENSUS]addRawPrepare,height=32,reqIdx=0,hash=ff55fd4e...,time=0
info|2022-11-24 12:00:33.561667|[g:1][CONSENSUS][PBFT]checkTimeout Succ,view=64401,toView=64402,nodeIdx=1,changeCycle=1,myNode=74ec5d39...,timecost=0
info|2022-11-24 12:00:33.563828|[g:1][CONSENSUS][PBFT]checkAndChangeView: Reach consensus,org_view=64401,cur_changeCycle=1,curView=64401,view=64402
info|2022-11-24 12:00:34.563816|[g:1][CONSENSUS][SEALER]++++++++++++++++ Generating seal on,blkNum=32,tx=0,nodeIdx=1,hash=16dc2b3d...
info|2022-11-24 12:00:34.568957|[g:1][CONSENSUS][PBFT]checkTimeout Succ,view=64402,toView=64403,nodeIdx=1,changeCycle=1,myNode=74ec5d39...,timecost=0
info|2022-11-24 12:00:34.570000|[g:1][CONSENSUS][PBFT]checkAndChangeView: Reach consensus,org_view=64402,cur_changeCycle=1,curView=64402,view=64403
info|2022-11-24 12:00:35.572402|[g:1][CONSENSUS]addRawPrepare,height=32,reqIdx=2,hash=2770ab0c...,time=0
info|2022-11-24 12:00:35.573503|[g:1][CONSENSUS][PBFT]checkTimeout Succ,view=64403,toView=64404,nodeIdx=1,changeCycle=1,myNode=74ec5d39...,timecost=1
info|2022-11-24 12:00:35.575985|[g:1][CONSENSUS][PBFT]checkAndChangeView: Reach consensus,org_view=64403,cur_changeCycle=1,curView=64403,view=64404
info|2022-11-24 12:00:36.579609|[g:1][CONSENSUS]addRawPrepare,height=32,reqIdx=3,hash=bad766d6...,time=0
info|2022-11-24 12:00:36.580273|[g:1][CONSENSUS][PBFT]checkTimeout Succ,view=64404,toView=64405,nodeIdx=1,changeCycle=1,myNode=74ec5d39...,timecost=1
info|2022-11-24 12:00:36.582342|[g:1][CONSENSUS][PBFT]checkAndChangeView: Reach consensus,org_view=64404,cur_changeCycle=1,curView=64404,view=64405
info|2022-11-24 12:00:36.684549|[P2P][Service] heartBeat,connected count=3
info|2022-11-24 12:00:37.585496|[g:1][CONSENSUS]addRawPrepare,height=32,reqIdx=0,hash=d0f919ea...,time=0
info|2022-11-24 12:00:37.586189|[g:1][CONSENSUS][PBFT]checkTimeout Succ,view=64405,toView=64406,nodeIdx=1,changeCycle=1,myNode=74ec5d39...,timecost=1
info|2022-11-24 12:00:37.588609|[g:1][CONSENSUS][PBFT]checkAndChangeView: Reach consensus,org_view=64405,cur_changeCycle=1,curView=64405,view=64406
info|2022-11-24 12:00:38.588567|[g:1][CONSENSUS][SEALER]++++++++++++++++ Generating seal on,blkNum=32,tx=0,nodeIdx=1,hash=60a2644e...
info|2022-11-24 12:00:38.589170|[g:1][CONSENSUS][PBFT]checkTimeout Succ,view=64406,toView=64407,nodeIdx=1,changeCycle=1,myNode=74ec5d39...,timecost=1
info|2022-11-24 12:00:38.591138|[g:1][CONSENSUS][PBFT]checkAndChangeView: Reach consensus,org_view=64406,cur_changeCycle=1,curView=64406,view=64407
info|2022-11-24 12:00:39.592601|[g:1][CONSENSUS]addRawPrepare,height=32,reqIdx=2,hash=d085b67d...,time=0
info|2022-11-24 12:00:39.592979|[g:1][CONSENSUS][PBFT]checkTimeout Succ,view=64407,toView=64408,nodeIdx=1,changeCycle=1,myNode=74ec5d39...,timecost=0
info|2022-11-24 12:00:39.594158|[g:1][CONSENSUS][PBFT]checkAndChangeView: Reach consensus,org_view=64407,cur_changeCycle=1,curView=64407,view=64408
info|2022-11-24 12:00:40.598538|[g:1][CONSENSUS]addRawPrepare,height=32,reqIdx=3,hash=2236ff40...,time=0
info|2022-11-24 12:00:40.599489|[g:1][CONSENSUS][PBFT]checkTimeout Succ,view=64408,toView=64409,nodeIdx=1,changeCycle=1,myNode=74ec5d39...,timecost=1
info|2022-11-24 12:00:40.601329|[g:1][CONSENSUS][PBFT]checkAndChangeView: Reach consensus,org_view=64408,cur_changeCycle=1,curView=64408,view=64409
info|2022-11-24 12:00:41.604665|[g:1][CONSENSUS]addRawPrepare,height=32,reqIdx=0,hash=90e50cee...,time=0
info|2022-11-24 12:00:41.605296|[g:1][CONSENSUS][PBFT]checkTimeout Succ,view=64409,toView=64410,nodeIdx=1,changeCycle=1,myNode=74ec5d39...,timecost=1
info|2022-11-24 12:00:41.607115|[g:1][CONSENSUS][PBFT]checkAndChangeView: Reach consensus,org_view=64409,cur_changeCycle=1,curView=64409,view=64410
info|2022-11-24 12:00:42.608651|[g:1][CONSENSUS][SEALER]++++++++++++++++ Generating seal on,blkNum=32,tx=0,nodeIdx=1,hash=0f58af27...
info|2022-11-24 12:00:42.610992|[g:1][CONSENSUS][PBFT]checkTimeout Succ,view=64410,toView=64411,nodeIdx=1,changeCycle=1,myNode=74ec5d39...,timecost=1
info|2022-11-24 12:00:42.615616|[g:1][CONSENSUS][PBFT]checkAndChangeView: Reach consensus,org_view=64410,cur_changeCycle=1,curView=64410,view=64411
info|2022-11-24 12:00:42.873819|[RPC][getGroupList]request
info|2022-11-24 12:00:43.616045|[g:1][CONSENSUS]addRawPrepare,height=32,reqIdx=2,hash=e40cd7ed...,time=0
info|2022-11-24 12:00:43.616632|[g:1][CONSENSUS][PBFT]checkTimeout Succ,view=64411,toView=64412,nodeIdx=1,changeCycle=1,myNode=74ec5d39...,timecost=0
info|2022-11-24 12:00:43.618250|[g:1][CONSENSUS][PBFT]checkAndChangeView: Reach consensus,org_view=64411,cur_changeCycle=1,curView=64411,view=64412
info|2022-11-24 12:00:44.620436|[g:1][CONSENSUS]addRawPrepare,height=32,reqIdx=3,hash=fbe25aa9...,time=0
info|2022-11-24 12:00:44.621097|[g:1][CONSENSUS][PBFT]checkTimeout Succ,view=64412,toView=64413,nodeIdx=1,changeCycle=1,myNode=74ec5d39...,timecost=1
info|2022-11-24 12:00:44.623014|[g:1][CONSENSUS][PBFT]checkAndChangeView: Reach consensus,org_view=64412,cur_changeCycle=1,curView=64412,view=64413
info|2022-11-24 12:00:45.627749|[g:1][CONSENSUS]addRawPrepare,height=32,reqIdx=0,hash=cf80b3c4...,time=0
info|2022-11-24 12:00:45.628387|[g:1][CONSENSUS][PBFT]checkTimeout Succ,view=64413,toView=64414,nodeIdx=1,changeCycle=1,myNode=74ec5d39...,timecost=1
info|2022-11-24 12:00:45.629916|[g:1][CONSENSUS][PBFT]checkAndChangeView: Reach consensus,org_view=64413,cur_changeCycle=1,curView=64413,view=64414
info|2022-11-24 12:00:46.630637|[g:1][CONSENSUS][SEALER]++++++++++++++++ Generating seal on,blkNum=32,tx=0,nodeIdx=1,hash=040a163d...
info|2022-11-24 12:00:46.635604|[g:1][CONSENSUS][PBFT]checkTimeout Succ,view=64414,toView=64415,nodeIdx=1,changeCycle=1,myNode=74ec5d39...,timecost=0
info|2022-11-24 12:00:46.637239|[g:1][CONSENSUS][PBFT]checkAndChangeView: Reach consensus,org_view=64414,cur_changeCycle=1,curView=64414,view=64415
info|2022-11-24 12:00:46.684874|[P2P][Service] heartBeat,connected count=3
info|2022-11-24 12:00:47.640955|[g:1][CONSENSUS]addRawPrepare,height=32,reqIdx=2,hash=dfdbe426...,time=0
info|2022-11-24 12:00:47.642001|[g:1][CONSENSUS][PBFT]checkTimeout Succ,view=64415,toView=64416,nodeIdx=1,changeCycle=1,myNode=74ec5d39...,timecost=1
info|2022-11-24 12:00:47.643591|[g:1][CONSENSUS][PBFT]checkAndChangeView: Reach consensus,org_view=64415,cur_changeCycle=1,curView=64415,view=64416
info|2022-11-24 12:00:48.645013|[g:1][CONSENSUS]addRawPrepare,height=32,reqIdx=3,hash=3a6ef06d...,time=0
info|2022-11-24 12:00:48.645373|[g:1][CONSENSUS][PBFT]checkTimeout Succ,view=64416,toView=64417,nodeIdx=1,changeCycle=1,myNode=74ec5d39...,timecost=0
info|2022-11-24 12:00:48.646290|[g:1][CONSENSUS][PBFT]checkAndChangeView: Reach consensus,org_view=64416,cur_changeCycle=1,curView=64416,view=64417
info|2022-11-24 12:00:49.649285|[g:1][CONSENSUS]addRawPrepare,height=32,reqIdx=0,hash=536dcc48...,time=0
info|2022-11-24 12:00:49.649936|[g:1][CONSENSUS][PBFT]checkTimeout Succ,view=64417,toView=64418,nodeIdx=1,changeCycle=1,myNode=74ec5d39...,timecost=0
info|2022-11-24 12:00:49.652111|[g:1][CONSENSUS][PBFT]checkAndChangeView: Reach consensus,org_view=64417,cur_changeCycle=1,curView=64417,view=64418
info|2022-11-24 12:00:50.653068|[g:1][CONSENSUS][SEALER]++++++++++++++++ Generating seal on,blkNum=32,tx=0,nodeIdx=1,hash=28d24517...
info|2022-11-24 12:00:50.655645|[g:1][CONSENSUS][PBFT]checkTimeout Succ,view=64418,toView=64419,nodeIdx=1,changeCycle=1,myNode=74ec5d39...,timecost=0
info|2022-11-24 12:00:50.656081|[g:1][CONSENSUS][PBFT]checkAndChangeView: Reach consensus,org_view=64418,cur_changeCycle=1,curView=64418,view=64419
info|2022-11-24 12:00:51.658762|[g:1][CONSENSUS]addRawPrepare,height=32,reqIdx=2,hash=62c5751e...,time=0
info|2022-11-24 12:00:51.659732|[g:1][CONSENSUS][PBFT]checkTimeout Succ,view=64419,toView=64420,nodeIdx=1,changeCycle=1,myNode=74ec5d39...,timecost=1
info|2022-11-24 12:00:51.662031|[g:1][CONSENSUS][PBFT]checkAndChangeView: Reach consensus,org_view=64419,cur_changeCycle=1,curView=64419,view=64420
info|2022-11-24 12:00:52.664723|[g:1][CONSENSUS]addRawPrepare,height=32,reqIdx=3,hash=d8047a4a...,time=0
info|2022-11-24 12:00:52.665385|[g:1][CONSENSUS][PBFT]checkTimeout Succ,view=64420,toView=64421,nodeIdx=1,changeCycle=1,myNode=74ec5d39...,timecost=1
info|2022-11-24 12:00:52.667086|[g:1][CONSENSUS][PBFT]checkAndChangeView: Reach consensus,org_view=64420,cur_changeCycle=1,curView=64420,view=64421
info|2022-11-24 12:00:53.670233|[g:1][CONSENSUS]addRawPrepare,height=32,reqIdx=0,hash=e2438c50...,time=0
info|2022-11-24 12:00:53.671006|[g:1][CONSENSUS][PBFT]checkTimeout Succ,view=64421,toView=64422,nodeIdx=1,changeCycle=1,myNode=74ec5d39...,timecost=1
info|2022-11-24 12:00:53.672829|[g:1][CONSENSUS][PBFT]checkAndChangeView: Reach consensus,org_view=64421,cur_changeCycle=1,curView=64421,view=64422
info|2022-11-24 12:00:54.672885|[g:1][CONSENSUS][SEALER]++++++++++++++++ Generating seal on,blkNum=32,tx=0,nodeIdx=1,hash=8f035179...
info|2022-11-24 12:00:54.677872|[g:1][CONSENSUS][PBFT]checkTimeout Succ,view=64422,toView=64423,nodeIdx=1,changeCycle=1,myNode=74ec5d39...,timecost=0
info|2022-11-24 12:00:54.679469|[g:1][CONSENSUS][PBFT]checkAndChangeView: Reach consensus,org_view=64422,cur_changeCycle=1,curView=64422,view=64423
info|2022-11-24 12:00:55.682586|[g:1][CONSENSUS]addRawPrepare,height=32,reqIdx=2,hash=74ade1ee...,time=0
info|2022-11-24 12:00:55.683225|[g:1][CONSENSUS][PBFT]checkTimeout Succ,view=64423,toView=64424,nodeIdx=1,changeCycle=1,myNode=74ec5d39...,timecost=1
info|2022-11-24 12:00:55.685356|[g:1][CONSENSUS][PBFT]checkAndChangeView: Reach consensus,org_view=64423,cur_changeCycle=1,curView=64423,view=64424
info|2022-11-24 12:00:56.686126|[P2P][Service] heartBeat,connected count=3
info|2022-11-24 12:00:56.689133|[g:1][CONSENSUS]addRawPrepare,height=32,reqIdx=3,hash=a4802430...,time=0
info|2022-11-24 12:00:56.690054|[g:1][CONSENSUS][PBFT]checkTimeout Succ,view=64424,toView=64425,nodeIdx=1,changeCycle=1,myNode=74ec5d39...,timecost=1
info|2022-11-24 12:00:56.692210|[g:1][CONSENSUS][PBFT]checkAndChangeView: Reach consensus,org_view=64424,cur_changeCycle=1,curView=64424,view=64425
info|2022-11-24 12:00:57.695093|[g:1][CONSENSUS]addRawPrepare,height=32,reqIdx=0,hash=4423beb0...,time=0
info|2022-11-24 12:00:57.695736|[g:1][CONSENSUS][PBFT]checkTimeout Succ,view=64425,toView=64426,nodeIdx=1,changeCycle=1,myNode=74ec5d39...,timecost=0
info|2022-11-24 12:00:57.697548|[g:1][CONSENSUS][PBFT]checkAndChangeView: Reach consensus,org_view=64425,cur_changeCycle=1,curView=64425,view=64426
info|2022-11-24 12:00:58.697574|[g:1][CONSENSUS][SEALER]++++++++++++++++ Generating seal on,blkNum=32,tx=0,nodeIdx=1,hash=f5d494b7...
info|2022-11-24 12:00:58.698845|[g:1][CONSENSUS][PBFT]checkTimeout Succ,view=64426,toView=64427,nodeIdx=1,changeCycle=1,myNode=74ec5d39...,timecost=0
info|2022-11-24 12:00:58.700015|[g:1][CONSENSUS][PBFT]checkAndChangeView: Reach consensus,org_view=64426,cur_changeCycle=1,curView=64426,view=64427
info|2022-11-24 12:00:59.702387|[g:1][CONSENSUS]addRawPrepare,height=32,reqIdx=2,hash=3b94325a...,time=0
info|2022-11-24 12:00:59.702645|[g:1][CONSENSUS][PBFT]checkTimeout Succ,view=64427,toView=64428,nodeIdx=1,changeCycle=1,myNode=74ec5d39...,timecost=0
info|2022-11-24 12:00:59.703737|[g:1][CONSENSUS][PBFT]checkAndChangeView: Reach consensus,org_view=64427,cur_changeCycle=1,curView=64427,view=64428
info|2022-11-24 12:01:00.707284|[g:1][CONSENSUS]addRawPrepare,height=32,reqIdx=3,hash=15ed8145...,time=0
info|2022-11-24 12:01:00.708108|[g:1][CONSENSUS][PBFT]checkTimeout Succ,view=64428,toView=64429,nodeIdx=1,changeCycle=1,myNode=74ec5d39...,timecost=1
info|2022-11-24 12:01:00.710463|[g:1][CONSENSUS][PBFT]checkAndChangeView: Reach consensus,org_view=64428,cur_changeCycle=1,curView=64428,view=64429
info|2022-11-24 12:01:01.713508|[g:1][CONSENSUS]addRawPrepare,height=32,reqIdx=0,hash=3e107749...,time=0
info|2022-11-24 12:01:01.714260|[g:1][CONSENSUS][PBFT]checkTimeout Succ,view=64429,toView=64430,nodeIdx=1,changeCycle=1,myNode=74ec5d39...,timecost=1
info|2022-11-24 12:01:01.716388|[g:1][CONSENSUS][PBFT]checkAndChangeView: Reach consensus,org_view=64429,cur_changeCycle=1,curView=64429,view=64430
info|2022-11-24 12:01:02.716870|[g:1][CONSENSUS][SEALER]++++++++++++++++ Generating seal on,blkNum=32,tx=0,nodeIdx=1,hash=5d4a1a89...
info|2022-11-24 12:01:02.719150|[g:1][CONSENSUS][PBFT]checkTimeout Succ,view=64430,toView=64431,nodeIdx=1,changeCycle=1,myNode=74ec5d39...,timecost=1
info|2022-11-24 12:01:02.723589|[g:1][CONSENSUS][PBFT]checkAndChangeView: Reach consensus,org_view=64430,cur_changeCycle=1,curView=64430,view=64431
info|2022-11-24 12:01:03.726229|[g:1][CONSENSUS]addRawPrepare,height=32,reqIdx=2,hash=d3db0084...,time=0
info|2022-11-24 12:01:03.727037|[g:1][CONSENSUS][PBFT]checkTimeout Succ,view=64431,toView=64432,nodeIdx=1,changeCycle=1,myNode=74ec5d39...,timecost=1
info|2022-11-24 12:01:03.729019|[g:1][CONSENSUS][PBFT]checkAndChangeView: Reach consensus,org_view=64431,cur_changeCycle=1,curView=64431,view=64432
info|2022-11-24 12:01:04.731326|[g:1][CONSENSUS]addRawPrepare,height=32,reqIdx=3,hash=6e8e94c1...,time=0
info|2022-11-24 12:01:04.732065|[g:1][CONSENSUS][PBFT]checkTimeout Succ,view=64432,toView=64433,nodeIdx=1,changeCycle=1,myNode=74ec5d39...,timecost=1
info|2022-11-24 12:01:04.734131|[g:1][CONSENSUS][PBFT]checkAndChangeView: Reach consensus,org_view=64432,cur_changeCycle=1,curView=64432,view=64433
info|2022-11-24 12:01:05.737806|[g:1][CONSENSUS]addRawPrepare,height=32,reqIdx=0,hash=6dd86f37...,time=0
info|2022-11-24 12:01:05.738431|[g:1][CONSENSUS][PBFT]checkTimeout Succ,view=64433,toView=64434,nodeIdx=1,changeCycle=1,myNode=74ec5d39...,timecost=1
info|2022-11-24 12:01:05.741934|[g:1][CONSENSUS][PBFT]checkAndChangeView: Reach consensus,org_view=64433,cur_changeCycle=1,curView=64433,view=64434
info|2022-11-24 12:01:06.687034|[P2P][Service] heartBeat,connected count=3
info|2022-11-24 12:01:06.742678|[g:1][CONSENSUS][SEALER]++++++++++++++++ Generating seal on,blkNum=32,tx=0,nodeIdx=1,hash=9a49e4eb...
info|2022-11-24 12:01:06.743261|[g:1][CONSENSUS][PBFT]checkTimeout Succ,view=64434,toView=64435,nodeIdx=1,changeCycle=1,myNode=74ec5d39...,timecost=1
info|2022-11-24 12:01:06.745383|[g:1][CONSENSUS][PBFT]checkAndChangeView: Reach consensus,org_view=64434,cur_changeCycle=1,curView=64434,view=64435
info|2022-11-24 12:01:07.746134|[g:1][CONSENSUS]addRawPrepare,height=32,reqIdx=2,hash=b32737a1...,time=0
info|2022-11-24 12:01:07.746436|[g:1][CONSENSUS][PBFT]checkTimeout Succ,view=64435,toView=64436,nodeIdx=1,changeCycle=1,myNode=74ec5d39...,timecost=0
info|2022-11-24 12:01:07.747387|[g:1][CONSENSUS][PBFT]checkAndChangeView: Reach consensus,org_view=64435,cur_changeCycle=1,curView=64435,view=64436
info|2022-11-24 12:01:08.748575|[g:1][CONSENSUS]addRawPrepare,height=32,reqIdx=3,hash=272a432b...,time=0
info|2022-11-24 12:01:08.748986|[g:1][CONSENSUS][PBFT]checkTimeout Succ,view=64436,toView=64437,nodeIdx=1,changeCycle=1,myNode=74ec5d39...,timecost=0
info|2022-11-24 12:01:08.761442|[g:1][CONSENSUS][PBFT]checkAndChangeView: Reach consensus,org_view=64436,cur_changeCycle=1,curView=64436,view=64437
info|2022-11-24 12:01:09.752641|[g:1][CONSENSUS]addRawPrepare,height=32,reqIdx=0,hash=bb20ea4b...,time=0
info|2022-11-24 12:01:09.752951|[g:1][CONSENSUS][PBFT]checkTimeout Succ,view=64437,toView=64438,nodeIdx=1,changeCycle=1,myNode=74ec5d39...,timecost=0
info|2022-11-24 12:01:09.753574|[g:1][CONSENSUS][PBFT]checkAndChangeView: Reach consensus,org_view=64437,cur_changeCycle=1,curView=64437,view=64438
info|2022-11-24 12:01:10.753023|[g:1][CONSENSUS][SEALER]++++++++++++++++ Generating seal on,blkNum=32,tx=0,nodeIdx=1,hash=676e5abe...
info|2022-11-24 12:01:10.754873|[g:1][CONSENSUS][PBFT]checkTimeout Succ,view=64438,toView=64439,nodeIdx=1,changeCycle=1,myNode=74ec5d39...,timecost=0
info|2022-11-24 12:01:10.755855|[g:1][CONSENSUS][PBFT]checkAndChangeView: Reach consensus,org_view=64438,cur_changeCycle=1,curView=64438,view=64439
info|2022-11-24 12:01:11.756859|[g:1][CONSENSUS]addRawPrepare,height=32,reqIdx=2,hash=d489b13d...,time=0
info|2022-11-24 12:01:11.757154|[g:1][CONSENSUS][PBFT]checkTimeout Succ,view=64439,toView=64440,nodeIdx=1,changeCycle=1,myNode=74ec5d39...,timecost=1
info|2022-11-24 12:01:11.757860|[g:1][CONSENSUS][PBFT]checkAndChangeView: Reach consensus,org_view=64439,cur_changeCycle=1,curView=64439,view=64440
info|2022-11-24 12:01:12.760020|[g:1][CONSENSUS]addRawPrepare,height=32,reqIdx=3,hash=85778545...,time=0
info|2022-11-24 12:01:12.760267|[g:1][CONSENSUS][PBFT]checkTimeout Succ,view=64440,toView=64441,nodeIdx=1,changeCycle=1,myNode=74ec5d39...,timecost=0
info|2022-11-24 12:01:12.761214|[g:1][CONSENSUS][PBFT]checkAndChangeView: Reach consensus,org_view=64440,cur_changeCycle=1,curView=64440,view=64441
info|2022-11-24 12:01:13.765250|[g:1][CONSENSUS]addRawPrepare,height=32,reqIdx=0,hash=e0e95b73...,time=0
info|2022-11-24 12:01:13.765480|[g:1][CONSENSUS][PBFT]checkTimeout Succ,view=64441,toView=64442,nodeIdx=1,changeCycle=1,myNode=74ec5d39...,timecost=0
info|2022-11-24 12:01:13.766182|[g:1][CONSENSUS][PBFT]checkAndChangeView: Reach consensus,org_view=64441,cur_changeCycle=1,curView=64441,view=64442
info|2022-11-24 12:01:14.768311|[g:1][CONSENSUS][SEALER]++++++++++++++++ Generating seal on,blkNum=32,tx=0,nodeIdx=1,hash=0fd4d4b3...
info|2022-11-24 12:01:14.768995|[g:1][CONSENSUS][PBFT]checkTimeout Succ,view=64442,toView=64443,nodeIdx=1,changeCycle=1,myNode=74ec5d39...,timecost=1
info|2022-11-24 12:01:14.770455|[g:1][CONSENSUS][PBFT]checkAndChangeView: Reach consensus,org_view=64442,cur_changeCycle=1,curView=64442,view=64443
info|2022-11-24 12:01:15.773730|[g:1][CONSENSUS]addRawPrepare,height=32,reqIdx=2,hash=c784b975...,time=0
info|2022-11-24 12:01:15.774034|[g:1][CONSENSUS][PBFT]checkTimeout Succ,view=64443,toView=64444,nodeIdx=1,changeCycle=1,myNode=74ec5d39...,timecost=1
info|2022-11-24 12:01:15.774786|[g:1][CONSENSUS][PBFT]checkAndChangeView: Reach consensus,org_view=64443,cur_changeCycle=1,curView=64443,view=64444
info|2022-11-24 12:01:16.688395|[P2P][Service] heartBeat,connected count=3
info|2022-11-24 12:01:16.777147|[g:1][CONSENSUS]addRawPrepare,height=32,reqIdx=3,hash=8765a1ae...,time=0
info|2022-11-24 12:01:16.777438|[g:1][CONSENSUS][PBFT]checkTimeout Succ,view=64444,toView=64445,nodeIdx=1,changeCycle=1,myNode=74ec5d39...,timecost=0
info|2022-11-24 12:01:16.778274|[g:1][CONSENSUS][PBFT]checkAndChangeView: Reach consensus,org_view=64444,cur_changeCycle=1,curView=64444,view=64445
info|2022-11-24 12:01:17.783523|[g:1][CONSENSUS]addRawPrepare,height=32,reqIdx=0,hash=5c590ac9...,time=0
info|2022-11-24 12:01:17.784546|[g:1][CONSENSUS][PBFT]checkTimeout Succ,view=64445,toView=64446,nodeIdx=1,changeCycle=1,myNode=74ec5d39...,timecost=1
info|2022-11-24 12:01:17.786689|[g:1][CONSENSUS][PBFT]checkAndChangeView: Reach consensus,org_view=64445,cur_changeCycle=1,curView=64445,view=64446
info|2022-11-24 12:01:18.788631|[g:1][CONSENSUS][SEALER]++++++++++++++++ Generating seal on,blkNum=32,tx=0,nodeIdx=1,hash=2ac19fa0...
info|2022-11-24 12:01:18.790638|[g:1][CONSENSUS][PBFT]checkTimeout Succ,view=64446,toView=64447,nodeIdx=1,changeCycle=1,myNode=74ec5d39...,timecost=1
info|2022-11-24 12:01:18.794349|[g:1][CONSENSUS][PBFT]checkAndChangeView: Reach consensus,org_view=64446,cur_changeCycle=1,curView=64446,view=64447
info|2022-11-24 12:01:19.797630|[g:1][CONSENSUS]addRawPrepare,height=32,reqIdx=2,hash=abbea85e...,time=0
info|2022-11-24 12:01:19.798541|[g:1][CONSENSUS][PBFT]checkTimeout Succ,view=64447,toView=64448,nodeIdx=1,changeCycle=1,myNode=74ec5d39...,timecost=1
info|2022-11-24 12:01:19.800222|[g:1][CONSENSUS][PBFT]checkAndChangeView: Reach consensus,org_view=64447,cur_changeCycle=1,curView=64447,view=64448
info|2022-11-24 12:01:20.803312|[g:1][CONSENSUS]addRawPrepare,height=32,reqIdx=3,hash=97d390c9...,time=0
info|2022-11-24 12:01:20.803758|[g:1][CONSENSUS][PBFT]checkTimeout Succ,view=64448,toView=64449,nodeIdx=1,changeCycle=1,myNode=74ec5d39...,timecost=0
info|2022-11-24 12:01:20.804776|[g:1][CONSENSUS][PBFT]checkAndChangeView: Reach consensus,org_view=64448,cur_changeCycle=1,curView=64448,view=64449
info|2022-11-24 12:01:21.809469|[g:1][CONSENSUS]addRawPrepare,height=32,reqIdx=0,hash=65810d75...,time=0
info|2022-11-24 12:01:21.810231|[g:1][CONSENSUS][PBFT]checkTimeout Succ,view=64449,toView=64450,nodeIdx=1,changeCycle=1,myNode=74ec5d39...,timecost=1
info|2022-11-24 12:01:21.812017|[g:1][CONSENSUS][PBFT]checkAndChangeView: Reach consensus,org_view=64449,cur_changeCycle=1,curView=64449,view=64450
info|2022-11-24 12:01:22.813762|[g:1][CONSENSUS][SEALER]++++++++++++++++ Generating seal on,blkNum=32,tx=0,nodeIdx=1,hash=1fd873c5...
info|2022-11-24 12:01:22.818150|[g:1][CONSENSUS][PBFT]checkTimeout Succ,view=64450,toView=64451,nodeIdx=1,changeCycle=1,myNode=74ec5d39...,timecost=1
info|2022-11-24 12:01:22.818967|[g:1][CONSENSUS][PBFT]checkAndChangeView: Reach consensus,org_view=64450,cur_changeCycle=1,curView=64450,view=64451
info|2022-11-24 12:01:23.823009|[g:1][CONSENSUS]addRawPrepare,height=32,reqIdx=2,hash=385c011b...,time=1
info|2022-11-24 12:01:23.824072|[g:1][CONSENSUS][PBFT]checkTimeout Succ,view=64451,toView=64452,nodeIdx=1,changeCycle=1,myNode=74ec5d39...,timecost=1
info|2022-11-24 12:01:23.826579|[g:1][CONSENSUS][PBFT]checkAndChangeView: Reach consensus,org_view=64451,cur_changeCycle=1,curView=64451,view=64452
info|2022-11-24 12:01:24.831021|[g:1][CONSENSUS]addRawPrepare,height=32,reqIdx=3,hash=7fb7b457...,time=0
info|2022-11-24 12:01:24.831736|[g:1][CONSENSUS][PBFT]checkTimeout Succ,view=64452,toView=64453,nodeIdx=1,changeCycle=1,myNode=74ec5d39...,timecost=0
info|2022-11-24 12:01:24.833919|[g:1][CONSENSUS][PBFT]checkAndChangeView: Reach consensus,org_view=64452,cur_changeCycle=1,curView=64452,view=64453
info|2022-11-24 12:01:25.837394|[g:1][CONSENSUS]addRawPrepare,height=32,reqIdx=0,hash=f263c86c...,time=0
info|2022-11-24 12:01:25.838398|[g:1][CONSENSUS][PBFT]checkTimeout Succ,view=64453,toView=64454,nodeIdx=1,changeCycle=1,myNode=74ec5d39...,timecost=1
info|2022-11-24 12:01:25.841087|[g:1][CONSENSUS][PBFT]checkAndChangeView: Reach consensus,org_view=64453,cur_changeCycle=1,curView=64453,view=64454
info|2022-11-24 12:01:26.689707|[P2P][Service] heartBeat,connected count=3
info|2022-11-24 12:01:26.842845|[g:1][CONSENSUS][SEALER]++++++++++++++++ Generating seal on,blkNum=32,tx=0,nodeIdx=1,hash=53dcaa24...
info|2022-11-24 12:01:26.844017|[g:1][CONSENSUS][PBFT]checkTimeout Succ,view=64454,toView=64455,nodeIdx=1,changeCycle=1,myNode=74ec5d39...,timecost=1
info|2022-11-24 12:01:26.847627|[g:1][CONSENSUS][PBFT]checkAndChangeView: Reach consensus,org_view=64454,cur_changeCycle=1,curView=64454,view=64455
info|2022-11-24 12:01:27.850926|[g:1][CONSENSUS]addRawPrepare,height=32,reqIdx=2,hash=e0816b36...,time=0
info|2022-11-24 12:01:27.851575|[g:1][CONSENSUS][PBFT]checkTimeout Succ,view=64455,toView=64456,nodeIdx=1,changeCycle=1,myNode=74ec5d39...,timecost=0
info|2022-11-24 12:01:27.853550|[g:1][CONSENSUS][PBFT]checkAndChangeView: Reach consensus,org_view=64455,cur_changeCycle=1,curView=64455,view=64456
info|2022-11-24 12:01:28.855624|[g:1][CONSENSUS]addRawPrepare,height=32,reqIdx=3,hash=3908604b...,time=0
info|2022-11-24 12:01:28.856128|[g:1][CONSENSUS][PBFT]checkTimeout Succ,view=64456,toView=64457,nodeIdx=1,changeCycle=1,myNode=74ec5d39...,timecost=1
info|2022-11-24 12:01:28.857290|[g:1][CONSENSUS][PBFT]checkAndChangeView: Reach consensus,org_view=64456,cur_changeCycle=1,curView=64456,view=64457
