warning|2023-04-13 16:00:06.414737|[g:1][CONSENSUS][PBFT]ViewChangeWarning: not caused by omit empty block ,v=55723,toV=55726,curNum=211,hash=275e4452...,nodeIdx=1,myNode=74ec5d39...
info|2023-04-13 16:00:06.422396|[g:1][CONSENSUS][PBFT]checkTimeout Succ,view=55723,toView=55726,nodeIdx=1,changeCycle=4,myNode=74ec5d39...,timecost=14
info|2023-04-13 16:00:06.433334|[g:1][CONSENSUS][PBFT]checkAndChangeView: Reach consensus,org_view=55723,cur_changeCycle=4,curView=55723,view=55726
info|2023-04-13 16:00:07.435241|[g:1][CONSENSUS][SEALER]++++++++++++++++ Generating seal on,blkNum=212,tx=0,nodeIdx=1,hash=b79a08b7...
info|2023-04-13 16:00:07.463922|[g:1][CONSENSUS][PBFT]checkTimeout Succ,view=55726,toView=55727,nodeIdx=1,changeCycle=1,myNode=74ec5d39...,timecost=15
info|2023-04-13 16:00:07.479513|[g:1][CONSENSUS][PBFT]checkAndChangeView: Reach consensus,org_view=55726,cur_changeCycle=1,curView=55726,view=55727
info|2023-04-13 16:00:08.496600|[g:1][CONSENSUS]addRawPrepare,height=212,reqIdx=2,hash=e7039a81...,time=0
info|2023-04-13 16:00:08.507313|[g:1][CONSENSUS][PBFT]checkTimeout Succ,view=55727,toView=55728,nodeIdx=1,changeCycle=1,myNode=74ec5d39...,timecost=10
info|2023-04-13 16:00:08.522312|[g:1][CONSENSUS][PBFT]checkAndChangeView: Reach consensus,org_view=55727,cur_changeCycle=1,curView=55727,view=55728
info|2023-04-13 16:00:09.535942|[P2P][Service] heartBeat,connected count=3
info|2023-04-13 16:00:09.554759|[g:1][CONSENSUS]addRawPrepare,height=212,reqIdx=3,hash=a3f91552...,time=0
info|2023-04-13 16:00:09.562579|[g:1][CONSENSUS][PBFT]checkTimeout Succ,view=55728,toView=55729,nodeIdx=1,changeCycle=1,myNode=74ec5d39...,timecost=7
info|2023-04-13 16:00:09.581605|[g:1][CONSENSUS][PBFT]checkAndChangeView: Reach consensus,org_view=55728,cur_changeCycle=1,curView=55728,view=55729
info|2023-04-13 16:00:10.597385|[g:1][CONSENSUS]addRawPrepare,height=212,reqIdx=0,hash=9b86df64...,time=0
info|2023-04-13 16:00:10.634445|[g:1][CONSENSUS][PBFT]checkTimeout Succ,view=55729,toView=55730,nodeIdx=1,changeCycle=1,myNode=74ec5d39...,timecost=34
info|2023-04-13 16:00:10.649821|[g:1][CONSENSUS][PBFT]checkAndChangeView: Reach consensus,org_view=55729,cur_changeCycle=1,curView=55729,view=55730
info|2023-04-13 16:00:11.652664|[g:1][CONSENSUS][SEALER]++++++++++++++++ Generating seal on,blkNum=212,tx=0,nodeIdx=1,hash=7c72fd13...
info|2023-04-13 16:00:11.695772|[g:1][CONSENSUS][PBFT]checkTimeout Succ,view=55730,toView=55731,nodeIdx=1,changeCycle=1,myNode=74ec5d39...,timecost=15
info|2023-04-13 16:00:11.722963|[g:1][CONSENSUS][PBFT]checkAndChangeView: Reach consensus,org_view=55730,cur_changeCycle=1,curView=55730,view=55731
info|2023-04-13 16:00:12.720316|[g:1][CONSENSUS]addRawPrepare,height=212,reqIdx=2,hash=341b0771...,time=0
info|2023-04-13 16:00:12.736237|[g:1][CONSENSUS][PBFT]checkTimeout Succ,view=55731,toView=55732,nodeIdx=1,changeCycle=1,myNode=74ec5d39...,timecost=15
info|2023-04-13 16:00:12.752381|[g:1][CONSENSUS][PBFT]checkAndChangeView: Reach consensus,org_view=55731,cur_changeCycle=1,curView=55731,view=55732
info|2023-04-13 16:00:13.772734|[g:1][CONSENSUS]addRawPrepare,height=212,reqIdx=3,hash=979c8982...,time=0
info|2023-04-13 16:00:13.780317|[g:1][CONSENSUS][PBFT]checkTimeout Succ,view=55732,toView=55733,nodeIdx=1,changeCycle=1,myNode=74ec5d39...,timecost=7
info|2023-04-13 16:00:13.799176|[g:1][CONSENSUS][PBFT]checkAndChangeView: Reach consensus,org_view=55732,cur_changeCycle=1,curView=55732,view=55733
info|2023-04-13 16:00:14.822333|[g:1][CONSENSUS]addRawPrepare,height=212,reqIdx=0,hash=88e34f6f...,time=0
info|2023-04-13 16:00:14.826702|[g:1][CONSENSUS][PBFT]checkTimeout Succ,view=55733,toView=55734,nodeIdx=1,changeCycle=1,myNode=74ec5d39...,timecost=4
info|2023-04-13 16:00:14.845811|[g:1][CONSENSUS][PBFT]checkAndChangeView: Reach consensus,org_view=55733,cur_changeCycle=1,curView=55733,view=55734
info|2023-04-13 16:00:15.850591|[g:1][CONSENSUS][SEALER]++++++++++++++++ Generating seal on,blkNum=212,tx=0,nodeIdx=1,hash=61ccd056...
info|2023-04-13 16:00:15.859516|[g:1][CONSENSUS][PBFT]checkTimeout Succ,view=55734,toView=55735,nodeIdx=1,changeCycle=1,myNode=74ec5d39...,timecost=4
info|2023-04-13 16:00:15.887322|[g:1][CONSENSUS][PBFT]checkAndChangeView: Reach consensus,org_view=55734,cur_changeCycle=1,curView=55734,view=55735
info|2023-04-13 16:00:16.904729|[g:1][CONSENSUS]addRawPrepare,height=212,reqIdx=2,hash=dc59af33...,time=0
info|2023-04-13 16:00:16.909124|[g:1][CONSENSUS][PBFT]checkTimeout Succ,view=55735,toView=55736,nodeIdx=1,changeCycle=1,myNode=74ec5d39...,timecost=4
info|2023-04-13 16:00:16.929027|[g:1][CONSENSUS][PBFT]checkAndChangeView: Reach consensus,org_view=55735,cur_changeCycle=1,curView=55735,view=55736
info|2023-04-13 16:00:17.969803|[g:1][CONSENSUS]addRawPrepare,height=212,reqIdx=3,hash=bdec5336...,time=1
info|2023-04-13 16:00:17.979906|[g:1][CONSENSUS][PBFT]checkTimeout Succ,view=55736,toView=55737,nodeIdx=1,changeCycle=1,myNode=74ec5d39...,timecost=11
info|2023-04-13 16:00:18.004385|[g:1][CONSENSUS][PBFT]checkAndChangeView: Reach consensus,org_view=55736,cur_changeCycle=1,curView=55736,view=55737
info|2023-04-13 16:00:19.013263|[g:1][CONSENSUS]addRawPrepare,height=212,reqIdx=0,hash=d92fa004...,time=0
info|2023-04-13 16:00:19.022662|[g:1][CONSENSUS][PBFT]checkTimeout Succ,view=55737,toView=55738,nodeIdx=1,changeCycle=1,myNode=74ec5d39...,timecost=8
info|2023-04-13 16:00:19.043532|[g:1][CONSENSUS][PBFT]checkAndChangeView: Reach consensus,org_view=55737,cur_changeCycle=1,curView=55737,view=55738
info|2023-04-13 16:00:19.538398|[P2P][Service] heartBeat,connected count=3
info|2023-04-13 16:00:20.045409|[g:1][CONSENSUS][SEALER]++++++++++++++++ Generating seal on,blkNum=212,tx=0,nodeIdx=1,hash=aff1756c...
info|2023-04-13 16:00:20.057616|[g:1][CONSENSUS][PBFT]checkTimeout Succ,view=55738,toView=55739,nodeIdx=1,changeCycle=1,myNode=74ec5d39...,timecost=7
info|2023-04-13 16:00:20.085453|[g:1][CONSENSUS][PBFT]checkAndChangeView: Reach consensus,org_view=55738,cur_changeCycle=1,curView=55738,view=55739
info|2023-04-13 16:00:21.484238|[g:1][CONSENSUS]addRawPrepare,height=212,reqIdx=2,hash=3ed74f1f...,time=0
info|2023-04-13 16:00:21.493823|[g:1][CONSENSUS][PBFT]checkTimeout Succ,view=55739,toView=55740,nodeIdx=1,changeCycle=1,myNode=74ec5d39...,timecost=9
info|2023-04-13 16:00:21.612967|[g:1][CONSENSUS][PBFT]checkAndChangeView: Reach consensus,org_view=55739,cur_changeCycle=1,curView=55739,view=55740
info|2023-04-13 16:00:22.647270|[g:1][CONSENSUS]addRawPrepare,height=212,reqIdx=3,hash=36dccfb0...,time=0
info|2023-04-13 16:00:22.656841|[g:1][CONSENSUS][PBFT]checkTimeout Succ,view=55740,toView=55741,nodeIdx=1,changeCycle=1,myNode=74ec5d39...,timecost=8
info|2023-04-13 16:00:22.684914|[g:1][CONSENSUS][PBFT]checkAndChangeView: Reach consensus,org_view=55740,cur_changeCycle=1,curView=55740,view=55741
info|2023-04-13 16:00:23.719173|[g:1][CONSENSUS]addRawPrepare,height=212,reqIdx=0,hash=fd1b9555...,time=0
info|2023-04-13 16:00:23.802075|[g:1][CONSENSUS][PBFT]checkTimeout Succ,view=55741,toView=55742,nodeIdx=1,changeCycle=1,myNode=74ec5d39...,timecost=82
info|2023-04-13 16:00:23.935264|[g:1][CONSENSUS][PBFT]checkAndChangeView: Reach consensus,org_view=55741,cur_changeCycle=1,curView=55741,view=55742
info|2023-04-13 16:00:24.939439|[g:1][CONSENSUS][SEALER]++++++++++++++++ Generating seal on,blkNum=212,tx=0,nodeIdx=1,hash=f7fbcd3e...
info|2023-04-13 16:00:24.966595|[g:1][CONSENSUS][PBFT]checkTimeout Succ,view=55742,toView=55743,nodeIdx=1,changeCycle=1,myNode=74ec5d39...,timecost=8
info|2023-04-13 16:00:24.995068|[g:1][CONSENSUS][PBFT]checkAndChangeView: Reach consensus,org_view=55742,cur_changeCycle=1,curView=55742,view=55743
info|2023-04-13 16:00:26.055279|[g:1][CONSENSUS]addRawPrepare,height=212,reqIdx=2,hash=dd1c650e...,time=0
info|2023-04-13 16:00:26.063818|[g:1][CONSENSUS][PBFT]checkTimeout Succ,view=55743,toView=55744,nodeIdx=1,changeCycle=1,myNode=74ec5d39...,timecost=8
info|2023-04-13 16:00:26.079362|[g:1][CONSENSUS][PBFT]checkAndChangeView: Reach consensus,org_view=55743,cur_changeCycle=1,curView=55743,view=55744
info|2023-04-13 16:00:27.104079|[g:1][CONSENSUS]addRawPrepare,height=212,reqIdx=3,hash=cd680fc2...,time=0
info|2023-04-13 16:00:27.113790|[g:1][CONSENSUS][PBFT]checkTimeout Succ,view=55744,toView=55745,nodeIdx=1,changeCycle=1,myNode=74ec5d39...,timecost=9
info|2023-04-13 16:00:27.130994|[g:1][CONSENSUS][PBFT]checkAndChangeView: Reach consensus,org_view=55744,cur_changeCycle=1,curView=55744,view=55745
info|2023-04-13 16:00:28.171296|[g:1][CONSENSUS]addRawPrepare,height=212,reqIdx=0,hash=7eaf7d78...,time=0
info|2023-04-13 16:00:28.181831|[g:1][CONSENSUS][PBFT]checkTimeout Succ,view=55745,toView=55746,nodeIdx=1,changeCycle=1,myNode=74ec5d39...,timecost=9
info|2023-04-13 16:00:28.199322|[g:1][CONSENSUS][PBFT]checkAndChangeView: Reach consensus,org_view=55745,cur_changeCycle=1,curView=55745,view=55746
info|2023-04-13 16:00:29.201763|[g:1][CONSENSUS][SEALER]++++++++++++++++ Generating seal on,blkNum=212,tx=0,nodeIdx=1,hash=118ef077...
info|2023-04-13 16:00:29.227704|[g:1][CONSENSUS][PBFT]checkTimeout Succ,view=55746,toView=55747,nodeIdx=1,changeCycle=1,myNode=74ec5d39...,timecost=5
info|2023-04-13 16:00:29.248359|[g:1][CONSENSUS][PBFT]checkAndChangeView: Reach consensus,org_view=55746,cur_changeCycle=1,curView=55746,view=55747
info|2023-04-13 16:00:29.541313|[P2P][Service] heartBeat,connected count=3
info|2023-04-13 16:00:30.279326|[g:1][CONSENSUS]addRawPrepare,height=212,reqIdx=2,hash=5a037513...,time=0
info|2023-04-13 16:00:30.290509|[g:1][CONSENSUS][PBFT]checkTimeout Succ,view=55747,toView=55748,nodeIdx=1,changeCycle=1,myNode=74ec5d39...,timecost=9
info|2023-04-13 16:00:30.312402|[g:1][CONSENSUS][PBFT]checkAndChangeView: Reach consensus,org_view=55747,cur_changeCycle=1,curView=55747,view=55748
