info|2023-04-06 15:00:00.447920|[g:1][CONSENSUS][SEALER]++++++++++++++++ Generating seal on,blkNum=196,tx=0,nodeIdx=1,hash=8c5ec1c6...
info|2023-04-06 15:00:00.448721|[g:1][CONSENSUS][PBFT]checkTimeout Succ,view=77758,toView=77759,nodeIdx=1,changeCycle=1,myNode=74ec5d39...,timecost=0
info|2023-04-06 15:00:00.451752|[g:1][CONSENSUS][PBFT]checkAndChangeView: Reach consensus,org_view=77758,cur_changeCycle=1,curView=77758,view=77759
info|2023-04-06 15:00:00.509482|[P2P][Service] heartBeat,connected count=3
info|2023-04-06 15:00:01.454696|[g:1][CONSENSUS]addRawPrepare,height=196,reqIdx=2,hash=301331d5...,time=0
info|2023-04-06 15:00:01.455654|[g:1][CONSENSUS][PBFT]checkTimeout Succ,view=77759,toView=77760,nodeIdx=1,changeCycle=1,myNode=74ec5d39...,timecost=1
info|2023-04-06 15:00:01.457443|[g:1][CONSENSUS][PBFT]checkAndChangeView: Reach consensus,org_view=77759,cur_changeCycle=1,curView=77759,view=77760
info|2023-04-06 15:00:02.460360|[g:1][CONSENSUS]addRawPrepare,height=196,reqIdx=3,hash=46533db7...,time=0
info|2023-04-06 15:00:02.460966|[g:1][CONSENSUS][PBFT]checkTimeout Succ,view=77760,toView=77761,nodeIdx=1,changeCycle=1,myNode=74ec5d39...,timecost=0
info|2023-04-06 15:00:02.462465|[g:1][CONSENSUS][PBFT]checkAndChangeView: Reach consensus,org_view=77760,cur_changeCycle=1,curView=77760,view=77761
info|2023-04-06 15:00:03.465528|[g:1][CONSENSUS]addRawPrepare,height=196,reqIdx=0,hash=ae6096f6...,time=0
info|2023-04-06 15:00:03.466439|[g:1][CONSENSUS][PBFT]checkTimeout Succ,view=77761,toView=77762,nodeIdx=1,changeCycle=1,myNode=74ec5d39...,timecost=1
info|2023-04-06 15:00:03.468969|[g:1][CONSENSUS][PBFT]checkAndChangeView: Reach consensus,org_view=77761,cur_changeCycle=1,curView=77761,view=77762
info|2023-04-06 15:00:04.469189|[g:1][CONSENSUS][SEALER]++++++++++++++++ Generating seal on,blkNum=196,tx=0,nodeIdx=1,hash=396f1b29...
info|2023-04-06 15:00:04.473668|[g:1][CONSENSUS][PBFT]checkTimeout Succ,view=77762,toView=77763,nodeIdx=1,changeCycle=1,myNode=74ec5d39...,timecost=0
info|2023-04-06 15:00:04.474494|[g:1][CONSENSUS][PBFT]checkAndChangeView: Reach consensus,org_view=77762,cur_changeCycle=1,curView=77762,view=77763
info|2023-04-06 15:00:05.476069|[g:1][CONSENSUS]addRawPrepare,height=196,reqIdx=2,hash=29d5ab24...,time=0
info|2023-04-06 15:00:05.476659|[g:1][CONSENSUS][PBFT]checkTimeout Succ,view=77763,toView=77764,nodeIdx=1,changeCycle=1,myNode=74ec5d39...,timecost=0
info|2023-04-06 15:00:05.478529|[g:1][CONSENSUS][PBFT]checkAndChangeView: Reach consensus,org_view=77763,cur_changeCycle=1,curView=77763,view=77764
info|2023-04-06 15:00:06.479986|[g:1][CONSENSUS]addRawPrepare,height=196,reqIdx=3,hash=e46e1245...,time=0
info|2023-04-06 15:00:06.480483|[g:1][CONSENSUS][PBFT]checkTimeout Succ,view=77764,toView=77765,nodeIdx=1,changeCycle=1,myNode=74ec5d39...,timecost=0
info|2023-04-06 15:00:06.481806|[g:1][CONSENSUS][PBFT]checkAndChangeView: Reach consensus,org_view=77764,cur_changeCycle=1,curView=77764,view=77765
info|2023-04-06 15:00:07.482228|[g:1][CONSENSUS]addRawPrepare,height=196,reqIdx=0,hash=4ced1cd3...,time=0
info|2023-04-06 15:00:07.482479|[g:1][CONSENSUS][PBFT]checkTimeout Succ,view=77765,toView=77766,nodeIdx=1,changeCycle=1,myNode=74ec5d39...,timecost=0
info|2023-04-06 15:00:07.483434|[g:1][CONSENSUS][PBFT]checkAndChangeView: Reach consensus,org_view=77765,cur_changeCycle=1,curView=77765,view=77766
info|2023-04-06 15:00:08.484491|[g:1][CONSENSUS][SEALER]++++++++++++++++ Generating seal on,blkNum=196,tx=0,nodeIdx=1,hash=3c571e59...
info|2023-04-06 15:00:08.491665|[g:1][CONSENSUS][PBFT]checkTimeout Succ,view=77766,toView=77767,nodeIdx=1,changeCycle=1,myNode=74ec5d39...,timecost=0
info|2023-04-06 15:00:08.493443|[g:1][CONSENSUS][PBFT]checkAndChangeView: Reach consensus,org_view=77766,cur_changeCycle=1,curView=77766,view=77767
info|2023-04-06 15:00:09.542281|[g:1][CONSENSUS]addRawPrepare,height=196,reqIdx=2,hash=dddc999d...,time=0
info|2023-04-06 15:00:09.542670|[g:1][CONSENSUS][PBFT]checkTimeout Succ,view=77767,toView=77768,nodeIdx=1,changeCycle=1,myNode=74ec5d39...,timecost=0
info|2023-04-06 15:00:09.544371|[g:1][CONSENSUS][PBFT]checkAndChangeView: Reach consensus,org_view=77767,cur_changeCycle=1,curView=77767,view=77768
info|2023-04-06 15:00:10.510575|[P2P][Service] heartBeat,connected count=3
info|2023-04-06 15:00:10.546076|[g:1][CONSENSUS]addRawPrepare,height=196,reqIdx=3,hash=2f9f8834...,time=0
info|2023-04-06 15:00:10.546357|[g:1][CONSENSUS][PBFT]checkTimeout Succ,view=77768,toView=77769,nodeIdx=1,changeCycle=1,myNode=74ec5d39...,timecost=0
info|2023-04-06 15:00:10.547411|[g:1][CONSENSUS][PBFT]checkAndChangeView: Reach consensus,org_view=77768,cur_changeCycle=1,curView=77768,view=77769
info|2023-04-06 15:00:11.548958|[g:1][CONSENSUS]addRawPrepare,height=196,reqIdx=0,hash=871688c3...,time=0
info|2023-04-06 15:00:11.549253|[g:1][CONSENSUS][PBFT]checkTimeout Succ,view=77769,toView=77770,nodeIdx=1,changeCycle=1,myNode=74ec5d39...,timecost=0
info|2023-04-06 15:00:11.550049|[g:1][CONSENSUS][PBFT]checkAndChangeView: Reach consensus,org_view=77769,cur_changeCycle=1,curView=77769,view=77770
info|2023-04-06 15:00:12.550956|[g:1][CONSENSUS][SEALER]++++++++++++++++ Generating seal on,blkNum=196,tx=0,nodeIdx=1,hash=5b85ccb1...
info|2023-04-06 15:00:12.552711|[g:1][CONSENSUS][PBFT]checkTimeout Succ,view=77770,toView=77771,nodeIdx=1,changeCycle=1,myNode=74ec5d39...,timecost=0
info|2023-04-06 15:00:12.553022|[g:1][CONSENSUS][PBFT]checkAndChangeView: Reach consensus,org_view=77770,cur_changeCycle=1,curView=77770,view=77771
info|2023-04-06 15:00:13.554186|[g:1][CONSENSUS]addRawPrepare,height=196,reqIdx=2,hash=270789db...,time=0
info|2023-04-06 15:00:13.554549|[g:1][CONSENSUS][PBFT]checkTimeout Succ,view=77771,toView=77772,nodeIdx=1,changeCycle=1,myNode=74ec5d39...,timecost=0
info|2023-04-06 15:00:13.555264|[g:1][CONSENSUS][PBFT]checkAndChangeView: Reach consensus,org_view=77771,cur_changeCycle=1,curView=77771,view=77772
info|2023-04-06 15:00:14.556628|[g:1][CONSENSUS]addRawPrepare,height=196,reqIdx=3,hash=a59fabed...,time=0
info|2023-04-06 15:00:14.556954|[g:1][CONSENSUS][PBFT]checkTimeout Succ,view=77772,toView=77773,nodeIdx=1,changeCycle=1,myNode=74ec5d39...,timecost=0
info|2023-04-06 15:00:14.557558|[g:1][CONSENSUS][PBFT]checkAndChangeView: Reach consensus,org_view=77772,cur_changeCycle=1,curView=77772,view=77773
info|2023-04-06 15:00:15.559231|[g:1][CONSENSUS]addRawPrepare,height=196,reqIdx=0,hash=655f1684...,time=0
info|2023-04-06 15:00:15.559531|[g:1][CONSENSUS][PBFT]checkTimeout Succ,view=77773,toView=77774,nodeIdx=1,changeCycle=1,myNode=74ec5d39...,timecost=0
info|2023-04-06 15:00:15.560298|[g:1][CONSENSUS][PBFT]checkAndChangeView: Reach consensus,org_view=77773,cur_changeCycle=1,curView=77773,view=77774
info|2023-04-06 15:00:16.560171|[g:1][CONSENSUS][SEALER]++++++++++++++++ Generating seal on,blkNum=196,tx=0,nodeIdx=1,hash=2bcdf87d...
info|2023-04-06 15:00:16.562218|[g:1][CONSENSUS][PBFT]checkTimeout Succ,view=77774,toView=77775,nodeIdx=1,changeCycle=1,myNode=74ec5d39...,timecost=1
info|2023-04-06 15:00:16.562519|[g:1][CONSENSUS][PBFT]checkAndChangeView: Reach consensus,org_view=77774,cur_changeCycle=1,curView=77774,view=77775
info|2023-04-06 15:00:17.563694|[g:1][CONSENSUS]addRawPrepare,height=196,reqIdx=2,hash=de01c1fc...,time=0
info|2023-04-06 15:00:17.563994|[g:1][CONSENSUS][PBFT]checkTimeout Succ,view=77775,toView=77776,nodeIdx=1,changeCycle=1,myNode=74ec5d39...,timecost=1
info|2023-04-06 15:00:17.564661|[g:1][CONSENSUS][PBFT]checkAndChangeView: Reach consensus,org_view=77775,cur_changeCycle=1,curView=77775,view=77776
info|2023-04-06 15:00:18.704840|[g:1][CONSENSUS]addRawPrepare,height=196,reqIdx=3,hash=5ed42c10...,time=0
info|2023-04-06 15:00:18.705203|[g:1][CONSENSUS][PBFT]checkTimeout Succ,view=77776,toView=77777,nodeIdx=1,changeCycle=1,myNode=74ec5d39...,timecost=1
info|2023-04-06 15:00:18.706338|[g:1][CONSENSUS][PBFT]checkAndChangeView: Reach consensus,org_view=77776,cur_changeCycle=1,curView=77776,view=77777
info|2023-04-06 15:00:19.716740|[g:1][CONSENSUS]addRawPrepare,height=196,reqIdx=0,hash=d0f90a4e...,time=0
info|2023-04-06 15:00:19.717114|[g:1][CONSENSUS][PBFT]checkTimeout Succ,view=77777,toView=77778,nodeIdx=1,changeCycle=1,myNode=74ec5d39...,timecost=1
info|2023-04-06 15:00:19.718787|[g:1][CONSENSUS][PBFT]checkAndChangeView: Reach consensus,org_view=77777,cur_changeCycle=1,curView=77777,view=77778
info|2023-04-06 15:00:20.510952|[P2P][Service] heartBeat,connected count=3
info|2023-04-06 15:00:20.719228|[g:1][CONSENSUS][SEALER]++++++++++++++++ Generating seal on,blkNum=196,tx=0,nodeIdx=1,hash=d15cf8b8...
info|2023-04-06 15:00:20.721414|[g:1][CONSENSUS][PBFT]checkTimeout Succ,view=77778,toView=77779,nodeIdx=1,changeCycle=1,myNode=74ec5d39...,timecost=0
info|2023-04-06 15:00:20.721816|[g:1][CONSENSUS][PBFT]checkAndChangeView: Reach consensus,org_view=77778,cur_changeCycle=1,curView=77778,view=77779
info|2023-04-06 15:00:21.723847|[g:1][CONSENSUS]addRawPrepare,height=196,reqIdx=2,hash=4f38b60e...,time=0
info|2023-04-06 15:00:21.724177|[g:1][CONSENSUS][PBFT]checkTimeout Succ,view=77779,toView=77780,nodeIdx=1,changeCycle=1,myNode=74ec5d39...,timecost=1
info|2023-04-06 15:00:21.725287|[g:1][CONSENSUS][PBFT]checkAndChangeView: Reach consensus,org_view=77779,cur_changeCycle=1,curView=77779,view=77780
info|2023-04-06 15:00:22.727195|[g:1][CONSENSUS]addRawPrepare,height=196,reqIdx=3,hash=ed94a9ba...,time=0
info|2023-04-06 15:00:22.727848|[g:1][CONSENSUS][PBFT]checkTimeout Succ,view=77780,toView=77781,nodeIdx=1,changeCycle=1,myNode=74ec5d39...,timecost=0
info|2023-04-06 15:00:22.729407|[g:1][CONSENSUS][PBFT]checkAndChangeView: Reach consensus,org_view=77780,cur_changeCycle=1,curView=77780,view=77781
info|2023-04-06 15:00:23.732557|[g:1][CONSENSUS]addRawPrepare,height=196,reqIdx=0,hash=9a32da0d...,time=0
info|2023-04-06 15:00:23.733118|[g:1][CONSENSUS][PBFT]checkTimeout Succ,view=77781,toView=77782,nodeIdx=1,changeCycle=1,myNode=74ec5d39...,timecost=1
info|2023-04-06 15:00:23.734506|[g:1][CONSENSUS][PBFT]checkAndChangeView: Reach consensus,org_view=77781,cur_changeCycle=1,curView=77781,view=77782
info|2023-04-06 15:00:24.735695|[g:1][CONSENSUS][SEALER]++++++++++++++++ Generating seal on,blkNum=196,tx=0,nodeIdx=1,hash=f635d463...
info|2023-04-06 15:00:24.740119|[g:1][CONSENSUS][PBFT]checkTimeout Succ,view=77782,toView=77783,nodeIdx=1,changeCycle=1,myNode=74ec5d39...,timecost=1
info|2023-04-06 15:00:24.741551|[g:1][CONSENSUS][PBFT]checkAndChangeView: Reach consensus,org_view=77782,cur_changeCycle=1,curView=77782,view=77783
info|2023-04-06 15:00:25.743411|[g:1][CONSENSUS]addRawPrepare,height=196,reqIdx=2,hash=c4201e27...,time=0
info|2023-04-06 15:00:25.744186|[g:1][CONSENSUS][PBFT]checkTimeout Succ,view=77783,toView=77784,nodeIdx=1,changeCycle=1,myNode=74ec5d39...,timecost=1
info|2023-04-06 15:00:25.746255|[g:1][CONSENSUS][PBFT]checkAndChangeView: Reach consensus,org_view=77783,cur_changeCycle=1,curView=77783,view=77784
info|2023-04-06 15:00:26.748881|[g:1][CONSENSUS]addRawPrepare,height=196,reqIdx=3,hash=6b1a8470...,time=0
info|2023-04-06 15:00:26.749850|[g:1][CONSENSUS][PBFT]checkTimeout Succ,view=77784,toView=77785,nodeIdx=1,changeCycle=1,myNode=74ec5d39...,timecost=0
info|2023-04-06 15:00:26.752053|[g:1][CONSENSUS][PBFT]checkAndChangeView: Reach consensus,org_view=77784,cur_changeCycle=1,curView=77784,view=77785
info|2023-04-06 15:00:27.754136|[g:1][CONSENSUS]addRawPrepare,height=196,reqIdx=0,hash=b2c6365c...,time=0
info|2023-04-06 15:00:27.754784|[g:1][CONSENSUS][PBFT]checkTimeout Succ,view=77785,toView=77786,nodeIdx=1,changeCycle=1,myNode=74ec5d39...,timecost=0
info|2023-04-06 15:00:27.756859|[g:1][CONSENSUS][PBFT]checkAndChangeView: Reach consensus,org_view=77785,cur_changeCycle=1,curView=77785,view=77786
info|2023-04-06 15:00:28.756401|[g:1][CONSENSUS][SEALER]++++++++++++++++ Generating seal on,blkNum=196,tx=0,nodeIdx=1,hash=b0625ce2...
info|2023-04-06 15:00:28.758651|[g:1][CONSENSUS][PBFT]checkTimeout Succ,view=77786,toView=77787,nodeIdx=1,changeCycle=1,myNode=74ec5d39...,timecost=0
info|2023-04-06 15:00:28.759280|[g:1][CONSENSUS][PBFT]checkAndChangeView: Reach consensus,org_view=77786,cur_changeCycle=1,curView=77786,view=77787
info|2023-04-06 15:00:29.761653|[g:1][CONSENSUS]addRawPrepare,height=196,reqIdx=2,hash=927d32af...,time=0
info|2023-04-06 15:00:29.762133|[g:1][CONSENSUS][PBFT]checkTimeout Succ,view=77787,toView=77788,nodeIdx=1,changeCycle=1,myNode=74ec5d39...,timecost=1
info|2023-04-06 15:00:29.763843|[g:1][CONSENSUS][PBFT]checkAndChangeView: Reach consensus,org_view=77787,cur_changeCycle=1,curView=77787,view=77788
