warning|2023-04-13 16:00:06.409495|[g:1][CONSENSUS][PBFT]ViewChangeWarning: not caused by omit empty block ,v=55723,toV=55726,curNum=211,hash=275e4452...,nodeIdx=3,myNode=c30b6e4f...
info|2023-04-13 16:00:06.414794|[g:1][CONSENSUS][PBFT]checkTimeout Succ,view=55723,toView=55726,nodeIdx=3,changeCycle=4,myNode=c30b6e4f...,timecost=8
info|2023-04-13 16:00:06.433788|[g:1][CONSENSUS][PBFT]checkAndChangeView: Reach consensus,org_view=55723,cur_changeCycle=4,curView=55723,view=55726
info|2023-04-13 16:00:07.452770|[g:1][CONSENSUS]addRawPrepare,height=212,reqIdx=1,hash=52f747e0...,time=0
info|2023-04-13 16:00:07.462533|[g:1][CONSENSUS][PBFT]checkTimeout Succ,view=55726,toView=55727,nodeIdx=3,changeCycle=1,myNode=c30b6e4f...,timecost=9
info|2023-04-13 16:00:07.478810|[g:1][CONSENSUS][PBFT]checkAndChangeView: Reach consensus,org_view=55726,cur_changeCycle=1,curView=55726,view=55727
info|2023-04-13 16:00:08.495190|[g:1][CONSENSUS]addRawPrepare,height=212,reqIdx=2,hash=e7039a81...,time=0
info|2023-04-13 16:00:08.501006|[g:1][CONSENSUS][PBFT]checkTimeout Succ,view=55727,toView=55728,nodeIdx=3,changeCycle=1,myNode=c30b6e4f...,timecost=6
info|2023-04-13 16:00:08.525074|[g:1][CONSENSUS][PBFT]checkAndChangeView: Reach consensus,org_view=55727,cur_changeCycle=1,curView=55727,view=55728
info|2023-04-13 16:00:09.527731|[g:1][CONSENSUS][SEALER]++++++++++++++++ Generating seal on,blkNum=212,tx=0,nodeIdx=3,hash=be4c4246...
info|2023-04-13 16:00:09.535436|[P2P][Service] heartBeat,connected count=3
info|2023-04-13 16:00:09.539829|[g:1][CONSENSUS][PBFT]checkTimeout Succ,view=55728,toView=55729,nodeIdx=3,changeCycle=1,myNode=c30b6e4f...,timecost=6
info|2023-04-13 16:00:09.569220|[g:1][CONSENSUS][PBFT]checkAndChangeView: Reach consensus,org_view=55728,cur_changeCycle=1,curView=55728,view=55729
info|2023-04-13 16:00:10.592533|[g:1][CONSENSUS]addRawPrepare,height=212,reqIdx=0,hash=9b86df64...,time=0
info|2023-04-13 16:00:10.601048|[g:1][CONSENSUS][PBFT]checkTimeout Succ,view=55729,toView=55730,nodeIdx=3,changeCycle=1,myNode=c30b6e4f...,timecost=6
info|2023-04-13 16:00:10.631987|[g:1][CONSENSUS][PBFT]checkAndChangeView: Reach consensus,org_view=55729,cur_changeCycle=1,curView=55729,view=55730
info|2023-04-13 16:00:11.676960|[g:1][CONSENSUS]addRawPrepare,height=212,reqIdx=1,hash=8e93c83e...,time=1
info|2023-04-13 16:00:11.683785|[g:1][CONSENSUS][PBFT]checkTimeout Succ,view=55730,toView=55731,nodeIdx=3,changeCycle=1,myNode=c30b6e4f...,timecost=6
info|2023-04-13 16:00:11.716396|[g:1][CONSENSUS][PBFT]checkAndChangeView: Reach consensus,org_view=55730,cur_changeCycle=1,curView=55730,view=55731
info|2023-04-13 16:00:12.716786|[g:1][CONSENSUS]addRawPrepare,height=212,reqIdx=2,hash=341b0771...,time=0
info|2023-04-13 16:00:12.728677|[g:1][CONSENSUS][PBFT]checkTimeout Succ,view=55731,toView=55732,nodeIdx=3,changeCycle=1,myNode=c30b6e4f...,timecost=10
info|2023-04-13 16:00:12.746964|[g:1][CONSENSUS][PBFT]checkAndChangeView: Reach consensus,org_view=55731,cur_changeCycle=1,curView=55731,view=55732
info|2023-04-13 16:00:13.751047|[g:1][CONSENSUS][SEALER]++++++++++++++++ Generating seal on,blkNum=212,tx=0,nodeIdx=3,hash=b6e3e84b...
info|2023-04-13 16:00:13.766450|[g:1][CONSENSUS][PBFT]checkTimeout Succ,view=55732,toView=55733,nodeIdx=3,changeCycle=1,myNode=c30b6e4f...,timecost=9
info|2023-04-13 16:00:13.799704|[g:1][CONSENSUS][PBFT]checkAndChangeView: Reach consensus,org_view=55732,cur_changeCycle=1,curView=55732,view=55733
info|2023-04-13 16:00:14.831504|[g:1][CONSENSUS]addRawPrepare,height=212,reqIdx=0,hash=88e34f6f...,time=1
info|2023-04-13 16:00:14.837885|[g:1][CONSENSUS][PBFT]checkTimeout Succ,view=55733,toView=55734,nodeIdx=3,changeCycle=1,myNode=c30b6e4f...,timecost=5
info|2023-04-13 16:00:14.851937|[g:1][CONSENSUS][PBFT]checkAndChangeView: Reach consensus,org_view=55733,cur_changeCycle=1,curView=55733,view=55734
info|2023-04-13 16:00:15.864031|[g:1][CONSENSUS]addRawPrepare,height=212,reqIdx=1,hash=c7173b53...,time=1
info|2023-04-13 16:00:15.868179|[g:1][CONSENSUS][PBFT]checkTimeout Succ,view=55734,toView=55735,nodeIdx=3,changeCycle=1,myNode=c30b6e4f...,timecost=4
info|2023-04-13 16:00:15.885686|[g:1][CONSENSUS][PBFT]checkAndChangeView: Reach consensus,org_view=55734,cur_changeCycle=1,curView=55734,view=55735
info|2023-04-13 16:00:16.903370|[g:1][CONSENSUS]addRawPrepare,height=212,reqIdx=2,hash=dc59af33...,time=0
info|2023-04-13 16:00:16.913153|[g:1][CONSENSUS][PBFT]checkTimeout Succ,view=55735,toView=55736,nodeIdx=3,changeCycle=1,myNode=c30b6e4f...,timecost=10
info|2023-04-13 16:00:16.937320|[g:1][CONSENSUS][PBFT]checkAndChangeView: Reach consensus,org_view=55735,cur_changeCycle=1,curView=55735,view=55736
info|2023-04-13 16:00:17.939573|[g:1][CONSENSUS][SEALER]++++++++++++++++ Generating seal on,blkNum=212,tx=0,nodeIdx=3,hash=7bb9bd8b...
info|2023-04-13 16:00:17.966167|[g:1][CONSENSUS][PBFT]checkTimeout Succ,view=55736,toView=55737,nodeIdx=3,changeCycle=1,myNode=c30b6e4f...,timecost=5
info|2023-04-13 16:00:17.991563|[g:1][CONSENSUS][PBFT]checkAndChangeView: Reach consensus,org_view=55736,cur_changeCycle=1,curView=55736,view=55737
info|2023-04-13 16:00:19.017315|[g:1][CONSENSUS]addRawPrepare,height=212,reqIdx=0,hash=d92fa004...,time=0
info|2023-04-13 16:00:19.026568|[g:1][CONSENSUS][PBFT]checkTimeout Succ,view=55737,toView=55738,nodeIdx=3,changeCycle=1,myNode=c30b6e4f...,timecost=8
info|2023-04-13 16:00:19.042901|[g:1][CONSENSUS][PBFT]checkAndChangeView: Reach consensus,org_view=55737,cur_changeCycle=1,curView=55737,view=55738
info|2023-04-13 16:00:19.538425|[P2P][Service] heartBeat,connected count=3
info|2023-04-13 16:00:20.061667|[g:1][CONSENSUS]addRawPrepare,height=212,reqIdx=1,hash=aa302fbd...,time=0
info|2023-04-13 16:00:20.072402|[g:1][CONSENSUS][PBFT]checkTimeout Succ,view=55738,toView=55739,nodeIdx=3,changeCycle=1,myNode=c30b6e4f...,timecost=9
info|2023-04-13 16:00:20.085466|[g:1][CONSENSUS][PBFT]checkAndChangeView: Reach consensus,org_view=55738,cur_changeCycle=1,curView=55738,view=55739
info|2023-04-13 16:00:21.484223|[g:1][CONSENSUS]addRawPrepare,height=212,reqIdx=2,hash=3ed74f1f...,time=0
info|2023-04-13 16:00:21.489446|[g:1][CONSENSUS][PBFT]checkTimeout Succ,view=55739,toView=55740,nodeIdx=3,changeCycle=1,myNode=c30b6e4f...,timecost=5
info|2023-04-13 16:00:21.632528|[g:1][CONSENSUS][PBFT]checkAndChangeView: Reach consensus,org_view=55739,cur_changeCycle=1,curView=55739,view=55740
info|2023-04-13 16:00:22.633876|[g:1][CONSENSUS][SEALER]++++++++++++++++ Generating seal on,blkNum=212,tx=0,nodeIdx=3,hash=a5857cfb...
info|2023-04-13 16:00:22.652394|[g:1][CONSENSUS][PBFT]checkTimeout Succ,view=55740,toView=55741,nodeIdx=3,changeCycle=1,myNode=c30b6e4f...,timecost=6
info|2023-04-13 16:00:22.674889|[g:1][CONSENSUS][PBFT]checkAndChangeView: Reach consensus,org_view=55740,cur_changeCycle=1,curView=55740,view=55741
info|2023-04-13 16:00:23.717144|[g:1][CONSENSUS]addRawPrepare,height=212,reqIdx=0,hash=fd1b9555...,time=0
info|2023-04-13 16:00:23.721461|[g:1][CONSENSUS][PBFT]checkTimeout Succ,view=55741,toView=55742,nodeIdx=3,changeCycle=1,myNode=c30b6e4f...,timecost=4
info|2023-04-13 16:00:23.915293|[g:1][CONSENSUS][PBFT]checkAndChangeView: Reach consensus,org_view=55741,cur_changeCycle=1,curView=55741,view=55742
info|2023-04-13 16:00:24.955450|[g:1][CONSENSUS]addRawPrepare,height=212,reqIdx=1,hash=1ea0143a...,time=0
info|2023-04-13 16:00:24.960352|[g:1][CONSENSUS][PBFT]checkTimeout Succ,view=55742,toView=55743,nodeIdx=3,changeCycle=1,myNode=c30b6e4f...,timecost=4
info|2023-04-13 16:00:25.033196|[g:1][CONSENSUS][PBFT]checkAndChangeView: Reach consensus,org_view=55742,cur_changeCycle=1,curView=55742,view=55743
info|2023-04-13 16:00:26.054306|[g:1][CONSENSUS]addRawPrepare,height=212,reqIdx=2,hash=dd1c650e...,time=0
info|2023-04-13 16:00:26.059826|[g:1][CONSENSUS][PBFT]checkTimeout Succ,view=55743,toView=55744,nodeIdx=3,changeCycle=1,myNode=c30b6e4f...,timecost=5
info|2023-04-13 16:00:26.082295|[g:1][CONSENSUS][PBFT]checkAndChangeView: Reach consensus,org_view=55743,cur_changeCycle=1,curView=55743,view=55744
info|2023-04-13 16:00:27.084566|[g:1][CONSENSUS][SEALER]++++++++++++++++ Generating seal on,blkNum=212,tx=0,nodeIdx=3,hash=f78573eb...
info|2023-04-13 16:00:27.105926|[g:1][CONSENSUS][PBFT]checkTimeout Succ,view=55744,toView=55745,nodeIdx=3,changeCycle=1,myNode=c30b6e4f...,timecost=5
info|2023-04-13 16:00:27.128834|[g:1][CONSENSUS][PBFT]checkAndChangeView: Reach consensus,org_view=55744,cur_changeCycle=1,curView=55744,view=55745
info|2023-04-13 16:00:28.169905|[g:1][CONSENSUS]addRawPrepare,height=212,reqIdx=0,hash=7eaf7d78...,time=1
info|2023-04-13 16:00:28.175211|[g:1][CONSENSUS][PBFT]checkTimeout Succ,view=55745,toView=55746,nodeIdx=3,changeCycle=1,myNode=c30b6e4f...,timecost=5
info|2023-04-13 16:00:28.199299|[g:1][CONSENSUS][PBFT]checkAndChangeView: Reach consensus,org_view=55745,cur_changeCycle=1,curView=55745,view=55746
info|2023-04-13 16:00:29.220591|[g:1][CONSENSUS]addRawPrepare,height=212,reqIdx=1,hash=e45445d2...,time=0
info|2023-04-13 16:00:29.225684|[g:1][CONSENSUS][PBFT]checkTimeout Succ,view=55746,toView=55747,nodeIdx=3,changeCycle=1,myNode=c30b6e4f...,timecost=4
info|2023-04-13 16:00:29.259683|[g:1][CONSENSUS][PBFT]checkAndChangeView: Reach consensus,org_view=55746,cur_changeCycle=1,curView=55746,view=55747
info|2023-04-13 16:00:29.542678|[P2P][Service] heartBeat,connected count=3
info|2023-04-13 16:00:30.277837|[g:1][CONSENSUS]addRawPrepare,height=212,reqIdx=2,hash=5a037513...,time=0
info|2023-04-13 16:00:30.285452|[g:1][CONSENSUS][PBFT]checkTimeout Succ,view=55747,toView=55748,nodeIdx=3,changeCycle=1,myNode=c30b6e4f...,timecost=5
info|2023-04-13 16:00:30.307776|[g:1][CONSENSUS][PBFT]checkAndChangeView: Reach consensus,org_view=55747,cur_changeCycle=1,curView=55747,view=55748
