info|2023-04-12 22:00:15.254999|[P2P][Service] heartBeat,connected count=3
info|2023-04-12 22:00:15.273310|[g:1][CONSENSUS][SEALER]++++++++++++++++ Generating seal on,blkNum=212,tx=0,nodeIdx=3,hash=d22a4c15...
warning|2023-04-12 22:00:15.258793|[g:1][CONSENSUS][PBFT]ViewChangeWarning: not caused by omit empty block ,v=39356,toV=39357,curNum=211,hash=275e4452...,nodeIdx=3,myNode=c30b6e4f...
info|2023-04-12 22:00:16.026983|[g:1][CONSENSUS][PBFT]checkTimeout Succ,view=39356,toView=39357,nodeIdx=3,changeCycle=2,myNode=c30b6e4f...,timecost=769
info|2023-04-12 22:00:16.029151|[g:1][CONSENSUS][PBFT]checkAndChangeView: Reach consensus,org_view=39356,cur_changeCycle=2,curView=39356,view=39357
info|2023-04-12 22:00:16.269301|[g:1][CONSENSUS]addRawPrepare,height=212,reqIdx=0,hash=2ff18b7e...,time=0
info|2023-04-12 22:00:16.269645|[g:1][CONSENSUS][PBFT]checkTimeout Succ,view=39357,toView=39358,nodeIdx=3,changeCycle=1,myNode=c30b6e4f...,timecost=0
info|2023-04-12 22:00:16.271267|[g:1][CONSENSUS][PBFT]checkAndChangeView: Reach consensus,org_view=39357,cur_changeCycle=1,curView=39357,view=39358
info|2023-04-12 22:00:17.271836|[g:1][CONSENSUS]addRawPrepare,height=212,reqIdx=1,hash=ea5c788d...,time=0
info|2023-04-12 22:00:17.272222|[g:1][CONSENSUS][PBFT]checkTimeout Succ,view=39358,toView=39359,nodeIdx=3,changeCycle=1,myNode=c30b6e4f...,timecost=1
info|2023-04-12 22:00:17.273458|[g:1][CONSENSUS][PBFT]checkAndChangeView: Reach consensus,org_view=39358,cur_changeCycle=1,curView=39358,view=39359
info|2023-04-12 22:00:18.275196|[g:1][CONSENSUS]addRawPrepare,height=212,reqIdx=2,hash=c0af9661...,time=0
info|2023-04-12 22:00:18.275851|[g:1][CONSENSUS][PBFT]checkTimeout Succ,view=39359,toView=39360,nodeIdx=3,changeCycle=1,myNode=c30b6e4f...,timecost=0
info|2023-04-12 22:00:18.277873|[g:1][CONSENSUS][PBFT]checkAndChangeView: Reach consensus,org_view=39359,cur_changeCycle=1,curView=39359,view=39360
info|2023-04-12 22:00:19.279298|[g:1][CONSENSUS][SEALER]++++++++++++++++ Generating seal on,blkNum=212,tx=0,nodeIdx=3,hash=12c0cae4...
info|2023-04-12 22:00:19.286244|[g:1][CONSENSUS][PBFT]checkTimeout Succ,view=39360,toView=39361,nodeIdx=3,changeCycle=1,myNode=c30b6e4f...,timecost=1
info|2023-04-12 22:00:19.287246|[g:1][CONSENSUS][PBFT]checkAndChangeView: Reach consensus,org_view=39360,cur_changeCycle=1,curView=39360,view=39361
info|2023-04-12 22:00:20.287332|[g:1][CONSENSUS]addRawPrepare,height=212,reqIdx=0,hash=ec950b08...,time=0
info|2023-04-12 22:00:20.287768|[g:1][CONSENSUS][PBFT]checkTimeout Succ,view=39361,toView=39362,nodeIdx=3,changeCycle=1,myNode=c30b6e4f...,timecost=0
info|2023-04-12 22:00:20.288687|[g:1][CONSENSUS][PBFT]checkAndChangeView: Reach consensus,org_view=39361,cur_changeCycle=1,curView=39361,view=39362
info|2023-04-12 22:00:21.290040|[g:1][CONSENSUS]addRawPrepare,height=212,reqIdx=1,hash=f37b6129...,time=0
info|2023-04-12 22:00:21.290389|[g:1][CONSENSUS][PBFT]checkTimeout Succ,view=39362,toView=39363,nodeIdx=3,changeCycle=1,myNode=c30b6e4f...,timecost=0
info|2023-04-12 22:00:21.291112|[g:1][CONSENSUS][PBFT]checkAndChangeView: Reach consensus,org_view=39362,cur_changeCycle=1,curView=39362,view=39363
info|2023-04-12 22:00:22.295404|[g:1][CONSENSUS]addRawPrepare,height=212,reqIdx=2,hash=97a53125...,time=0
info|2023-04-12 22:00:22.296171|[g:1][CONSENSUS][PBFT]checkTimeout Succ,view=39363,toView=39364,nodeIdx=3,changeCycle=1,myNode=c30b6e4f...,timecost=1
info|2023-04-12 22:00:22.299423|[g:1][CONSENSUS][PBFT]checkAndChangeView: Reach consensus,org_view=39363,cur_changeCycle=1,curView=39363,view=39364
info|2023-04-12 22:00:23.299246|[g:1][CONSENSUS][SEALER]++++++++++++++++ Generating seal on,blkNum=212,tx=0,nodeIdx=3,hash=a47bab65...
info|2023-04-12 22:00:23.300469|[g:1][CONSENSUS][PBFT]checkTimeout Succ,view=39364,toView=39365,nodeIdx=3,changeCycle=1,myNode=c30b6e4f...,timecost=1
info|2023-04-12 22:00:23.303678|[g:1][CONSENSUS][PBFT]checkAndChangeView: Reach consensus,org_view=39364,cur_changeCycle=1,curView=39364,view=39365
info|2023-04-12 22:00:24.306906|[g:1][CONSENSUS]addRawPrepare,height=212,reqIdx=0,hash=ae74dac0...,time=0
info|2023-04-12 22:00:24.307614|[g:1][CONSENSUS][PBFT]checkTimeout Succ,view=39365,toView=39366,nodeIdx=3,changeCycle=1,myNode=c30b6e4f...,timecost=1
info|2023-04-12 22:00:24.309449|[g:1][CONSENSUS][PBFT]checkAndChangeView: Reach consensus,org_view=39365,cur_changeCycle=1,curView=39365,view=39366
info|2023-04-12 22:00:25.256604|[P2P][Service] heartBeat,connected count=3
info|2023-04-12 22:00:25.311027|[g:1][CONSENSUS]addRawPrepare,height=212,reqIdx=1,hash=90aa3ec6...,time=0
info|2023-04-12 22:00:25.311339|[g:1][CONSENSUS][PBFT]checkTimeout Succ,view=39366,toView=39367,nodeIdx=3,changeCycle=1,myNode=c30b6e4f...,timecost=0
info|2023-04-12 22:00:25.312504|[g:1][CONSENSUS][PBFT]checkAndChangeView: Reach consensus,org_view=39366,cur_changeCycle=1,curView=39366,view=39367
info|2023-04-12 22:00:26.339026|[g:1][CONSENSUS]addRawPrepare,height=212,reqIdx=2,hash=b8f7fc4c...,time=1
info|2023-04-12 22:00:26.343682|[g:1][CONSENSUS][PBFT]checkTimeout Succ,view=39367,toView=39368,nodeIdx=3,changeCycle=1,myNode=c30b6e4f...,timecost=4
info|2023-04-12 22:00:26.371556|[g:1][CONSENSUS][PBFT]checkAndChangeView: Reach consensus,org_view=39367,cur_changeCycle=1,curView=39367,view=39368
info|2023-04-12 22:00:27.374954|[g:1][CONSENSUS][SEALER]++++++++++++++++ Generating seal on,blkNum=212,tx=0,nodeIdx=3,hash=b746866a...
info|2023-04-12 22:00:27.384609|[g:1][CONSENSUS][PBFT]checkTimeout Succ,view=39368,toView=39369,nodeIdx=3,changeCycle=1,myNode=c30b6e4f...,timecost=4
info|2023-04-12 22:00:27.413648|[g:1][CONSENSUS][PBFT]checkAndChangeView: Reach consensus,org_view=39368,cur_changeCycle=1,curView=39368,view=39369
info|2023-04-12 22:00:28.443336|[g:1][CONSENSUS]addRawPrepare,height=212,reqIdx=0,hash=3017f382...,time=0
info|2023-04-12 22:00:28.450681|[g:1][CONSENSUS][PBFT]checkTimeout Succ,view=39369,toView=39370,nodeIdx=3,changeCycle=1,myNode=c30b6e4f...,timecost=7
info|2023-04-12 22:00:28.479276|[g:1][CONSENSUS][PBFT]checkAndChangeView: Reach consensus,org_view=39369,cur_changeCycle=1,curView=39369,view=39370
info|2023-04-12 22:00:29.609681|[g:1][CONSENSUS]addRawPrepare,height=212,reqIdx=1,hash=c4781097...,time=0
info|2023-04-12 22:00:29.615303|[g:1][CONSENSUS][PBFT]checkTimeout Succ,view=39370,toView=39371,nodeIdx=3,changeCycle=1,myNode=c30b6e4f...,timecost=5
info|2023-04-12 22:00:29.653863|[g:1][CONSENSUS][PBFT]checkAndChangeView: Reach consensus,org_view=39370,cur_changeCycle=1,curView=39370,view=39371
info|2023-04-12 22:00:30.686203|[g:1][CONSENSUS]addRawPrepare,height=212,reqIdx=2,hash=40915e93...,time=0
info|2023-04-12 22:00:30.695229|[g:1][CONSENSUS][PBFT]checkTimeout Succ,view=39371,toView=39372,nodeIdx=3,changeCycle=1,myNode=c30b6e4f...,timecost=9
info|2023-04-12 22:00:30.724393|[g:1][CONSENSUS][PBFT]checkAndChangeView: Reach consensus,org_view=39371,cur_changeCycle=1,curView=39371,view=39372
info|2023-04-12 22:00:31.728500|[g:1][CONSENSUS][SEALER]++++++++++++++++ Generating seal on,blkNum=212,tx=0,nodeIdx=3,hash=ec0b3458...
info|2023-04-12 22:00:31.742307|[g:1][CONSENSUS][PBFT]checkTimeout Succ,view=39372,toView=39373,nodeIdx=3,changeCycle=1,myNode=c30b6e4f...,timecost=5
info|2023-04-12 22:00:31.782357|[g:1][CONSENSUS][PBFT]checkAndChangeView: Reach consensus,org_view=39372,cur_changeCycle=1,curView=39372,view=39373
info|2023-04-12 22:00:32.799589|[g:1][CONSENSUS]addRawPrepare,height=212,reqIdx=0,hash=f24c3acc...,time=0
info|2023-04-12 22:00:32.806600|[g:1][CONSENSUS][PBFT]checkTimeout Succ,view=39373,toView=39374,nodeIdx=3,changeCycle=1,myNode=c30b6e4f...,timecost=6
info|2023-04-12 22:00:32.837381|[g:1][CONSENSUS][PBFT]checkAndChangeView: Reach consensus,org_view=39373,cur_changeCycle=1,curView=39373,view=39374
info|2023-04-12 22:00:33.859691|[g:1][CONSENSUS]addRawPrepare,height=212,reqIdx=1,hash=fc8f7e47...,time=0
info|2023-04-12 22:00:33.867792|[g:1][CONSENSUS][PBFT]checkTimeout Succ,view=39374,toView=39375,nodeIdx=3,changeCycle=1,myNode=c30b6e4f...,timecost=7
info|2023-04-12 22:00:33.891458|[g:1][CONSENSUS][PBFT]checkAndChangeView: Reach consensus,org_view=39374,cur_changeCycle=1,curView=39374,view=39375
info|2023-04-12 22:00:34.930976|[g:1][CONSENSUS]addRawPrepare,height=212,reqIdx=2,hash=2a14b53e...,time=1
info|2023-04-12 22:00:34.940970|[g:1][CONSENSUS][PBFT]checkTimeout Succ,view=39375,toView=39376,nodeIdx=3,changeCycle=1,myNode=c30b6e4f...,timecost=10
info|2023-04-12 22:00:34.956884|[g:1][CONSENSUS][PBFT]checkAndChangeView: Reach consensus,org_view=39375,cur_changeCycle=1,curView=39375,view=39376
info|2023-04-12 22:00:35.258862|[P2P][Service] heartBeat,connected count=3
info|2023-04-12 22:00:36.339051|[g:1][CONSENSUS][SEALER]++++++++++++++++ Generating seal on,blkNum=212,tx=0,nodeIdx=3,hash=6be24a93...
info|2023-04-12 22:00:36.492651|[g:1][CONSENSUS][PBFT]checkTimeout Succ,view=39376,toView=39377,nodeIdx=3,changeCycle=1,myNode=c30b6e4f...,timecost=4
info|2023-04-12 22:00:37.034067|[g:1][CONSENSUS][PBFT]checkAndChangeView: Reach consensus,org_view=39376,cur_changeCycle=1,curView=39376,view=39377
info|2023-04-12 22:00:38.130823|[g:1][CONSENSUS]addRawPrepare,height=212,reqIdx=0,hash=225bd825...,time=0
info|2023-04-12 22:00:38.137823|[g:1][CONSENSUS][PBFT]checkTimeout Succ,view=39377,toView=39378,nodeIdx=3,changeCycle=1,myNode=c30b6e4f...,timecost=6
info|2023-04-12 22:00:38.347269|[g:1][CONSENSUS][PBFT]checkAndChangeView: Reach consensus,org_view=39377,cur_changeCycle=1,curView=39377,view=39378
info|2023-04-12 22:00:39.278764|[g:1][CONSENSUS]addRawPrepare,height=212,reqIdx=1,hash=bf384fe4...,time=0
info|2023-04-12 22:00:39.306574|[g:1][CONSENSUS][PBFT]checkTimeout Succ,view=39378,toView=39379,nodeIdx=3,changeCycle=1,myNode=c30b6e4f...,timecost=22
info|2023-04-12 22:00:39.725100|[g:1][CONSENSUS][PBFT]checkAndChangeView: Reach consensus,org_view=39378,cur_changeCycle=1,curView=39378,view=39379
info|2023-04-12 22:00:40.921112|[g:1][CONSENSUS]addRawPrepare,height=212,reqIdx=2,hash=d16d69a5...,time=0
info|2023-04-12 22:00:40.926198|[g:1][CONSENSUS][PBFT]checkTimeout Succ,view=39379,toView=39380,nodeIdx=3,changeCycle=1,myNode=c30b6e4f...,timecost=5
info|2023-04-12 22:00:40.951088|[g:1][CONSENSUS][PBFT]checkAndChangeView: Reach consensus,org_view=39379,cur_changeCycle=1,curView=39379,view=39380
info|2023-04-12 22:00:41.954748|[g:1][CONSENSUS][SEALER]++++++++++++++++ Generating seal on,blkNum=212,tx=0,nodeIdx=3,hash=df50b8d6...
info|2023-04-12 22:00:41.976418|[g:1][CONSENSUS][PBFT]checkTimeout Succ,view=39380,toView=39381,nodeIdx=3,changeCycle=1,myNode=c30b6e4f...,timecost=7
info|2023-04-12 22:00:41.997788|[g:1][CONSENSUS][PBFT]checkAndChangeView: Reach consensus,org_view=39380,cur_changeCycle=1,curView=39380,view=39381
info|2023-04-12 22:00:43.014805|[g:1][CONSENSUS]addRawPrepare,height=212,reqIdx=0,hash=a54cd074...,time=0
info|2023-04-12 22:00:43.030928|[g:1][CONSENSUS][PBFT]checkTimeout Succ,view=39381,toView=39382,nodeIdx=3,changeCycle=1,myNode=c30b6e4f...,timecost=14
info|2023-04-12 22:00:43.085466|[g:1][CONSENSUS][PBFT]checkAndChangeView: Reach consensus,org_view=39381,cur_changeCycle=1,curView=39381,view=39382
info|2023-04-12 22:00:44.415336|[g:1][CONSENSUS]addRawPrepare,height=212,reqIdx=1,hash=c6b9e819...,time=0
info|2023-04-12 22:00:44.427969|[g:1][CONSENSUS][PBFT]checkTimeout Succ,view=39382,toView=39383,nodeIdx=3,changeCycle=1,myNode=c30b6e4f...,timecost=12
info|2023-04-12 22:00:44.517055|[g:1][CONSENSUS][PBFT]checkAndChangeView: Reach consensus,org_view=39382,cur_changeCycle=1,curView=39382,view=39383
info|2023-04-12 22:00:45.261388|[P2P][Service] heartBeat,connected count=3
info|2023-04-12 22:00:45.546237|[g:1][CONSENSUS]addRawPrepare,height=212,reqIdx=2,hash=b95b6eb6...,time=0
info|2023-04-12 22:00:45.648721|[g:1][CONSENSUS][PBFT]checkTimeout Succ,view=39383,toView=39384,nodeIdx=3,changeCycle=1,myNode=c30b6e4f...,timecost=101
info|2023-04-12 22:00:45.766106|[g:1][CONSENSUS][PBFT]checkAndChangeView: Reach consensus,org_view=39383,cur_changeCycle=1,curView=39383,view=39384
