info|2022-11-09 09:55:57.759877|[P2P][Service] heartBeat,connected count=3
error|2022-11-09 09:55:57.759982|[NETWORK][Session]Idle connection, disconnect ,endpoint=127.0.0.1:30302
info|2022-11-09 09:55:57.760014|[NETWORK][Session]drop, call and erase all callbackFunc in this session!,endpoint=127.0.0.1:30302
warning|2022-11-09 09:55:57.760056|[NETWORK][Session][drop] closing remote 127.0.0.1:30302,reason=(Idle connection for no network io happens during 5s time intervals.),endpoint=127.0.0.1:30302
error|2022-11-09 09:55:57.760186|[NETWORK][Session]Idle connection, disconnect ,endpoint=127.0.0.1:30300
info|2022-11-09 09:55:57.760200|[NETWORK][Session]drop, call and erase all callbackFunc in this session!,endpoint=127.0.0.1:30300
warning|2022-11-09 09:55:57.760218|[NETWORK][Session][drop] closing remote 127.0.0.1:30300,reason=(Idle connection for no network io happens during 5s time intervals.),endpoint=127.0.0.1:30300
error|2022-11-09 09:55:57.760278|[NETWORK][Session]Session inactived
error|2022-11-09 09:55:57.760289|[NETWORK][Session]Idle connection, disconnect ,endpoint=127.0.0.1:30303
info|2022-11-09 09:55:57.760298|[NETWORK][Session]drop, call and erase all callbackFunc in this session!,endpoint=127.0.0.1:30303
warning|2022-11-09 09:55:57.760334|[NETWORK][Session][drop] closing remote 127.0.0.1:30303,reason=(Idle connection for no network io happens during 5s time intervals.),endpoint=127.0.0.1:30303
error|2022-11-09 09:55:57.760402|[NETWORK][Session]Session inactived
error|2022-11-09 09:55:57.760426|[NETWORK][Session]Session inactived
warning|2022-11-09 09:55:57.760460|[NETWORK][Session]doRead error,endpoint=127.0.0.1:30302,message=Operation canceled
warning|2022-11-09 09:55:57.760483|[NETWORK][Session][drop] shutdown failed ,errorValue=9,message=Bad file descriptor
warning|2022-11-09 09:55:57.760513|[NETWORK][Session]doRead error,endpoint=127.0.0.1:30300,message=Operation canceled
warning|2022-11-09 09:55:57.760524|[NETWORK][Session][drop] shutdown failed ,errorValue=9,message=Bad file descriptor
warning|2022-11-09 09:55:57.760533|[NETWORK][Session]doRead error,endpoint=127.0.0.1:30303,message=Operation canceled
warning|2022-11-09 09:55:57.760543|[NETWORK][Session][drop] shutdown failed ,errorValue=9,message=Bad file descriptor
warning|2022-11-09 09:55:57.760594|[g:1][NETWORK][Session]Session inactived
warning|2022-11-09 09:55:57.760616|[g:1][NETWORK][Session]Session inactived
warning|2022-11-09 09:55:57.760656|[g:1][NETWORK][Session]Session inactived
warning|2022-11-09 09:55:57.763507|[P2P][Service] disconnect error P2PSession,nodeID=54e27343...,endpoint=127.0.0.1:30302,errorCode=3,what=Disconnect
warning|2022-11-09 09:55:57.763553|[P2P][Service] onDisconnect,errorCode=3,what=Dynamic exception type: dev::network::NetworkException
std::exception::what: Disconnect

warning|2022-11-09 09:55:57.763587|[P2P][Service] disconnect error P2PSession,nodeID=74ec5d39...,endpoint=127.0.0.1:30300,errorCode=3,what=Disconnect
warning|2022-11-09 09:55:57.763603|[P2P][Service] onDisconnect,errorCode=3,what=Dynamic exception type: dev::network::NetworkException
std::exception::what: Disconnect

warning|2022-11-09 09:55:57.763613|[P2P][Service] disconnect error P2PSession,nodeID=8170ed0b...,endpoint=127.0.0.1:30303,errorCode=3,what=Disconnect
warning|2022-11-09 09:55:57.763688|[P2P][Service] onDisconnect,errorCode=3,what=Dynamic exception type: dev::network::NetworkException
std::exception::what: Disconnect

warning|2022-11-09 09:55:57.775178|[g:1][CONSENSUS][PBFT]ViewChangeWarning: not caused by omit empty block ,v=23216,toV=23217,curNum=17,hash=9161a424...,nodeIdx=3,myNode=c30b6e4f...
warning|2022-11-09 09:55:57.775217|[g:1][CONSENSUS][PBFT]Find disconnectedNode,disconnectedNodeSize=3,sessionSize=0,minValidNodes=3,connectedNodeList=,disconnectedNode=54e27343..., 74ec5d39..., 8170ed0b..., ,idx=3
info|2022-11-09 09:55:57.775259|[g:1][CONSENSUS][PBFT]checkTimeout Succ,view=23216,toView=23217,nodeIdx=3,changeCycle=2,myNode=c30b6e4f...,timecost=2
warning|2022-11-09 09:55:57.776599|[g:1][P2P][Service] Node inactived,nodeID=8170ed0b...
warning|2022-11-09 09:55:57.776619|[g:1][P2P][Service] Node inactived,nodeID=54e27343...
warning|2022-11-09 09:55:57.776630|[g:1][P2P][Service] Node inactived,nodeID=74ec5d39...
error|2022-11-09 09:55:58.047254|[CHANNEL][SESSION]Idle connection, disconnect 127.0.0.1:52119
warning|2022-11-09 09:55:58.047300|[CHANNEL]onClientRequest,errorCode=-1,what=Idle connection, disconnect
error|2022-11-09 09:55:58.047434|[CHANNEL][SESSION]ChannelSession inactived
error|2022-11-09 09:55:58.047487|[CHANNEL][SESSION]startWrite ChannelSession inactived
error|2022-11-09 09:55:58.048418|[CHANNEL][SESSION]ChannelSession inactived
warning|2022-11-09 09:55:58.048551|async_shutdown,message=End of file
warning|2022-11-09 09:56:04.529801|[g:1][CONSENSUS][PBFT]ViewChangeWarning: not caused by omit empty block ,v=23216,toV=23218,curNum=17,hash=9161a424...,nodeIdx=3,myNode=c30b6e4f...
warning|2022-11-09 09:56:04.529882|[g:1][CONSENSUS][PBFT]Find disconnectedNode,disconnectedNodeSize=3,sessionSize=0,minValidNodes=3,connectedNodeList=,disconnectedNode=54e27343..., 74ec5d39..., 8170ed0b..., ,idx=3
info|2022-11-09 09:56:04.529980|[g:1][CONSENSUS][PBFT]checkTimeout Succ,view=23216,toView=23218,nodeIdx=3,changeCycle=3,myNode=c30b6e4f...,timecost=2
info|2022-11-09 09:56:07.760612|[NETWORK][Host]Connecting to node,endpoint=127.0.0.1:30300
info|2022-11-09 09:56:07.760854|[NETWORK][Host]Connecting to node,endpoint=127.0.0.1:30302
info|2022-11-09 09:56:07.761040|[NETWORK][Host]Connecting to node,endpoint=127.0.0.1:30303
info|2022-11-09 09:56:07.761172|[P2P][Service] heartBeat,connected count=0
info|2022-11-09 09:56:07.761726|[NETWORK][ASIO]asyncResolveConnect,endpoint=127.0.0.1:30300
info|2022-11-09 09:56:07.762420|[NETWORK][ASIO]asyncResolveConnect,endpoint=127.0.0.1:30302
info|2022-11-09 09:56:07.762799|[NETWORK][ASIO]asyncResolveConnect,endpoint=127.0.0.1:30303
info|2022-11-09 09:56:07.763534|[NETWORK][Host]P2P Recv Connect, From=127.0.0.1:52159
info|2022-11-09 09:56:07.764230|[NETWORK][Host]P2P StartAccept,Host=0.0.0.0:30301
info|2022-11-09 09:56:07.766603|[NETWORK][Host]P2P Recv Connect, From=127.0.0.1:52162
info|2022-11-09 09:56:07.766800|[NETWORK][Host]P2P StartAccept,Host=0.0.0.0:30301
info|2022-11-09 09:56:07.768439|[NETWORK][Host]P2P Recv Connect, From=127.0.0.1:52165
info|2022-11-09 09:56:07.768547|[NETWORK][Host]P2P StartAccept,Host=0.0.0.0:30301
error|2022-11-09 09:56:07.769045|[NETWORK][Host]Get ca basic failed
error|2022-11-09 09:56:07.775255|[NETWORK][Host]Get ca basic failed
error|2022-11-09 09:56:07.781455|[NETWORK][Host]Get ca basic failed
error|2022-11-09 09:56:07.784635|[NETWORK][Host]Get ca basic failed
error|2022-11-09 09:56:07.788927|[NETWORK][Host]Get ca basic failed
info|2022-11-09 09:56:07.791739|[NETWORK][Host]handshakeServer succ,remote endpoint=127.0.0.1:52159
info|2022-11-09 09:56:07.791807|[NETWORK][Host]startPeerSession, Remote=127.0.0.1:52159,local endpoint=127.0.0.1:30301,nodeID=8170ed0b...
info|2022-11-09 09:56:07.791840|[P2P][Service] Connection established,nodeID=8170ed0b...,endpoint=127.0.0.1:52159
info|2022-11-09 09:56:07.791972|[NETWORK][Host]handshakeClient succ,local endpoint=127.0.0.1:52156
info|2022-11-09 09:56:07.791995|[NETWORK][Host]startPeerSession, Remote=127.0.0.1:30300,local endpoint=127.0.0.1:52156,nodeID=74ec5d39...
info|2022-11-09 09:56:07.792020|[P2P][Service] Connection established,nodeID=74ec5d39...,endpoint=127.0.0.1:30300
info|2022-11-09 09:56:07.792106|[NETWORK][Host]handshakeClient succ,local endpoint=127.0.0.1:52158
info|2022-11-09 09:56:07.792136|[NETWORK][Host]startPeerSession, Remote=127.0.0.1:30302,local endpoint=127.0.0.1:52158,nodeID=54e27343...
info|2022-11-09 09:56:07.792168|[P2P][Service] Connection established,nodeID=54e27343...,endpoint=127.0.0.1:30302
info|2022-11-09 09:56:07.792202|[NETWORK][Host]handshakeServer succ,remote endpoint=127.0.0.1:52162
info|2022-11-09 09:56:07.792237|[NETWORK][Host]startPeerSession, Remote=127.0.0.1:52162,local endpoint=127.0.0.1:30301,nodeID=74ec5d39...
error|2022-11-09 09:56:07.792498|[NETWORK][Host]Get ca basic failed
info|2022-11-09 09:56:07.795443|[NETWORK][Host]handshakeServer succ,remote endpoint=127.0.0.1:52165
info|2022-11-09 09:56:07.795473|[NETWORK][Host]startPeerSession, Remote=127.0.0.1:52165,local endpoint=127.0.0.1:30301,nodeID=54e27343...
info|2022-11-09 09:56:07.795622|[NETWORK][Host]handshakeClient succ,local endpoint=127.0.0.1:52161
info|2022-11-09 09:56:07.795643|[NETWORK][Host]startPeerSession, Remote=127.0.0.1:30303,local endpoint=127.0.0.1:52161,nodeID=8170ed0b...
info|2022-11-09 09:56:07.796650|[NETWORK][Session]Received topic: [220] from 74ec5d392f0ef12f6b73a3918aea0e853c4d79690a711679dc5db2c2df93b77d85606080c2edf822b93ce642c832d7759dffac92964323a7b2cbbb8ae9c0afc1
error|2022-11-09 09:56:07.968617|[CHANNEL]Get ca basic failed
info|2022-11-09 09:56:07.970776|[CHANNEL]channel new connect, host=127.0.0.1:52170
info|2022-11-09 09:56:07.970817|[CHANNEL]start receive
info|2022-11-09 09:56:07.972075|[RPC][getClientVersion]request
info|2022-11-09 09:56:07.973758|[CHANNEL]onClientHandshake,ProtocolVersion=3,clientType=java-sdk,endpoint=127.0.0.1:52170
info|2022-11-09 09:56:07.974643|[RPC][getGroupList]request
info|2022-11-09 09:56:07.975846|[RPC][getClientVersion]request
info|2022-11-09 09:56:12.813189|[NETWORK][Session]Received topic: [223	_block_notify_1] from 74ec5d392f0ef12f6b73a3918aea0e853c4d79690a711679dc5db2c2df93b77d85606080c2edf822b93ce642c832d7759dffac92964323a7b2cbbb8ae9c0afc1
warning|2022-11-09 09:56:14.667687|[g:1][CONSENSUS][PBFT]ViewChangeWarning: not caused by omit empty block ,v=23216,toV=23219,curNum=17,hash=9161a424...,nodeIdx=3,myNode=c30b6e4f...
info|2022-11-09 09:56:14.674368|[g:1][CONSENSUS][PBFT]checkTimeout Succ,view=23216,toView=23219,nodeIdx=3,changeCycle=4,myNode=c30b6e4f...,timecost=10
info|2022-11-09 09:56:14.791607|[g:1][CONSENSUS][PBFT]checkAndChangeView: Reach consensus,org_view=23216,cur_changeCycle=4,curView=23216,view=23219
info|2022-11-09 09:56:15.702204|[g:1][CONSENSUS]addRawPrepare,height=18,reqIdx=0,hash=77a0531c...,time=0
info|2022-11-09 09:56:15.707842|[g:1][CONSENSUS][PBFT]checkTimeout Succ,view=23219,toView=23220,nodeIdx=3,changeCycle=1,myNode=c30b6e4f...,timecost=4
info|2022-11-09 09:56:15.725716|[g:1][CONSENSUS][PBFT]checkAndChangeView: Reach consensus,org_view=23219,cur_changeCycle=1,curView=23219,view=23220
info|2022-11-09 09:56:16.789377|[g:1][CONSENSUS]addRawPrepare,height=18,reqIdx=1,hash=ce009578...,time=0
info|2022-11-09 09:56:16.959434|[g:1][CONSENSUS][PBFT]checkTimeout Succ,view=23220,toView=23221,nodeIdx=3,changeCycle=1,myNode=c30b6e4f...,timecost=173
info|2022-11-09 09:56:17.064238|[g:1][CONSENSUS][PBFT]checkAndChangeView: Reach consensus,org_view=23220,cur_changeCycle=1,curView=23220,view=23221
info|2022-11-09 09:56:17.763537|[P2P][Service] heartBeat,connected count=3
info|2022-11-09 09:56:18.086027|[g:1][CONSENSUS]addRawPrepare,height=18,reqIdx=2,hash=174627d7...,time=1
info|2022-11-09 09:56:18.099776|[g:1][CONSENSUS][PBFT]checkTimeout Succ,view=23221,toView=23222,nodeIdx=3,changeCycle=1,myNode=c30b6e4f...,timecost=12
info|2022-11-09 09:56:18.336675|[g:1][CONSENSUS][PBFT]checkAndChangeView: Reach consensus,org_view=23221,cur_changeCycle=1,curView=23221,view=23222
info|2022-11-09 09:56:19.340460|[g:1][CONSENSUS][SEALER]++++++++++++++++ Generating seal on,blkNum=18,tx=0,nodeIdx=3,hash=4c414242...
info|2022-11-09 09:56:19.359258|[g:1][CONSENSUS][PBFT]checkTimeout Succ,view=23222,toView=23223,nodeIdx=3,changeCycle=1,myNode=c30b6e4f...,timecost=5
info|2022-11-09 09:56:19.374122|[g:1][CONSENSUS][PBFT]checkAndChangeView: Reach consensus,org_view=23222,cur_changeCycle=1,curView=23222,view=23223
info|2022-11-09 09:56:20.408098|[g:1][CONSENSUS]addRawPrepare,height=18,reqIdx=0,hash=4077944d...,time=0
info|2022-11-09 09:56:20.455210|[g:1][CONSENSUS][PBFT]checkTimeout Succ,view=23223,toView=23224,nodeIdx=3,changeCycle=1,myNode=c30b6e4f...,timecost=54
info|2022-11-09 09:56:20.552101|[g:1][CONSENSUS][PBFT]checkAndChangeView: Reach consensus,org_view=23223,cur_changeCycle=1,curView=23223,view=23224
info|2022-11-09 09:56:21.571020|[g:1][CONSENSUS]addRawPrepare,height=18,reqIdx=1,hash=9c6b0c75...,time=1
info|2022-11-09 09:56:21.581315|[g:1][CONSENSUS][PBFT]checkTimeout Succ,view=23224,toView=23225,nodeIdx=3,changeCycle=1,myNode=c30b6e4f...,timecost=10
info|2022-11-09 09:56:21.606064|[g:1][CONSENSUS][PBFT]checkAndChangeView: Reach consensus,org_view=23224,cur_changeCycle=1,curView=23224,view=23225
info|2022-11-09 09:56:22.609246|[g:1][CONSENSUS]addRawPrepare,height=18,reqIdx=2,hash=79e95252...,time=0
info|2022-11-09 09:56:22.615809|[g:1][CONSENSUS][PBFT]checkTimeout Succ,view=23225,toView=23226,nodeIdx=3,changeCycle=1,myNode=c30b6e4f...,timecost=6
info|2022-11-09 09:56:22.636678|[g:1][CONSENSUS][PBFT]checkAndChangeView: Reach consensus,org_view=23225,cur_changeCycle=1,curView=23225,view=23226
info|2022-11-09 09:56:23.640919|[g:1][CONSENSUS][SEALER]++++++++++++++++ Generating seal on,blkNum=18,tx=0,nodeIdx=3,hash=e8c02743...
info|2022-11-09 09:56:23.650730|[g:1][CONSENSUS][PBFT]checkTimeout Succ,view=23226,toView=23227,nodeIdx=3,changeCycle=1,myNode=c30b6e4f...,timecost=5
info|2022-11-09 09:56:23.676420|[g:1][CONSENSUS][PBFT]checkAndChangeView: Reach consensus,org_view=23226,cur_changeCycle=1,curView=23226,view=23227
info|2022-11-09 09:56:24.701549|[g:1][CONSENSUS]addRawPrepare,height=18,reqIdx=0,hash=452a6e92...,time=0
info|2022-11-09 09:56:24.707581|[g:1][CONSENSUS][PBFT]checkTimeout Succ,view=23227,toView=23228,nodeIdx=3,changeCycle=1,myNode=c30b6e4f...,timecost=4
info|2022-11-09 09:56:24.728757|[g:1][CONSENSUS][PBFT]checkAndChangeView: Reach consensus,org_view=23227,cur_changeCycle=1,curView=23227,view=23228
info|2022-11-09 09:56:25.759507|[g:1][CONSENSUS]addRawPrepare,height=18,reqIdx=1,hash=66abd3ee...,time=0
info|2022-11-09 09:56:25.775707|[g:1][CONSENSUS][PBFT]checkTimeout Succ,view=23228,toView=23229,nodeIdx=3,changeCycle=1,myNode=c30b6e4f...,timecost=14
info|2022-11-09 09:56:25.885279|[g:1][CONSENSUS][PBFT]checkAndChangeView: Reach consensus,org_view=23228,cur_changeCycle=1,curView=23228,view=23229
info|2022-11-09 09:56:26.906443|[g:1][CONSENSUS]addRawPrepare,height=18,reqIdx=2,hash=5054f26a...,time=0
info|2022-11-09 09:56:26.918200|[g:1][CONSENSUS][PBFT]checkTimeout Succ,view=23229,toView=23230,nodeIdx=3,changeCycle=1,myNode=c30b6e4f...,timecost=11
info|2022-11-09 09:56:26.936293|[g:1][CONSENSUS][PBFT]checkAndChangeView: Reach consensus,org_view=23229,cur_changeCycle=1,curView=23229,view=23230
info|2022-11-09 09:56:27.766020|[P2P][Service] heartBeat,connected count=3
info|2022-11-09 09:56:27.939151|[g:1][CONSENSUS][SEALER]++++++++++++++++ Generating seal on,blkNum=18,tx=0,nodeIdx=3,hash=d970933d...
info|2022-11-09 09:56:27.949937|[g:1][CONSENSUS][PBFT]checkTimeout Succ,view=23230,toView=23231,nodeIdx=3,changeCycle=1,myNode=c30b6e4f...,timecost=6
info|2022-11-09 09:56:27.984937|[g:1][CONSENSUS][PBFT]checkAndChangeView: Reach consensus,org_view=23230,cur_changeCycle=1,curView=23230,view=23231
info|2022-11-09 09:56:29.043802|[g:1][CONSENSUS]addRawPrepare,height=18,reqIdx=0,hash=d16d762e...,time=3
info|2022-11-09 09:56:29.070594|[g:1][CONSENSUS][PBFT]checkTimeout Succ,view=23231,toView=23232,nodeIdx=3,changeCycle=1,myNode=c30b6e4f...,timecost=28
info|2022-11-09 09:56:29.093473|[g:1][CONSENSUS][PBFT]checkAndChangeView: Reach consensus,org_view=23231,cur_changeCycle=1,curView=23231,view=23232
info|2022-11-09 09:56:30.108442|[g:1][CONSENSUS]addRawPrepare,height=18,reqIdx=1,hash=185a3732...,time=0
info|2022-11-09 09:56:30.112855|[g:1][CONSENSUS][PBFT]checkTimeout Succ,view=23232,toView=23233,nodeIdx=3,changeCycle=1,myNode=c30b6e4f...,timecost=3
info|2022-11-09 09:56:30.129145|[g:1][CONSENSUS][PBFT]checkAndChangeView: Reach consensus,org_view=23232,cur_changeCycle=1,curView=23232,view=23233
info|2022-11-09 09:56:31.152683|[g:1][CONSENSUS]addRawPrepare,height=18,reqIdx=2,hash=bf08d633...,time=0
info|2022-11-09 09:56:31.159342|[g:1][CONSENSUS][PBFT]checkTimeout Succ,view=23233,toView=23234,nodeIdx=3,changeCycle=1,myNode=c30b6e4f...,timecost=6
info|2022-11-09 09:56:31.173022|[g:1][CONSENSUS][PBFT]checkAndChangeView: Reach consensus,org_view=23233,cur_changeCycle=1,curView=23233,view=23234
info|2022-11-09 09:56:32.173750|[g:1][CONSENSUS][SEALER]++++++++++++++++ Generating seal on,blkNum=18,tx=0,nodeIdx=3,hash=b27b5380...
info|2022-11-09 09:56:32.193527|[g:1][CONSENSUS][PBFT]checkTimeout Succ,view=23234,toView=23235,nodeIdx=3,changeCycle=1,myNode=c30b6e4f...,timecost=5
info|2022-11-09 09:56:32.218623|[g:1][CONSENSUS][PBFT]checkAndChangeView: Reach consensus,org_view=23234,cur_changeCycle=1,curView=23234,view=23235
info|2022-11-09 09:56:33.229143|[g:1][CONSENSUS]addRawPrepare,height=18,reqIdx=0,hash=003401e9...,time=0
info|2022-11-09 09:56:33.234898|[g:1][CONSENSUS][PBFT]checkTimeout Succ,view=23235,toView=23236,nodeIdx=3,changeCycle=1,myNode=c30b6e4f...,timecost=5
info|2022-11-09 09:56:33.266892|[g:1][CONSENSUS][PBFT]checkAndChangeView: Reach consensus,org_view=23235,cur_changeCycle=1,curView=23235,view=23236
info|2022-11-09 09:56:34.281804|[g:1][CONSENSUS]addRawPrepare,height=18,reqIdx=1,hash=93c533f7...,time=0
info|2022-11-09 09:56:34.289908|[g:1][CONSENSUS][PBFT]checkTimeout Succ,view=23236,toView=23237,nodeIdx=3,changeCycle=1,myNode=c30b6e4f...,timecost=8
info|2022-11-09 09:56:34.306824|[g:1][CONSENSUS][PBFT]checkAndChangeView: Reach consensus,org_view=23236,cur_changeCycle=1,curView=23236,view=23237
info|2022-11-09 09:56:35.334193|[g:1][CONSENSUS]addRawPrepare,height=18,reqIdx=2,hash=3b77fe01...,time=0
info|2022-11-09 09:56:35.344014|[g:1][CONSENSUS][PBFT]checkTimeout Succ,view=23237,toView=23238,nodeIdx=3,changeCycle=1,myNode=c30b6e4f...,timecost=9
info|2022-11-09 09:56:35.366365|[g:1][CONSENSUS][PBFT]checkAndChangeView: Reach consensus,org_view=23237,cur_changeCycle=1,curView=23237,view=23238
info|2022-11-09 09:56:36.367840|[g:1][CONSENSUS][SEALER]++++++++++++++++ Generating seal on,blkNum=18,tx=0,nodeIdx=3,hash=b1f2667c...
info|2022-11-09 09:56:36.386001|[g:1][CONSENSUS][PBFT]checkTimeout Succ,view=23238,toView=23239,nodeIdx=3,changeCycle=1,myNode=c30b6e4f...,timecost=5
info|2022-11-09 09:56:36.405152|[g:1][CONSENSUS][PBFT]checkAndChangeView: Reach consensus,org_view=23238,cur_changeCycle=1,curView=23238,view=23239
info|2022-11-09 09:56:37.422908|[g:1][CONSENSUS]addRawPrepare,height=18,reqIdx=0,hash=58eff4c3...,time=1
info|2022-11-09 09:56:37.429382|[g:1][CONSENSUS][PBFT]checkTimeout Succ,view=23239,toView=23240,nodeIdx=3,changeCycle=1,myNode=c30b6e4f...,timecost=6
info|2022-11-09 09:56:37.444715|[g:1][CONSENSUS][PBFT]checkAndChangeView: Reach consensus,org_view=23239,cur_changeCycle=1,curView=23239,view=23240
info|2022-11-09 09:56:37.767578|[P2P][Service] heartBeat,connected count=3
info|2022-11-09 09:56:38.572799|[g:1][CONSENSUS]addRawPrepare,height=18,reqIdx=1,hash=79d8c561...,time=1
info|2022-11-09 09:56:38.653933|[g:1][CONSENSUS][PBFT]checkTimeout Succ,view=23240,toView=23241,nodeIdx=3,changeCycle=1,myNode=c30b6e4f...,timecost=80
info|2022-11-09 09:56:38.824272|[g:1][CONSENSUS][PBFT]checkAndChangeView: Reach consensus,org_view=23240,cur_changeCycle=1,curView=23240,view=23241
info|2022-11-09 09:56:39.809531|[g:1][CONSENSUS]addRawPrepare,height=18,reqIdx=2,hash=fad6b7a2...,time=0
info|2022-11-09 09:56:39.824629|[g:1][CONSENSUS][PBFT]checkTimeout Succ,view=23241,toView=23242,nodeIdx=3,changeCycle=1,myNode=c30b6e4f...,timecost=15
info|2022-11-09 09:56:39.863657|[g:1][CONSENSUS][PBFT]checkAndChangeView: Reach consensus,org_view=23241,cur_changeCycle=1,curView=23241,view=23242
info|2022-11-09 09:56:40.864911|[g:1][CONSENSUS][SEALER]++++++++++++++++ Generating seal on,blkNum=18,tx=0,nodeIdx=3,hash=b9d9dc43...
info|2022-11-09 09:56:40.874367|[g:1][CONSENSUS][PBFT]checkTimeout Succ,view=23242,toView=23243,nodeIdx=3,changeCycle=1,myNode=c30b6e4f...,timecost=3
info|2022-11-09 09:56:40.901628|[g:1][CONSENSUS][PBFT]checkAndChangeView: Reach consensus,org_view=23242,cur_changeCycle=1,curView=23242,view=23243
info|2022-11-09 09:56:41.956715|[g:1][CONSENSUS]addRawPrepare,height=18,reqIdx=0,hash=b8ff90d3...,time=0
info|2022-11-09 09:56:41.967923|[g:1][CONSENSUS][PBFT]checkTimeout Succ,view=23243,toView=23244,nodeIdx=3,changeCycle=1,myNode=c30b6e4f...,timecost=10
info|2022-11-09 09:56:41.991434|[g:1][CONSENSUS][PBFT]checkAndChangeView: Reach consensus,org_view=23243,cur_changeCycle=1,curView=23243,view=23244
info|2022-11-09 09:56:43.016507|[g:1][CONSENSUS]addRawPrepare,height=18,reqIdx=1,hash=ed92abb6...,time=0
info|2022-11-09 09:56:43.023346|[g:1][CONSENSUS][PBFT]checkTimeout Succ,view=23244,toView=23245,nodeIdx=3,changeCycle=1,myNode=c30b6e4f...,timecost=6
info|2022-11-09 09:56:43.042926|[g:1][CONSENSUS][PBFT]checkAndChangeView: Reach consensus,org_view=23244,cur_changeCycle=1,curView=23244,view=23245
info|2022-11-09 09:56:44.063422|[g:1][CONSENSUS]addRawPrepare,height=18,reqIdx=2,hash=5c015a09...,time=0
info|2022-11-09 09:56:44.068267|[g:1][CONSENSUS][PBFT]checkTimeout Succ,view=23245,toView=23246,nodeIdx=3,changeCycle=1,myNode=c30b6e4f...,timecost=8
info|2022-11-09 09:56:44.089228|[g:1][CONSENSUS][PBFT]checkAndChangeView: Reach consensus,org_view=23245,cur_changeCycle=1,curView=23245,view=23246
info|2022-11-09 09:56:45.090837|[g:1][CONSENSUS][SEALER]++++++++++++++++ Generating seal on,blkNum=18,tx=0,nodeIdx=3,hash=142ef19d...
info|2022-11-09 09:56:45.108892|[g:1][CONSENSUS][PBFT]checkTimeout Succ,view=23246,toView=23247,nodeIdx=3,changeCycle=1,myNode=c30b6e4f...,timecost=5
info|2022-11-09 09:56:45.131625|[g:1][CONSENSUS][PBFT]checkAndChangeView: Reach consensus,org_view=23246,cur_changeCycle=1,curView=23246,view=23247
info|2022-11-09 09:56:46.151055|[g:1][CONSENSUS]addRawPrepare,height=18,reqIdx=0,hash=882e8668...,time=1
info|2022-11-09 09:56:46.158129|[g:1][CONSENSUS][PBFT]checkTimeout Succ,view=23247,toView=23248,nodeIdx=3,changeCycle=1,myNode=c30b6e4f...,timecost=6
info|2022-11-09 09:56:46.171587|[g:1][CONSENSUS][PBFT]checkAndChangeView: Reach consensus,org_view=23247,cur_changeCycle=1,curView=23247,view=23248
info|2022-11-09 09:56:47.190856|[g:1][CONSENSUS]addRawPrepare,height=18,reqIdx=1,hash=00bd0bbb...,time=1
info|2022-11-09 09:56:47.197228|[g:1][CONSENSUS][PBFT]checkTimeout Succ,view=23248,toView=23249,nodeIdx=3,changeCycle=1,myNode=c30b6e4f...,timecost=6
info|2022-11-09 09:56:47.222692|[g:1][CONSENSUS][PBFT]checkAndChangeView: Reach consensus,org_view=23248,cur_changeCycle=1,curView=23248,view=23249
info|2022-11-09 09:56:47.769138|[P2P][Service] heartBeat,connected count=3
info|2022-11-09 09:56:47.982203|[RPC][getGroupList]request
info|2022-11-09 09:56:48.232632|[g:1][CONSENSUS]addRawPrepare,height=18,reqIdx=2,hash=b48b7c64...,time=0
info|2022-11-09 09:56:48.239824|[g:1][CONSENSUS][PBFT]checkTimeout Succ,view=23249,toView=23250,nodeIdx=3,changeCycle=1,myNode=c30b6e4f...,timecost=6
info|2022-11-09 09:56:48.258504|[g:1][CONSENSUS][PBFT]checkAndChangeView: Reach consensus,org_view=23249,cur_changeCycle=1,curView=23249,view=23250
info|2022-11-09 09:56:49.259696|[g:1][CONSENSUS][SEALER]++++++++++++++++ Generating seal on,blkNum=18,tx=0,nodeIdx=3,hash=0b0519f6...
info|2022-11-09 09:56:49.278518|[g:1][CONSENSUS][PBFT]checkTimeout Succ,view=23250,toView=23251,nodeIdx=3,changeCycle=1,myNode=c30b6e4f...,timecost=7
info|2022-11-09 09:56:49.300861|[g:1][CONSENSUS][PBFT]checkAndChangeView: Reach consensus,org_view=23250,cur_changeCycle=1,curView=23250,view=23251
info|2022-11-09 09:56:50.320595|[g:1][CONSENSUS]addRawPrepare,height=18,reqIdx=0,hash=7bc291a0...,time=0
info|2022-11-09 09:56:50.327700|[g:1][CONSENSUS][PBFT]checkTimeout Succ,view=23251,toView=23252,nodeIdx=3,changeCycle=1,myNode=c30b6e4f...,timecost=6
info|2022-11-09 09:56:50.344740|[g:1][CONSENSUS][PBFT]checkAndChangeView: Reach consensus,org_view=23251,cur_changeCycle=1,curView=23251,view=23252
info|2022-11-09 09:56:51.367961|[g:1][CONSENSUS]addRawPrepare,height=18,reqIdx=1,hash=44e22fb2...,time=1
info|2022-11-09 09:56:51.375422|[g:1][CONSENSUS][PBFT]checkTimeout Succ,view=23252,toView=23253,nodeIdx=3,changeCycle=1,myNode=c30b6e4f...,timecost=7
info|2022-11-09 09:56:51.396972|[g:1][CONSENSUS][PBFT]checkAndChangeView: Reach consensus,org_view=23252,cur_changeCycle=1,curView=23252,view=23253
info|2022-11-09 09:56:52.442517|[g:1][CONSENSUS]addRawPrepare,height=18,reqIdx=2,hash=faac3adf...,time=0
info|2022-11-09 09:56:52.450426|[g:1][CONSENSUS][PBFT]checkTimeout Succ,view=23253,toView=23254,nodeIdx=3,changeCycle=1,myNode=c30b6e4f...,timecost=7
info|2022-11-09 09:56:52.466272|[g:1][CONSENSUS][PBFT]checkAndChangeView: Reach consensus,org_view=23253,cur_changeCycle=1,curView=23253,view=23254
info|2022-11-09 09:56:53.467904|[g:1][CONSENSUS][SEALER]++++++++++++++++ Generating seal on,blkNum=18,tx=0,nodeIdx=3,hash=3c5f96de...
info|2022-11-09 09:56:53.489534|[g:1][CONSENSUS][PBFT]checkTimeout Succ,view=23254,toView=23255,nodeIdx=3,changeCycle=1,myNode=c30b6e4f...,timecost=5
info|2022-11-09 09:56:53.513652|[g:1][CONSENSUS][PBFT]checkAndChangeView: Reach consensus,org_view=23254,cur_changeCycle=1,curView=23254,view=23255
info|2022-11-09 09:56:54.535197|[g:1][CONSENSUS]addRawPrepare,height=18,reqIdx=0,hash=f8763b96...,time=0
info|2022-11-09 09:56:54.543691|[g:1][CONSENSUS][PBFT]checkTimeout Succ,view=23255,toView=23256,nodeIdx=3,changeCycle=1,myNode=c30b6e4f...,timecost=7
info|2022-11-09 09:56:54.561197|[g:1][CONSENSUS][PBFT]checkAndChangeView: Reach consensus,org_view=23255,cur_changeCycle=1,curView=23255,view=23256
info|2022-11-09 09:56:55.561258|[g:1][CONSENSUS]addRawPrepare,height=18,reqIdx=1,hash=77c801bd...,time=0
info|2022-11-09 09:56:55.562288|[g:1][CONSENSUS][PBFT]checkTimeout Succ,view=23256,toView=23257,nodeIdx=3,changeCycle=1,myNode=c30b6e4f...,timecost=1
info|2022-11-09 09:56:55.564901|[g:1][CONSENSUS][PBFT]checkAndChangeView: Reach consensus,org_view=23256,cur_changeCycle=1,curView=23256,view=23257
info|2022-11-09 09:56:56.569105|[g:1][CONSENSUS]addRawPrepare,height=18,reqIdx=2,hash=78b3b563...,time=0
info|2022-11-09 09:56:56.569910|[g:1][CONSENSUS][PBFT]checkTimeout Succ,view=23257,toView=23258,nodeIdx=3,changeCycle=1,myNode=c30b6e4f...,timecost=0
info|2022-11-09 09:56:56.572395|[g:1][CONSENSUS][PBFT]checkAndChangeView: Reach consensus,org_view=23257,cur_changeCycle=1,curView=23257,view=23258
info|2022-11-09 09:56:57.572535|[g:1][CONSENSUS][SEALER]++++++++++++++++ Generating seal on,blkNum=18,tx=0,nodeIdx=3,hash=2cf1da2f...
info|2022-11-09 09:56:57.577962|[g:1][CONSENSUS][PBFT]checkTimeout Succ,view=23258,toView=23259,nodeIdx=3,changeCycle=1,myNode=c30b6e4f...,timecost=0
info|2022-11-09 09:56:57.579923|[g:1][CONSENSUS][PBFT]checkAndChangeView: Reach consensus,org_view=23258,cur_changeCycle=1,curView=23258,view=23259
info|2022-11-09 09:56:57.771297|[P2P][Service] heartBeat,connected count=3
info|2022-11-09 09:56:58.581688|[g:1][CONSENSUS]addRawPrepare,height=18,reqIdx=0,hash=50141900...,time=0
info|2022-11-09 09:56:58.582475|[g:1][CONSENSUS][PBFT]checkTimeout Succ,view=23259,toView=23260,nodeIdx=3,changeCycle=1,myNode=c30b6e4f...,timecost=1
info|2022-11-09 09:56:58.584364|[g:1][CONSENSUS][PBFT]checkAndChangeView: Reach consensus,org_view=23259,cur_changeCycle=1,curView=23259,view=23260
info|2022-11-09 09:56:59.588449|[g:1][CONSENSUS]addRawPrepare,height=18,reqIdx=1,hash=e4555a15...,time=0
info|2022-11-09 09:56:59.589286|[g:1][CONSENSUS][PBFT]checkTimeout Succ,view=23260,toView=23261,nodeIdx=3,changeCycle=1,myNode=c30b6e4f...,timecost=1
info|2022-11-09 09:56:59.591574|[g:1][CONSENSUS][PBFT]checkAndChangeView: Reach consensus,org_view=23260,cur_changeCycle=1,curView=23260,view=23261
info|2022-11-09 09:57:00.595031|[g:1][CONSENSUS]addRawPrepare,height=18,reqIdx=2,hash=18ffeeda...,time=0
info|2022-11-09 09:57:00.596033|[g:1][CONSENSUS][PBFT]checkTimeout Succ,view=23261,toView=23262,nodeIdx=3,changeCycle=1,myNode=c30b6e4f...,timecost=1
info|2022-11-09 09:57:00.598481|[g:1][CONSENSUS][PBFT]checkAndChangeView: Reach consensus,org_view=23261,cur_changeCycle=1,curView=23261,view=23262
info|2022-11-09 09:57:01.598719|[g:1][CONSENSUS][SEALER]++++++++++++++++ Generating seal on,blkNum=18,tx=0,nodeIdx=3,hash=607848da...
info|2022-11-09 09:57:01.604763|[g:1][CONSENSUS][PBFT]checkTimeout Succ,view=23262,toView=23263,nodeIdx=3,changeCycle=1,myNode=c30b6e4f...,timecost=0
info|2022-11-09 09:57:01.605750|[g:1][CONSENSUS][PBFT]checkAndChangeView: Reach consensus,org_view=23262,cur_changeCycle=1,curView=23262,view=23263
info|2022-11-09 09:57:02.608046|[g:1][CONSENSUS]addRawPrepare,height=18,reqIdx=0,hash=2f0ffd6f...,time=0
info|2022-11-09 09:57:02.609329|[g:1][CONSENSUS][PBFT]checkTimeout Succ,view=23263,toView=23264,nodeIdx=3,changeCycle=1,myNode=c30b6e4f...,timecost=1
info|2022-11-09 09:57:02.611658|[g:1][CONSENSUS][PBFT]checkAndChangeView: Reach consensus,org_view=23263,cur_changeCycle=1,curView=23263,view=23264
info|2022-11-09 09:57:03.614660|[g:1][CONSENSUS]addRawPrepare,height=18,reqIdx=1,hash=98e4c0cb...,time=0
info|2022-11-09 09:57:03.615719|[g:1][CONSENSUS][PBFT]checkTimeout Succ,view=23264,toView=23265,nodeIdx=3,changeCycle=1,myNode=c30b6e4f...,timecost=1
info|2022-11-09 09:57:03.618187|[g:1][CONSENSUS][PBFT]checkAndChangeView: Reach consensus,org_view=23264,cur_changeCycle=1,curView=23264,view=23265
info|2022-11-09 09:57:04.620835|[g:1][CONSENSUS]addRawPrepare,height=18,reqIdx=2,hash=27d93e00...,time=0
info|2022-11-09 09:57:04.621570|[g:1][CONSENSUS][PBFT]checkTimeout Succ,view=23265,toView=23266,nodeIdx=3,changeCycle=1,myNode=c30b6e4f...,timecost=1
info|2022-11-09 09:57:04.623597|[g:1][CONSENSUS][PBFT]checkAndChangeView: Reach consensus,org_view=23265,cur_changeCycle=1,curView=23265,view=23266
info|2022-11-09 09:57:05.623299|[g:1][CONSENSUS][SEALER]++++++++++++++++ Generating seal on,blkNum=18,tx=0,nodeIdx=3,hash=00859339...
info|2022-11-09 09:57:05.627196|[g:1][CONSENSUS][PBFT]checkTimeout Succ,view=23266,toView=23267,nodeIdx=3,changeCycle=1,myNode=c30b6e4f...,timecost=1
info|2022-11-09 09:57:05.628598|[g:1][CONSENSUS][PBFT]checkAndChangeView: Reach consensus,org_view=23266,cur_changeCycle=1,curView=23266,view=23267
info|2022-11-09 09:57:06.632519|[g:1][CONSENSUS]addRawPrepare,height=18,reqIdx=0,hash=971fb154...,time=0
info|2022-11-09 09:57:06.633442|[g:1][CONSENSUS][PBFT]checkTimeout Succ,view=23267,toView=23268,nodeIdx=3,changeCycle=1,myNode=c30b6e4f...,timecost=1
info|2022-11-09 09:57:06.635338|[g:1][CONSENSUS][PBFT]checkAndChangeView: Reach consensus,org_view=23267,cur_changeCycle=1,curView=23267,view=23268
info|2022-11-09 09:57:54.792322|[P2P][Service] heartBeat,connected count=3
warning|2022-11-09 09:57:54.792962|[g:1][CONSENSUS][PBFT]ViewChangeWarning: not caused by omit empty block ,v=23268,toV=23269,curNum=17,hash=9161a424...,nodeIdx=3,myNode=c30b6e4f...
info|2022-11-09 09:57:54.793212|[g:1][CONSENSUS][PBFT]checkTimeout Succ,view=23268,toView=23269,nodeIdx=3,changeCycle=2,myNode=c30b6e4f...,timecost=1
info|2022-11-09 09:57:54.809121|[g:1][CONSENSUS][PBFT]checkAndChangeView: Reach consensus,org_view=23268,cur_changeCycle=2,curView=23268,view=23269
info|2022-11-09 09:57:55.814933|[g:1][CONSENSUS]addRawPrepare,height=18,reqIdx=2,hash=14c41b9c...,time=0
info|2022-11-09 09:57:55.815352|[g:1][CONSENSUS][PBFT]checkTimeout Succ,view=23269,toView=23270,nodeIdx=3,changeCycle=1,myNode=c30b6e4f...,timecost=1
info|2022-11-09 09:57:55.816756|[g:1][CONSENSUS][PBFT]checkAndChangeView: Reach consensus,org_view=23269,cur_changeCycle=1,curView=23269,view=23270
info|2022-11-09 09:57:56.816916|[g:1][CONSENSUS][SEALER]++++++++++++++++ Generating seal on,blkNum=18,tx=0,nodeIdx=3,hash=91117bde...
info|2022-11-09 09:57:56.817544|[g:1][CONSENSUS][PBFT]checkTimeout Succ,view=23270,toView=23271,nodeIdx=3,changeCycle=1,myNode=c30b6e4f...,timecost=0
info|2022-11-09 09:57:56.819444|[g:1][CONSENSUS][PBFT]checkAndChangeView: Reach consensus,org_view=23270,cur_changeCycle=1,curView=23270,view=23271
info|2022-11-09 09:57:57.821532|[g:1][CONSENSUS]addRawPrepare,height=18,reqIdx=0,hash=adf36e84...,time=0
info|2022-11-09 09:57:57.822040|[g:1][CONSENSUS][PBFT]checkTimeout Succ,view=23271,toView=23272,nodeIdx=3,changeCycle=1,myNode=c30b6e4f...,timecost=1
info|2022-11-09 09:57:57.823440|[g:1][CONSENSUS][PBFT]checkAndChangeView: Reach consensus,org_view=23271,cur_changeCycle=1,curView=23271,view=23272
info|2022-11-09 09:57:58.826464|[g:1][CONSENSUS]addRawPrepare,height=18,reqIdx=1,hash=405cef6f...,time=0
info|2022-11-09 09:57:58.827493|[g:1][CONSENSUS][PBFT]checkTimeout Succ,view=23272,toView=23273,nodeIdx=3,changeCycle=1,myNode=c30b6e4f...,timecost=1
info|2022-11-09 09:57:58.828942|[g:1][CONSENSUS][PBFT]checkAndChangeView: Reach consensus,org_view=23272,cur_changeCycle=1,curView=23272,view=23273
info|2022-11-09 09:57:59.832203|[g:1][CONSENSUS]addRawPrepare,height=18,reqIdx=2,hash=4e8c9b22...,time=0
info|2022-11-09 09:57:59.833403|[g:1][CONSENSUS][PBFT]checkTimeout Succ,view=23273,toView=23274,nodeIdx=3,changeCycle=1,myNode=c30b6e4f...,timecost=1
info|2022-11-09 09:57:59.836473|[g:1][CONSENSUS][PBFT]checkAndChangeView: Reach consensus,org_view=23273,cur_changeCycle=1,curView=23273,view=23274
info|2022-11-09 09:58:00.837334|[g:1][CONSENSUS][SEALER]++++++++++++++++ Generating seal on,blkNum=18,tx=0,nodeIdx=3,hash=989d2c8a...
info|2022-11-09 09:58:00.839269|[g:1][CONSENSUS][PBFT]checkTimeout Succ,view=23274,toView=23275,nodeIdx=3,changeCycle=1,myNode=c30b6e4f...,timecost=1
info|2022-11-09 09:58:00.843740|[g:1][CONSENSUS][PBFT]checkAndChangeView: Reach consensus,org_view=23274,cur_changeCycle=1,curView=23274,view=23275
info|2022-11-09 09:58:01.844878|[g:1][CONSENSUS]addRawPrepare,height=18,reqIdx=0,hash=8914ca6a...,time=0
info|2022-11-09 09:58:01.845515|[g:1][CONSENSUS][PBFT]checkTimeout Succ,view=23275,toView=23276,nodeIdx=3,changeCycle=1,myNode=c30b6e4f...,timecost=1
info|2022-11-09 09:58:01.847870|[g:1][CONSENSUS][PBFT]checkAndChangeView: Reach consensus,org_view=23275,cur_changeCycle=1,curView=23275,view=23276
info|2022-11-09 09:58:02.849781|[g:1][CONSENSUS]addRawPrepare,height=18,reqIdx=1,hash=177a7bc9...,time=0
info|2022-11-09 09:58:02.850564|[g:1][CONSENSUS][PBFT]checkTimeout Succ,view=23276,toView=23277,nodeIdx=3,changeCycle=1,myNode=c30b6e4f...,timecost=1
info|2022-11-09 09:58:02.852145|[g:1][CONSENSUS][PBFT]checkAndChangeView: Reach consensus,org_view=23276,cur_changeCycle=1,curView=23276,view=23277
info|2022-11-09 09:58:03.856031|[g:1][CONSENSUS]addRawPrepare,height=18,reqIdx=2,hash=71ba3a11...,time=0
info|2022-11-09 09:58:03.856725|[g:1][CONSENSUS][PBFT]checkTimeout Succ,view=23277,toView=23278,nodeIdx=3,changeCycle=1,myNode=c30b6e4f...,timecost=0
info|2022-11-09 09:58:03.858822|[g:1][CONSENSUS][PBFT]checkAndChangeView: Reach consensus,org_view=23277,cur_changeCycle=1,curView=23277,view=23278
info|2022-11-09 09:58:04.792820|[P2P][Service] heartBeat,connected count=3
info|2022-11-09 09:58:04.859347|[g:1][CONSENSUS][SEALER]++++++++++++++++ Generating seal on,blkNum=18,tx=0,nodeIdx=3,hash=3020cd1a...
info|2022-11-09 09:58:04.861595|[g:1][CONSENSUS][PBFT]checkTimeout Succ,view=23278,toView=23279,nodeIdx=3,changeCycle=1,myNode=c30b6e4f...,timecost=1
info|2022-11-09 09:58:04.865766|[g:1][CONSENSUS][PBFT]checkAndChangeView: Reach consensus,org_view=23278,cur_changeCycle=1,curView=23278,view=23279
info|2022-11-09 09:58:05.881490|[g:1][CONSENSUS]addRawPrepare,height=18,reqIdx=0,hash=72125233...,time=0
info|2022-11-09 09:58:05.886073|[g:1][CONSENSUS][PBFT]checkTimeout Succ,view=23279,toView=23280,nodeIdx=3,changeCycle=1,myNode=c30b6e4f...,timecost=5
info|2022-11-09 09:58:05.908542|[g:1][CONSENSUS][PBFT]checkAndChangeView: Reach consensus,org_view=23279,cur_changeCycle=1,curView=23279,view=23280
info|2022-11-09 09:58:06.924999|[g:1][CONSENSUS]addRawPrepare,height=18,reqIdx=1,hash=e0e0504b...,time=1
info|2022-11-09 09:58:06.929536|[g:1][CONSENSUS][PBFT]checkTimeout Succ,view=23280,toView=23281,nodeIdx=3,changeCycle=1,myNode=c30b6e4f...,timecost=4
info|2022-11-09 09:58:06.945082|[g:1][CONSENSUS][PBFT]checkAndChangeView: Reach consensus,org_view=23280,cur_changeCycle=1,curView=23280,view=23281
info|2022-11-09 09:58:07.964300|[g:1][CONSENSUS]addRawPrepare,height=18,reqIdx=2,hash=eeb04eae...,time=0
info|2022-11-09 09:58:07.976501|[g:1][CONSENSUS][PBFT]checkTimeout Succ,view=23281,toView=23282,nodeIdx=3,changeCycle=1,myNode=c30b6e4f...,timecost=12
info|2022-11-09 09:58:07.993480|[g:1][CONSENSUS][PBFT]checkAndChangeView: Reach consensus,org_view=23281,cur_changeCycle=1,curView=23281,view=23282
info|2022-11-09 09:58:08.995666|[g:1][CONSENSUS][SEALER]++++++++++++++++ Generating seal on,blkNum=18,tx=0,nodeIdx=3,hash=8d695b29...
info|2022-11-09 09:58:09.011207|[g:1][CONSENSUS][PBFT]checkTimeout Succ,view=23282,toView=23283,nodeIdx=3,changeCycle=1,myNode=c30b6e4f...,timecost=5
info|2022-11-09 09:58:09.038181|[g:1][CONSENSUS][PBFT]checkAndChangeView: Reach consensus,org_view=23282,cur_changeCycle=1,curView=23282,view=23283
info|2022-11-09 09:58:10.070885|[g:1][CONSENSUS]addRawPrepare,height=18,reqIdx=0,hash=f493de3b...,time=1
info|2022-11-09 09:58:10.075167|[g:1][CONSENSUS][PBFT]checkTimeout Succ,view=23283,toView=23284,nodeIdx=3,changeCycle=1,myNode=c30b6e4f...,timecost=4
info|2022-11-09 09:58:10.097946|[g:1][CONSENSUS][PBFT]checkAndChangeView: Reach consensus,org_view=23283,cur_changeCycle=1,curView=23283,view=23284
info|2022-11-09 09:58:11.110027|[g:1][CONSENSUS]addRawPrepare,height=18,reqIdx=1,hash=39028d6e...,time=1
info|2022-11-09 09:58:11.114484|[g:1][CONSENSUS][PBFT]checkTimeout Succ,view=23284,toView=23285,nodeIdx=3,changeCycle=1,myNode=c30b6e4f...,timecost=4
info|2022-11-09 09:58:11.138129|[g:1][CONSENSUS][PBFT]checkAndChangeView: Reach consensus,org_view=23284,cur_changeCycle=1,curView=23284,view=23285
info|2022-11-09 09:58:12.150512|[g:1][CONSENSUS]addRawPrepare,height=18,reqIdx=2,hash=e603e171...,time=0
info|2022-11-09 09:58:12.157719|[g:1][CONSENSUS][PBFT]checkTimeout Succ,view=23285,toView=23286,nodeIdx=3,changeCycle=1,myNode=c30b6e4f...,timecost=6
info|2022-11-09 09:58:12.168206|[g:1][CONSENSUS][PBFT]checkAndChangeView: Reach consensus,org_view=23285,cur_changeCycle=1,curView=23285,view=23286
info|2022-11-09 09:58:13.168926|[g:1][CONSENSUS][SEALER]++++++++++++++++ Generating seal on,blkNum=18,tx=0,nodeIdx=3,hash=b3aee764...
info|2022-11-09 09:58:13.175635|[g:1][CONSENSUS][PBFT]checkTimeout Succ,view=23286,toView=23287,nodeIdx=3,changeCycle=1,myNode=c30b6e4f...,timecost=3
info|2022-11-09 09:58:13.204508|[g:1][CONSENSUS][PBFT]checkAndChangeView: Reach consensus,org_view=23286,cur_changeCycle=1,curView=23286,view=23287
info|2022-11-09 09:58:14.216219|[g:1][CONSENSUS]addRawPrepare,height=18,reqIdx=0,hash=e86d5d27...,time=0
info|2022-11-09 09:58:14.224089|[g:1][CONSENSUS][PBFT]checkTimeout Succ,view=23287,toView=23288,nodeIdx=3,changeCycle=1,myNode=c30b6e4f...,timecost=8
info|2022-11-09 09:58:14.242795|[g:1][CONSENSUS][PBFT]checkAndChangeView: Reach consensus,org_view=23287,cur_changeCycle=1,curView=23287,view=23288
info|2022-11-09 09:58:14.795371|[P2P][Service] heartBeat,connected count=3
info|2022-11-09 09:58:15.262152|[g:1][CONSENSUS]addRawPrepare,height=18,reqIdx=1,hash=cda7c263...,time=0
info|2022-11-09 09:58:15.270047|[g:1][CONSENSUS][PBFT]checkTimeout Succ,view=23288,toView=23289,nodeIdx=3,changeCycle=1,myNode=c30b6e4f...,timecost=7
info|2022-11-09 09:58:15.282219|[g:1][CONSENSUS][PBFT]checkAndChangeView: Reach consensus,org_view=23288,cur_changeCycle=1,curView=23288,view=23289
info|2022-11-09 09:58:16.298967|[g:1][CONSENSUS]addRawPrepare,height=18,reqIdx=2,hash=fa3a8afa...,time=1
info|2022-11-09 09:58:16.303588|[g:1][CONSENSUS][PBFT]checkTimeout Succ,view=23289,toView=23290,nodeIdx=3,changeCycle=1,myNode=c30b6e4f...,timecost=4
info|2022-11-09 09:58:16.337822|[g:1][CONSENSUS][PBFT]checkAndChangeView: Reach consensus,org_view=23289,cur_changeCycle=1,curView=23289,view=23290
info|2022-11-09 09:58:17.339241|[g:1][CONSENSUS][SEALER]++++++++++++++++ Generating seal on,blkNum=18,tx=0,nodeIdx=3,hash=2f129695...
info|2022-11-09 09:58:17.363893|[g:1][CONSENSUS][PBFT]checkTimeout Succ,view=23290,toView=23291,nodeIdx=3,changeCycle=1,myNode=c30b6e4f...,timecost=7
info|2022-11-09 09:58:17.379781|[g:1][CONSENSUS][PBFT]checkAndChangeView: Reach consensus,org_view=23290,cur_changeCycle=1,curView=23290,view=23291
info|2022-11-09 09:58:18.403221|[g:1][CONSENSUS]addRawPrepare,height=18,reqIdx=0,hash=244a9eb9...,time=0
info|2022-11-09 09:58:18.412694|[g:1][CONSENSUS][PBFT]checkTimeout Succ,view=23291,toView=23292,nodeIdx=3,changeCycle=1,myNode=c30b6e4f...,timecost=8
info|2022-11-09 09:58:18.434990|[g:1][CONSENSUS][PBFT]checkAndChangeView: Reach consensus,org_view=23291,cur_changeCycle=1,curView=23291,view=23292
info|2022-11-09 09:58:19.449546|[g:1][CONSENSUS]addRawPrepare,height=18,reqIdx=1,hash=9cdd2b93...,time=0
info|2022-11-09 09:58:19.454544|[g:1][CONSENSUS][PBFT]checkTimeout Succ,view=23292,toView=23293,nodeIdx=3,changeCycle=1,myNode=c30b6e4f...,timecost=4
info|2022-11-09 09:58:19.469677|[g:1][CONSENSUS][PBFT]checkAndChangeView: Reach consensus,org_view=23292,cur_changeCycle=1,curView=23292,view=23293
info|2022-11-09 09:58:20.487604|[g:1][CONSENSUS]addRawPrepare,height=18,reqIdx=2,hash=51c612f8...,time=0
info|2022-11-09 09:58:20.493649|[g:1][CONSENSUS][PBFT]checkTimeout Succ,view=23293,toView=23294,nodeIdx=3,changeCycle=1,myNode=c30b6e4f...,timecost=5
info|2022-11-09 09:58:20.507078|[g:1][CONSENSUS][PBFT]checkAndChangeView: Reach consensus,org_view=23293,cur_changeCycle=1,curView=23293,view=23294
info|2022-11-09 09:58:21.508768|[g:1][CONSENSUS][SEALER]++++++++++++++++ Generating seal on,blkNum=18,tx=0,nodeIdx=3,hash=d227db38...
info|2022-11-09 09:58:21.526800|[g:1][CONSENSUS][PBFT]checkTimeout Succ,view=23294,toView=23295,nodeIdx=3,changeCycle=1,myNode=c30b6e4f...,timecost=5
info|2022-11-09 09:58:21.548102|[g:1][CONSENSUS][PBFT]checkAndChangeView: Reach consensus,org_view=23294,cur_changeCycle=1,curView=23294,view=23295
info|2022-11-09 09:58:22.567570|[g:1][CONSENSUS]addRawPrepare,height=18,reqIdx=0,hash=d02895c8...,time=0
info|2022-11-09 09:58:22.571865|[g:1][CONSENSUS][PBFT]checkTimeout Succ,view=23295,toView=23296,nodeIdx=3,changeCycle=1,myNode=c30b6e4f...,timecost=4
info|2022-11-09 09:58:22.583931|[g:1][CONSENSUS][PBFT]checkAndChangeView: Reach consensus,org_view=23295,cur_changeCycle=1,curView=23295,view=23296
info|2022-11-09 09:58:23.603419|[g:1][CONSENSUS]addRawPrepare,height=18,reqIdx=1,hash=8986b0f2...,time=0
info|2022-11-09 09:58:23.607618|[g:1][CONSENSUS][PBFT]checkTimeout Succ,view=23296,toView=23297,nodeIdx=3,changeCycle=1,myNode=c30b6e4f...,timecost=3
info|2022-11-09 09:58:23.626262|[g:1][CONSENSUS][PBFT]checkAndChangeView: Reach consensus,org_view=23296,cur_changeCycle=1,curView=23296,view=23297
info|2022-11-09 09:58:24.639407|[g:1][CONSENSUS]addRawPrepare,height=18,reqIdx=2,hash=5378a0d3...,time=0
info|2022-11-09 09:58:24.644081|[g:1][CONSENSUS][PBFT]checkTimeout Succ,view=23297,toView=23298,nodeIdx=3,changeCycle=1,myNode=c30b6e4f...,timecost=4
info|2022-11-09 09:58:24.654760|[g:1][CONSENSUS][PBFT]checkAndChangeView: Reach consensus,org_view=23297,cur_changeCycle=1,curView=23297,view=23298
info|2022-11-09 09:58:24.798211|[P2P][Service] heartBeat,connected count=3
info|2022-11-09 09:58:25.658234|[g:1][CONSENSUS][SEALER]++++++++++++++++ Generating seal on,blkNum=18,tx=0,nodeIdx=3,hash=a7014b79...
info|2022-11-09 09:58:25.676105|[g:1][CONSENSUS][PBFT]checkTimeout Succ,view=23298,toView=23299,nodeIdx=3,changeCycle=1,myNode=c30b6e4f...,timecost=5
info|2022-11-09 09:58:25.692056|[g:1][CONSENSUS][PBFT]checkAndChangeView: Reach consensus,org_view=23298,cur_changeCycle=1,curView=23298,view=23299
info|2022-11-09 09:58:26.708273|[g:1][CONSENSUS]addRawPrepare,height=18,reqIdx=0,hash=96be3bbd...,time=0
info|2022-11-09 09:58:26.712563|[g:1][CONSENSUS][PBFT]checkTimeout Succ,view=23299,toView=23300,nodeIdx=3,changeCycle=1,myNode=c30b6e4f...,timecost=4
info|2022-11-09 09:58:26.727926|[g:1][CONSENSUS][PBFT]checkAndChangeView: Reach consensus,org_view=23299,cur_changeCycle=1,curView=23299,view=23300
info|2022-11-09 09:58:27.740150|[g:1][CONSENSUS]addRawPrepare,height=18,reqIdx=1,hash=970d6a5c...,time=0
info|2022-11-09 09:58:27.745219|[g:1][CONSENSUS][PBFT]checkTimeout Succ,view=23300,toView=23301,nodeIdx=3,changeCycle=1,myNode=c30b6e4f...,timecost=5
info|2022-11-09 09:58:27.757330|[g:1][CONSENSUS][PBFT]checkAndChangeView: Reach consensus,org_view=23300,cur_changeCycle=1,curView=23300,view=23301
info|2022-11-09 09:58:28.771100|[g:1][CONSENSUS]addRawPrepare,height=18,reqIdx=2,hash=caa5a009...,time=0
info|2022-11-09 09:58:28.776361|[g:1][CONSENSUS][PBFT]checkTimeout Succ,view=23301,toView=23302,nodeIdx=3,changeCycle=1,myNode=c30b6e4f...,timecost=5
info|2022-11-09 09:58:28.796853|[g:1][CONSENSUS][PBFT]checkAndChangeView: Reach consensus,org_view=23301,cur_changeCycle=1,curView=23301,view=23302
info|2022-11-09 09:58:29.798521|[g:1][CONSENSUS][SEALER]++++++++++++++++ Generating seal on,blkNum=18,tx=0,nodeIdx=3,hash=5c17d917...
info|2022-11-09 09:58:29.809257|[g:1][CONSENSUS][PBFT]checkTimeout Succ,view=23302,toView=23303,nodeIdx=3,changeCycle=1,myNode=c30b6e4f...,timecost=5
info|2022-11-09 09:58:29.859530|[g:1][CONSENSUS][PBFT]checkAndChangeView: Reach consensus,org_view=23302,cur_changeCycle=1,curView=23302,view=23303
info|2022-11-09 09:58:30.868458|[g:1][CONSENSUS]addRawPrepare,height=18,reqIdx=0,hash=c9c7160e...,time=0
info|2022-11-09 09:58:30.877149|[g:1][CONSENSUS][PBFT]checkTimeout Succ,view=23303,toView=23304,nodeIdx=3,changeCycle=1,myNode=c30b6e4f...,timecost=8
info|2022-11-09 09:58:30.894400|[g:1][CONSENSUS][PBFT]checkAndChangeView: Reach consensus,org_view=23303,cur_changeCycle=1,curView=23303,view=23304
info|2022-11-09 09:58:31.907166|[g:1][CONSENSUS]addRawPrepare,height=18,reqIdx=1,hash=50ef19dd...,time=0
info|2022-11-09 09:58:31.911702|[g:1][CONSENSUS][PBFT]checkTimeout Succ,view=23304,toView=23305,nodeIdx=3,changeCycle=1,myNode=c30b6e4f...,timecost=4
info|2022-11-09 09:58:31.927169|[g:1][CONSENSUS][PBFT]checkAndChangeView: Reach consensus,org_view=23304,cur_changeCycle=1,curView=23304,view=23305
info|2022-11-09 09:58:32.950940|[g:1][CONSENSUS]addRawPrepare,height=18,reqIdx=2,hash=f933e31d...,time=1
info|2022-11-09 09:58:32.954875|[g:1][CONSENSUS][PBFT]checkTimeout Succ,view=23305,toView=23306,nodeIdx=3,changeCycle=1,myNode=c30b6e4f...,timecost=4
info|2022-11-09 09:58:32.965502|[g:1][CONSENSUS][PBFT]checkAndChangeView: Reach consensus,org_view=23305,cur_changeCycle=1,curView=23305,view=23306
info|2022-11-09 09:58:33.967031|[g:1][CONSENSUS][SEALER]++++++++++++++++ Generating seal on,blkNum=18,tx=0,nodeIdx=3,hash=7b7ef816...
info|2022-11-09 09:58:33.974707|[g:1][CONSENSUS][PBFT]checkTimeout Succ,view=23306,toView=23307,nodeIdx=3,changeCycle=1,myNode=c30b6e4f...,timecost=4
info|2022-11-09 09:58:33.999070|[g:1][CONSENSUS][PBFT]checkAndChangeView: Reach consensus,org_view=23306,cur_changeCycle=1,curView=23306,view=23307
info|2022-11-09 09:58:34.394044|[RPC][getGroupList]request
info|2022-11-09 09:58:34.801628|[P2P][Service] heartBeat,connected count=3
info|2022-11-09 09:58:35.012517|[g:1][CONSENSUS]addRawPrepare,height=18,reqIdx=0,hash=0884cb44...,time=0
info|2022-11-09 09:58:35.016635|[g:1][CONSENSUS][PBFT]checkTimeout Succ,view=23307,toView=23308,nodeIdx=3,changeCycle=1,myNode=c30b6e4f...,timecost=3
info|2022-11-09 09:58:35.029199|[g:1][CONSENSUS][PBFT]checkAndChangeView: Reach consensus,org_view=23307,cur_changeCycle=1,curView=23307,view=23308
info|2022-11-09 09:58:36.043325|[g:1][CONSENSUS]addRawPrepare,height=18,reqIdx=1,hash=3e7e1f40...,time=0
info|2022-11-09 09:58:36.048595|[g:1][CONSENSUS][PBFT]checkTimeout Succ,view=23308,toView=23309,nodeIdx=3,changeCycle=1,myNode=c30b6e4f...,timecost=5
info|2022-11-09 09:58:36.062783|[g:1][CONSENSUS][PBFT]checkAndChangeView: Reach consensus,org_view=23308,cur_changeCycle=1,curView=23308,view=23309
info|2022-11-09 09:58:37.076676|[g:1][CONSENSUS]addRawPrepare,height=18,reqIdx=2,hash=ab0823ea...,time=0
info|2022-11-09 09:58:37.080736|[g:1][CONSENSUS][PBFT]checkTimeout Succ,view=23309,toView=23310,nodeIdx=3,changeCycle=1,myNode=c30b6e4f...,timecost=3
info|2022-11-09 09:58:37.094380|[g:1][CONSENSUS][PBFT]checkAndChangeView: Reach consensus,org_view=23309,cur_changeCycle=1,curView=23309,view=23310
info|2022-11-09 09:58:38.096523|[g:1][CONSENSUS][SEALER]++++++++++++++++ Generating seal on,blkNum=18,tx=0,nodeIdx=3,hash=943a3313...
info|2022-11-09 09:58:38.115241|[g:1][CONSENSUS][PBFT]checkTimeout Succ,view=23310,toView=23311,nodeIdx=3,changeCycle=1,myNode=c30b6e4f...,timecost=5
info|2022-11-09 09:58:38.127840|[g:1][CONSENSUS][PBFT]checkAndChangeView: Reach consensus,org_view=23310,cur_changeCycle=1,curView=23310,view=23311
info|2022-11-09 09:58:39.146647|[g:1][CONSENSUS]addRawPrepare,height=18,reqIdx=0,hash=9dd24260...,time=0
info|2022-11-09 09:58:39.155625|[g:1][CONSENSUS][PBFT]checkTimeout Succ,view=23311,toView=23312,nodeIdx=3,changeCycle=1,myNode=c30b6e4f...,timecost=8
info|2022-11-09 09:58:39.173669|[g:1][CONSENSUS][PBFT]checkAndChangeView: Reach consensus,org_view=23311,cur_changeCycle=1,curView=23311,view=23312
info|2022-11-09 09:58:40.186427|[g:1][CONSENSUS]addRawPrepare,height=18,reqIdx=1,hash=7c9029f7...,time=0
info|2022-11-09 09:58:40.193477|[g:1][CONSENSUS][PBFT]checkTimeout Succ,view=23312,toView=23313,nodeIdx=3,changeCycle=1,myNode=c30b6e4f...,timecost=6
info|2022-11-09 09:58:40.205693|[g:1][CONSENSUS][PBFT]checkAndChangeView: Reach consensus,org_view=23312,cur_changeCycle=1,curView=23312,view=23313
info|2022-11-09 09:58:41.217926|[g:1][CONSENSUS]addRawPrepare,height=18,reqIdx=2,hash=e135239f...,time=1
info|2022-11-09 09:58:41.222222|[g:1][CONSENSUS][PBFT]checkTimeout Succ,view=23313,toView=23314,nodeIdx=3,changeCycle=1,myNode=c30b6e4f...,timecost=4
info|2022-11-09 09:58:41.240015|[g:1][CONSENSUS][PBFT]checkAndChangeView: Reach consensus,org_view=23313,cur_changeCycle=1,curView=23313,view=23314
info|2022-11-09 09:58:42.242089|[g:1][CONSENSUS][SEALER]++++++++++++++++ Generating seal on,blkNum=18,tx=0,nodeIdx=3,hash=fe05988d...
info|2022-11-09 09:58:42.251345|[g:1][CONSENSUS][PBFT]checkTimeout Succ,view=23314,toView=23315,nodeIdx=3,changeCycle=1,myNode=c30b6e4f...,timecost=5
info|2022-11-09 09:58:42.275158|[g:1][CONSENSUS][PBFT]checkAndChangeView: Reach consensus,org_view=23314,cur_changeCycle=1,curView=23314,view=23315
info|2022-11-09 09:58:43.283541|[g:1][CONSENSUS]addRawPrepare,height=18,reqIdx=0,hash=53165a4b...,time=0
info|2022-11-09 09:58:43.288406|[g:1][CONSENSUS][PBFT]checkTimeout Succ,view=23315,toView=23316,nodeIdx=3,changeCycle=1,myNode=c30b6e4f...,timecost=4
info|2022-11-09 09:58:43.300287|[g:1][CONSENSUS][PBFT]checkAndChangeView: Reach consensus,org_view=23315,cur_changeCycle=1,curView=23315,view=23316
info|2022-11-09 09:58:44.329004|[g:1][CONSENSUS]addRawPrepare,height=18,reqIdx=1,hash=79994da1...,time=1
info|2022-11-09 09:58:44.335067|[g:1][CONSENSUS][PBFT]checkTimeout Succ,view=23316,toView=23317,nodeIdx=3,changeCycle=1,myNode=c30b6e4f...,timecost=6
info|2022-11-09 09:58:44.352534|[g:1][CONSENSUS][PBFT]checkAndChangeView: Reach consensus,org_view=23316,cur_changeCycle=1,curView=23316,view=23317
info|2022-11-09 09:59:32.008054|[P2P][Service] heartBeat,connected count=3
warning|2022-11-09 09:59:32.015119|[g:1][CONSENSUS][PBFT]ViewChangeWarning: not caused by omit empty block ,v=23317,toV=23318,curNum=17,hash=9161a424...,nodeIdx=3,myNode=c30b6e4f...
info|2022-11-09 09:59:32.023076|[g:1][CONSENSUS][PBFT]checkTimeout Succ,view=23317,toView=23318,nodeIdx=3,changeCycle=2,myNode=c30b6e4f...,timecost=9
info|2022-11-09 09:59:32.026671|[g:1][CONSENSUS][PBFT]checkAndChangeView: Reach consensus,org_view=23317,cur_changeCycle=2,curView=23317,view=23318
info|2022-11-09 09:59:33.026853|[g:1][CONSENSUS][SEALER]++++++++++++++++ Generating seal on,blkNum=18,tx=0,nodeIdx=3,hash=5d61e153...
info|2022-11-09 09:59:33.029276|[g:1][CONSENSUS][PBFT]checkTimeout Succ,view=23318,toView=23319,nodeIdx=3,changeCycle=1,myNode=c30b6e4f...,timecost=1
info|2022-11-09 09:59:33.029688|[g:1][CONSENSUS][PBFT]checkAndChangeView: Reach consensus,org_view=23318,cur_changeCycle=1,curView=23318,view=23319
info|2022-11-09 09:59:34.031360|[g:1][CONSENSUS]addRawPrepare,height=18,reqIdx=0,hash=b6aa19cb...,time=0
info|2022-11-09 09:59:34.031700|[g:1][CONSENSUS][PBFT]checkTimeout Succ,view=23319,toView=23320,nodeIdx=3,changeCycle=1,myNode=c30b6e4f...,timecost=0
info|2022-11-09 09:59:34.032718|[g:1][CONSENSUS][PBFT]checkAndChangeView: Reach consensus,org_view=23319,cur_changeCycle=1,curView=23319,view=23320
info|2022-11-09 09:59:35.033822|[g:1][CONSENSUS]addRawPrepare,height=18,reqIdx=1,hash=fc1bd39a...,time=0
info|2022-11-09 09:59:35.034169|[g:1][CONSENSUS][PBFT]checkTimeout Succ,view=23320,toView=23321,nodeIdx=3,changeCycle=1,myNode=c30b6e4f...,timecost=1
info|2022-11-09 09:59:35.035272|[g:1][CONSENSUS][PBFT]checkAndChangeView: Reach consensus,org_view=23320,cur_changeCycle=1,curView=23320,view=23321
info|2022-11-09 09:59:36.036233|[g:1][CONSENSUS]addRawPrepare,height=18,reqIdx=2,hash=09edb47f...,time=0
info|2022-11-09 09:59:36.036602|[g:1][CONSENSUS][PBFT]checkTimeout Succ,view=23321,toView=23322,nodeIdx=3,changeCycle=1,myNode=c30b6e4f...,timecost=0
info|2022-11-09 09:59:36.037765|[g:1][CONSENSUS][PBFT]checkAndChangeView: Reach consensus,org_view=23321,cur_changeCycle=1,curView=23321,view=23322
info|2022-11-09 09:59:37.037999|[g:1][CONSENSUS][SEALER]++++++++++++++++ Generating seal on,blkNum=18,tx=0,nodeIdx=3,hash=9066f7f1...
info|2022-11-09 09:59:37.038820|[g:1][CONSENSUS][PBFT]checkTimeout Succ,view=23322,toView=23323,nodeIdx=3,changeCycle=1,myNode=c30b6e4f...,timecost=0
info|2022-11-09 09:59:37.040383|[g:1][CONSENSUS][PBFT]checkAndChangeView: Reach consensus,org_view=23322,cur_changeCycle=1,curView=23322,view=23323
info|2022-11-09 09:59:38.042349|[g:1][CONSENSUS]addRawPrepare,height=18,reqIdx=0,hash=79fc8304...,time=0
info|2022-11-09 09:59:38.042682|[g:1][CONSENSUS][PBFT]checkTimeout Succ,view=23323,toView=23324,nodeIdx=3,changeCycle=1,myNode=c30b6e4f...,timecost=0
info|2022-11-09 09:59:38.046520|[g:1][CONSENSUS][PBFT]checkAndChangeView: Reach consensus,org_view=23323,cur_changeCycle=1,curView=23323,view=23324
info|2022-11-09 09:59:39.044673|[g:1][CONSENSUS]addRawPrepare,height=18,reqIdx=1,hash=41b311b9...,time=0
info|2022-11-09 09:59:39.045042|[g:1][CONSENSUS][PBFT]checkTimeout Succ,view=23324,toView=23325,nodeIdx=3,changeCycle=1,myNode=c30b6e4f...,timecost=1
info|2022-11-09 09:59:39.046365|[g:1][CONSENSUS][PBFT]checkAndChangeView: Reach consensus,org_view=23324,cur_changeCycle=1,curView=23324,view=23325
info|2022-11-09 09:59:40.048125|[g:1][CONSENSUS]addRawPrepare,height=18,reqIdx=2,hash=2e894d84...,time=0
info|2022-11-09 09:59:40.048447|[g:1][CONSENSUS][PBFT]checkTimeout Succ,view=23325,toView=23326,nodeIdx=3,changeCycle=1,myNode=c30b6e4f...,timecost=0
info|2022-11-09 09:59:40.049539|[g:1][CONSENSUS][PBFT]checkAndChangeView: Reach consensus,org_view=23325,cur_changeCycle=1,curView=23325,view=23326
info|2022-11-09 09:59:41.049488|[g:1][CONSENSUS][SEALER]++++++++++++++++ Generating seal on,blkNum=18,tx=0,nodeIdx=3,hash=3efdfcd9...
info|2022-11-09 09:59:41.050084|[g:1][CONSENSUS][PBFT]checkTimeout Succ,view=23326,toView=23327,nodeIdx=3,changeCycle=1,myNode=c30b6e4f...,timecost=1
info|2022-11-09 09:59:41.052120|[g:1][CONSENSUS][PBFT]checkAndChangeView: Reach consensus,org_view=23326,cur_changeCycle=1,curView=23326,view=23327
info|2022-11-09 09:59:42.009020|[P2P][Service] heartBeat,connected count=3
info|2022-11-09 09:59:42.055091|[g:1][CONSENSUS]addRawPrepare,height=18,reqIdx=0,hash=6752bfce...,time=0
info|2022-11-09 09:59:42.055852|[g:1][CONSENSUS][PBFT]checkTimeout Succ,view=23327,toView=23328,nodeIdx=3,changeCycle=1,myNode=c30b6e4f...,timecost=0
info|2022-11-09 09:59:42.057510|[g:1][CONSENSUS][PBFT]checkAndChangeView: Reach consensus,org_view=23327,cur_changeCycle=1,curView=23327,view=23328
info|2022-11-09 09:59:43.069426|[g:1][CONSENSUS]addRawPrepare,height=18,reqIdx=1,hash=8de4ecad...,time=0
info|2022-11-09 09:59:43.073339|[g:1][CONSENSUS][PBFT]checkTimeout Succ,view=23328,toView=23329,nodeIdx=3,changeCycle=1,myNode=c30b6e4f...,timecost=4
info|2022-11-09 09:59:43.090151|[g:1][CONSENSUS][PBFT]checkAndChangeView: Reach consensus,org_view=23328,cur_changeCycle=1,curView=23328,view=23329
info|2022-11-09 09:59:44.145438|[g:1][CONSENSUS]addRawPrepare,height=18,reqIdx=2,hash=a14974f4...,time=0
info|2022-11-09 09:59:44.151038|[g:1][CONSENSUS][PBFT]checkTimeout Succ,view=23329,toView=23330,nodeIdx=3,changeCycle=1,myNode=c30b6e4f...,timecost=4
info|2022-11-09 09:59:44.170073|[g:1][CONSENSUS][PBFT]checkAndChangeView: Reach consensus,org_view=23329,cur_changeCycle=1,curView=23329,view=23330
info|2022-11-09 09:59:45.177334|[g:1][CONSENSUS][SEALER]++++++++++++++++ Generating seal on,blkNum=18,tx=0,nodeIdx=3,hash=9999b6a2...
info|2022-11-09 09:59:45.186647|[g:1][CONSENSUS][PBFT]checkTimeout Succ,view=23330,toView=23331,nodeIdx=3,changeCycle=1,myNode=c30b6e4f...,timecost=4
info|2022-11-09 09:59:45.221159|[g:1][CONSENSUS][PBFT]checkAndChangeView: Reach consensus,org_view=23330,cur_changeCycle=1,curView=23330,view=23331
info|2022-11-09 09:59:46.246800|[g:1][CONSENSUS]addRawPrepare,height=18,reqIdx=0,hash=d07d6f91...,time=0
info|2022-11-09 09:59:46.257467|[g:1][CONSENSUS][PBFT]checkTimeout Succ,view=23331,toView=23332,nodeIdx=3,changeCycle=1,myNode=c30b6e4f...,timecost=10
info|2022-11-09 09:59:46.276654|[g:1][CONSENSUS][PBFT]checkAndChangeView: Reach consensus,org_view=23331,cur_changeCycle=1,curView=23331,view=23332
info|2022-11-09 09:59:47.295566|[g:1][CONSENSUS]addRawPrepare,height=18,reqIdx=1,hash=77089cbb...,time=0
info|2022-11-09 09:59:47.301999|[g:1][CONSENSUS][PBFT]checkTimeout Succ,view=23332,toView=23333,nodeIdx=3,changeCycle=1,myNode=c30b6e4f...,timecost=6
info|2022-11-09 09:59:47.314166|[g:1][CONSENSUS][PBFT]checkAndChangeView: Reach consensus,org_view=23332,cur_changeCycle=1,curView=23332,view=23333
info|2022-11-09 09:59:48.336900|[g:1][CONSENSUS]addRawPrepare,height=18,reqIdx=2,hash=97a70e08...,time=1
info|2022-11-09 09:59:48.342868|[g:1][CONSENSUS][PBFT]checkTimeout Succ,view=23333,toView=23334,nodeIdx=3,changeCycle=1,myNode=c30b6e4f...,timecost=4
info|2022-11-09 09:59:48.358846|[g:1][CONSENSUS][PBFT]checkAndChangeView: Reach consensus,org_view=23333,cur_changeCycle=1,curView=23333,view=23334
info|2022-11-09 09:59:49.361326|[g:1][CONSENSUS][SEALER]++++++++++++++++ Generating seal on,blkNum=18,tx=0,nodeIdx=3,hash=04d390b2...
info|2022-11-09 09:59:49.382372|[g:1][CONSENSUS][PBFT]checkTimeout Succ,view=23334,toView=23335,nodeIdx=3,changeCycle=1,myNode=c30b6e4f...,timecost=6
info|2022-11-09 09:59:49.405347|[g:1][CONSENSUS][PBFT]checkAndChangeView: Reach consensus,org_view=23334,cur_changeCycle=1,curView=23334,view=23335
info|2022-11-09 09:59:50.424935|[g:1][CONSENSUS]addRawPrepare,height=18,reqIdx=0,hash=ca8e0248...,time=1
info|2022-11-09 09:59:50.433510|[g:1][CONSENSUS][PBFT]checkTimeout Succ,view=23335,toView=23336,nodeIdx=3,changeCycle=1,myNode=c30b6e4f...,timecost=8
info|2022-11-09 09:59:50.453403|[g:1][CONSENSUS][PBFT]checkAndChangeView: Reach consensus,org_view=23335,cur_changeCycle=1,curView=23335,view=23336
info|2022-11-09 09:59:51.469727|[g:1][CONSENSUS]addRawPrepare,height=18,reqIdx=1,hash=874f5db3...,time=0
info|2022-11-09 09:59:51.474209|[g:1][CONSENSUS][PBFT]checkTimeout Succ,view=23336,toView=23337,nodeIdx=3,changeCycle=1,myNode=c30b6e4f...,timecost=4
info|2022-11-09 09:59:51.488778|[g:1][CONSENSUS][PBFT]checkAndChangeView: Reach consensus,org_view=23336,cur_changeCycle=1,curView=23336,view=23337
info|2022-11-09 09:59:52.011507|[P2P][Service] heartBeat,connected count=3
info|2022-11-09 09:59:52.500578|[g:1][CONSENSUS]addRawPrepare,height=18,reqIdx=2,hash=e537e382...,time=0
info|2022-11-09 09:59:52.504996|[g:1][CONSENSUS][PBFT]checkTimeout Succ,view=23337,toView=23338,nodeIdx=3,changeCycle=1,myNode=c30b6e4f...,timecost=4
info|2022-11-09 09:59:52.522091|[g:1][CONSENSUS][PBFT]checkAndChangeView: Reach consensus,org_view=23337,cur_changeCycle=1,curView=23337,view=23338
info|2022-11-09 09:59:53.524180|[g:1][CONSENSUS][SEALER]++++++++++++++++ Generating seal on,blkNum=18,tx=0,nodeIdx=3,hash=9997ebb9...
info|2022-11-09 09:59:53.541713|[g:1][CONSENSUS][PBFT]checkTimeout Succ,view=23338,toView=23339,nodeIdx=3,changeCycle=1,myNode=c30b6e4f...,timecost=5
info|2022-11-09 09:59:53.560087|[g:1][CONSENSUS][PBFT]checkAndChangeView: Reach consensus,org_view=23338,cur_changeCycle=1,curView=23338,view=23339
info|2022-11-09 09:59:54.595062|[g:1][CONSENSUS]addRawPrepare,height=18,reqIdx=0,hash=6d78b1fa...,time=1
info|2022-11-09 09:59:54.605213|[g:1][CONSENSUS][PBFT]checkTimeout Succ,view=23339,toView=23340,nodeIdx=3,changeCycle=1,myNode=c30b6e4f...,timecost=10
info|2022-11-09 09:59:54.623010|[g:1][CONSENSUS][PBFT]checkAndChangeView: Reach consensus,org_view=23339,cur_changeCycle=1,curView=23339,view=23340
info|2022-11-09 09:59:55.642827|[g:1][CONSENSUS]addRawPrepare,height=18,reqIdx=1,hash=6858282f...,time=0
info|2022-11-09 09:59:55.650300|[g:1][CONSENSUS][PBFT]checkTimeout Succ,view=23340,toView=23341,nodeIdx=3,changeCycle=1,myNode=c30b6e4f...,timecost=7
info|2022-11-09 09:59:55.667983|[g:1][CONSENSUS][PBFT]checkAndChangeView: Reach consensus,org_view=23340,cur_changeCycle=1,curView=23340,view=23341
info|2022-11-09 09:59:56.683000|[g:1][CONSENSUS]addRawPrepare,height=18,reqIdx=2,hash=7fb6f4a9...,time=1
info|2022-11-09 09:59:56.688065|[g:1][CONSENSUS][PBFT]checkTimeout Succ,view=23341,toView=23342,nodeIdx=3,changeCycle=1,myNode=c30b6e4f...,timecost=5
info|2022-11-09 09:59:56.702969|[g:1][CONSENSUS][PBFT]checkAndChangeView: Reach consensus,org_view=23341,cur_changeCycle=1,curView=23341,view=23342
info|2022-11-09 09:59:57.704859|[g:1][CONSENSUS][SEALER]++++++++++++++++ Generating seal on,blkNum=18,tx=0,nodeIdx=3,hash=e77ac870...
info|2022-11-09 09:59:57.714347|[g:1][CONSENSUS][PBFT]checkTimeout Succ,view=23342,toView=23343,nodeIdx=3,changeCycle=1,myNode=c30b6e4f...,timecost=5
info|2022-11-09 09:59:57.744638|[g:1][CONSENSUS][PBFT]checkAndChangeView: Reach consensus,org_view=23342,cur_changeCycle=1,curView=23342,view=23343
info|2022-11-09 09:59:58.751477|[g:1][CONSENSUS]addRawPrepare,height=18,reqIdx=0,hash=7987fa65...,time=0
info|2022-11-09 09:59:58.758147|[g:1][CONSENSUS][PBFT]checkTimeout Succ,view=23343,toView=23344,nodeIdx=3,changeCycle=1,myNode=c30b6e4f...,timecost=6
info|2022-11-09 09:59:58.774436|[g:1][CONSENSUS][PBFT]checkAndChangeView: Reach consensus,org_view=23343,cur_changeCycle=1,curView=23343,view=23344
info|2022-11-09 09:59:59.788395|[g:1][CONSENSUS]addRawPrepare,height=18,reqIdx=1,hash=b41fe188...,time=0
info|2022-11-09 09:59:59.796378|[g:1][CONSENSUS][PBFT]checkTimeout Succ,view=23344,toView=23345,nodeIdx=3,changeCycle=1,myNode=c30b6e4f...,timecost=7
info|2022-11-09 09:59:59.817071|[g:1][CONSENSUS][PBFT]checkAndChangeView: Reach consensus,org_view=23344,cur_changeCycle=1,curView=23344,view=23345
