info|2022-11-24 12:00:00.380228|[g:1][CONSENSUS][SEALER]++++++++++++++++ Generating seal on,blkNum=32,tx=0,nodeIdx=3,hash=f54d05b4...
info|2022-11-24 12:00:00.381477|[g:1][CONSENSUS][PBFT]checkTimeout Succ,view=64368,toView=64369,nodeIdx=3,changeCycle=1,myNode=c30b6e4f...,timecost=1
info|2022-11-24 12:00:00.385223|[g:1][CONSENSUS][PBFT]checkAndChangeView: Reach consensus,org_view=64368,cur_changeCycle=1,curView=64368,view=64369
info|2022-11-24 12:00:01.386169|[g:1][CONSENSUS]addRawPrepare,height=32,reqIdx=0,hash=2e4ef5bf...,time=0
info|2022-11-24 12:00:01.386826|[g:1][CONSENSUS][PBFT]checkTimeout Succ,view=64369,toView=64370,nodeIdx=3,changeCycle=1,myNode=c30b6e4f...,timecost=0
info|2022-11-24 12:00:01.388514|[g:1][CONSENSUS][PBFT]checkAndChangeView: Reach consensus,org_view=64369,cur_changeCycle=1,curView=64369,view=64370
info|2022-11-24 12:00:02.390778|[g:1][CONSENSUS]addRawPrepare,height=32,reqIdx=1,hash=ed4f2697...,time=0
info|2022-11-24 12:00:02.391416|[g:1][CONSENSUS][PBFT]checkTimeout Succ,view=64370,toView=64371,nodeIdx=3,changeCycle=1,myNode=c30b6e4f...,timecost=1
info|2022-11-24 12:00:02.393319|[g:1][CONSENSUS][PBFT]checkAndChangeView: Reach consensus,org_view=64370,cur_changeCycle=1,curView=64370,view=64371
info|2022-11-24 12:00:03.397270|[g:1][CONSENSUS]addRawPrepare,height=32,reqIdx=2,hash=2f88c3b4...,time=0
info|2022-11-24 12:00:03.398219|[g:1][CONSENSUS][PBFT]checkTimeout Succ,view=64371,toView=64372,nodeIdx=3,changeCycle=1,myNode=c30b6e4f...,timecost=1
info|2022-11-24 12:00:03.400606|[g:1][CONSENSUS][PBFT]checkAndChangeView: Reach consensus,org_view=64371,cur_changeCycle=1,curView=64371,view=64372
info|2022-11-24 12:00:04.400064|[g:1][CONSENSUS][SEALER]++++++++++++++++ Generating seal on,blkNum=32,tx=0,nodeIdx=3,hash=d93b5d38...
info|2022-11-24 12:00:04.400748|[g:1][CONSENSUS][PBFT]checkTimeout Succ,view=64372,toView=64373,nodeIdx=3,changeCycle=1,myNode=c30b6e4f...,timecost=0
info|2022-11-24 12:00:04.405183|[g:1][CONSENSUS][PBFT]checkAndChangeView: Reach consensus,org_view=64372,cur_changeCycle=1,curView=64372,view=64373
info|2022-11-24 12:00:05.404826|[g:1][CONSENSUS]addRawPrepare,height=32,reqIdx=0,hash=bf87a788...,time=0
info|2022-11-24 12:00:05.405314|[g:1][CONSENSUS][PBFT]checkTimeout Succ,view=64373,toView=64374,nodeIdx=3,changeCycle=1,myNode=c30b6e4f...,timecost=1
info|2022-11-24 12:00:05.406016|[g:1][CONSENSUS][PBFT]checkAndChangeView: Reach consensus,org_view=64373,cur_changeCycle=1,curView=64373,view=64374
info|2022-11-24 12:00:06.411257|[g:1][CONSENSUS]addRawPrepare,height=32,reqIdx=1,hash=710cb658...,time=0
info|2022-11-24 12:00:06.412272|[g:1][CONSENSUS][PBFT]checkTimeout Succ,view=64374,toView=64375,nodeIdx=3,changeCycle=1,myNode=c30b6e4f...,timecost=1
info|2022-11-24 12:00:06.414759|[g:1][CONSENSUS][PBFT]checkAndChangeView: Reach consensus,org_view=64374,cur_changeCycle=1,curView=64374,view=64375
info|2022-11-24 12:00:06.681904|[P2P][Service] heartBeat,connected count=3
info|2022-11-24 12:00:07.416530|[g:1][CONSENSUS]addRawPrepare,height=32,reqIdx=2,hash=b70508fa...,time=0
info|2022-11-24 12:00:07.417243|[g:1][CONSENSUS][PBFT]checkTimeout Succ,view=64375,toView=64376,nodeIdx=3,changeCycle=1,myNode=c30b6e4f...,timecost=1
info|2022-11-24 12:00:07.419985|[g:1][CONSENSUS][PBFT]checkAndChangeView: Reach consensus,org_view=64375,cur_changeCycle=1,curView=64375,view=64376
info|2022-11-24 12:00:08.421099|[g:1][CONSENSUS][SEALER]++++++++++++++++ Generating seal on,blkNum=32,tx=0,nodeIdx=3,hash=6acee7df...
info|2022-11-24 12:00:08.423406|[g:1][CONSENSUS][PBFT]checkTimeout Succ,view=64376,toView=64377,nodeIdx=3,changeCycle=1,myNode=c30b6e4f...,timecost=0
info|2022-11-24 12:00:08.423763|[g:1][CONSENSUS][PBFT]checkAndChangeView: Reach consensus,org_view=64376,cur_changeCycle=1,curView=64376,view=64377
info|2022-11-24 12:00:09.425440|[g:1][CONSENSUS]addRawPrepare,height=32,reqIdx=0,hash=230bc3ed...,time=0
info|2022-11-24 12:00:09.426007|[g:1][CONSENSUS][PBFT]checkTimeout Succ,view=64377,toView=64378,nodeIdx=3,changeCycle=1,myNode=c30b6e4f...,timecost=1
info|2022-11-24 12:00:09.427431|[g:1][CONSENSUS][PBFT]checkAndChangeView: Reach consensus,org_view=64377,cur_changeCycle=1,curView=64377,view=64378
info|2022-11-24 12:00:10.427810|[g:1][CONSENSUS]addRawPrepare,height=32,reqIdx=1,hash=727adb9f...,time=0
info|2022-11-24 12:00:10.428182|[g:1][CONSENSUS][PBFT]checkTimeout Succ,view=64378,toView=64379,nodeIdx=3,changeCycle=1,myNode=c30b6e4f...,timecost=1
info|2022-11-24 12:00:10.429027|[g:1][CONSENSUS][PBFT]checkAndChangeView: Reach consensus,org_view=64378,cur_changeCycle=1,curView=64378,view=64379
info|2022-11-24 12:00:11.431981|[g:1][CONSENSUS]addRawPrepare,height=32,reqIdx=2,hash=6f3dcac5...,time=1
info|2022-11-24 12:00:11.432768|[g:1][CONSENSUS][PBFT]checkTimeout Succ,view=64379,toView=64380,nodeIdx=3,changeCycle=1,myNode=c30b6e4f...,timecost=0
info|2022-11-24 12:00:11.434226|[g:1][CONSENSUS][PBFT]checkAndChangeView: Reach consensus,org_view=64379,cur_changeCycle=1,curView=64379,view=64380
info|2022-11-24 12:00:12.435019|[g:1][CONSENSUS][SEALER]++++++++++++++++ Generating seal on,blkNum=32,tx=0,nodeIdx=3,hash=fa87ea0a...
info|2022-11-24 12:00:12.437294|[g:1][CONSENSUS][PBFT]checkTimeout Succ,view=64380,toView=64381,nodeIdx=3,changeCycle=1,myNode=c30b6e4f...,timecost=2
info|2022-11-24 12:00:12.441185|[g:1][CONSENSUS][PBFT]checkAndChangeView: Reach consensus,org_view=64380,cur_changeCycle=1,curView=64380,view=64381
info|2022-11-24 12:00:13.444106|[g:1][CONSENSUS]addRawPrepare,height=32,reqIdx=0,hash=6488fb35...,time=0
info|2022-11-24 12:00:13.444808|[g:1][CONSENSUS][PBFT]checkTimeout Succ,view=64381,toView=64382,nodeIdx=3,changeCycle=1,myNode=c30b6e4f...,timecost=0
info|2022-11-24 12:00:13.446892|[g:1][CONSENSUS][PBFT]checkAndChangeView: Reach consensus,org_view=64381,cur_changeCycle=1,curView=64381,view=64382
info|2022-11-24 12:00:14.449008|[g:1][CONSENSUS]addRawPrepare,height=32,reqIdx=1,hash=f6437a8d...,time=1
info|2022-11-24 12:00:14.449824|[g:1][CONSENSUS][PBFT]checkTimeout Succ,view=64382,toView=64383,nodeIdx=3,changeCycle=1,myNode=c30b6e4f...,timecost=0
info|2022-11-24 12:00:14.452720|[g:1][CONSENSUS][PBFT]checkAndChangeView: Reach consensus,org_view=64382,cur_changeCycle=1,curView=64382,view=64383
info|2022-11-24 12:00:15.456692|[g:1][CONSENSUS]addRawPrepare,height=32,reqIdx=2,hash=6c64f02c...,time=0
info|2022-11-24 12:00:15.457388|[g:1][CONSENSUS][PBFT]checkTimeout Succ,view=64383,toView=64384,nodeIdx=3,changeCycle=1,myNode=c30b6e4f...,timecost=1
info|2022-11-24 12:00:15.459659|[g:1][CONSENSUS][PBFT]checkAndChangeView: Reach consensus,org_view=64383,cur_changeCycle=1,curView=64383,view=64384
info|2022-11-24 12:00:16.460397|[g:1][CONSENSUS][SEALER]++++++++++++++++ Generating seal on,blkNum=32,tx=0,nodeIdx=3,hash=ee4ec235...
info|2022-11-24 12:00:16.465292|[g:1][CONSENSUS][PBFT]checkTimeout Succ,view=64384,toView=64385,nodeIdx=3,changeCycle=1,myNode=c30b6e4f...,timecost=1
info|2022-11-24 12:00:16.466773|[g:1][CONSENSUS][PBFT]checkAndChangeView: Reach consensus,org_view=64384,cur_changeCycle=1,curView=64384,view=64385
info|2022-11-24 12:00:16.682038|[P2P][Service] heartBeat,connected count=3
info|2022-11-24 12:00:17.468949|[g:1][CONSENSUS]addRawPrepare,height=32,reqIdx=0,hash=9e0a4743...,time=0
info|2022-11-24 12:00:17.469914|[g:1][CONSENSUS][PBFT]checkTimeout Succ,view=64385,toView=64386,nodeIdx=3,changeCycle=1,myNode=c30b6e4f...,timecost=0
info|2022-11-24 12:00:17.472352|[g:1][CONSENSUS][PBFT]checkAndChangeView: Reach consensus,org_view=64385,cur_changeCycle=1,curView=64385,view=64386
info|2022-11-24 12:00:18.474366|[g:1][CONSENSUS]addRawPrepare,height=32,reqIdx=1,hash=9326626d...,time=0
info|2022-11-24 12:00:18.474647|[g:1][CONSENSUS][PBFT]checkTimeout Succ,view=64386,toView=64387,nodeIdx=3,changeCycle=1,myNode=c30b6e4f...,timecost=0
info|2022-11-24 12:00:18.478219|[g:1][CONSENSUS][PBFT]checkAndChangeView: Reach consensus,org_view=64386,cur_changeCycle=1,curView=64386,view=64387
info|2022-11-24 12:00:19.477065|[g:1][CONSENSUS]addRawPrepare,height=32,reqIdx=2,hash=5c9e0307...,time=0
info|2022-11-24 12:00:19.477522|[g:1][CONSENSUS][PBFT]checkTimeout Succ,view=64387,toView=64388,nodeIdx=3,changeCycle=1,myNode=c30b6e4f...,timecost=0
info|2022-11-24 12:00:19.478463|[g:1][CONSENSUS][PBFT]checkAndChangeView: Reach consensus,org_view=64387,cur_changeCycle=1,curView=64387,view=64388
info|2022-11-24 12:00:20.478862|[g:1][CONSENSUS][SEALER]++++++++++++++++ Generating seal on,blkNum=32,tx=0,nodeIdx=3,hash=ac10f3cb...
info|2022-11-24 12:00:20.483445|[g:1][CONSENSUS][PBFT]checkTimeout Succ,view=64388,toView=64389,nodeIdx=3,changeCycle=1,myNode=c30b6e4f...,timecost=1
info|2022-11-24 12:00:20.484985|[g:1][CONSENSUS][PBFT]checkAndChangeView: Reach consensus,org_view=64388,cur_changeCycle=1,curView=64388,view=64389
info|2022-11-24 12:00:21.486405|[g:1][CONSENSUS]addRawPrepare,height=32,reqIdx=0,hash=5a9967a9...,time=0
info|2022-11-24 12:00:21.486764|[g:1][CONSENSUS][PBFT]checkTimeout Succ,view=64389,toView=64390,nodeIdx=3,changeCycle=1,myNode=c30b6e4f...,timecost=0
info|2022-11-24 12:00:21.488091|[g:1][CONSENSUS][PBFT]checkAndChangeView: Reach consensus,org_view=64389,cur_changeCycle=1,curView=64389,view=64390
info|2022-11-24 12:00:22.488721|[g:1][CONSENSUS]addRawPrepare,height=32,reqIdx=1,hash=6a56eb58...,time=0
info|2022-11-24 12:00:22.489059|[g:1][CONSENSUS][PBFT]checkTimeout Succ,view=64390,toView=64391,nodeIdx=3,changeCycle=1,myNode=c30b6e4f...,timecost=1
info|2022-11-24 12:00:22.490091|[g:1][CONSENSUS][PBFT]checkAndChangeView: Reach consensus,org_view=64390,cur_changeCycle=1,curView=64390,view=64391
info|2022-11-24 12:00:23.491656|[g:1][CONSENSUS]addRawPrepare,height=32,reqIdx=2,hash=a489be97...,time=0
info|2022-11-24 12:00:23.492070|[g:1][CONSENSUS][PBFT]checkTimeout Succ,view=64391,toView=64392,nodeIdx=3,changeCycle=1,myNode=c30b6e4f...,timecost=1
info|2022-11-24 12:00:23.492854|[g:1][CONSENSUS][PBFT]checkAndChangeView: Reach consensus,org_view=64391,cur_changeCycle=1,curView=64391,view=64392
info|2022-11-24 12:00:24.493322|[g:1][CONSENSUS][SEALER]++++++++++++++++ Generating seal on,blkNum=32,tx=0,nodeIdx=3,hash=a8c3f936...
info|2022-11-24 12:00:24.495484|[g:1][CONSENSUS][PBFT]checkTimeout Succ,view=64392,toView=64393,nodeIdx=3,changeCycle=1,myNode=c30b6e4f...,timecost=0
info|2022-11-24 12:00:24.495794|[g:1][CONSENSUS][PBFT]checkAndChangeView: Reach consensus,org_view=64392,cur_changeCycle=1,curView=64392,view=64393
info|2022-11-24 12:00:25.498383|[g:1][CONSENSUS]addRawPrepare,height=32,reqIdx=0,hash=8e2f65fe...,time=0
info|2022-11-24 12:00:25.499257|[g:1][CONSENSUS][PBFT]checkTimeout Succ,view=64393,toView=64394,nodeIdx=3,changeCycle=1,myNode=c30b6e4f...,timecost=1
info|2022-11-24 12:00:25.501469|[g:1][CONSENSUS][PBFT]checkAndChangeView: Reach consensus,org_view=64393,cur_changeCycle=1,curView=64393,view=64394
info|2022-11-24 12:00:26.503555|[g:1][CONSENSUS]addRawPrepare,height=32,reqIdx=1,hash=4a360b83...,time=0
info|2022-11-24 12:00:26.504256|[g:1][CONSENSUS][PBFT]checkTimeout Succ,view=64394,toView=64395,nodeIdx=3,changeCycle=1,myNode=c30b6e4f...,timecost=1
info|2022-11-24 12:00:26.506004|[g:1][CONSENSUS][PBFT]checkAndChangeView: Reach consensus,org_view=64394,cur_changeCycle=1,curView=64394,view=64395
info|2022-11-24 12:00:26.682941|[P2P][Service] heartBeat,connected count=3
info|2022-11-24 12:00:27.508080|[g:1][CONSENSUS]addRawPrepare,height=32,reqIdx=2,hash=02109dba...,time=0
info|2022-11-24 12:00:27.508564|[g:1][CONSENSUS][PBFT]checkTimeout Succ,view=64395,toView=64396,nodeIdx=3,changeCycle=1,myNode=c30b6e4f...,timecost=0
info|2022-11-24 12:00:27.510649|[g:1][CONSENSUS][PBFT]checkAndChangeView: Reach consensus,org_view=64395,cur_changeCycle=1,curView=64395,view=64396
info|2022-11-24 12:00:28.511473|[g:1][CONSENSUS][SEALER]++++++++++++++++ Generating seal on,blkNum=32,tx=0,nodeIdx=3,hash=818a57f6...
info|2022-11-24 12:00:28.512093|[g:1][CONSENSUS][PBFT]checkTimeout Succ,view=64396,toView=64397,nodeIdx=3,changeCycle=1,myNode=c30b6e4f...,timecost=1
info|2022-11-24 12:00:28.513957|[g:1][CONSENSUS][PBFT]checkAndChangeView: Reach consensus,org_view=64396,cur_changeCycle=1,curView=64396,view=64397
info|2022-11-24 12:00:29.516302|[g:1][CONSENSUS]addRawPrepare,height=32,reqIdx=0,hash=1d05ee37...,time=0
info|2022-11-24 12:00:29.516961|[g:1][CONSENSUS][PBFT]checkTimeout Succ,view=64397,toView=64398,nodeIdx=3,changeCycle=1,myNode=c30b6e4f...,timecost=1
info|2022-11-24 12:00:29.518459|[g:1][CONSENSUS][PBFT]checkAndChangeView: Reach consensus,org_view=64397,cur_changeCycle=1,curView=64397,view=64398
info|2022-11-24 12:00:30.522841|[g:1][CONSENSUS]addRawPrepare,height=32,reqIdx=1,hash=6f368550...,time=0
info|2022-11-24 12:00:30.523784|[g:1][CONSENSUS][PBFT]checkTimeout Succ,view=64398,toView=64399,nodeIdx=3,changeCycle=1,myNode=c30b6e4f...,timecost=1
info|2022-11-24 12:00:30.525526|[g:1][CONSENSUS][PBFT]checkAndChangeView: Reach consensus,org_view=64398,cur_changeCycle=1,curView=64398,view=64399
info|2022-11-24 12:00:31.528319|[g:1][CONSENSUS]addRawPrepare,height=32,reqIdx=2,hash=35a19c93...,time=0
info|2022-11-24 12:00:31.528961|[g:1][CONSENSUS][PBFT]checkTimeout Succ,view=64399,toView=64400,nodeIdx=3,changeCycle=1,myNode=c30b6e4f...,timecost=0
info|2022-11-24 12:00:31.531151|[g:1][CONSENSUS][PBFT]checkAndChangeView: Reach consensus,org_view=64399,cur_changeCycle=1,curView=64399,view=64400
info|2022-11-24 12:00:32.535771|[g:1][CONSENSUS][SEALER]++++++++++++++++ Generating seal on,blkNum=32,tx=0,nodeIdx=3,hash=eb5b5d37...
info|2022-11-24 12:00:32.539500|[g:1][CONSENSUS][PBFT]checkTimeout Succ,view=64400,toView=64401,nodeIdx=3,changeCycle=1,myNode=c30b6e4f...,timecost=1
info|2022-11-24 12:00:32.558278|[g:1][CONSENSUS][PBFT]checkAndChangeView: Reach consensus,org_view=64400,cur_changeCycle=1,curView=64400,view=64401
info|2022-11-24 12:00:33.561063|[g:1][CONSENSUS]addRawPrepare,height=32,reqIdx=0,hash=ff55fd4e...,time=0
info|2022-11-24 12:00:33.561693|[g:1][CONSENSUS][PBFT]checkTimeout Succ,view=64401,toView=64402,nodeIdx=3,changeCycle=1,myNode=c30b6e4f...,timecost=0
info|2022-11-24 12:00:33.564213|[g:1][CONSENSUS][PBFT]checkAndChangeView: Reach consensus,org_view=64401,cur_changeCycle=1,curView=64401,view=64402
info|2022-11-24 12:00:34.566531|[g:1][CONSENSUS]addRawPrepare,height=32,reqIdx=1,hash=83d77f71...,time=0
info|2022-11-24 12:00:34.567171|[g:1][CONSENSUS][PBFT]checkTimeout Succ,view=64402,toView=64403,nodeIdx=3,changeCycle=1,myNode=c30b6e4f...,timecost=1
info|2022-11-24 12:00:34.569268|[g:1][CONSENSUS][PBFT]checkAndChangeView: Reach consensus,org_view=64402,cur_changeCycle=1,curView=64402,view=64403
info|2022-11-24 12:00:35.572475|[g:1][CONSENSUS]addRawPrepare,height=32,reqIdx=2,hash=2770ab0c...,time=0
info|2022-11-24 12:00:35.573485|[g:1][CONSENSUS][PBFT]checkTimeout Succ,view=64403,toView=64404,nodeIdx=3,changeCycle=1,myNode=c30b6e4f...,timecost=1
info|2022-11-24 12:00:35.576400|[g:1][CONSENSUS][PBFT]checkAndChangeView: Reach consensus,org_view=64403,cur_changeCycle=1,curView=64403,view=64404
info|2022-11-24 12:00:36.577466|[g:1][CONSENSUS][SEALER]++++++++++++++++ Generating seal on,blkNum=32,tx=0,nodeIdx=3,hash=f87240d5...
info|2022-11-24 12:00:36.582152|[g:1][CONSENSUS][PBFT]checkTimeout Succ,view=64404,toView=64405,nodeIdx=3,changeCycle=1,myNode=c30b6e4f...,timecost=1
info|2022-11-24 12:00:36.583318|[g:1][CONSENSUS][PBFT]checkAndChangeView: Reach consensus,org_view=64404,cur_changeCycle=1,curView=64404,view=64405
info|2022-11-24 12:00:36.684259|[P2P][Service] heartBeat,connected count=3
info|2022-11-24 12:00:37.585701|[g:1][CONSENSUS]addRawPrepare,height=32,reqIdx=0,hash=d0f919ea...,time=0
info|2022-11-24 12:00:37.586403|[g:1][CONSENSUS][PBFT]checkTimeout Succ,view=64405,toView=64406,nodeIdx=3,changeCycle=1,myNode=c30b6e4f...,timecost=1
info|2022-11-24 12:00:37.588572|[g:1][CONSENSUS][PBFT]checkAndChangeView: Reach consensus,org_view=64405,cur_changeCycle=1,curView=64405,view=64406
info|2022-11-24 12:00:38.589708|[g:1][CONSENSUS]addRawPrepare,height=32,reqIdx=1,hash=84c047dd...,time=0
info|2022-11-24 12:00:38.590024|[g:1][CONSENSUS][PBFT]checkTimeout Succ,view=64406,toView=64407,nodeIdx=3,changeCycle=1,myNode=c30b6e4f...,timecost=1
info|2022-11-24 12:00:38.590809|[g:1][CONSENSUS][PBFT]checkAndChangeView: Reach consensus,org_view=64406,cur_changeCycle=1,curView=64406,view=64407
info|2022-11-24 12:00:39.592601|[g:1][CONSENSUS]addRawPrepare,height=32,reqIdx=2,hash=d085b67d...,time=0
info|2022-11-24 12:00:39.592970|[g:1][CONSENSUS][PBFT]checkTimeout Succ,view=64407,toView=64408,nodeIdx=3,changeCycle=1,myNode=c30b6e4f...,timecost=0
info|2022-11-24 12:00:39.594265|[g:1][CONSENSUS][PBFT]checkAndChangeView: Reach consensus,org_view=64407,cur_changeCycle=1,curView=64407,view=64408
info|2022-11-24 12:00:40.595634|[g:1][CONSENSUS][SEALER]++++++++++++++++ Generating seal on,blkNum=32,tx=0,nodeIdx=3,hash=5fd8d7f9...
info|2022-11-24 12:00:40.597246|[g:1][CONSENSUS][PBFT]checkTimeout Succ,view=64408,toView=64409,nodeIdx=3,changeCycle=1,myNode=c30b6e4f...,timecost=1
info|2022-11-24 12:00:40.602137|[g:1][CONSENSUS][PBFT]checkAndChangeView: Reach consensus,org_view=64408,cur_changeCycle=1,curView=64408,view=64409
info|2022-11-24 12:00:41.604627|[g:1][CONSENSUS]addRawPrepare,height=32,reqIdx=0,hash=90e50cee...,time=0
info|2022-11-24 12:00:41.605263|[g:1][CONSENSUS][PBFT]checkTimeout Succ,view=64409,toView=64410,nodeIdx=3,changeCycle=1,myNode=c30b6e4f...,timecost=1
info|2022-11-24 12:00:41.607670|[g:1][CONSENSUS][PBFT]checkAndChangeView: Reach consensus,org_view=64409,cur_changeCycle=1,curView=64409,view=64410
info|2022-11-24 12:00:42.612064|[g:1][CONSENSUS]addRawPrepare,height=32,reqIdx=1,hash=52cfd1e4...,time=0
info|2022-11-24 12:00:42.612694|[g:1][CONSENSUS][PBFT]checkTimeout Succ,view=64410,toView=64411,nodeIdx=3,changeCycle=1,myNode=c30b6e4f...,timecost=0
info|2022-11-24 12:00:42.614864|[g:1][CONSENSUS][PBFT]checkAndChangeView: Reach consensus,org_view=64410,cur_changeCycle=1,curView=64410,view=64411
info|2022-11-24 12:00:42.875476|[RPC][getGroupList]request
info|2022-11-24 12:00:43.615952|[g:1][CONSENSUS]addRawPrepare,height=32,reqIdx=2,hash=e40cd7ed...,time=0
info|2022-11-24 12:00:43.616517|[g:1][CONSENSUS][PBFT]checkTimeout Succ,view=64411,toView=64412,nodeIdx=3,changeCycle=1,myNode=c30b6e4f...,timecost=0
info|2022-11-24 12:00:43.618516|[g:1][CONSENSUS][PBFT]checkAndChangeView: Reach consensus,org_view=64411,cur_changeCycle=1,curView=64411,view=64412
info|2022-11-24 12:00:44.618646|[g:1][CONSENSUS][SEALER]++++++++++++++++ Generating seal on,blkNum=32,tx=0,nodeIdx=3,hash=d2245c5b...
info|2022-11-24 12:00:44.622969|[g:1][CONSENSUS][PBFT]checkTimeout Succ,view=64412,toView=64413,nodeIdx=3,changeCycle=1,myNode=c30b6e4f...,timecost=0
info|2022-11-24 12:00:44.623793|[g:1][CONSENSUS][PBFT]checkAndChangeView: Reach consensus,org_view=64412,cur_changeCycle=1,curView=64412,view=64413
info|2022-11-24 12:00:45.627731|[g:1][CONSENSUS]addRawPrepare,height=32,reqIdx=0,hash=cf80b3c4...,time=0
info|2022-11-24 12:00:45.628360|[g:1][CONSENSUS][PBFT]checkTimeout Succ,view=64413,toView=64414,nodeIdx=3,changeCycle=1,myNode=c30b6e4f...,timecost=1
info|2022-11-24 12:00:45.629927|[g:1][CONSENSUS][PBFT]checkAndChangeView: Reach consensus,org_view=64413,cur_changeCycle=1,curView=64413,view=64414
info|2022-11-24 12:00:46.633555|[g:1][CONSENSUS]addRawPrepare,height=32,reqIdx=1,hash=24293135...,time=0
info|2022-11-24 12:00:46.634353|[g:1][CONSENSUS][PBFT]checkTimeout Succ,view=64414,toView=64415,nodeIdx=3,changeCycle=1,myNode=c30b6e4f...,timecost=1
info|2022-11-24 12:00:46.636740|[g:1][CONSENSUS][PBFT]checkAndChangeView: Reach consensus,org_view=64414,cur_changeCycle=1,curView=64414,view=64415
info|2022-11-24 12:00:46.684900|[P2P][Service] heartBeat,connected count=3
info|2022-11-24 12:00:47.640999|[g:1][CONSENSUS]addRawPrepare,height=32,reqIdx=2,hash=dfdbe426...,time=1
info|2022-11-24 12:00:47.641927|[g:1][CONSENSUS][PBFT]checkTimeout Succ,view=64415,toView=64416,nodeIdx=3,changeCycle=1,myNode=c30b6e4f...,timecost=0
info|2022-11-24 12:00:47.643567|[g:1][CONSENSUS][PBFT]checkAndChangeView: Reach consensus,org_view=64415,cur_changeCycle=1,curView=64415,view=64416
info|2022-11-24 12:00:48.643806|[g:1][CONSENSUS][SEALER]++++++++++++++++ Generating seal on,blkNum=32,tx=0,nodeIdx=3,hash=36d53eb9...
info|2022-11-24 12:00:48.644523|[g:1][CONSENSUS][PBFT]checkTimeout Succ,view=64416,toView=64417,nodeIdx=3,changeCycle=1,myNode=c30b6e4f...,timecost=0
info|2022-11-24 12:00:48.646848|[g:1][CONSENSUS][PBFT]checkAndChangeView: Reach consensus,org_view=64416,cur_changeCycle=1,curView=64416,view=64417
info|2022-11-24 12:00:49.649325|[g:1][CONSENSUS]addRawPrepare,height=32,reqIdx=0,hash=536dcc48...,time=0
info|2022-11-24 12:00:49.650160|[g:1][CONSENSUS][PBFT]checkTimeout Succ,view=64417,toView=64418,nodeIdx=3,changeCycle=1,myNode=c30b6e4f...,timecost=1
info|2022-11-24 12:00:49.652268|[g:1][CONSENSUS][PBFT]checkAndChangeView: Reach consensus,org_view=64417,cur_changeCycle=1,curView=64417,view=64418
info|2022-11-24 12:00:50.654335|[g:1][CONSENSUS]addRawPrepare,height=32,reqIdx=1,hash=dc754ca9...,time=0
info|2022-11-24 12:00:50.654863|[g:1][CONSENSUS][PBFT]checkTimeout Succ,view=64418,toView=64419,nodeIdx=3,changeCycle=1,myNode=c30b6e4f...,timecost=0
info|2022-11-24 12:00:50.655691|[g:1][CONSENSUS][PBFT]checkAndChangeView: Reach consensus,org_view=64418,cur_changeCycle=1,curView=64418,view=64419
info|2022-11-24 12:00:51.658649|[g:1][CONSENSUS]addRawPrepare,height=32,reqIdx=2,hash=62c5751e...,time=0
info|2022-11-24 12:00:51.659602|[g:1][CONSENSUS][PBFT]checkTimeout Succ,view=64419,toView=64420,nodeIdx=3,changeCycle=1,myNode=c30b6e4f...,timecost=1
info|2022-11-24 12:00:51.662185|[g:1][CONSENSUS][PBFT]checkAndChangeView: Reach consensus,org_view=64419,cur_changeCycle=1,curView=64419,view=64420
info|2022-11-24 12:00:52.662450|[g:1][CONSENSUS][SEALER]++++++++++++++++ Generating seal on,blkNum=32,tx=0,nodeIdx=3,hash=a1840810...
info|2022-11-24 12:00:52.663933|[g:1][CONSENSUS][PBFT]checkTimeout Succ,view=64420,toView=64421,nodeIdx=3,changeCycle=1,myNode=c30b6e4f...,timecost=0
info|2022-11-24 12:00:52.667601|[g:1][CONSENSUS][PBFT]checkAndChangeView: Reach consensus,org_view=64420,cur_changeCycle=1,curView=64420,view=64421
info|2022-11-24 12:00:53.670504|[g:1][CONSENSUS]addRawPrepare,height=32,reqIdx=0,hash=e2438c50...,time=0
info|2022-11-24 12:00:53.671384|[g:1][CONSENSUS][PBFT]checkTimeout Succ,view=64421,toView=64422,nodeIdx=3,changeCycle=1,myNode=c30b6e4f...,timecost=1
info|2022-11-24 12:00:53.673187|[g:1][CONSENSUS][PBFT]checkAndChangeView: Reach consensus,org_view=64421,cur_changeCycle=1,curView=64421,view=64422
info|2022-11-24 12:00:54.675655|[g:1][CONSENSUS]addRawPrepare,height=32,reqIdx=1,hash=edd3ccac...,time=0
info|2022-11-24 12:00:54.676578|[g:1][CONSENSUS][PBFT]checkTimeout Succ,view=64422,toView=64423,nodeIdx=3,changeCycle=1,myNode=c30b6e4f...,timecost=1
info|2022-11-24 12:00:54.679311|[g:1][CONSENSUS][PBFT]checkAndChangeView: Reach consensus,org_view=64422,cur_changeCycle=1,curView=64422,view=64423
info|2022-11-24 12:00:55.682485|[g:1][CONSENSUS]addRawPrepare,height=32,reqIdx=2,hash=74ade1ee...,time=0
info|2022-11-24 12:00:55.683095|[g:1][CONSENSUS][PBFT]checkTimeout Succ,view=64423,toView=64424,nodeIdx=3,changeCycle=1,myNode=c30b6e4f...,timecost=1
info|2022-11-24 12:00:55.685033|[g:1][CONSENSUS][PBFT]checkAndChangeView: Reach consensus,org_view=64423,cur_changeCycle=1,curView=64423,view=64424
info|2022-11-24 12:00:56.686013|[g:1][CONSENSUS][SEALER]++++++++++++++++ Generating seal on,blkNum=32,tx=0,nodeIdx=3,hash=9987da2e...
info|2022-11-24 12:00:56.686113|[P2P][Service] heartBeat,connected count=3
info|2022-11-24 12:00:56.688050|[g:1][CONSENSUS][PBFT]checkTimeout Succ,view=64424,toView=64425,nodeIdx=3,changeCycle=1,myNode=c30b6e4f...,timecost=1
info|2022-11-24 12:00:56.693065|[g:1][CONSENSUS][PBFT]checkAndChangeView: Reach consensus,org_view=64424,cur_changeCycle=1,curView=64424,view=64425
info|2022-11-24 12:00:57.695106|[g:1][CONSENSUS]addRawPrepare,height=32,reqIdx=0,hash=4423beb0...,time=0
info|2022-11-24 12:00:57.695881|[g:1][CONSENSUS][PBFT]checkTimeout Succ,view=64425,toView=64426,nodeIdx=3,changeCycle=1,myNode=c30b6e4f...,timecost=0
info|2022-11-24 12:00:57.698208|[g:1][CONSENSUS][PBFT]checkAndChangeView: Reach consensus,org_view=64425,cur_changeCycle=1,curView=64425,view=64426
info|2022-11-24 12:00:58.699594|[g:1][CONSENSUS]addRawPrepare,height=32,reqIdx=1,hash=d7555c30...,time=0
info|2022-11-24 12:00:58.699921|[g:1][CONSENSUS][PBFT]checkTimeout Succ,view=64426,toView=64427,nodeIdx=3,changeCycle=1,myNode=c30b6e4f...,timecost=0
info|2022-11-24 12:00:58.700688|[g:1][CONSENSUS][PBFT]checkAndChangeView: Reach consensus,org_view=64426,cur_changeCycle=1,curView=64426,view=64427
info|2022-11-24 12:00:59.702259|[g:1][CONSENSUS]addRawPrepare,height=32,reqIdx=2,hash=3b94325a...,time=0
info|2022-11-24 12:00:59.702586|[g:1][CONSENSUS][PBFT]checkTimeout Succ,view=64427,toView=64428,nodeIdx=3,changeCycle=1,myNode=c30b6e4f...,timecost=0
info|2022-11-24 12:00:59.703663|[g:1][CONSENSUS][PBFT]checkAndChangeView: Reach consensus,org_view=64427,cur_changeCycle=1,curView=64427,view=64428
info|2022-11-24 12:01:00.703939|[g:1][CONSENSUS][SEALER]++++++++++++++++ Generating seal on,blkNum=32,tx=0,nodeIdx=3,hash=b2be7664...
info|2022-11-24 12:01:00.709185|[g:1][CONSENSUS][PBFT]checkTimeout Succ,view=64428,toView=64429,nodeIdx=3,changeCycle=1,myNode=c30b6e4f...,timecost=1
info|2022-11-24 12:01:00.710600|[g:1][CONSENSUS][PBFT]checkAndChangeView: Reach consensus,org_view=64428,cur_changeCycle=1,curView=64428,view=64429
info|2022-11-24 12:01:01.713566|[g:1][CONSENSUS]addRawPrepare,height=32,reqIdx=0,hash=3e107749...,time=0
info|2022-11-24 12:01:01.714214|[g:1][CONSENSUS][PBFT]checkTimeout Succ,view=64429,toView=64430,nodeIdx=3,changeCycle=1,myNode=c30b6e4f...,timecost=1
info|2022-11-24 12:01:01.716249|[g:1][CONSENSUS][PBFT]checkAndChangeView: Reach consensus,org_view=64429,cur_changeCycle=1,curView=64429,view=64430
info|2022-11-24 12:01:02.720422|[g:1][CONSENSUS]addRawPrepare,height=32,reqIdx=1,hash=316f868a...,time=0
info|2022-11-24 12:01:02.721129|[g:1][CONSENSUS][PBFT]checkTimeout Succ,view=64430,toView=64431,nodeIdx=3,changeCycle=1,myNode=c30b6e4f...,timecost=1
info|2022-11-24 12:01:02.722839|[g:1][CONSENSUS][PBFT]checkAndChangeView: Reach consensus,org_view=64430,cur_changeCycle=1,curView=64430,view=64431
info|2022-11-24 12:01:03.726237|[g:1][CONSENSUS]addRawPrepare,height=32,reqIdx=2,hash=d3db0084...,time=0
info|2022-11-24 12:01:03.726860|[g:1][CONSENSUS][PBFT]checkTimeout Succ,view=64431,toView=64432,nodeIdx=3,changeCycle=1,myNode=c30b6e4f...,timecost=0
info|2022-11-24 12:01:03.728969|[g:1][CONSENSUS][PBFT]checkAndChangeView: Reach consensus,org_view=64431,cur_changeCycle=1,curView=64431,view=64432
info|2022-11-24 12:01:04.729315|[g:1][CONSENSUS][SEALER]++++++++++++++++ Generating seal on,blkNum=32,tx=0,nodeIdx=3,hash=627da584...
info|2022-11-24 12:01:04.733939|[g:1][CONSENSUS][PBFT]checkTimeout Succ,view=64432,toView=64433,nodeIdx=3,changeCycle=1,myNode=c30b6e4f...,timecost=1
info|2022-11-24 12:01:04.734795|[g:1][CONSENSUS][PBFT]checkAndChangeView: Reach consensus,org_view=64432,cur_changeCycle=1,curView=64432,view=64433
info|2022-11-24 12:01:05.738707|[g:1][CONSENSUS]addRawPrepare,height=32,reqIdx=0,hash=6dd86f37...,time=0
info|2022-11-24 12:01:05.739564|[g:1][CONSENSUS][PBFT]checkTimeout Succ,view=64433,toView=64434,nodeIdx=3,changeCycle=1,myNode=c30b6e4f...,timecost=1
info|2022-11-24 12:01:05.741096|[g:1][CONSENSUS][PBFT]checkAndChangeView: Reach consensus,org_view=64433,cur_changeCycle=1,curView=64433,view=64434
info|2022-11-24 12:01:06.687034|[P2P][Service] heartBeat,connected count=3
info|2022-11-24 12:01:06.743780|[g:1][CONSENSUS]addRawPrepare,height=32,reqIdx=1,hash=4a1a3762...,time=0
info|2022-11-24 12:01:06.744140|[g:1][CONSENSUS][PBFT]checkTimeout Succ,view=64434,toView=64435,nodeIdx=3,changeCycle=1,myNode=c30b6e4f...,timecost=1
info|2022-11-24 12:01:06.745044|[g:1][CONSENSUS][PBFT]checkAndChangeView: Reach consensus,org_view=64434,cur_changeCycle=1,curView=64434,view=64435
info|2022-11-24 12:01:07.746155|[g:1][CONSENSUS]addRawPrepare,height=32,reqIdx=2,hash=b32737a1...,time=0
info|2022-11-24 12:01:07.746584|[g:1][CONSENSUS][PBFT]checkTimeout Succ,view=64435,toView=64436,nodeIdx=3,changeCycle=1,myNode=c30b6e4f...,timecost=0
info|2022-11-24 12:01:07.747361|[g:1][CONSENSUS][PBFT]checkAndChangeView: Reach consensus,org_view=64435,cur_changeCycle=1,curView=64435,view=64436
info|2022-11-24 12:01:08.747479|[g:1][CONSENSUS][SEALER]++++++++++++++++ Generating seal on,blkNum=32,tx=0,nodeIdx=3,hash=e6f1c821...
info|2022-11-24 12:01:08.750238|[g:1][CONSENSUS][PBFT]checkTimeout Succ,view=64436,toView=64437,nodeIdx=3,changeCycle=1,myNode=c30b6e4f...,timecost=1
info|2022-11-24 12:01:08.751091|[g:1][CONSENSUS][PBFT]checkAndChangeView: Reach consensus,org_view=64436,cur_changeCycle=1,curView=64436,view=64437
info|2022-11-24 12:01:09.752577|[g:1][CONSENSUS]addRawPrepare,height=32,reqIdx=0,hash=bb20ea4b...,time=0
info|2022-11-24 12:01:09.752914|[g:1][CONSENSUS][PBFT]checkTimeout Succ,view=64437,toView=64438,nodeIdx=3,changeCycle=1,myNode=c30b6e4f...,timecost=0
info|2022-11-24 12:01:09.753682|[g:1][CONSENSUS][PBFT]checkAndChangeView: Reach consensus,org_view=64437,cur_changeCycle=1,curView=64437,view=64438
info|2022-11-24 12:01:10.753949|[g:1][CONSENSUS]addRawPrepare,height=32,reqIdx=1,hash=fdb9b66e...,time=0
info|2022-11-24 12:01:10.754259|[g:1][CONSENSUS][PBFT]checkTimeout Succ,view=64438,toView=64439,nodeIdx=3,changeCycle=1,myNode=c30b6e4f...,timecost=1
info|2022-11-24 12:01:10.755305|[g:1][CONSENSUS][PBFT]checkAndChangeView: Reach consensus,org_view=64438,cur_changeCycle=1,curView=64438,view=64439
info|2022-11-24 12:01:11.756845|[g:1][CONSENSUS]addRawPrepare,height=32,reqIdx=2,hash=d489b13d...,time=0
info|2022-11-24 12:01:11.757171|[g:1][CONSENSUS][PBFT]checkTimeout Succ,view=64439,toView=64440,nodeIdx=3,changeCycle=1,myNode=c30b6e4f...,timecost=1
info|2022-11-24 12:01:11.757790|[g:1][CONSENSUS][PBFT]checkAndChangeView: Reach consensus,org_view=64439,cur_changeCycle=1,curView=64439,view=64440
info|2022-11-24 12:01:12.759129|[g:1][CONSENSUS][SEALER]++++++++++++++++ Generating seal on,blkNum=32,tx=0,nodeIdx=3,hash=b076513d...
info|2022-11-24 12:01:12.760975|[g:1][CONSENSUS][PBFT]checkTimeout Succ,view=64440,toView=64441,nodeIdx=3,changeCycle=1,myNode=c30b6e4f...,timecost=0
info|2022-11-24 12:01:12.761404|[g:1][CONSENSUS][PBFT]checkAndChangeView: Reach consensus,org_view=64440,cur_changeCycle=1,curView=64440,view=64441
info|2022-11-24 12:01:13.765331|[g:1][CONSENSUS]addRawPrepare,height=32,reqIdx=0,hash=e0e95b73...,time=0
info|2022-11-24 12:01:13.765645|[g:1][CONSENSUS][PBFT]checkTimeout Succ,view=64441,toView=64442,nodeIdx=3,changeCycle=1,myNode=c30b6e4f...,timecost=0
info|2022-11-24 12:01:13.766219|[g:1][CONSENSUS][PBFT]checkAndChangeView: Reach consensus,org_view=64441,cur_changeCycle=1,curView=64441,view=64442
info|2022-11-24 12:01:14.769377|[g:1][CONSENSUS]addRawPrepare,height=32,reqIdx=1,hash=8249964e...,time=0
info|2022-11-24 12:01:14.769626|[g:1][CONSENSUS][PBFT]checkTimeout Succ,view=64442,toView=64443,nodeIdx=3,changeCycle=1,myNode=c30b6e4f...,timecost=0
info|2022-11-24 12:01:14.770204|[g:1][CONSENSUS][PBFT]checkAndChangeView: Reach consensus,org_view=64442,cur_changeCycle=1,curView=64442,view=64443
info|2022-11-24 12:01:15.773863|[g:1][CONSENSUS]addRawPrepare,height=32,reqIdx=2,hash=c784b975...,time=0
info|2022-11-24 12:01:15.774235|[g:1][CONSENSUS][PBFT]checkTimeout Succ,view=64443,toView=64444,nodeIdx=3,changeCycle=1,myNode=c30b6e4f...,timecost=1
info|2022-11-24 12:01:15.775063|[g:1][CONSENSUS][PBFT]checkAndChangeView: Reach consensus,org_view=64443,cur_changeCycle=1,curView=64443,view=64444
info|2022-11-24 12:01:16.688340|[P2P][Service] heartBeat,connected count=3
info|2022-11-24 12:01:16.776223|[g:1][CONSENSUS][SEALER]++++++++++++++++ Generating seal on,blkNum=32,tx=0,nodeIdx=3,hash=eb939f42...
info|2022-11-24 12:01:16.778355|[g:1][CONSENSUS][PBFT]checkTimeout Succ,view=64444,toView=64445,nodeIdx=3,changeCycle=1,myNode=c30b6e4f...,timecost=0
info|2022-11-24 12:01:16.778811|[g:1][CONSENSUS][PBFT]checkAndChangeView: Reach consensus,org_view=64444,cur_changeCycle=1,curView=64444,view=64445
info|2022-11-24 12:01:17.783469|[g:1][CONSENSUS]addRawPrepare,height=32,reqIdx=0,hash=5c590ac9...,time=0
info|2022-11-24 12:01:17.784310|[g:1][CONSENSUS][PBFT]checkTimeout Succ,view=64445,toView=64446,nodeIdx=3,changeCycle=1,myNode=c30b6e4f...,timecost=1
info|2022-11-24 12:01:17.786987|[g:1][CONSENSUS][PBFT]checkAndChangeView: Reach consensus,org_view=64445,cur_changeCycle=1,curView=64445,view=64446
info|2022-11-24 12:01:18.791499|[g:1][CONSENSUS]addRawPrepare,height=32,reqIdx=1,hash=78d1c876...,time=0
info|2022-11-24 12:01:18.792177|[g:1][CONSENSUS][PBFT]checkTimeout Succ,view=64446,toView=64447,nodeIdx=3,changeCycle=1,myNode=c30b6e4f...,timecost=1
info|2022-11-24 12:01:18.793778|[g:1][CONSENSUS][PBFT]checkAndChangeView: Reach consensus,org_view=64446,cur_changeCycle=1,curView=64446,view=64447
info|2022-11-24 12:01:19.797720|[g:1][CONSENSUS]addRawPrepare,height=32,reqIdx=2,hash=abbea85e...,time=0
info|2022-11-24 12:01:19.798565|[g:1][CONSENSUS][PBFT]checkTimeout Succ,view=64447,toView=64448,nodeIdx=3,changeCycle=1,myNode=c30b6e4f...,timecost=1
info|2022-11-24 12:01:19.800175|[g:1][CONSENSUS][PBFT]checkAndChangeView: Reach consensus,org_view=64447,cur_changeCycle=1,curView=64447,view=64448
info|2022-11-24 12:01:20.801465|[g:1][CONSENSUS][SEALER]++++++++++++++++ Generating seal on,blkNum=32,tx=0,nodeIdx=3,hash=f807e47c...
info|2022-11-24 12:01:20.802668|[g:1][CONSENSUS][PBFT]checkTimeout Succ,view=64448,toView=64449,nodeIdx=3,changeCycle=1,myNode=c30b6e4f...,timecost=0
info|2022-11-24 12:01:20.805078|[g:1][CONSENSUS][PBFT]checkAndChangeView: Reach consensus,org_view=64448,cur_changeCycle=1,curView=64448,view=64449
info|2022-11-24 12:01:21.809596|[g:1][CONSENSUS]addRawPrepare,height=32,reqIdx=0,hash=65810d75...,time=0
info|2022-11-24 12:01:21.810464|[g:1][CONSENSUS][PBFT]checkTimeout Succ,view=64449,toView=64450,nodeIdx=3,changeCycle=1,myNode=c30b6e4f...,timecost=1
info|2022-11-24 12:01:21.812291|[g:1][CONSENSUS][PBFT]checkAndChangeView: Reach consensus,org_view=64449,cur_changeCycle=1,curView=64449,view=64450
info|2022-11-24 12:01:22.815705|[g:1][CONSENSUS]addRawPrepare,height=32,reqIdx=1,hash=997be87e...,time=0
info|2022-11-24 12:01:22.816324|[g:1][CONSENSUS][PBFT]checkTimeout Succ,view=64450,toView=64451,nodeIdx=3,changeCycle=1,myNode=c30b6e4f...,timecost=1
info|2022-11-24 12:01:22.818535|[g:1][CONSENSUS][PBFT]checkAndChangeView: Reach consensus,org_view=64450,cur_changeCycle=1,curView=64450,view=64451
info|2022-11-24 12:01:23.823196|[g:1][CONSENSUS]addRawPrepare,height=32,reqIdx=2,hash=385c011b...,time=0
info|2022-11-24 12:01:23.824316|[g:1][CONSENSUS][PBFT]checkTimeout Succ,view=64451,toView=64452,nodeIdx=3,changeCycle=1,myNode=c30b6e4f...,timecost=1
info|2022-11-24 12:01:23.826930|[g:1][CONSENSUS][PBFT]checkAndChangeView: Reach consensus,org_view=64451,cur_changeCycle=1,curView=64451,view=64452
info|2022-11-24 12:01:24.828387|[g:1][CONSENSUS][SEALER]++++++++++++++++ Generating seal on,blkNum=32,tx=0,nodeIdx=3,hash=3135775c...
info|2022-11-24 12:01:24.830081|[g:1][CONSENSUS][PBFT]checkTimeout Succ,view=64452,toView=64453,nodeIdx=3,changeCycle=1,myNode=c30b6e4f...,timecost=1
info|2022-11-24 12:01:24.833779|[g:1][CONSENSUS][PBFT]checkAndChangeView: Reach consensus,org_view=64452,cur_changeCycle=1,curView=64452,view=64453
info|2022-11-24 12:01:25.837378|[g:1][CONSENSUS]addRawPrepare,height=32,reqIdx=0,hash=f263c86c...,time=0
info|2022-11-24 12:01:25.838392|[g:1][CONSENSUS][PBFT]checkTimeout Succ,view=64453,toView=64454,nodeIdx=3,changeCycle=1,myNode=c30b6e4f...,timecost=1
info|2022-11-24 12:01:25.841463|[g:1][CONSENSUS][PBFT]checkAndChangeView: Reach consensus,org_view=64453,cur_changeCycle=1,curView=64453,view=64454
info|2022-11-24 12:01:26.689674|[P2P][Service] heartBeat,connected count=3
info|2022-11-24 12:01:26.844691|[g:1][CONSENSUS]addRawPrepare,height=32,reqIdx=1,hash=33a724e5...,time=0
info|2022-11-24 12:01:26.845325|[g:1][CONSENSUS][PBFT]checkTimeout Succ,view=64454,toView=64455,nodeIdx=3,changeCycle=1,myNode=c30b6e4f...,timecost=1
info|2022-11-24 12:01:26.846945|[g:1][CONSENSUS][PBFT]checkAndChangeView: Reach consensus,org_view=64454,cur_changeCycle=1,curView=64454,view=64455
info|2022-11-24 12:01:27.850924|[g:1][CONSENSUS]addRawPrepare,height=32,reqIdx=2,hash=e0816b36...,time=0
info|2022-11-24 12:01:27.851598|[g:1][CONSENSUS][PBFT]checkTimeout Succ,view=64455,toView=64456,nodeIdx=3,changeCycle=1,myNode=c30b6e4f...,timecost=0
info|2022-11-24 12:01:27.853605|[g:1][CONSENSUS][PBFT]checkAndChangeView: Reach consensus,org_view=64455,cur_changeCycle=1,curView=64455,view=64456
info|2022-11-24 12:01:28.854635|[g:1][CONSENSUS][SEALER]++++++++++++++++ Generating seal on,blkNum=32,tx=0,nodeIdx=3,hash=77e44c97...
info|2022-11-24 12:01:28.855265|[g:1][CONSENSUS][PBFT]checkTimeout Succ,view=64456,toView=64457,nodeIdx=3,changeCycle=1,myNode=c30b6e4f...,timecost=1
info|2022-11-24 12:01:28.857846|[g:1][CONSENSUS][PBFT]checkAndChangeView: Reach consensus,org_view=64456,cur_changeCycle=1,curView=64456,view=64457
