info|2022-11-10 15:00:00.887283|[g:1][CONSENSUS][SEALER]++++++++++++++++ Generating seal on,blkNum=20,tx=0,nodeIdx=3,hash=db316209...
info|2022-11-10 15:00:00.892868|[g:1][CONSENSUS][PBFT]checkTimeout Succ,view=54048,toView=54049,nodeIdx=3,changeCycle=1,myNode=c30b6e4f...,timecost=0
info|2022-11-10 15:00:00.894408|[g:1][CONSENSUS][PBFT]checkAndChangeView: Reach consensus,org_view=54048,cur_changeCycle=1,curView=54048,view=54049
info|2022-11-10 15:00:01.894924|[g:1][CONSENSUS]addRawPrepare,height=20,reqIdx=0,hash=dc6e7507...,time=0
info|2022-11-10 15:00:01.895226|[g:1][CONSENSUS][PBFT]checkTimeout Succ,view=54049,toView=54050,nodeIdx=3,changeCycle=1,myNode=c30b6e4f...,timecost=1
info|2022-11-10 15:00:01.896130|[g:1][CONSENSUS][PBFT]checkAndChangeView: Reach consensus,org_view=54049,cur_changeCycle=1,curView=54049,view=54050
info|2022-11-10 15:00:02.897504|[g:1][CONSENSUS]addRawPrepare,height=20,reqIdx=1,hash=174744ec...,time=0
info|2022-11-10 15:00:02.897784|[g:1][CONSENSUS][PBFT]checkTimeout Succ,view=54050,toView=54051,nodeIdx=3,changeCycle=1,myNode=c30b6e4f...,timecost=0
info|2022-11-10 15:00:02.898438|[g:1][CONSENSUS][PBFT]checkAndChangeView: Reach consensus,org_view=54050,cur_changeCycle=1,curView=54050,view=54051
info|2022-11-10 15:00:03.899264|[g:1][CONSENSUS]addRawPrepare,height=20,reqIdx=2,hash=ccea4017...,time=0
info|2022-11-10 15:00:03.899598|[g:1][CONSENSUS][PBFT]checkTimeout Succ,view=54051,toView=54052,nodeIdx=3,changeCycle=1,myNode=c30b6e4f...,timecost=0
info|2022-11-10 15:00:03.900398|[g:1][CONSENSUS][PBFT]checkAndChangeView: Reach consensus,org_view=54051,cur_changeCycle=1,curView=54051,view=54052
info|2022-11-10 15:00:04.719548|[P2P][Service] heartBeat,connected count=3
info|2022-11-10 15:00:04.900814|[g:1][CONSENSUS][SEALER]++++++++++++++++ Generating seal on,blkNum=20,tx=0,nodeIdx=3,hash=a3be39a9...
info|2022-11-10 15:00:04.902442|[g:1][CONSENSUS][PBFT]checkTimeout Succ,view=54052,toView=54053,nodeIdx=3,changeCycle=1,myNode=c30b6e4f...,timecost=1
info|2022-11-10 15:00:04.906297|[g:1][CONSENSUS][PBFT]checkAndChangeView: Reach consensus,org_view=54052,cur_changeCycle=1,curView=54052,view=54053
info|2022-11-10 15:00:05.915688|[g:1][CONSENSUS]addRawPrepare,height=20,reqIdx=0,hash=ebd5bde5...,time=0
info|2022-11-10 15:00:05.916774|[g:1][CONSENSUS][PBFT]checkTimeout Succ,view=54053,toView=54054,nodeIdx=3,changeCycle=1,myNode=c30b6e4f...,timecost=0
info|2022-11-10 15:00:05.918319|[g:1][CONSENSUS][PBFT]checkAndChangeView: Reach consensus,org_view=54053,cur_changeCycle=1,curView=54053,view=54054
info|2022-11-10 15:00:06.920871|[g:1][CONSENSUS]addRawPrepare,height=20,reqIdx=1,hash=156cdc2d...,time=0
info|2022-11-10 15:00:06.921487|[g:1][CONSENSUS][PBFT]checkTimeout Succ,view=54054,toView=54055,nodeIdx=3,changeCycle=1,myNode=c30b6e4f...,timecost=1
info|2022-11-10 15:00:06.925408|[g:1][CONSENSUS][PBFT]checkAndChangeView: Reach consensus,org_view=54054,cur_changeCycle=1,curView=54054,view=54055
info|2022-11-10 15:00:07.927209|[g:1][CONSENSUS]addRawPrepare,height=20,reqIdx=2,hash=315e49e3...,time=0
info|2022-11-10 15:00:07.927862|[g:1][CONSENSUS][PBFT]checkTimeout Succ,view=54055,toView=54056,nodeIdx=3,changeCycle=1,myNode=c30b6e4f...,timecost=0
info|2022-11-10 15:00:07.930470|[g:1][CONSENSUS][PBFT]checkAndChangeView: Reach consensus,org_view=54055,cur_changeCycle=1,curView=54055,view=54056
info|2022-11-10 15:00:08.931290|[g:1][CONSENSUS][SEALER]++++++++++++++++ Generating seal on,blkNum=20,tx=0,nodeIdx=3,hash=1c31b2b5...
info|2022-11-10 15:00:08.933270|[g:1][CONSENSUS][PBFT]checkTimeout Succ,view=54056,toView=54057,nodeIdx=3,changeCycle=1,myNode=c30b6e4f...,timecost=1
info|2022-11-10 15:00:08.937197|[g:1][CONSENSUS][PBFT]checkAndChangeView: Reach consensus,org_view=54056,cur_changeCycle=1,curView=54056,view=54057
info|2022-11-10 15:00:09.940730|[g:1][CONSENSUS]addRawPrepare,height=20,reqIdx=0,hash=b4740716...,time=0
info|2022-11-10 15:00:09.941556|[g:1][CONSENSUS][PBFT]checkTimeout Succ,view=54057,toView=54058,nodeIdx=3,changeCycle=1,myNode=c30b6e4f...,timecost=1
info|2022-11-10 15:00:09.943990|[g:1][CONSENSUS][PBFT]checkAndChangeView: Reach consensus,org_view=54057,cur_changeCycle=1,curView=54057,view=54058
info|2022-11-10 15:00:10.947488|[g:1][CONSENSUS]addRawPrepare,height=20,reqIdx=1,hash=c64ff0bc...,time=0
info|2022-11-10 15:00:10.948279|[g:1][CONSENSUS][PBFT]checkTimeout Succ,view=54058,toView=54059,nodeIdx=3,changeCycle=1,myNode=c30b6e4f...,timecost=1
info|2022-11-10 15:00:10.950590|[g:1][CONSENSUS][PBFT]checkAndChangeView: Reach consensus,org_view=54058,cur_changeCycle=1,curView=54058,view=54059
info|2022-11-10 15:00:11.953591|[g:1][CONSENSUS]addRawPrepare,height=20,reqIdx=2,hash=f25bb5b5...,time=0
info|2022-11-10 15:00:11.954515|[g:1][CONSENSUS][PBFT]checkTimeout Succ,view=54059,toView=54060,nodeIdx=3,changeCycle=1,myNode=c30b6e4f...,timecost=1
info|2022-11-10 15:00:11.956667|[g:1][CONSENSUS][PBFT]checkAndChangeView: Reach consensus,org_view=54059,cur_changeCycle=1,curView=54059,view=54060
info|2022-11-10 15:00:12.957469|[g:1][CONSENSUS][SEALER]++++++++++++++++ Generating seal on,blkNum=20,tx=0,nodeIdx=3,hash=f4b45828...
info|2022-11-10 15:00:12.961547|[g:1][CONSENSUS][PBFT]checkTimeout Succ,view=54060,toView=54061,nodeIdx=3,changeCycle=1,myNode=c30b6e4f...,timecost=1
info|2022-11-10 15:00:12.963319|[g:1][CONSENSUS][PBFT]checkAndChangeView: Reach consensus,org_view=54060,cur_changeCycle=1,curView=54060,view=54061
info|2022-11-10 15:00:13.966006|[g:1][CONSENSUS]addRawPrepare,height=20,reqIdx=0,hash=768ef09b...,time=1
info|2022-11-10 15:00:13.966985|[g:1][CONSENSUS][PBFT]checkTimeout Succ,view=54061,toView=54062,nodeIdx=3,changeCycle=1,myNode=c30b6e4f...,timecost=1
info|2022-11-10 15:00:13.969214|[g:1][CONSENSUS][PBFT]checkAndChangeView: Reach consensus,org_view=54061,cur_changeCycle=1,curView=54061,view=54062
info|2022-11-10 15:00:14.720648|[P2P][Service] heartBeat,connected count=3
info|2022-11-10 15:00:14.972547|[g:1][CONSENSUS]addRawPrepare,height=20,reqIdx=1,hash=b94bc530...,time=0
info|2022-11-10 15:00:14.973487|[g:1][CONSENSUS][PBFT]checkTimeout Succ,view=54062,toView=54063,nodeIdx=3,changeCycle=1,myNode=c30b6e4f...,timecost=1
info|2022-11-10 15:00:14.975743|[g:1][CONSENSUS][PBFT]checkAndChangeView: Reach consensus,org_view=54062,cur_changeCycle=1,curView=54062,view=54063
info|2022-11-10 15:00:15.977711|[g:1][CONSENSUS]addRawPrepare,height=20,reqIdx=2,hash=7423e136...,time=0
info|2022-11-10 15:00:15.978419|[g:1][CONSENSUS][PBFT]checkTimeout Succ,view=54063,toView=54064,nodeIdx=3,changeCycle=1,myNode=c30b6e4f...,timecost=1
info|2022-11-10 15:00:15.980563|[g:1][CONSENSUS][PBFT]checkAndChangeView: Reach consensus,org_view=54063,cur_changeCycle=1,curView=54063,view=54064
info|2022-11-10 15:00:16.981703|[g:1][CONSENSUS][SEALER]++++++++++++++++ Generating seal on,blkNum=20,tx=0,nodeIdx=3,hash=16be826c...
info|2022-11-10 15:00:16.982609|[g:1][CONSENSUS][PBFT]checkTimeout Succ,view=54064,toView=54065,nodeIdx=3,changeCycle=1,myNode=c30b6e4f...,timecost=0
info|2022-11-10 15:00:16.986803|[g:1][CONSENSUS][PBFT]checkAndChangeView: Reach consensus,org_view=54064,cur_changeCycle=1,curView=54064,view=54065
info|2022-11-10 15:00:17.988006|[g:1][CONSENSUS]addRawPrepare,height=20,reqIdx=0,hash=6d5da951...,time=1
info|2022-11-10 15:00:17.988606|[g:1][CONSENSUS][PBFT]checkTimeout Succ,view=54065,toView=54066,nodeIdx=3,changeCycle=1,myNode=c30b6e4f...,timecost=0
info|2022-11-10 15:00:17.990196|[g:1][CONSENSUS][PBFT]checkAndChangeView: Reach consensus,org_view=54065,cur_changeCycle=1,curView=54065,view=54066
info|2022-11-10 15:00:18.992815|[g:1][CONSENSUS]addRawPrepare,height=20,reqIdx=1,hash=c0797781...,time=0
info|2022-11-10 15:00:18.993092|[g:1][CONSENSUS][PBFT]checkTimeout Succ,view=54066,toView=54067,nodeIdx=3,changeCycle=1,myNode=c30b6e4f...,timecost=1
info|2022-11-10 15:00:18.993966|[g:1][CONSENSUS][PBFT]checkAndChangeView: Reach consensus,org_view=54066,cur_changeCycle=1,curView=54066,view=54067
info|2022-11-10 15:00:19.995657|[g:1][CONSENSUS]addRawPrepare,height=20,reqIdx=2,hash=6c725bf4...,time=0
info|2022-11-10 15:00:19.996082|[g:1][CONSENSUS][PBFT]checkTimeout Succ,view=54067,toView=54068,nodeIdx=3,changeCycle=1,myNode=c30b6e4f...,timecost=1
info|2022-11-10 15:00:19.997023|[g:1][CONSENSUS][PBFT]checkAndChangeView: Reach consensus,org_view=54067,cur_changeCycle=1,curView=54067,view=54068
info|2022-11-10 15:00:20.996598|[g:1][CONSENSUS][SEALER]++++++++++++++++ Generating seal on,blkNum=20,tx=0,nodeIdx=3,hash=75269daf...
info|2022-11-10 15:00:21.000051|[g:1][CONSENSUS][PBFT]checkTimeout Succ,view=54068,toView=54069,nodeIdx=3,changeCycle=1,myNode=c30b6e4f...,timecost=1
info|2022-11-10 15:00:21.001287|[g:1][CONSENSUS][PBFT]checkAndChangeView: Reach consensus,org_view=54068,cur_changeCycle=1,curView=54068,view=54069
info|2022-11-10 15:00:22.004208|[g:1][CONSENSUS]addRawPrepare,height=20,reqIdx=0,hash=805881da...,time=0
info|2022-11-10 15:00:22.004887|[g:1][CONSENSUS][PBFT]checkTimeout Succ,view=54069,toView=54070,nodeIdx=3,changeCycle=1,myNode=c30b6e4f...,timecost=0
info|2022-11-10 15:00:22.007083|[g:1][CONSENSUS][PBFT]checkAndChangeView: Reach consensus,org_view=54069,cur_changeCycle=1,curView=54069,view=54070
info|2022-11-10 15:00:23.008497|[g:1][CONSENSUS]addRawPrepare,height=20,reqIdx=1,hash=84d7fc10...,time=0
info|2022-11-10 15:00:23.008891|[g:1][CONSENSUS][PBFT]checkTimeout Succ,view=54070,toView=54071,nodeIdx=3,changeCycle=1,myNode=c30b6e4f...,timecost=0
info|2022-11-10 15:00:23.010546|[g:1][CONSENSUS][PBFT]checkAndChangeView: Reach consensus,org_view=54070,cur_changeCycle=1,curView=54070,view=54071
info|2022-11-10 15:00:24.012980|[g:1][CONSENSUS]addRawPrepare,height=20,reqIdx=2,hash=8747f2e1...,time=1
info|2022-11-10 15:00:24.013707|[g:1][CONSENSUS][PBFT]checkTimeout Succ,view=54071,toView=54072,nodeIdx=3,changeCycle=1,myNode=c30b6e4f...,timecost=0
info|2022-11-10 15:00:24.015308|[g:1][CONSENSUS][PBFT]checkAndChangeView: Reach consensus,org_view=54071,cur_changeCycle=1,curView=54071,view=54072
info|2022-11-10 15:00:24.721150|[P2P][Service] heartBeat,connected count=3
info|2022-11-10 15:00:25.015998|[g:1][CONSENSUS][SEALER]++++++++++++++++ Generating seal on,blkNum=20,tx=0,nodeIdx=3,hash=cc55b1ea...
info|2022-11-10 15:00:25.020812|[g:1][CONSENSUS][PBFT]checkTimeout Succ,view=54072,toView=54073,nodeIdx=3,changeCycle=1,myNode=c30b6e4f...,timecost=0
info|2022-11-10 15:00:25.021546|[g:1][CONSENSUS][PBFT]checkAndChangeView: Reach consensus,org_view=54072,cur_changeCycle=1,curView=54072,view=54073
info|2022-11-10 15:00:26.024899|[g:1][CONSENSUS]addRawPrepare,height=20,reqIdx=0,hash=580a1708...,time=0
info|2022-11-10 15:00:26.025861|[g:1][CONSENSUS][PBFT]checkTimeout Succ,view=54073,toView=54074,nodeIdx=3,changeCycle=1,myNode=c30b6e4f...,timecost=0
info|2022-11-10 15:00:26.027810|[g:1][CONSENSUS][PBFT]checkAndChangeView: Reach consensus,org_view=54073,cur_changeCycle=1,curView=54073,view=54074
info|2022-11-10 15:00:27.032167|[g:1][CONSENSUS]addRawPrepare,height=20,reqIdx=1,hash=ef62300c...,time=0
info|2022-11-10 15:00:27.033026|[g:1][CONSENSUS][PBFT]checkTimeout Succ,view=54074,toView=54075,nodeIdx=3,changeCycle=1,myNode=c30b6e4f...,timecost=1
info|2022-11-10 15:00:27.034597|[g:1][CONSENSUS][PBFT]checkAndChangeView: Reach consensus,org_view=54074,cur_changeCycle=1,curView=54074,view=54075
info|2022-11-10 15:00:28.037793|[g:1][CONSENSUS]addRawPrepare,height=20,reqIdx=2,hash=9105ba09...,time=0
info|2022-11-10 15:00:28.038449|[g:1][CONSENSUS][PBFT]checkTimeout Succ,view=54075,toView=54076,nodeIdx=3,changeCycle=1,myNode=c30b6e4f...,timecost=1
info|2022-11-10 15:00:28.040436|[g:1][CONSENSUS][PBFT]checkAndChangeView: Reach consensus,org_view=54075,cur_changeCycle=1,curView=54075,view=54076
info|2022-11-10 15:00:29.041321|[g:1][CONSENSUS][SEALER]++++++++++++++++ Generating seal on,blkNum=20,tx=0,nodeIdx=3,hash=ed054bea...
info|2022-11-10 15:00:29.044949|[g:1][CONSENSUS][PBFT]checkTimeout Succ,view=54076,toView=54077,nodeIdx=3,changeCycle=1,myNode=c30b6e4f...,timecost=0
info|2022-11-10 15:00:29.045985|[g:1][CONSENSUS][PBFT]checkAndChangeView: Reach consensus,org_view=54076,cur_changeCycle=1,curView=54076,view=54077
info|2022-11-10 15:00:30.047780|[g:1][CONSENSUS]addRawPrepare,height=20,reqIdx=0,hash=1e0f2a08...,time=0
info|2022-11-10 15:00:30.048473|[g:1][CONSENSUS][PBFT]checkTimeout Succ,view=54077,toView=54078,nodeIdx=3,changeCycle=1,myNode=c30b6e4f...,timecost=1
info|2022-11-10 15:00:30.050413|[g:1][CONSENSUS][PBFT]checkAndChangeView: Reach consensus,org_view=54077,cur_changeCycle=1,curView=54077,view=54078
info|2022-11-10 15:00:31.080012|[g:1][CONSENSUS]addRawPrepare,height=20,reqIdx=1,hash=5866ce00...,time=0
info|2022-11-10 15:00:31.080282|[g:1][CONSENSUS][PBFT]checkTimeout Succ,view=54078,toView=54079,nodeIdx=3,changeCycle=1,myNode=c30b6e4f...,timecost=0
info|2022-11-10 15:00:31.081103|[g:1][CONSENSUS][PBFT]checkAndChangeView: Reach consensus,org_view=54078,cur_changeCycle=1,curView=54078,view=54079
info|2022-11-10 15:00:32.084863|[g:1][CONSENSUS]addRawPrepare,height=20,reqIdx=2,hash=60541f76...,time=0
info|2022-11-10 15:00:32.085535|[g:1][CONSENSUS][PBFT]checkTimeout Succ,view=54079,toView=54080,nodeIdx=3,changeCycle=1,myNode=c30b6e4f...,timecost=1
info|2022-11-10 15:00:32.087210|[g:1][CONSENSUS][PBFT]checkAndChangeView: Reach consensus,org_view=54079,cur_changeCycle=1,curView=54079,view=54080
info|2022-11-10 15:00:33.088653|[g:1][CONSENSUS][SEALER]++++++++++++++++ Generating seal on,blkNum=20,tx=0,nodeIdx=3,hash=9174d554...
info|2022-11-10 15:00:33.090447|[g:1][CONSENSUS][PBFT]checkTimeout Succ,view=54080,toView=54081,nodeIdx=3,changeCycle=1,myNode=c30b6e4f...,timecost=1
info|2022-11-10 15:00:33.095342|[g:1][CONSENSUS][PBFT]checkAndChangeView: Reach consensus,org_view=54080,cur_changeCycle=1,curView=54080,view=54081
info|2022-11-10 15:00:34.098087|[g:1][CONSENSUS]addRawPrepare,height=20,reqIdx=0,hash=c46f9032...,time=0
info|2022-11-10 15:00:34.098613|[g:1][CONSENSUS][PBFT]checkTimeout Succ,view=54081,toView=54082,nodeIdx=3,changeCycle=1,myNode=c30b6e4f...,timecost=0
info|2022-11-10 15:00:34.100148|[g:1][CONSENSUS][PBFT]checkAndChangeView: Reach consensus,org_view=54081,cur_changeCycle=1,curView=54081,view=54082
info|2022-11-10 15:00:34.721515|[P2P][Service] heartBeat,connected count=3
info|2022-11-10 15:00:35.121791|[g:1][CONSENSUS]addRawPrepare,height=20,reqIdx=1,hash=cf273c41...,time=0
info|2022-11-10 15:00:35.122200|[g:1][CONSENSUS][PBFT]checkTimeout Succ,view=54082,toView=54083,nodeIdx=3,changeCycle=1,myNode=c30b6e4f...,timecost=1
info|2022-11-10 15:00:35.130554|[g:1][CONSENSUS][PBFT]checkAndChangeView: Reach consensus,org_view=54082,cur_changeCycle=1,curView=54082,view=54083
info|2022-11-10 15:00:36.132033|[g:1][CONSENSUS]addRawPrepare,height=20,reqIdx=2,hash=4b6b4dab...,time=0
info|2022-11-10 15:00:36.132301|[g:1][CONSENSUS][PBFT]checkTimeout Succ,view=54083,toView=54084,nodeIdx=3,changeCycle=1,myNode=c30b6e4f...,timecost=0
info|2022-11-10 15:00:36.133023|[g:1][CONSENSUS][PBFT]checkAndChangeView: Reach consensus,org_view=54083,cur_changeCycle=1,curView=54083,view=54084
info|2022-11-10 15:00:37.133310|[g:1][CONSENSUS][SEALER]++++++++++++++++ Generating seal on,blkNum=20,tx=0,nodeIdx=3,hash=f12bec24...
info|2022-11-10 15:00:37.136459|[g:1][CONSENSUS][PBFT]checkTimeout Succ,view=54084,toView=54085,nodeIdx=3,changeCycle=1,myNode=c30b6e4f...,timecost=0
info|2022-11-10 15:00:37.136821|[g:1][CONSENSUS][PBFT]checkAndChangeView: Reach consensus,org_view=54084,cur_changeCycle=1,curView=54084,view=54085
info|2022-11-10 15:00:38.139271|[g:1][CONSENSUS]addRawPrepare,height=20,reqIdx=0,hash=d91522f1...,time=0
info|2022-11-10 15:00:38.139821|[g:1][CONSENSUS][PBFT]checkTimeout Succ,view=54085,toView=54086,nodeIdx=3,changeCycle=1,myNode=c30b6e4f...,timecost=0
info|2022-11-10 15:00:38.141569|[g:1][CONSENSUS][PBFT]checkAndChangeView: Reach consensus,org_view=54085,cur_changeCycle=1,curView=54085,view=54086
info|2022-11-10 15:00:39.144206|[g:1][CONSENSUS]addRawPrepare,height=20,reqIdx=1,hash=e74018cb...,time=0
info|2022-11-10 15:00:39.144947|[g:1][CONSENSUS][PBFT]checkTimeout Succ,view=54086,toView=54087,nodeIdx=3,changeCycle=1,myNode=c30b6e4f...,timecost=0
info|2022-11-10 15:00:39.147038|[g:1][CONSENSUS][PBFT]checkAndChangeView: Reach consensus,org_view=54086,cur_changeCycle=1,curView=54086,view=54087
info|2022-11-10 15:00:40.151535|[g:1][CONSENSUS]addRawPrepare,height=20,reqIdx=2,hash=0b01f4fc...,time=0
info|2022-11-10 15:00:40.152951|[g:1][CONSENSUS][PBFT]checkTimeout Succ,view=54087,toView=54088,nodeIdx=3,changeCycle=1,myNode=c30b6e4f...,timecost=1
info|2022-11-10 15:00:40.155013|[g:1][CONSENSUS][PBFT]checkAndChangeView: Reach consensus,org_view=54087,cur_changeCycle=1,curView=54087,view=54088
info|2022-11-10 15:00:41.155825|[g:1][CONSENSUS][SEALER]++++++++++++++++ Generating seal on,blkNum=20,tx=0,nodeIdx=3,hash=1f391c63...
info|2022-11-10 15:00:41.156421|[g:1][CONSENSUS][PBFT]checkTimeout Succ,view=54088,toView=54089,nodeIdx=3,changeCycle=1,myNode=c30b6e4f...,timecost=0
info|2022-11-10 15:00:41.158688|[g:1][CONSENSUS][PBFT]checkAndChangeView: Reach consensus,org_view=54088,cur_changeCycle=1,curView=54088,view=54089
info|2022-11-10 15:00:42.171533|[g:1][CONSENSUS]addRawPrepare,height=20,reqIdx=0,hash=a711b005...,time=0
info|2022-11-10 15:00:42.172101|[g:1][CONSENSUS][PBFT]checkTimeout Succ,view=54089,toView=54090,nodeIdx=3,changeCycle=1,myNode=c30b6e4f...,timecost=1
info|2022-11-10 15:00:42.175904|[g:1][CONSENSUS][PBFT]checkAndChangeView: Reach consensus,org_view=54089,cur_changeCycle=1,curView=54089,view=54090
info|2022-11-10 15:00:43.179555|[g:1][CONSENSUS]addRawPrepare,height=20,reqIdx=1,hash=9fc0fc2c...,time=0
info|2022-11-10 15:00:43.179887|[g:1][CONSENSUS][PBFT]checkTimeout Succ,view=54090,toView=54091,nodeIdx=3,changeCycle=1,myNode=c30b6e4f...,timecost=0
info|2022-11-10 15:00:43.181128|[g:1][CONSENSUS][PBFT]checkAndChangeView: Reach consensus,org_view=54090,cur_changeCycle=1,curView=54090,view=54091
info|2022-11-10 15:00:44.183156|[g:1][CONSENSUS]addRawPrepare,height=20,reqIdx=2,hash=090c3ea5...,time=0
info|2022-11-10 15:00:44.183466|[g:1][CONSENSUS][PBFT]checkTimeout Succ,view=54091,toView=54092,nodeIdx=3,changeCycle=1,myNode=c30b6e4f...,timecost=0
info|2022-11-10 15:00:44.184541|[g:1][CONSENSUS][PBFT]checkAndChangeView: Reach consensus,org_view=54091,cur_changeCycle=1,curView=54091,view=54092
info|2022-11-10 15:00:44.722485|[P2P][Service] heartBeat,connected count=3
info|2022-11-10 15:00:45.184767|[g:1][CONSENSUS][SEALER]++++++++++++++++ Generating seal on,blkNum=20,tx=0,nodeIdx=3,hash=50ca483a...
info|2022-11-10 15:00:45.189315|[g:1][CONSENSUS][PBFT]checkTimeout Succ,view=54092,toView=54093,nodeIdx=3,changeCycle=1,myNode=c30b6e4f...,timecost=1
info|2022-11-10 15:00:45.190280|[g:1][CONSENSUS][PBFT]checkAndChangeView: Reach consensus,org_view=54092,cur_changeCycle=1,curView=54092,view=54093
info|2022-11-10 15:00:46.191026|[g:1][CONSENSUS]addRawPrepare,height=20,reqIdx=0,hash=35c07995...,time=0
info|2022-11-10 15:00:46.191368|[g:1][CONSENSUS][PBFT]checkTimeout Succ,view=54093,toView=54094,nodeIdx=3,changeCycle=1,myNode=c30b6e4f...,timecost=0
info|2022-11-10 15:00:46.191995|[g:1][CONSENSUS][PBFT]checkAndChangeView: Reach consensus,org_view=54093,cur_changeCycle=1,curView=54093,view=54094
info|2022-11-10 15:00:47.193732|[g:1][CONSENSUS]addRawPrepare,height=20,reqIdx=1,hash=92418f96...,time=0
info|2022-11-10 15:00:47.194212|[g:1][CONSENSUS][PBFT]checkTimeout Succ,view=54094,toView=54095,nodeIdx=3,changeCycle=1,myNode=c30b6e4f...,timecost=1
info|2022-11-10 15:00:47.195893|[g:1][CONSENSUS][PBFT]checkAndChangeView: Reach consensus,org_view=54094,cur_changeCycle=1,curView=54094,view=54095
info|2022-11-10 15:00:48.198530|[g:1][CONSENSUS]addRawPrepare,height=20,reqIdx=2,hash=95758b09...,time=0
info|2022-11-10 15:00:48.199641|[g:1][CONSENSUS][PBFT]checkTimeout Succ,view=54095,toView=54096,nodeIdx=3,changeCycle=1,myNode=c30b6e4f...,timecost=1
info|2022-11-10 15:00:48.204761|[g:1][CONSENSUS][PBFT]checkAndChangeView: Reach consensus,org_view=54095,cur_changeCycle=1,curView=54095,view=54096
info|2022-11-10 15:00:49.205551|[g:1][CONSENSUS][SEALER]++++++++++++++++ Generating seal on,blkNum=20,tx=0,nodeIdx=3,hash=6fbe467a...
info|2022-11-10 15:00:49.207848|[g:1][CONSENSUS][PBFT]checkTimeout Succ,view=54096,toView=54097,nodeIdx=3,changeCycle=1,myNode=c30b6e4f...,timecost=0
info|2022-11-10 15:00:49.208299|[g:1][CONSENSUS][PBFT]checkAndChangeView: Reach consensus,org_view=54096,cur_changeCycle=1,curView=54096,view=54097
info|2022-11-10 15:00:50.209802|[g:1][CONSENSUS]addRawPrepare,height=20,reqIdx=0,hash=fd728dbf...,time=0
info|2022-11-10 15:00:50.210422|[g:1][CONSENSUS][PBFT]checkTimeout Succ,view=54097,toView=54098,nodeIdx=3,changeCycle=1,myNode=c30b6e4f...,timecost=1
info|2022-11-10 15:00:50.212592|[g:1][CONSENSUS][PBFT]checkAndChangeView: Reach consensus,org_view=54097,cur_changeCycle=1,curView=54097,view=54098
info|2022-11-10 15:00:51.213306|[g:1][CONSENSUS]addRawPrepare,height=20,reqIdx=1,hash=b3aea58f...,time=0
info|2022-11-10 15:00:51.213854|[g:1][CONSENSUS][PBFT]checkTimeout Succ,view=54098,toView=54099,nodeIdx=3,changeCycle=1,myNode=c30b6e4f...,timecost=0
info|2022-11-10 15:00:51.215752|[g:1][CONSENSUS][PBFT]checkAndChangeView: Reach consensus,org_view=54098,cur_changeCycle=1,curView=54098,view=54099
info|2022-11-10 15:00:52.218384|[g:1][CONSENSUS]addRawPrepare,height=20,reqIdx=2,hash=4566981a...,time=0
info|2022-11-10 15:00:52.218991|[g:1][CONSENSUS][PBFT]checkTimeout Succ,view=54099,toView=54100,nodeIdx=3,changeCycle=1,myNode=c30b6e4f...,timecost=1
info|2022-11-10 15:00:52.221346|[g:1][CONSENSUS][PBFT]checkAndChangeView: Reach consensus,org_view=54099,cur_changeCycle=1,curView=54099,view=54100
info|2022-11-10 15:00:53.221457|[g:1][CONSENSUS][SEALER]++++++++++++++++ Generating seal on,blkNum=20,tx=0,nodeIdx=3,hash=94efbe96...
info|2022-11-10 15:00:53.226570|[g:1][CONSENSUS][PBFT]checkTimeout Succ,view=54100,toView=54101,nodeIdx=3,changeCycle=1,myNode=c30b6e4f...,timecost=1
info|2022-11-10 15:00:53.227707|[g:1][CONSENSUS][PBFT]checkAndChangeView: Reach consensus,org_view=54100,cur_changeCycle=1,curView=54100,view=54101
info|2022-11-10 15:00:54.238678|[g:1][CONSENSUS]addRawPrepare,height=20,reqIdx=0,hash=583d6fbf...,time=0
info|2022-11-10 15:00:54.244640|[g:1][CONSENSUS][PBFT]checkTimeout Succ,view=54101,toView=54102,nodeIdx=3,changeCycle=1,myNode=c30b6e4f...,timecost=5
info|2022-11-10 15:00:54.262361|[g:1][CONSENSUS][PBFT]checkAndChangeView: Reach consensus,org_view=54101,cur_changeCycle=1,curView=54101,view=54102
info|2022-11-10 15:00:54.724429|[P2P][Service] heartBeat,connected count=3
info|2022-11-10 15:00:55.260656|[g:1][CONSENSUS]addRawPrepare,height=20,reqIdx=1,hash=42a82d4e...,time=0
info|2022-11-10 15:00:55.260900|[g:1][CONSENSUS][PBFT]checkTimeout Succ,view=54102,toView=54103,nodeIdx=3,changeCycle=1,myNode=c30b6e4f...,timecost=0
info|2022-11-10 15:00:55.261651|[g:1][CONSENSUS][PBFT]checkAndChangeView: Reach consensus,org_view=54102,cur_changeCycle=1,curView=54102,view=54103
info|2022-11-10 15:00:56.265799|[g:1][CONSENSUS]addRawPrepare,height=20,reqIdx=2,hash=91da6a2e...,time=0
info|2022-11-10 15:00:56.266491|[g:1][CONSENSUS][PBFT]checkTimeout Succ,view=54103,toView=54104,nodeIdx=3,changeCycle=1,myNode=c30b6e4f...,timecost=1
info|2022-11-10 15:00:56.268599|[g:1][CONSENSUS][PBFT]checkAndChangeView: Reach consensus,org_view=54103,cur_changeCycle=1,curView=54103,view=54104
info|2022-11-10 15:00:57.269831|[g:1][CONSENSUS][SEALER]++++++++++++++++ Generating seal on,blkNum=20,tx=0,nodeIdx=3,hash=2cf936cf...
info|2022-11-10 15:00:57.271845|[g:1][CONSENSUS][PBFT]checkTimeout Succ,view=54104,toView=54105,nodeIdx=3,changeCycle=1,myNode=c30b6e4f...,timecost=0
info|2022-11-10 15:00:57.272354|[g:1][CONSENSUS][PBFT]checkAndChangeView: Reach consensus,org_view=54104,cur_changeCycle=1,curView=54104,view=54105
info|2022-11-10 15:00:58.275780|[g:1][CONSENSUS]addRawPrepare,height=20,reqIdx=0,hash=d2e9824e...,time=0
info|2022-11-10 15:00:58.276194|[g:1][CONSENSUS][PBFT]checkTimeout Succ,view=54105,toView=54106,nodeIdx=3,changeCycle=1,myNode=c30b6e4f...,timecost=1
info|2022-11-10 15:00:58.277628|[g:1][CONSENSUS][PBFT]checkAndChangeView: Reach consensus,org_view=54105,cur_changeCycle=1,curView=54105,view=54106
info|2022-11-10 15:00:59.281398|[g:1][CONSENSUS]addRawPrepare,height=20,reqIdx=1,hash=bcf84a07...,time=0
info|2022-11-10 15:00:59.281682|[g:1][CONSENSUS][PBFT]checkTimeout Succ,view=54106,toView=54107,nodeIdx=3,changeCycle=1,myNode=c30b6e4f...,timecost=0
info|2022-11-10 15:00:59.282409|[g:1][CONSENSUS][PBFT]checkAndChangeView: Reach consensus,org_view=54106,cur_changeCycle=1,curView=54106,view=54107
info|2022-11-10 15:01:00.286563|[g:1][CONSENSUS]addRawPrepare,height=20,reqIdx=2,hash=9bed113f...,time=0
info|2022-11-10 15:01:00.286857|[g:1][CONSENSUS][PBFT]checkTimeout Succ,view=54107,toView=54108,nodeIdx=3,changeCycle=1,myNode=c30b6e4f...,timecost=0
info|2022-11-10 15:01:00.287821|[g:1][CONSENSUS][PBFT]checkAndChangeView: Reach consensus,org_view=54107,cur_changeCycle=1,curView=54107,view=54108
info|2022-11-10 15:01:01.290096|[g:1][CONSENSUS][SEALER]++++++++++++++++ Generating seal on,blkNum=20,tx=0,nodeIdx=3,hash=65f4e24e...
info|2022-11-10 15:01:01.290856|[g:1][CONSENSUS][PBFT]checkTimeout Succ,view=54108,toView=54109,nodeIdx=3,changeCycle=1,myNode=c30b6e4f...,timecost=0
info|2022-11-10 15:01:01.293115|[g:1][CONSENSUS][PBFT]checkAndChangeView: Reach consensus,org_view=54108,cur_changeCycle=1,curView=54108,view=54109
info|2022-11-10 15:01:02.295611|[g:1][CONSENSUS]addRawPrepare,height=20,reqIdx=0,hash=e9e40e48...,time=0
info|2022-11-10 15:01:02.295906|[g:1][CONSENSUS][PBFT]checkTimeout Succ,view=54109,toView=54110,nodeIdx=3,changeCycle=1,myNode=c30b6e4f...,timecost=0
info|2022-11-10 15:01:02.296847|[g:1][CONSENSUS][PBFT]checkAndChangeView: Reach consensus,org_view=54109,cur_changeCycle=1,curView=54109,view=54110
info|2022-11-10 15:01:03.300902|[g:1][CONSENSUS]addRawPrepare,height=20,reqIdx=1,hash=fc7a978d...,time=0
info|2022-11-10 15:01:03.301598|[g:1][CONSENSUS][PBFT]checkTimeout Succ,view=54110,toView=54111,nodeIdx=3,changeCycle=1,myNode=c30b6e4f...,timecost=0
info|2022-11-10 15:01:03.304359|[g:1][CONSENSUS][PBFT]checkAndChangeView: Reach consensus,org_view=54110,cur_changeCycle=1,curView=54110,view=54111
info|2022-11-10 15:01:04.307616|[g:1][CONSENSUS]addRawPrepare,height=20,reqIdx=2,hash=f290165d...,time=0
info|2022-11-10 15:01:04.307887|[g:1][CONSENSUS][PBFT]checkTimeout Succ,view=54111,toView=54112,nodeIdx=3,changeCycle=1,myNode=c30b6e4f...,timecost=0
info|2022-11-10 15:01:04.308634|[g:1][CONSENSUS][PBFT]checkAndChangeView: Reach consensus,org_view=54111,cur_changeCycle=1,curView=54111,view=54112
info|2022-11-10 15:01:04.727303|[P2P][Service] heartBeat,connected count=3
info|2022-11-10 15:01:05.311857|[g:1][CONSENSUS][SEALER]++++++++++++++++ Generating seal on,blkNum=20,tx=0,nodeIdx=3,hash=708e4f25...
info|2022-11-10 15:01:05.313576|[g:1][CONSENSUS][PBFT]checkTimeout Succ,view=54112,toView=54113,nodeIdx=3,changeCycle=1,myNode=c30b6e4f...,timecost=1
info|2022-11-10 15:01:05.318219|[g:1][CONSENSUS][PBFT]checkAndChangeView: Reach consensus,org_view=54112,cur_changeCycle=1,curView=54112,view=54113
info|2022-11-10 15:01:06.339429|[g:1][CONSENSUS]addRawPrepare,height=20,reqIdx=0,hash=89171cca...,time=0
info|2022-11-10 15:01:06.339816|[g:1][CONSENSUS][PBFT]checkTimeout Succ,view=54113,toView=54114,nodeIdx=3,changeCycle=1,myNode=c30b6e4f...,timecost=0
info|2022-11-10 15:01:06.341315|[g:1][CONSENSUS][PBFT]checkAndChangeView: Reach consensus,org_view=54113,cur_changeCycle=1,curView=54113,view=54114
info|2022-11-10 15:01:07.413501|[g:1][CONSENSUS]addRawPrepare,height=20,reqIdx=1,hash=c517c4f2...,time=0
info|2022-11-10 15:01:07.413822|[g:1][CONSENSUS][PBFT]checkTimeout Succ,view=54114,toView=54115,nodeIdx=3,changeCycle=1,myNode=c30b6e4f...,timecost=0
info|2022-11-10 15:01:07.414916|[g:1][CONSENSUS][PBFT]checkAndChangeView: Reach consensus,org_view=54114,cur_changeCycle=1,curView=54114,view=54115
info|2022-11-10 15:01:08.428120|[g:1][CONSENSUS]addRawPrepare,height=20,reqIdx=2,hash=255ed990...,time=0
info|2022-11-10 15:01:08.428589|[g:1][CONSENSUS][PBFT]checkTimeout Succ,view=54115,toView=54116,nodeIdx=3,changeCycle=1,myNode=c30b6e4f...,timecost=0
info|2022-11-10 15:01:08.432312|[g:1][CONSENSUS][PBFT]checkAndChangeView: Reach consensus,org_view=54115,cur_changeCycle=1,curView=54115,view=54116
info|2022-11-10 15:01:09.437121|[g:1][CONSENSUS][SEALER]++++++++++++++++ Generating seal on,blkNum=20,tx=0,nodeIdx=3,hash=dada33c6...
info|2022-11-10 15:01:09.465684|[g:1][CONSENSUS][PBFT]checkTimeout Succ,view=54116,toView=54117,nodeIdx=3,changeCycle=1,myNode=c30b6e4f...,timecost=0
info|2022-11-10 15:01:09.469842|[g:1][CONSENSUS][PBFT]checkAndChangeView: Reach consensus,org_view=54116,cur_changeCycle=1,curView=54116,view=54117
info|2022-11-10 15:01:10.471066|[g:1][CONSENSUS]addRawPrepare,height=20,reqIdx=0,hash=ee2c07a5...,time=0
info|2022-11-10 15:01:10.472678|[g:1][CONSENSUS][PBFT]checkTimeout Succ,view=54117,toView=54118,nodeIdx=3,changeCycle=1,myNode=c30b6e4f...,timecost=1
info|2022-11-10 15:01:10.474584|[g:1][CONSENSUS][PBFT]checkAndChangeView: Reach consensus,org_view=54117,cur_changeCycle=1,curView=54117,view=54118
info|2022-11-10 15:01:11.475895|[g:1][CONSENSUS]addRawPrepare,height=20,reqIdx=1,hash=8b779cb3...,time=0
info|2022-11-10 15:01:11.476189|[g:1][CONSENSUS][PBFT]checkTimeout Succ,view=54118,toView=54119,nodeIdx=3,changeCycle=1,myNode=c30b6e4f...,timecost=1
info|2022-11-10 15:01:11.477042|[g:1][CONSENSUS][PBFT]checkAndChangeView: Reach consensus,org_view=54118,cur_changeCycle=1,curView=54118,view=54119
info|2022-11-10 15:01:12.478351|[g:1][CONSENSUS]addRawPrepare,height=20,reqIdx=2,hash=037ebaaa...,time=0
info|2022-11-10 15:01:12.478886|[g:1][CONSENSUS][PBFT]checkTimeout Succ,view=54119,toView=54120,nodeIdx=3,changeCycle=1,myNode=c30b6e4f...,timecost=0
info|2022-11-10 15:01:12.480559|[g:1][CONSENSUS][PBFT]checkAndChangeView: Reach consensus,org_view=54119,cur_changeCycle=1,curView=54119,view=54120
info|2022-11-10 15:01:13.480770|[g:1][CONSENSUS][SEALER]++++++++++++++++ Generating seal on,blkNum=20,tx=0,nodeIdx=3,hash=31ec404c...
info|2022-11-10 15:01:13.481311|[g:1][CONSENSUS][PBFT]checkTimeout Succ,view=54120,toView=54121,nodeIdx=3,changeCycle=1,myNode=c30b6e4f...,timecost=0
info|2022-11-10 15:01:13.483073|[g:1][CONSENSUS][PBFT]checkAndChangeView: Reach consensus,org_view=54120,cur_changeCycle=1,curView=54120,view=54121
info|2022-11-10 15:01:14.519088|[g:1][CONSENSUS]addRawPrepare,height=20,reqIdx=0,hash=dcffdc4e...,time=0
info|2022-11-10 15:01:14.519515|[g:1][CONSENSUS][PBFT]checkTimeout Succ,view=54121,toView=54122,nodeIdx=3,changeCycle=1,myNode=c30b6e4f...,timecost=0
info|2022-11-10 15:01:14.523178|[g:1][CONSENSUS][PBFT]checkAndChangeView: Reach consensus,org_view=54121,cur_changeCycle=1,curView=54121,view=54122
info|2022-11-10 15:01:14.727677|[P2P][Service] heartBeat,connected count=3
info|2022-11-10 15:01:15.555020|[g:1][CONSENSUS]addRawPrepare,height=20,reqIdx=1,hash=02e99795...,time=0
info|2022-11-10 15:01:15.555317|[g:1][CONSENSUS][PBFT]checkTimeout Succ,view=54122,toView=54123,nodeIdx=3,changeCycle=1,myNode=c30b6e4f...,timecost=0
info|2022-11-10 15:01:15.556471|[g:1][CONSENSUS][PBFT]checkAndChangeView: Reach consensus,org_view=54122,cur_changeCycle=1,curView=54122,view=54123
info|2022-11-10 15:01:16.558564|[g:1][CONSENSUS]addRawPrepare,height=20,reqIdx=2,hash=31754c57...,time=0
info|2022-11-10 15:01:16.558854|[g:1][CONSENSUS][PBFT]checkTimeout Succ,view=54123,toView=54124,nodeIdx=3,changeCycle=1,myNode=c30b6e4f...,timecost=0
info|2022-11-10 15:01:16.559891|[g:1][CONSENSUS][PBFT]checkAndChangeView: Reach consensus,org_view=54123,cur_changeCycle=1,curView=54123,view=54124
info|2022-11-10 15:01:17.560457|[g:1][CONSENSUS][SEALER]++++++++++++++++ Generating seal on,blkNum=20,tx=0,nodeIdx=3,hash=c9411707...
info|2022-11-10 15:01:17.562475|[g:1][CONSENSUS][PBFT]checkTimeout Succ,view=54124,toView=54125,nodeIdx=3,changeCycle=1,myNode=c30b6e4f...,timecost=0
info|2022-11-10 15:01:17.562840|[g:1][CONSENSUS][PBFT]checkAndChangeView: Reach consensus,org_view=54124,cur_changeCycle=1,curView=54124,view=54125
info|2022-11-10 15:01:18.563914|[g:1][CONSENSUS]addRawPrepare,height=20,reqIdx=0,hash=eecc72bf...,time=0
info|2022-11-10 15:01:18.564191|[g:1][CONSENSUS][PBFT]checkTimeout Succ,view=54125,toView=54126,nodeIdx=3,changeCycle=1,myNode=c30b6e4f...,timecost=1
info|2022-11-10 15:01:18.564877|[g:1][CONSENSUS][PBFT]checkAndChangeView: Reach consensus,org_view=54125,cur_changeCycle=1,curView=54125,view=54126
info|2022-11-10 15:01:19.566160|[g:1][CONSENSUS]addRawPrepare,height=20,reqIdx=1,hash=ae6a50b7...,time=0
info|2022-11-10 15:01:19.566474|[g:1][CONSENSUS][PBFT]checkTimeout Succ,view=54126,toView=54127,nodeIdx=3,changeCycle=1,myNode=c30b6e4f...,timecost=0
info|2022-11-10 15:01:19.567357|[g:1][CONSENSUS][PBFT]checkAndChangeView: Reach consensus,org_view=54126,cur_changeCycle=1,curView=54126,view=54127
info|2022-11-10 15:01:20.569350|[g:1][CONSENSUS]addRawPrepare,height=20,reqIdx=2,hash=1fa78685...,time=0
info|2022-11-10 15:01:20.569848|[g:1][CONSENSUS][PBFT]checkTimeout Succ,view=54127,toView=54128,nodeIdx=3,changeCycle=1,myNode=c30b6e4f...,timecost=0
info|2022-11-10 15:01:20.571267|[g:1][CONSENSUS][PBFT]checkAndChangeView: Reach consensus,org_view=54127,cur_changeCycle=1,curView=54127,view=54128
info|2022-11-10 15:01:21.572443|[g:1][CONSENSUS][SEALER]++++++++++++++++ Generating seal on,blkNum=20,tx=0,nodeIdx=3,hash=2d61f5ca...
info|2022-11-10 15:01:21.577709|[g:1][CONSENSUS][PBFT]checkTimeout Succ,view=54128,toView=54129,nodeIdx=3,changeCycle=1,myNode=c30b6e4f...,timecost=0
info|2022-11-10 15:01:21.579414|[g:1][CONSENSUS][PBFT]checkAndChangeView: Reach consensus,org_view=54128,cur_changeCycle=1,curView=54128,view=54129
info|2022-11-10 15:01:22.581047|[g:1][CONSENSUS]addRawPrepare,height=20,reqIdx=0,hash=9e641275...,time=0
info|2022-11-10 15:01:22.581705|[g:1][CONSENSUS][PBFT]checkTimeout Succ,view=54129,toView=54130,nodeIdx=3,changeCycle=1,myNode=c30b6e4f...,timecost=0
info|2022-11-10 15:01:22.583781|[g:1][CONSENSUS][PBFT]checkAndChangeView: Reach consensus,org_view=54129,cur_changeCycle=1,curView=54129,view=54130
info|2022-11-10 15:01:23.585543|[g:1][CONSENSUS]addRawPrepare,height=20,reqIdx=1,hash=3c2ebd5a...,time=0
info|2022-11-10 15:01:23.585867|[g:1][CONSENSUS][PBFT]checkTimeout Succ,view=54130,toView=54131,nodeIdx=3,changeCycle=1,myNode=c30b6e4f...,timecost=0
info|2022-11-10 15:01:23.586587|[g:1][CONSENSUS][PBFT]checkAndChangeView: Reach consensus,org_view=54130,cur_changeCycle=1,curView=54130,view=54131
info|2022-11-10 15:01:24.589565|[g:1][CONSENSUS]addRawPrepare,height=20,reqIdx=2,hash=079a779f...,time=0
info|2022-11-10 15:01:24.589821|[g:1][CONSENSUS][PBFT]checkTimeout Succ,view=54131,toView=54132,nodeIdx=3,changeCycle=1,myNode=c30b6e4f...,timecost=0
info|2022-11-10 15:01:24.590632|[g:1][CONSENSUS][PBFT]checkAndChangeView: Reach consensus,org_view=54131,cur_changeCycle=1,curView=54131,view=54132
info|2022-11-10 15:01:24.728872|[P2P][Service] heartBeat,connected count=3
info|2022-11-10 15:01:25.590829|[g:1][CONSENSUS][SEALER]++++++++++++++++ Generating seal on,blkNum=20,tx=0,nodeIdx=3,hash=e5c20a5a...
info|2022-11-10 15:01:25.591612|[g:1][CONSENSUS][PBFT]checkTimeout Succ,view=54132,toView=54133,nodeIdx=3,changeCycle=1,myNode=c30b6e4f...,timecost=0
info|2022-11-10 15:01:25.593116|[g:1][CONSENSUS][PBFT]checkAndChangeView: Reach consensus,org_view=54132,cur_changeCycle=1,curView=54132,view=54133
info|2022-11-10 15:01:26.594973|[g:1][CONSENSUS]addRawPrepare,height=20,reqIdx=0,hash=b6ccdf1f...,time=0
info|2022-11-10 15:01:26.595417|[g:1][CONSENSUS][PBFT]checkTimeout Succ,view=54133,toView=54134,nodeIdx=3,changeCycle=1,myNode=c30b6e4f...,timecost=0
info|2022-11-10 15:01:26.596979|[g:1][CONSENSUS][PBFT]checkAndChangeView: Reach consensus,org_view=54133,cur_changeCycle=1,curView=54133,view=54134
info|2022-11-10 15:01:27.599312|[g:1][CONSENSUS]addRawPrepare,height=20,reqIdx=1,hash=1b0ea9b9...,time=0
info|2022-11-10 15:01:27.599588|[g:1][CONSENSUS][PBFT]checkTimeout Succ,view=54134,toView=54135,nodeIdx=3,changeCycle=1,myNode=c30b6e4f...,timecost=0
info|2022-11-10 15:01:27.600179|[g:1][CONSENSUS][PBFT]checkAndChangeView: Reach consensus,org_view=54134,cur_changeCycle=1,curView=54134,view=54135
info|2022-11-10 15:01:28.601267|[g:1][CONSENSUS]addRawPrepare,height=20,reqIdx=2,hash=2f4e560e...,time=0
info|2022-11-10 15:01:28.601541|[g:1][CONSENSUS][PBFT]checkTimeout Succ,view=54135,toView=54136,nodeIdx=3,changeCycle=1,myNode=c30b6e4f...,timecost=0
info|2022-11-10 15:01:28.602323|[g:1][CONSENSUS][PBFT]checkAndChangeView: Reach consensus,org_view=54135,cur_changeCycle=1,curView=54135,view=54136
info|2022-11-10 15:01:29.603350|[g:1][CONSENSUS][SEALER]++++++++++++++++ Generating seal on,blkNum=20,tx=0,nodeIdx=3,hash=5ffea39c...
info|2022-11-10 15:01:29.608770|[g:1][CONSENSUS][PBFT]checkTimeout Succ,view=54136,toView=54137,nodeIdx=3,changeCycle=1,myNode=c30b6e4f...,timecost=0
info|2022-11-10 15:01:29.610285|[g:1][CONSENSUS][PBFT]checkAndChangeView: Reach consensus,org_view=54136,cur_changeCycle=1,curView=54136,view=54137
info|2022-11-10 15:01:30.612790|[g:1][CONSENSUS]addRawPrepare,height=20,reqIdx=0,hash=1a007829...,time=0
info|2022-11-10 15:01:30.613459|[g:1][CONSENSUS][PBFT]checkTimeout Succ,view=54137,toView=54138,nodeIdx=3,changeCycle=1,myNode=c30b6e4f...,timecost=1
info|2022-11-10 15:01:30.616066|[g:1][CONSENSUS][PBFT]checkAndChangeView: Reach consensus,org_view=54137,cur_changeCycle=1,curView=54137,view=54138
info|2022-11-10 15:01:31.618978|[g:1][CONSENSUS]addRawPrepare,height=20,reqIdx=1,hash=20a4e59d...,time=1
info|2022-11-10 15:01:31.619906|[g:1][CONSENSUS][PBFT]checkTimeout Succ,view=54138,toView=54139,nodeIdx=3,changeCycle=1,myNode=c30b6e4f...,timecost=0
info|2022-11-10 15:01:31.621493|[g:1][CONSENSUS][PBFT]checkAndChangeView: Reach consensus,org_view=54138,cur_changeCycle=1,curView=54138,view=54139
info|2022-11-10 15:01:32.623007|[g:1][CONSENSUS]addRawPrepare,height=20,reqIdx=2,hash=77f5f53e...,time=0
info|2022-11-10 15:01:32.623292|[g:1][CONSENSUS][PBFT]checkTimeout Succ,view=54139,toView=54140,nodeIdx=3,changeCycle=1,myNode=c30b6e4f...,timecost=0
info|2022-11-10 15:01:32.624035|[g:1][CONSENSUS][PBFT]checkAndChangeView: Reach consensus,org_view=54139,cur_changeCycle=1,curView=54139,view=54140
info|2022-11-10 15:01:33.625060|[g:1][CONSENSUS][SEALER]++++++++++++++++ Generating seal on,blkNum=20,tx=0,nodeIdx=3,hash=7ff94f3d...
info|2022-11-10 15:01:33.631156|[g:1][CONSENSUS][PBFT]checkTimeout Succ,view=54140,toView=54141,nodeIdx=3,changeCycle=1,myNode=c30b6e4f...,timecost=1
info|2022-11-10 15:01:33.632036|[g:1][CONSENSUS][PBFT]checkAndChangeView: Reach consensus,org_view=54140,cur_changeCycle=1,curView=54140,view=54141
info|2022-11-10 15:01:34.635116|[g:1][CONSENSUS]addRawPrepare,height=20,reqIdx=0,hash=29b1e731...,time=0
info|2022-11-10 15:01:34.636148|[g:1][CONSENSUS][PBFT]checkTimeout Succ,view=54141,toView=54142,nodeIdx=3,changeCycle=1,myNode=c30b6e4f...,timecost=1
info|2022-11-10 15:01:34.638616|[g:1][CONSENSUS][PBFT]checkAndChangeView: Reach consensus,org_view=54141,cur_changeCycle=1,curView=54141,view=54142
info|2022-11-10 15:01:34.731154|[P2P][Service] heartBeat,connected count=3
info|2022-11-10 15:01:35.642285|[g:1][CONSENSUS]addRawPrepare,height=20,reqIdx=1,hash=033fef7b...,time=0
info|2022-11-10 15:01:35.643316|[g:1][CONSENSUS][PBFT]checkTimeout Succ,view=54142,toView=54143,nodeIdx=3,changeCycle=1,myNode=c30b6e4f...,timecost=1
info|2022-11-10 15:01:35.645667|[g:1][CONSENSUS][PBFT]checkAndChangeView: Reach consensus,org_view=54142,cur_changeCycle=1,curView=54142,view=54143
info|2022-11-10 15:01:36.648393|[g:1][CONSENSUS]addRawPrepare,height=20,reqIdx=2,hash=b113e978...,time=0
info|2022-11-10 15:01:36.649130|[g:1][CONSENSUS][PBFT]checkTimeout Succ,view=54143,toView=54144,nodeIdx=3,changeCycle=1,myNode=c30b6e4f...,timecost=1
info|2022-11-10 15:01:36.651307|[g:1][CONSENSUS][PBFT]checkAndChangeView: Reach consensus,org_view=54143,cur_changeCycle=1,curView=54143,view=54144
info|2022-11-10 15:01:37.652509|[g:1][CONSENSUS][SEALER]++++++++++++++++ Generating seal on,blkNum=20,tx=0,nodeIdx=3,hash=b8b09196...
info|2022-11-10 15:01:37.658823|[g:1][CONSENSUS][PBFT]checkTimeout Succ,view=54144,toView=54145,nodeIdx=3,changeCycle=1,myNode=c30b6e4f...,timecost=0
info|2022-11-10 15:01:37.659668|[g:1][CONSENSUS][PBFT]checkAndChangeView: Reach consensus,org_view=54144,cur_changeCycle=1,curView=54144,view=54145
info|2022-11-10 15:01:38.660932|[g:1][CONSENSUS]addRawPrepare,height=20,reqIdx=0,hash=a71ae7a6...,time=0
info|2022-11-10 15:01:38.661583|[g:1][CONSENSUS][PBFT]checkTimeout Succ,view=54145,toView=54146,nodeIdx=3,changeCycle=1,myNode=c30b6e4f...,timecost=0
info|2022-11-10 15:01:38.663691|[g:1][CONSENSUS][PBFT]checkAndChangeView: Reach consensus,org_view=54145,cur_changeCycle=1,curView=54145,view=54146
info|2022-11-10 15:01:39.666516|[g:1][CONSENSUS]addRawPrepare,height=20,reqIdx=1,hash=46d005c7...,time=0
info|2022-11-10 15:01:39.667524|[g:1][CONSENSUS][PBFT]checkTimeout Succ,view=54146,toView=54147,nodeIdx=3,changeCycle=1,myNode=c30b6e4f...,timecost=1
info|2022-11-10 15:01:39.669850|[g:1][CONSENSUS][PBFT]checkAndChangeView: Reach consensus,org_view=54146,cur_changeCycle=1,curView=54146,view=54147
info|2022-11-10 15:01:40.674362|[g:1][CONSENSUS]addRawPrepare,height=20,reqIdx=2,hash=0c00febd...,time=0
info|2022-11-10 15:01:40.675360|[g:1][CONSENSUS][PBFT]checkTimeout Succ,view=54147,toView=54148,nodeIdx=3,changeCycle=1,myNode=c30b6e4f...,timecost=1
info|2022-11-10 15:01:40.677806|[g:1][CONSENSUS][PBFT]checkAndChangeView: Reach consensus,org_view=54147,cur_changeCycle=1,curView=54147,view=54148
info|2022-11-10 15:01:41.678682|[g:1][CONSENSUS][SEALER]++++++++++++++++ Generating seal on,blkNum=20,tx=0,nodeIdx=3,hash=0d187f43...
info|2022-11-10 15:01:41.680467|[g:1][CONSENSUS][PBFT]checkTimeout Succ,view=54148,toView=54149,nodeIdx=3,changeCycle=1,myNode=c30b6e4f...,timecost=1
info|2022-11-10 15:01:41.684995|[g:1][CONSENSUS][PBFT]checkAndChangeView: Reach consensus,org_view=54148,cur_changeCycle=1,curView=54148,view=54149
info|2022-11-10 15:01:42.685183|[g:1][CONSENSUS]addRawPrepare,height=20,reqIdx=0,hash=eb51d8d3...,time=0
info|2022-11-10 15:01:42.685471|[g:1][CONSENSUS][PBFT]checkTimeout Succ,view=54149,toView=54150,nodeIdx=3,changeCycle=1,myNode=c30b6e4f...,timecost=0
info|2022-11-10 15:01:42.686516|[g:1][CONSENSUS][PBFT]checkAndChangeView: Reach consensus,org_view=54149,cur_changeCycle=1,curView=54149,view=54150
info|2022-11-10 15:01:43.690180|[g:1][CONSENSUS]addRawPrepare,height=20,reqIdx=1,hash=0bbebc01...,time=0
info|2022-11-10 15:01:43.691102|[g:1][CONSENSUS][PBFT]checkTimeout Succ,view=54150,toView=54151,nodeIdx=3,changeCycle=1,myNode=c30b6e4f...,timecost=1
info|2022-11-10 15:01:43.692655|[g:1][CONSENSUS][PBFT]checkAndChangeView: Reach consensus,org_view=54150,cur_changeCycle=1,curView=54150,view=54151
info|2022-11-10 15:01:44.694707|[g:1][CONSENSUS]addRawPrepare,height=20,reqIdx=2,hash=5b73e808...,time=0
info|2022-11-10 15:01:44.695144|[g:1][CONSENSUS][PBFT]checkTimeout Succ,view=54151,toView=54152,nodeIdx=3,changeCycle=1,myNode=c30b6e4f...,timecost=1
info|2022-11-10 15:01:44.695847|[g:1][CONSENSUS][PBFT]checkAndChangeView: Reach consensus,org_view=54151,cur_changeCycle=1,curView=54151,view=54152
info|2022-11-10 15:01:44.732078|[P2P][Service] heartBeat,connected count=3
info|2022-11-10 15:01:45.697533|[g:1][CONSENSUS][SEALER]++++++++++++++++ Generating seal on,blkNum=20,tx=0,nodeIdx=3,hash=1f2e6b2b...
info|2022-11-10 15:01:45.702946|[g:1][CONSENSUS][PBFT]checkTimeout Succ,view=54152,toView=54153,nodeIdx=3,changeCycle=1,myNode=c30b6e4f...,timecost=0
info|2022-11-10 15:01:45.704834|[g:1][CONSENSUS][PBFT]checkAndChangeView: Reach consensus,org_view=54152,cur_changeCycle=1,curView=54152,view=54153
info|2022-11-10 15:01:46.707410|[g:1][CONSENSUS]addRawPrepare,height=20,reqIdx=0,hash=2c36b2d7...,time=0
info|2022-11-10 15:01:46.708111|[g:1][CONSENSUS][PBFT]checkTimeout Succ,view=54153,toView=54154,nodeIdx=3,changeCycle=1,myNode=c30b6e4f...,timecost=1
info|2022-11-10 15:01:46.709675|[g:1][CONSENSUS][PBFT]checkAndChangeView: Reach consensus,org_view=54153,cur_changeCycle=1,curView=54153,view=54154
info|2022-11-10 15:01:47.711728|[g:1][CONSENSUS]addRawPrepare,height=20,reqIdx=1,hash=d6d76f5a...,time=0
info|2022-11-10 15:01:47.712697|[g:1][CONSENSUS][PBFT]checkTimeout Succ,view=54154,toView=54155,nodeIdx=3,changeCycle=1,myNode=c30b6e4f...,timecost=1
info|2022-11-10 15:01:47.715549|[g:1][CONSENSUS][PBFT]checkAndChangeView: Reach consensus,org_view=54154,cur_changeCycle=1,curView=54154,view=54155
info|2022-11-10 15:01:48.718453|[g:1][CONSENSUS]addRawPrepare,height=20,reqIdx=2,hash=378a978c...,time=0
info|2022-11-10 15:01:48.719152|[g:1][CONSENSUS][PBFT]checkTimeout Succ,view=54155,toView=54156,nodeIdx=3,changeCycle=1,myNode=c30b6e4f...,timecost=1
info|2022-11-10 15:01:48.721893|[g:1][CONSENSUS][PBFT]checkAndChangeView: Reach consensus,org_view=54155,cur_changeCycle=1,curView=54155,view=54156
info|2022-11-10 15:01:49.722042|[g:1][CONSENSUS][SEALER]++++++++++++++++ Generating seal on,blkNum=20,tx=0,nodeIdx=3,hash=f147497c...
info|2022-11-10 15:01:49.723711|[g:1][CONSENSUS][PBFT]checkTimeout Succ,view=54156,toView=54157,nodeIdx=3,changeCycle=1,myNode=c30b6e4f...,timecost=0
info|2022-11-10 15:01:49.727487|[g:1][CONSENSUS][PBFT]checkAndChangeView: Reach consensus,org_view=54156,cur_changeCycle=1,curView=54156,view=54157
info|2022-11-10 15:01:50.730690|[g:1][CONSENSUS]addRawPrepare,height=20,reqIdx=0,hash=d6fab21c...,time=0
info|2022-11-10 15:01:50.731720|[g:1][CONSENSUS][PBFT]checkTimeout Succ,view=54157,toView=54158,nodeIdx=3,changeCycle=1,myNode=c30b6e4f...,timecost=1
info|2022-11-10 15:01:50.734348|[g:1][CONSENSUS][PBFT]checkAndChangeView: Reach consensus,org_view=54157,cur_changeCycle=1,curView=54157,view=54158
info|2022-11-10 15:01:51.736993|[g:1][CONSENSUS]addRawPrepare,height=20,reqIdx=1,hash=24aed9be...,time=1
info|2022-11-10 15:01:51.737662|[g:1][CONSENSUS][PBFT]checkTimeout Succ,view=54158,toView=54159,nodeIdx=3,changeCycle=1,myNode=c30b6e4f...,timecost=0
info|2022-11-10 15:01:51.739803|[g:1][CONSENSUS][PBFT]checkAndChangeView: Reach consensus,org_view=54158,cur_changeCycle=1,curView=54158,view=54159
info|2022-11-10 15:01:52.741208|[g:1][CONSENSUS]addRawPrepare,height=20,reqIdx=2,hash=7eb1f3d6...,time=0
info|2022-11-10 15:01:52.741628|[g:1][CONSENSUS][PBFT]checkTimeout Succ,view=54159,toView=54160,nodeIdx=3,changeCycle=1,myNode=c30b6e4f...,timecost=0
info|2022-11-10 15:01:52.743232|[g:1][CONSENSUS][PBFT]checkAndChangeView: Reach consensus,org_view=54159,cur_changeCycle=1,curView=54159,view=54160
info|2022-11-10 15:01:53.744654|[g:1][CONSENSUS][SEALER]++++++++++++++++ Generating seal on,blkNum=20,tx=0,nodeIdx=3,hash=c72a9611...
info|2022-11-10 15:01:53.750670|[g:1][CONSENSUS][PBFT]checkTimeout Succ,view=54160,toView=54161,nodeIdx=3,changeCycle=1,myNode=c30b6e4f...,timecost=0
info|2022-11-10 15:01:53.751509|[g:1][CONSENSUS][PBFT]checkAndChangeView: Reach consensus,org_view=54160,cur_changeCycle=1,curView=54160,view=54161
info|2022-11-10 15:01:54.732758|[P2P][Service] heartBeat,connected count=3
info|2022-11-10 15:01:54.754899|[g:1][CONSENSUS]addRawPrepare,height=20,reqIdx=0,hash=ddebf0b3...,time=0
info|2022-11-10 15:01:54.755887|[g:1][CONSENSUS][PBFT]checkTimeout Succ,view=54161,toView=54162,nodeIdx=3,changeCycle=1,myNode=c30b6e4f...,timecost=0
info|2022-11-10 15:01:54.758186|[g:1][CONSENSUS][PBFT]checkAndChangeView: Reach consensus,org_view=54161,cur_changeCycle=1,curView=54161,view=54162
info|2022-11-10 15:01:55.762735|[g:1][CONSENSUS]addRawPrepare,height=20,reqIdx=1,hash=032385c6...,time=0
info|2022-11-10 15:01:55.763828|[g:1][CONSENSUS][PBFT]checkTimeout Succ,view=54162,toView=54163,nodeIdx=3,changeCycle=1,myNode=c30b6e4f...,timecost=1
info|2022-11-10 15:01:55.765876|[g:1][CONSENSUS][PBFT]checkAndChangeView: Reach consensus,org_view=54162,cur_changeCycle=1,curView=54162,view=54163
info|2022-11-10 15:01:56.770922|[g:1][CONSENSUS]addRawPrepare,height=20,reqIdx=2,hash=850cb353...,time=0
info|2022-11-10 15:01:56.771292|[g:1][CONSENSUS][PBFT]checkTimeout Succ,view=54163,toView=54164,nodeIdx=3,changeCycle=1,myNode=c30b6e4f...,timecost=1
info|2022-11-10 15:01:56.772651|[g:1][CONSENSUS][PBFT]checkAndChangeView: Reach consensus,org_view=54163,cur_changeCycle=1,curView=54163,view=54164
info|2022-11-10 15:01:57.772887|[g:1][CONSENSUS][SEALER]++++++++++++++++ Generating seal on,blkNum=20,tx=0,nodeIdx=3,hash=b6de404e...
info|2022-11-10 15:01:57.773598|[g:1][CONSENSUS][PBFT]checkTimeout Succ,view=54164,toView=54165,nodeIdx=3,changeCycle=1,myNode=c30b6e4f...,timecost=0
info|2022-11-10 15:01:57.775411|[g:1][CONSENSUS][PBFT]checkAndChangeView: Reach consensus,org_view=54164,cur_changeCycle=1,curView=54164,view=54165
info|2022-11-10 15:01:58.778294|[g:1][CONSENSUS]addRawPrepare,height=20,reqIdx=0,hash=898a4170...,time=0
info|2022-11-10 15:01:58.778891|[g:1][CONSENSUS][PBFT]checkTimeout Succ,view=54165,toView=54166,nodeIdx=3,changeCycle=1,myNode=c30b6e4f...,timecost=0
info|2022-11-10 15:01:58.780388|[g:1][CONSENSUS][PBFT]checkAndChangeView: Reach consensus,org_view=54165,cur_changeCycle=1,curView=54165,view=54166
info|2022-11-10 15:01:59.784764|[g:1][CONSENSUS]addRawPrepare,height=20,reqIdx=1,hash=5c0a4f98...,time=0
info|2022-11-10 15:01:59.785409|[g:1][CONSENSUS][PBFT]checkTimeout Succ,view=54166,toView=54167,nodeIdx=3,changeCycle=1,myNode=c30b6e4f...,timecost=1
info|2022-11-10 15:01:59.786975|[g:1][CONSENSUS][PBFT]checkAndChangeView: Reach consensus,org_view=54166,cur_changeCycle=1,curView=54166,view=54167
info|2022-11-10 15:02:00.791109|[g:1][CONSENSUS]addRawPrepare,height=20,reqIdx=2,hash=a9dd9b61...,time=0
info|2022-11-10 15:02:00.792402|[g:1][CONSENSUS][PBFT]checkTimeout Succ,view=54167,toView=54168,nodeIdx=3,changeCycle=1,myNode=c30b6e4f...,timecost=1
info|2022-11-10 15:02:00.795178|[g:1][CONSENSUS][PBFT]checkAndChangeView: Reach consensus,org_view=54167,cur_changeCycle=1,curView=54167,view=54168
info|2022-11-10 15:02:01.796089|[g:1][CONSENSUS][SEALER]++++++++++++++++ Generating seal on,blkNum=20,tx=0,nodeIdx=3,hash=15645387...
info|2022-11-10 15:02:01.800789|[g:1][CONSENSUS][PBFT]checkTimeout Succ,view=54168,toView=54169,nodeIdx=3,changeCycle=1,myNode=c30b6e4f...,timecost=0
info|2022-11-10 15:02:01.801616|[g:1][CONSENSUS][PBFT]checkAndChangeView: Reach consensus,org_view=54168,cur_changeCycle=1,curView=54168,view=54169
info|2022-11-10 15:02:02.804712|[g:1][CONSENSUS]addRawPrepare,height=20,reqIdx=0,hash=9628424b...,time=0
info|2022-11-10 15:02:02.805904|[g:1][CONSENSUS][PBFT]checkTimeout Succ,view=54169,toView=54170,nodeIdx=3,changeCycle=1,myNode=c30b6e4f...,timecost=1
info|2022-11-10 15:02:02.807544|[g:1][CONSENSUS][PBFT]checkAndChangeView: Reach consensus,org_view=54169,cur_changeCycle=1,curView=54169,view=54170
info|2022-11-10 15:02:03.810940|[g:1][CONSENSUS]addRawPrepare,height=20,reqIdx=1,hash=b2f21fc6...,time=0
info|2022-11-10 15:02:03.811601|[g:1][CONSENSUS][PBFT]checkTimeout Succ,view=54170,toView=54171,nodeIdx=3,changeCycle=1,myNode=c30b6e4f...,timecost=0
info|2022-11-10 15:02:03.813494|[g:1][CONSENSUS][PBFT]checkAndChangeView: Reach consensus,org_view=54170,cur_changeCycle=1,curView=54170,view=54171
info|2022-11-10 15:02:04.734981|[P2P][Service] heartBeat,connected count=3
info|2022-11-10 15:02:04.817142|[g:1][CONSENSUS]addRawPrepare,height=20,reqIdx=2,hash=85b3e679...,time=0
info|2022-11-10 15:02:04.818104|[g:1][CONSENSUS][PBFT]checkTimeout Succ,view=54171,toView=54172,nodeIdx=3,changeCycle=1,myNode=c30b6e4f...,timecost=1
info|2022-11-10 15:02:04.819959|[g:1][CONSENSUS][PBFT]checkAndChangeView: Reach consensus,org_view=54171,cur_changeCycle=1,curView=54171,view=54172
info|2022-11-10 15:02:05.820360|[g:1][CONSENSUS][SEALER]++++++++++++++++ Generating seal on,blkNum=20,tx=0,nodeIdx=3,hash=e288f5a1...
info|2022-11-10 15:02:05.822168|[g:1][CONSENSUS][PBFT]checkTimeout Succ,view=54172,toView=54173,nodeIdx=3,changeCycle=1,myNode=c30b6e4f...,timecost=1
info|2022-11-10 15:02:05.826506|[g:1][CONSENSUS][PBFT]checkAndChangeView: Reach consensus,org_view=54172,cur_changeCycle=1,curView=54172,view=54173
info|2022-11-10 15:02:06.827705|[g:1][CONSENSUS]addRawPrepare,height=20,reqIdx=0,hash=5c9584ec...,time=0
info|2022-11-10 15:02:06.828382|[g:1][CONSENSUS][PBFT]checkTimeout Succ,view=54173,toView=54174,nodeIdx=3,changeCycle=1,myNode=c30b6e4f...,timecost=1
info|2022-11-10 15:02:06.830220|[g:1][CONSENSUS][PBFT]checkAndChangeView: Reach consensus,org_view=54173,cur_changeCycle=1,curView=54173,view=54174
info|2022-11-10 15:02:07.832462|[g:1][CONSENSUS]addRawPrepare,height=20,reqIdx=1,hash=bdc6ce88...,time=0
info|2022-11-10 15:02:07.833283|[g:1][CONSENSUS][PBFT]checkTimeout Succ,view=54174,toView=54175,nodeIdx=3,changeCycle=1,myNode=c30b6e4f...,timecost=1
info|2022-11-10 15:02:07.835706|[g:1][CONSENSUS][PBFT]checkAndChangeView: Reach consensus,org_view=54174,cur_changeCycle=1,curView=54174,view=54175
info|2022-11-10 15:02:08.839741|[g:1][CONSENSUS]addRawPrepare,height=20,reqIdx=2,hash=ad28b382...,time=0
info|2022-11-10 15:02:08.840637|[g:1][CONSENSUS][PBFT]checkTimeout Succ,view=54175,toView=54176,nodeIdx=3,changeCycle=1,myNode=c30b6e4f...,timecost=1
info|2022-11-10 15:02:08.842749|[g:1][CONSENSUS][PBFT]checkAndChangeView: Reach consensus,org_view=54175,cur_changeCycle=1,curView=54175,view=54176
info|2022-11-10 15:02:09.843296|[g:1][CONSENSUS][SEALER]++++++++++++++++ Generating seal on,blkNum=20,tx=0,nodeIdx=3,hash=815d32d2...
info|2022-11-10 15:02:09.848412|[g:1][CONSENSUS][PBFT]checkTimeout Succ,view=54176,toView=54177,nodeIdx=3,changeCycle=1,myNode=c30b6e4f...,timecost=1
info|2022-11-10 15:02:09.849716|[g:1][CONSENSUS][PBFT]checkAndChangeView: Reach consensus,org_view=54176,cur_changeCycle=1,curView=54176,view=54177
info|2022-11-10 15:02:10.852392|[g:1][CONSENSUS]addRawPrepare,height=20,reqIdx=0,hash=ae4b8697...,time=0
info|2022-11-10 15:02:10.853420|[g:1][CONSENSUS][PBFT]checkTimeout Succ,view=54177,toView=54178,nodeIdx=3,changeCycle=1,myNode=c30b6e4f...,timecost=1
info|2022-11-10 15:02:10.856284|[g:1][CONSENSUS][PBFT]checkAndChangeView: Reach consensus,org_view=54177,cur_changeCycle=1,curView=54177,view=54178
info|2022-11-10 15:02:11.859287|[g:1][CONSENSUS]addRawPrepare,height=20,reqIdx=1,hash=674bd3cb...,time=0
info|2022-11-10 15:02:11.860384|[g:1][CONSENSUS][PBFT]checkTimeout Succ,view=54178,toView=54179,nodeIdx=3,changeCycle=1,myNode=c30b6e4f...,timecost=1
info|2022-11-10 15:02:11.862551|[g:1][CONSENSUS][PBFT]checkAndChangeView: Reach consensus,org_view=54178,cur_changeCycle=1,curView=54178,view=54179
info|2022-11-10 15:02:12.866495|[g:1][CONSENSUS]addRawPrepare,height=20,reqIdx=2,hash=d613c6ec...,time=0
info|2022-11-10 15:02:12.867360|[g:1][CONSENSUS][PBFT]checkTimeout Succ,view=54179,toView=54180,nodeIdx=3,changeCycle=1,myNode=c30b6e4f...,timecost=1
info|2022-11-10 15:02:12.871943|[g:1][CONSENSUS][PBFT]checkAndChangeView: Reach consensus,org_view=54179,cur_changeCycle=1,curView=54179,view=54180
warning|2022-11-10 15:03:00.479561|[g:1][CONSENSUS][PBFT]ViewChangeWarning: not caused by omit empty block ,v=54180,toV=54181,curNum=19,hash=bcafa72f...,nodeIdx=3,myNode=c30b6e4f...
info|2022-11-10 15:03:00.479815|[g:1][CONSENSUS][PBFT]checkTimeout Succ,view=54180,toView=54181,nodeIdx=3,changeCycle=2,myNode=c30b6e4f...,timecost=0
info|2022-11-10 15:03:00.482385|[P2P][Service] heartBeat,connected count=3
info|2022-11-10 15:03:00.499234|[g:1][CONSENSUS][PBFT]checkAndChangeView: Reach consensus,org_view=54180,cur_changeCycle=2,curView=54180,view=54181
info|2022-11-10 15:03:01.496939|[g:1][CONSENSUS]addRawPrepare,height=20,reqIdx=0,hash=d96b98dd...,time=0
info|2022-11-10 15:03:01.497384|[g:1][CONSENSUS][PBFT]checkTimeout Succ,view=54181,toView=54182,nodeIdx=3,changeCycle=1,myNode=c30b6e4f...,timecost=1
info|2022-11-10 15:03:01.498472|[g:1][CONSENSUS][PBFT]checkAndChangeView: Reach consensus,org_view=54181,cur_changeCycle=1,curView=54181,view=54182
info|2022-11-10 15:03:02.501188|[g:1][CONSENSUS]addRawPrepare,height=20,reqIdx=1,hash=dabde8a0...,time=0
info|2022-11-10 15:03:02.501693|[g:1][CONSENSUS][PBFT]checkTimeout Succ,view=54182,toView=54183,nodeIdx=3,changeCycle=1,myNode=c30b6e4f...,timecost=0
info|2022-11-10 15:03:02.503296|[g:1][CONSENSUS][PBFT]checkAndChangeView: Reach consensus,org_view=54182,cur_changeCycle=1,curView=54182,view=54183
info|2022-11-10 15:03:03.505415|[g:1][CONSENSUS]addRawPrepare,height=20,reqIdx=2,hash=f07f4dfe...,time=0
info|2022-11-10 15:03:03.505991|[g:1][CONSENSUS][PBFT]checkTimeout Succ,view=54183,toView=54184,nodeIdx=3,changeCycle=1,myNode=c30b6e4f...,timecost=1
info|2022-11-10 15:03:03.507521|[g:1][CONSENSUS][PBFT]checkAndChangeView: Reach consensus,org_view=54183,cur_changeCycle=1,curView=54183,view=54184
info|2022-11-10 15:03:04.507761|[g:1][CONSENSUS][SEALER]++++++++++++++++ Generating seal on,blkNum=20,tx=0,nodeIdx=3,hash=88b530db...
info|2022-11-10 15:03:04.511326|[g:1][CONSENSUS][PBFT]checkTimeout Succ,view=54184,toView=54185,nodeIdx=3,changeCycle=1,myNode=c30b6e4f...,timecost=1
info|2022-11-10 15:03:04.512094|[g:1][CONSENSUS][PBFT]checkAndChangeView: Reach consensus,org_view=54184,cur_changeCycle=1,curView=54184,view=54185
info|2022-11-10 15:03:05.513924|[g:1][CONSENSUS]addRawPrepare,height=20,reqIdx=0,hash=a83422ab...,time=0
info|2022-11-10 15:03:05.514633|[g:1][CONSENSUS][PBFT]checkTimeout Succ,view=54185,toView=54186,nodeIdx=3,changeCycle=1,myNode=c30b6e4f...,timecost=0
info|2022-11-10 15:03:05.517400|[g:1][CONSENSUS][PBFT]checkAndChangeView: Reach consensus,org_view=54185,cur_changeCycle=1,curView=54185,view=54186
info|2022-11-10 15:03:06.520378|[g:1][CONSENSUS]addRawPrepare,height=20,reqIdx=1,hash=92bf57c8...,time=0
info|2022-11-10 15:03:06.521228|[g:1][CONSENSUS][PBFT]checkTimeout Succ,view=54186,toView=54187,nodeIdx=3,changeCycle=1,myNode=c30b6e4f...,timecost=1
info|2022-11-10 15:03:06.523596|[g:1][CONSENSUS][PBFT]checkAndChangeView: Reach consensus,org_view=54186,cur_changeCycle=1,curView=54186,view=54187
info|2022-11-10 15:03:07.527297|[g:1][CONSENSUS]addRawPrepare,height=20,reqIdx=2,hash=4a55a42b...,time=0
info|2022-11-10 15:03:07.528269|[g:1][CONSENSUS][PBFT]checkTimeout Succ,view=54187,toView=54188,nodeIdx=3,changeCycle=1,myNode=c30b6e4f...,timecost=1
info|2022-11-10 15:03:07.530422|[g:1][CONSENSUS][PBFT]checkAndChangeView: Reach consensus,org_view=54187,cur_changeCycle=1,curView=54187,view=54188
info|2022-11-10 15:03:08.530164|[g:1][CONSENSUS][SEALER]++++++++++++++++ Generating seal on,blkNum=20,tx=0,nodeIdx=3,hash=3f3451d1...
info|2022-11-10 15:03:08.530751|[g:1][CONSENSUS][PBFT]checkTimeout Succ,view=54188,toView=54189,nodeIdx=3,changeCycle=1,myNode=c30b6e4f...,timecost=0
info|2022-11-10 15:03:08.532734|[g:1][CONSENSUS][PBFT]checkAndChangeView: Reach consensus,org_view=54188,cur_changeCycle=1,curView=54188,view=54189
info|2022-11-10 15:03:09.536212|[g:1][CONSENSUS]addRawPrepare,height=20,reqIdx=0,hash=0719da13...,time=0
info|2022-11-10 15:03:09.537199|[g:1][CONSENSUS][PBFT]checkTimeout Succ,view=54189,toView=54190,nodeIdx=3,changeCycle=1,myNode=c30b6e4f...,timecost=1
info|2022-11-10 15:03:09.539466|[g:1][CONSENSUS][PBFT]checkAndChangeView: Reach consensus,org_view=54189,cur_changeCycle=1,curView=54189,view=54190
info|2022-11-10 15:03:10.484021|[P2P][Service] heartBeat,connected count=3
info|2022-11-10 15:03:10.542144|[g:1][CONSENSUS]addRawPrepare,height=20,reqIdx=1,hash=737993f1...,time=0
info|2022-11-10 15:03:10.542839|[g:1][CONSENSUS][PBFT]checkTimeout Succ,view=54190,toView=54191,nodeIdx=3,changeCycle=1,myNode=c30b6e4f...,timecost=0
info|2022-11-10 15:03:10.545168|[g:1][CONSENSUS][PBFT]checkAndChangeView: Reach consensus,org_view=54190,cur_changeCycle=1,curView=54190,view=54191
info|2022-11-10 15:03:11.561349|[g:1][CONSENSUS]addRawPrepare,height=20,reqIdx=2,hash=566b26d5...,time=0
info|2022-11-10 15:03:11.568627|[g:1][CONSENSUS][PBFT]checkTimeout Succ,view=54191,toView=54192,nodeIdx=3,changeCycle=1,myNode=c30b6e4f...,timecost=6
info|2022-11-10 15:03:11.584619|[g:1][CONSENSUS][PBFT]checkAndChangeView: Reach consensus,org_view=54191,cur_changeCycle=1,curView=54191,view=54192
info|2022-11-10 15:03:12.586651|[g:1][CONSENSUS][SEALER]++++++++++++++++ Generating seal on,blkNum=20,tx=0,nodeIdx=3,hash=efb42b01...
info|2022-11-10 15:03:12.598458|[g:1][CONSENSUS][PBFT]checkTimeout Succ,view=54192,toView=54193,nodeIdx=3,changeCycle=1,myNode=c30b6e4f...,timecost=6
info|2022-11-10 15:03:12.649675|[g:1][CONSENSUS][PBFT]checkAndChangeView: Reach consensus,org_view=54192,cur_changeCycle=1,curView=54192,view=54193
info|2022-11-10 15:03:13.656653|[g:1][CONSENSUS]addRawPrepare,height=20,reqIdx=0,hash=04c48655...,time=0
info|2022-11-10 15:03:13.662614|[g:1][CONSENSUS][PBFT]checkTimeout Succ,view=54193,toView=54194,nodeIdx=3,changeCycle=1,myNode=c30b6e4f...,timecost=5
info|2022-11-10 15:03:13.682357|[g:1][CONSENSUS][PBFT]checkAndChangeView: Reach consensus,org_view=54193,cur_changeCycle=1,curView=54193,view=54194
info|2022-11-10 15:03:14.695229|[g:1][CONSENSUS]addRawPrepare,height=20,reqIdx=1,hash=94811bf3...,time=0
info|2022-11-10 15:03:14.702496|[g:1][CONSENSUS][PBFT]checkTimeout Succ,view=54194,toView=54195,nodeIdx=3,changeCycle=1,myNode=c30b6e4f...,timecost=6
info|2022-11-10 15:03:14.724666|[g:1][CONSENSUS][PBFT]checkAndChangeView: Reach consensus,org_view=54194,cur_changeCycle=1,curView=54194,view=54195
info|2022-11-10 15:03:15.756271|[g:1][CONSENSUS]addRawPrepare,height=20,reqIdx=2,hash=c4ed80d2...,time=0
info|2022-11-10 15:03:15.767860|[g:1][CONSENSUS][PBFT]checkTimeout Succ,view=54195,toView=54196,nodeIdx=3,changeCycle=1,myNode=c30b6e4f...,timecost=10
info|2022-11-10 15:03:15.790856|[g:1][CONSENSUS][PBFT]checkAndChangeView: Reach consensus,org_view=54195,cur_changeCycle=1,curView=54195,view=54196
info|2022-11-10 15:03:16.792426|[g:1][CONSENSUS][SEALER]++++++++++++++++ Generating seal on,blkNum=20,tx=0,nodeIdx=3,hash=0c24b76d...
info|2022-11-10 15:03:16.808803|[g:1][CONSENSUS][PBFT]checkTimeout Succ,view=54196,toView=54197,nodeIdx=3,changeCycle=1,myNode=c30b6e4f...,timecost=4
info|2022-11-10 15:03:16.825637|[g:1][CONSENSUS][PBFT]checkAndChangeView: Reach consensus,org_view=54196,cur_changeCycle=1,curView=54196,view=54197
