info|2022-11-11 14:09:43.688498|[P2P][Service] heartBeat,connected count=3
error|2022-11-11 14:09:43.688588|[NETWORK][Session]Idle connection, disconnect ,endpoint=127.0.0.1:60480
info|2022-11-11 14:09:43.688600|[NETWORK][Session]drop, call and erase all callbackFunc in this session!,endpoint=127.0.0.1:60480
warning|2022-11-11 14:09:43.688619|[NETWORK][Session][drop] closing remote 127.0.0.1:60480,reason=(Idle connection for no network io happens during 5s time intervals.),endpoint=127.0.0.1:60480
error|2022-11-11 14:09:43.688696|[NETWORK][Session]Idle connection, disconnect ,endpoint=127.0.0.1:60476
info|2022-11-11 14:09:43.688706|[NETWORK][Session]drop, call and erase all callbackFunc in this session!,endpoint=127.0.0.1:60476
warning|2022-11-11 14:09:43.688716|[g:1][NETWORK][Session]Session inactived
warning|2022-11-11 14:09:43.693845|[NETWORK][Session][drop] closing remote 127.0.0.1:60476,reason=(Idle connection for no network io happens during 5s time intervals.),endpoint=127.0.0.1:60476
warning|2022-11-11 14:09:43.696295|[g:1][CONSENSUS][PBFT]ViewChangeWarning: not caused by omit empty block ,v=68014,toV=68015,curNum=19,hash=bcafa72f...,nodeIdx=0,myNode=54e27343...
warning|2022-11-11 14:09:43.699291|[P2P][Service] disconnect error P2PSession,nodeID=74ec5d39...,endpoint=127.0.0.1:60480,errorCode=3,what=Disconnect
warning|2022-11-11 14:09:43.707088|[P2P][Service] disconnect error P2PSession,nodeID=c30b6e4f...,endpoint=127.0.0.1:60476,errorCode=3,what=Disconnect
error|2022-11-11 14:09:43.709581|[NETWORK][Session]Idle connection, disconnect ,endpoint=127.0.0.1:60477
warning|2022-11-11 14:09:43.710425|[g:1][NETWORK][Session]Session inactived
info|2022-11-11 14:09:43.711717|[NETWORK][Session]drop, call and erase all callbackFunc in this session!,endpoint=127.0.0.1:60477
warning|2022-11-11 14:09:43.712921|[g:1][NETWORK][Session]Session inactived
warning|2022-11-11 14:09:43.713381|[NETWORK][Session][drop] closing remote 127.0.0.1:60477,reason=(Idle connection for no network io happens during 5s time intervals.),endpoint=127.0.0.1:60477
warning|2022-11-11 14:09:43.714871|[g:1][P2P][Service] Node inactived,nodeID=c30b6e4f...
error|2022-11-11 14:09:43.715319|[NETWORK][Session]Session inactived
warning|2022-11-11 14:09:43.716152|[P2P][Service] onDisconnect,errorCode=3,what=Dynamic exception type: dev::network::NetworkException
std::exception::what: Disconnect

error|2022-11-11 14:09:43.716285|[NETWORK][Session]Session inactived
warning|2022-11-11 14:09:43.716344|[P2P][Service] disconnect error P2PSession,nodeID=8170ed0b...,endpoint=127.0.0.1:60477,errorCode=3,what=Disconnect
error|2022-11-11 14:09:43.716846|[NETWORK][Session]Session inactived
warning|2022-11-11 14:09:43.716959|[g:1][CONSENSUS][PBFT]Find disconnectedNode,disconnectedNodeSize=2,sessionSize=1,minValidNodes=3,connectedNodeList=127.0.0.1:60477, ,disconnectedNode=74ec5d39..., c30b6e4f..., ,idx=0
warning|2022-11-11 14:09:43.717031|[P2P][Service] onDisconnect,errorCode=3,what=Dynamic exception type: dev::network::NetworkException
std::exception::what: Disconnect

warning|2022-11-11 14:09:43.717044|[NETWORK][Session]doRead error,endpoint=127.0.0.1:60480,message=Operation canceled
warning|2022-11-11 14:09:43.717069|[NETWORK][Session][drop] shutdown failed ,errorValue=9,message=Bad file descriptor
warning|2022-11-11 14:09:43.717078|[NETWORK][Session]doRead error,endpoint=127.0.0.1:60476,message=Operation canceled
warning|2022-11-11 14:09:43.717084|[P2P][Service] onDisconnect,errorCode=3,what=Dynamic exception type: dev::network::NetworkException
std::exception::what: Disconnect

warning|2022-11-11 14:09:43.717133|[NETWORK][Session][drop] shutdown failed ,errorValue=9,message=Bad file descriptor
warning|2022-11-11 14:09:43.717145|[NETWORK][Session]doRead error,endpoint=127.0.0.1:60477,message=Operation canceled
warning|2022-11-11 14:09:43.717152|[NETWORK][Session][drop] shutdown failed ,errorValue=9,message=Bad file descriptor
info|2022-11-11 14:09:43.717191|[g:1][CONSENSUS][PBFT]checkTimeout Succ,view=68014,toView=68015,nodeIdx=0,changeCycle=2,myNode=54e27343...,timecost=29
warning|2022-11-11 14:09:50.386693|[g:1][CONSENSUS][PBFT]ViewChangeWarning: not caused by omit empty block ,v=68014,toV=68016,curNum=19,hash=bcafa72f...,nodeIdx=0,myNode=54e27343...
warning|2022-11-11 14:09:50.386758|[g:1][CONSENSUS][PBFT]Find disconnectedNode,disconnectedNodeSize=3,sessionSize=0,minValidNodes=3,connectedNodeList=,disconnectedNode=74ec5d39..., 8170ed0b..., c30b6e4f..., ,idx=0
info|2022-11-11 14:09:50.386821|[g:1][CONSENSUS][PBFT]checkTimeout Succ,view=68014,toView=68016,nodeIdx=0,changeCycle=3,myNode=54e27343...,timecost=0
info|2022-11-11 14:09:53.688578|[NETWORK][Host]P2P Recv Connect, From=127.0.0.1:60693
info|2022-11-11 14:09:53.688672|[NETWORK][Host]P2P StartAccept,Host=0.0.0.0:30302
info|2022-11-11 14:09:53.688783|[NETWORK][Host]P2P Recv Connect, From=127.0.0.1:60696
info|2022-11-11 14:09:53.688835|[NETWORK][Host]P2P StartAccept,Host=0.0.0.0:30302
info|2022-11-11 14:09:53.688874|[NETWORK][Host]Connecting to node,endpoint=127.0.0.1:30300
info|2022-11-11 14:09:53.688923|[NETWORK][Host]Connecting to node,endpoint=127.0.0.1:30301
info|2022-11-11 14:09:53.688959|[NETWORK][Host]Connecting to node,endpoint=127.0.0.1:30303
info|2022-11-11 14:09:53.688993|[P2P][Service] heartBeat,connected count=0
info|2022-11-11 14:09:53.689132|[NETWORK][ASIO]asyncResolveConnect,endpoint=127.0.0.1:30300
info|2022-11-11 14:09:53.689232|[NETWORK][ASIO]asyncResolveConnect,endpoint=127.0.0.1:30301
info|2022-11-11 14:09:53.690151|[NETWORK][Host]P2P Recv Connect, From=127.0.0.1:60698
info|2022-11-11 14:09:53.690936|[NETWORK][Host]P2P StartAccept,Host=0.0.0.0:30302
info|2022-11-11 14:09:53.691214|[NETWORK][ASIO]asyncResolveConnect,endpoint=127.0.0.1:30303
error|2022-11-11 14:09:53.697761|[NETWORK][Host]Get ca basic failed
info|2022-11-11 14:09:53.701488|[NETWORK][Host]handshakeServer succ,remote endpoint=127.0.0.1:60698
info|2022-11-11 14:09:53.701532|[NETWORK][Host]startPeerSession, Remote=127.0.0.1:60698,local endpoint=127.0.0.1:30302,nodeID=74ec5d39...
info|2022-11-11 14:09:53.701587|[P2P][Service] Connection established,nodeID=74ec5d39...,endpoint=127.0.0.1:60698
error|2022-11-11 14:09:53.701764|[NETWORK][Host]Get ca basic failed
error|2022-11-11 14:09:53.705779|[NETWORK][Host]Get ca basic failed
info|2022-11-11 14:09:53.710630|[NETWORK][Host]handshakeServer succ,remote endpoint=127.0.0.1:60693
info|2022-11-11 14:09:53.710684|[NETWORK][Host]startPeerSession, Remote=127.0.0.1:60693,local endpoint=127.0.0.1:30302,nodeID=c30b6e4f...
info|2022-11-11 14:09:53.710720|[P2P][Service] Connection established,nodeID=c30b6e4f...,endpoint=127.0.0.1:60693
error|2022-11-11 14:09:53.710845|[NETWORK][Host]Get ca basic failed
error|2022-11-11 14:09:53.713764|[NETWORK][Host]Get ca basic failed
error|2022-11-11 14:09:53.717689|[NETWORK][Host]Get ca basic failed
info|2022-11-11 14:09:53.720653|[NETWORK][Host]handshakeServer succ,remote endpoint=127.0.0.1:60696
info|2022-11-11 14:09:53.720681|[NETWORK][Host]startPeerSession, Remote=127.0.0.1:60696,local endpoint=127.0.0.1:30302,nodeID=8170ed0b...
info|2022-11-11 14:09:53.720744|[P2P][Service] Connection established,nodeID=8170ed0b...,endpoint=127.0.0.1:60696
info|2022-11-11 14:09:53.720770|[NETWORK][Host]handshakeClient succ,local endpoint=127.0.0.1:60700
info|2022-11-11 14:09:53.720786|[NETWORK][Host]startPeerSession, Remote=127.0.0.1:30300,local endpoint=127.0.0.1:60700,nodeID=74ec5d39...
info|2022-11-11 14:09:53.720936|[NETWORK][Host]handshakeClient succ,local endpoint=127.0.0.1:60702
info|2022-11-11 14:09:53.720956|[NETWORK][Host]startPeerSession, Remote=127.0.0.1:30303,local endpoint=127.0.0.1:60702,nodeID=8170ed0b...
info|2022-11-11 14:09:53.721656|[NETWORK][Session]Received topic: [244] from 74ec5d392f0ef12f6b73a3918aea0e853c4d79690a711679dc5db2c2df93b77d85606080c2edf822b93ce642c832d7759dffac92964323a7b2cbbb8ae9c0afc1
info|2022-11-11 14:09:53.723172|[NETWORK][Host]handshakeClient succ,local endpoint=127.0.0.1:60701
info|2022-11-11 14:09:53.723206|[NETWORK][Host]startPeerSession, Remote=127.0.0.1:30301,local endpoint=127.0.0.1:60701,nodeID=c30b6e4f...
info|2022-11-11 14:09:53.723373|[NETWORK][Session]Received topic: [217] from c30b6e4f7217137914bd3298cfd2e166b062fd2f06dff8645f399620a540a0d69bab3db9018c71c03ba2953013245a97bc79e3ce3a4b16e728a4b488eaa56291
warning|2022-11-11 14:10:00.516299|[g:1][CONSENSUS][PBFT]ViewChangeWarning: not caused by omit empty block ,v=68014,toV=68017,curNum=19,hash=bcafa72f...,nodeIdx=0,myNode=54e27343...
info|2022-11-11 14:10:00.517569|[g:1][CONSENSUS][PBFT]checkTimeout Succ,view=68014,toView=68017,nodeIdx=0,changeCycle=4,myNode=54e27343...,timecost=3
info|2022-11-11 14:10:00.542303|[g:1][CONSENSUS][PBFT]checkAndChangeView: Reach consensus,org_view=68014,cur_changeCycle=4,curView=68014,view=68017
info|2022-11-11 14:10:01.544664|[g:1][CONSENSUS][SEALER]++++++++++++++++ Generating seal on,blkNum=20,tx=0,nodeIdx=0,hash=b8e53e34...
info|2022-11-11 14:10:01.565909|[g:1][CONSENSUS][PBFT]checkTimeout Succ,view=68017,toView=68018,nodeIdx=0,changeCycle=1,myNode=54e27343...,timecost=5
info|2022-11-11 14:10:01.580015|[g:1][CONSENSUS][PBFT]checkAndChangeView: Reach consensus,org_view=68017,cur_changeCycle=1,curView=68017,view=68018
info|2022-11-11 14:10:02.590664|[g:1][CONSENSUS]addRawPrepare,height=20,reqIdx=1,hash=4400dc12...,time=0
info|2022-11-11 14:10:02.595339|[g:1][CONSENSUS][PBFT]checkTimeout Succ,view=68018,toView=68019,nodeIdx=0,changeCycle=1,myNode=54e27343...,timecost=4
info|2022-11-11 14:10:02.608177|[g:1][CONSENSUS][PBFT]checkAndChangeView: Reach consensus,org_view=68018,cur_changeCycle=1,curView=68018,view=68019
info|2022-11-11 14:10:03.627499|[g:1][CONSENSUS]addRawPrepare,height=20,reqIdx=2,hash=46e0afce...,time=0
info|2022-11-11 14:10:03.635141|[g:1][CONSENSUS][PBFT]checkTimeout Succ,view=68019,toView=68020,nodeIdx=0,changeCycle=1,myNode=54e27343...,timecost=6
info|2022-11-11 14:10:03.653030|[g:1][CONSENSUS][PBFT]checkAndChangeView: Reach consensus,org_view=68019,cur_changeCycle=1,curView=68019,view=68020
info|2022-11-11 14:10:03.692518|[P2P][Service] heartBeat,connected count=3
info|2022-11-11 14:10:04.674949|[g:1][CONSENSUS]addRawPrepare,height=20,reqIdx=3,hash=30fdc446...,time=1
info|2022-11-11 14:10:04.681110|[g:1][CONSENSUS][PBFT]checkTimeout Succ,view=68020,toView=68021,nodeIdx=0,changeCycle=1,myNode=54e27343...,timecost=5
info|2022-11-11 14:10:04.697808|[g:1][CONSENSUS][PBFT]checkAndChangeView: Reach consensus,org_view=68020,cur_changeCycle=1,curView=68020,view=68021
info|2022-11-11 14:10:05.703147|[g:1][CONSENSUS][SEALER]++++++++++++++++ Generating seal on,blkNum=20,tx=0,nodeIdx=0,hash=f3b24f9a...
info|2022-11-11 14:10:05.713951|[g:1][CONSENSUS][PBFT]checkTimeout Succ,view=68021,toView=68022,nodeIdx=0,changeCycle=1,myNode=54e27343...,timecost=6
info|2022-11-11 14:10:05.743661|[g:1][CONSENSUS][PBFT]checkAndChangeView: Reach consensus,org_view=68021,cur_changeCycle=1,curView=68021,view=68022
info|2022-11-11 14:10:06.766056|[g:1][CONSENSUS]addRawPrepare,height=20,reqIdx=1,hash=812e696e...,time=1
info|2022-11-11 14:10:06.771381|[g:1][CONSENSUS][PBFT]checkTimeout Succ,view=68022,toView=68023,nodeIdx=0,changeCycle=1,myNode=54e27343...,timecost=5
info|2022-11-11 14:10:06.788153|[g:1][CONSENSUS][PBFT]checkAndChangeView: Reach consensus,org_view=68022,cur_changeCycle=1,curView=68022,view=68023
info|2022-11-11 14:10:07.803382|[g:1][CONSENSUS]addRawPrepare,height=20,reqIdx=2,hash=6708407d...,time=0
info|2022-11-11 14:10:07.809174|[g:1][CONSENSUS][PBFT]checkTimeout Succ,view=68023,toView=68024,nodeIdx=0,changeCycle=1,myNode=54e27343...,timecost=5
info|2022-11-11 14:10:07.823341|[g:1][CONSENSUS][PBFT]checkAndChangeView: Reach consensus,org_view=68023,cur_changeCycle=1,curView=68023,view=68024
info|2022-11-11 14:10:08.849256|[g:1][CONSENSUS]addRawPrepare,height=20,reqIdx=3,hash=2c8f2148...,time=0
info|2022-11-11 14:10:08.854796|[g:1][CONSENSUS][PBFT]checkTimeout Succ,view=68024,toView=68025,nodeIdx=0,changeCycle=1,myNode=54e27343...,timecost=4
info|2022-11-11 14:10:08.873146|[g:1][CONSENSUS][PBFT]checkAndChangeView: Reach consensus,org_view=68024,cur_changeCycle=1,curView=68024,view=68025
info|2022-11-11 14:10:09.875283|[g:1][CONSENSUS][SEALER]++++++++++++++++ Generating seal on,blkNum=20,tx=0,nodeIdx=0,hash=d2ffad15...
info|2022-11-11 14:10:09.884269|[g:1][CONSENSUS][PBFT]checkTimeout Succ,view=68025,toView=68026,nodeIdx=0,changeCycle=1,myNode=54e27343...,timecost=5
info|2022-11-11 14:10:09.925013|[g:1][CONSENSUS][PBFT]checkAndChangeView: Reach consensus,org_view=68025,cur_changeCycle=1,curView=68025,view=68026
info|2022-11-11 14:10:10.936235|[g:1][CONSENSUS]addRawPrepare,height=20,reqIdx=1,hash=43056092...,time=0
info|2022-11-11 14:10:10.940452|[g:1][CONSENSUS][PBFT]checkTimeout Succ,view=68026,toView=68027,nodeIdx=0,changeCycle=1,myNode=54e27343...,timecost=4
info|2022-11-11 14:10:10.954964|[g:1][CONSENSUS][PBFT]checkAndChangeView: Reach consensus,org_view=68026,cur_changeCycle=1,curView=68026,view=68027
info|2022-11-11 14:10:11.968967|[g:1][CONSENSUS]addRawPrepare,height=20,reqIdx=2,hash=463557cf...,time=1
info|2022-11-11 14:10:11.972194|[g:1][CONSENSUS][PBFT]checkTimeout Succ,view=68027,toView=68028,nodeIdx=0,changeCycle=1,myNode=54e27343...,timecost=3
info|2022-11-11 14:10:11.985998|[g:1][CONSENSUS][PBFT]checkAndChangeView: Reach consensus,org_view=68027,cur_changeCycle=1,curView=68027,view=68028
info|2022-11-11 14:10:13.009497|[g:1][CONSENSUS]addRawPrepare,height=20,reqIdx=3,hash=0534cd3d...,time=0
info|2022-11-11 14:10:13.014524|[g:1][CONSENSUS][PBFT]checkTimeout Succ,view=68028,toView=68029,nodeIdx=0,changeCycle=1,myNode=54e27343...,timecost=4
info|2022-11-11 14:10:13.030391|[g:1][CONSENSUS][PBFT]checkAndChangeView: Reach consensus,org_view=68028,cur_changeCycle=1,curView=68028,view=68029
info|2022-11-11 14:10:13.693469|[P2P][Service] heartBeat,connected count=3
info|2022-11-11 14:10:14.032572|[g:1][CONSENSUS][SEALER]++++++++++++++++ Generating seal on,blkNum=20,tx=0,nodeIdx=0,hash=825b8619...
info|2022-11-11 14:10:14.052411|[g:1][CONSENSUS][PBFT]checkTimeout Succ,view=68029,toView=68030,nodeIdx=0,changeCycle=1,myNode=54e27343...,timecost=4
info|2022-11-11 14:10:14.065060|[g:1][CONSENSUS][PBFT]checkAndChangeView: Reach consensus,org_view=68029,cur_changeCycle=1,curView=68029,view=68030
info|2022-11-11 14:10:15.082456|[g:1][CONSENSUS]addRawPrepare,height=20,reqIdx=1,hash=c72a0b27...,time=0
info|2022-11-11 14:10:15.086841|[g:1][CONSENSUS][PBFT]checkTimeout Succ,view=68030,toView=68031,nodeIdx=0,changeCycle=1,myNode=54e27343...,timecost=3
info|2022-11-11 14:10:15.099427|[g:1][CONSENSUS][PBFT]checkAndChangeView: Reach consensus,org_view=68030,cur_changeCycle=1,curView=68030,view=68031
info|2022-11-11 14:10:16.116351|[g:1][CONSENSUS]addRawPrepare,height=20,reqIdx=2,hash=2832ac26...,time=0
info|2022-11-11 14:10:16.122258|[g:1][CONSENSUS][PBFT]checkTimeout Succ,view=68031,toView=68032,nodeIdx=0,changeCycle=1,myNode=54e27343...,timecost=5
info|2022-11-11 14:10:16.144809|[g:1][CONSENSUS][PBFT]checkAndChangeView: Reach consensus,org_view=68031,cur_changeCycle=1,curView=68031,view=68032
info|2022-11-11 14:10:17.162236|[g:1][CONSENSUS]addRawPrepare,height=20,reqIdx=3,hash=b127ef04...,time=0
info|2022-11-11 14:10:17.166418|[g:1][CONSENSUS][PBFT]checkTimeout Succ,view=68032,toView=68033,nodeIdx=0,changeCycle=1,myNode=54e27343...,timecost=3
info|2022-11-11 14:10:17.183153|[g:1][CONSENSUS][PBFT]checkAndChangeView: Reach consensus,org_view=68032,cur_changeCycle=1,curView=68032,view=68033
info|2022-11-11 14:10:18.184584|[g:1][CONSENSUS][SEALER]++++++++++++++++ Generating seal on,blkNum=20,tx=0,nodeIdx=0,hash=24d37807...
info|2022-11-11 14:10:18.202752|[g:1][CONSENSUS][PBFT]checkTimeout Succ,view=68033,toView=68034,nodeIdx=0,changeCycle=1,myNode=54e27343...,timecost=4
info|2022-11-11 14:10:18.226656|[g:1][CONSENSUS][PBFT]checkAndChangeView: Reach consensus,org_view=68033,cur_changeCycle=1,curView=68033,view=68034
info|2022-11-11 14:10:19.240246|[g:1][CONSENSUS]addRawPrepare,height=20,reqIdx=1,hash=89c2c69b...,time=0
info|2022-11-11 14:10:19.244619|[g:1][CONSENSUS][PBFT]checkTimeout Succ,view=68034,toView=68035,nodeIdx=0,changeCycle=1,myNode=54e27343...,timecost=4
info|2022-11-11 14:10:19.258153|[g:1][CONSENSUS][PBFT]checkAndChangeView: Reach consensus,org_view=68034,cur_changeCycle=1,curView=68034,view=68035
info|2022-11-11 14:10:20.277480|[g:1][CONSENSUS]addRawPrepare,height=20,reqIdx=2,hash=541863b5...,time=0
info|2022-11-11 14:10:20.284949|[g:1][CONSENSUS][PBFT]checkTimeout Succ,view=68035,toView=68036,nodeIdx=0,changeCycle=1,myNode=54e27343...,timecost=7
info|2022-11-11 14:10:20.299875|[g:1][CONSENSUS][PBFT]checkAndChangeView: Reach consensus,org_view=68035,cur_changeCycle=1,curView=68035,view=68036
info|2022-11-11 14:10:21.325750|[g:1][CONSENSUS]addRawPrepare,height=20,reqIdx=3,hash=9da79909...,time=0
info|2022-11-11 14:10:21.331483|[g:1][CONSENSUS][PBFT]checkTimeout Succ,view=68036,toView=68037,nodeIdx=0,changeCycle=1,myNode=54e27343...,timecost=4
info|2022-11-11 14:10:21.346033|[g:1][CONSENSUS][PBFT]checkAndChangeView: Reach consensus,org_view=68036,cur_changeCycle=1,curView=68036,view=68037
info|2022-11-11 14:10:22.348577|[g:1][CONSENSUS][SEALER]++++++++++++++++ Generating seal on,blkNum=20,tx=0,nodeIdx=0,hash=b800578b...
info|2022-11-11 14:10:22.366499|[g:1][CONSENSUS][PBFT]checkTimeout Succ,view=68037,toView=68038,nodeIdx=0,changeCycle=1,myNode=54e27343...,timecost=6
info|2022-11-11 14:10:22.381519|[g:1][CONSENSUS][PBFT]checkAndChangeView: Reach consensus,org_view=68037,cur_changeCycle=1,curView=68037,view=68038
info|2022-11-11 14:10:23.392935|[g:1][CONSENSUS]addRawPrepare,height=20,reqIdx=1,hash=1fcc37b3...,time=1
info|2022-11-11 14:10:23.397132|[g:1][CONSENSUS][PBFT]checkTimeout Succ,view=68038,toView=68039,nodeIdx=0,changeCycle=1,myNode=54e27343...,timecost=4
info|2022-11-11 14:10:23.414941|[g:1][CONSENSUS][PBFT]checkAndChangeView: Reach consensus,org_view=68038,cur_changeCycle=1,curView=68038,view=68039
info|2022-11-11 14:10:23.694593|[P2P][Service] heartBeat,connected count=3
info|2022-11-11 14:10:24.429450|[g:1][CONSENSUS]addRawPrepare,height=20,reqIdx=2,hash=43a56707...,time=0
info|2022-11-11 14:10:24.432903|[g:1][CONSENSUS][PBFT]checkTimeout Succ,view=68039,toView=68040,nodeIdx=0,changeCycle=1,myNode=54e27343...,timecost=3
info|2022-11-11 14:10:24.452216|[g:1][CONSENSUS][PBFT]checkAndChangeView: Reach consensus,org_view=68039,cur_changeCycle=1,curView=68039,view=68040
info|2022-11-11 14:10:25.474096|[g:1][CONSENSUS]addRawPrepare,height=20,reqIdx=3,hash=0bc799fe...,time=0
info|2022-11-11 14:10:25.479466|[g:1][CONSENSUS][PBFT]checkTimeout Succ,view=68040,toView=68041,nodeIdx=0,changeCycle=1,myNode=54e27343...,timecost=4
info|2022-11-11 14:10:25.492890|[g:1][CONSENSUS][PBFT]checkAndChangeView: Reach consensus,org_view=68040,cur_changeCycle=1,curView=68040,view=68041
info|2022-11-11 14:10:26.496491|[g:1][CONSENSUS][SEALER]++++++++++++++++ Generating seal on,blkNum=20,tx=0,nodeIdx=0,hash=2346053b...
info|2022-11-11 14:10:26.515897|[g:1][CONSENSUS][PBFT]checkTimeout Succ,view=68041,toView=68042,nodeIdx=0,changeCycle=1,myNode=54e27343...,timecost=6
info|2022-11-11 14:10:26.537062|[g:1][CONSENSUS][PBFT]checkAndChangeView: Reach consensus,org_view=68041,cur_changeCycle=1,curView=68041,view=68042
info|2022-11-11 14:10:27.555882|[g:1][CONSENSUS]addRawPrepare,height=20,reqIdx=1,hash=9124c1dc...,time=0
info|2022-11-11 14:10:27.560241|[g:1][CONSENSUS][PBFT]checkTimeout Succ,view=68042,toView=68043,nodeIdx=0,changeCycle=1,myNode=54e27343...,timecost=4
info|2022-11-11 14:10:27.578378|[g:1][CONSENSUS][PBFT]checkAndChangeView: Reach consensus,org_view=68042,cur_changeCycle=1,curView=68042,view=68043
info|2022-11-11 14:10:28.590386|[g:1][CONSENSUS]addRawPrepare,height=20,reqIdx=2,hash=2310c7be...,time=0
info|2022-11-11 14:10:28.596836|[g:1][CONSENSUS][PBFT]checkTimeout Succ,view=68043,toView=68044,nodeIdx=0,changeCycle=1,myNode=54e27343...,timecost=5
info|2022-11-11 14:10:28.615790|[g:1][CONSENSUS][PBFT]checkAndChangeView: Reach consensus,org_view=68043,cur_changeCycle=1,curView=68043,view=68044
info|2022-11-11 14:10:29.636972|[g:1][CONSENSUS]addRawPrepare,height=20,reqIdx=3,hash=b0edf733...,time=1
info|2022-11-11 14:10:29.643337|[g:1][CONSENSUS][PBFT]checkTimeout Succ,view=68044,toView=68045,nodeIdx=0,changeCycle=1,myNode=54e27343...,timecost=5
info|2022-11-11 14:10:29.657471|[g:1][CONSENSUS][PBFT]checkAndChangeView: Reach consensus,org_view=68044,cur_changeCycle=1,curView=68044,view=68045
info|2022-11-11 14:10:30.658729|[g:1][CONSENSUS][SEALER]++++++++++++++++ Generating seal on,blkNum=20,tx=0,nodeIdx=0,hash=afa9ee7e...
info|2022-11-11 14:10:30.665582|[g:1][CONSENSUS][PBFT]checkTimeout Succ,view=68045,toView=68046,nodeIdx=0,changeCycle=1,myNode=54e27343...,timecost=3
info|2022-11-11 14:10:30.692586|[g:1][CONSENSUS][PBFT]checkAndChangeView: Reach consensus,org_view=68045,cur_changeCycle=1,curView=68045,view=68046
info|2022-11-11 14:10:31.700300|[g:1][CONSENSUS]addRawPrepare,height=20,reqIdx=1,hash=bb664e1d...,time=0
info|2022-11-11 14:10:31.704532|[g:1][CONSENSUS][PBFT]checkTimeout Succ,view=68046,toView=68047,nodeIdx=0,changeCycle=1,myNode=54e27343...,timecost=4
info|2022-11-11 14:10:31.717890|[g:1][CONSENSUS][PBFT]checkAndChangeView: Reach consensus,org_view=68046,cur_changeCycle=1,curView=68046,view=68047
info|2022-11-11 14:10:32.732339|[g:1][CONSENSUS]addRawPrepare,height=20,reqIdx=2,hash=35b55192...,time=0
info|2022-11-11 14:10:32.737621|[g:1][CONSENSUS][PBFT]checkTimeout Succ,view=68047,toView=68048,nodeIdx=0,changeCycle=1,myNode=54e27343...,timecost=4
info|2022-11-11 14:10:32.750393|[g:1][CONSENSUS][PBFT]checkAndChangeView: Reach consensus,org_view=68047,cur_changeCycle=1,curView=68047,view=68048
info|2022-11-11 14:10:33.695574|[P2P][Service] heartBeat,connected count=3
info|2022-11-11 14:10:33.774294|[g:1][CONSENSUS]addRawPrepare,height=20,reqIdx=3,hash=85cb5dea...,time=0
info|2022-11-11 14:10:33.780683|[g:1][CONSENSUS][PBFT]checkTimeout Succ,view=68048,toView=68049,nodeIdx=0,changeCycle=1,myNode=54e27343...,timecost=5
info|2022-11-11 14:10:33.825905|[g:1][CONSENSUS][PBFT]checkAndChangeView: Reach consensus,org_view=68048,cur_changeCycle=1,curView=68048,view=68049
info|2022-11-11 14:10:34.828611|[g:1][CONSENSUS][SEALER]++++++++++++++++ Generating seal on,blkNum=20,tx=0,nodeIdx=0,hash=6c612f2a...
info|2022-11-11 14:10:34.837034|[g:1][CONSENSUS][PBFT]checkTimeout Succ,view=68049,toView=68050,nodeIdx=0,changeCycle=1,myNode=54e27343...,timecost=4
info|2022-11-11 14:10:34.861879|[g:1][CONSENSUS][PBFT]checkAndChangeView: Reach consensus,org_view=68049,cur_changeCycle=1,curView=68049,view=68050
info|2022-11-11 14:10:35.873543|[g:1][CONSENSUS]addRawPrepare,height=20,reqIdx=1,hash=5ffc4c1a...,time=0
info|2022-11-11 14:10:35.878323|[g:1][CONSENSUS][PBFT]checkTimeout Succ,view=68050,toView=68051,nodeIdx=0,changeCycle=1,myNode=54e27343...,timecost=4
info|2022-11-11 14:10:35.896474|[g:1][CONSENSUS][PBFT]checkAndChangeView: Reach consensus,org_view=68050,cur_changeCycle=1,curView=68050,view=68051
info|2022-11-11 14:10:36.908683|[g:1][CONSENSUS]addRawPrepare,height=20,reqIdx=2,hash=e8c57db9...,time=0
info|2022-11-11 14:10:36.915429|[g:1][CONSENSUS][PBFT]checkTimeout Succ,view=68051,toView=68052,nodeIdx=0,changeCycle=1,myNode=54e27343...,timecost=6
info|2022-11-11 14:10:36.944690|[g:1][CONSENSUS][PBFT]checkAndChangeView: Reach consensus,org_view=68051,cur_changeCycle=1,curView=68051,view=68052
info|2022-11-11 14:10:37.949936|[g:1][CONSENSUS]addRawPrepare,height=20,reqIdx=3,hash=f97f728d...,time=1
info|2022-11-11 14:10:37.954774|[g:1][CONSENSUS][PBFT]checkTimeout Succ,view=68052,toView=68053,nodeIdx=0,changeCycle=1,myNode=54e27343...,timecost=4
info|2022-11-11 14:10:37.975127|[g:1][CONSENSUS][PBFT]checkAndChangeView: Reach consensus,org_view=68052,cur_changeCycle=1,curView=68052,view=68053
info|2022-11-11 14:10:38.976438|[g:1][CONSENSUS][SEALER]++++++++++++++++ Generating seal on,blkNum=20,tx=0,nodeIdx=0,hash=0c0276f1...
info|2022-11-11 14:10:38.985679|[g:1][CONSENSUS][PBFT]checkTimeout Succ,view=68053,toView=68054,nodeIdx=0,changeCycle=1,myNode=54e27343...,timecost=4
info|2022-11-11 14:10:39.011469|[g:1][CONSENSUS][PBFT]checkAndChangeView: Reach consensus,org_view=68053,cur_changeCycle=1,curView=68053,view=68054
info|2022-11-11 14:10:40.029929|[g:1][CONSENSUS]addRawPrepare,height=20,reqIdx=1,hash=5a5ebbac...,time=1
info|2022-11-11 14:10:40.034497|[g:1][CONSENSUS][PBFT]checkTimeout Succ,view=68054,toView=68055,nodeIdx=0,changeCycle=1,myNode=54e27343...,timecost=4
info|2022-11-11 14:10:40.055515|[g:1][CONSENSUS][PBFT]checkAndChangeView: Reach consensus,org_view=68054,cur_changeCycle=1,curView=68054,view=68055
info|2022-11-11 14:10:41.065630|[g:1][CONSENSUS]addRawPrepare,height=20,reqIdx=2,hash=6b76020f...,time=0
info|2022-11-11 14:10:41.071544|[g:1][CONSENSUS][PBFT]checkTimeout Succ,view=68055,toView=68056,nodeIdx=0,changeCycle=1,myNode=54e27343...,timecost=5
info|2022-11-11 14:10:41.088695|[g:1][CONSENSUS][PBFT]checkAndChangeView: Reach consensus,org_view=68055,cur_changeCycle=1,curView=68055,view=68056
info|2022-11-11 14:10:42.104389|[g:1][CONSENSUS]addRawPrepare,height=20,reqIdx=3,hash=14cf6e3c...,time=0
info|2022-11-11 14:10:42.108498|[g:1][CONSENSUS][PBFT]checkTimeout Succ,view=68056,toView=68057,nodeIdx=0,changeCycle=1,myNode=54e27343...,timecost=3
info|2022-11-11 14:10:42.124686|[g:1][CONSENSUS][PBFT]checkAndChangeView: Reach consensus,org_view=68056,cur_changeCycle=1,curView=68056,view=68057
info|2022-11-11 14:10:43.125170|[g:1][CONSENSUS][SEALER]++++++++++++++++ Generating seal on,blkNum=20,tx=0,nodeIdx=0,hash=dbee6591...
info|2022-11-11 14:10:43.131199|[g:1][CONSENSUS][PBFT]checkTimeout Succ,view=68057,toView=68058,nodeIdx=0,changeCycle=1,myNode=54e27343...,timecost=1
info|2022-11-11 14:10:43.133993|[g:1][CONSENSUS][PBFT]checkAndChangeView: Reach consensus,org_view=68057,cur_changeCycle=1,curView=68057,view=68058
info|2022-11-11 14:10:43.696111|[P2P][Service] heartBeat,connected count=3
info|2022-11-11 14:10:44.135510|[g:1][CONSENSUS]addRawPrepare,height=20,reqIdx=1,hash=cdc6a6ed...,time=0
info|2022-11-11 14:10:44.136321|[g:1][CONSENSUS][PBFT]checkTimeout Succ,view=68058,toView=68059,nodeIdx=0,changeCycle=1,myNode=54e27343...,timecost=1
info|2022-11-11 14:10:44.138237|[g:1][CONSENSUS][PBFT]checkAndChangeView: Reach consensus,org_view=68058,cur_changeCycle=1,curView=68058,view=68059
info|2022-11-11 14:10:45.140123|[g:1][CONSENSUS]addRawPrepare,height=20,reqIdx=2,hash=c9ddf4dd...,time=0
info|2022-11-11 14:10:45.140868|[g:1][CONSENSUS][PBFT]checkTimeout Succ,view=68059,toView=68060,nodeIdx=0,changeCycle=1,myNode=54e27343...,timecost=0
info|2022-11-11 14:10:45.142738|[g:1][CONSENSUS][PBFT]checkAndChangeView: Reach consensus,org_view=68059,cur_changeCycle=1,curView=68059,view=68060
info|2022-11-11 14:10:46.146891|[g:1][CONSENSUS]addRawPrepare,height=20,reqIdx=3,hash=9959f91c...,time=0
info|2022-11-11 14:10:46.148370|[g:1][CONSENSUS][PBFT]checkTimeout Succ,view=68060,toView=68061,nodeIdx=0,changeCycle=1,myNode=54e27343...,timecost=1
info|2022-11-11 14:10:46.152238|[g:1][CONSENSUS][PBFT]checkAndChangeView: Reach consensus,org_view=68060,cur_changeCycle=1,curView=68060,view=68061
info|2022-11-11 14:10:47.153233|[g:1][CONSENSUS][SEALER]++++++++++++++++ Generating seal on,blkNum=20,tx=0,nodeIdx=0,hash=90964e7c...
info|2022-11-11 14:10:47.160182|[g:1][CONSENSUS][PBFT]checkTimeout Succ,view=68061,toView=68062,nodeIdx=0,changeCycle=1,myNode=54e27343...,timecost=1
info|2022-11-11 14:10:47.161284|[g:1][CONSENSUS][PBFT]checkAndChangeView: Reach consensus,org_view=68061,cur_changeCycle=1,curView=68061,view=68062
info|2022-11-11 14:10:48.162969|[g:1][CONSENSUS]addRawPrepare,height=20,reqIdx=1,hash=811205b1...,time=0
info|2022-11-11 14:10:48.163768|[g:1][CONSENSUS][PBFT]checkTimeout Succ,view=68062,toView=68063,nodeIdx=0,changeCycle=1,myNode=54e27343...,timecost=0
info|2022-11-11 14:10:48.165937|[g:1][CONSENSUS][PBFT]checkAndChangeView: Reach consensus,org_view=68062,cur_changeCycle=1,curView=68062,view=68063
info|2022-11-11 14:10:49.168780|[g:1][CONSENSUS]addRawPrepare,height=20,reqIdx=2,hash=3491f83a...,time=0
info|2022-11-11 14:10:49.169593|[g:1][CONSENSUS][PBFT]checkTimeout Succ,view=68063,toView=68064,nodeIdx=0,changeCycle=1,myNode=54e27343...,timecost=1
info|2022-11-11 14:10:49.171228|[g:1][CONSENSUS][PBFT]checkAndChangeView: Reach consensus,org_view=68063,cur_changeCycle=1,curView=68063,view=68064
info|2022-11-11 14:10:50.173640|[g:1][CONSENSUS]addRawPrepare,height=20,reqIdx=3,hash=ca2305cf...,time=0
info|2022-11-11 14:10:50.174289|[g:1][CONSENSUS][PBFT]checkTimeout Succ,view=68064,toView=68065,nodeIdx=0,changeCycle=1,myNode=54e27343...,timecost=1
info|2022-11-11 14:10:50.176660|[g:1][CONSENSUS][PBFT]checkAndChangeView: Reach consensus,org_view=68064,cur_changeCycle=1,curView=68064,view=68065
info|2022-11-11 14:10:51.177644|[g:1][CONSENSUS][SEALER]++++++++++++++++ Generating seal on,blkNum=20,tx=0,nodeIdx=0,hash=bdbc57dd...
info|2022-11-11 14:10:51.178814|[g:1][CONSENSUS][PBFT]checkTimeout Succ,view=68065,toView=68066,nodeIdx=0,changeCycle=1,myNode=54e27343...,timecost=0
info|2022-11-11 14:10:51.182501|[g:1][CONSENSUS][PBFT]checkAndChangeView: Reach consensus,org_view=68065,cur_changeCycle=1,curView=68065,view=68066
info|2022-11-11 14:10:52.184942|[g:1][CONSENSUS]addRawPrepare,height=20,reqIdx=1,hash=9ba58be8...,time=0
info|2022-11-11 14:10:52.185740|[g:1][CONSENSUS][PBFT]checkTimeout Succ,view=68066,toView=68067,nodeIdx=0,changeCycle=1,myNode=54e27343...,timecost=0
info|2022-11-11 14:10:52.187560|[g:1][CONSENSUS][PBFT]checkAndChangeView: Reach consensus,org_view=68066,cur_changeCycle=1,curView=68066,view=68067
info|2022-11-11 14:10:53.191293|[g:1][CONSENSUS]addRawPrepare,height=20,reqIdx=2,hash=8ef965b0...,time=0
info|2022-11-11 14:10:53.192132|[g:1][CONSENSUS][PBFT]checkTimeout Succ,view=68067,toView=68068,nodeIdx=0,changeCycle=1,myNode=54e27343...,timecost=1
info|2022-11-11 14:10:53.194968|[g:1][CONSENSUS][PBFT]checkAndChangeView: Reach consensus,org_view=68067,cur_changeCycle=1,curView=68067,view=68068
info|2022-11-11 14:10:53.697613|[P2P][Service] heartBeat,connected count=3
info|2022-11-11 14:10:54.198644|[g:1][CONSENSUS]addRawPrepare,height=20,reqIdx=3,hash=d7c52456...,time=0
info|2022-11-11 14:10:54.199695|[g:1][CONSENSUS][PBFT]checkTimeout Succ,view=68068,toView=68069,nodeIdx=0,changeCycle=1,myNode=54e27343...,timecost=1
info|2022-11-11 14:10:54.202568|[g:1][CONSENSUS][PBFT]checkAndChangeView: Reach consensus,org_view=68068,cur_changeCycle=1,curView=68068,view=68069
info|2022-11-11 14:10:55.204024|[g:1][CONSENSUS][SEALER]++++++++++++++++ Generating seal on,blkNum=20,tx=0,nodeIdx=0,hash=acf6bec0...
info|2022-11-11 14:10:55.209924|[g:1][CONSENSUS][PBFT]checkTimeout Succ,view=68069,toView=68070,nodeIdx=0,changeCycle=1,myNode=54e27343...,timecost=0
info|2022-11-11 14:10:55.210782|[g:1][CONSENSUS][PBFT]checkAndChangeView: Reach consensus,org_view=68069,cur_changeCycle=1,curView=68069,view=68070
info|2022-11-11 14:10:56.213972|[g:1][CONSENSUS]addRawPrepare,height=20,reqIdx=1,hash=19f5de73...,time=1
info|2022-11-11 14:10:56.215075|[g:1][CONSENSUS][PBFT]checkTimeout Succ,view=68070,toView=68071,nodeIdx=0,changeCycle=1,myNode=54e27343...,timecost=1
info|2022-11-11 14:10:56.216756|[g:1][CONSENSUS][PBFT]checkAndChangeView: Reach consensus,org_view=68070,cur_changeCycle=1,curView=68070,view=68071
info|2022-11-11 14:10:57.220867|[g:1][CONSENSUS]addRawPrepare,height=20,reqIdx=2,hash=5ef1bfea...,time=0
info|2022-11-11 14:10:57.221858|[g:1][CONSENSUS][PBFT]checkTimeout Succ,view=68071,toView=68072,nodeIdx=0,changeCycle=1,myNode=54e27343...,timecost=0
info|2022-11-11 14:10:57.224837|[g:1][CONSENSUS][PBFT]checkAndChangeView: Reach consensus,org_view=68071,cur_changeCycle=1,curView=68071,view=68072
info|2022-11-11 14:10:58.228124|[g:1][CONSENSUS]addRawPrepare,height=20,reqIdx=3,hash=f2b07c44...,time=0
info|2022-11-11 14:10:58.228771|[g:1][CONSENSUS][PBFT]checkTimeout Succ,view=68072,toView=68073,nodeIdx=0,changeCycle=1,myNode=54e27343...,timecost=0
info|2022-11-11 14:10:58.230647|[g:1][CONSENSUS][PBFT]checkAndChangeView: Reach consensus,org_view=68072,cur_changeCycle=1,curView=68072,view=68073
info|2022-11-11 14:10:59.230743|[g:1][CONSENSUS][SEALER]++++++++++++++++ Generating seal on,blkNum=20,tx=0,nodeIdx=0,hash=54f252b3...
info|2022-11-11 14:10:59.231654|[g:1][CONSENSUS][PBFT]checkTimeout Succ,view=68073,toView=68074,nodeIdx=0,changeCycle=1,myNode=54e27343...,timecost=0
info|2022-11-11 14:10:59.234207|[g:1][CONSENSUS][PBFT]checkAndChangeView: Reach consensus,org_view=68073,cur_changeCycle=1,curView=68073,view=68074
info|2022-11-11 14:11:00.236937|[g:1][CONSENSUS]addRawPrepare,height=20,reqIdx=1,hash=4aa6df6c...,time=0
info|2022-11-11 14:11:00.238052|[g:1][CONSENSUS][PBFT]checkTimeout Succ,view=68074,toView=68075,nodeIdx=0,changeCycle=1,myNode=54e27343...,timecost=1
info|2022-11-11 14:11:00.239654|[g:1][CONSENSUS][PBFT]checkAndChangeView: Reach consensus,org_view=68074,cur_changeCycle=1,curView=68074,view=68075
info|2022-11-11 14:11:01.243433|[g:1][CONSENSUS]addRawPrepare,height=20,reqIdx=2,hash=e74530c9...,time=0
info|2022-11-11 14:11:01.244393|[g:1][CONSENSUS][PBFT]checkTimeout Succ,view=68075,toView=68076,nodeIdx=0,changeCycle=1,myNode=54e27343...,timecost=1
info|2022-11-11 14:11:01.246411|[g:1][CONSENSUS][PBFT]checkAndChangeView: Reach consensus,org_view=68075,cur_changeCycle=1,curView=68075,view=68076
info|2022-11-11 14:11:02.250010|[g:1][CONSENSUS]addRawPrepare,height=20,reqIdx=3,hash=a7264a75...,time=1
info|2022-11-11 14:11:02.251165|[g:1][CONSENSUS][PBFT]checkTimeout Succ,view=68076,toView=68077,nodeIdx=0,changeCycle=1,myNode=54e27343...,timecost=1
info|2022-11-11 14:11:02.253061|[g:1][CONSENSUS][PBFT]checkAndChangeView: Reach consensus,org_view=68076,cur_changeCycle=1,curView=68076,view=68077
info|2022-11-11 14:11:03.255026|[g:1][CONSENSUS][SEALER]++++++++++++++++ Generating seal on,blkNum=20,tx=0,nodeIdx=0,hash=688b4811...
info|2022-11-11 14:11:03.259354|[g:1][CONSENSUS][PBFT]checkTimeout Succ,view=68077,toView=68078,nodeIdx=0,changeCycle=1,myNode=54e27343...,timecost=1
info|2022-11-11 14:11:03.260847|[g:1][CONSENSUS][PBFT]checkAndChangeView: Reach consensus,org_view=68077,cur_changeCycle=1,curView=68077,view=68078
info|2022-11-11 14:11:03.699132|[P2P][Service] heartBeat,connected count=3
info|2022-11-11 14:11:04.262408|[g:1][CONSENSUS]addRawPrepare,height=20,reqIdx=1,hash=a92d8cf1...,time=0
info|2022-11-11 14:11:04.262700|[g:1][CONSENSUS][PBFT]checkTimeout Succ,view=68078,toView=68079,nodeIdx=0,changeCycle=1,myNode=54e27343...,timecost=0
info|2022-11-11 14:11:04.263496|[g:1][CONSENSUS][PBFT]checkAndChangeView: Reach consensus,org_view=68078,cur_changeCycle=1,curView=68078,view=68079
info|2022-11-11 14:11:05.266239|[g:1][CONSENSUS]addRawPrepare,height=20,reqIdx=2,hash=83fa3bff...,time=0
info|2022-11-11 14:11:05.266819|[g:1][CONSENSUS][PBFT]checkTimeout Succ,view=68079,toView=68080,nodeIdx=0,changeCycle=1,myNode=54e27343...,timecost=0
info|2022-11-11 14:11:05.269044|[g:1][CONSENSUS][PBFT]checkAndChangeView: Reach consensus,org_view=68079,cur_changeCycle=1,curView=68079,view=68080
info|2022-11-11 14:11:06.270912|[g:1][CONSENSUS]addRawPrepare,height=20,reqIdx=3,hash=54a182a8...,time=0
info|2022-11-11 14:11:06.271485|[g:1][CONSENSUS][PBFT]checkTimeout Succ,view=68080,toView=68081,nodeIdx=0,changeCycle=1,myNode=54e27343...,timecost=1
info|2022-11-11 14:11:06.273090|[g:1][CONSENSUS][PBFT]checkAndChangeView: Reach consensus,org_view=68080,cur_changeCycle=1,curView=68080,view=68081
info|2022-11-11 14:11:07.274416|[g:1][CONSENSUS][SEALER]++++++++++++++++ Generating seal on,blkNum=20,tx=0,nodeIdx=0,hash=e38f6035...
info|2022-11-11 14:11:07.279722|[g:1][CONSENSUS][PBFT]checkTimeout Succ,view=68081,toView=68082,nodeIdx=0,changeCycle=1,myNode=54e27343...,timecost=1
info|2022-11-11 14:11:07.282080|[g:1][CONSENSUS][PBFT]checkAndChangeView: Reach consensus,org_view=68081,cur_changeCycle=1,curView=68081,view=68082
info|2022-11-11 14:11:08.284700|[g:1][CONSENSUS]addRawPrepare,height=20,reqIdx=1,hash=3afec4bf...,time=0
info|2022-11-11 14:11:08.285431|[g:1][CONSENSUS][PBFT]checkTimeout Succ,view=68082,toView=68083,nodeIdx=0,changeCycle=1,myNode=54e27343...,timecost=1
info|2022-11-11 14:11:08.287986|[g:1][CONSENSUS][PBFT]checkAndChangeView: Reach consensus,org_view=68082,cur_changeCycle=1,curView=68082,view=68083
