info|2022-11-24 12:00:00.382215|[g:1][CONSENSUS]addRawPrepare,height=32,reqIdx=3,hash=1eeacd89...,time=0
info|2022-11-24 12:00:00.382910|[g:1][CONSENSUS][PBFT]checkTimeout Succ,view=64368,toView=64369,nodeIdx=0,changeCycle=1,myNode=54e27343...,timecost=0
info|2022-11-24 12:00:00.384668|[g:1][CONSENSUS][PBFT]checkAndChangeView: Reach consensus,org_view=64368,cur_changeCycle=1,curView=64368,view=64369
info|2022-11-24 12:00:01.384314|[g:1][CONSENSUS][SEALER]++++++++++++++++ Generating seal on,blkNum=32,tx=0,nodeIdx=0,hash=24b01298...
info|2022-11-24 12:00:01.385567|[g:1][CONSENSUS][PBFT]checkTimeout Succ,view=64369,toView=64370,nodeIdx=0,changeCycle=1,myNode=54e27343...,timecost=1
info|2022-11-24 12:00:01.389215|[g:1][CONSENSUS][PBFT]checkAndChangeView: Reach consensus,org_view=64369,cur_changeCycle=1,curView=64369,view=64370
info|2022-11-24 12:00:02.390778|[g:1][CONSENSUS]addRawPrepare,height=32,reqIdx=1,hash=ed4f2697...,time=0
info|2022-11-24 12:00:02.391406|[g:1][CONSENSUS][PBFT]checkTimeout Succ,view=64370,toView=64371,nodeIdx=0,changeCycle=1,myNode=54e27343...,timecost=1
info|2022-11-24 12:00:02.393292|[g:1][CONSENSUS][PBFT]checkAndChangeView: Reach consensus,org_view=64370,cur_changeCycle=1,curView=64370,view=64371
info|2022-11-24 12:00:03.397199|[g:1][CONSENSUS]addRawPrepare,height=32,reqIdx=2,hash=2f88c3b4...,time=0
info|2022-11-24 12:00:03.398161|[g:1][CONSENSUS][PBFT]checkTimeout Succ,view=64371,toView=64372,nodeIdx=0,changeCycle=1,myNode=54e27343...,timecost=1
info|2022-11-24 12:00:03.400504|[g:1][CONSENSUS][PBFT]checkAndChangeView: Reach consensus,org_view=64371,cur_changeCycle=1,curView=64371,view=64372
info|2022-11-24 12:00:04.402271|[g:1][CONSENSUS]addRawPrepare,height=32,reqIdx=3,hash=3b65a46a...,time=0
info|2022-11-24 12:00:04.402585|[g:1][CONSENSUS][PBFT]checkTimeout Succ,view=64372,toView=64373,nodeIdx=0,changeCycle=1,myNode=54e27343...,timecost=0
info|2022-11-24 12:00:04.403406|[g:1][CONSENSUS][PBFT]checkAndChangeView: Reach consensus,org_view=64372,cur_changeCycle=1,curView=64372,view=64373
info|2022-11-24 12:00:05.403326|[g:1][CONSENSUS][SEALER]++++++++++++++++ Generating seal on,blkNum=32,tx=0,nodeIdx=0,hash=2182e3ff...
info|2022-11-24 12:00:05.404045|[g:1][CONSENSUS][PBFT]checkTimeout Succ,view=64373,toView=64374,nodeIdx=0,changeCycle=1,myNode=54e27343...,timecost=1
info|2022-11-24 12:00:05.406264|[g:1][CONSENSUS][PBFT]checkAndChangeView: Reach consensus,org_view=64373,cur_changeCycle=1,curView=64373,view=64374
info|2022-11-24 12:00:06.411258|[g:1][CONSENSUS]addRawPrepare,height=32,reqIdx=1,hash=710cb658...,time=0
info|2022-11-24 12:00:06.412381|[g:1][CONSENSUS][PBFT]checkTimeout Succ,view=64374,toView=64375,nodeIdx=0,changeCycle=1,myNode=54e27343...,timecost=1
info|2022-11-24 12:00:06.414781|[g:1][CONSENSUS][PBFT]checkAndChangeView: Reach consensus,org_view=64374,cur_changeCycle=1,curView=64374,view=64375
info|2022-11-24 12:00:06.682723|[P2P][Service] heartBeat,connected count=3
info|2022-11-24 12:00:07.416565|[g:1][CONSENSUS]addRawPrepare,height=32,reqIdx=2,hash=b70508fa...,time=0
info|2022-11-24 12:00:07.417368|[g:1][CONSENSUS][PBFT]checkTimeout Succ,view=64375,toView=64376,nodeIdx=0,changeCycle=1,myNode=54e27343...,timecost=1
info|2022-11-24 12:00:07.419958|[g:1][CONSENSUS][PBFT]checkAndChangeView: Reach consensus,org_view=64375,cur_changeCycle=1,curView=64375,view=64376
info|2022-11-24 12:00:08.422126|[g:1][CONSENSUS]addRawPrepare,height=32,reqIdx=3,hash=a324ce97...,time=0
info|2022-11-24 12:00:08.422445|[g:1][CONSENSUS][PBFT]checkTimeout Succ,view=64376,toView=64377,nodeIdx=0,changeCycle=1,myNode=54e27343...,timecost=0
info|2022-11-24 12:00:08.423433|[g:1][CONSENSUS][PBFT]checkAndChangeView: Reach consensus,org_view=64376,cur_changeCycle=1,curView=64376,view=64377
info|2022-11-24 12:00:09.423575|[g:1][CONSENSUS][SEALER]++++++++++++++++ Generating seal on,blkNum=32,tx=0,nodeIdx=0,hash=21ef9c3f...
info|2022-11-24 12:00:09.424565|[g:1][CONSENSUS][PBFT]checkTimeout Succ,view=64377,toView=64378,nodeIdx=0,changeCycle=1,myNode=54e27343...,timecost=0
info|2022-11-24 12:00:09.427956|[g:1][CONSENSUS][PBFT]checkAndChangeView: Reach consensus,org_view=64377,cur_changeCycle=1,curView=64377,view=64378
info|2022-11-24 12:00:10.427806|[g:1][CONSENSUS]addRawPrepare,height=32,reqIdx=1,hash=727adb9f...,time=0
info|2022-11-24 12:00:10.428133|[g:1][CONSENSUS][PBFT]checkTimeout Succ,view=64378,toView=64379,nodeIdx=0,changeCycle=1,myNode=54e27343...,timecost=1
info|2022-11-24 12:00:10.429482|[g:1][CONSENSUS][PBFT]checkAndChangeView: Reach consensus,org_view=64378,cur_changeCycle=1,curView=64378,view=64379
info|2022-11-24 12:00:11.431589|[g:1][CONSENSUS]addRawPrepare,height=32,reqIdx=2,hash=6f3dcac5...,time=0
info|2022-11-24 12:00:11.432220|[g:1][CONSENSUS][PBFT]checkTimeout Succ,view=64379,toView=64380,nodeIdx=0,changeCycle=1,myNode=54e27343...,timecost=1
info|2022-11-24 12:00:11.433887|[g:1][CONSENSUS][PBFT]checkAndChangeView: Reach consensus,org_view=64379,cur_changeCycle=1,curView=64379,view=64380
info|2022-11-24 12:00:12.438590|[g:1][CONSENSUS]addRawPrepare,height=32,reqIdx=3,hash=7928c50c...,time=0
info|2022-11-24 12:00:12.439234|[g:1][CONSENSUS][PBFT]checkTimeout Succ,view=64380,toView=64381,nodeIdx=0,changeCycle=1,myNode=54e27343...,timecost=1
info|2022-11-24 12:00:12.440578|[g:1][CONSENSUS][PBFT]checkAndChangeView: Reach consensus,org_view=64380,cur_changeCycle=1,curView=64380,view=64381
info|2022-11-24 12:00:13.442021|[g:1][CONSENSUS][SEALER]++++++++++++++++ Generating seal on,blkNum=32,tx=0,nodeIdx=0,hash=7d7e56f0...
info|2022-11-24 12:00:13.446097|[g:1][CONSENSUS][PBFT]checkTimeout Succ,view=64381,toView=64382,nodeIdx=0,changeCycle=1,myNode=54e27343...,timecost=1
info|2022-11-24 12:00:13.447791|[g:1][CONSENSUS][PBFT]checkAndChangeView: Reach consensus,org_view=64381,cur_changeCycle=1,curView=64381,view=64382
info|2022-11-24 12:00:14.448954|[g:1][CONSENSUS]addRawPrepare,height=32,reqIdx=1,hash=f6437a8d...,time=0
info|2022-11-24 12:00:14.450176|[g:1][CONSENSUS][PBFT]checkTimeout Succ,view=64382,toView=64383,nodeIdx=0,changeCycle=1,myNode=54e27343...,timecost=1
info|2022-11-24 12:00:14.452134|[g:1][CONSENSUS][PBFT]checkAndChangeView: Reach consensus,org_view=64382,cur_changeCycle=1,curView=64382,view=64383
info|2022-11-24 12:00:15.456560|[g:1][CONSENSUS]addRawPrepare,height=32,reqIdx=2,hash=6c64f02c...,time=0
info|2022-11-24 12:00:15.457268|[g:1][CONSENSUS][PBFT]checkTimeout Succ,view=64383,toView=64384,nodeIdx=0,changeCycle=1,myNode=54e27343...,timecost=1
info|2022-11-24 12:00:15.459595|[g:1][CONSENSUS][PBFT]checkAndChangeView: Reach consensus,org_view=64383,cur_changeCycle=1,curView=64383,view=64384
info|2022-11-24 12:00:16.463098|[g:1][CONSENSUS]addRawPrepare,height=32,reqIdx=3,hash=892ff2b3...,time=0
info|2022-11-24 12:00:16.464015|[g:1][CONSENSUS][PBFT]checkTimeout Succ,view=64384,toView=64385,nodeIdx=0,changeCycle=1,myNode=54e27343...,timecost=1
info|2022-11-24 12:00:16.466099|[g:1][CONSENSUS][PBFT]checkAndChangeView: Reach consensus,org_view=64384,cur_changeCycle=1,curView=64384,view=64385
info|2022-11-24 12:00:16.682991|[P2P][Service] heartBeat,connected count=3
info|2022-11-24 12:00:17.466208|[g:1][CONSENSUS][SEALER]++++++++++++++++ Generating seal on,blkNum=32,tx=0,nodeIdx=0,hash=da66212c...
info|2022-11-24 12:00:17.471466|[g:1][CONSENSUS][PBFT]checkTimeout Succ,view=64385,toView=64386,nodeIdx=0,changeCycle=1,myNode=54e27343...,timecost=1
info|2022-11-24 12:00:17.473329|[g:1][CONSENSUS][PBFT]checkAndChangeView: Reach consensus,org_view=64385,cur_changeCycle=1,curView=64385,view=64386
info|2022-11-24 12:00:18.474303|[g:1][CONSENSUS]addRawPrepare,height=32,reqIdx=1,hash=9326626d...,time=0
info|2022-11-24 12:00:18.474620|[g:1][CONSENSUS][PBFT]checkTimeout Succ,view=64386,toView=64387,nodeIdx=0,changeCycle=1,myNode=54e27343...,timecost=0
info|2022-11-24 12:00:18.475462|[g:1][CONSENSUS][PBFT]checkAndChangeView: Reach consensus,org_view=64386,cur_changeCycle=1,curView=64386,view=64387
info|2022-11-24 12:00:19.476876|[g:1][CONSENSUS]addRawPrepare,height=32,reqIdx=2,hash=5c9e0307...,time=0
info|2022-11-24 12:00:19.477300|[g:1][CONSENSUS][PBFT]checkTimeout Succ,view=64387,toView=64388,nodeIdx=0,changeCycle=1,myNode=54e27343...,timecost=1
info|2022-11-24 12:00:19.478328|[g:1][CONSENSUS][PBFT]checkAndChangeView: Reach consensus,org_view=64387,cur_changeCycle=1,curView=64387,view=64388
info|2022-11-24 12:00:20.481404|[g:1][CONSENSUS]addRawPrepare,height=32,reqIdx=3,hash=ead8c2bb...,time=0
info|2022-11-24 12:00:20.482180|[g:1][CONSENSUS][PBFT]checkTimeout Succ,view=64388,toView=64389,nodeIdx=0,changeCycle=1,myNode=54e27343...,timecost=1
info|2022-11-24 12:00:20.484762|[g:1][CONSENSUS][PBFT]checkAndChangeView: Reach consensus,org_view=64388,cur_changeCycle=1,curView=64388,view=64389
info|2022-11-24 12:00:21.485311|[g:1][CONSENSUS][SEALER]++++++++++++++++ Generating seal on,blkNum=32,tx=0,nodeIdx=0,hash=9b2d4ea3...
info|2022-11-24 12:00:21.487918|[g:1][CONSENSUS][PBFT]checkTimeout Succ,view=64389,toView=64390,nodeIdx=0,changeCycle=1,myNode=54e27343...,timecost=0
info|2022-11-24 12:00:21.488378|[g:1][CONSENSUS][PBFT]checkAndChangeView: Reach consensus,org_view=64389,cur_changeCycle=1,curView=64389,view=64390
info|2022-11-24 12:00:22.488678|[g:1][CONSENSUS]addRawPrepare,height=32,reqIdx=1,hash=6a56eb58...,time=0
info|2022-11-24 12:00:22.489009|[g:1][CONSENSUS][PBFT]checkTimeout Succ,view=64390,toView=64391,nodeIdx=0,changeCycle=1,myNode=54e27343...,timecost=1
info|2022-11-24 12:00:22.490014|[g:1][CONSENSUS][PBFT]checkAndChangeView: Reach consensus,org_view=64390,cur_changeCycle=1,curView=64390,view=64391
info|2022-11-24 12:00:23.491665|[g:1][CONSENSUS]addRawPrepare,height=32,reqIdx=2,hash=a489be97...,time=0
info|2022-11-24 12:00:23.492032|[g:1][CONSENSUS][PBFT]checkTimeout Succ,view=64391,toView=64392,nodeIdx=0,changeCycle=1,myNode=54e27343...,timecost=1
info|2022-11-24 12:00:23.492762|[g:1][CONSENSUS][PBFT]checkAndChangeView: Reach consensus,org_view=64391,cur_changeCycle=1,curView=64391,view=64392
info|2022-11-24 12:00:24.494234|[g:1][CONSENSUS]addRawPrepare,height=32,reqIdx=3,hash=f21a7341...,time=0
info|2022-11-24 12:00:24.494508|[g:1][CONSENSUS][PBFT]checkTimeout Succ,view=64392,toView=64393,nodeIdx=0,changeCycle=1,myNode=54e27343...,timecost=0
info|2022-11-24 12:00:24.495480|[g:1][CONSENSUS][PBFT]checkAndChangeView: Reach consensus,org_view=64392,cur_changeCycle=1,curView=64392,view=64393
info|2022-11-24 12:00:25.496614|[g:1][CONSENSUS][SEALER]++++++++++++++++ Generating seal on,blkNum=32,tx=0,nodeIdx=0,hash=c7d2ecdc...
info|2022-11-24 12:00:25.500467|[g:1][CONSENSUS][PBFT]checkTimeout Succ,view=64393,toView=64394,nodeIdx=0,changeCycle=1,myNode=54e27343...,timecost=1
info|2022-11-24 12:00:25.502074|[g:1][CONSENSUS][PBFT]checkAndChangeView: Reach consensus,org_view=64393,cur_changeCycle=1,curView=64393,view=64394
info|2022-11-24 12:00:26.503534|[g:1][CONSENSUS]addRawPrepare,height=32,reqIdx=1,hash=4a360b83...,time=0
info|2022-11-24 12:00:26.504285|[g:1][CONSENSUS][PBFT]checkTimeout Succ,view=64394,toView=64395,nodeIdx=0,changeCycle=1,myNode=54e27343...,timecost=1
info|2022-11-24 12:00:26.506453|[g:1][CONSENSUS][PBFT]checkAndChangeView: Reach consensus,org_view=64394,cur_changeCycle=1,curView=64394,view=64395
info|2022-11-24 12:00:26.683780|[P2P][Service] heartBeat,connected count=3
info|2022-11-24 12:00:27.507847|[g:1][CONSENSUS]addRawPrepare,height=32,reqIdx=2,hash=02109dba...,time=0
info|2022-11-24 12:00:27.508291|[g:1][CONSENSUS][PBFT]checkTimeout Succ,view=64395,toView=64396,nodeIdx=0,changeCycle=1,myNode=54e27343...,timecost=1
info|2022-11-24 12:00:27.510432|[g:1][CONSENSUS][PBFT]checkAndChangeView: Reach consensus,org_view=64395,cur_changeCycle=1,curView=64395,view=64396
info|2022-11-24 12:00:28.512541|[g:1][CONSENSUS]addRawPrepare,height=32,reqIdx=3,hash=86d378b9...,time=0
info|2022-11-24 12:00:28.512839|[g:1][CONSENSUS][PBFT]checkTimeout Succ,view=64396,toView=64397,nodeIdx=0,changeCycle=1,myNode=54e27343...,timecost=0
info|2022-11-24 12:00:28.513561|[g:1][CONSENSUS][PBFT]checkAndChangeView: Reach consensus,org_view=64396,cur_changeCycle=1,curView=64396,view=64397
info|2022-11-24 12:00:29.514111|[g:1][CONSENSUS][SEALER]++++++++++++++++ Generating seal on,blkNum=32,tx=0,nodeIdx=0,hash=e2ec17c8...
info|2022-11-24 12:00:29.515527|[g:1][CONSENSUS][PBFT]checkTimeout Succ,view=64397,toView=64398,nodeIdx=0,changeCycle=1,myNode=54e27343...,timecost=1
info|2022-11-24 12:00:29.519052|[g:1][CONSENSUS][PBFT]checkAndChangeView: Reach consensus,org_view=64397,cur_changeCycle=1,curView=64397,view=64398
info|2022-11-24 12:00:30.522830|[g:1][CONSENSUS]addRawPrepare,height=32,reqIdx=1,hash=6f368550...,time=0
info|2022-11-24 12:00:30.523886|[g:1][CONSENSUS][PBFT]checkTimeout Succ,view=64398,toView=64399,nodeIdx=0,changeCycle=1,myNode=54e27343...,timecost=1
info|2022-11-24 12:00:30.525567|[g:1][CONSENSUS][PBFT]checkAndChangeView: Reach consensus,org_view=64398,cur_changeCycle=1,curView=64398,view=64399
info|2022-11-24 12:00:31.528057|[g:1][CONSENSUS]addRawPrepare,height=32,reqIdx=2,hash=35a19c93...,time=0
info|2022-11-24 12:00:31.528749|[g:1][CONSENSUS][PBFT]checkTimeout Succ,view=64399,toView=64400,nodeIdx=0,changeCycle=1,myNode=54e27343...,timecost=0
info|2022-11-24 12:00:31.530657|[g:1][CONSENSUS][PBFT]checkAndChangeView: Reach consensus,org_view=64399,cur_changeCycle=1,curView=64399,view=64400
info|2022-11-24 12:00:32.551509|[g:1][CONSENSUS]addRawPrepare,height=32,reqIdx=3,hash=17a4673d...,time=0
info|2022-11-24 12:00:32.553138|[g:1][CONSENSUS][PBFT]checkTimeout Succ,view=64400,toView=64401,nodeIdx=0,changeCycle=1,myNode=54e27343...,timecost=2
info|2022-11-24 12:00:32.558319|[g:1][CONSENSUS][PBFT]checkAndChangeView: Reach consensus,org_view=64400,cur_changeCycle=1,curView=64400,view=64401
info|2022-11-24 12:00:33.558879|[g:1][CONSENSUS][SEALER]++++++++++++++++ Generating seal on,blkNum=32,tx=0,nodeIdx=0,hash=c6e1e003...
info|2022-11-24 12:00:33.563152|[g:1][CONSENSUS][PBFT]checkTimeout Succ,view=64401,toView=64402,nodeIdx=0,changeCycle=1,myNode=54e27343...,timecost=1
info|2022-11-24 12:00:33.564660|[g:1][CONSENSUS][PBFT]checkAndChangeView: Reach consensus,org_view=64401,cur_changeCycle=1,curView=64401,view=64402
info|2022-11-24 12:00:34.566513|[g:1][CONSENSUS]addRawPrepare,height=32,reqIdx=1,hash=83d77f71...,time=0
info|2022-11-24 12:00:34.567203|[g:1][CONSENSUS][PBFT]checkTimeout Succ,view=64402,toView=64403,nodeIdx=0,changeCycle=1,myNode=54e27343...,timecost=1
info|2022-11-24 12:00:34.569272|[g:1][CONSENSUS][PBFT]checkAndChangeView: Reach consensus,org_view=64402,cur_changeCycle=1,curView=64402,view=64403
info|2022-11-24 12:00:35.572443|[g:1][CONSENSUS]addRawPrepare,height=32,reqIdx=2,hash=2770ab0c...,time=0
info|2022-11-24 12:00:35.573490|[g:1][CONSENSUS][PBFT]checkTimeout Succ,view=64403,toView=64404,nodeIdx=0,changeCycle=1,myNode=54e27343...,timecost=1
info|2022-11-24 12:00:35.575767|[g:1][CONSENSUS][PBFT]checkAndChangeView: Reach consensus,org_view=64403,cur_changeCycle=1,curView=64403,view=64404
info|2022-11-24 12:00:36.579693|[g:1][CONSENSUS]addRawPrepare,height=32,reqIdx=3,hash=bad766d6...,time=0
info|2022-11-24 12:00:36.580369|[g:1][CONSENSUS][PBFT]checkTimeout Succ,view=64404,toView=64405,nodeIdx=0,changeCycle=1,myNode=54e27343...,timecost=1
info|2022-11-24 12:00:36.582302|[g:1][CONSENSUS][PBFT]checkAndChangeView: Reach consensus,org_view=64404,cur_changeCycle=1,curView=64404,view=64405
info|2022-11-24 12:00:36.684606|[P2P][Service] heartBeat,connected count=3
info|2022-11-24 12:00:37.583486|[g:1][CONSENSUS][SEALER]++++++++++++++++ Generating seal on,blkNum=32,tx=0,nodeIdx=0,hash=f01066f5...
info|2022-11-24 12:00:37.588030|[g:1][CONSENSUS][PBFT]checkTimeout Succ,view=64405,toView=64406,nodeIdx=0,changeCycle=1,myNode=54e27343...,timecost=1
info|2022-11-24 12:00:37.588819|[g:1][CONSENSUS][PBFT]checkAndChangeView: Reach consensus,org_view=64405,cur_changeCycle=1,curView=64405,view=64406
info|2022-11-24 12:00:38.589679|[g:1][CONSENSUS]addRawPrepare,height=32,reqIdx=1,hash=84c047dd...,time=0
info|2022-11-24 12:00:38.590028|[g:1][CONSENSUS][PBFT]checkTimeout Succ,view=64406,toView=64407,nodeIdx=0,changeCycle=1,myNode=54e27343...,timecost=1
info|2022-11-24 12:00:38.590821|[g:1][CONSENSUS][PBFT]checkAndChangeView: Reach consensus,org_view=64406,cur_changeCycle=1,curView=64406,view=64407
info|2022-11-24 12:00:39.592601|[g:1][CONSENSUS]addRawPrepare,height=32,reqIdx=2,hash=d085b67d...,time=0
info|2022-11-24 12:00:39.592990|[g:1][CONSENSUS][PBFT]checkTimeout Succ,view=64407,toView=64408,nodeIdx=0,changeCycle=1,myNode=54e27343...,timecost=1
info|2022-11-24 12:00:39.594036|[g:1][CONSENSUS][PBFT]checkAndChangeView: Reach consensus,org_view=64407,cur_changeCycle=1,curView=64407,view=64408
info|2022-11-24 12:00:40.598694|[g:1][CONSENSUS]addRawPrepare,height=32,reqIdx=3,hash=2236ff40...,time=0
info|2022-11-24 12:00:40.599748|[g:1][CONSENSUS][PBFT]checkTimeout Succ,view=64408,toView=64409,nodeIdx=0,changeCycle=1,myNode=54e27343...,timecost=1
info|2022-11-24 12:00:40.601485|[g:1][CONSENSUS][PBFT]checkAndChangeView: Reach consensus,org_view=64408,cur_changeCycle=1,curView=64408,view=64409
info|2022-11-24 12:00:41.602510|[g:1][CONSENSUS][SEALER]++++++++++++++++ Generating seal on,blkNum=32,tx=0,nodeIdx=0,hash=65a6b47d...
info|2022-11-24 12:00:41.607069|[g:1][CONSENSUS][PBFT]checkTimeout Succ,view=64409,toView=64410,nodeIdx=0,changeCycle=1,myNode=54e27343...,timecost=1
info|2022-11-24 12:00:41.607890|[g:1][CONSENSUS][PBFT]checkAndChangeView: Reach consensus,org_view=64409,cur_changeCycle=1,curView=64409,view=64410
info|2022-11-24 12:00:42.612084|[g:1][CONSENSUS]addRawPrepare,height=32,reqIdx=1,hash=52cfd1e4...,time=0
info|2022-11-24 12:00:42.612737|[g:1][CONSENSUS][PBFT]checkTimeout Succ,view=64410,toView=64411,nodeIdx=0,changeCycle=1,myNode=54e27343...,timecost=0
info|2022-11-24 12:00:42.614630|[g:1][CONSENSUS][PBFT]checkAndChangeView: Reach consensus,org_view=64410,cur_changeCycle=1,curView=64410,view=64411
info|2022-11-24 12:00:43.616032|[g:1][CONSENSUS]addRawPrepare,height=32,reqIdx=2,hash=e40cd7ed...,time=0
info|2022-11-24 12:00:43.616689|[g:1][CONSENSUS][PBFT]checkTimeout Succ,view=64411,toView=64412,nodeIdx=0,changeCycle=1,myNode=54e27343...,timecost=0
info|2022-11-24 12:00:43.618297|[g:1][CONSENSUS][PBFT]checkAndChangeView: Reach consensus,org_view=64411,cur_changeCycle=1,curView=64411,view=64412
info|2022-11-24 12:00:44.620506|[g:1][CONSENSUS]addRawPrepare,height=32,reqIdx=3,hash=fbe25aa9...,time=0
info|2022-11-24 12:00:44.621155|[g:1][CONSENSUS][PBFT]checkTimeout Succ,view=64412,toView=64413,nodeIdx=0,changeCycle=1,myNode=54e27343...,timecost=1
info|2022-11-24 12:00:44.623173|[g:1][CONSENSUS][PBFT]checkAndChangeView: Reach consensus,org_view=64412,cur_changeCycle=1,curView=64412,view=64413
info|2022-11-24 12:00:45.624886|[g:1][CONSENSUS][SEALER]++++++++++++++++ Generating seal on,blkNum=32,tx=0,nodeIdx=0,hash=0dfd7789...
info|2022-11-24 12:00:45.626769|[g:1][CONSENSUS][PBFT]checkTimeout Succ,view=64413,toView=64414,nodeIdx=0,changeCycle=1,myNode=54e27343...,timecost=0
info|2022-11-24 12:00:45.630639|[g:1][CONSENSUS][PBFT]checkAndChangeView: Reach consensus,org_view=64413,cur_changeCycle=1,curView=64413,view=64414
info|2022-11-24 12:00:46.633455|[g:1][CONSENSUS]addRawPrepare,height=32,reqIdx=1,hash=24293135...,time=0
info|2022-11-24 12:00:46.634278|[g:1][CONSENSUS][PBFT]checkTimeout Succ,view=64414,toView=64415,nodeIdx=0,changeCycle=1,myNode=54e27343...,timecost=1
info|2022-11-24 12:00:46.636655|[g:1][CONSENSUS][PBFT]checkAndChangeView: Reach consensus,org_view=64414,cur_changeCycle=1,curView=64414,view=64415
info|2022-11-24 12:00:46.684888|[P2P][Service] heartBeat,connected count=3
info|2022-11-24 12:00:47.640917|[g:1][CONSENSUS]addRawPrepare,height=32,reqIdx=2,hash=dfdbe426...,time=0
info|2022-11-24 12:00:47.641801|[g:1][CONSENSUS][PBFT]checkTimeout Succ,view=64415,toView=64416,nodeIdx=0,changeCycle=1,myNode=54e27343...,timecost=0
info|2022-11-24 12:00:47.643571|[g:1][CONSENSUS][PBFT]checkAndChangeView: Reach consensus,org_view=64415,cur_changeCycle=1,curView=64415,view=64416
info|2022-11-24 12:00:48.645086|[g:1][CONSENSUS]addRawPrepare,height=32,reqIdx=3,hash=3a6ef06d...,time=0
info|2022-11-24 12:00:48.645446|[g:1][CONSENSUS][PBFT]checkTimeout Succ,view=64416,toView=64417,nodeIdx=0,changeCycle=1,myNode=54e27343...,timecost=0
info|2022-11-24 12:00:48.646274|[g:1][CONSENSUS][PBFT]checkAndChangeView: Reach consensus,org_view=64416,cur_changeCycle=1,curView=64416,view=64417
info|2022-11-24 12:00:49.646513|[g:1][CONSENSUS][SEALER]++++++++++++++++ Generating seal on,blkNum=32,tx=0,nodeIdx=0,hash=a3d7d6fe...
info|2022-11-24 12:00:49.651785|[g:1][CONSENSUS][PBFT]checkTimeout Succ,view=64417,toView=64418,nodeIdx=0,changeCycle=1,myNode=54e27343...,timecost=0
info|2022-11-24 12:00:49.652741|[g:1][CONSENSUS][PBFT]checkAndChangeView: Reach consensus,org_view=64417,cur_changeCycle=1,curView=64417,view=64418
info|2022-11-24 12:00:50.654347|[g:1][CONSENSUS]addRawPrepare,height=32,reqIdx=1,hash=dc754ca9...,time=0
info|2022-11-24 12:00:50.654705|[g:1][CONSENSUS][PBFT]checkTimeout Succ,view=64418,toView=64419,nodeIdx=0,changeCycle=1,myNode=54e27343...,timecost=0
info|2022-11-24 12:00:50.655809|[g:1][CONSENSUS][PBFT]checkAndChangeView: Reach consensus,org_view=64418,cur_changeCycle=1,curView=64418,view=64419
info|2022-11-24 12:00:51.658649|[g:1][CONSENSUS]addRawPrepare,height=32,reqIdx=2,hash=62c5751e...,time=0
info|2022-11-24 12:00:51.659633|[g:1][CONSENSUS][PBFT]checkTimeout Succ,view=64419,toView=64420,nodeIdx=0,changeCycle=1,myNode=54e27343...,timecost=1
info|2022-11-24 12:00:51.662050|[g:1][CONSENSUS][PBFT]checkAndChangeView: Reach consensus,org_view=64419,cur_changeCycle=1,curView=64419,view=64420
info|2022-11-24 12:00:52.664778|[g:1][CONSENSUS]addRawPrepare,height=32,reqIdx=3,hash=d8047a4a...,time=0
info|2022-11-24 12:00:52.665401|[g:1][CONSENSUS][PBFT]checkTimeout Succ,view=64420,toView=64421,nodeIdx=0,changeCycle=1,myNode=54e27343...,timecost=1
info|2022-11-24 12:00:52.666952|[g:1][CONSENSUS][PBFT]checkAndChangeView: Reach consensus,org_view=64420,cur_changeCycle=1,curView=64420,view=64421
info|2022-11-24 12:00:53.668074|[g:1][CONSENSUS][SEALER]++++++++++++++++ Generating seal on,blkNum=32,tx=0,nodeIdx=0,hash=87a3b82b...
info|2022-11-24 12:00:53.669415|[g:1][CONSENSUS][PBFT]checkTimeout Succ,view=64421,toView=64422,nodeIdx=0,changeCycle=1,myNode=54e27343...,timecost=1
info|2022-11-24 12:00:53.673583|[g:1][CONSENSUS][PBFT]checkAndChangeView: Reach consensus,org_view=64421,cur_changeCycle=1,curView=64421,view=64422
info|2022-11-24 12:00:54.675540|[g:1][CONSENSUS]addRawPrepare,height=32,reqIdx=1,hash=edd3ccac...,time=0
info|2022-11-24 12:00:54.676569|[g:1][CONSENSUS][PBFT]checkTimeout Succ,view=64422,toView=64423,nodeIdx=0,changeCycle=1,myNode=54e27343...,timecost=1
info|2022-11-24 12:00:54.678788|[g:1][CONSENSUS][PBFT]checkAndChangeView: Reach consensus,org_view=64422,cur_changeCycle=1,curView=64422,view=64423
info|2022-11-24 12:00:55.682506|[g:1][CONSENSUS]addRawPrepare,height=32,reqIdx=2,hash=74ade1ee...,time=0
info|2022-11-24 12:00:55.683146|[g:1][CONSENSUS][PBFT]checkTimeout Succ,view=64423,toView=64424,nodeIdx=0,changeCycle=1,myNode=54e27343...,timecost=1
info|2022-11-24 12:00:55.684939|[g:1][CONSENSUS][PBFT]checkAndChangeView: Reach consensus,org_view=64423,cur_changeCycle=1,curView=64423,view=64424
info|2022-11-24 12:00:56.686267|[P2P][Service] heartBeat,connected count=3
info|2022-11-24 12:00:56.689757|[g:1][CONSENSUS]addRawPrepare,height=32,reqIdx=3,hash=a4802430...,time=0
info|2022-11-24 12:00:56.690473|[g:1][CONSENSUS][PBFT]checkTimeout Succ,view=64424,toView=64425,nodeIdx=0,changeCycle=1,myNode=54e27343...,timecost=1
info|2022-11-24 12:00:56.692390|[g:1][CONSENSUS][PBFT]checkAndChangeView: Reach consensus,org_view=64424,cur_changeCycle=1,curView=64424,view=64425
info|2022-11-24 12:00:57.693295|[g:1][CONSENSUS][SEALER]++++++++++++++++ Generating seal on,blkNum=32,tx=0,nodeIdx=0,hash=d11e78f1...
info|2022-11-24 12:00:57.697702|[g:1][CONSENSUS][PBFT]checkTimeout Succ,view=64425,toView=64426,nodeIdx=0,changeCycle=1,myNode=54e27343...,timecost=0
info|2022-11-24 12:00:57.698560|[g:1][CONSENSUS][PBFT]checkAndChangeView: Reach consensus,org_view=64425,cur_changeCycle=1,curView=64425,view=64426
info|2022-11-24 12:00:58.698754|[g:1][CONSENSUS]addRawPrepare,height=32,reqIdx=1,hash=d7555c30...,time=0
info|2022-11-24 12:00:58.699061|[g:1][CONSENSUS][PBFT]checkTimeout Succ,view=64426,toView=64427,nodeIdx=0,changeCycle=1,myNode=54e27343...,timecost=1
info|2022-11-24 12:00:58.699905|[g:1][CONSENSUS][PBFT]checkAndChangeView: Reach consensus,org_view=64426,cur_changeCycle=1,curView=64426,view=64427
info|2022-11-24 12:00:59.702388|[g:1][CONSENSUS]addRawPrepare,height=32,reqIdx=2,hash=3b94325a...,time=0
info|2022-11-24 12:00:59.702642|[g:1][CONSENSUS][PBFT]checkTimeout Succ,view=64427,toView=64428,nodeIdx=0,changeCycle=1,myNode=54e27343...,timecost=0
info|2022-11-24 12:00:59.703681|[g:1][CONSENSUS][PBFT]checkAndChangeView: Reach consensus,org_view=64427,cur_changeCycle=1,curView=64427,view=64428
info|2022-11-24 12:01:00.707068|[g:1][CONSENSUS]addRawPrepare,height=32,reqIdx=3,hash=15ed8145...,time=0
info|2022-11-24 12:01:00.707836|[g:1][CONSENSUS][PBFT]checkTimeout Succ,view=64428,toView=64429,nodeIdx=0,changeCycle=1,myNode=54e27343...,timecost=0
info|2022-11-24 12:01:00.710066|[g:1][CONSENSUS][PBFT]checkAndChangeView: Reach consensus,org_view=64428,cur_changeCycle=1,curView=64428,view=64429
info|2022-11-24 12:01:01.710809|[g:1][CONSENSUS][SEALER]++++++++++++++++ Generating seal on,blkNum=32,tx=0,nodeIdx=0,hash=050dff40...
info|2022-11-24 12:01:01.715955|[g:1][CONSENSUS][PBFT]checkTimeout Succ,view=64429,toView=64430,nodeIdx=0,changeCycle=1,myNode=54e27343...,timecost=0
info|2022-11-24 12:01:01.717101|[g:1][CONSENSUS][PBFT]checkAndChangeView: Reach consensus,org_view=64429,cur_changeCycle=1,curView=64429,view=64430
info|2022-11-24 12:01:02.720127|[g:1][CONSENSUS]addRawPrepare,height=32,reqIdx=1,hash=316f868a...,time=0
info|2022-11-24 12:01:02.720951|[g:1][CONSENSUS][PBFT]checkTimeout Succ,view=64430,toView=64431,nodeIdx=0,changeCycle=1,myNode=54e27343...,timecost=0
info|2022-11-24 12:01:02.722816|[g:1][CONSENSUS][PBFT]checkAndChangeView: Reach consensus,org_view=64430,cur_changeCycle=1,curView=64430,view=64431
info|2022-11-24 12:01:03.726246|[g:1][CONSENSUS]addRawPrepare,height=32,reqIdx=2,hash=d3db0084...,time=0
info|2022-11-24 12:01:03.726883|[g:1][CONSENSUS][PBFT]checkTimeout Succ,view=64431,toView=64432,nodeIdx=0,changeCycle=1,myNode=54e27343...,timecost=0
info|2022-11-24 12:01:03.729134|[g:1][CONSENSUS][PBFT]checkAndChangeView: Reach consensus,org_view=64431,cur_changeCycle=1,curView=64431,view=64432
info|2022-11-24 12:01:04.731342|[g:1][CONSENSUS]addRawPrepare,height=32,reqIdx=3,hash=6e8e94c1...,time=0
info|2022-11-24 12:01:04.732045|[g:1][CONSENSUS][PBFT]checkTimeout Succ,view=64432,toView=64433,nodeIdx=0,changeCycle=1,myNode=54e27343...,timecost=1
info|2022-11-24 12:01:04.733860|[g:1][CONSENSUS][PBFT]checkAndChangeView: Reach consensus,org_view=64432,cur_changeCycle=1,curView=64432,view=64433
info|2022-11-24 12:01:05.735509|[g:1][CONSENSUS][SEALER]++++++++++++++++ Generating seal on,blkNum=32,tx=0,nodeIdx=0,hash=47ad26ac...
info|2022-11-24 12:01:05.736933|[g:1][CONSENSUS][PBFT]checkTimeout Succ,view=64433,toView=64434,nodeIdx=0,changeCycle=1,myNode=54e27343...,timecost=0
info|2022-11-24 12:01:05.741884|[g:1][CONSENSUS][PBFT]checkAndChangeView: Reach consensus,org_view=64433,cur_changeCycle=1,curView=64433,view=64434
info|2022-11-24 12:01:06.687042|[P2P][Service] heartBeat,connected count=3
info|2022-11-24 12:01:06.743676|[g:1][CONSENSUS]addRawPrepare,height=32,reqIdx=1,hash=4a1a3762...,time=0
info|2022-11-24 12:01:06.744045|[g:1][CONSENSUS][PBFT]checkTimeout Succ,view=64434,toView=64435,nodeIdx=0,changeCycle=1,myNode=54e27343...,timecost=1
info|2022-11-24 12:01:06.744970|[g:1][CONSENSUS][PBFT]checkAndChangeView: Reach consensus,org_view=64434,cur_changeCycle=1,curView=64434,view=64435
info|2022-11-24 12:01:07.746151|[g:1][CONSENSUS]addRawPrepare,height=32,reqIdx=2,hash=b32737a1...,time=0
info|2022-11-24 12:01:07.746444|[g:1][CONSENSUS][PBFT]checkTimeout Succ,view=64435,toView=64436,nodeIdx=0,changeCycle=1,myNode=54e27343...,timecost=0
info|2022-11-24 12:01:07.747249|[g:1][CONSENSUS][PBFT]checkAndChangeView: Reach consensus,org_view=64435,cur_changeCycle=1,curView=64435,view=64436
info|2022-11-24 12:01:08.748726|[g:1][CONSENSUS]addRawPrepare,height=32,reqIdx=3,hash=272a432b...,time=0
info|2022-11-24 12:01:08.749036|[g:1][CONSENSUS][PBFT]checkTimeout Succ,view=64436,toView=64437,nodeIdx=0,changeCycle=1,myNode=54e27343...,timecost=1
info|2022-11-24 12:01:08.750719|[g:1][CONSENSUS][PBFT]checkAndChangeView: Reach consensus,org_view=64436,cur_changeCycle=1,curView=64436,view=64437
info|2022-11-24 12:01:09.751566|[g:1][CONSENSUS][SEALER]++++++++++++++++ Generating seal on,blkNum=32,tx=0,nodeIdx=0,hash=7a2777e7...
info|2022-11-24 12:01:09.752242|[g:1][CONSENSUS][PBFT]checkTimeout Succ,view=64437,toView=64438,nodeIdx=0,changeCycle=1,myNode=54e27343...,timecost=1
info|2022-11-24 12:01:09.753982|[g:1][CONSENSUS][PBFT]checkAndChangeView: Reach consensus,org_view=64437,cur_changeCycle=1,curView=64437,view=64438
info|2022-11-24 12:01:10.754134|[g:1][CONSENSUS]addRawPrepare,height=32,reqIdx=1,hash=fdb9b66e...,time=0
info|2022-11-24 12:01:10.754475|[g:1][CONSENSUS][PBFT]checkTimeout Succ,view=64438,toView=64439,nodeIdx=0,changeCycle=1,myNode=54e27343...,timecost=0
info|2022-11-24 12:01:10.755420|[g:1][CONSENSUS][PBFT]checkAndChangeView: Reach consensus,org_view=64438,cur_changeCycle=1,curView=64438,view=64439
info|2022-11-24 12:01:11.756825|[g:1][CONSENSUS]addRawPrepare,height=32,reqIdx=2,hash=d489b13d...,time=0
info|2022-11-24 12:01:11.757142|[g:1][CONSENSUS][PBFT]checkTimeout Succ,view=64439,toView=64440,nodeIdx=0,changeCycle=1,myNode=54e27343...,timecost=1
info|2022-11-24 12:01:11.757739|[g:1][CONSENSUS][PBFT]checkAndChangeView: Reach consensus,org_view=64439,cur_changeCycle=1,curView=64439,view=64440
info|2022-11-24 12:01:12.760034|[g:1][CONSENSUS]addRawPrepare,height=32,reqIdx=3,hash=85778545...,time=0
info|2022-11-24 12:01:12.760290|[g:1][CONSENSUS][PBFT]checkTimeout Succ,view=64440,toView=64441,nodeIdx=0,changeCycle=1,myNode=54e27343...,timecost=0
info|2022-11-24 12:01:12.760979|[g:1][CONSENSUS][PBFT]checkAndChangeView: Reach consensus,org_view=64440,cur_changeCycle=1,curView=64440,view=64441
info|2022-11-24 12:01:13.764435|[g:1][CONSENSUS][SEALER]++++++++++++++++ Generating seal on,blkNum=32,tx=0,nodeIdx=0,hash=6af38573...
info|2022-11-24 12:01:13.764992|[g:1][CONSENSUS][PBFT]checkTimeout Succ,view=64441,toView=64442,nodeIdx=0,changeCycle=1,myNode=54e27343...,timecost=1
info|2022-11-24 12:01:13.766309|[g:1][CONSENSUS][PBFT]checkAndChangeView: Reach consensus,org_view=64441,cur_changeCycle=1,curView=64441,view=64442
info|2022-11-24 12:01:14.769403|[g:1][CONSENSUS]addRawPrepare,height=32,reqIdx=1,hash=8249964e...,time=0
info|2022-11-24 12:01:14.769665|[g:1][CONSENSUS][PBFT]checkTimeout Succ,view=64442,toView=64443,nodeIdx=0,changeCycle=1,myNode=54e27343...,timecost=0
info|2022-11-24 12:01:14.770346|[g:1][CONSENSUS][PBFT]checkAndChangeView: Reach consensus,org_view=64442,cur_changeCycle=1,curView=64442,view=64443
info|2022-11-24 12:01:15.773700|[g:1][CONSENSUS]addRawPrepare,height=32,reqIdx=2,hash=c784b975...,time=0
info|2022-11-24 12:01:15.774038|[g:1][CONSENSUS][PBFT]checkTimeout Succ,view=64443,toView=64444,nodeIdx=0,changeCycle=1,myNode=54e27343...,timecost=1
info|2022-11-24 12:01:15.774810|[g:1][CONSENSUS][PBFT]checkAndChangeView: Reach consensus,org_view=64443,cur_changeCycle=1,curView=64443,view=64444
info|2022-11-24 12:01:16.688339|[P2P][Service] heartBeat,connected count=3
info|2022-11-24 12:01:16.777165|[g:1][CONSENSUS]addRawPrepare,height=32,reqIdx=3,hash=8765a1ae...,time=0
info|2022-11-24 12:01:16.777437|[g:1][CONSENSUS][PBFT]checkTimeout Succ,view=64444,toView=64445,nodeIdx=0,changeCycle=1,myNode=54e27343...,timecost=0
info|2022-11-24 12:01:16.778390|[g:1][CONSENSUS][PBFT]checkAndChangeView: Reach consensus,org_view=64444,cur_changeCycle=1,curView=64444,view=64445
info|2022-11-24 12:01:17.780870|[g:1][CONSENSUS][SEALER]++++++++++++++++ Generating seal on,blkNum=32,tx=0,nodeIdx=0,hash=f7317802...
info|2022-11-24 12:01:17.786788|[g:1][CONSENSUS][PBFT]checkTimeout Succ,view=64445,toView=64446,nodeIdx=0,changeCycle=1,myNode=54e27343...,timecost=0
info|2022-11-24 12:01:17.787647|[g:1][CONSENSUS][PBFT]checkAndChangeView: Reach consensus,org_view=64445,cur_changeCycle=1,curView=64445,view=64446
info|2022-11-24 12:01:18.791385|[g:1][CONSENSUS]addRawPrepare,height=32,reqIdx=1,hash=78d1c876...,time=0
info|2022-11-24 12:01:18.792046|[g:1][CONSENSUS][PBFT]checkTimeout Succ,view=64446,toView=64447,nodeIdx=0,changeCycle=1,myNode=54e27343...,timecost=1
info|2022-11-24 12:01:18.793606|[g:1][CONSENSUS][PBFT]checkAndChangeView: Reach consensus,org_view=64446,cur_changeCycle=1,curView=64446,view=64447
info|2022-11-24 12:01:19.797857|[g:1][CONSENSUS]addRawPrepare,height=32,reqIdx=2,hash=abbea85e...,time=0
info|2022-11-24 12:01:19.798859|[g:1][CONSENSUS][PBFT]checkTimeout Succ,view=64447,toView=64448,nodeIdx=0,changeCycle=1,myNode=54e27343...,timecost=0
info|2022-11-24 12:01:19.800456|[g:1][CONSENSUS][PBFT]checkAndChangeView: Reach consensus,org_view=64447,cur_changeCycle=1,curView=64447,view=64448
info|2022-11-24 12:01:20.803473|[g:1][CONSENSUS]addRawPrepare,height=32,reqIdx=3,hash=97d390c9...,time=0
info|2022-11-24 12:01:20.803841|[g:1][CONSENSUS][PBFT]checkTimeout Succ,view=64448,toView=64449,nodeIdx=0,changeCycle=1,myNode=54e27343...,timecost=0
info|2022-11-24 12:01:20.804775|[g:1][CONSENSUS][PBFT]checkAndChangeView: Reach consensus,org_view=64448,cur_changeCycle=1,curView=64448,view=64449
info|2022-11-24 12:01:21.807063|[g:1][CONSENSUS][SEALER]++++++++++++++++ Generating seal on,blkNum=32,tx=0,nodeIdx=0,hash=17bcd5e9...
info|2022-11-24 12:01:21.808489|[g:1][CONSENSUS][PBFT]checkTimeout Succ,view=64449,toView=64450,nodeIdx=0,changeCycle=1,myNode=54e27343...,timecost=1
info|2022-11-24 12:01:21.812765|[g:1][CONSENSUS][PBFT]checkAndChangeView: Reach consensus,org_view=64449,cur_changeCycle=1,curView=64449,view=64450
info|2022-11-24 12:01:22.815664|[g:1][CONSENSUS]addRawPrepare,height=32,reqIdx=1,hash=997be87e...,time=0
info|2022-11-24 12:01:22.816331|[g:1][CONSENSUS][PBFT]checkTimeout Succ,view=64450,toView=64451,nodeIdx=0,changeCycle=1,myNode=54e27343...,timecost=1
info|2022-11-24 12:01:22.818823|[g:1][CONSENSUS][PBFT]checkAndChangeView: Reach consensus,org_view=64450,cur_changeCycle=1,curView=64450,view=64451
info|2022-11-24 12:01:23.823090|[g:1][CONSENSUS]addRawPrepare,height=32,reqIdx=2,hash=385c011b...,time=0
info|2022-11-24 12:01:23.824129|[g:1][CONSENSUS][PBFT]checkTimeout Succ,view=64451,toView=64452,nodeIdx=0,changeCycle=1,myNode=54e27343...,timecost=1
info|2022-11-24 12:01:23.826686|[g:1][CONSENSUS][PBFT]checkAndChangeView: Reach consensus,org_view=64451,cur_changeCycle=1,curView=64451,view=64452
info|2022-11-24 12:01:24.831161|[g:1][CONSENSUS]addRawPrepare,height=32,reqIdx=3,hash=7fb7b457...,time=0
info|2022-11-24 12:01:24.831807|[g:1][CONSENSUS][PBFT]checkTimeout Succ,view=64452,toView=64453,nodeIdx=0,changeCycle=1,myNode=54e27343...,timecost=0
info|2022-11-24 12:01:24.833351|[g:1][CONSENSUS][PBFT]checkAndChangeView: Reach consensus,org_view=64452,cur_changeCycle=1,curView=64452,view=64453
info|2022-11-24 12:01:25.834669|[g:1][CONSENSUS][SEALER]++++++++++++++++ Generating seal on,blkNum=32,tx=0,nodeIdx=0,hash=88d0b5ca...
info|2022-11-24 12:01:25.839915|[g:1][CONSENSUS][PBFT]checkTimeout Succ,view=64453,toView=64454,nodeIdx=0,changeCycle=1,myNode=54e27343...,timecost=0
info|2022-11-24 12:01:25.841420|[g:1][CONSENSUS][PBFT]checkAndChangeView: Reach consensus,org_view=64453,cur_changeCycle=1,curView=64453,view=64454
info|2022-11-24 12:01:26.689662|[P2P][Service] heartBeat,connected count=3
info|2022-11-24 12:01:26.844767|[g:1][CONSENSUS]addRawPrepare,height=32,reqIdx=1,hash=33a724e5...,time=0
info|2022-11-24 12:01:26.845421|[g:1][CONSENSUS][PBFT]checkTimeout Succ,view=64454,toView=64455,nodeIdx=0,changeCycle=1,myNode=54e27343...,timecost=1
info|2022-11-24 12:01:26.847242|[g:1][CONSENSUS][PBFT]checkAndChangeView: Reach consensus,org_view=64454,cur_changeCycle=1,curView=64454,view=64455
info|2022-11-24 12:01:27.850988|[g:1][CONSENSUS]addRawPrepare,height=32,reqIdx=2,hash=e0816b36...,time=1
info|2022-11-24 12:01:27.851634|[g:1][CONSENSUS][PBFT]checkTimeout Succ,view=64455,toView=64456,nodeIdx=0,changeCycle=1,myNode=54e27343...,timecost=0
info|2022-11-24 12:01:27.853605|[g:1][CONSENSUS][PBFT]checkAndChangeView: Reach consensus,org_view=64455,cur_changeCycle=1,curView=64455,view=64456
info|2022-11-24 12:01:28.855858|[g:1][CONSENSUS]addRawPrepare,height=32,reqIdx=3,hash=3908604b...,time=0
info|2022-11-24 12:01:28.856200|[g:1][CONSENSUS][PBFT]checkTimeout Succ,view=64456,toView=64457,nodeIdx=0,changeCycle=1,myNode=54e27343...,timecost=1
info|2022-11-24 12:01:28.857486|[g:1][CONSENSUS][PBFT]checkAndChangeView: Reach consensus,org_view=64456,cur_changeCycle=1,curView=64456,view=64457
