info|2023-04-06 15:00:00.449903|[g:1][CONSENSUS]addRawPrepare,height=196,reqIdx=1,hash=6b694468...,time=0
info|2023-04-06 15:00:00.450308|[g:1][CONSENSUS][PBFT]checkTimeout Succ,view=77758,toView=77759,nodeIdx=0,changeCycle=1,myNode=54e27343...,timecost=1
info|2023-04-06 15:00:00.451197|[g:1][CONSENSUS][PBFT]checkAndChangeView: Reach consensus,org_view=77758,cur_changeCycle=1,curView=77758,view=77759
info|2023-04-06 15:00:00.513659|[P2P][Service] heartBeat,connected count=3
info|2023-04-06 15:00:01.454780|[g:1][CONSENSUS]addRawPrepare,height=196,reqIdx=2,hash=301331d5...,time=0
info|2023-04-06 15:00:01.455749|[g:1][CONSENSUS][PBFT]checkTimeout Succ,view=77759,toView=77760,nodeIdx=0,changeCycle=1,myNode=54e27343...,timecost=1
info|2023-04-06 15:00:01.457374|[g:1][CONSENSUS][PBFT]checkAndChangeView: Reach consensus,org_view=77759,cur_changeCycle=1,curView=77759,view=77760
info|2023-04-06 15:00:02.460261|[g:1][CONSENSUS]addRawPrepare,height=196,reqIdx=3,hash=46533db7...,time=0
info|2023-04-06 15:00:02.460850|[g:1][CONSENSUS][PBFT]checkTimeout Succ,view=77760,toView=77761,nodeIdx=0,changeCycle=1,myNode=54e27343...,timecost=0
info|2023-04-06 15:00:02.462677|[g:1][CONSENSUS][PBFT]checkAndChangeView: Reach consensus,org_view=77760,cur_changeCycle=1,curView=77760,view=77761
info|2023-04-06 15:00:03.462796|[g:1][CONSENSUS][SEALER]++++++++++++++++ Generating seal on,blkNum=196,tx=0,nodeIdx=0,hash=6327725a...
info|2023-04-06 15:00:03.468261|[g:1][CONSENSUS][PBFT]checkTimeout Succ,view=77761,toView=77762,nodeIdx=0,changeCycle=1,myNode=54e27343...,timecost=1
info|2023-04-06 15:00:03.469079|[g:1][CONSENSUS][PBFT]checkAndChangeView: Reach consensus,org_view=77761,cur_changeCycle=1,curView=77761,view=77762
info|2023-04-06 15:00:04.471183|[g:1][CONSENSUS]addRawPrepare,height=196,reqIdx=1,hash=7fd37758...,time=0
info|2023-04-06 15:00:04.471771|[g:1][CONSENSUS][PBFT]checkTimeout Succ,view=77762,toView=77763,nodeIdx=0,changeCycle=1,myNode=54e27343...,timecost=0
info|2023-04-06 15:00:04.473833|[g:1][CONSENSUS][PBFT]checkAndChangeView: Reach consensus,org_view=77762,cur_changeCycle=1,curView=77762,view=77763
info|2023-04-06 15:00:05.476079|[g:1][CONSENSUS]addRawPrepare,height=196,reqIdx=2,hash=29d5ab24...,time=0
info|2023-04-06 15:00:05.476659|[g:1][CONSENSUS][PBFT]checkTimeout Succ,view=77763,toView=77764,nodeIdx=0,changeCycle=1,myNode=54e27343...,timecost=0
info|2023-04-06 15:00:05.478680|[g:1][CONSENSUS][PBFT]checkAndChangeView: Reach consensus,org_view=77763,cur_changeCycle=1,curView=77763,view=77764
info|2023-04-06 15:00:06.479988|[g:1][CONSENSUS]addRawPrepare,height=196,reqIdx=3,hash=e46e1245...,time=0
info|2023-04-06 15:00:06.480458|[g:1][CONSENSUS][PBFT]checkTimeout Succ,view=77764,toView=77765,nodeIdx=0,changeCycle=1,myNode=54e27343...,timecost=0
info|2023-04-06 15:00:06.481637|[g:1][CONSENSUS][PBFT]checkAndChangeView: Reach consensus,org_view=77764,cur_changeCycle=1,curView=77764,view=77765
info|2023-04-06 15:00:07.481355|[g:1][CONSENSUS][SEALER]++++++++++++++++ Generating seal on,blkNum=196,tx=0,nodeIdx=0,hash=46b922ed...
info|2023-04-06 15:00:07.481884|[g:1][CONSENSUS][PBFT]checkTimeout Succ,view=77765,toView=77766,nodeIdx=0,changeCycle=1,myNode=54e27343...,timecost=0
info|2023-04-06 15:00:07.483365|[g:1][CONSENSUS][PBFT]checkAndChangeView: Reach consensus,org_view=77765,cur_changeCycle=1,curView=77765,view=77766
info|2023-04-06 15:00:08.489196|[g:1][CONSENSUS]addRawPrepare,height=196,reqIdx=1,hash=9d345258...,time=0
info|2023-04-06 15:00:08.490360|[g:1][CONSENSUS][PBFT]checkTimeout Succ,view=77766,toView=77767,nodeIdx=0,changeCycle=1,myNode=54e27343...,timecost=1
info|2023-04-06 15:00:08.492749|[g:1][CONSENSUS][PBFT]checkAndChangeView: Reach consensus,org_view=77766,cur_changeCycle=1,curView=77766,view=77767
info|2023-04-06 15:00:09.542263|[g:1][CONSENSUS]addRawPrepare,height=196,reqIdx=2,hash=dddc999d...,time=0
info|2023-04-06 15:00:09.549482|[g:1][CONSENSUS][PBFT]checkTimeout Succ,view=77767,toView=77768,nodeIdx=0,changeCycle=1,myNode=54e27343...,timecost=7
info|2023-04-06 15:00:09.550514|[g:1][CONSENSUS][PBFT]checkAndChangeView: Reach consensus,org_view=77767,cur_changeCycle=1,curView=77767,view=77768
info|2023-04-06 15:00:10.514341|[P2P][Service] heartBeat,connected count=3
info|2023-04-06 15:00:10.546100|[g:1][CONSENSUS]addRawPrepare,height=196,reqIdx=3,hash=2f9f8834...,time=0
info|2023-04-06 15:00:10.546386|[g:1][CONSENSUS][PBFT]checkTimeout Succ,view=77768,toView=77769,nodeIdx=0,changeCycle=1,myNode=54e27343...,timecost=0
info|2023-04-06 15:00:10.547348|[g:1][CONSENSUS][PBFT]checkAndChangeView: Reach consensus,org_view=77768,cur_changeCycle=1,curView=77768,view=77769
info|2023-04-06 15:00:11.547798|[g:1][CONSENSUS][SEALER]++++++++++++++++ Generating seal on,blkNum=196,tx=0,nodeIdx=0,hash=bb3a9fac...
info|2023-04-06 15:00:11.548448|[g:1][CONSENSUS][PBFT]checkTimeout Succ,view=77769,toView=77770,nodeIdx=0,changeCycle=1,myNode=54e27343...,timecost=0
info|2023-04-06 15:00:11.550290|[g:1][CONSENSUS][PBFT]checkAndChangeView: Reach consensus,org_view=77769,cur_changeCycle=1,curView=77769,view=77770
info|2023-04-06 15:00:12.551675|[g:1][CONSENSUS]addRawPrepare,height=196,reqIdx=1,hash=2f3d21cc...,time=0
info|2023-04-06 15:00:12.551963|[g:1][CONSENSUS][PBFT]checkTimeout Succ,view=77770,toView=77771,nodeIdx=0,changeCycle=1,myNode=54e27343...,timecost=0
info|2023-04-06 15:00:12.552940|[g:1][CONSENSUS][PBFT]checkAndChangeView: Reach consensus,org_view=77770,cur_changeCycle=1,curView=77770,view=77771
info|2023-04-06 15:00:13.553952|[g:1][CONSENSUS]addRawPrepare,height=196,reqIdx=2,hash=270789db...,time=0
info|2023-04-06 15:00:13.554233|[g:1][CONSENSUS][PBFT]checkTimeout Succ,view=77771,toView=77772,nodeIdx=0,changeCycle=1,myNode=54e27343...,timecost=1
info|2023-04-06 15:00:13.555338|[g:1][CONSENSUS][PBFT]checkAndChangeView: Reach consensus,org_view=77771,cur_changeCycle=1,curView=77771,view=77772
info|2023-04-06 15:00:14.556608|[g:1][CONSENSUS]addRawPrepare,height=196,reqIdx=3,hash=a59fabed...,time=0
info|2023-04-06 15:00:14.556860|[g:1][CONSENSUS][PBFT]checkTimeout Succ,view=77772,toView=77773,nodeIdx=0,changeCycle=1,myNode=54e27343...,timecost=0
info|2023-04-06 15:00:14.557590|[g:1][CONSENSUS][PBFT]checkAndChangeView: Reach consensus,org_view=77772,cur_changeCycle=1,curView=77772,view=77773
info|2023-04-06 15:00:15.558409|[g:1][CONSENSUS][SEALER]++++++++++++++++ Generating seal on,blkNum=196,tx=0,nodeIdx=0,hash=708d11d2...
info|2023-04-06 15:00:15.558895|[g:1][CONSENSUS][PBFT]checkTimeout Succ,view=77773,toView=77774,nodeIdx=0,changeCycle=1,myNode=54e27343...,timecost=0
info|2023-04-06 15:00:15.560400|[g:1][CONSENSUS][PBFT]checkAndChangeView: Reach consensus,org_view=77773,cur_changeCycle=1,curView=77773,view=77774
info|2023-04-06 15:00:16.561300|[g:1][CONSENSUS]addRawPrepare,height=196,reqIdx=1,hash=20b60047...,time=0
info|2023-04-06 15:00:16.561558|[g:1][CONSENSUS][PBFT]checkTimeout Succ,view=77774,toView=77775,nodeIdx=0,changeCycle=1,myNode=54e27343...,timecost=0
info|2023-04-06 15:00:16.562165|[g:1][CONSENSUS][PBFT]checkAndChangeView: Reach consensus,org_view=77774,cur_changeCycle=1,curView=77774,view=77775
info|2023-04-06 15:00:17.563675|[g:1][CONSENSUS]addRawPrepare,height=196,reqIdx=2,hash=de01c1fc...,time=0
info|2023-04-06 15:00:17.563960|[g:1][CONSENSUS][PBFT]checkTimeout Succ,view=77775,toView=77776,nodeIdx=0,changeCycle=1,myNode=54e27343...,timecost=0
info|2023-04-06 15:00:17.564769|[g:1][CONSENSUS][PBFT]checkAndChangeView: Reach consensus,org_view=77775,cur_changeCycle=1,curView=77775,view=77776
info|2023-04-06 15:00:18.704866|[g:1][CONSENSUS]addRawPrepare,height=196,reqIdx=3,hash=5ed42c10...,time=0
info|2023-04-06 15:00:18.705196|[g:1][CONSENSUS][PBFT]checkTimeout Succ,view=77776,toView=77777,nodeIdx=0,changeCycle=1,myNode=54e27343...,timecost=1
info|2023-04-06 15:00:18.716177|[g:1][CONSENSUS][PBFT]checkAndChangeView: Reach consensus,org_view=77776,cur_changeCycle=1,curView=77776,view=77777
info|2023-04-06 15:00:19.715689|[g:1][CONSENSUS][SEALER]++++++++++++++++ Generating seal on,blkNum=196,tx=0,nodeIdx=0,hash=efcaacf8...
info|2023-04-06 15:00:19.718089|[g:1][CONSENSUS][PBFT]checkTimeout Succ,view=77777,toView=77778,nodeIdx=0,changeCycle=1,myNode=54e27343...,timecost=1
info|2023-04-06 15:00:19.718820|[g:1][CONSENSUS][PBFT]checkAndChangeView: Reach consensus,org_view=77777,cur_changeCycle=1,curView=77777,view=77778
info|2023-04-06 15:00:20.514801|[P2P][Service] heartBeat,connected count=3
info|2023-04-06 15:00:20.720048|[g:1][CONSENSUS]addRawPrepare,height=196,reqIdx=1,hash=d93d4a8e...,time=0
info|2023-04-06 15:00:20.720407|[g:1][CONSENSUS][PBFT]checkTimeout Succ,view=77778,toView=77779,nodeIdx=0,changeCycle=1,myNode=54e27343...,timecost=0
info|2023-04-06 15:00:20.721669|[g:1][CONSENSUS][PBFT]checkAndChangeView: Reach consensus,org_view=77778,cur_changeCycle=1,curView=77778,view=77779
info|2023-04-06 15:00:21.723902|[g:1][CONSENSUS]addRawPrepare,height=196,reqIdx=2,hash=4f38b60e...,time=0
info|2023-04-06 15:00:21.724181|[g:1][CONSENSUS][PBFT]checkTimeout Succ,view=77779,toView=77780,nodeIdx=0,changeCycle=1,myNode=54e27343...,timecost=1
info|2023-04-06 15:00:21.725320|[g:1][CONSENSUS][PBFT]checkAndChangeView: Reach consensus,org_view=77779,cur_changeCycle=1,curView=77779,view=77780
info|2023-04-06 15:00:22.727154|[g:1][CONSENSUS]addRawPrepare,height=196,reqIdx=3,hash=ed94a9ba...,time=0
info|2023-04-06 15:00:22.727795|[g:1][CONSENSUS][PBFT]checkTimeout Succ,view=77780,toView=77781,nodeIdx=0,changeCycle=1,myNode=54e27343...,timecost=0
info|2023-04-06 15:00:22.729493|[g:1][CONSENSUS][PBFT]checkAndChangeView: Reach consensus,org_view=77780,cur_changeCycle=1,curView=77780,view=77781
info|2023-04-06 15:00:23.730723|[g:1][CONSENSUS][SEALER]++++++++++++++++ Generating seal on,blkNum=196,tx=0,nodeIdx=0,hash=7d7a7f1b...
info|2023-04-06 15:00:23.731900|[g:1][CONSENSUS][PBFT]checkTimeout Succ,view=77781,toView=77782,nodeIdx=0,changeCycle=1,myNode=54e27343...,timecost=0
info|2023-04-06 15:00:23.734993|[g:1][CONSENSUS][PBFT]checkAndChangeView: Reach consensus,org_view=77781,cur_changeCycle=1,curView=77781,view=77782
info|2023-04-06 15:00:24.738226|[g:1][CONSENSUS]addRawPrepare,height=196,reqIdx=1,hash=eac990ab...,time=0
info|2023-04-06 15:00:24.738875|[g:1][CONSENSUS][PBFT]checkTimeout Succ,view=77782,toView=77783,nodeIdx=0,changeCycle=1,myNode=54e27343...,timecost=0
info|2023-04-06 15:00:24.741283|[g:1][CONSENSUS][PBFT]checkAndChangeView: Reach consensus,org_view=77782,cur_changeCycle=1,curView=77782,view=77783
info|2023-04-06 15:00:25.743394|[g:1][CONSENSUS]addRawPrepare,height=196,reqIdx=2,hash=c4201e27...,time=0
info|2023-04-06 15:00:25.744137|[g:1][CONSENSUS][PBFT]checkTimeout Succ,view=77783,toView=77784,nodeIdx=0,changeCycle=1,myNode=54e27343...,timecost=1
info|2023-04-06 15:00:25.746072|[g:1][CONSENSUS][PBFT]checkAndChangeView: Reach consensus,org_view=77783,cur_changeCycle=1,curView=77783,view=77784
info|2023-04-06 15:00:26.748779|[g:1][CONSENSUS]addRawPrepare,height=196,reqIdx=3,hash=6b1a8470...,time=0
info|2023-04-06 15:00:26.749719|[g:1][CONSENSUS][PBFT]checkTimeout Succ,view=77784,toView=77785,nodeIdx=0,changeCycle=1,myNode=54e27343...,timecost=1
info|2023-04-06 15:00:26.751701|[g:1][CONSENSUS][PBFT]checkAndChangeView: Reach consensus,org_view=77784,cur_changeCycle=1,curView=77784,view=77785
info|2023-04-06 15:00:27.752373|[g:1][CONSENSUS][SEALER]++++++++++++++++ Generating seal on,blkNum=196,tx=0,nodeIdx=0,hash=3b6af182...
info|2023-04-06 15:00:27.756609|[g:1][CONSENSUS][PBFT]checkTimeout Succ,view=77785,toView=77786,nodeIdx=0,changeCycle=1,myNode=54e27343...,timecost=0
info|2023-04-06 15:00:27.757524|[g:1][CONSENSUS][PBFT]checkAndChangeView: Reach consensus,org_view=77785,cur_changeCycle=1,curView=77785,view=77786
info|2023-04-06 15:00:28.757379|[g:1][CONSENSUS]addRawPrepare,height=196,reqIdx=1,hash=e025598f...,time=0
info|2023-04-06 15:00:28.757864|[g:1][CONSENSUS][PBFT]checkTimeout Succ,view=77786,toView=77787,nodeIdx=0,changeCycle=1,myNode=54e27343...,timecost=0
info|2023-04-06 15:00:28.758938|[g:1][CONSENSUS][PBFT]checkAndChangeView: Reach consensus,org_view=77786,cur_changeCycle=1,curView=77786,view=77787
info|2023-04-06 15:00:29.761891|[g:1][CONSENSUS]addRawPrepare,height=196,reqIdx=2,hash=927d32af...,time=0
info|2023-04-06 15:00:29.762380|[g:1][CONSENSUS][PBFT]checkTimeout Succ,view=77787,toView=77788,nodeIdx=0,changeCycle=1,myNode=54e27343...,timecost=1
info|2023-04-06 15:00:29.763331|[g:1][CONSENSUS][PBFT]checkAndChangeView: Reach consensus,org_view=77787,cur_changeCycle=1,curView=77787,view=77788
