info|2022-11-11 00:00:30.379068|[NETWORK][Host]Connecting to node,endpoint=127.0.0.1:30300
warning|2022-11-11 00:00:30.369098|[g:1][CONSENSUS][PBFT]ViewChangeWarning: not caused by omit empty block ,v=59922,toV=59925,curNum=19,hash=bcafa72f...,nodeIdx=0,myNode=54e27343...
warning|2022-11-11 00:00:30.447995|[g:1][CONSENSUS][PBFT]Find disconnectedNode,disconnectedNodeSize=3,sessionSize=0,minValidNodes=3,connectedNodeList=,disconnectedNode=74ec5d39..., 8170ed0b..., c30b6e4f..., ,idx=0
info|2022-11-11 00:00:30.530236|[g:1][CONSENSUS][PBFT]checkTimeout Succ,view=59922,toView=59925,nodeIdx=0,changeCycle=4,myNode=54e27343...,timecost=267
info|2022-11-11 00:00:30.542745|[NETWORK][Host]Connecting to node,endpoint=127.0.0.1:30301
info|2022-11-11 00:00:30.564169|[NETWORK][Host]Connecting to node,endpoint=127.0.0.1:30303
info|2022-11-11 00:00:30.600577|[P2P][Service] heartBeat,connected count=0
info|2022-11-11 00:00:30.601856|[NETWORK][ASIO]asyncResolveConnect,endpoint=127.0.0.1:30300
info|2022-11-11 00:00:30.602072|[NETWORK][ASIO]asyncResolveConnect,endpoint=127.0.0.1:30301
info|2022-11-11 00:00:30.602169|[NETWORK][ASIO]asyncResolveConnect,endpoint=127.0.0.1:30303
info|2022-11-11 00:00:30.602196|[NETWORK][Host]P2P Recv Connect, From=127.0.0.1:55968
info|2022-11-11 00:00:30.602412|[NETWORK][Host]P2P StartAccept,Host=0.0.0.0:30302
info|2022-11-11 00:00:30.617301|[NETWORK][Host]P2P Recv Connect, From=127.0.0.1:55971
info|2022-11-11 00:00:30.617403|[NETWORK][Host]P2P StartAccept,Host=0.0.0.0:30302
info|2022-11-11 00:00:30.626841|[NETWORK][Host]P2P Recv Connect, From=127.0.0.1:55977
info|2022-11-11 00:00:30.634091|[NETWORK][Host]P2P StartAccept,Host=0.0.0.0:30302
error|2022-11-11 00:00:31.069192|[NETWORK][Host]Get ca basic failed
error|2022-11-11 00:00:31.075360|[NETWORK][Host]Get ca basic failed
error|2022-11-11 00:00:31.087055|[NETWORK][Host]Get ca basic failed
info|2022-11-11 00:00:31.091501|[NETWORK][Host]handshakeServer succ,remote endpoint=127.0.0.1:55968
info|2022-11-11 00:00:31.091560|[NETWORK][Host]startPeerSession, Remote=127.0.0.1:55968,local endpoint=127.0.0.1:30302,nodeID=74ec5d39...
info|2022-11-11 00:00:31.091852|[P2P][Service] Connection established,nodeID=74ec5d39...,endpoint=127.0.0.1:55968
error|2022-11-11 00:00:31.092319|[NETWORK][Host]Get ca basic failed
info|2022-11-11 00:00:31.096738|[NETWORK][Host]handshakeServer succ,remote endpoint=127.0.0.1:55971
info|2022-11-11 00:00:31.096848|[NETWORK][Host]startPeerSession, Remote=127.0.0.1:55971,local endpoint=127.0.0.1:30302,nodeID=c30b6e4f...
info|2022-11-11 00:00:31.096928|[P2P][Service] Connection established,nodeID=c30b6e4f...,endpoint=127.0.0.1:55971
error|2022-11-11 00:00:31.097192|[NETWORK][Host]Get ca basic failed
error|2022-11-11 00:00:31.101623|[NETWORK][Host]Get ca basic failed
info|2022-11-11 00:00:31.106191|[NETWORK][Host]handshakeServer succ,remote endpoint=127.0.0.1:55977
info|2022-11-11 00:00:31.106230|[NETWORK][Host]startPeerSession, Remote=127.0.0.1:55977,local endpoint=127.0.0.1:30302,nodeID=8170ed0b...
info|2022-11-11 00:00:31.106294|[P2P][Service] Connection established,nodeID=8170ed0b...,endpoint=127.0.0.1:55977
info|2022-11-11 00:00:31.108255|[NETWORK][Host]handshakeClient succ,local endpoint=127.0.0.1:55981
info|2022-11-11 00:00:31.108306|[NETWORK][Host]startPeerSession, Remote=127.0.0.1:30301,local endpoint=127.0.0.1:55981,nodeID=c30b6e4f...
info|2022-11-11 00:00:31.113588|[NETWORK][Host]handshakeClient succ,local endpoint=127.0.0.1:55980
info|2022-11-11 00:00:31.113621|[NETWORK][Host]startPeerSession, Remote=127.0.0.1:30300,local endpoint=127.0.0.1:55980,nodeID=74ec5d39...
info|2022-11-11 00:00:31.113941|[NETWORK][Session]Received topic: [244] from 74ec5d392f0ef12f6b73a3918aea0e853c4d79690a711679dc5db2c2df93b77d85606080c2edf822b93ce642c832d7759dffac92964323a7b2cbbb8ae9c0afc1
info|2022-11-11 00:00:31.115653|[NETWORK][Session]Received topic: [217] from c30b6e4f7217137914bd3298cfd2e166b062fd2f06dff8645f399620a540a0d69bab3db9018c71c03ba2953013245a97bc79e3ce3a4b16e728a4b488eaa56291
info|2022-11-11 00:00:31.225355|[NETWORK][Host]handshakeClient succ,local endpoint=127.0.0.1:55982
info|2022-11-11 00:00:31.239347|[NETWORK][Host]startPeerSession, Remote=127.0.0.1:30303,local endpoint=127.0.0.1:55982,nodeID=8170ed0b...
info|2022-11-11 00:00:40.602666|[P2P][Service] heartBeat,connected count=3
warning|2022-11-11 00:00:45.462211|[g:1][CONSENSUS][PBFT]ViewChangeWarning: not caused by omit empty block ,v=59922,toV=59926,curNum=19,hash=bcafa72f...,nodeIdx=0,myNode=54e27343...
info|2022-11-11 00:00:45.462893|[g:1][CONSENSUS][PBFT]checkTimeout Succ,view=59922,toView=59926,nodeIdx=0,changeCycle=5,myNode=54e27343...,timecost=1
info|2022-11-11 00:00:45.466036|[g:1][CONSENSUS][PBFT]checkAndChangeView: Reach consensus,org_view=59922,cur_changeCycle=5,curView=59922,view=59926
info|2022-11-11 00:00:46.473552|[g:1][CONSENSUS]addRawPrepare,height=20,reqIdx=1,hash=e66d7dea...,time=0
info|2022-11-11 00:00:46.474993|[g:1][CONSENSUS][PBFT]checkTimeout Succ,view=59926,toView=59927,nodeIdx=0,changeCycle=1,myNode=54e27343...,timecost=2
info|2022-11-11 00:00:46.477002|[g:1][CONSENSUS][PBFT]checkAndChangeView: Reach consensus,org_view=59926,cur_changeCycle=1,curView=59926,view=59927
info|2022-11-11 00:00:47.481487|[g:1][CONSENSUS]addRawPrepare,height=20,reqIdx=2,hash=2d359806...,time=0
info|2022-11-11 00:00:47.482110|[g:1][CONSENSUS][PBFT]checkTimeout Succ,view=59927,toView=59928,nodeIdx=0,changeCycle=1,myNode=54e27343...,timecost=1
info|2022-11-11 00:00:47.483126|[g:1][CONSENSUS][PBFT]checkAndChangeView: Reach consensus,org_view=59927,cur_changeCycle=1,curView=59927,view=59928
info|2022-11-11 00:00:48.487527|[g:1][CONSENSUS]addRawPrepare,height=20,reqIdx=3,hash=aa449bd1...,time=0
info|2022-11-11 00:00:48.488424|[g:1][CONSENSUS][PBFT]checkTimeout Succ,view=59928,toView=59929,nodeIdx=0,changeCycle=1,myNode=54e27343...,timecost=1
info|2022-11-11 00:00:48.490436|[g:1][CONSENSUS][PBFT]checkAndChangeView: Reach consensus,org_view=59928,cur_changeCycle=1,curView=59928,view=59929
info|2022-11-11 00:00:49.491475|[g:1][CONSENSUS][SEALER]++++++++++++++++ Generating seal on,blkNum=20,tx=0,nodeIdx=0,hash=37f7a2e5...
info|2022-11-11 00:00:49.495039|[g:1][CONSENSUS][PBFT]checkTimeout Succ,view=59929,toView=59930,nodeIdx=0,changeCycle=1,myNode=54e27343...,timecost=3
info|2022-11-11 00:00:49.499998|[g:1][CONSENSUS][PBFT]checkAndChangeView: Reach consensus,org_view=59929,cur_changeCycle=1,curView=59929,view=59930
info|2022-11-11 00:00:50.503193|[g:1][CONSENSUS]addRawPrepare,height=20,reqIdx=1,hash=6011caa2...,time=0
info|2022-11-11 00:00:50.505565|[g:1][CONSENSUS][PBFT]checkTimeout Succ,view=59930,toView=59931,nodeIdx=0,changeCycle=1,myNode=54e27343...,timecost=2
info|2022-11-11 00:00:50.507571|[g:1][CONSENSUS][PBFT]checkAndChangeView: Reach consensus,org_view=59930,cur_changeCycle=1,curView=59930,view=59931
info|2022-11-11 00:00:50.604831|[P2P][Service] heartBeat,connected count=3
info|2022-11-11 00:00:51.510774|[g:1][CONSENSUS]addRawPrepare,height=20,reqIdx=2,hash=f76d1663...,time=0
info|2022-11-11 00:00:51.511582|[g:1][CONSENSUS][PBFT]checkTimeout Succ,view=59931,toView=59932,nodeIdx=0,changeCycle=1,myNode=54e27343...,timecost=1
info|2022-11-11 00:00:51.513106|[g:1][CONSENSUS][PBFT]checkAndChangeView: Reach consensus,org_view=59931,cur_changeCycle=1,curView=59931,view=59932
info|2022-11-11 00:00:52.515878|[g:1][CONSENSUS]addRawPrepare,height=20,reqIdx=3,hash=a4d57654...,time=0
info|2022-11-11 00:00:52.516494|[g:1][CONSENSUS][PBFT]checkTimeout Succ,view=59932,toView=59933,nodeIdx=0,changeCycle=1,myNode=54e27343...,timecost=1
info|2022-11-11 00:00:52.518144|[g:1][CONSENSUS][PBFT]checkAndChangeView: Reach consensus,org_view=59932,cur_changeCycle=1,curView=59932,view=59933
info|2022-11-11 00:00:53.517763|[g:1][CONSENSUS][SEALER]++++++++++++++++ Generating seal on,blkNum=20,tx=0,nodeIdx=0,hash=17e947f2...
info|2022-11-11 00:00:53.519502|[g:1][CONSENSUS][PBFT]checkTimeout Succ,view=59933,toView=59934,nodeIdx=0,changeCycle=1,myNode=54e27343...,timecost=1
info|2022-11-11 00:00:53.523737|[g:1][CONSENSUS][PBFT]checkAndChangeView: Reach consensus,org_view=59933,cur_changeCycle=1,curView=59933,view=59934
info|2022-11-11 00:00:54.528184|[g:1][CONSENSUS]addRawPrepare,height=20,reqIdx=1,hash=ed8a13d9...,time=0
info|2022-11-11 00:00:54.529116|[g:1][CONSENSUS][PBFT]checkTimeout Succ,view=59934,toView=59935,nodeIdx=0,changeCycle=1,myNode=54e27343...,timecost=1
info|2022-11-11 00:00:54.530932|[g:1][CONSENSUS][PBFT]checkAndChangeView: Reach consensus,org_view=59934,cur_changeCycle=1,curView=59934,view=59935
info|2022-11-11 00:00:55.535524|[g:1][CONSENSUS]addRawPrepare,height=20,reqIdx=2,hash=e4269d51...,time=0
info|2022-11-11 00:00:55.536341|[g:1][CONSENSUS][PBFT]checkTimeout Succ,view=59935,toView=59936,nodeIdx=0,changeCycle=1,myNode=54e27343...,timecost=1
info|2022-11-11 00:00:55.538145|[g:1][CONSENSUS][PBFT]checkAndChangeView: Reach consensus,org_view=59935,cur_changeCycle=1,curView=59935,view=59936
info|2022-11-11 00:00:56.541632|[g:1][CONSENSUS]addRawPrepare,height=20,reqIdx=3,hash=e2f51767...,time=0
info|2022-11-11 00:00:56.542505|[g:1][CONSENSUS][PBFT]checkTimeout Succ,view=59936,toView=59937,nodeIdx=0,changeCycle=1,myNode=54e27343...,timecost=1
info|2022-11-11 00:00:56.544609|[g:1][CONSENSUS][PBFT]checkAndChangeView: Reach consensus,org_view=59936,cur_changeCycle=1,curView=59936,view=59937
info|2022-11-11 00:00:57.544782|[g:1][CONSENSUS][SEALER]++++++++++++++++ Generating seal on,blkNum=20,tx=0,nodeIdx=0,hash=872dca06...
info|2022-11-11 00:00:57.551341|[g:1][CONSENSUS][PBFT]checkTimeout Succ,view=59937,toView=59938,nodeIdx=0,changeCycle=1,myNode=54e27343...,timecost=1
info|2022-11-11 00:00:57.552206|[g:1][CONSENSUS][PBFT]checkAndChangeView: Reach consensus,org_view=59937,cur_changeCycle=1,curView=59937,view=59938
info|2022-11-11 00:00:58.554409|[g:1][CONSENSUS]addRawPrepare,height=20,reqIdx=1,hash=911dce98...,time=0
info|2022-11-11 00:00:58.555137|[g:1][CONSENSUS][PBFT]checkTimeout Succ,view=59938,toView=59939,nodeIdx=0,changeCycle=1,myNode=54e27343...,timecost=1
info|2022-11-11 00:00:58.557362|[g:1][CONSENSUS][PBFT]checkAndChangeView: Reach consensus,org_view=59938,cur_changeCycle=1,curView=59938,view=59939
info|2022-11-11 00:00:59.558613|[g:1][CONSENSUS]addRawPrepare,height=20,reqIdx=2,hash=597c317c...,time=0
info|2022-11-11 00:00:59.559006|[g:1][CONSENSUS][PBFT]checkTimeout Succ,view=59939,toView=59940,nodeIdx=0,changeCycle=1,myNode=54e27343...,timecost=1
info|2022-11-11 00:00:59.560487|[g:1][CONSENSUS][PBFT]checkAndChangeView: Reach consensus,org_view=59939,cur_changeCycle=1,curView=59939,view=59940
info|2022-11-11 00:01:00.563179|[g:1][CONSENSUS]addRawPrepare,height=20,reqIdx=3,hash=542cfaf3...,time=0
info|2022-11-11 00:01:00.564113|[g:1][CONSENSUS][PBFT]checkTimeout Succ,view=59940,toView=59941,nodeIdx=0,changeCycle=1,myNode=54e27343...,timecost=1
info|2022-11-11 00:01:00.565797|[g:1][CONSENSUS][PBFT]checkAndChangeView: Reach consensus,org_view=59940,cur_changeCycle=1,curView=59940,view=59941
info|2022-11-11 00:01:00.606440|[P2P][Service] heartBeat,connected count=3
info|2022-11-11 00:01:01.566419|[g:1][CONSENSUS][SEALER]++++++++++++++++ Generating seal on,blkNum=20,tx=0,nodeIdx=0,hash=e4257456...
info|2022-11-11 00:01:01.570341|[g:1][CONSENSUS][PBFT]checkTimeout Succ,view=59941,toView=59942,nodeIdx=0,changeCycle=1,myNode=54e27343...,timecost=1
info|2022-11-11 00:01:01.572050|[g:1][CONSENSUS][PBFT]checkAndChangeView: Reach consensus,org_view=59941,cur_changeCycle=1,curView=59941,view=59942
info|2022-11-11 00:01:02.574817|[g:1][CONSENSUS]addRawPrepare,height=20,reqIdx=1,hash=25104e16...,time=0
info|2022-11-11 00:01:02.575948|[g:1][CONSENSUS][PBFT]checkTimeout Succ,view=59942,toView=59943,nodeIdx=0,changeCycle=1,myNode=54e27343...,timecost=1
info|2022-11-11 00:01:02.579106|[g:1][CONSENSUS][PBFT]checkAndChangeView: Reach consensus,org_view=59942,cur_changeCycle=1,curView=59942,view=59943
info|2022-11-11 00:01:03.582122|[g:1][CONSENSUS]addRawPrepare,height=20,reqIdx=2,hash=8b54da85...,time=0
info|2022-11-11 00:01:03.583266|[g:1][CONSENSUS][PBFT]checkTimeout Succ,view=59943,toView=59944,nodeIdx=0,changeCycle=1,myNode=54e27343...,timecost=1
info|2022-11-11 00:01:03.586430|[g:1][CONSENSUS][PBFT]checkAndChangeView: Reach consensus,org_view=59943,cur_changeCycle=1,curView=59943,view=59944
info|2022-11-11 00:01:04.590724|[g:1][CONSENSUS]addRawPrepare,height=20,reqIdx=3,hash=596917e0...,time=0
info|2022-11-11 00:01:04.591809|[g:1][CONSENSUS][PBFT]checkTimeout Succ,view=59944,toView=59945,nodeIdx=0,changeCycle=1,myNode=54e27343...,timecost=1
info|2022-11-11 00:01:04.594018|[g:1][CONSENSUS][PBFT]checkAndChangeView: Reach consensus,org_view=59944,cur_changeCycle=1,curView=59944,view=59945
info|2022-11-11 00:01:05.594557|[g:1][CONSENSUS][SEALER]++++++++++++++++ Generating seal on,blkNum=20,tx=0,nodeIdx=0,hash=09ab87d3...
info|2022-11-11 00:01:05.598560|[g:1][CONSENSUS][PBFT]checkTimeout Succ,view=59945,toView=59946,nodeIdx=0,changeCycle=1,myNode=54e27343...,timecost=1
info|2022-11-11 00:01:05.600119|[g:1][CONSENSUS][PBFT]checkAndChangeView: Reach consensus,org_view=59945,cur_changeCycle=1,curView=59945,view=59946
info|2022-11-11 00:01:06.602787|[g:1][CONSENSUS]addRawPrepare,height=20,reqIdx=1,hash=3e7176f1...,time=0
info|2022-11-11 00:01:06.603583|[g:1][CONSENSUS][PBFT]checkTimeout Succ,view=59946,toView=59947,nodeIdx=0,changeCycle=1,myNode=54e27343...,timecost=1
info|2022-11-11 00:01:06.605201|[g:1][CONSENSUS][PBFT]checkAndChangeView: Reach consensus,org_view=59946,cur_changeCycle=1,curView=59946,view=59947
info|2022-11-11 00:01:07.608677|[g:1][CONSENSUS]addRawPrepare,height=20,reqIdx=2,hash=d1b1d9db...,time=0
info|2022-11-11 00:01:07.609975|[g:1][CONSENSUS][PBFT]checkTimeout Succ,view=59947,toView=59948,nodeIdx=0,changeCycle=1,myNode=54e27343...,timecost=2
info|2022-11-11 00:01:07.612504|[g:1][CONSENSUS][PBFT]checkAndChangeView: Reach consensus,org_view=59947,cur_changeCycle=1,curView=59947,view=59948
info|2022-11-11 00:01:08.614779|[g:1][CONSENSUS]addRawPrepare,height=20,reqIdx=3,hash=a042cfa6...,time=0
info|2022-11-11 00:01:08.615485|[g:1][CONSENSUS][PBFT]checkTimeout Succ,view=59948,toView=59949,nodeIdx=0,changeCycle=1,myNode=54e27343...,timecost=1
info|2022-11-11 00:01:08.617456|[g:1][CONSENSUS][PBFT]checkAndChangeView: Reach consensus,org_view=59948,cur_changeCycle=1,curView=59948,view=59949
info|2022-11-11 00:01:09.618920|[g:1][CONSENSUS][SEALER]++++++++++++++++ Generating seal on,blkNum=20,tx=0,nodeIdx=0,hash=58c8d1a8...
info|2022-11-11 00:01:09.625372|[g:1][CONSENSUS][PBFT]checkTimeout Succ,view=59949,toView=59950,nodeIdx=0,changeCycle=1,myNode=54e27343...,timecost=1
info|2022-11-11 00:01:09.626327|[g:1][CONSENSUS][PBFT]checkAndChangeView: Reach consensus,org_view=59949,cur_changeCycle=1,curView=59949,view=59950
info|2022-11-11 00:01:10.607280|[P2P][Service] heartBeat,connected count=3
info|2022-11-11 00:01:10.629070|[g:1][CONSENSUS]addRawPrepare,height=20,reqIdx=1,hash=cf485448...,time=0
info|2022-11-11 00:01:10.629770|[g:1][CONSENSUS][PBFT]checkTimeout Succ,view=59950,toView=59951,nodeIdx=0,changeCycle=1,myNode=54e27343...,timecost=0
info|2022-11-11 00:01:10.631328|[g:1][CONSENSUS][PBFT]checkAndChangeView: Reach consensus,org_view=59950,cur_changeCycle=1,curView=59950,view=59951
info|2022-11-11 00:01:11.635451|[g:1][CONSENSUS]addRawPrepare,height=20,reqIdx=2,hash=b1039a8d...,time=0
info|2022-11-11 00:01:11.636350|[g:1][CONSENSUS][PBFT]checkTimeout Succ,view=59951,toView=59952,nodeIdx=0,changeCycle=1,myNode=54e27343...,timecost=1
info|2022-11-11 00:01:11.638343|[g:1][CONSENSUS][PBFT]checkAndChangeView: Reach consensus,org_view=59951,cur_changeCycle=1,curView=59951,view=59952
info|2022-11-11 00:01:12.640751|[g:1][CONSENSUS]addRawPrepare,height=20,reqIdx=3,hash=266a9192...,time=0
info|2022-11-11 00:01:12.642036|[g:1][CONSENSUS][PBFT]checkTimeout Succ,view=59952,toView=59953,nodeIdx=0,changeCycle=1,myNode=54e27343...,timecost=2
info|2022-11-11 00:01:12.644388|[g:1][CONSENSUS][PBFT]checkAndChangeView: Reach consensus,org_view=59952,cur_changeCycle=1,curView=59952,view=59953
info|2022-11-11 00:01:13.645447|[g:1][CONSENSUS][SEALER]++++++++++++++++ Generating seal on,blkNum=20,tx=0,nodeIdx=0,hash=306bb76f...
info|2022-11-11 00:01:13.650189|[g:1][CONSENSUS][PBFT]checkTimeout Succ,view=59953,toView=59954,nodeIdx=0,changeCycle=1,myNode=54e27343...,timecost=1
info|2022-11-11 00:01:13.650952|[g:1][CONSENSUS][PBFT]checkAndChangeView: Reach consensus,org_view=59953,cur_changeCycle=1,curView=59953,view=59954
info|2022-11-11 00:01:14.656294|[g:1][CONSENSUS]addRawPrepare,height=20,reqIdx=1,hash=36402512...,time=0
info|2022-11-11 00:01:14.657096|[g:1][CONSENSUS][PBFT]checkTimeout Succ,view=59954,toView=59955,nodeIdx=0,changeCycle=1,myNode=54e27343...,timecost=1
info|2022-11-11 00:01:14.662374|[g:1][CONSENSUS][PBFT]checkAndChangeView: Reach consensus,org_view=59954,cur_changeCycle=1,curView=59954,view=59955
info|2022-11-11 00:01:15.660246|[g:1][CONSENSUS]addRawPrepare,height=20,reqIdx=2,hash=71f9a7a7...,time=0
info|2022-11-11 00:01:15.660559|[g:1][CONSENSUS][PBFT]checkTimeout Succ,view=59955,toView=59956,nodeIdx=0,changeCycle=1,myNode=54e27343...,timecost=0
info|2022-11-11 00:01:15.661495|[g:1][CONSENSUS][PBFT]checkAndChangeView: Reach consensus,org_view=59955,cur_changeCycle=1,curView=59955,view=59956
info|2022-11-11 00:01:16.665925|[g:1][CONSENSUS]addRawPrepare,height=20,reqIdx=3,hash=8833d1b4...,time=0
info|2022-11-11 00:01:16.666974|[g:1][CONSENSUS][PBFT]checkTimeout Succ,view=59956,toView=59957,nodeIdx=0,changeCycle=1,myNode=54e27343...,timecost=1
info|2022-11-11 00:01:16.669716|[g:1][CONSENSUS][PBFT]checkAndChangeView: Reach consensus,org_view=59956,cur_changeCycle=1,curView=59956,view=59957
info|2022-11-11 00:01:17.670467|[g:1][CONSENSUS][SEALER]++++++++++++++++ Generating seal on,blkNum=20,tx=0,nodeIdx=0,hash=87d559ba...
info|2022-11-11 00:01:17.671739|[g:1][CONSENSUS][PBFT]checkTimeout Succ,view=59957,toView=59958,nodeIdx=0,changeCycle=1,myNode=54e27343...,timecost=0
info|2022-11-11 00:01:17.675822|[g:1][CONSENSUS][PBFT]checkAndChangeView: Reach consensus,org_view=59957,cur_changeCycle=1,curView=59957,view=59958
info|2022-11-11 00:01:18.678621|[g:1][CONSENSUS]addRawPrepare,height=20,reqIdx=1,hash=b5cad82b...,time=0
info|2022-11-11 00:01:18.679969|[g:1][CONSENSUS][PBFT]checkTimeout Succ,view=59958,toView=59959,nodeIdx=0,changeCycle=1,myNode=54e27343...,timecost=1
info|2022-11-11 00:01:18.682029|[g:1][CONSENSUS][PBFT]checkAndChangeView: Reach consensus,org_view=59958,cur_changeCycle=1,curView=59958,view=59959
info|2022-11-11 00:01:19.686500|[g:1][CONSENSUS]addRawPrepare,height=20,reqIdx=2,hash=07200895...,time=0
info|2022-11-11 00:01:19.687225|[g:1][CONSENSUS][PBFT]checkTimeout Succ,view=59959,toView=59960,nodeIdx=0,changeCycle=1,myNode=54e27343...,timecost=1
info|2022-11-11 00:01:19.689790|[g:1][CONSENSUS][PBFT]checkAndChangeView: Reach consensus,org_view=59959,cur_changeCycle=1,curView=59959,view=59960
info|2022-11-11 00:01:20.608013|[P2P][Service] heartBeat,connected count=3
info|2022-11-11 00:01:20.691485|[g:1][CONSENSUS]addRawPrepare,height=20,reqIdx=3,hash=b2e2a0bd...,time=0
info|2022-11-11 00:01:20.692037|[g:1][CONSENSUS][PBFT]checkTimeout Succ,view=59960,toView=59961,nodeIdx=0,changeCycle=1,myNode=54e27343...,timecost=1
info|2022-11-11 00:01:20.693289|[g:1][CONSENSUS][PBFT]checkAndChangeView: Reach consensus,org_view=59960,cur_changeCycle=1,curView=59960,view=59961
info|2022-11-11 00:01:21.693627|[g:1][CONSENSUS][SEALER]++++++++++++++++ Generating seal on,blkNum=20,tx=0,nodeIdx=0,hash=8357dd06...
info|2022-11-11 00:01:21.694464|[g:1][CONSENSUS][PBFT]checkTimeout Succ,view=59961,toView=59962,nodeIdx=0,changeCycle=1,myNode=54e27343...,timecost=0
info|2022-11-11 00:01:21.697406|[g:1][CONSENSUS][PBFT]checkAndChangeView: Reach consensus,org_view=59961,cur_changeCycle=1,curView=59961,view=59962
info|2022-11-11 00:01:22.702356|[g:1][CONSENSUS]addRawPrepare,height=20,reqIdx=1,hash=dc4323cf...,time=0
info|2022-11-11 00:01:22.703202|[g:1][CONSENSUS][PBFT]checkTimeout Succ,view=59962,toView=59963,nodeIdx=0,changeCycle=1,myNode=54e27343...,timecost=1
info|2022-11-11 00:01:22.704758|[g:1][CONSENSUS][PBFT]checkAndChangeView: Reach consensus,org_view=59962,cur_changeCycle=1,curView=59962,view=59963
info|2022-11-11 00:01:23.708368|[g:1][CONSENSUS]addRawPrepare,height=20,reqIdx=2,hash=a132ebf8...,time=0
info|2022-11-11 00:01:23.709130|[g:1][CONSENSUS][PBFT]checkTimeout Succ,view=59963,toView=59964,nodeIdx=0,changeCycle=1,myNode=54e27343...,timecost=1
info|2022-11-11 00:01:23.710912|[g:1][CONSENSUS][PBFT]checkAndChangeView: Reach consensus,org_view=59963,cur_changeCycle=1,curView=59963,view=59964
info|2022-11-11 00:01:24.711699|[g:1][CONSENSUS]addRawPrepare,height=20,reqIdx=3,hash=2b86058c...,time=0
info|2022-11-11 00:01:24.712073|[g:1][CONSENSUS][PBFT]checkTimeout Succ,view=59964,toView=59965,nodeIdx=0,changeCycle=1,myNode=54e27343...,timecost=1
info|2022-11-11 00:01:24.713389|[g:1][CONSENSUS][PBFT]checkAndChangeView: Reach consensus,org_view=59964,cur_changeCycle=1,curView=59964,view=59965
info|2022-11-11 00:01:25.713893|[g:1][CONSENSUS][SEALER]++++++++++++++++ Generating seal on,blkNum=20,tx=0,nodeIdx=0,hash=2e4031bd...
info|2022-11-11 00:01:25.715026|[g:1][CONSENSUS][PBFT]checkTimeout Succ,view=59965,toView=59966,nodeIdx=0,changeCycle=1,myNode=54e27343...,timecost=1
info|2022-11-11 00:01:25.718936|[g:1][CONSENSUS][PBFT]checkAndChangeView: Reach consensus,org_view=59965,cur_changeCycle=1,curView=59965,view=59966
info|2022-11-11 00:01:26.721407|[g:1][CONSENSUS]addRawPrepare,height=20,reqIdx=1,hash=8a728c71...,time=0
info|2022-11-11 00:01:26.722075|[g:1][CONSENSUS][PBFT]checkTimeout Succ,view=59966,toView=59967,nodeIdx=0,changeCycle=1,myNode=54e27343...,timecost=1
info|2022-11-11 00:01:26.724453|[g:1][CONSENSUS][PBFT]checkAndChangeView: Reach consensus,org_view=59966,cur_changeCycle=1,curView=59966,view=59967
info|2022-11-11 00:01:27.728008|[g:1][CONSENSUS]addRawPrepare,height=20,reqIdx=2,hash=35fd267e...,time=1
info|2022-11-11 00:01:27.728901|[g:1][CONSENSUS][PBFT]checkTimeout Succ,view=59967,toView=59968,nodeIdx=0,changeCycle=1,myNode=54e27343...,timecost=0
info|2022-11-11 00:01:27.731657|[g:1][CONSENSUS][PBFT]checkAndChangeView: Reach consensus,org_view=59967,cur_changeCycle=1,curView=59967,view=59968
info|2022-11-11 00:01:28.734167|[g:1][CONSENSUS]addRawPrepare,height=20,reqIdx=3,hash=8b4dd89a...,time=0
info|2022-11-11 00:01:28.735131|[g:1][CONSENSUS][PBFT]checkTimeout Succ,view=59968,toView=59969,nodeIdx=0,changeCycle=1,myNode=54e27343...,timecost=1
info|2022-11-11 00:01:28.737001|[g:1][CONSENSUS][PBFT]checkAndChangeView: Reach consensus,org_view=59968,cur_changeCycle=1,curView=59968,view=59969
info|2022-11-11 00:01:29.737649|[g:1][CONSENSUS][SEALER]++++++++++++++++ Generating seal on,blkNum=20,tx=0,nodeIdx=0,hash=db21d989...
info|2022-11-11 00:01:29.744731|[g:1][CONSENSUS][PBFT]checkTimeout Succ,view=59969,toView=59970,nodeIdx=0,changeCycle=1,myNode=54e27343...,timecost=1
info|2022-11-11 00:01:29.746327|[g:1][CONSENSUS][PBFT]checkAndChangeView: Reach consensus,org_view=59969,cur_changeCycle=1,curView=59969,view=59970
info|2022-11-11 00:01:30.608244|[P2P][Service] heartBeat,connected count=3
info|2022-11-11 00:01:30.748935|[g:1][CONSENSUS]addRawPrepare,height=20,reqIdx=1,hash=cfb47caf...,time=0
info|2022-11-11 00:01:30.749516|[g:1][CONSENSUS][PBFT]checkTimeout Succ,view=59970,toView=59971,nodeIdx=0,changeCycle=1,myNode=54e27343...,timecost=0
info|2022-11-11 00:01:30.751419|[g:1][CONSENSUS][PBFT]checkAndChangeView: Reach consensus,org_view=59970,cur_changeCycle=1,curView=59970,view=59971
info|2022-11-11 00:01:31.754366|[g:1][CONSENSUS]addRawPrepare,height=20,reqIdx=2,hash=26024f34...,time=0
info|2022-11-11 00:01:31.755303|[g:1][CONSENSUS][PBFT]checkTimeout Succ,view=59971,toView=59972,nodeIdx=0,changeCycle=1,myNode=54e27343...,timecost=1
info|2022-11-11 00:01:31.757852|[g:1][CONSENSUS][PBFT]checkAndChangeView: Reach consensus,org_view=59971,cur_changeCycle=1,curView=59971,view=59972
info|2022-11-11 00:01:32.762443|[g:1][CONSENSUS]addRawPrepare,height=20,reqIdx=3,hash=a5eac944...,time=0
info|2022-11-11 00:01:32.763245|[g:1][CONSENSUS][PBFT]checkTimeout Succ,view=59972,toView=59973,nodeIdx=0,changeCycle=1,myNode=54e27343...,timecost=1
info|2022-11-11 00:01:32.765341|[g:1][CONSENSUS][PBFT]checkAndChangeView: Reach consensus,org_view=59972,cur_changeCycle=1,curView=59972,view=59973
info|2022-11-11 00:01:33.766403|[g:1][CONSENSUS][SEALER]++++++++++++++++ Generating seal on,blkNum=20,tx=0,nodeIdx=0,hash=720584b9...
info|2022-11-11 00:01:33.773757|[g:1][CONSENSUS][PBFT]checkTimeout Succ,view=59973,toView=59974,nodeIdx=0,changeCycle=1,myNode=54e27343...,timecost=1
info|2022-11-11 00:01:33.775628|[g:1][CONSENSUS][PBFT]checkAndChangeView: Reach consensus,org_view=59973,cur_changeCycle=1,curView=59973,view=59974
info|2022-11-11 00:01:34.778378|[g:1][CONSENSUS]addRawPrepare,height=20,reqIdx=1,hash=660722db...,time=0
info|2022-11-11 00:01:34.778918|[g:1][CONSENSUS][PBFT]checkTimeout Succ,view=59974,toView=59975,nodeIdx=0,changeCycle=1,myNode=54e27343...,timecost=0
info|2022-11-11 00:01:34.780351|[g:1][CONSENSUS][PBFT]checkAndChangeView: Reach consensus,org_view=59974,cur_changeCycle=1,curView=59974,view=59975
info|2022-11-11 00:01:35.783087|[g:1][CONSENSUS]addRawPrepare,height=20,reqIdx=2,hash=c8622cc1...,time=0
info|2022-11-11 00:01:35.784013|[g:1][CONSENSUS][PBFT]checkTimeout Succ,view=59975,toView=59976,nodeIdx=0,changeCycle=1,myNode=54e27343...,timecost=1
info|2022-11-11 00:01:35.786190|[g:1][CONSENSUS][PBFT]checkAndChangeView: Reach consensus,org_view=59975,cur_changeCycle=1,curView=59975,view=59976
info|2022-11-11 00:01:36.789290|[g:1][CONSENSUS]addRawPrepare,height=20,reqIdx=3,hash=e7b16413...,time=0
info|2022-11-11 00:01:36.790017|[g:1][CONSENSUS][PBFT]checkTimeout Succ,view=59976,toView=59977,nodeIdx=0,changeCycle=1,myNode=54e27343...,timecost=1
info|2022-11-11 00:01:36.791776|[g:1][CONSENSUS][PBFT]checkAndChangeView: Reach consensus,org_view=59976,cur_changeCycle=1,curView=59976,view=59977
