info|2022-11-11 13:00:00.991734|[g:1][CONSENSUS]addRawPrepare,height=20,reqIdx=3,hash=817407cb...,time=0
info|2022-11-11 13:00:00.999132|[g:1][CONSENSUS][PBFT]checkTimeout Succ,view=67872,toView=67873,nodeIdx=0,changeCycle=1,myNode=54e27343...,timecost=14
info|2022-11-11 13:00:01.020497|[g:1][CONSENSUS][PBFT]checkAndChangeView: Reach consensus,org_view=67872,cur_changeCycle=1,curView=67872,view=67873
info|2022-11-11 13:00:02.022383|[g:1][CONSENSUS][SEALER]++++++++++++++++ Generating seal on,blkNum=20,tx=0,nodeIdx=0,hash=50bebd6e...
info|2022-11-11 13:00:02.037176|[g:1][CONSENSUS][PBFT]checkTimeout Succ,view=67873,toView=67874,nodeIdx=0,changeCycle=1,myNode=54e27343...,timecost=4
info|2022-11-11 13:00:02.073277|[g:1][CONSENSUS][PBFT]checkAndChangeView: Reach consensus,org_view=67873,cur_changeCycle=1,curView=67873,view=67874
info|2022-11-11 13:00:03.080975|[g:1][CONSENSUS]addRawPrepare,height=20,reqIdx=1,hash=255cc12f...,time=1
info|2022-11-11 13:00:03.085715|[g:1][CONSENSUS][PBFT]checkTimeout Succ,view=67874,toView=67875,nodeIdx=0,changeCycle=1,myNode=54e27343...,timecost=4
info|2022-11-11 13:00:03.103465|[g:1][CONSENSUS][PBFT]checkAndChangeView: Reach consensus,org_view=67874,cur_changeCycle=1,curView=67874,view=67875
info|2022-11-11 13:00:04.119387|[g:1][CONSENSUS]addRawPrepare,height=20,reqIdx=2,hash=c471073d...,time=0
info|2022-11-11 13:00:04.123699|[g:1][CONSENSUS][PBFT]checkTimeout Succ,view=67875,toView=67876,nodeIdx=0,changeCycle=1,myNode=54e27343...,timecost=3
info|2022-11-11 13:00:04.139031|[g:1][CONSENSUS][PBFT]checkAndChangeView: Reach consensus,org_view=67875,cur_changeCycle=1,curView=67875,view=67876
info|2022-11-11 13:00:05.150828|[g:1][CONSENSUS]addRawPrepare,height=20,reqIdx=3,hash=0cf8af61...,time=0
info|2022-11-11 13:00:05.155597|[g:1][CONSENSUS][PBFT]checkTimeout Succ,view=67876,toView=67877,nodeIdx=0,changeCycle=1,myNode=54e27343...,timecost=4
info|2022-11-11 13:00:05.173290|[g:1][CONSENSUS][PBFT]checkAndChangeView: Reach consensus,org_view=67876,cur_changeCycle=1,curView=67876,view=67877
info|2022-11-11 13:00:05.807984|[P2P][Service] heartBeat,connected count=3
info|2022-11-11 13:00:06.174847|[g:1][CONSENSUS][SEALER]++++++++++++++++ Generating seal on,blkNum=20,tx=0,nodeIdx=0,hash=a74a2ed1...
info|2022-11-11 13:00:06.181332|[g:1][CONSENSUS][PBFT]checkTimeout Succ,view=67877,toView=67878,nodeIdx=0,changeCycle=1,myNode=54e27343...,timecost=3
info|2022-11-11 13:00:06.209786|[g:1][CONSENSUS][PBFT]checkAndChangeView: Reach consensus,org_view=67877,cur_changeCycle=1,curView=67877,view=67878
info|2022-11-11 13:00:07.217266|[g:1][CONSENSUS]addRawPrepare,height=20,reqIdx=1,hash=1304ede2...,time=0
info|2022-11-11 13:00:07.222496|[g:1][CONSENSUS][PBFT]checkTimeout Succ,view=67878,toView=67879,nodeIdx=0,changeCycle=1,myNode=54e27343...,timecost=5
info|2022-11-11 13:00:07.238550|[g:1][CONSENSUS][PBFT]checkAndChangeView: Reach consensus,org_view=67878,cur_changeCycle=1,curView=67878,view=67879
info|2022-11-11 13:00:08.254582|[g:1][CONSENSUS]addRawPrepare,height=20,reqIdx=2,hash=e57100f9...,time=0
info|2022-11-11 13:00:08.259560|[g:1][CONSENSUS][PBFT]checkTimeout Succ,view=67879,toView=67880,nodeIdx=0,changeCycle=1,myNode=54e27343...,timecost=6
info|2022-11-11 13:00:08.276817|[g:1][CONSENSUS][PBFT]checkAndChangeView: Reach consensus,org_view=67879,cur_changeCycle=1,curView=67879,view=67880
info|2022-11-11 13:00:09.289619|[g:1][CONSENSUS]addRawPrepare,height=20,reqIdx=3,hash=bf805988...,time=0
info|2022-11-11 13:00:09.293772|[g:1][CONSENSUS][PBFT]checkTimeout Succ,view=67880,toView=67881,nodeIdx=0,changeCycle=1,myNode=54e27343...,timecost=3
info|2022-11-11 13:00:09.313631|[g:1][CONSENSUS][PBFT]checkAndChangeView: Reach consensus,org_view=67880,cur_changeCycle=1,curView=67880,view=67881
info|2022-11-11 13:00:10.314532|[g:1][CONSENSUS][SEALER]++++++++++++++++ Generating seal on,blkNum=20,tx=0,nodeIdx=0,hash=5cb7c4ae...
info|2022-11-11 13:00:10.332402|[g:1][CONSENSUS][PBFT]checkTimeout Succ,view=67881,toView=67882,nodeIdx=0,changeCycle=1,myNode=54e27343...,timecost=4
info|2022-11-11 13:00:10.349908|[g:1][CONSENSUS][PBFT]checkAndChangeView: Reach consensus,org_view=67881,cur_changeCycle=1,curView=67881,view=67882
info|2022-11-11 13:00:11.366414|[g:1][CONSENSUS]addRawPrepare,height=20,reqIdx=1,hash=c221b302...,time=0
info|2022-11-11 13:00:11.370241|[g:1][CONSENSUS][PBFT]checkTimeout Succ,view=67882,toView=67883,nodeIdx=0,changeCycle=1,myNode=54e27343...,timecost=4
info|2022-11-11 13:00:11.386929|[g:1][CONSENSUS][PBFT]checkAndChangeView: Reach consensus,org_view=67882,cur_changeCycle=1,curView=67882,view=67883
info|2022-11-11 13:00:12.402873|[g:1][CONSENSUS]addRawPrepare,height=20,reqIdx=2,hash=a442e765...,time=1
info|2022-11-11 13:00:12.409904|[g:1][CONSENSUS][PBFT]checkTimeout Succ,view=67883,toView=67884,nodeIdx=0,changeCycle=1,myNode=54e27343...,timecost=7
info|2022-11-11 13:00:12.431414|[g:1][CONSENSUS][PBFT]checkAndChangeView: Reach consensus,org_view=67883,cur_changeCycle=1,curView=67883,view=67884
info|2022-11-11 13:00:13.444211|[g:1][CONSENSUS]addRawPrepare,height=20,reqIdx=3,hash=fc50fcd3...,time=0
info|2022-11-11 13:00:13.448604|[g:1][CONSENSUS][PBFT]checkTimeout Succ,view=67884,toView=67885,nodeIdx=0,changeCycle=1,myNode=54e27343...,timecost=4
info|2022-11-11 13:00:13.469192|[g:1][CONSENSUS][PBFT]checkAndChangeView: Reach consensus,org_view=67884,cur_changeCycle=1,curView=67884,view=67885
info|2022-11-11 13:00:14.471701|[g:1][CONSENSUS][SEALER]++++++++++++++++ Generating seal on,blkNum=20,tx=0,nodeIdx=0,hash=82db01ac...
info|2022-11-11 13:00:14.488152|[g:1][CONSENSUS][PBFT]checkTimeout Succ,view=67885,toView=67886,nodeIdx=0,changeCycle=1,myNode=54e27343...,timecost=6
info|2022-11-11 13:00:14.504999|[g:1][CONSENSUS][PBFT]checkAndChangeView: Reach consensus,org_view=67885,cur_changeCycle=1,curView=67885,view=67886
info|2022-11-11 13:00:15.520453|[g:1][CONSENSUS]addRawPrepare,height=20,reqIdx=1,hash=34b1b1fc...,time=0
info|2022-11-11 13:00:15.526430|[g:1][CONSENSUS][PBFT]checkTimeout Succ,view=67886,toView=67887,nodeIdx=0,changeCycle=1,myNode=54e27343...,timecost=5
info|2022-11-11 13:00:15.537825|[g:1][CONSENSUS][PBFT]checkAndChangeView: Reach consensus,org_view=67886,cur_changeCycle=1,curView=67886,view=67887
info|2022-11-11 13:00:15.808708|[P2P][Service] heartBeat,connected count=3
info|2022-11-11 13:00:16.553308|[g:1][CONSENSUS]addRawPrepare,height=20,reqIdx=2,hash=e1b3fc86...,time=0
info|2022-11-11 13:00:16.558651|[g:1][CONSENSUS][PBFT]checkTimeout Succ,view=67887,toView=67888,nodeIdx=0,changeCycle=1,myNode=54e27343...,timecost=4
info|2022-11-11 13:00:16.575686|[g:1][CONSENSUS][PBFT]checkAndChangeView: Reach consensus,org_view=67887,cur_changeCycle=1,curView=67887,view=67888
info|2022-11-11 13:00:17.590551|[g:1][CONSENSUS]addRawPrepare,height=20,reqIdx=3,hash=7aa41829...,time=0
info|2022-11-11 13:00:17.597846|[g:1][CONSENSUS][PBFT]checkTimeout Succ,view=67888,toView=67889,nodeIdx=0,changeCycle=1,myNode=54e27343...,timecost=6
info|2022-11-11 13:00:17.611007|[g:1][CONSENSUS][PBFT]checkAndChangeView: Reach consensus,org_view=67888,cur_changeCycle=1,curView=67888,view=67889
info|2022-11-11 13:00:18.613508|[g:1][CONSENSUS][SEALER]++++++++++++++++ Generating seal on,blkNum=20,tx=0,nodeIdx=0,hash=dfd6006e...
info|2022-11-11 13:00:18.631058|[g:1][CONSENSUS][PBFT]checkTimeout Succ,view=67889,toView=67890,nodeIdx=0,changeCycle=1,myNode=54e27343...,timecost=5
info|2022-11-11 13:00:18.645914|[g:1][CONSENSUS][PBFT]checkAndChangeView: Reach consensus,org_view=67889,cur_changeCycle=1,curView=67889,view=67890
info|2022-11-11 13:00:19.658376|[g:1][CONSENSUS]addRawPrepare,height=20,reqIdx=1,hash=2c1a624a...,time=0
info|2022-11-11 13:00:19.662485|[g:1][CONSENSUS][PBFT]checkTimeout Succ,view=67890,toView=67891,nodeIdx=0,changeCycle=1,myNode=54e27343...,timecost=5
info|2022-11-11 13:00:19.674942|[g:1][CONSENSUS][PBFT]checkAndChangeView: Reach consensus,org_view=67890,cur_changeCycle=1,curView=67890,view=67891
info|2022-11-11 13:00:20.689065|[g:1][CONSENSUS]addRawPrepare,height=20,reqIdx=2,hash=14d5db2a...,time=0
info|2022-11-11 13:00:20.692914|[g:1][CONSENSUS][PBFT]checkTimeout Succ,view=67891,toView=67892,nodeIdx=0,changeCycle=1,myNode=54e27343...,timecost=4
info|2022-11-11 13:00:20.710671|[g:1][CONSENSUS][PBFT]checkAndChangeView: Reach consensus,org_view=67891,cur_changeCycle=1,curView=67891,view=67892
info|2022-11-11 13:00:21.729577|[g:1][CONSENSUS]addRawPrepare,height=20,reqIdx=3,hash=ed34b528...,time=0
info|2022-11-11 13:00:21.733511|[g:1][CONSENSUS][PBFT]checkTimeout Succ,view=67892,toView=67893,nodeIdx=0,changeCycle=1,myNode=54e27343...,timecost=3
info|2022-11-11 13:00:21.749554|[g:1][CONSENSUS][PBFT]checkAndChangeView: Reach consensus,org_view=67892,cur_changeCycle=1,curView=67892,view=67893
info|2022-11-11 13:00:22.752018|[g:1][CONSENSUS][SEALER]++++++++++++++++ Generating seal on,blkNum=20,tx=0,nodeIdx=0,hash=c0c19a27...
info|2022-11-11 13:00:22.769531|[g:1][CONSENSUS][PBFT]checkTimeout Succ,view=67893,toView=67894,nodeIdx=0,changeCycle=1,myNode=54e27343...,timecost=4
info|2022-11-11 13:00:22.795144|[g:1][CONSENSUS][PBFT]checkAndChangeView: Reach consensus,org_view=67893,cur_changeCycle=1,curView=67893,view=67894
info|2022-11-11 13:00:23.807542|[g:1][CONSENSUS]addRawPrepare,height=20,reqIdx=1,hash=caba7515...,time=0
info|2022-11-11 13:00:23.811700|[g:1][CONSENSUS][PBFT]checkTimeout Succ,view=67894,toView=67895,nodeIdx=0,changeCycle=1,myNode=54e27343...,timecost=3
info|2022-11-11 13:00:23.828591|[g:1][CONSENSUS][PBFT]checkAndChangeView: Reach consensus,org_view=67894,cur_changeCycle=1,curView=67894,view=67895
info|2022-11-11 13:00:24.837397|[g:1][CONSENSUS]addRawPrepare,height=20,reqIdx=2,hash=3307272c...,time=0
info|2022-11-11 13:00:24.841418|[g:1][CONSENSUS][PBFT]checkTimeout Succ,view=67895,toView=67896,nodeIdx=0,changeCycle=1,myNode=54e27343...,timecost=4
info|2022-11-11 13:00:24.859942|[g:1][CONSENSUS][PBFT]checkAndChangeView: Reach consensus,org_view=67895,cur_changeCycle=1,curView=67895,view=67896
info|2022-11-11 13:00:25.810725|[P2P][Service] heartBeat,connected count=3
info|2022-11-11 13:00:25.876160|[g:1][CONSENSUS]addRawPrepare,height=20,reqIdx=3,hash=9a475d1c...,time=0
info|2022-11-11 13:00:25.880548|[g:1][CONSENSUS][PBFT]checkTimeout Succ,view=67896,toView=67897,nodeIdx=0,changeCycle=1,myNode=54e27343...,timecost=4
info|2022-11-11 13:00:25.896008|[g:1][CONSENSUS][PBFT]checkAndChangeView: Reach consensus,org_view=67896,cur_changeCycle=1,curView=67896,view=67897
info|2022-11-11 13:00:26.897430|[g:1][CONSENSUS][SEALER]++++++++++++++++ Generating seal on,blkNum=20,tx=0,nodeIdx=0,hash=2dfef035...
info|2022-11-11 13:00:26.912872|[g:1][CONSENSUS][PBFT]checkTimeout Succ,view=67897,toView=67898,nodeIdx=0,changeCycle=1,myNode=54e27343...,timecost=5
info|2022-11-11 13:00:26.929810|[g:1][CONSENSUS][PBFT]checkAndChangeView: Reach consensus,org_view=67897,cur_changeCycle=1,curView=67897,view=67898
info|2022-11-11 13:00:27.940884|[g:1][CONSENSUS]addRawPrepare,height=20,reqIdx=1,hash=c9f5ebf5...,time=0
info|2022-11-11 13:00:27.945174|[g:1][CONSENSUS][PBFT]checkTimeout Succ,view=67898,toView=67899,nodeIdx=0,changeCycle=1,myNode=54e27343...,timecost=4
info|2022-11-11 13:00:27.963182|[g:1][CONSENSUS][PBFT]checkAndChangeView: Reach consensus,org_view=67898,cur_changeCycle=1,curView=67898,view=67899
info|2022-11-11 13:00:28.980005|[g:1][CONSENSUS]addRawPrepare,height=20,reqIdx=2,hash=187ee6a5...,time=1
info|2022-11-11 13:00:28.984083|[g:1][CONSENSUS][PBFT]checkTimeout Succ,view=67899,toView=67900,nodeIdx=0,changeCycle=1,myNode=54e27343...,timecost=4
info|2022-11-11 13:00:28.999891|[g:1][CONSENSUS][PBFT]checkAndChangeView: Reach consensus,org_view=67899,cur_changeCycle=1,curView=67899,view=67900
info|2022-11-11 13:00:30.014167|[g:1][CONSENSUS]addRawPrepare,height=20,reqIdx=3,hash=ef4f6d67...,time=0
info|2022-11-11 13:00:30.018839|[g:1][CONSENSUS][PBFT]checkTimeout Succ,view=67900,toView=67901,nodeIdx=0,changeCycle=1,myNode=54e27343...,timecost=4
info|2022-11-11 13:00:30.036178|[g:1][CONSENSUS][PBFT]checkAndChangeView: Reach consensus,org_view=67900,cur_changeCycle=1,curView=67900,view=67901
info|2022-11-11 13:00:31.038347|[g:1][CONSENSUS][SEALER]++++++++++++++++ Generating seal on,blkNum=20,tx=0,nodeIdx=0,hash=5584b600...
info|2022-11-11 13:00:31.054893|[g:1][CONSENSUS][PBFT]checkTimeout Succ,view=67901,toView=67902,nodeIdx=0,changeCycle=1,myNode=54e27343...,timecost=6
info|2022-11-11 13:00:31.073038|[g:1][CONSENSUS][PBFT]checkAndChangeView: Reach consensus,org_view=67901,cur_changeCycle=1,curView=67901,view=67902
info|2022-11-11 13:00:32.085708|[g:1][CONSENSUS]addRawPrepare,height=20,reqIdx=1,hash=4f8c26e6...,time=1
info|2022-11-11 13:00:32.093571|[g:1][CONSENSUS][PBFT]checkTimeout Succ,view=67902,toView=67903,nodeIdx=0,changeCycle=1,myNode=54e27343...,timecost=7
info|2022-11-11 13:00:32.111248|[g:1][CONSENSUS][PBFT]checkAndChangeView: Reach consensus,org_view=67902,cur_changeCycle=1,curView=67902,view=67903
info|2022-11-11 13:00:33.109573|[g:1][CONSENSUS]addRawPrepare,height=20,reqIdx=2,hash=fd07fa18...,time=0
info|2022-11-11 13:00:33.110323|[g:1][CONSENSUS][PBFT]checkTimeout Succ,view=67903,toView=67904,nodeIdx=0,changeCycle=1,myNode=54e27343...,timecost=1
info|2022-11-11 13:00:33.113162|[g:1][CONSENSUS][PBFT]checkAndChangeView: Reach consensus,org_view=67903,cur_changeCycle=1,curView=67903,view=67904
info|2022-11-11 13:00:34.116166|[g:1][CONSENSUS]addRawPrepare,height=20,reqIdx=3,hash=cded4c88...,time=0
info|2022-11-11 13:00:34.116985|[g:1][CONSENSUS][PBFT]checkTimeout Succ,view=67904,toView=67905,nodeIdx=0,changeCycle=1,myNode=54e27343...,timecost=1
info|2022-11-11 13:00:34.119451|[g:1][CONSENSUS][PBFT]checkAndChangeView: Reach consensus,org_view=67904,cur_changeCycle=1,curView=67904,view=67905
info|2022-11-11 13:00:35.120713|[g:1][CONSENSUS][SEALER]++++++++++++++++ Generating seal on,blkNum=20,tx=0,nodeIdx=0,hash=49001771...
info|2022-11-11 13:00:35.126528|[g:1][CONSENSUS][PBFT]checkTimeout Succ,view=67905,toView=67906,nodeIdx=0,changeCycle=1,myNode=54e27343...,timecost=1
info|2022-11-11 13:00:35.128819|[g:1][CONSENSUS][PBFT]checkAndChangeView: Reach consensus,org_view=67905,cur_changeCycle=1,curView=67905,view=67906
info|2022-11-11 13:00:35.812029|[P2P][Service] heartBeat,connected count=3
info|2022-11-11 13:00:36.141553|[g:1][CONSENSUS]addRawPrepare,height=20,reqIdx=1,hash=41193daa...,time=0
info|2022-11-11 13:00:36.142427|[g:1][CONSENSUS][PBFT]checkTimeout Succ,view=67906,toView=67907,nodeIdx=0,changeCycle=1,myNode=54e27343...,timecost=1
info|2022-11-11 13:00:36.144750|[g:1][CONSENSUS][PBFT]checkAndChangeView: Reach consensus,org_view=67906,cur_changeCycle=1,curView=67906,view=67907
info|2022-11-11 13:00:37.148984|[g:1][CONSENSUS]addRawPrepare,height=20,reqIdx=2,hash=b5eb95d4...,time=1
info|2022-11-11 13:00:37.149975|[g:1][CONSENSUS][PBFT]checkTimeout Succ,view=67907,toView=67908,nodeIdx=0,changeCycle=1,myNode=54e27343...,timecost=1
info|2022-11-11 13:00:37.152190|[g:1][CONSENSUS][PBFT]checkAndChangeView: Reach consensus,org_view=67907,cur_changeCycle=1,curView=67907,view=67908
info|2022-11-11 13:00:38.155294|[g:1][CONSENSUS]addRawPrepare,height=20,reqIdx=3,hash=614a0737...,time=0
info|2022-11-11 13:00:38.156060|[g:1][CONSENSUS][PBFT]checkTimeout Succ,view=67908,toView=67909,nodeIdx=0,changeCycle=1,myNode=54e27343...,timecost=1
info|2022-11-11 13:00:38.157875|[g:1][CONSENSUS][PBFT]checkAndChangeView: Reach consensus,org_view=67908,cur_changeCycle=1,curView=67908,view=67909
info|2022-11-11 13:00:39.159163|[g:1][CONSENSUS][SEALER]++++++++++++++++ Generating seal on,blkNum=20,tx=0,nodeIdx=0,hash=597ac9dd...
info|2022-11-11 13:00:39.165434|[g:1][CONSENSUS][PBFT]checkTimeout Succ,view=67909,toView=67910,nodeIdx=0,changeCycle=1,myNode=54e27343...,timecost=1
info|2022-11-11 13:00:39.166262|[g:1][CONSENSUS][PBFT]checkAndChangeView: Reach consensus,org_view=67909,cur_changeCycle=1,curView=67909,view=67910
info|2022-11-11 13:00:40.168919|[g:1][CONSENSUS]addRawPrepare,height=20,reqIdx=1,hash=521cb048...,time=0
info|2022-11-11 13:00:40.169598|[g:1][CONSENSUS][PBFT]checkTimeout Succ,view=67910,toView=67911,nodeIdx=0,changeCycle=1,myNode=54e27343...,timecost=0
info|2022-11-11 13:00:40.171998|[g:1][CONSENSUS][PBFT]checkAndChangeView: Reach consensus,org_view=67910,cur_changeCycle=1,curView=67910,view=67911
info|2022-11-11 13:00:41.173932|[g:1][CONSENSUS]addRawPrepare,height=20,reqIdx=2,hash=f180fd67...,time=0
info|2022-11-11 13:00:41.174578|[g:1][CONSENSUS][PBFT]checkTimeout Succ,view=67911,toView=67912,nodeIdx=0,changeCycle=1,myNode=54e27343...,timecost=0
info|2022-11-11 13:00:41.176325|[g:1][CONSENSUS][PBFT]checkAndChangeView: Reach consensus,org_view=67911,cur_changeCycle=1,curView=67911,view=67912
info|2022-11-11 13:00:42.179596|[g:1][CONSENSUS]addRawPrepare,height=20,reqIdx=3,hash=8cfaccb2...,time=0
info|2022-11-11 13:00:42.180568|[g:1][CONSENSUS][PBFT]checkTimeout Succ,view=67912,toView=67913,nodeIdx=0,changeCycle=1,myNode=54e27343...,timecost=1
info|2022-11-11 13:00:42.183176|[g:1][CONSENSUS][PBFT]checkAndChangeView: Reach consensus,org_view=67912,cur_changeCycle=1,curView=67912,view=67913
info|2022-11-11 13:00:43.184362|[g:1][CONSENSUS][SEALER]++++++++++++++++ Generating seal on,blkNum=20,tx=0,nodeIdx=0,hash=1e1a832a...
info|2022-11-11 13:00:43.185926|[g:1][CONSENSUS][PBFT]checkTimeout Succ,view=67913,toView=67914,nodeIdx=0,changeCycle=1,myNode=54e27343...,timecost=0
info|2022-11-11 13:00:43.189761|[g:1][CONSENSUS][PBFT]checkAndChangeView: Reach consensus,org_view=67913,cur_changeCycle=1,curView=67913,view=67914
info|2022-11-11 13:00:44.191402|[g:1][CONSENSUS]addRawPrepare,height=20,reqIdx=1,hash=ba9cb025...,time=0
info|2022-11-11 13:00:44.192047|[g:1][CONSENSUS][PBFT]checkTimeout Succ,view=67914,toView=67915,nodeIdx=0,changeCycle=1,myNode=54e27343...,timecost=1
info|2022-11-11 13:00:44.193482|[g:1][CONSENSUS][PBFT]checkAndChangeView: Reach consensus,org_view=67914,cur_changeCycle=1,curView=67914,view=67915
info|2022-11-11 13:00:45.196812|[g:1][CONSENSUS]addRawPrepare,height=20,reqIdx=2,hash=af63cad7...,time=0
info|2022-11-11 13:00:45.197770|[g:1][CONSENSUS][PBFT]checkTimeout Succ,view=67915,toView=67916,nodeIdx=0,changeCycle=1,myNode=54e27343...,timecost=1
info|2022-11-11 13:00:45.200175|[g:1][CONSENSUS][PBFT]checkAndChangeView: Reach consensus,org_view=67915,cur_changeCycle=1,curView=67915,view=67916
info|2022-11-11 13:00:45.814061|[P2P][Service] heartBeat,connected count=3
info|2022-11-11 13:00:46.203448|[g:1][CONSENSUS]addRawPrepare,height=20,reqIdx=3,hash=4baab685...,time=0
info|2022-11-11 13:00:46.204093|[g:1][CONSENSUS][PBFT]checkTimeout Succ,view=67916,toView=67917,nodeIdx=0,changeCycle=1,myNode=54e27343...,timecost=1
info|2022-11-11 13:00:46.205753|[g:1][CONSENSUS][PBFT]checkAndChangeView: Reach consensus,org_view=67916,cur_changeCycle=1,curView=67916,view=67917
info|2022-11-11 13:00:47.206693|[g:1][CONSENSUS][SEALER]++++++++++++++++ Generating seal on,blkNum=20,tx=0,nodeIdx=0,hash=84ca6a62...
info|2022-11-11 13:00:47.211206|[g:1][CONSENSUS][PBFT]checkTimeout Succ,view=67917,toView=67918,nodeIdx=0,changeCycle=1,myNode=54e27343...,timecost=1
info|2022-11-11 13:00:47.212930|[g:1][CONSENSUS][PBFT]checkAndChangeView: Reach consensus,org_view=67917,cur_changeCycle=1,curView=67917,view=67918
info|2022-11-11 13:00:48.216384|[g:1][CONSENSUS]addRawPrepare,height=20,reqIdx=1,hash=59a71d86...,time=0
info|2022-11-11 13:00:48.217310|[g:1][CONSENSUS][PBFT]checkTimeout Succ,view=67918,toView=67919,nodeIdx=0,changeCycle=1,myNode=54e27343...,timecost=1
info|2022-11-11 13:00:48.219655|[g:1][CONSENSUS][PBFT]checkAndChangeView: Reach consensus,org_view=67918,cur_changeCycle=1,curView=67918,view=67919
warning|2022-11-11 13:18:22.802109|[g:1][CONSENSUS][PBFT]ViewChangeWarning: not caused by omit empty block ,v=67919,toV=67920,curNum=19,hash=bcafa72f...,nodeIdx=0,myNode=54e27343...
info|2022-11-11 13:18:22.802323|[g:1][CONSENSUS][PBFT]checkTimeout Succ,view=67919,toView=67920,nodeIdx=0,changeCycle=2,myNode=54e27343...,timecost=1
info|2022-11-11 13:18:22.808188|[P2P][Service] heartBeat,connected count=3
error|2022-11-11 13:18:22.808219|[NETWORK][Session]Idle connection, disconnect ,endpoint=127.0.0.1:60363
info|2022-11-11 13:18:22.808229|[NETWORK][Session]drop, call and erase all callbackFunc in this session!,endpoint=127.0.0.1:60363
warning|2022-11-11 13:18:22.808244|[NETWORK][Session][drop] closing remote 0.0.0.0:0,reason=(Idle connection for no network io happens during 5s time intervals.),endpoint=127.0.0.1:60363
error|2022-11-11 13:18:22.808300|[NETWORK][Session]Idle connection, disconnect ,endpoint=127.0.0.1:60373
info|2022-11-11 13:18:22.808308|[NETWORK][Session]drop, call and erase all callbackFunc in this session!,endpoint=127.0.0.1:60373
warning|2022-11-11 13:18:22.808316|[NETWORK][Session][drop] closing remote 127.0.0.1:60373,reason=(Idle connection for no network io happens during 5s time intervals.),endpoint=127.0.0.1:60373
error|2022-11-11 13:18:22.808431|[NETWORK][Session]Session inactived
error|2022-11-11 13:18:22.808446|[NETWORK][Session]Idle connection, disconnect ,endpoint=127.0.0.1:60367
info|2022-11-11 13:18:22.808457|[NETWORK][Session]drop, call and erase all callbackFunc in this session!,endpoint=127.0.0.1:60367
warning|2022-11-11 13:18:22.808467|[NETWORK][Session][drop] closing remote 0.0.0.0:0,reason=(Idle connection for no network io happens during 5s time intervals.),endpoint=127.0.0.1:60367
error|2022-11-11 13:18:22.808509|[NETWORK][Session]Session inactived
error|2022-11-11 13:18:22.808515|[NETWORK][Session]Session inactived
warning|2022-11-11 13:18:22.808540|[NETWORK][Session]doRead error,endpoint=127.0.0.1:60363,message=Connection reset by peer
warning|2022-11-11 13:18:22.808551|[NETWORK][Session]doRead error,endpoint=127.0.0.1:60367,message=Connection reset by peer
warning|2022-11-11 13:18:22.808559|[NETWORK][Session]doRead error,endpoint=127.0.0.1:60373,message=short read
error|2022-11-11 13:18:22.808570|[NETWORK][Session]Session inactived
error|2022-11-11 13:18:22.808574|[NETWORK][Session]Session inactived
error|2022-11-11 13:18:22.808578|[NETWORK][Session]Session inactived
warning|2022-11-11 13:18:22.811485|[P2P][Service] disconnect error P2PSession,nodeID=c30b6e4f...,endpoint=127.0.0.1:60363,errorCode=3,what=Disconnect
warning|2022-11-11 13:18:22.811516|[P2P][Service] onDisconnect,errorCode=3,what=Dynamic exception type: dev::network::NetworkException
std::exception::what: Disconnect

warning|2022-11-11 13:18:22.811541|[P2P][Service] disconnect error P2PSession,nodeID=74ec5d39...,endpoint=127.0.0.1:60373,errorCode=3,what=Disconnect
warning|2022-11-11 13:18:22.811552|[P2P][Service] onDisconnect,errorCode=3,what=Dynamic exception type: dev::network::NetworkException
std::exception::what: Disconnect

warning|2022-11-11 13:18:22.811564|[P2P][Service] disconnect error P2PSession,nodeID=8170ed0b...,endpoint=127.0.0.1:60367,errorCode=3,what=Disconnect
warning|2022-11-11 13:18:22.811574|[P2P][Service] onDisconnect,errorCode=3,what=Dynamic exception type: dev::network::NetworkException
std::exception::what: Disconnect

warning|2022-11-11 13:18:22.816428|[g:1][P2P][Service] Node inactived,nodeID=74ec5d39...
warning|2022-11-11 13:18:22.816447|[g:1][P2P][Service] Node inactived,nodeID=c30b6e4f...
warning|2022-11-11 13:18:22.816457|[g:1][P2P][Service] Node inactived,nodeID=8170ed0b...
warning|2022-11-11 13:18:22.816723|[NETWORK][Session][drop] shutdown failed ,errorValue=9,message=Bad file descriptor
warning|2022-11-11 13:18:22.816744|[NETWORK][Session][drop] shutdown failed ,errorValue=9,message=Bad file descriptor
warning|2022-11-11 13:18:22.816751|[NETWORK][Session][drop] shutdown failed ,errorValue=9,message=Bad file descriptor
warning|2022-11-11 13:18:29.475217|[g:1][CONSENSUS][PBFT]ViewChangeWarning: not caused by omit empty block ,v=67919,toV=67921,curNum=19,hash=bcafa72f...,nodeIdx=0,myNode=54e27343...
warning|2022-11-11 13:18:29.475303|[g:1][CONSENSUS][PBFT]Find disconnectedNode,disconnectedNodeSize=3,sessionSize=0,minValidNodes=3,connectedNodeList=,disconnectedNode=74ec5d39..., 8170ed0b..., c30b6e4f..., ,idx=0
info|2022-11-11 13:18:29.475376|[g:1][CONSENSUS][PBFT]checkTimeout Succ,view=67919,toView=67921,nodeIdx=0,changeCycle=3,myNode=54e27343...,timecost=1
info|2022-11-11 13:18:32.804844|[NETWORK][Host]P2P Recv Connect, From=127.0.0.1:60476
info|2022-11-11 13:18:32.804947|[NETWORK][Host]P2P StartAccept,Host=0.0.0.0:30302
info|2022-11-11 13:18:32.805034|[NETWORK][Host]P2P Recv Connect, From=127.0.0.1:60477
info|2022-11-11 13:18:32.805103|[NETWORK][Host]P2P StartAccept,Host=0.0.0.0:30302
info|2022-11-11 13:18:32.807624|[NETWORK][Host]P2P Recv Connect, From=127.0.0.1:60480
info|2022-11-11 13:18:32.807741|[NETWORK][Host]P2P StartAccept,Host=0.0.0.0:30302
info|2022-11-11 13:18:32.808306|[NETWORK][Host]Connecting to node,endpoint=127.0.0.1:30300
info|2022-11-11 13:18:32.808401|[NETWORK][Host]Connecting to node,endpoint=127.0.0.1:30301
info|2022-11-11 13:18:32.808422|[NETWORK][Host]Connecting to node,endpoint=127.0.0.1:30303
info|2022-11-11 13:18:32.808444|[P2P][Service] heartBeat,connected count=0
info|2022-11-11 13:18:32.808612|[NETWORK][ASIO]asyncResolveConnect,endpoint=127.0.0.1:30300
info|2022-11-11 13:18:32.808771|[NETWORK][ASIO]asyncResolveConnect,endpoint=127.0.0.1:30301
info|2022-11-11 13:18:32.808885|[NETWORK][ASIO]asyncResolveConnect,endpoint=127.0.0.1:30303
error|2022-11-11 13:18:32.813069|[NETWORK][Host]Get ca basic failed
info|2022-11-11 13:18:32.816045|[NETWORK][Host]handshakeServer succ,remote endpoint=127.0.0.1:60476
info|2022-11-11 13:18:32.816110|[NETWORK][Host]startPeerSession, Remote=127.0.0.1:60476,local endpoint=127.0.0.1:30302,nodeID=c30b6e4f...
info|2022-11-11 13:18:32.816211|[P2P][Service] Connection established,nodeID=c30b6e4f...,endpoint=127.0.0.1:60476
error|2022-11-11 13:18:32.816440|[NETWORK][Host]Get ca basic failed
info|2022-11-11 13:18:32.819579|[NETWORK][Host]handshakeServer succ,remote endpoint=127.0.0.1:60480
info|2022-11-11 13:18:32.819612|[NETWORK][Host]startPeerSession, Remote=127.0.0.1:60480,local endpoint=127.0.0.1:30302,nodeID=74ec5d39...
info|2022-11-11 13:18:32.819655|[P2P][Service] Connection established,nodeID=74ec5d39...,endpoint=127.0.0.1:60480
error|2022-11-11 13:18:32.819768|[NETWORK][Host]Get ca basic failed
error|2022-11-11 13:18:32.823359|[NETWORK][Host]Get ca basic failed
error|2022-11-11 13:18:32.825963|[NETWORK][Host]Get ca basic failed
error|2022-11-11 13:18:32.829542|[NETWORK][Host]Get ca basic failed
info|2022-11-11 13:18:32.832526|[NETWORK][Host]handshakeServer succ,remote endpoint=127.0.0.1:60477
info|2022-11-11 13:18:32.832550|[NETWORK][Host]startPeerSession, Remote=127.0.0.1:60477,local endpoint=127.0.0.1:30302,nodeID=8170ed0b...
info|2022-11-11 13:18:32.832588|[P2P][Service] Connection established,nodeID=8170ed0b...,endpoint=127.0.0.1:60477
info|2022-11-11 13:18:32.832670|[NETWORK][Host]handshakeClient succ,local endpoint=127.0.0.1:60483
info|2022-11-11 13:18:32.832685|[NETWORK][Host]startPeerSession, Remote=127.0.0.1:30301,local endpoint=127.0.0.1:60483,nodeID=c30b6e4f...
info|2022-11-11 13:18:32.832881|[NETWORK][Session]Received topic: [217] from c30b6e4f7217137914bd3298cfd2e166b062fd2f06dff8645f399620a540a0d69bab3db9018c71c03ba2953013245a97bc79e3ce3a4b16e728a4b488eaa56291
info|2022-11-11 13:18:32.833421|[NETWORK][Host]handshakeClient succ,local endpoint=127.0.0.1:60482
info|2022-11-11 13:18:32.833444|[NETWORK][Host]startPeerSession, Remote=127.0.0.1:30300,local endpoint=127.0.0.1:60482,nodeID=74ec5d39...
info|2022-11-11 13:18:32.833873|[NETWORK][Session]Received topic: [244] from 74ec5d392f0ef12f6b73a3918aea0e853c4d79690a711679dc5db2c2df93b77d85606080c2edf822b93ce642c832d7759dffac92964323a7b2cbbb8ae9c0afc1
info|2022-11-11 13:18:32.835916|[NETWORK][Host]handshakeClient succ,local endpoint=127.0.0.1:60484
info|2022-11-11 13:18:32.835939|[NETWORK][Host]startPeerSession, Remote=127.0.0.1:30303,local endpoint=127.0.0.1:60484,nodeID=8170ed0b...
warning|2022-11-11 13:18:39.604815|[g:1][CONSENSUS][PBFT]ViewChangeWarning: not caused by omit empty block ,v=67919,toV=67922,curNum=19,hash=bcafa72f...,nodeIdx=0,myNode=54e27343...
info|2022-11-11 13:18:39.606667|[g:1][CONSENSUS][PBFT]checkTimeout Succ,view=67919,toView=67922,nodeIdx=0,changeCycle=4,myNode=54e27343...,timecost=5
info|2022-11-11 13:18:39.629291|[g:1][CONSENSUS][PBFT]checkAndChangeView: Reach consensus,org_view=67919,cur_changeCycle=4,curView=67919,view=67922
info|2022-11-11 13:18:40.638816|[g:1][CONSENSUS]addRawPrepare,height=20,reqIdx=1,hash=a28e25c4...,time=0
info|2022-11-11 13:18:40.642952|[g:1][CONSENSUS][PBFT]checkTimeout Succ,view=67922,toView=67923,nodeIdx=0,changeCycle=1,myNode=54e27343...,timecost=4
info|2022-11-11 13:18:40.656538|[g:1][CONSENSUS][PBFT]checkAndChangeView: Reach consensus,org_view=67922,cur_changeCycle=1,curView=67922,view=67923
info|2022-11-11 13:18:41.671530|[g:1][CONSENSUS]addRawPrepare,height=20,reqIdx=2,hash=47dbf351...,time=0
info|2022-11-11 13:18:41.675926|[g:1][CONSENSUS][PBFT]checkTimeout Succ,view=67923,toView=67924,nodeIdx=0,changeCycle=1,myNode=54e27343...,timecost=4
info|2022-11-11 13:18:41.688876|[g:1][CONSENSUS][PBFT]checkAndChangeView: Reach consensus,org_view=67923,cur_changeCycle=1,curView=67923,view=67924
info|2022-11-11 13:18:42.705327|[g:1][CONSENSUS]addRawPrepare,height=20,reqIdx=3,hash=505fd275...,time=0
info|2022-11-11 13:18:42.711563|[g:1][CONSENSUS][PBFT]checkTimeout Succ,view=67924,toView=67925,nodeIdx=0,changeCycle=1,myNode=54e27343...,timecost=5
info|2022-11-11 13:18:42.726433|[g:1][CONSENSUS][PBFT]checkAndChangeView: Reach consensus,org_view=67924,cur_changeCycle=1,curView=67924,view=67925
info|2022-11-11 13:18:42.810621|[P2P][Service] heartBeat,connected count=3
info|2022-11-11 13:18:43.728185|[g:1][CONSENSUS][SEALER]++++++++++++++++ Generating seal on,blkNum=20,tx=0,nodeIdx=0,hash=d6b0083a...
info|2022-11-11 13:18:43.745408|[g:1][CONSENSUS][PBFT]checkTimeout Succ,view=67925,toView=67926,nodeIdx=0,changeCycle=1,myNode=54e27343...,timecost=4
info|2022-11-11 13:18:43.761163|[g:1][CONSENSUS][PBFT]checkAndChangeView: Reach consensus,org_view=67925,cur_changeCycle=1,curView=67925,view=67926
info|2022-11-11 13:18:44.777468|[g:1][CONSENSUS]addRawPrepare,height=20,reqIdx=1,hash=0f43730c...,time=0
info|2022-11-11 13:18:44.782145|[g:1][CONSENSUS][PBFT]checkTimeout Succ,view=67926,toView=67927,nodeIdx=0,changeCycle=1,myNode=54e27343...,timecost=4
info|2022-11-11 13:18:44.797261|[g:1][CONSENSUS][PBFT]checkAndChangeView: Reach consensus,org_view=67926,cur_changeCycle=1,curView=67926,view=67927
info|2022-11-11 13:18:45.809884|[g:1][CONSENSUS]addRawPrepare,height=20,reqIdx=2,hash=56594a86...,time=0
info|2022-11-11 13:18:45.813587|[g:1][CONSENSUS][PBFT]checkTimeout Succ,view=67927,toView=67928,nodeIdx=0,changeCycle=1,myNode=54e27343...,timecost=3
info|2022-11-11 13:18:45.828731|[g:1][CONSENSUS][PBFT]checkAndChangeView: Reach consensus,org_view=67927,cur_changeCycle=1,curView=67927,view=67928
info|2022-11-11 13:18:46.844294|[g:1][CONSENSUS]addRawPrepare,height=20,reqIdx=3,hash=4329b37a...,time=0
info|2022-11-11 13:18:46.848904|[g:1][CONSENSUS][PBFT]checkTimeout Succ,view=67928,toView=67929,nodeIdx=0,changeCycle=1,myNode=54e27343...,timecost=4
info|2022-11-11 13:18:46.873023|[g:1][CONSENSUS][PBFT]checkAndChangeView: Reach consensus,org_view=67928,cur_changeCycle=1,curView=67928,view=67929
info|2022-11-11 13:18:47.873725|[g:1][CONSENSUS][SEALER]++++++++++++++++ Generating seal on,blkNum=20,tx=0,nodeIdx=0,hash=7f2071ed...
info|2022-11-11 13:18:47.893394|[g:1][CONSENSUS][PBFT]checkTimeout Succ,view=67929,toView=67930,nodeIdx=0,changeCycle=1,myNode=54e27343...,timecost=6
info|2022-11-11 13:18:47.905920|[g:1][CONSENSUS][PBFT]checkAndChangeView: Reach consensus,org_view=67929,cur_changeCycle=1,curView=67929,view=67930
info|2022-11-11 13:18:48.922021|[g:1][CONSENSUS]addRawPrepare,height=20,reqIdx=1,hash=d9baa03a...,time=1
info|2022-11-11 13:18:48.926851|[g:1][CONSENSUS][PBFT]checkTimeout Succ,view=67930,toView=67931,nodeIdx=0,changeCycle=1,myNode=54e27343...,timecost=3
info|2022-11-11 13:18:48.947961|[g:1][CONSENSUS][PBFT]checkAndChangeView: Reach consensus,org_view=67930,cur_changeCycle=1,curView=67930,view=67931
info|2022-11-11 13:18:49.956778|[g:1][CONSENSUS]addRawPrepare,height=20,reqIdx=2,hash=fe486f4f...,time=0
info|2022-11-11 13:18:49.962408|[g:1][CONSENSUS][PBFT]checkTimeout Succ,view=67931,toView=67932,nodeIdx=0,changeCycle=1,myNode=54e27343...,timecost=5
info|2022-11-11 13:18:49.974014|[g:1][CONSENSUS][PBFT]checkAndChangeView: Reach consensus,org_view=67931,cur_changeCycle=1,curView=67931,view=67932
info|2022-11-11 13:18:50.985557|[g:1][CONSENSUS]addRawPrepare,height=20,reqIdx=3,hash=b3b16845...,time=0
info|2022-11-11 13:18:50.989794|[g:1][CONSENSUS][PBFT]checkTimeout Succ,view=67932,toView=67933,nodeIdx=0,changeCycle=1,myNode=54e27343...,timecost=3
info|2022-11-11 13:18:51.006221|[g:1][CONSENSUS][PBFT]checkAndChangeView: Reach consensus,org_view=67932,cur_changeCycle=1,curView=67932,view=67933
info|2022-11-11 13:18:52.007708|[g:1][CONSENSUS][SEALER]++++++++++++++++ Generating seal on,blkNum=20,tx=0,nodeIdx=0,hash=1eb20908...
info|2022-11-11 13:18:52.017083|[g:1][CONSENSUS][PBFT]checkTimeout Succ,view=67933,toView=67934,nodeIdx=0,changeCycle=1,myNode=54e27343...,timecost=5
info|2022-11-11 13:18:52.044083|[g:1][CONSENSUS][PBFT]checkAndChangeView: Reach consensus,org_view=67933,cur_changeCycle=1,curView=67933,view=67934
info|2022-11-11 13:18:52.812838|[P2P][Service] heartBeat,connected count=3
info|2022-11-11 13:18:53.052612|[g:1][CONSENSUS]addRawPrepare,height=20,reqIdx=1,hash=3d130919...,time=0
info|2022-11-11 13:18:53.058879|[g:1][CONSENSUS][PBFT]checkTimeout Succ,view=67934,toView=67935,nodeIdx=0,changeCycle=1,myNode=54e27343...,timecost=6
info|2022-11-11 13:18:53.072903|[g:1][CONSENSUS][PBFT]checkAndChangeView: Reach consensus,org_view=67934,cur_changeCycle=1,curView=67934,view=67935
info|2022-11-11 13:18:54.088474|[g:1][CONSENSUS]addRawPrepare,height=20,reqIdx=2,hash=f9655abd...,time=0
info|2022-11-11 13:18:54.093909|[g:1][CONSENSUS][PBFT]checkTimeout Succ,view=67935,toView=67936,nodeIdx=0,changeCycle=1,myNode=54e27343...,timecost=5
info|2022-11-11 13:18:54.107027|[g:1][CONSENSUS][PBFT]checkAndChangeView: Reach consensus,org_view=67935,cur_changeCycle=1,curView=67935,view=67936
info|2022-11-11 13:18:55.128460|[g:1][CONSENSUS]addRawPrepare,height=20,reqIdx=3,hash=594e7976...,time=0
info|2022-11-11 13:18:55.133958|[g:1][CONSENSUS][PBFT]checkTimeout Succ,view=67936,toView=67937,nodeIdx=0,changeCycle=1,myNode=54e27343...,timecost=4
info|2022-11-11 13:18:55.153842|[g:1][CONSENSUS][PBFT]checkAndChangeView: Reach consensus,org_view=67936,cur_changeCycle=1,curView=67936,view=67937
info|2022-11-11 13:18:56.154603|[g:1][CONSENSUS][SEALER]++++++++++++++++ Generating seal on,blkNum=20,tx=0,nodeIdx=0,hash=c21e6c57...
info|2022-11-11 13:18:56.171502|[g:1][CONSENSUS][PBFT]checkTimeout Succ,view=67937,toView=67938,nodeIdx=0,changeCycle=1,myNode=54e27343...,timecost=5
info|2022-11-11 13:18:56.191689|[g:1][CONSENSUS][PBFT]checkAndChangeView: Reach consensus,org_view=67937,cur_changeCycle=1,curView=67937,view=67938
info|2022-11-11 13:18:57.202069|[g:1][CONSENSUS]addRawPrepare,height=20,reqIdx=1,hash=d5a9adc0...,time=0
info|2022-11-11 13:18:57.208713|[g:1][CONSENSUS][PBFT]checkTimeout Succ,view=67938,toView=67939,nodeIdx=0,changeCycle=1,myNode=54e27343...,timecost=5
info|2022-11-11 13:18:57.222671|[g:1][CONSENSUS][PBFT]checkAndChangeView: Reach consensus,org_view=67938,cur_changeCycle=1,curView=67938,view=67939
info|2022-11-11 13:18:58.233553|[g:1][CONSENSUS]addRawPrepare,height=20,reqIdx=2,hash=33f30b87...,time=0
info|2022-11-11 13:18:58.237815|[g:1][CONSENSUS][PBFT]checkTimeout Succ,view=67939,toView=67940,nodeIdx=0,changeCycle=1,myNode=54e27343...,timecost=3
info|2022-11-11 13:18:58.250830|[g:1][CONSENSUS][PBFT]checkAndChangeView: Reach consensus,org_view=67939,cur_changeCycle=1,curView=67939,view=67940
info|2022-11-11 13:18:59.263781|[g:1][CONSENSUS]addRawPrepare,height=20,reqIdx=3,hash=c755643b...,time=0
info|2022-11-11 13:18:59.268517|[g:1][CONSENSUS][PBFT]checkTimeout Succ,view=67940,toView=67941,nodeIdx=0,changeCycle=1,myNode=54e27343...,timecost=4
info|2022-11-11 13:18:59.286202|[g:1][CONSENSUS][PBFT]checkAndChangeView: Reach consensus,org_view=67940,cur_changeCycle=1,curView=67940,view=67941
info|2022-11-11 13:19:00.288160|[g:1][CONSENSUS][SEALER]++++++++++++++++ Generating seal on,blkNum=20,tx=0,nodeIdx=0,hash=b91c0766...
info|2022-11-11 13:19:00.302773|[g:1][CONSENSUS][PBFT]checkTimeout Succ,view=67941,toView=67942,nodeIdx=0,changeCycle=1,myNode=54e27343...,timecost=4
info|2022-11-11 13:19:00.323728|[g:1][CONSENSUS][PBFT]checkAndChangeView: Reach consensus,org_view=67941,cur_changeCycle=1,curView=67941,view=67942
info|2022-11-11 13:19:01.337469|[g:1][CONSENSUS]addRawPrepare,height=20,reqIdx=1,hash=7f91aa3c...,time=0
info|2022-11-11 13:19:01.342150|[g:1][CONSENSUS][PBFT]checkTimeout Succ,view=67942,toView=67943,nodeIdx=0,changeCycle=1,myNode=54e27343...,timecost=4
info|2022-11-11 13:19:01.366016|[g:1][CONSENSUS][PBFT]checkAndChangeView: Reach consensus,org_view=67942,cur_changeCycle=1,curView=67942,view=67943
info|2022-11-11 13:19:02.374757|[g:1][CONSENSUS]addRawPrepare,height=20,reqIdx=2,hash=219fff37...,time=0
info|2022-11-11 13:19:02.379385|[g:1][CONSENSUS][PBFT]checkTimeout Succ,view=67943,toView=67944,nodeIdx=0,changeCycle=1,myNode=54e27343...,timecost=4
info|2022-11-11 13:19:02.398689|[g:1][CONSENSUS][PBFT]checkAndChangeView: Reach consensus,org_view=67943,cur_changeCycle=1,curView=67943,view=67944
info|2022-11-11 13:19:02.815300|[P2P][Service] heartBeat,connected count=3
info|2022-11-11 13:19:03.418046|[g:1][CONSENSUS]addRawPrepare,height=20,reqIdx=3,hash=9878a9da...,time=1
info|2022-11-11 13:19:03.422517|[g:1][CONSENSUS][PBFT]checkTimeout Succ,view=67944,toView=67945,nodeIdx=0,changeCycle=1,myNode=54e27343...,timecost=4
info|2022-11-11 13:19:03.441019|[g:1][CONSENSUS][PBFT]checkAndChangeView: Reach consensus,org_view=67944,cur_changeCycle=1,curView=67944,view=67945
info|2022-11-11 13:19:04.441077|[g:1][CONSENSUS][SEALER]++++++++++++++++ Generating seal on,blkNum=20,tx=0,nodeIdx=0,hash=bdfb34bc...
info|2022-11-11 13:19:04.457051|[g:1][CONSENSUS][PBFT]checkTimeout Succ,view=67945,toView=67946,nodeIdx=0,changeCycle=1,myNode=54e27343...,timecost=5
info|2022-11-11 13:19:04.474285|[g:1][CONSENSUS][PBFT]checkAndChangeView: Reach consensus,org_view=67945,cur_changeCycle=1,curView=67945,view=67946
info|2022-11-11 13:19:05.490824|[g:1][CONSENSUS]addRawPrepare,height=20,reqIdx=1,hash=18a37d4c...,time=0
info|2022-11-11 13:19:05.497834|[g:1][CONSENSUS][PBFT]checkTimeout Succ,view=67946,toView=67947,nodeIdx=0,changeCycle=1,myNode=54e27343...,timecost=6
info|2022-11-11 13:19:05.510180|[g:1][CONSENSUS][PBFT]checkAndChangeView: Reach consensus,org_view=67946,cur_changeCycle=1,curView=67946,view=67947
info|2022-11-11 13:19:06.524417|[g:1][CONSENSUS]addRawPrepare,height=20,reqIdx=2,hash=68d31d39...,time=0
info|2022-11-11 13:19:06.529533|[g:1][CONSENSUS][PBFT]checkTimeout Succ,view=67947,toView=67948,nodeIdx=0,changeCycle=1,myNode=54e27343...,timecost=4
info|2022-11-11 13:19:06.544944|[g:1][CONSENSUS][PBFT]checkAndChangeView: Reach consensus,org_view=67947,cur_changeCycle=1,curView=67947,view=67948
info|2022-11-11 13:19:07.560491|[g:1][CONSENSUS]addRawPrepare,height=20,reqIdx=3,hash=a9daff3b...,time=0
info|2022-11-11 13:19:07.563841|[g:1][CONSENSUS][PBFT]checkTimeout Succ,view=67948,toView=67949,nodeIdx=0,changeCycle=1,myNode=54e27343...,timecost=2
info|2022-11-11 13:19:07.575619|[g:1][CONSENSUS][PBFT]checkAndChangeView: Reach consensus,org_view=67948,cur_changeCycle=1,curView=67948,view=67949
info|2022-11-11 13:19:08.578146|[g:1][CONSENSUS][SEALER]++++++++++++++++ Generating seal on,blkNum=20,tx=0,nodeIdx=0,hash=55e2a312...
info|2022-11-11 13:19:08.594805|[g:1][CONSENSUS][PBFT]checkTimeout Succ,view=67949,toView=67950,nodeIdx=0,changeCycle=1,myNode=54e27343...,timecost=5
info|2022-11-11 13:19:08.616319|[g:1][CONSENSUS][PBFT]checkAndChangeView: Reach consensus,org_view=67949,cur_changeCycle=1,curView=67949,view=67950
info|2022-11-11 13:19:09.622229|[g:1][CONSENSUS]addRawPrepare,height=20,reqIdx=1,hash=f43d7b26...,time=0
info|2022-11-11 13:19:09.629371|[g:1][CONSENSUS][PBFT]checkTimeout Succ,view=67950,toView=67951,nodeIdx=0,changeCycle=1,myNode=54e27343...,timecost=6
info|2022-11-11 13:19:09.644366|[g:1][CONSENSUS][PBFT]checkAndChangeView: Reach consensus,org_view=67950,cur_changeCycle=1,curView=67950,view=67951
info|2022-11-11 13:19:10.659910|[g:1][CONSENSUS]addRawPrepare,height=20,reqIdx=2,hash=f47affa0...,time=1
info|2022-11-11 13:19:10.664216|[g:1][CONSENSUS][PBFT]checkTimeout Succ,view=67951,toView=67952,nodeIdx=0,changeCycle=1,myNode=54e27343...,timecost=4
info|2022-11-11 13:19:10.677209|[g:1][CONSENSUS][PBFT]checkAndChangeView: Reach consensus,org_view=67951,cur_changeCycle=1,curView=67951,view=67952
info|2022-11-11 13:19:11.694614|[g:1][CONSENSUS]addRawPrepare,height=20,reqIdx=3,hash=e77aa623...,time=0
info|2022-11-11 13:19:11.700199|[g:1][CONSENSUS][PBFT]checkTimeout Succ,view=67952,toView=67953,nodeIdx=0,changeCycle=1,myNode=54e27343...,timecost=5
info|2022-11-11 13:19:11.715149|[g:1][CONSENSUS][PBFT]checkAndChangeView: Reach consensus,org_view=67952,cur_changeCycle=1,curView=67952,view=67953
info|2022-11-11 13:19:12.716709|[g:1][CONSENSUS][SEALER]++++++++++++++++ Generating seal on,blkNum=20,tx=0,nodeIdx=0,hash=d20f4688...
info|2022-11-11 13:19:12.736627|[g:1][CONSENSUS][PBFT]checkTimeout Succ,view=67953,toView=67954,nodeIdx=0,changeCycle=1,myNode=54e27343...,timecost=4
info|2022-11-11 13:19:12.753911|[g:1][CONSENSUS][PBFT]checkAndChangeView: Reach consensus,org_view=67953,cur_changeCycle=1,curView=67953,view=67954
info|2022-11-11 13:19:12.816784|[P2P][Service] heartBeat,connected count=3
info|2022-11-11 13:19:13.773611|[g:1][CONSENSUS]addRawPrepare,height=20,reqIdx=1,hash=e04c60e1...,time=0
info|2022-11-11 13:19:13.778916|[g:1][CONSENSUS][PBFT]checkTimeout Succ,view=67954,toView=67955,nodeIdx=0,changeCycle=1,myNode=54e27343...,timecost=5
info|2022-11-11 13:19:13.791913|[g:1][CONSENSUS][PBFT]checkAndChangeView: Reach consensus,org_view=67954,cur_changeCycle=1,curView=67954,view=67955
info|2022-11-11 13:19:14.811119|[g:1][CONSENSUS]addRawPrepare,height=20,reqIdx=2,hash=f222856d...,time=0
info|2022-11-11 13:19:14.817209|[g:1][CONSENSUS][PBFT]checkTimeout Succ,view=67955,toView=67956,nodeIdx=0,changeCycle=1,myNode=54e27343...,timecost=6
info|2022-11-11 13:19:14.830575|[g:1][CONSENSUS][PBFT]checkAndChangeView: Reach consensus,org_view=67955,cur_changeCycle=1,curView=67955,view=67956
info|2022-11-11 13:19:15.851358|[g:1][CONSENSUS]addRawPrepare,height=20,reqIdx=3,hash=37f8818f...,time=0
info|2022-11-11 13:19:15.856322|[g:1][CONSENSUS][PBFT]checkTimeout Succ,view=67956,toView=67957,nodeIdx=0,changeCycle=1,myNode=54e27343...,timecost=5
info|2022-11-11 13:19:15.874407|[g:1][CONSENSUS][PBFT]checkAndChangeView: Reach consensus,org_view=67956,cur_changeCycle=1,curView=67956,view=67957
info|2022-11-11 13:19:16.875944|[g:1][CONSENSUS][SEALER]++++++++++++++++ Generating seal on,blkNum=20,tx=0,nodeIdx=0,hash=caf443b5...
info|2022-11-11 13:19:16.901351|[g:1][CONSENSUS][PBFT]checkTimeout Succ,view=67957,toView=67958,nodeIdx=0,changeCycle=1,myNode=54e27343...,timecost=6
info|2022-11-11 13:19:16.925076|[g:1][CONSENSUS][PBFT]checkAndChangeView: Reach consensus,org_view=67957,cur_changeCycle=1,curView=67957,view=67958
info|2022-11-11 13:19:17.935444|[g:1][CONSENSUS]addRawPrepare,height=20,reqIdx=1,hash=795c4475...,time=0
info|2022-11-11 13:19:17.944706|[g:1][CONSENSUS][PBFT]checkTimeout Succ,view=67958,toView=67959,nodeIdx=0,changeCycle=1,myNode=54e27343...,timecost=8
info|2022-11-11 13:19:17.959237|[g:1][CONSENSUS][PBFT]checkAndChangeView: Reach consensus,org_view=67958,cur_changeCycle=1,curView=67958,view=67959
info|2022-11-11 13:19:18.974335|[g:1][CONSENSUS]addRawPrepare,height=20,reqIdx=2,hash=cd053f29...,time=0
info|2022-11-11 13:19:18.980899|[g:1][CONSENSUS][PBFT]checkTimeout Succ,view=67959,toView=67960,nodeIdx=0,changeCycle=1,myNode=54e27343...,timecost=7
info|2022-11-11 13:19:18.997292|[g:1][CONSENSUS][PBFT]checkAndChangeView: Reach consensus,org_view=67959,cur_changeCycle=1,curView=67959,view=67960
info|2022-11-11 13:19:20.010372|[g:1][CONSENSUS]addRawPrepare,height=20,reqIdx=3,hash=aaaff178...,time=0
info|2022-11-11 13:19:20.014941|[g:1][CONSENSUS][PBFT]checkTimeout Succ,view=67960,toView=67961,nodeIdx=0,changeCycle=1,myNode=54e27343...,timecost=5
info|2022-11-11 13:19:20.030476|[g:1][CONSENSUS][PBFT]checkAndChangeView: Reach consensus,org_view=67960,cur_changeCycle=1,curView=67960,view=67961
info|2022-11-11 13:19:21.031487|[g:1][CONSENSUS][SEALER]++++++++++++++++ Generating seal on,blkNum=20,tx=0,nodeIdx=0,hash=6b65da43...
info|2022-11-11 13:19:21.038062|[g:1][CONSENSUS][PBFT]checkTimeout Succ,view=67961,toView=67962,nodeIdx=0,changeCycle=1,myNode=54e27343...,timecost=1
info|2022-11-11 13:19:21.039025|[g:1][CONSENSUS][PBFT]checkAndChangeView: Reach consensus,org_view=67961,cur_changeCycle=1,curView=67961,view=67962
info|2022-11-11 13:19:22.040741|[g:1][CONSENSUS]addRawPrepare,height=20,reqIdx=1,hash=45cb0d43...,time=0
info|2022-11-11 13:19:22.041619|[g:1][CONSENSUS][PBFT]checkTimeout Succ,view=67962,toView=67963,nodeIdx=0,changeCycle=1,myNode=54e27343...,timecost=1
info|2022-11-11 13:19:22.045003|[g:1][CONSENSUS][PBFT]checkAndChangeView: Reach consensus,org_view=67962,cur_changeCycle=1,curView=67962,view=67963
info|2022-11-11 13:19:22.817536|[P2P][Service] heartBeat,connected count=3
info|2022-11-11 13:19:23.048930|[g:1][CONSENSUS]addRawPrepare,height=20,reqIdx=2,hash=fc4005a6...,time=0
info|2022-11-11 13:19:23.050108|[g:1][CONSENSUS][PBFT]checkTimeout Succ,view=67963,toView=67964,nodeIdx=0,changeCycle=1,myNode=54e27343...,timecost=1
info|2022-11-11 13:19:23.060608|[g:1][CONSENSUS][PBFT]checkAndChangeView: Reach consensus,org_view=67963,cur_changeCycle=1,curView=67963,view=67964
info|2022-11-11 13:19:24.056517|[g:1][CONSENSUS]addRawPrepare,height=20,reqIdx=3,hash=48a94c67...,time=0
info|2022-11-11 13:19:24.057412|[g:1][CONSENSUS][PBFT]checkTimeout Succ,view=67964,toView=67965,nodeIdx=0,changeCycle=1,myNode=54e27343...,timecost=1
info|2022-11-11 13:19:24.060337|[g:1][CONSENSUS][PBFT]checkAndChangeView: Reach consensus,org_view=67964,cur_changeCycle=1,curView=67964,view=67965
info|2022-11-11 13:19:25.061211|[g:1][CONSENSUS][SEALER]++++++++++++++++ Generating seal on,blkNum=20,tx=0,nodeIdx=0,hash=de790d97...
info|2022-11-11 13:19:25.062899|[g:1][CONSENSUS][PBFT]checkTimeout Succ,view=67965,toView=67966,nodeIdx=0,changeCycle=1,myNode=54e27343...,timecost=0
info|2022-11-11 13:19:25.068091|[g:1][CONSENSUS][PBFT]checkAndChangeView: Reach consensus,org_view=67965,cur_changeCycle=1,curView=67965,view=67966
info|2022-11-11 13:19:51.003742|[P2P][Service] heartBeat,connected count=3
warning|2022-11-11 13:19:51.008856|[g:1][CONSENSUS][PBFT]ViewChangeWarning: not caused by omit empty block ,v=67966,toV=67967,curNum=19,hash=bcafa72f...,nodeIdx=0,myNode=54e27343...
info|2022-11-11 13:19:51.009108|[g:1][CONSENSUS][PBFT]checkTimeout Succ,view=67966,toView=67967,nodeIdx=0,changeCycle=2,myNode=54e27343...,timecost=1
info|2022-11-11 13:19:51.010740|[g:1][CONSENSUS][PBFT]checkAndChangeView: Reach consensus,org_view=67966,cur_changeCycle=2,curView=67966,view=67967
info|2022-11-11 13:19:52.014594|[g:1][CONSENSUS]addRawPrepare,height=20,reqIdx=2,hash=d8dfe6e6...,time=0
info|2022-11-11 13:19:52.014961|[g:1][CONSENSUS][PBFT]checkTimeout Succ,view=67967,toView=67968,nodeIdx=0,changeCycle=1,myNode=54e27343...,timecost=0
info|2022-11-11 13:19:52.017090|[g:1][CONSENSUS][PBFT]checkAndChangeView: Reach consensus,org_view=67967,cur_changeCycle=1,curView=67967,view=67968
info|2022-11-11 13:19:53.020482|[g:1][CONSENSUS]addRawPrepare,height=20,reqIdx=3,hash=eee45800...,time=0
info|2022-11-11 13:19:53.021197|[g:1][CONSENSUS][PBFT]checkTimeout Succ,view=67968,toView=67969,nodeIdx=0,changeCycle=1,myNode=54e27343...,timecost=1
info|2022-11-11 13:19:53.022792|[g:1][CONSENSUS][PBFT]checkAndChangeView: Reach consensus,org_view=67968,cur_changeCycle=1,curView=67968,view=67969
info|2022-11-11 13:19:54.022990|[g:1][CONSENSUS][SEALER]++++++++++++++++ Generating seal on,blkNum=20,tx=0,nodeIdx=0,hash=1fde07c2...
info|2022-11-11 13:19:54.025297|[g:1][CONSENSUS][PBFT]checkTimeout Succ,view=67969,toView=67970,nodeIdx=0,changeCycle=1,myNode=54e27343...,timecost=0
info|2022-11-11 13:19:54.025804|[g:1][CONSENSUS][PBFT]checkAndChangeView: Reach consensus,org_view=67969,cur_changeCycle=1,curView=67969,view=67970
info|2022-11-11 13:19:55.027973|[g:1][CONSENSUS]addRawPrepare,height=20,reqIdx=1,hash=23083000...,time=0
info|2022-11-11 13:19:55.028771|[g:1][CONSENSUS][PBFT]checkTimeout Succ,view=67970,toView=67971,nodeIdx=0,changeCycle=1,myNode=54e27343...,timecost=0
info|2022-11-11 13:19:55.031372|[g:1][CONSENSUS][PBFT]checkAndChangeView: Reach consensus,org_view=67970,cur_changeCycle=1,curView=67970,view=67971
info|2022-11-11 13:19:56.033400|[g:1][CONSENSUS]addRawPrepare,height=20,reqIdx=2,hash=204425ee...,time=0
info|2022-11-11 13:19:56.034168|[g:1][CONSENSUS][PBFT]checkTimeout Succ,view=67971,toView=67972,nodeIdx=0,changeCycle=1,myNode=54e27343...,timecost=1
info|2022-11-11 13:19:56.036114|[g:1][CONSENSUS][PBFT]checkAndChangeView: Reach consensus,org_view=67971,cur_changeCycle=1,curView=67971,view=67972
info|2022-11-11 13:19:57.038242|[g:1][CONSENSUS]addRawPrepare,height=20,reqIdx=3,hash=f820ceaa...,time=0
info|2022-11-11 13:19:57.039261|[g:1][CONSENSUS][PBFT]checkTimeout Succ,view=67972,toView=67973,nodeIdx=0,changeCycle=1,myNode=54e27343...,timecost=1
info|2022-11-11 13:19:57.041951|[g:1][CONSENSUS][PBFT]checkAndChangeView: Reach consensus,org_view=67972,cur_changeCycle=1,curView=67972,view=67973
info|2022-11-11 13:19:58.042255|[g:1][CONSENSUS][SEALER]++++++++++++++++ Generating seal on,blkNum=20,tx=0,nodeIdx=0,hash=88ef27fd...
info|2022-11-11 13:19:58.047304|[g:1][CONSENSUS][PBFT]checkTimeout Succ,view=67973,toView=67974,nodeIdx=0,changeCycle=1,myNode=54e27343...,timecost=1
info|2022-11-11 13:19:58.048843|[g:1][CONSENSUS][PBFT]checkAndChangeView: Reach consensus,org_view=67973,cur_changeCycle=1,curView=67973,view=67974
info|2022-11-11 13:19:59.050685|[g:1][CONSENSUS]addRawPrepare,height=20,reqIdx=1,hash=b9125b4f...,time=0
info|2022-11-11 13:19:59.051363|[g:1][CONSENSUS][PBFT]checkTimeout Succ,view=67974,toView=67975,nodeIdx=0,changeCycle=1,myNode=54e27343...,timecost=1
info|2022-11-11 13:19:59.053039|[g:1][CONSENSUS][PBFT]checkAndChangeView: Reach consensus,org_view=67974,cur_changeCycle=1,curView=67974,view=67975
info|2022-11-11 13:20:00.055322|[g:1][CONSENSUS]addRawPrepare,height=20,reqIdx=2,hash=4d8a6c90...,time=0
info|2022-11-11 13:20:00.056261|[g:1][CONSENSUS][PBFT]checkTimeout Succ,view=67975,toView=67976,nodeIdx=0,changeCycle=1,myNode=54e27343...,timecost=1
info|2022-11-11 13:20:00.059335|[g:1][CONSENSUS][PBFT]checkAndChangeView: Reach consensus,org_view=67975,cur_changeCycle=1,curView=67975,view=67976
info|2022-11-11 13:20:01.003883|[P2P][Service] heartBeat,connected count=3
info|2022-11-11 13:20:01.061854|[g:1][CONSENSUS]addRawPrepare,height=20,reqIdx=3,hash=9f743d84...,time=0
info|2022-11-11 13:20:01.062548|[g:1][CONSENSUS][PBFT]checkTimeout Succ,view=67976,toView=67977,nodeIdx=0,changeCycle=1,myNode=54e27343...,timecost=1
info|2022-11-11 13:20:01.064348|[g:1][CONSENSUS][PBFT]checkAndChangeView: Reach consensus,org_view=67976,cur_changeCycle=1,curView=67976,view=67977
info|2022-11-11 13:20:02.065138|[g:1][CONSENSUS][SEALER]++++++++++++++++ Generating seal on,blkNum=20,tx=0,nodeIdx=0,hash=e95fe349...
info|2022-11-11 13:20:02.071647|[g:1][CONSENSUS][PBFT]checkTimeout Succ,view=67977,toView=67978,nodeIdx=0,changeCycle=1,myNode=54e27343...,timecost=3
info|2022-11-11 13:20:02.102319|[g:1][CONSENSUS][PBFT]checkAndChangeView: Reach consensus,org_view=67977,cur_changeCycle=1,curView=67977,view=67978
info|2022-11-11 13:20:03.118246|[g:1][CONSENSUS]addRawPrepare,height=20,reqIdx=1,hash=eec25874...,time=0
info|2022-11-11 13:20:03.123649|[g:1][CONSENSUS][PBFT]checkTimeout Succ,view=67978,toView=67979,nodeIdx=0,changeCycle=1,myNode=54e27343...,timecost=4
info|2022-11-11 13:20:03.140848|[g:1][CONSENSUS][PBFT]checkAndChangeView: Reach consensus,org_view=67978,cur_changeCycle=1,curView=67978,view=67979
info|2022-11-11 13:20:04.155272|[g:1][CONSENSUS]addRawPrepare,height=20,reqIdx=2,hash=6ae61625...,time=0
info|2022-11-11 13:20:04.159560|[g:1][CONSENSUS][PBFT]checkTimeout Succ,view=67979,toView=67980,nodeIdx=0,changeCycle=1,myNode=54e27343...,timecost=4
info|2022-11-11 13:20:04.174359|[g:1][CONSENSUS][PBFT]checkAndChangeView: Reach consensus,org_view=67979,cur_changeCycle=1,curView=67979,view=67980
info|2022-11-11 13:20:05.189346|[g:1][CONSENSUS]addRawPrepare,height=20,reqIdx=3,hash=6899e4f3...,time=0
info|2022-11-11 13:20:05.194148|[g:1][CONSENSUS][PBFT]checkTimeout Succ,view=67980,toView=67981,nodeIdx=0,changeCycle=1,myNode=54e27343...,timecost=5
info|2022-11-11 13:20:05.207393|[g:1][CONSENSUS][PBFT]checkAndChangeView: Reach consensus,org_view=67980,cur_changeCycle=1,curView=67980,view=67981
info|2022-11-11 13:20:06.210021|[g:1][CONSENSUS][SEALER]++++++++++++++++ Generating seal on,blkNum=20,tx=0,nodeIdx=0,hash=be8bf80c...
info|2022-11-11 13:20:06.232356|[g:1][CONSENSUS][PBFT]checkTimeout Succ,view=67981,toView=67982,nodeIdx=0,changeCycle=1,myNode=54e27343...,timecost=6
info|2022-11-11 13:20:06.246988|[g:1][CONSENSUS][PBFT]checkAndChangeView: Reach consensus,org_view=67981,cur_changeCycle=1,curView=67981,view=67982
info|2022-11-11 13:20:07.255419|[g:1][CONSENSUS]addRawPrepare,height=20,reqIdx=1,hash=d13101c8...,time=0
info|2022-11-11 13:20:07.260663|[g:1][CONSENSUS][PBFT]checkTimeout Succ,view=67982,toView=67983,nodeIdx=0,changeCycle=1,myNode=54e27343...,timecost=4
info|2022-11-11 13:20:07.275228|[g:1][CONSENSUS][PBFT]checkAndChangeView: Reach consensus,org_view=67982,cur_changeCycle=1,curView=67982,view=67983
info|2022-11-11 13:20:08.287935|[g:1][CONSENSUS]addRawPrepare,height=20,reqIdx=2,hash=8c1a7644...,time=1
info|2022-11-11 13:20:08.292714|[g:1][CONSENSUS][PBFT]checkTimeout Succ,view=67983,toView=67984,nodeIdx=0,changeCycle=1,myNode=54e27343...,timecost=4
info|2022-11-11 13:20:08.311577|[g:1][CONSENSUS][PBFT]checkAndChangeView: Reach consensus,org_view=67983,cur_changeCycle=1,curView=67983,view=67984
info|2022-11-11 13:20:09.321882|[g:1][CONSENSUS]addRawPrepare,height=20,reqIdx=3,hash=521ffbe3...,time=0
info|2022-11-11 13:20:09.325902|[g:1][CONSENSUS][PBFT]checkTimeout Succ,view=67984,toView=67985,nodeIdx=0,changeCycle=1,myNode=54e27343...,timecost=4
info|2022-11-11 13:20:09.339774|[g:1][CONSENSUS][PBFT]checkAndChangeView: Reach consensus,org_view=67984,cur_changeCycle=1,curView=67984,view=67985
info|2022-11-11 13:20:10.341784|[g:1][CONSENSUS][SEALER]++++++++++++++++ Generating seal on,blkNum=20,tx=0,nodeIdx=0,hash=ae4a8585...
info|2022-11-11 13:20:10.348907|[g:1][CONSENSUS][PBFT]checkTimeout Succ,view=67985,toView=67986,nodeIdx=0,changeCycle=1,myNode=54e27343...,timecost=4
info|2022-11-11 13:20:10.373226|[g:1][CONSENSUS][PBFT]checkAndChangeView: Reach consensus,org_view=67985,cur_changeCycle=1,curView=67985,view=67986
info|2022-11-11 13:20:11.004378|[P2P][Service] heartBeat,connected count=3
info|2022-11-11 13:20:11.384437|[g:1][CONSENSUS]addRawPrepare,height=20,reqIdx=1,hash=a3ddabcc...,time=0
info|2022-11-11 13:20:11.389077|[g:1][CONSENSUS][PBFT]checkTimeout Succ,view=67986,toView=67987,nodeIdx=0,changeCycle=1,myNode=54e27343...,timecost=4
info|2022-11-11 13:20:11.400163|[g:1][CONSENSUS][PBFT]checkAndChangeView: Reach consensus,org_view=67986,cur_changeCycle=1,curView=67986,view=67987
info|2022-11-11 13:20:12.418467|[g:1][CONSENSUS]addRawPrepare,height=20,reqIdx=2,hash=06aad3c7...,time=0
info|2022-11-11 13:20:12.424192|[g:1][CONSENSUS][PBFT]checkTimeout Succ,view=67987,toView=67988,nodeIdx=0,changeCycle=1,myNode=54e27343...,timecost=5
info|2022-11-11 13:20:12.438201|[g:1][CONSENSUS][PBFT]checkAndChangeView: Reach consensus,org_view=67987,cur_changeCycle=1,curView=67987,view=67988
info|2022-11-11 13:20:13.461840|[g:1][CONSENSUS]addRawPrepare,height=20,reqIdx=3,hash=0b06d0eb...,time=0
info|2022-11-11 13:20:13.469994|[g:1][CONSENSUS][PBFT]checkTimeout Succ,view=67988,toView=67989,nodeIdx=0,changeCycle=1,myNode=54e27343...,timecost=8
info|2022-11-11 13:20:13.495410|[g:1][CONSENSUS][PBFT]checkAndChangeView: Reach consensus,org_view=67988,cur_changeCycle=1,curView=67988,view=67989
info|2022-11-11 13:20:14.497264|[g:1][CONSENSUS][SEALER]++++++++++++++++ Generating seal on,blkNum=20,tx=0,nodeIdx=0,hash=79dbe66b...
info|2022-11-11 13:20:14.517342|[g:1][CONSENSUS][PBFT]checkTimeout Succ,view=67989,toView=67990,nodeIdx=0,changeCycle=1,myNode=54e27343...,timecost=4
info|2022-11-11 13:20:14.527258|[g:1][CONSENSUS][PBFT]checkAndChangeView: Reach consensus,org_view=67989,cur_changeCycle=1,curView=67989,view=67990
info|2022-11-11 13:20:15.546108|[g:1][CONSENSUS]addRawPrepare,height=20,reqIdx=1,hash=fbb21d2a...,time=0
info|2022-11-11 13:20:15.552467|[g:1][CONSENSUS][PBFT]checkTimeout Succ,view=67990,toView=67991,nodeIdx=0,changeCycle=1,myNode=54e27343...,timecost=6
info|2022-11-11 13:20:15.565065|[g:1][CONSENSUS][PBFT]checkAndChangeView: Reach consensus,org_view=67990,cur_changeCycle=1,curView=67990,view=67991
info|2022-11-11 13:20:16.583114|[g:1][CONSENSUS]addRawPrepare,height=20,reqIdx=2,hash=8f83981e...,time=0
info|2022-11-11 13:20:16.588489|[g:1][CONSENSUS][PBFT]checkTimeout Succ,view=67991,toView=67992,nodeIdx=0,changeCycle=1,myNode=54e27343...,timecost=5
info|2022-11-11 13:20:16.600924|[g:1][CONSENSUS][PBFT]checkAndChangeView: Reach consensus,org_view=67991,cur_changeCycle=1,curView=67991,view=67992
info|2022-11-11 13:20:17.615792|[g:1][CONSENSUS]addRawPrepare,height=20,reqIdx=3,hash=d39a7c8a...,time=0
info|2022-11-11 13:20:17.621628|[g:1][CONSENSUS][PBFT]checkTimeout Succ,view=67992,toView=67993,nodeIdx=0,changeCycle=1,myNode=54e27343...,timecost=5
info|2022-11-11 13:20:17.640190|[g:1][CONSENSUS][PBFT]checkAndChangeView: Reach consensus,org_view=67992,cur_changeCycle=1,curView=67992,view=67993
info|2022-11-11 13:20:18.641677|[g:1][CONSENSUS][SEALER]++++++++++++++++ Generating seal on,blkNum=20,tx=0,nodeIdx=0,hash=5692d5e4...
info|2022-11-11 13:20:18.663273|[g:1][CONSENSUS][PBFT]checkTimeout Succ,view=67993,toView=67994,nodeIdx=0,changeCycle=1,myNode=54e27343...,timecost=4
info|2022-11-11 13:20:18.676784|[g:1][CONSENSUS][PBFT]checkAndChangeView: Reach consensus,org_view=67993,cur_changeCycle=1,curView=67993,view=67994
info|2022-11-11 13:20:19.686893|[g:1][CONSENSUS]addRawPrepare,height=20,reqIdx=1,hash=e0c69440...,time=1
info|2022-11-11 13:20:19.691142|[g:1][CONSENSUS][PBFT]checkTimeout Succ,view=67994,toView=67995,nodeIdx=0,changeCycle=1,myNode=54e27343...,timecost=4
info|2022-11-11 13:20:19.704855|[g:1][CONSENSUS][PBFT]checkAndChangeView: Reach consensus,org_view=67994,cur_changeCycle=1,curView=67994,view=67995
info|2022-11-11 13:20:20.716314|[g:1][CONSENSUS]addRawPrepare,height=20,reqIdx=2,hash=28342c82...,time=0
info|2022-11-11 13:20:20.720886|[g:1][CONSENSUS][PBFT]checkTimeout Succ,view=67995,toView=67996,nodeIdx=0,changeCycle=1,myNode=54e27343...,timecost=5
info|2022-11-11 13:20:20.739624|[g:1][CONSENSUS][PBFT]checkAndChangeView: Reach consensus,org_view=67995,cur_changeCycle=1,curView=67995,view=67996
info|2022-11-11 13:20:21.006640|[P2P][Service] heartBeat,connected count=3
info|2022-11-11 13:20:21.751074|[g:1][CONSENSUS]addRawPrepare,height=20,reqIdx=3,hash=d58785a8...,time=0
info|2022-11-11 13:20:21.754916|[g:1][CONSENSUS][PBFT]checkTimeout Succ,view=67996,toView=67997,nodeIdx=0,changeCycle=1,myNode=54e27343...,timecost=4
info|2022-11-11 13:20:21.775231|[g:1][CONSENSUS][PBFT]checkAndChangeView: Reach consensus,org_view=67996,cur_changeCycle=1,curView=67996,view=67997
info|2022-11-11 13:20:22.776428|[g:1][CONSENSUS][SEALER]++++++++++++++++ Generating seal on,blkNum=20,tx=0,nodeIdx=0,hash=0b17b6bf...
info|2022-11-11 13:20:22.797135|[g:1][CONSENSUS][PBFT]checkTimeout Succ,view=67997,toView=67998,nodeIdx=0,changeCycle=1,myNode=54e27343...,timecost=7
info|2022-11-11 13:20:22.849743|[g:1][CONSENSUS][PBFT]checkAndChangeView: Reach consensus,org_view=67997,cur_changeCycle=1,curView=67997,view=67998
info|2022-11-11 13:20:23.857187|[g:1][CONSENSUS]addRawPrepare,height=20,reqIdx=1,hash=cb7ff960...,time=0
info|2022-11-11 13:20:23.861398|[g:1][CONSENSUS][PBFT]checkTimeout Succ,view=67998,toView=67999,nodeIdx=0,changeCycle=1,myNode=54e27343...,timecost=4
info|2022-11-11 13:20:23.878621|[g:1][CONSENSUS][PBFT]checkAndChangeView: Reach consensus,org_view=67998,cur_changeCycle=1,curView=67998,view=67999
info|2022-11-11 13:20:24.893631|[g:1][CONSENSUS]addRawPrepare,height=20,reqIdx=2,hash=f9796b83...,time=0
info|2022-11-11 13:20:24.898833|[g:1][CONSENSUS][PBFT]checkTimeout Succ,view=67999,toView=68000,nodeIdx=0,changeCycle=1,myNode=54e27343...,timecost=4
info|2022-11-11 13:20:24.912231|[g:1][CONSENSUS][PBFT]checkAndChangeView: Reach consensus,org_view=67999,cur_changeCycle=1,curView=67999,view=68000
info|2022-11-11 13:20:25.922216|[g:1][CONSENSUS]addRawPrepare,height=20,reqIdx=3,hash=6c63f62a...,time=0
info|2022-11-11 13:20:25.926106|[g:1][CONSENSUS][PBFT]checkTimeout Succ,view=68000,toView=68001,nodeIdx=0,changeCycle=1,myNode=54e27343...,timecost=4
info|2022-11-11 13:20:25.948100|[g:1][CONSENSUS][PBFT]checkAndChangeView: Reach consensus,org_view=68000,cur_changeCycle=1,curView=68000,view=68001
info|2022-11-11 13:20:26.948828|[g:1][CONSENSUS][SEALER]++++++++++++++++ Generating seal on,blkNum=20,tx=0,nodeIdx=0,hash=28d14787...
info|2022-11-11 13:20:26.956299|[g:1][CONSENSUS][PBFT]checkTimeout Succ,view=68001,toView=68002,nodeIdx=0,changeCycle=1,myNode=54e27343...,timecost=4
info|2022-11-11 13:20:26.983024|[g:1][CONSENSUS][PBFT]checkAndChangeView: Reach consensus,org_view=68001,cur_changeCycle=1,curView=68001,view=68002
info|2022-11-11 13:20:27.992095|[g:1][CONSENSUS]addRawPrepare,height=20,reqIdx=1,hash=38435607...,time=0
info|2022-11-11 13:20:27.998256|[g:1][CONSENSUS][PBFT]checkTimeout Succ,view=68002,toView=68003,nodeIdx=0,changeCycle=1,myNode=54e27343...,timecost=6
info|2022-11-11 13:20:28.015069|[g:1][CONSENSUS][PBFT]checkAndChangeView: Reach consensus,org_view=68002,cur_changeCycle=1,curView=68002,view=68003
info|2022-11-11 13:20:29.025118|[g:1][CONSENSUS]addRawPrepare,height=20,reqIdx=2,hash=8388579d...,time=0
info|2022-11-11 13:20:29.029361|[g:1][CONSENSUS][PBFT]checkTimeout Succ,view=68003,toView=68004,nodeIdx=0,changeCycle=1,myNode=54e27343...,timecost=4
info|2022-11-11 13:20:29.046624|[g:1][CONSENSUS][PBFT]checkAndChangeView: Reach consensus,org_view=68003,cur_changeCycle=1,curView=68003,view=68004
info|2022-11-11 13:20:30.060436|[g:1][CONSENSUS]addRawPrepare,height=20,reqIdx=3,hash=c7f737e0...,time=0
info|2022-11-11 13:20:30.064367|[g:1][CONSENSUS][PBFT]checkTimeout Succ,view=68004,toView=68005,nodeIdx=0,changeCycle=1,myNode=54e27343...,timecost=4
info|2022-11-11 13:20:30.079375|[g:1][CONSENSUS][PBFT]checkAndChangeView: Reach consensus,org_view=68004,cur_changeCycle=1,curView=68004,view=68005
info|2022-11-11 13:20:31.008709|[P2P][Service] heartBeat,connected count=3
info|2022-11-11 13:20:31.080199|[g:1][CONSENSUS][SEALER]++++++++++++++++ Generating seal on,blkNum=20,tx=0,nodeIdx=0,hash=4af9b98a...
info|2022-11-11 13:20:31.089124|[g:1][CONSENSUS][PBFT]checkTimeout Succ,view=68005,toView=68006,nodeIdx=0,changeCycle=1,myNode=54e27343...,timecost=4
info|2022-11-11 13:20:31.114788|[g:1][CONSENSUS][PBFT]checkAndChangeView: Reach consensus,org_view=68005,cur_changeCycle=1,curView=68005,view=68006
info|2022-11-11 13:20:32.125555|[g:1][CONSENSUS]addRawPrepare,height=20,reqIdx=1,hash=5ba6e06d...,time=0
info|2022-11-11 13:20:32.129762|[g:1][CONSENSUS][PBFT]checkTimeout Succ,view=68006,toView=68007,nodeIdx=0,changeCycle=1,myNode=54e27343...,timecost=3
info|2022-11-11 13:20:32.146513|[g:1][CONSENSUS][PBFT]checkAndChangeView: Reach consensus,org_view=68006,cur_changeCycle=1,curView=68006,view=68007
info|2022-11-11 13:20:33.157954|[g:1][CONSENSUS]addRawPrepare,height=20,reqIdx=2,hash=9d218b3f...,time=1
info|2022-11-11 13:20:33.162117|[g:1][CONSENSUS][PBFT]checkTimeout Succ,view=68007,toView=68008,nodeIdx=0,changeCycle=1,myNode=54e27343...,timecost=4
info|2022-11-11 13:20:33.181976|[g:1][CONSENSUS][PBFT]checkAndChangeView: Reach consensus,org_view=68007,cur_changeCycle=1,curView=68007,view=68008
info|2022-11-11 13:20:34.198132|[g:1][CONSENSUS]addRawPrepare,height=20,reqIdx=3,hash=a0dcf43c...,time=0
info|2022-11-11 13:20:34.207039|[g:1][CONSENSUS][PBFT]checkTimeout Succ,view=68008,toView=68009,nodeIdx=0,changeCycle=1,myNode=54e27343...,timecost=8
info|2022-11-11 13:20:34.230391|[g:1][CONSENSUS][PBFT]checkAndChangeView: Reach consensus,org_view=68008,cur_changeCycle=1,curView=68008,view=68009
info|2022-11-11 13:20:35.232698|[g:1][CONSENSUS][SEALER]++++++++++++++++ Generating seal on,blkNum=20,tx=0,nodeIdx=0,hash=3aad3edb...
info|2022-11-11 13:20:35.240956|[g:1][CONSENSUS][PBFT]checkTimeout Succ,view=68009,toView=68010,nodeIdx=0,changeCycle=1,myNode=54e27343...,timecost=4
info|2022-11-11 13:20:35.263337|[g:1][CONSENSUS][PBFT]checkAndChangeView: Reach consensus,org_view=68009,cur_changeCycle=1,curView=68009,view=68010
info|2022-11-11 13:20:36.280840|[g:1][CONSENSUS]addRawPrepare,height=20,reqIdx=1,hash=1b091565...,time=0
info|2022-11-11 13:20:36.289606|[g:1][CONSENSUS][PBFT]checkTimeout Succ,view=68010,toView=68011,nodeIdx=0,changeCycle=1,myNode=54e27343...,timecost=8
info|2022-11-11 13:20:36.305145|[g:1][CONSENSUS][PBFT]checkAndChangeView: Reach consensus,org_view=68010,cur_changeCycle=1,curView=68010,view=68011
info|2022-11-11 13:20:37.327413|[g:1][CONSENSUS]addRawPrepare,height=20,reqIdx=2,hash=3d0e5ba3...,time=1
info|2022-11-11 13:20:37.335235|[g:1][CONSENSUS][PBFT]checkTimeout Succ,view=68011,toView=68012,nodeIdx=0,changeCycle=1,myNode=54e27343...,timecost=7
info|2022-11-11 13:20:37.354570|[g:1][CONSENSUS][PBFT]checkAndChangeView: Reach consensus,org_view=68011,cur_changeCycle=1,curView=68011,view=68012
info|2022-11-11 13:20:38.369134|[g:1][CONSENSUS]addRawPrepare,height=20,reqIdx=3,hash=3b4e8c57...,time=0
info|2022-11-11 13:20:38.373581|[g:1][CONSENSUS][PBFT]checkTimeout Succ,view=68012,toView=68013,nodeIdx=0,changeCycle=1,myNode=54e27343...,timecost=4
info|2022-11-11 13:20:38.391989|[g:1][CONSENSUS][PBFT]checkAndChangeView: Reach consensus,org_view=68012,cur_changeCycle=1,curView=68012,view=68013
info|2022-11-11 13:20:39.394316|[g:1][CONSENSUS][SEALER]++++++++++++++++ Generating seal on,blkNum=20,tx=0,nodeIdx=0,hash=8c4c0e49...
info|2022-11-11 13:20:39.416271|[g:1][CONSENSUS][PBFT]checkTimeout Succ,view=68013,toView=68014,nodeIdx=0,changeCycle=1,myNode=54e27343...,timecost=6
info|2022-11-11 13:20:39.437092|[g:1][CONSENSUS][PBFT]checkAndChangeView: Reach consensus,org_view=68013,cur_changeCycle=1,curView=68013,view=68014
