warning|2023-04-12 22:00:15.249984|[g:1][CONSENSUS][PBFT]ViewChangeWarning: not caused by omit empty block ,v=39356,toV=39357,curNum=211,hash=275e4452...,nodeIdx=0,myNode=54e27343...
info|2023-04-12 22:00:15.250269|[g:1][CONSENSUS][PBFT]checkTimeout Succ,view=39356,toView=39357,nodeIdx=0,changeCycle=2,myNode=54e27343...,timecost=1
info|2023-04-12 22:00:15.254489|[P2P][Service] heartBeat,connected count=3
info|2023-04-12 22:00:15.267823|[g:1][CONSENSUS][PBFT]checkAndChangeView: Reach consensus,org_view=39356,cur_changeCycle=2,curView=39356,view=39357
info|2023-04-12 22:00:16.268369|[g:1][CONSENSUS][SEALER]++++++++++++++++ Generating seal on,blkNum=212,tx=0,nodeIdx=0,hash=82da29b6...
info|2023-04-12 22:00:16.271078|[g:1][CONSENSUS][PBFT]checkTimeout Succ,view=39357,toView=39358,nodeIdx=0,changeCycle=1,myNode=54e27343...,timecost=1
info|2023-04-12 22:00:16.271464|[g:1][CONSENSUS][PBFT]checkAndChangeView: Reach consensus,org_view=39357,cur_changeCycle=1,curView=39357,view=39358
info|2023-04-12 22:00:17.271925|[g:1][CONSENSUS]addRawPrepare,height=212,reqIdx=1,hash=ea5c788d...,time=0
info|2023-04-12 22:00:17.272248|[g:1][CONSENSUS][PBFT]checkTimeout Succ,view=39358,toView=39359,nodeIdx=0,changeCycle=1,myNode=54e27343...,timecost=1
info|2023-04-12 22:00:17.273445|[g:1][CONSENSUS][PBFT]checkAndChangeView: Reach consensus,org_view=39358,cur_changeCycle=1,curView=39358,view=39359
info|2023-04-12 22:00:18.275321|[g:1][CONSENSUS]addRawPrepare,height=212,reqIdx=2,hash=c0af9661...,time=0
info|2023-04-12 22:00:18.276086|[g:1][CONSENSUS][PBFT]checkTimeout Succ,view=39359,toView=39360,nodeIdx=0,changeCycle=1,myNode=54e27343...,timecost=1
info|2023-04-12 22:00:18.278345|[g:1][CONSENSUS][PBFT]checkAndChangeView: Reach consensus,org_view=39359,cur_changeCycle=1,curView=39359,view=39360
info|2023-04-12 22:00:19.282560|[g:1][CONSENSUS]addRawPrepare,height=212,reqIdx=3,hash=7a74ed7f...,time=0
info|2023-04-12 22:00:19.284043|[g:1][CONSENSUS][PBFT]checkTimeout Succ,view=39360,toView=39361,nodeIdx=0,changeCycle=1,myNode=54e27343...,timecost=1
info|2023-04-12 22:00:19.286613|[g:1][CONSENSUS][PBFT]checkAndChangeView: Reach consensus,org_view=39360,cur_changeCycle=1,curView=39360,view=39361
info|2023-04-12 22:00:20.286259|[g:1][CONSENSUS][SEALER]++++++++++++++++ Generating seal on,blkNum=212,tx=0,nodeIdx=0,hash=ace0ac86...
info|2023-04-12 22:00:20.286979|[g:1][CONSENSUS][PBFT]checkTimeout Succ,view=39361,toView=39362,nodeIdx=0,changeCycle=1,myNode=54e27343...,timecost=0
info|2023-04-12 22:00:20.288922|[g:1][CONSENSUS][PBFT]checkAndChangeView: Reach consensus,org_view=39361,cur_changeCycle=1,curView=39361,view=39362
info|2023-04-12 22:00:21.290047|[g:1][CONSENSUS]addRawPrepare,height=212,reqIdx=1,hash=f37b6129...,time=0
info|2023-04-12 22:00:21.290388|[g:1][CONSENSUS][PBFT]checkTimeout Succ,view=39362,toView=39363,nodeIdx=0,changeCycle=1,myNode=54e27343...,timecost=0
info|2023-04-12 22:00:21.292721|[g:1][CONSENSUS][PBFT]checkAndChangeView: Reach consensus,org_view=39362,cur_changeCycle=1,curView=39362,view=39363
info|2023-04-12 22:00:22.295367|[g:1][CONSENSUS]addRawPrepare,height=212,reqIdx=2,hash=97a53125...,time=0
info|2023-04-12 22:00:22.296111|[g:1][CONSENSUS][PBFT]checkTimeout Succ,view=39363,toView=39364,nodeIdx=0,changeCycle=1,myNode=54e27343...,timecost=1
info|2023-04-12 22:00:22.298763|[g:1][CONSENSUS][PBFT]checkAndChangeView: Reach consensus,org_view=39363,cur_changeCycle=1,curView=39363,view=39364
info|2023-04-12 22:00:23.301690|[g:1][CONSENSUS]addRawPrepare,height=212,reqIdx=3,hash=416285da...,time=0
info|2023-04-12 22:00:23.302602|[g:1][CONSENSUS][PBFT]checkTimeout Succ,view=39364,toView=39365,nodeIdx=0,changeCycle=1,myNode=54e27343...,timecost=1
info|2023-04-12 22:00:23.303902|[g:1][CONSENSUS][PBFT]checkAndChangeView: Reach consensus,org_view=39364,cur_changeCycle=1,curView=39364,view=39365
info|2023-04-12 22:00:24.304269|[g:1][CONSENSUS][SEALER]++++++++++++++++ Generating seal on,blkNum=212,tx=0,nodeIdx=0,hash=07cef0cf...
info|2023-04-12 22:00:24.306129|[g:1][CONSENSUS][PBFT]checkTimeout Succ,view=39365,toView=39366,nodeIdx=0,changeCycle=1,myNode=54e27343...,timecost=1
info|2023-04-12 22:00:24.310224|[g:1][CONSENSUS][PBFT]checkAndChangeView: Reach consensus,org_view=39365,cur_changeCycle=1,curView=39365,view=39366
info|2023-04-12 22:00:25.256268|[P2P][Service] heartBeat,connected count=3
info|2023-04-12 22:00:25.310992|[g:1][CONSENSUS]addRawPrepare,height=212,reqIdx=1,hash=90aa3ec6...,time=1
info|2023-04-12 22:00:25.311409|[g:1][CONSENSUS][PBFT]checkTimeout Succ,view=39366,toView=39367,nodeIdx=0,changeCycle=1,myNode=54e27343...,timecost=0
info|2023-04-12 22:00:25.312334|[g:1][CONSENSUS][PBFT]checkAndChangeView: Reach consensus,org_view=39366,cur_changeCycle=1,curView=39366,view=39367
info|2023-04-12 22:00:26.334609|[g:1][CONSENSUS]addRawPrepare,height=212,reqIdx=2,hash=b8f7fc4c...,time=0
info|2023-04-12 22:00:26.340338|[g:1][CONSENSUS][PBFT]checkTimeout Succ,view=39367,toView=39368,nodeIdx=0,changeCycle=1,myNode=54e27343...,timecost=5
info|2023-04-12 22:00:26.378128|[g:1][CONSENSUS][PBFT]checkAndChangeView: Reach consensus,org_view=39367,cur_changeCycle=1,curView=39367,view=39368
info|2023-04-12 22:00:27.393960|[g:1][CONSENSUS]addRawPrepare,height=212,reqIdx=3,hash=ea8252f9...,time=1
info|2023-04-12 22:00:27.404068|[g:1][CONSENSUS][PBFT]checkTimeout Succ,view=39368,toView=39369,nodeIdx=0,changeCycle=1,myNode=54e27343...,timecost=10
info|2023-04-12 22:00:27.419226|[g:1][CONSENSUS][PBFT]checkAndChangeView: Reach consensus,org_view=39368,cur_changeCycle=1,curView=39368,view=39369
info|2023-04-12 22:00:28.421799|[g:1][CONSENSUS][SEALER]++++++++++++++++ Generating seal on,blkNum=212,tx=0,nodeIdx=0,hash=a00c8a9d...
info|2023-04-12 22:00:28.433040|[g:1][CONSENSUS][PBFT]checkTimeout Succ,view=39369,toView=39370,nodeIdx=0,changeCycle=1,myNode=54e27343...,timecost=5
info|2023-04-12 22:00:28.476846|[g:1][CONSENSUS][PBFT]checkAndChangeView: Reach consensus,org_view=39369,cur_changeCycle=1,curView=39369,view=39370
info|2023-04-12 22:00:29.610651|[g:1][CONSENSUS]addRawPrepare,height=212,reqIdx=1,hash=c4781097...,time=0
info|2023-04-12 22:00:29.620724|[g:1][CONSENSUS][PBFT]checkTimeout Succ,view=39370,toView=39371,nodeIdx=0,changeCycle=1,myNode=54e27343...,timecost=9
info|2023-04-12 22:00:29.639522|[g:1][CONSENSUS][PBFT]checkAndChangeView: Reach consensus,org_view=39370,cur_changeCycle=1,curView=39370,view=39371
info|2023-04-12 22:00:30.686103|[g:1][CONSENSUS]addRawPrepare,height=212,reqIdx=2,hash=40915e93...,time=1
info|2023-04-12 22:00:30.698320|[g:1][CONSENSUS][PBFT]checkTimeout Succ,view=39371,toView=39372,nodeIdx=0,changeCycle=1,myNode=54e27343...,timecost=10
info|2023-04-12 22:00:30.717923|[g:1][CONSENSUS][PBFT]checkAndChangeView: Reach consensus,org_view=39371,cur_changeCycle=1,curView=39371,view=39372
info|2023-04-12 22:00:31.753504|[g:1][CONSENSUS]addRawPrepare,height=212,reqIdx=3,hash=e893f393...,time=0
info|2023-04-12 22:00:31.760579|[g:1][CONSENSUS][PBFT]checkTimeout Succ,view=39372,toView=39373,nodeIdx=0,changeCycle=1,myNode=54e27343...,timecost=6
info|2023-04-12 22:00:31.778428|[g:1][CONSENSUS][PBFT]checkAndChangeView: Reach consensus,org_view=39372,cur_changeCycle=1,curView=39372,view=39373
info|2023-04-12 22:00:32.780489|[g:1][CONSENSUS][SEALER]++++++++++++++++ Generating seal on,blkNum=212,tx=0,nodeIdx=0,hash=07097ed3...
info|2023-04-12 22:00:32.792571|[g:1][CONSENSUS][PBFT]checkTimeout Succ,view=39373,toView=39374,nodeIdx=0,changeCycle=1,myNode=54e27343...,timecost=4
info|2023-04-12 22:00:32.829906|[g:1][CONSENSUS][PBFT]checkAndChangeView: Reach consensus,org_view=39373,cur_changeCycle=1,curView=39373,view=39374
info|2023-04-12 22:00:33.860165|[g:1][CONSENSUS]addRawPrepare,height=212,reqIdx=1,hash=fc8f7e47...,time=0
info|2023-04-12 22:00:33.865699|[g:1][CONSENSUS][PBFT]checkTimeout Succ,view=39374,toView=39375,nodeIdx=0,changeCycle=1,myNode=54e27343...,timecost=5
info|2023-04-12 22:00:33.888965|[g:1][CONSENSUS][PBFT]checkAndChangeView: Reach consensus,org_view=39374,cur_changeCycle=1,curView=39374,view=39375
info|2023-04-12 22:00:34.927117|[g:1][CONSENSUS]addRawPrepare,height=212,reqIdx=2,hash=2a14b53e...,time=0
info|2023-04-12 22:00:34.934406|[g:1][CONSENSUS][PBFT]checkTimeout Succ,view=39375,toView=39376,nodeIdx=0,changeCycle=1,myNode=54e27343...,timecost=10
info|2023-04-12 22:00:34.964219|[g:1][CONSENSUS][PBFT]checkAndChangeView: Reach consensus,org_view=39375,cur_changeCycle=1,curView=39375,view=39376
info|2023-04-12 22:00:35.259066|[P2P][Service] heartBeat,connected count=3
info|2023-04-12 22:00:36.468720|[g:1][CONSENSUS]addRawPrepare,height=212,reqIdx=3,hash=47da69a8...,time=0
info|2023-04-12 22:00:36.779906|[g:1][CONSENSUS][PBFT]checkTimeout Succ,view=39376,toView=39377,nodeIdx=0,changeCycle=1,myNode=54e27343...,timecost=308
info|2023-04-12 22:00:37.113269|[g:1][CONSENSUS][PBFT]checkAndChangeView: Reach consensus,org_view=39376,cur_changeCycle=1,curView=39376,view=39377
info|2023-04-12 22:00:38.115667|[g:1][CONSENSUS][SEALER]++++++++++++++++ Generating seal on,blkNum=212,tx=0,nodeIdx=0,hash=c4b732c1...
info|2023-04-12 22:00:38.125267|[g:1][CONSENSUS][PBFT]checkTimeout Succ,view=39377,toView=39378,nodeIdx=0,changeCycle=1,myNode=54e27343...,timecost=5
info|2023-04-12 22:00:38.166145|[g:1][CONSENSUS][PBFT]checkAndChangeView: Reach consensus,org_view=39377,cur_changeCycle=1,curView=39377,view=39378
info|2023-04-12 22:00:39.283497|[g:1][CONSENSUS]addRawPrepare,height=212,reqIdx=1,hash=bf384fe4...,time=0
info|2023-04-12 22:00:39.293998|[g:1][CONSENSUS][PBFT]checkTimeout Succ,view=39378,toView=39379,nodeIdx=0,changeCycle=1,myNode=54e27343...,timecost=14
info|2023-04-12 22:00:39.728239|[g:1][CONSENSUS][PBFT]checkAndChangeView: Reach consensus,org_view=39378,cur_changeCycle=1,curView=39378,view=39379
info|2023-04-12 22:00:40.916549|[g:1][CONSENSUS]addRawPrepare,height=212,reqIdx=2,hash=d16d69a5...,time=0
info|2023-04-12 22:00:40.932050|[g:1][CONSENSUS][PBFT]checkTimeout Succ,view=39379,toView=39380,nodeIdx=0,changeCycle=1,myNode=54e27343...,timecost=15
info|2023-04-12 22:00:40.948006|[g:1][CONSENSUS][PBFT]checkAndChangeView: Reach consensus,org_view=39379,cur_changeCycle=1,curView=39379,view=39380
info|2023-04-12 22:00:41.968598|[g:1][CONSENSUS]addRawPrepare,height=212,reqIdx=3,hash=b8124da7...,time=0
info|2023-04-12 22:00:41.975277|[g:1][CONSENSUS][PBFT]checkTimeout Succ,view=39380,toView=39381,nodeIdx=0,changeCycle=1,myNode=54e27343...,timecost=6
info|2023-04-12 22:00:41.991527|[g:1][CONSENSUS][PBFT]checkAndChangeView: Reach consensus,org_view=39380,cur_changeCycle=1,curView=39380,view=39381
info|2023-04-12 22:00:42.996830|[g:1][CONSENSUS][SEALER]++++++++++++++++ Generating seal on,blkNum=212,tx=0,nodeIdx=0,hash=d93ef680...
info|2023-04-12 22:00:43.021777|[g:1][CONSENSUS][PBFT]checkTimeout Succ,view=39381,toView=39382,nodeIdx=0,changeCycle=1,myNode=54e27343...,timecost=5
info|2023-04-12 22:00:43.041561|[g:1][CONSENSUS][PBFT]checkAndChangeView: Reach consensus,org_view=39381,cur_changeCycle=1,curView=39381,view=39382
info|2023-04-12 22:00:44.414297|[g:1][CONSENSUS]addRawPrepare,height=212,reqIdx=1,hash=c6b9e819...,time=0
info|2023-04-12 22:00:44.431801|[g:1][CONSENSUS][PBFT]checkTimeout Succ,view=39382,toView=39383,nodeIdx=0,changeCycle=1,myNode=54e27343...,timecost=15
info|2023-04-12 22:00:44.541121|[g:1][CONSENSUS][PBFT]checkAndChangeView: Reach consensus,org_view=39382,cur_changeCycle=1,curView=39382,view=39383
info|2023-04-12 22:00:45.261827|[P2P][Service] heartBeat,connected count=3
info|2023-04-12 22:00:45.546158|[g:1][CONSENSUS]addRawPrepare,height=212,reqIdx=2,hash=b95b6eb6...,time=0
info|2023-04-12 22:00:45.642370|[g:1][CONSENSUS][PBFT]checkTimeout Succ,view=39383,toView=39384,nodeIdx=0,changeCycle=1,myNode=54e27343...,timecost=96
info|2023-04-12 22:00:45.684134|[g:1][CONSENSUS][PBFT]checkAndChangeView: Reach consensus,org_view=39383,cur_changeCycle=1,curView=39383,view=39384
