info|2022-11-10 15:00:00.890305|[g:1][CONSENSUS]addRawPrepare,height=20,reqIdx=3,hash=045ef8f1...,time=0
info|2022-11-10 15:00:00.891363|[g:1][CONSENSUS][PBFT]checkTimeout Succ,view=54048,toView=54049,nodeIdx=0,changeCycle=1,myNode=54e27343...,timecost=1
info|2022-11-10 15:00:00.894272|[g:1][CONSENSUS][PBFT]checkAndChangeView: Reach consensus,org_view=54048,cur_changeCycle=1,curView=54048,view=54049
info|2022-11-10 15:00:01.893765|[g:1][CONSENSUS][SEALER]++++++++++++++++ Generating seal on,blkNum=20,tx=0,nodeIdx=0,hash=beadc744...
info|2022-11-10 15:00:01.894359|[g:1][CONSENSUS][PBFT]checkTimeout Succ,view=54049,toView=54050,nodeIdx=0,changeCycle=1,myNode=54e27343...,timecost=0
info|2022-11-10 15:00:01.896288|[g:1][CONSENSUS][PBFT]checkAndChangeView: Reach consensus,org_view=54049,cur_changeCycle=1,curView=54049,view=54050
info|2022-11-10 15:00:02.897475|[g:1][CONSENSUS]addRawPrepare,height=20,reqIdx=1,hash=174744ec...,time=0
info|2022-11-10 15:00:02.897730|[g:1][CONSENSUS][PBFT]checkTimeout Succ,view=54050,toView=54051,nodeIdx=0,changeCycle=1,myNode=54e27343...,timecost=0
info|2022-11-10 15:00:02.898439|[g:1][CONSENSUS][PBFT]checkAndChangeView: Reach consensus,org_view=54050,cur_changeCycle=1,curView=54050,view=54051
info|2022-11-10 15:00:03.899221|[g:1][CONSENSUS]addRawPrepare,height=20,reqIdx=2,hash=ccea4017...,time=0
info|2022-11-10 15:00:03.899535|[g:1][CONSENSUS][PBFT]checkTimeout Succ,view=54051,toView=54052,nodeIdx=0,changeCycle=1,myNode=54e27343...,timecost=0
info|2022-11-10 15:00:03.900682|[g:1][CONSENSUS][PBFT]checkAndChangeView: Reach consensus,org_view=54051,cur_changeCycle=1,curView=54051,view=54052
info|2022-11-10 15:00:04.714625|[P2P][Service] heartBeat,connected count=3
info|2022-11-10 15:00:04.903209|[g:1][CONSENSUS]addRawPrepare,height=20,reqIdx=3,hash=bf3509b7...,time=0
info|2022-11-10 15:00:04.904080|[g:1][CONSENSUS][PBFT]checkTimeout Succ,view=54052,toView=54053,nodeIdx=0,changeCycle=1,myNode=54e27343...,timecost=1
info|2022-11-10 15:00:04.905496|[g:1][CONSENSUS][PBFT]checkAndChangeView: Reach consensus,org_view=54052,cur_changeCycle=1,curView=54052,view=54053
info|2022-11-10 15:00:05.907430|[g:1][CONSENSUS][SEALER]++++++++++++++++ Generating seal on,blkNum=20,tx=0,nodeIdx=0,hash=b1cd0fc4...
info|2022-11-10 15:00:05.910379|[g:1][CONSENSUS][PBFT]checkTimeout Succ,view=54053,toView=54054,nodeIdx=0,changeCycle=1,myNode=54e27343...,timecost=1
info|2022-11-10 15:00:05.918325|[g:1][CONSENSUS][PBFT]checkAndChangeView: Reach consensus,org_view=54053,cur_changeCycle=1,curView=54053,view=54054
info|2022-11-10 15:00:06.921085|[g:1][CONSENSUS]addRawPrepare,height=20,reqIdx=1,hash=156cdc2d...,time=0
info|2022-11-10 15:00:06.921743|[g:1][CONSENSUS][PBFT]checkTimeout Succ,view=54054,toView=54055,nodeIdx=0,changeCycle=1,myNode=54e27343...,timecost=0
info|2022-11-10 15:00:06.925103|[g:1][CONSENSUS][PBFT]checkAndChangeView: Reach consensus,org_view=54054,cur_changeCycle=1,curView=54054,view=54055
info|2022-11-10 15:00:07.927297|[g:1][CONSENSUS]addRawPrepare,height=20,reqIdx=2,hash=315e49e3...,time=0
info|2022-11-10 15:00:07.928013|[g:1][CONSENSUS][PBFT]checkTimeout Succ,view=54055,toView=54056,nodeIdx=0,changeCycle=1,myNode=54e27343...,timecost=1
info|2022-11-10 15:00:07.930038|[g:1][CONSENSUS][PBFT]checkAndChangeView: Reach consensus,org_view=54055,cur_changeCycle=1,curView=54055,view=54056
info|2022-11-10 15:00:08.934500|[g:1][CONSENSUS]addRawPrepare,height=20,reqIdx=3,hash=56d4541e...,time=0
info|2022-11-10 15:00:08.935402|[g:1][CONSENSUS][PBFT]checkTimeout Succ,view=54056,toView=54057,nodeIdx=0,changeCycle=1,myNode=54e27343...,timecost=1
info|2022-11-10 15:00:08.936962|[g:1][CONSENSUS][PBFT]checkAndChangeView: Reach consensus,org_view=54056,cur_changeCycle=1,curView=54056,view=54057
info|2022-11-10 15:00:09.937200|[g:1][CONSENSUS][SEALER]++++++++++++++++ Generating seal on,blkNum=20,tx=0,nodeIdx=0,hash=b55d1b89...
info|2022-11-10 15:00:09.939475|[g:1][CONSENSUS][PBFT]checkTimeout Succ,view=54057,toView=54058,nodeIdx=0,changeCycle=1,myNode=54e27343...,timecost=1
info|2022-11-10 15:00:09.944212|[g:1][CONSENSUS][PBFT]checkAndChangeView: Reach consensus,org_view=54057,cur_changeCycle=1,curView=54057,view=54058
info|2022-11-10 15:00:10.947562|[g:1][CONSENSUS]addRawPrepare,height=20,reqIdx=1,hash=c64ff0bc...,time=0
info|2022-11-10 15:00:10.948269|[g:1][CONSENSUS][PBFT]checkTimeout Succ,view=54058,toView=54059,nodeIdx=0,changeCycle=1,myNode=54e27343...,timecost=1
info|2022-11-10 15:00:10.950289|[g:1][CONSENSUS][PBFT]checkAndChangeView: Reach consensus,org_view=54058,cur_changeCycle=1,curView=54058,view=54059
info|2022-11-10 15:00:11.953636|[g:1][CONSENSUS]addRawPrepare,height=20,reqIdx=2,hash=f25bb5b5...,time=0
info|2022-11-10 15:00:11.954553|[g:1][CONSENSUS][PBFT]checkTimeout Succ,view=54059,toView=54060,nodeIdx=0,changeCycle=1,myNode=54e27343...,timecost=1
info|2022-11-10 15:00:11.956692|[g:1][CONSENSUS][PBFT]checkAndChangeView: Reach consensus,org_view=54059,cur_changeCycle=1,curView=54059,view=54060
info|2022-11-10 15:00:12.959547|[g:1][CONSENSUS]addRawPrepare,height=20,reqIdx=3,hash=9da0bfe6...,time=0
info|2022-11-10 15:00:12.960423|[g:1][CONSENSUS][PBFT]checkTimeout Succ,view=54060,toView=54061,nodeIdx=0,changeCycle=1,myNode=54e27343...,timecost=1
info|2022-11-10 15:00:12.963003|[g:1][CONSENSUS][PBFT]checkAndChangeView: Reach consensus,org_view=54060,cur_changeCycle=1,curView=54060,view=54061
info|2022-11-10 15:00:13.963393|[g:1][CONSENSUS][SEALER]++++++++++++++++ Generating seal on,blkNum=20,tx=0,nodeIdx=0,hash=385b402a...
info|2022-11-10 15:00:13.969609|[g:1][CONSENSUS][PBFT]checkTimeout Succ,view=54061,toView=54062,nodeIdx=0,changeCycle=1,myNode=54e27343...,timecost=1
info|2022-11-10 15:00:13.970810|[g:1][CONSENSUS][PBFT]checkAndChangeView: Reach consensus,org_view=54061,cur_changeCycle=1,curView=54061,view=54062
info|2022-11-10 15:00:14.715803|[P2P][Service] heartBeat,connected count=3
info|2022-11-10 15:00:14.972543|[g:1][CONSENSUS]addRawPrepare,height=20,reqIdx=1,hash=b94bc530...,time=0
info|2022-11-10 15:00:14.973557|[g:1][CONSENSUS][PBFT]checkTimeout Succ,view=54062,toView=54063,nodeIdx=0,changeCycle=1,myNode=54e27343...,timecost=1
info|2022-11-10 15:00:14.975436|[g:1][CONSENSUS][PBFT]checkAndChangeView: Reach consensus,org_view=54062,cur_changeCycle=1,curView=54062,view=54063
info|2022-11-10 15:00:15.977654|[g:1][CONSENSUS]addRawPrepare,height=20,reqIdx=2,hash=7423e136...,time=0
info|2022-11-10 15:00:15.978462|[g:1][CONSENSUS][PBFT]checkTimeout Succ,view=54063,toView=54064,nodeIdx=0,changeCycle=1,myNode=54e27343...,timecost=1
info|2022-11-10 15:00:15.980414|[g:1][CONSENSUS][PBFT]checkAndChangeView: Reach consensus,org_view=54063,cur_changeCycle=1,curView=54063,view=54064
info|2022-11-10 15:00:16.983521|[g:1][CONSENSUS]addRawPrepare,height=20,reqIdx=3,hash=56ac2d93...,time=0
info|2022-11-10 15:00:16.984083|[g:1][CONSENSUS][PBFT]checkTimeout Succ,view=54064,toView=54065,nodeIdx=0,changeCycle=1,myNode=54e27343...,timecost=1
info|2022-11-10 15:00:16.985782|[g:1][CONSENSUS][PBFT]checkAndChangeView: Reach consensus,org_view=54064,cur_changeCycle=1,curView=54064,view=54065
info|2022-11-10 15:00:17.985978|[g:1][CONSENSUS][SEALER]++++++++++++++++ Generating seal on,blkNum=20,tx=0,nodeIdx=0,hash=6f9158c5...
info|2022-11-10 15:00:17.987132|[g:1][CONSENSUS][PBFT]checkTimeout Succ,view=54065,toView=54066,nodeIdx=0,changeCycle=1,myNode=54e27343...,timecost=1
info|2022-11-10 15:00:17.990960|[g:1][CONSENSUS][PBFT]checkAndChangeView: Reach consensus,org_view=54065,cur_changeCycle=1,curView=54065,view=54066
info|2022-11-10 15:00:18.992763|[g:1][CONSENSUS]addRawPrepare,height=20,reqIdx=1,hash=c0797781...,time=0
info|2022-11-10 15:00:18.993039|[g:1][CONSENSUS][PBFT]checkTimeout Succ,view=54066,toView=54067,nodeIdx=0,changeCycle=1,myNode=54e27343...,timecost=1
info|2022-11-10 15:00:18.994067|[g:1][CONSENSUS][PBFT]checkAndChangeView: Reach consensus,org_view=54066,cur_changeCycle=1,curView=54066,view=54067
info|2022-11-10 15:00:19.995587|[g:1][CONSENSUS]addRawPrepare,height=20,reqIdx=2,hash=6c725bf4...,time=0
info|2022-11-10 15:00:19.995948|[g:1][CONSENSUS][PBFT]checkTimeout Succ,view=54067,toView=54068,nodeIdx=0,changeCycle=1,myNode=54e27343...,timecost=0
info|2022-11-10 15:00:19.997051|[g:1][CONSENSUS][PBFT]checkAndChangeView: Reach consensus,org_view=54067,cur_changeCycle=1,curView=54067,view=54068
info|2022-11-10 15:00:20.998530|[g:1][CONSENSUS]addRawPrepare,height=20,reqIdx=3,hash=956f7083...,time=0
info|2022-11-10 15:00:20.999074|[g:1][CONSENSUS][PBFT]checkTimeout Succ,view=54068,toView=54069,nodeIdx=0,changeCycle=1,myNode=54e27343...,timecost=1
info|2022-11-10 15:00:21.000726|[g:1][CONSENSUS][PBFT]checkAndChangeView: Reach consensus,org_view=54068,cur_changeCycle=1,curView=54068,view=54069
info|2022-11-10 15:00:22.001890|[g:1][CONSENSUS][SEALER]++++++++++++++++ Generating seal on,blkNum=20,tx=0,nodeIdx=0,hash=891a1647...
info|2022-11-10 15:00:22.006761|[g:1][CONSENSUS][PBFT]checkTimeout Succ,view=54069,toView=54070,nodeIdx=0,changeCycle=1,myNode=54e27343...,timecost=0
info|2022-11-10 15:00:22.007809|[g:1][CONSENSUS][PBFT]checkAndChangeView: Reach consensus,org_view=54069,cur_changeCycle=1,curView=54069,view=54070
info|2022-11-10 15:00:23.008521|[g:1][CONSENSUS]addRawPrepare,height=20,reqIdx=1,hash=84d7fc10...,time=0
info|2022-11-10 15:00:23.008891|[g:1][CONSENSUS][PBFT]checkTimeout Succ,view=54070,toView=54071,nodeIdx=0,changeCycle=1,myNode=54e27343...,timecost=0
info|2022-11-10 15:00:23.010510|[g:1][CONSENSUS][PBFT]checkAndChangeView: Reach consensus,org_view=54070,cur_changeCycle=1,curView=54070,view=54071
info|2022-11-10 15:00:24.012954|[g:1][CONSENSUS]addRawPrepare,height=20,reqIdx=2,hash=8747f2e1...,time=0
info|2022-11-10 15:00:24.013732|[g:1][CONSENSUS][PBFT]checkTimeout Succ,view=54071,toView=54072,nodeIdx=0,changeCycle=1,myNode=54e27343...,timecost=0
info|2022-11-10 15:00:24.015412|[g:1][CONSENSUS][PBFT]checkAndChangeView: Reach consensus,org_view=54071,cur_changeCycle=1,curView=54071,view=54072
info|2022-11-10 15:00:24.716904|[P2P][Service] heartBeat,connected count=3
info|2022-11-10 15:00:25.018119|[g:1][CONSENSUS]addRawPrepare,height=20,reqIdx=3,hash=6d116804...,time=0
info|2022-11-10 15:00:25.018903|[g:1][CONSENSUS][PBFT]checkTimeout Succ,view=54072,toView=54073,nodeIdx=0,changeCycle=1,myNode=54e27343...,timecost=0
info|2022-11-10 15:00:25.021078|[g:1][CONSENSUS][PBFT]checkAndChangeView: Reach consensus,org_view=54072,cur_changeCycle=1,curView=54072,view=54073
info|2022-11-10 15:00:26.022101|[g:1][CONSENSUS][SEALER]++++++++++++++++ Generating seal on,blkNum=20,tx=0,nodeIdx=0,hash=80c73fc6...
info|2022-11-10 15:00:26.023775|[g:1][CONSENSUS][PBFT]checkTimeout Succ,view=54073,toView=54074,nodeIdx=0,changeCycle=1,myNode=54e27343...,timecost=0
info|2022-11-10 15:00:26.028932|[g:1][CONSENSUS][PBFT]checkAndChangeView: Reach consensus,org_view=54073,cur_changeCycle=1,curView=54073,view=54074
info|2022-11-10 15:00:27.032313|[g:1][CONSENSUS]addRawPrepare,height=20,reqIdx=1,hash=ef62300c...,time=0
info|2022-11-10 15:00:27.033040|[g:1][CONSENSUS][PBFT]checkTimeout Succ,view=54074,toView=54075,nodeIdx=0,changeCycle=1,myNode=54e27343...,timecost=1
info|2022-11-10 15:00:27.034632|[g:1][CONSENSUS][PBFT]checkAndChangeView: Reach consensus,org_view=54074,cur_changeCycle=1,curView=54074,view=54075
info|2022-11-10 15:00:28.037813|[g:1][CONSENSUS]addRawPrepare,height=20,reqIdx=2,hash=9105ba09...,time=0
info|2022-11-10 15:00:28.038446|[g:1][CONSENSUS][PBFT]checkTimeout Succ,view=54075,toView=54076,nodeIdx=0,changeCycle=1,myNode=54e27343...,timecost=1
info|2022-11-10 15:00:28.040197|[g:1][CONSENSUS][PBFT]checkAndChangeView: Reach consensus,org_view=54075,cur_changeCycle=1,curView=54075,view=54076
info|2022-11-10 15:00:29.042745|[g:1][CONSENSUS]addRawPrepare,height=20,reqIdx=3,hash=486b1477...,time=0
info|2022-11-10 15:00:29.043175|[g:1][CONSENSUS][PBFT]checkTimeout Succ,view=54076,toView=54077,nodeIdx=0,changeCycle=1,myNode=54e27343...,timecost=1
info|2022-11-10 15:00:29.045025|[g:1][CONSENSUS][PBFT]checkAndChangeView: Reach consensus,org_view=54076,cur_changeCycle=1,curView=54076,view=54077
info|2022-11-10 15:00:30.045426|[g:1][CONSENSUS][SEALER]++++++++++++++++ Generating seal on,blkNum=20,tx=0,nodeIdx=0,hash=045f5c32...
info|2022-11-10 15:00:30.049535|[g:1][CONSENSUS][PBFT]checkTimeout Succ,view=54077,toView=54078,nodeIdx=0,changeCycle=1,myNode=54e27343...,timecost=0
info|2022-11-10 15:00:30.055799|[g:1][CONSENSUS][PBFT]checkAndChangeView: Reach consensus,org_view=54077,cur_changeCycle=1,curView=54077,view=54078
info|2022-11-10 15:00:31.080109|[g:1][CONSENSUS]addRawPrepare,height=20,reqIdx=1,hash=5866ce00...,time=0
info|2022-11-10 15:00:31.080375|[g:1][CONSENSUS][PBFT]checkTimeout Succ,view=54078,toView=54079,nodeIdx=0,changeCycle=1,myNode=54e27343...,timecost=0
info|2022-11-10 15:00:31.081411|[g:1][CONSENSUS][PBFT]checkAndChangeView: Reach consensus,org_view=54078,cur_changeCycle=1,curView=54078,view=54079
info|2022-11-10 15:00:32.084927|[g:1][CONSENSUS]addRawPrepare,height=20,reqIdx=2,hash=60541f76...,time=0
info|2022-11-10 15:00:32.085631|[g:1][CONSENSUS][PBFT]checkTimeout Succ,view=54079,toView=54080,nodeIdx=0,changeCycle=1,myNode=54e27343...,timecost=0
info|2022-11-10 15:00:32.087406|[g:1][CONSENSUS][PBFT]checkAndChangeView: Reach consensus,org_view=54079,cur_changeCycle=1,curView=54079,view=54080
info|2022-11-10 15:00:33.091295|[g:1][CONSENSUS]addRawPrepare,height=20,reqIdx=3,hash=e5c84888...,time=0
info|2022-11-10 15:00:33.092085|[g:1][CONSENSUS][PBFT]checkTimeout Succ,view=54080,toView=54081,nodeIdx=0,changeCycle=1,myNode=54e27343...,timecost=1
info|2022-11-10 15:00:33.094893|[g:1][CONSENSUS][PBFT]checkAndChangeView: Reach consensus,org_view=54080,cur_changeCycle=1,curView=54080,view=54081
info|2022-11-10 15:00:34.096355|[g:1][CONSENSUS][SEALER]++++++++++++++++ Generating seal on,blkNum=20,tx=0,nodeIdx=0,hash=02dcbb0a...
info|2022-11-10 15:00:34.099541|[g:1][CONSENSUS][PBFT]checkTimeout Succ,view=54081,toView=54082,nodeIdx=0,changeCycle=1,myNode=54e27343...,timecost=1
info|2022-11-10 15:00:34.100555|[g:1][CONSENSUS][PBFT]checkAndChangeView: Reach consensus,org_view=54081,cur_changeCycle=1,curView=54081,view=54082
info|2022-11-10 15:00:34.717253|[P2P][Service] heartBeat,connected count=3
info|2022-11-10 15:00:35.122179|[g:1][CONSENSUS]addRawPrepare,height=20,reqIdx=1,hash=cf273c41...,time=0
info|2022-11-10 15:00:35.123073|[g:1][CONSENSUS][PBFT]checkTimeout Succ,view=54082,toView=54083,nodeIdx=0,changeCycle=1,myNode=54e27343...,timecost=1
info|2022-11-10 15:00:35.129791|[g:1][CONSENSUS][PBFT]checkAndChangeView: Reach consensus,org_view=54082,cur_changeCycle=1,curView=54082,view=54083
info|2022-11-10 15:00:36.131890|[g:1][CONSENSUS]addRawPrepare,height=20,reqIdx=2,hash=4b6b4dab...,time=0
info|2022-11-10 15:00:36.132166|[g:1][CONSENSUS][PBFT]checkTimeout Succ,view=54083,toView=54084,nodeIdx=0,changeCycle=1,myNode=54e27343...,timecost=1
info|2022-11-10 15:00:36.132859|[g:1][CONSENSUS][PBFT]checkAndChangeView: Reach consensus,org_view=54083,cur_changeCycle=1,curView=54083,view=54084
info|2022-11-10 15:00:37.134527|[g:1][CONSENSUS]addRawPrepare,height=20,reqIdx=3,hash=2df6cdd5...,time=0
info|2022-11-10 15:00:37.134973|[g:1][CONSENSUS][PBFT]checkTimeout Succ,view=54084,toView=54085,nodeIdx=0,changeCycle=1,myNode=54e27343...,timecost=0
info|2022-11-10 15:00:37.136030|[g:1][CONSENSUS][PBFT]checkAndChangeView: Reach consensus,org_view=54084,cur_changeCycle=1,curView=54084,view=54085
info|2022-11-10 15:00:38.136706|[g:1][CONSENSUS][SEALER]++++++++++++++++ Generating seal on,blkNum=20,tx=0,nodeIdx=0,hash=1c63230f...
info|2022-11-10 15:00:38.137988|[g:1][CONSENSUS][PBFT]checkTimeout Succ,view=54085,toView=54086,nodeIdx=0,changeCycle=1,myNode=54e27343...,timecost=1
info|2022-11-10 15:00:38.141486|[g:1][CONSENSUS][PBFT]checkAndChangeView: Reach consensus,org_view=54085,cur_changeCycle=1,curView=54085,view=54086
info|2022-11-10 15:00:39.144371|[g:1][CONSENSUS]addRawPrepare,height=20,reqIdx=1,hash=e74018cb...,time=0
info|2022-11-10 15:00:39.145021|[g:1][CONSENSUS][PBFT]checkTimeout Succ,view=54086,toView=54087,nodeIdx=0,changeCycle=1,myNode=54e27343...,timecost=1
info|2022-11-10 15:00:39.147082|[g:1][CONSENSUS][PBFT]checkAndChangeView: Reach consensus,org_view=54086,cur_changeCycle=1,curView=54086,view=54087
info|2022-11-10 15:00:40.151465|[g:1][CONSENSUS]addRawPrepare,height=20,reqIdx=2,hash=0b01f4fc...,time=0
info|2022-11-10 15:00:40.152714|[g:1][CONSENSUS][PBFT]checkTimeout Succ,view=54087,toView=54088,nodeIdx=0,changeCycle=1,myNode=54e27343...,timecost=1
info|2022-11-10 15:00:40.154859|[g:1][CONSENSUS][PBFT]checkAndChangeView: Reach consensus,org_view=54087,cur_changeCycle=1,curView=54087,view=54088
info|2022-11-10 15:00:41.156914|[g:1][CONSENSUS]addRawPrepare,height=20,reqIdx=3,hash=a49485c6...,time=0
info|2022-11-10 15:00:41.157207|[g:1][CONSENSUS][PBFT]checkTimeout Succ,view=54088,toView=54089,nodeIdx=0,changeCycle=1,myNode=54e27343...,timecost=1
info|2022-11-10 15:00:41.158328|[g:1][CONSENSUS][PBFT]checkAndChangeView: Reach consensus,org_view=54088,cur_changeCycle=1,curView=54088,view=54089
info|2022-11-10 15:00:42.161510|[g:1][CONSENSUS][SEALER]++++++++++++++++ Generating seal on,blkNum=20,tx=0,nodeIdx=0,hash=09a7e542...
info|2022-11-10 15:00:42.164656|[g:1][CONSENSUS][PBFT]checkTimeout Succ,view=54089,toView=54090,nodeIdx=0,changeCycle=1,myNode=54e27343...,timecost=0
info|2022-11-10 15:00:42.178593|[g:1][CONSENSUS][PBFT]checkAndChangeView: Reach consensus,org_view=54089,cur_changeCycle=1,curView=54089,view=54090
info|2022-11-10 15:00:43.179693|[g:1][CONSENSUS]addRawPrepare,height=20,reqIdx=1,hash=9fc0fc2c...,time=0
info|2022-11-10 15:00:43.179995|[g:1][CONSENSUS][PBFT]checkTimeout Succ,view=54090,toView=54091,nodeIdx=0,changeCycle=1,myNode=54e27343...,timecost=1
info|2022-11-10 15:00:43.181455|[g:1][CONSENSUS][PBFT]checkAndChangeView: Reach consensus,org_view=54090,cur_changeCycle=1,curView=54090,view=54091
info|2022-11-10 15:00:44.183186|[g:1][CONSENSUS]addRawPrepare,height=20,reqIdx=2,hash=090c3ea5...,time=0
info|2022-11-10 15:00:44.183595|[g:1][CONSENSUS][PBFT]checkTimeout Succ,view=54091,toView=54092,nodeIdx=0,changeCycle=1,myNode=54e27343...,timecost=0
info|2022-11-10 15:00:44.184682|[g:1][CONSENSUS][PBFT]checkAndChangeView: Reach consensus,org_view=54091,cur_changeCycle=1,curView=54091,view=54092
info|2022-11-10 15:00:44.717719|[P2P][Service] heartBeat,connected count=3
info|2022-11-10 15:00:45.186796|[g:1][CONSENSUS]addRawPrepare,height=20,reqIdx=3,hash=cd10e100...,time=0
info|2022-11-10 15:00:45.187497|[g:1][CONSENSUS][PBFT]checkTimeout Succ,view=54092,toView=54093,nodeIdx=0,changeCycle=1,myNode=54e27343...,timecost=1
info|2022-11-10 15:00:45.189861|[g:1][CONSENSUS][PBFT]checkAndChangeView: Reach consensus,org_view=54092,cur_changeCycle=1,curView=54092,view=54093
info|2022-11-10 15:00:46.190272|[g:1][CONSENSUS][SEALER]++++++++++++++++ Generating seal on,blkNum=20,tx=0,nodeIdx=0,hash=d7465062...
info|2022-11-10 15:00:46.190655|[g:1][CONSENSUS][PBFT]checkTimeout Succ,view=54093,toView=54094,nodeIdx=0,changeCycle=1,myNode=54e27343...,timecost=0
info|2022-11-10 15:00:46.192258|[g:1][CONSENSUS][PBFT]checkAndChangeView: Reach consensus,org_view=54093,cur_changeCycle=1,curView=54093,view=54094
info|2022-11-10 15:00:47.193776|[g:1][CONSENSUS]addRawPrepare,height=20,reqIdx=1,hash=92418f96...,time=0
info|2022-11-10 15:00:47.194245|[g:1][CONSENSUS][PBFT]checkTimeout Succ,view=54094,toView=54095,nodeIdx=0,changeCycle=1,myNode=54e27343...,timecost=1
info|2022-11-10 15:00:47.195989|[g:1][CONSENSUS][PBFT]checkAndChangeView: Reach consensus,org_view=54094,cur_changeCycle=1,curView=54094,view=54095
info|2022-11-10 15:00:48.198207|[g:1][CONSENSUS]addRawPrepare,height=20,reqIdx=2,hash=95758b09...,time=0
info|2022-11-10 15:00:48.198753|[g:1][CONSENSUS][PBFT]checkTimeout Succ,view=54095,toView=54096,nodeIdx=0,changeCycle=1,myNode=54e27343...,timecost=0
info|2022-11-10 15:00:48.205456|[g:1][CONSENSUS][PBFT]checkAndChangeView: Reach consensus,org_view=54095,cur_changeCycle=1,curView=54095,view=54096
info|2022-11-10 15:00:49.206600|[g:1][CONSENSUS]addRawPrepare,height=20,reqIdx=3,hash=366a7ebd...,time=0
info|2022-11-10 15:00:49.206947|[g:1][CONSENSUS][PBFT]checkTimeout Succ,view=54096,toView=54097,nodeIdx=0,changeCycle=1,myNode=54e27343...,timecost=0
info|2022-11-10 15:00:49.207992|[g:1][CONSENSUS][PBFT]checkAndChangeView: Reach consensus,org_view=54096,cur_changeCycle=1,curView=54096,view=54097
info|2022-11-10 15:00:50.207920|[g:1][CONSENSUS][SEALER]++++++++++++++++ Generating seal on,blkNum=20,tx=0,nodeIdx=0,hash=493262e1...
info|2022-11-10 15:00:50.212298|[g:1][CONSENSUS][PBFT]checkTimeout Succ,view=54097,toView=54098,nodeIdx=0,changeCycle=1,myNode=54e27343...,timecost=1
info|2022-11-10 15:00:50.213052|[g:1][CONSENSUS][PBFT]checkAndChangeView: Reach consensus,org_view=54097,cur_changeCycle=1,curView=54097,view=54098
info|2022-11-10 15:00:51.213365|[g:1][CONSENSUS]addRawPrepare,height=20,reqIdx=1,hash=b3aea58f...,time=0
info|2022-11-10 15:00:51.213964|[g:1][CONSENSUS][PBFT]checkTimeout Succ,view=54098,toView=54099,nodeIdx=0,changeCycle=1,myNode=54e27343...,timecost=0
info|2022-11-10 15:00:51.215659|[g:1][CONSENSUS][PBFT]checkAndChangeView: Reach consensus,org_view=54098,cur_changeCycle=1,curView=54098,view=54099
info|2022-11-10 15:00:52.218384|[g:1][CONSENSUS]addRawPrepare,height=20,reqIdx=2,hash=4566981a...,time=0
info|2022-11-10 15:00:52.219095|[g:1][CONSENSUS][PBFT]checkTimeout Succ,view=54099,toView=54100,nodeIdx=0,changeCycle=1,myNode=54e27343...,timecost=1
info|2022-11-10 15:00:52.221591|[g:1][CONSENSUS][PBFT]checkAndChangeView: Reach consensus,org_view=54099,cur_changeCycle=1,curView=54099,view=54100
info|2022-11-10 15:00:53.223555|[g:1][CONSENSUS]addRawPrepare,height=20,reqIdx=3,hash=8543289e...,time=0
info|2022-11-10 15:00:53.224427|[g:1][CONSENSUS][PBFT]checkTimeout Succ,view=54100,toView=54101,nodeIdx=0,changeCycle=1,myNode=54e27343...,timecost=1
info|2022-11-10 15:00:53.226758|[g:1][CONSENSUS][PBFT]checkAndChangeView: Reach consensus,org_view=54100,cur_changeCycle=1,curView=54100,view=54101
info|2022-11-10 15:00:54.228503|[g:1][CONSENSUS][SEALER]++++++++++++++++ Generating seal on,blkNum=20,tx=0,nodeIdx=0,hash=2c5dd47e...
info|2022-11-10 15:00:54.234400|[g:1][CONSENSUS][PBFT]checkTimeout Succ,view=54101,toView=54102,nodeIdx=0,changeCycle=1,myNode=54e27343...,timecost=2
info|2022-11-10 15:00:54.262648|[g:1][CONSENSUS][PBFT]checkAndChangeView: Reach consensus,org_view=54101,cur_changeCycle=1,curView=54101,view=54102
info|2022-11-10 15:00:54.719697|[P2P][Service] heartBeat,connected count=3
info|2022-11-10 15:00:55.260656|[g:1][CONSENSUS]addRawPrepare,height=20,reqIdx=1,hash=42a82d4e...,time=0
info|2022-11-10 15:00:55.260899|[g:1][CONSENSUS][PBFT]checkTimeout Succ,view=54102,toView=54103,nodeIdx=0,changeCycle=1,myNode=54e27343...,timecost=0
info|2022-11-10 15:00:55.261712|[g:1][CONSENSUS][PBFT]checkAndChangeView: Reach consensus,org_view=54102,cur_changeCycle=1,curView=54102,view=54103
info|2022-11-10 15:00:56.265845|[g:1][CONSENSUS]addRawPrepare,height=20,reqIdx=2,hash=91da6a2e...,time=0
info|2022-11-10 15:00:56.266692|[g:1][CONSENSUS][PBFT]checkTimeout Succ,view=54103,toView=54104,nodeIdx=0,changeCycle=1,myNode=54e27343...,timecost=1
info|2022-11-10 15:00:56.268805|[g:1][CONSENSUS][PBFT]checkAndChangeView: Reach consensus,org_view=54103,cur_changeCycle=1,curView=54103,view=54104
info|2022-11-10 15:00:57.270762|[g:1][CONSENSUS]addRawPrepare,height=20,reqIdx=3,hash=c782f7d9...,time=0
info|2022-11-10 15:00:57.271067|[g:1][CONSENSUS][PBFT]checkTimeout Succ,view=54104,toView=54105,nodeIdx=0,changeCycle=1,myNode=54e27343...,timecost=1
info|2022-11-10 15:00:57.271852|[g:1][CONSENSUS][PBFT]checkAndChangeView: Reach consensus,org_view=54104,cur_changeCycle=1,curView=54104,view=54105
info|2022-11-10 15:00:58.274476|[g:1][CONSENSUS][SEALER]++++++++++++++++ Generating seal on,blkNum=20,tx=0,nodeIdx=0,hash=6addd94d...
info|2022-11-10 15:00:58.277032|[g:1][CONSENSUS][PBFT]checkTimeout Succ,view=54105,toView=54106,nodeIdx=0,changeCycle=1,myNode=54e27343...,timecost=1
info|2022-11-10 15:00:58.278070|[g:1][CONSENSUS][PBFT]checkAndChangeView: Reach consensus,org_view=54105,cur_changeCycle=1,curView=54105,view=54106
info|2022-11-10 15:00:59.281002|[g:1][CONSENSUS]addRawPrepare,height=20,reqIdx=1,hash=bcf84a07...,time=1
info|2022-11-10 15:00:59.281329|[g:1][CONSENSUS][PBFT]checkTimeout Succ,view=54106,toView=54107,nodeIdx=0,changeCycle=1,myNode=54e27343...,timecost=0
info|2022-11-10 15:00:59.282740|[g:1][CONSENSUS][PBFT]checkAndChangeView: Reach consensus,org_view=54106,cur_changeCycle=1,curView=54106,view=54107
info|2022-11-10 15:01:00.286504|[g:1][CONSENSUS]addRawPrepare,height=20,reqIdx=2,hash=9bed113f...,time=0
info|2022-11-10 15:01:00.286861|[g:1][CONSENSUS][PBFT]checkTimeout Succ,view=54107,toView=54108,nodeIdx=0,changeCycle=1,myNode=54e27343...,timecost=0
info|2022-11-10 15:01:00.287750|[g:1][CONSENSUS][PBFT]checkAndChangeView: Reach consensus,org_view=54107,cur_changeCycle=1,curView=54107,view=54108
info|2022-11-10 15:01:01.291411|[g:1][CONSENSUS]addRawPrepare,height=20,reqIdx=3,hash=656b9190...,time=0
info|2022-11-10 15:01:01.291819|[g:1][CONSENSUS][PBFT]checkTimeout Succ,view=54108,toView=54109,nodeIdx=0,changeCycle=1,myNode=54e27343...,timecost=0
info|2022-11-10 15:01:01.292674|[g:1][CONSENSUS][PBFT]checkAndChangeView: Reach consensus,org_view=54108,cur_changeCycle=1,curView=54108,view=54109
info|2022-11-10 15:01:02.294624|[g:1][CONSENSUS][SEALER]++++++++++++++++ Generating seal on,blkNum=20,tx=0,nodeIdx=0,hash=4b8fc9a4...
info|2022-11-10 15:01:02.296824|[g:1][CONSENSUS][PBFT]checkTimeout Succ,view=54109,toView=54110,nodeIdx=0,changeCycle=1,myNode=54e27343...,timecost=0
info|2022-11-10 15:01:02.297179|[g:1][CONSENSUS][PBFT]checkAndChangeView: Reach consensus,org_view=54109,cur_changeCycle=1,curView=54109,view=54110
info|2022-11-10 15:01:03.301442|[g:1][CONSENSUS]addRawPrepare,height=20,reqIdx=1,hash=fc7a978d...,time=0
info|2022-11-10 15:01:03.302485|[g:1][CONSENSUS][PBFT]checkTimeout Succ,view=54110,toView=54111,nodeIdx=0,changeCycle=1,myNode=54e27343...,timecost=1
info|2022-11-10 15:01:03.304418|[g:1][CONSENSUS][PBFT]checkAndChangeView: Reach consensus,org_view=54110,cur_changeCycle=1,curView=54110,view=54111
info|2022-11-10 15:01:04.307564|[g:1][CONSENSUS]addRawPrepare,height=20,reqIdx=2,hash=f290165d...,time=0
info|2022-11-10 15:01:04.307810|[g:1][CONSENSUS][PBFT]checkTimeout Succ,view=54111,toView=54112,nodeIdx=0,changeCycle=1,myNode=54e27343...,timecost=0
info|2022-11-10 15:01:04.308642|[g:1][CONSENSUS][PBFT]checkAndChangeView: Reach consensus,org_view=54111,cur_changeCycle=1,curView=54111,view=54112
info|2022-11-10 15:01:04.722610|[P2P][Service] heartBeat,connected count=3
info|2022-11-10 15:01:05.314618|[g:1][CONSENSUS]addRawPrepare,height=20,reqIdx=3,hash=45beb19f...,time=0
info|2022-11-10 15:01:05.315469|[g:1][CONSENSUS][PBFT]checkTimeout Succ,view=54112,toView=54113,nodeIdx=0,changeCycle=1,myNode=54e27343...,timecost=1
info|2022-11-10 15:01:05.318384|[g:1][CONSENSUS][PBFT]checkAndChangeView: Reach consensus,org_view=54112,cur_changeCycle=1,curView=54112,view=54113
info|2022-11-10 15:01:06.335598|[g:1][CONSENSUS][SEALER]++++++++++++++++ Generating seal on,blkNum=20,tx=0,nodeIdx=0,hash=398c2c54...
info|2022-11-10 15:01:06.338613|[g:1][CONSENSUS][PBFT]checkTimeout Succ,view=54113,toView=54114,nodeIdx=0,changeCycle=1,myNode=54e27343...,timecost=0
info|2022-11-10 15:01:06.341712|[g:1][CONSENSUS][PBFT]checkAndChangeView: Reach consensus,org_view=54113,cur_changeCycle=1,curView=54113,view=54114
info|2022-11-10 15:01:07.413447|[g:1][CONSENSUS]addRawPrepare,height=20,reqIdx=1,hash=c517c4f2...,time=0
info|2022-11-10 15:01:07.413840|[g:1][CONSENSUS][PBFT]checkTimeout Succ,view=54114,toView=54115,nodeIdx=0,changeCycle=1,myNode=54e27343...,timecost=0
info|2022-11-10 15:01:07.414791|[g:1][CONSENSUS][PBFT]checkAndChangeView: Reach consensus,org_view=54114,cur_changeCycle=1,curView=54114,view=54115
info|2022-11-10 15:01:08.427527|[g:1][CONSENSUS]addRawPrepare,height=20,reqIdx=2,hash=255ed990...,time=0
info|2022-11-10 15:01:08.428113|[g:1][CONSENSUS][PBFT]checkTimeout Succ,view=54115,toView=54116,nodeIdx=0,changeCycle=1,myNode=54e27343...,timecost=1
info|2022-11-10 15:01:08.432154|[g:1][CONSENSUS][PBFT]checkAndChangeView: Reach consensus,org_view=54115,cur_changeCycle=1,curView=54115,view=54116
info|2022-11-10 15:01:09.464578|[g:1][CONSENSUS]addRawPrepare,height=20,reqIdx=3,hash=befd0db1...,time=0
info|2022-11-10 15:01:09.464935|[g:1][CONSENSUS][PBFT]checkTimeout Succ,view=54116,toView=54117,nodeIdx=0,changeCycle=1,myNode=54e27343...,timecost=0
info|2022-11-10 15:01:09.470083|[g:1][CONSENSUS][PBFT]checkAndChangeView: Reach consensus,org_view=54116,cur_changeCycle=1,curView=54116,view=54117
info|2022-11-10 15:01:10.469995|[g:1][CONSENSUS][SEALER]++++++++++++++++ Generating seal on,blkNum=20,tx=0,nodeIdx=0,hash=0a55d92f...
info|2022-11-10 15:01:10.474694|[g:1][CONSENSUS][PBFT]checkTimeout Succ,view=54117,toView=54118,nodeIdx=0,changeCycle=1,myNode=54e27343...,timecost=0
info|2022-11-10 15:01:10.475085|[g:1][CONSENSUS][PBFT]checkAndChangeView: Reach consensus,org_view=54117,cur_changeCycle=1,curView=54117,view=54118
info|2022-11-10 15:01:11.475963|[g:1][CONSENSUS]addRawPrepare,height=20,reqIdx=1,hash=8b779cb3...,time=0
info|2022-11-10 15:01:11.476276|[g:1][CONSENSUS][PBFT]checkTimeout Succ,view=54118,toView=54119,nodeIdx=0,changeCycle=1,myNode=54e27343...,timecost=0
info|2022-11-10 15:01:11.477234|[g:1][CONSENSUS][PBFT]checkAndChangeView: Reach consensus,org_view=54118,cur_changeCycle=1,curView=54118,view=54119
info|2022-11-10 15:01:12.478369|[g:1][CONSENSUS]addRawPrepare,height=20,reqIdx=2,hash=037ebaaa...,time=0
info|2022-11-10 15:01:12.478866|[g:1][CONSENSUS][PBFT]checkTimeout Succ,view=54119,toView=54120,nodeIdx=0,changeCycle=1,myNode=54e27343...,timecost=0
info|2022-11-10 15:01:12.479876|[g:1][CONSENSUS][PBFT]checkAndChangeView: Reach consensus,org_view=54119,cur_changeCycle=1,curView=54119,view=54120
info|2022-11-10 15:01:13.481745|[g:1][CONSENSUS]addRawPrepare,height=20,reqIdx=3,hash=b52f4392...,time=0
info|2022-11-10 15:01:13.482024|[g:1][CONSENSUS][PBFT]checkTimeout Succ,view=54120,toView=54121,nodeIdx=0,changeCycle=1,myNode=54e27343...,timecost=1
info|2022-11-10 15:01:13.482678|[g:1][CONSENSUS][PBFT]checkAndChangeView: Reach consensus,org_view=54120,cur_changeCycle=1,curView=54120,view=54121
info|2022-11-10 15:01:14.484157|[g:1][CONSENSUS][SEALER]++++++++++++++++ Generating seal on,blkNum=20,tx=0,nodeIdx=0,hash=6fe65ba4...
info|2022-11-10 15:01:14.499908|[g:1][CONSENSUS][PBFT]checkTimeout Succ,view=54121,toView=54122,nodeIdx=0,changeCycle=1,myNode=54e27343...,timecost=0
info|2022-11-10 15:01:14.524489|[g:1][CONSENSUS][PBFT]checkAndChangeView: Reach consensus,org_view=54121,cur_changeCycle=1,curView=54121,view=54122
info|2022-11-10 15:01:14.722703|[P2P][Service] heartBeat,connected count=3
info|2022-11-10 15:01:15.555204|[g:1][CONSENSUS]addRawPrepare,height=20,reqIdx=1,hash=02e99795...,time=0
info|2022-11-10 15:01:15.555583|[g:1][CONSENSUS][PBFT]checkTimeout Succ,view=54122,toView=54123,nodeIdx=0,changeCycle=1,myNode=54e27343...,timecost=0
info|2022-11-10 15:01:15.556526|[g:1][CONSENSUS][PBFT]checkAndChangeView: Reach consensus,org_view=54122,cur_changeCycle=1,curView=54122,view=54123
info|2022-11-10 15:01:16.558461|[g:1][CONSENSUS]addRawPrepare,height=20,reqIdx=2,hash=31754c57...,time=0
info|2022-11-10 15:01:16.558761|[g:1][CONSENSUS][PBFT]checkTimeout Succ,view=54123,toView=54124,nodeIdx=0,changeCycle=1,myNode=54e27343...,timecost=0
info|2022-11-10 15:01:16.559772|[g:1][CONSENSUS][PBFT]checkAndChangeView: Reach consensus,org_view=54123,cur_changeCycle=1,curView=54123,view=54124
info|2022-11-10 15:01:17.561459|[g:1][CONSENSUS]addRawPrepare,height=20,reqIdx=3,hash=0ed631f7...,time=0
info|2022-11-10 15:01:17.561764|[g:1][CONSENSUS][PBFT]checkTimeout Succ,view=54124,toView=54125,nodeIdx=0,changeCycle=1,myNode=54e27343...,timecost=0
info|2022-11-10 15:01:17.562441|[g:1][CONSENSUS][PBFT]checkAndChangeView: Reach consensus,org_view=54124,cur_changeCycle=1,curView=54124,view=54125
info|2022-11-10 15:01:18.562988|[g:1][CONSENSUS][SEALER]++++++++++++++++ Generating seal on,blkNum=20,tx=0,nodeIdx=0,hash=1aad03e7...
info|2022-11-10 15:01:18.563594|[g:1][CONSENSUS][PBFT]checkTimeout Succ,view=54125,toView=54126,nodeIdx=0,changeCycle=1,myNode=54e27343...,timecost=0
info|2022-11-10 15:01:18.565139|[g:1][CONSENSUS][PBFT]checkAndChangeView: Reach consensus,org_view=54125,cur_changeCycle=1,curView=54125,view=54126
info|2022-11-10 15:01:19.566165|[g:1][CONSENSUS]addRawPrepare,height=20,reqIdx=1,hash=ae6a50b7...,time=0
info|2022-11-10 15:01:19.566426|[g:1][CONSENSUS][PBFT]checkTimeout Succ,view=54126,toView=54127,nodeIdx=0,changeCycle=1,myNode=54e27343...,timecost=0
info|2022-11-10 15:01:19.567147|[g:1][CONSENSUS][PBFT]checkAndChangeView: Reach consensus,org_view=54126,cur_changeCycle=1,curView=54126,view=54127
info|2022-11-10 15:01:20.569283|[g:1][CONSENSUS]addRawPrepare,height=20,reqIdx=2,hash=1fa78685...,time=0
info|2022-11-10 15:01:20.569678|[g:1][CONSENSUS][PBFT]checkTimeout Succ,view=54127,toView=54128,nodeIdx=0,changeCycle=1,myNode=54e27343...,timecost=0
info|2022-11-10 15:01:20.570622|[g:1][CONSENSUS][PBFT]checkAndChangeView: Reach consensus,org_view=54127,cur_changeCycle=1,curView=54127,view=54128
info|2022-11-10 15:01:21.575332|[g:1][CONSENSUS]addRawPrepare,height=20,reqIdx=3,hash=f6dd9c9b...,time=0
info|2022-11-10 15:01:21.576414|[g:1][CONSENSUS][PBFT]checkTimeout Succ,view=54128,toView=54129,nodeIdx=0,changeCycle=1,myNode=54e27343...,timecost=1
info|2022-11-10 15:01:21.578524|[g:1][CONSENSUS][PBFT]checkAndChangeView: Reach consensus,org_view=54128,cur_changeCycle=1,curView=54128,view=54129
info|2022-11-10 15:01:22.579064|[g:1][CONSENSUS][SEALER]++++++++++++++++ Generating seal on,blkNum=20,tx=0,nodeIdx=0,hash=c1ee73e5...
info|2022-11-10 15:01:22.583552|[g:1][CONSENSUS][PBFT]checkTimeout Succ,view=54129,toView=54130,nodeIdx=0,changeCycle=1,myNode=54e27343...,timecost=0
info|2022-11-10 15:01:22.584393|[g:1][CONSENSUS][PBFT]checkAndChangeView: Reach consensus,org_view=54129,cur_changeCycle=1,curView=54129,view=54130
info|2022-11-10 15:01:23.585557|[g:1][CONSENSUS]addRawPrepare,height=20,reqIdx=1,hash=3c2ebd5a...,time=0
info|2022-11-10 15:01:23.585873|[g:1][CONSENSUS][PBFT]checkTimeout Succ,view=54130,toView=54131,nodeIdx=0,changeCycle=1,myNode=54e27343...,timecost=0
info|2022-11-10 15:01:23.586629|[g:1][CONSENSUS][PBFT]checkAndChangeView: Reach consensus,org_view=54130,cur_changeCycle=1,curView=54130,view=54131
info|2022-11-10 15:01:24.589667|[g:1][CONSENSUS]addRawPrepare,height=20,reqIdx=2,hash=079a779f...,time=0
info|2022-11-10 15:01:24.589964|[g:1][CONSENSUS][PBFT]checkTimeout Succ,view=54131,toView=54132,nodeIdx=0,changeCycle=1,myNode=54e27343...,timecost=0
info|2022-11-10 15:01:24.590577|[g:1][CONSENSUS][PBFT]checkAndChangeView: Reach consensus,org_view=54131,cur_changeCycle=1,curView=54131,view=54132
info|2022-11-10 15:01:24.722977|[P2P][Service] heartBeat,connected count=3
info|2022-11-10 15:01:25.591916|[g:1][CONSENSUS]addRawPrepare,height=20,reqIdx=3,hash=0f9c5590...,time=0
info|2022-11-10 15:01:25.592215|[g:1][CONSENSUS][PBFT]checkTimeout Succ,view=54132,toView=54133,nodeIdx=0,changeCycle=1,myNode=54e27343...,timecost=1
info|2022-11-10 15:01:25.592821|[g:1][CONSENSUS][PBFT]checkAndChangeView: Reach consensus,org_view=54132,cur_changeCycle=1,curView=54132,view=54133
info|2022-11-10 15:01:26.593831|[g:1][CONSENSUS][SEALER]++++++++++++++++ Generating seal on,blkNum=20,tx=0,nodeIdx=0,hash=2751c7f5...
info|2022-11-10 15:01:26.596445|[g:1][CONSENSUS][PBFT]checkTimeout Succ,view=54133,toView=54134,nodeIdx=0,changeCycle=1,myNode=54e27343...,timecost=0
info|2022-11-10 15:01:26.597323|[g:1][CONSENSUS][PBFT]checkAndChangeView: Reach consensus,org_view=54133,cur_changeCycle=1,curView=54133,view=54134
info|2022-11-10 15:01:27.599340|[g:1][CONSENSUS]addRawPrepare,height=20,reqIdx=1,hash=1b0ea9b9...,time=0
info|2022-11-10 15:01:27.599710|[g:1][CONSENSUS][PBFT]checkTimeout Succ,view=54134,toView=54135,nodeIdx=0,changeCycle=1,myNode=54e27343...,timecost=0
info|2022-11-10 15:01:27.600408|[g:1][CONSENSUS][PBFT]checkAndChangeView: Reach consensus,org_view=54134,cur_changeCycle=1,curView=54134,view=54135
info|2022-11-10 15:01:28.601237|[g:1][CONSENSUS]addRawPrepare,height=20,reqIdx=2,hash=2f4e560e...,time=0
info|2022-11-10 15:01:28.601594|[g:1][CONSENSUS][PBFT]checkTimeout Succ,view=54135,toView=54136,nodeIdx=0,changeCycle=1,myNode=54e27343...,timecost=0
info|2022-11-10 15:01:28.602341|[g:1][CONSENSUS][PBFT]checkAndChangeView: Reach consensus,org_view=54135,cur_changeCycle=1,curView=54135,view=54136
info|2022-11-10 15:01:29.606269|[g:1][CONSENSUS]addRawPrepare,height=20,reqIdx=3,hash=1f9a78ca...,time=0
info|2022-11-10 15:01:29.607473|[g:1][CONSENSUS][PBFT]checkTimeout Succ,view=54136,toView=54137,nodeIdx=0,changeCycle=1,myNode=54e27343...,timecost=1
info|2022-11-10 15:01:29.609639|[g:1][CONSENSUS][PBFT]checkAndChangeView: Reach consensus,org_view=54136,cur_changeCycle=1,curView=54136,view=54137
info|2022-11-10 15:01:30.610269|[g:1][CONSENSUS][SEALER]++++++++++++++++ Generating seal on,blkNum=20,tx=0,nodeIdx=0,hash=2c9335f6...
info|2022-11-10 15:01:30.615681|[g:1][CONSENSUS][PBFT]checkTimeout Succ,view=54137,toView=54138,nodeIdx=0,changeCycle=1,myNode=54e27343...,timecost=0
info|2022-11-10 15:01:30.616593|[g:1][CONSENSUS][PBFT]checkAndChangeView: Reach consensus,org_view=54137,cur_changeCycle=1,curView=54137,view=54138
info|2022-11-10 15:01:31.618996|[g:1][CONSENSUS]addRawPrepare,height=20,reqIdx=1,hash=20a4e59d...,time=1
info|2022-11-10 15:01:31.619882|[g:1][CONSENSUS][PBFT]checkTimeout Succ,view=54138,toView=54139,nodeIdx=0,changeCycle=1,myNode=54e27343...,timecost=0
info|2022-11-10 15:01:31.621522|[g:1][CONSENSUS][PBFT]checkAndChangeView: Reach consensus,org_view=54138,cur_changeCycle=1,curView=54138,view=54139
info|2022-11-10 15:01:32.623004|[g:1][CONSENSUS]addRawPrepare,height=20,reqIdx=2,hash=77f5f53e...,time=1
info|2022-11-10 15:01:32.623303|[g:1][CONSENSUS][PBFT]checkTimeout Succ,view=54139,toView=54140,nodeIdx=0,changeCycle=1,myNode=54e27343...,timecost=0
info|2022-11-10 15:01:32.624018|[g:1][CONSENSUS][PBFT]checkAndChangeView: Reach consensus,org_view=54139,cur_changeCycle=1,curView=54139,view=54140
info|2022-11-10 15:01:33.628131|[g:1][CONSENSUS]addRawPrepare,height=20,reqIdx=3,hash=b8e88f58...,time=0
info|2022-11-10 15:01:33.629182|[g:1][CONSENSUS][PBFT]checkTimeout Succ,view=54140,toView=54141,nodeIdx=0,changeCycle=1,myNode=54e27343...,timecost=1
info|2022-11-10 15:01:33.631430|[g:1][CONSENSUS][PBFT]checkAndChangeView: Reach consensus,org_view=54140,cur_changeCycle=1,curView=54140,view=54141
info|2022-11-10 15:01:34.632509|[g:1][CONSENSUS][SEALER]++++++++++++++++ Generating seal on,blkNum=20,tx=0,nodeIdx=0,hash=71965938...
info|2022-11-10 15:01:34.637704|[g:1][CONSENSUS][PBFT]checkTimeout Succ,view=54141,toView=54142,nodeIdx=0,changeCycle=1,myNode=54e27343...,timecost=0
info|2022-11-10 15:01:34.639165|[g:1][CONSENSUS][PBFT]checkAndChangeView: Reach consensus,org_view=54141,cur_changeCycle=1,curView=54141,view=54142
info|2022-11-10 15:01:34.723966|[P2P][Service] heartBeat,connected count=3
info|2022-11-10 15:01:35.642417|[g:1][CONSENSUS]addRawPrepare,height=20,reqIdx=1,hash=033fef7b...,time=0
info|2022-11-10 15:01:35.643396|[g:1][CONSENSUS][PBFT]checkTimeout Succ,view=54142,toView=54143,nodeIdx=0,changeCycle=1,myNode=54e27343...,timecost=1
info|2022-11-10 15:01:35.646016|[g:1][CONSENSUS][PBFT]checkAndChangeView: Reach consensus,org_view=54142,cur_changeCycle=1,curView=54142,view=54143
info|2022-11-10 15:01:36.648423|[g:1][CONSENSUS]addRawPrepare,height=20,reqIdx=2,hash=b113e978...,time=0
info|2022-11-10 15:01:36.649069|[g:1][CONSENSUS][PBFT]checkTimeout Succ,view=54143,toView=54144,nodeIdx=0,changeCycle=1,myNode=54e27343...,timecost=1
info|2022-11-10 15:01:36.650991|[g:1][CONSENSUS][PBFT]checkAndChangeView: Reach consensus,org_view=54143,cur_changeCycle=1,curView=54143,view=54144
info|2022-11-10 15:01:37.655412|[g:1][CONSENSUS]addRawPrepare,height=20,reqIdx=3,hash=0b4e3049...,time=0
info|2022-11-10 15:01:37.656617|[g:1][CONSENSUS][PBFT]checkTimeout Succ,view=54144,toView=54145,nodeIdx=0,changeCycle=1,myNode=54e27343...,timecost=1
info|2022-11-10 15:01:37.658433|[g:1][CONSENSUS][PBFT]checkAndChangeView: Reach consensus,org_view=54144,cur_changeCycle=1,curView=54144,view=54145
info|2022-11-10 15:01:38.658725|[g:1][CONSENSUS][SEALER]++++++++++++++++ Generating seal on,blkNum=20,tx=0,nodeIdx=0,hash=fc106e4c...
info|2022-11-10 15:01:38.662911|[g:1][CONSENSUS][PBFT]checkTimeout Succ,view=54145,toView=54146,nodeIdx=0,changeCycle=1,myNode=54e27343...,timecost=0
info|2022-11-10 15:01:38.664848|[g:1][CONSENSUS][PBFT]checkAndChangeView: Reach consensus,org_view=54145,cur_changeCycle=1,curView=54145,view=54146
info|2022-11-10 15:01:39.666567|[g:1][CONSENSUS]addRawPrepare,height=20,reqIdx=1,hash=46d005c7...,time=0
info|2022-11-10 15:01:39.667654|[g:1][CONSENSUS][PBFT]checkTimeout Succ,view=54146,toView=54147,nodeIdx=0,changeCycle=1,myNode=54e27343...,timecost=1
info|2022-11-10 15:01:39.669869|[g:1][CONSENSUS][PBFT]checkAndChangeView: Reach consensus,org_view=54146,cur_changeCycle=1,curView=54146,view=54147
info|2022-11-10 15:01:40.674621|[g:1][CONSENSUS]addRawPrepare,height=20,reqIdx=2,hash=0c00febd...,time=0
info|2022-11-10 15:01:40.675660|[g:1][CONSENSUS][PBFT]checkTimeout Succ,view=54147,toView=54148,nodeIdx=0,changeCycle=1,myNode=54e27343...,timecost=1
info|2022-11-10 15:01:40.678070|[g:1][CONSENSUS][PBFT]checkAndChangeView: Reach consensus,org_view=54147,cur_changeCycle=1,curView=54147,view=54148
info|2022-11-10 15:01:41.681823|[g:1][CONSENSUS]addRawPrepare,height=20,reqIdx=3,hash=e0beb00f...,time=0
info|2022-11-10 15:01:41.682689|[g:1][CONSENSUS][PBFT]checkTimeout Succ,view=54148,toView=54149,nodeIdx=0,changeCycle=1,myNode=54e27343...,timecost=1
info|2022-11-10 15:01:41.684318|[g:1][CONSENSUS][PBFT]checkAndChangeView: Reach consensus,org_view=54148,cur_changeCycle=1,curView=54148,view=54149
info|2022-11-10 15:01:42.684069|[g:1][CONSENSUS][SEALER]++++++++++++++++ Generating seal on,blkNum=20,tx=0,nodeIdx=0,hash=5563a5a4...
info|2022-11-10 15:01:42.684601|[g:1][CONSENSUS][PBFT]checkTimeout Succ,view=54149,toView=54150,nodeIdx=0,changeCycle=1,myNode=54e27343...,timecost=0
info|2022-11-10 15:01:42.686970|[g:1][CONSENSUS][PBFT]checkAndChangeView: Reach consensus,org_view=54149,cur_changeCycle=1,curView=54149,view=54150
info|2022-11-10 15:01:43.690202|[g:1][CONSENSUS]addRawPrepare,height=20,reqIdx=1,hash=0bbebc01...,time=0
info|2022-11-10 15:01:43.690927|[g:1][CONSENSUS][PBFT]checkTimeout Succ,view=54150,toView=54151,nodeIdx=0,changeCycle=1,myNode=54e27343...,timecost=0
info|2022-11-10 15:01:43.692516|[g:1][CONSENSUS][PBFT]checkAndChangeView: Reach consensus,org_view=54150,cur_changeCycle=1,curView=54150,view=54151
info|2022-11-10 15:01:44.694647|[g:1][CONSENSUS]addRawPrepare,height=20,reqIdx=2,hash=5b73e808...,time=0
info|2022-11-10 15:01:44.694944|[g:1][CONSENSUS][PBFT]checkTimeout Succ,view=54151,toView=54152,nodeIdx=0,changeCycle=1,myNode=54e27343...,timecost=0
info|2022-11-10 15:01:44.695670|[g:1][CONSENSUS][PBFT]checkAndChangeView: Reach consensus,org_view=54151,cur_changeCycle=1,curView=54151,view=54152
info|2022-11-10 15:01:44.725438|[P2P][Service] heartBeat,connected count=3
info|2022-11-10 15:01:45.700254|[g:1][CONSENSUS]addRawPrepare,height=20,reqIdx=3,hash=8931da62...,time=0
info|2022-11-10 15:01:45.701373|[g:1][CONSENSUS][PBFT]checkTimeout Succ,view=54152,toView=54153,nodeIdx=0,changeCycle=1,myNode=54e27343...,timecost=1
info|2022-11-10 15:01:45.704379|[g:1][CONSENSUS][PBFT]checkAndChangeView: Reach consensus,org_view=54152,cur_changeCycle=1,curView=54152,view=54153
info|2022-11-10 15:01:46.705389|[g:1][CONSENSUS][SEALER]++++++++++++++++ Generating seal on,blkNum=20,tx=0,nodeIdx=0,hash=58011d0d...
info|2022-11-10 15:01:46.706641|[g:1][CONSENSUS][PBFT]checkTimeout Succ,view=54153,toView=54154,nodeIdx=0,changeCycle=1,myNode=54e27343...,timecost=0
info|2022-11-10 15:01:46.710410|[g:1][CONSENSUS][PBFT]checkAndChangeView: Reach consensus,org_view=54153,cur_changeCycle=1,curView=54153,view=54154
info|2022-11-10 15:01:47.711728|[g:1][CONSENSUS]addRawPrepare,height=20,reqIdx=1,hash=d6d76f5a...,time=0
info|2022-11-10 15:01:47.712551|[g:1][CONSENSUS][PBFT]checkTimeout Succ,view=54154,toView=54155,nodeIdx=0,changeCycle=1,myNode=54e27343...,timecost=1
info|2022-11-10 15:01:47.715349|[g:1][CONSENSUS][PBFT]checkAndChangeView: Reach consensus,org_view=54154,cur_changeCycle=1,curView=54154,view=54155
info|2022-11-10 15:01:48.718533|[g:1][CONSENSUS]addRawPrepare,height=20,reqIdx=2,hash=378a978c...,time=0
info|2022-11-10 15:01:48.719181|[g:1][CONSENSUS][PBFT]checkTimeout Succ,view=54155,toView=54156,nodeIdx=0,changeCycle=1,myNode=54e27343...,timecost=1
info|2022-11-10 15:01:48.721654|[g:1][CONSENSUS][PBFT]checkAndChangeView: Reach consensus,org_view=54155,cur_changeCycle=1,curView=54155,view=54156
info|2022-11-10 15:01:49.724682|[g:1][CONSENSUS]addRawPrepare,height=20,reqIdx=3,hash=24886a5c...,time=0
info|2022-11-10 15:01:49.725349|[g:1][CONSENSUS][PBFT]checkTimeout Succ,view=54156,toView=54157,nodeIdx=0,changeCycle=1,myNode=54e27343...,timecost=1
info|2022-11-10 15:01:49.726862|[g:1][CONSENSUS][PBFT]checkAndChangeView: Reach consensus,org_view=54156,cur_changeCycle=1,curView=54156,view=54157
info|2022-11-10 15:01:50.727990|[g:1][CONSENSUS][SEALER]++++++++++++++++ Generating seal on,blkNum=20,tx=0,nodeIdx=0,hash=5b0b9889...
info|2022-11-10 15:01:50.734104|[g:1][CONSENSUS][PBFT]checkTimeout Succ,view=54157,toView=54158,nodeIdx=0,changeCycle=1,myNode=54e27343...,timecost=1
info|2022-11-10 15:01:50.735047|[g:1][CONSENSUS][PBFT]checkAndChangeView: Reach consensus,org_view=54157,cur_changeCycle=1,curView=54157,view=54158
info|2022-11-10 15:01:51.737054|[g:1][CONSENSUS]addRawPrepare,height=20,reqIdx=1,hash=24aed9be...,time=0
info|2022-11-10 15:01:51.737717|[g:1][CONSENSUS][PBFT]checkTimeout Succ,view=54158,toView=54159,nodeIdx=0,changeCycle=1,myNode=54e27343...,timecost=0
info|2022-11-10 15:01:51.739823|[g:1][CONSENSUS][PBFT]checkAndChangeView: Reach consensus,org_view=54158,cur_changeCycle=1,curView=54158,view=54159
info|2022-11-10 15:01:52.741219|[g:1][CONSENSUS]addRawPrepare,height=20,reqIdx=2,hash=7eb1f3d6...,time=0
info|2022-11-10 15:01:52.741626|[g:1][CONSENSUS][PBFT]checkTimeout Succ,view=54159,toView=54160,nodeIdx=0,changeCycle=1,myNode=54e27343...,timecost=0
info|2022-11-10 15:01:52.743213|[g:1][CONSENSUS][PBFT]checkAndChangeView: Reach consensus,org_view=54159,cur_changeCycle=1,curView=54159,view=54160
info|2022-11-10 15:01:53.747565|[g:1][CONSENSUS]addRawPrepare,height=20,reqIdx=3,hash=4b7ee3fb...,time=0
info|2022-11-10 15:01:53.748726|[g:1][CONSENSUS][PBFT]checkTimeout Succ,view=54160,toView=54161,nodeIdx=0,changeCycle=1,myNode=54e27343...,timecost=1
info|2022-11-10 15:01:53.751052|[g:1][CONSENSUS][PBFT]checkAndChangeView: Reach consensus,org_view=54160,cur_changeCycle=1,curView=54160,view=54161
info|2022-11-10 15:01:54.726652|[P2P][Service] heartBeat,connected count=3
info|2022-11-10 15:01:54.752167|[g:1][CONSENSUS][SEALER]++++++++++++++++ Generating seal on,blkNum=20,tx=0,nodeIdx=0,hash=f2fb1663...
info|2022-11-10 15:01:54.757235|[g:1][CONSENSUS][PBFT]checkTimeout Succ,view=54161,toView=54162,nodeIdx=0,changeCycle=1,myNode=54e27343...,timecost=1
info|2022-11-10 15:01:54.758738|[g:1][CONSENSUS][PBFT]checkAndChangeView: Reach consensus,org_view=54161,cur_changeCycle=1,curView=54161,view=54162
info|2022-11-10 15:01:55.762735|[g:1][CONSENSUS]addRawPrepare,height=20,reqIdx=1,hash=032385c6...,time=0
info|2022-11-10 15:01:55.763809|[g:1][CONSENSUS][PBFT]checkTimeout Succ,view=54162,toView=54163,nodeIdx=0,changeCycle=1,myNode=54e27343...,timecost=1
info|2022-11-10 15:01:55.765643|[g:1][CONSENSUS][PBFT]checkAndChangeView: Reach consensus,org_view=54162,cur_changeCycle=1,curView=54162,view=54163
info|2022-11-10 15:01:56.771262|[g:1][CONSENSUS]addRawPrepare,height=20,reqIdx=2,hash=850cb353...,time=0
info|2022-11-10 15:01:56.771656|[g:1][CONSENSUS][PBFT]checkTimeout Succ,view=54163,toView=54164,nodeIdx=0,changeCycle=1,myNode=54e27343...,timecost=0
info|2022-11-10 15:01:56.772495|[g:1][CONSENSUS][PBFT]checkAndChangeView: Reach consensus,org_view=54163,cur_changeCycle=1,curView=54163,view=54164
info|2022-11-10 15:01:57.774078|[g:1][CONSENSUS]addRawPrepare,height=20,reqIdx=3,hash=21bbb7e6...,time=0
info|2022-11-10 15:01:57.774387|[g:1][CONSENSUS][PBFT]checkTimeout Succ,view=54164,toView=54165,nodeIdx=0,changeCycle=1,myNode=54e27343...,timecost=0
info|2022-11-10 15:01:57.775047|[g:1][CONSENSUS][PBFT]checkAndChangeView: Reach consensus,org_view=54164,cur_changeCycle=1,curView=54164,view=54165
info|2022-11-10 15:01:58.776284|[g:1][CONSENSUS][SEALER]++++++++++++++++ Generating seal on,blkNum=20,tx=0,nodeIdx=0,hash=703a492e...
info|2022-11-10 15:01:58.777526|[g:1][CONSENSUS][PBFT]checkTimeout Succ,view=54165,toView=54166,nodeIdx=0,changeCycle=1,myNode=54e27343...,timecost=0
info|2022-11-10 15:01:58.781024|[g:1][CONSENSUS][PBFT]checkAndChangeView: Reach consensus,org_view=54165,cur_changeCycle=1,curView=54165,view=54166
info|2022-11-10 15:01:59.784788|[g:1][CONSENSUS]addRawPrepare,height=20,reqIdx=1,hash=5c0a4f98...,time=0
info|2022-11-10 15:01:59.785450|[g:1][CONSENSUS][PBFT]checkTimeout Succ,view=54166,toView=54167,nodeIdx=0,changeCycle=1,myNode=54e27343...,timecost=1
info|2022-11-10 15:01:59.787236|[g:1][CONSENSUS][PBFT]checkAndChangeView: Reach consensus,org_view=54166,cur_changeCycle=1,curView=54166,view=54167
info|2022-11-10 15:02:00.791191|[g:1][CONSENSUS]addRawPrepare,height=20,reqIdx=2,hash=a9dd9b61...,time=0
info|2022-11-10 15:02:00.792255|[g:1][CONSENSUS][PBFT]checkTimeout Succ,view=54167,toView=54168,nodeIdx=0,changeCycle=1,myNode=54e27343...,timecost=1
info|2022-11-10 15:02:00.795138|[g:1][CONSENSUS][PBFT]checkAndChangeView: Reach consensus,org_view=54167,cur_changeCycle=1,curView=54167,view=54168
info|2022-11-10 15:02:01.798120|[g:1][CONSENSUS]addRawPrepare,height=20,reqIdx=3,hash=f73678e8...,time=0
info|2022-11-10 15:02:01.798747|[g:1][CONSENSUS][PBFT]checkTimeout Succ,view=54168,toView=54169,nodeIdx=0,changeCycle=1,myNode=54e27343...,timecost=0
info|2022-11-10 15:02:01.800761|[g:1][CONSENSUS][PBFT]checkAndChangeView: Reach consensus,org_view=54168,cur_changeCycle=1,curView=54168,view=54169
info|2022-11-10 15:02:02.801641|[g:1][CONSENSUS][SEALER]++++++++++++++++ Generating seal on,blkNum=20,tx=0,nodeIdx=0,hash=810a3502...
info|2022-11-10 15:02:02.803562|[g:1][CONSENSUS][PBFT]checkTimeout Succ,view=54169,toView=54170,nodeIdx=0,changeCycle=1,myNode=54e27343...,timecost=1
info|2022-11-10 15:02:02.808185|[g:1][CONSENSUS][PBFT]checkAndChangeView: Reach consensus,org_view=54169,cur_changeCycle=1,curView=54169,view=54170
info|2022-11-10 15:02:03.811050|[g:1][CONSENSUS]addRawPrepare,height=20,reqIdx=1,hash=b2f21fc6...,time=0
info|2022-11-10 15:02:03.811807|[g:1][CONSENSUS][PBFT]checkTimeout Succ,view=54170,toView=54171,nodeIdx=0,changeCycle=1,myNode=54e27343...,timecost=0
info|2022-11-10 15:02:03.813291|[g:1][CONSENSUS][PBFT]checkAndChangeView: Reach consensus,org_view=54170,cur_changeCycle=1,curView=54170,view=54171
info|2022-11-10 15:02:04.728928|[P2P][Service] heartBeat,connected count=3
info|2022-11-10 15:02:04.817083|[g:1][CONSENSUS]addRawPrepare,height=20,reqIdx=2,hash=85b3e679...,time=0
info|2022-11-10 15:02:04.818276|[g:1][CONSENSUS][PBFT]checkTimeout Succ,view=54171,toView=54172,nodeIdx=0,changeCycle=1,myNode=54e27343...,timecost=1
info|2022-11-10 15:02:04.819879|[g:1][CONSENSUS][PBFT]checkAndChangeView: Reach consensus,org_view=54171,cur_changeCycle=1,curView=54171,view=54172
info|2022-11-10 15:02:05.823205|[g:1][CONSENSUS]addRawPrepare,height=20,reqIdx=3,hash=8bc6bdc1...,time=0
info|2022-11-10 15:02:05.823877|[g:1][CONSENSUS][PBFT]checkTimeout Succ,view=54172,toView=54173,nodeIdx=0,changeCycle=1,myNode=54e27343...,timecost=0
info|2022-11-10 15:02:05.825913|[g:1][CONSENSUS][PBFT]checkAndChangeView: Reach consensus,org_view=54172,cur_changeCycle=1,curView=54172,view=54173
info|2022-11-10 15:02:06.825637|[g:1][CONSENSUS][SEALER]++++++++++++++++ Generating seal on,blkNum=20,tx=0,nodeIdx=0,hash=0bf580b2...
info|2022-11-10 15:02:06.826764|[g:1][CONSENSUS][PBFT]checkTimeout Succ,view=54173,toView=54174,nodeIdx=0,changeCycle=1,myNode=54e27343...,timecost=0
info|2022-11-10 15:02:06.830694|[g:1][CONSENSUS][PBFT]checkAndChangeView: Reach consensus,org_view=54173,cur_changeCycle=1,curView=54173,view=54174
info|2022-11-10 15:02:07.832474|[g:1][CONSENSUS]addRawPrepare,height=20,reqIdx=1,hash=bdc6ce88...,time=0
info|2022-11-10 15:02:07.833337|[g:1][CONSENSUS][PBFT]checkTimeout Succ,view=54174,toView=54175,nodeIdx=0,changeCycle=1,myNode=54e27343...,timecost=1
info|2022-11-10 15:02:07.835594|[g:1][CONSENSUS][PBFT]checkAndChangeView: Reach consensus,org_view=54174,cur_changeCycle=1,curView=54174,view=54175
info|2022-11-10 15:02:08.839668|[g:1][CONSENSUS]addRawPrepare,height=20,reqIdx=2,hash=ad28b382...,time=0
info|2022-11-10 15:02:08.840664|[g:1][CONSENSUS][PBFT]checkTimeout Succ,view=54175,toView=54176,nodeIdx=0,changeCycle=1,myNode=54e27343...,timecost=1
info|2022-11-10 15:02:08.843072|[g:1][CONSENSUS][PBFT]checkAndChangeView: Reach consensus,org_view=54175,cur_changeCycle=1,curView=54175,view=54176
info|2022-11-10 15:02:09.845700|[g:1][CONSENSUS]addRawPrepare,height=20,reqIdx=3,hash=f96c5786...,time=0
info|2022-11-10 15:02:09.846420|[g:1][CONSENSUS][PBFT]checkTimeout Succ,view=54176,toView=54177,nodeIdx=0,changeCycle=1,myNode=54e27343...,timecost=1
info|2022-11-10 15:02:09.848857|[g:1][CONSENSUS][PBFT]checkAndChangeView: Reach consensus,org_view=54176,cur_changeCycle=1,curView=54176,view=54177
info|2022-11-10 15:02:10.849646|[g:1][CONSENSUS][SEALER]++++++++++++++++ Generating seal on,blkNum=20,tx=0,nodeIdx=0,hash=fa5e381c...
info|2022-11-10 15:02:10.854706|[g:1][CONSENSUS][PBFT]checkTimeout Succ,view=54177,toView=54178,nodeIdx=0,changeCycle=1,myNode=54e27343...,timecost=1
info|2022-11-10 15:02:10.856545|[g:1][CONSENSUS][PBFT]checkAndChangeView: Reach consensus,org_view=54177,cur_changeCycle=1,curView=54177,view=54178
info|2022-11-10 15:02:11.859382|[g:1][CONSENSUS]addRawPrepare,height=20,reqIdx=1,hash=674bd3cb...,time=0
info|2022-11-10 15:02:11.860537|[g:1][CONSENSUS][PBFT]checkTimeout Succ,view=54178,toView=54179,nodeIdx=0,changeCycle=1,myNode=54e27343...,timecost=1
info|2022-11-10 15:02:11.863116|[g:1][CONSENSUS][PBFT]checkAndChangeView: Reach consensus,org_view=54178,cur_changeCycle=1,curView=54178,view=54179
info|2022-11-10 15:02:12.866451|[g:1][CONSENSUS]addRawPrepare,height=20,reqIdx=2,hash=d613c6ec...,time=0
info|2022-11-10 15:02:12.867577|[g:1][CONSENSUS][PBFT]checkTimeout Succ,view=54179,toView=54180,nodeIdx=0,changeCycle=1,myNode=54e27343...,timecost=1
info|2022-11-10 15:02:12.869737|[g:1][CONSENSUS][PBFT]checkAndChangeView: Reach consensus,org_view=54179,cur_changeCycle=1,curView=54179,view=54180
info|2022-11-10 15:03:00.483449|[P2P][Service] heartBeat,connected count=3
warning|2022-11-10 15:03:00.487168|[g:1][CONSENSUS][PBFT]ViewChangeWarning: not caused by omit empty block ,v=54180,toV=54181,curNum=19,hash=bcafa72f...,nodeIdx=0,myNode=54e27343...
info|2022-11-10 15:03:00.487475|[g:1][CONSENSUS][PBFT]checkTimeout Succ,view=54180,toView=54181,nodeIdx=0,changeCycle=2,myNode=54e27343...,timecost=1
info|2022-11-10 15:03:00.496215|[g:1][CONSENSUS][PBFT]checkAndChangeView: Reach consensus,org_view=54180,cur_changeCycle=2,curView=54180,view=54181
info|2022-11-10 15:03:01.495837|[g:1][CONSENSUS][SEALER]++++++++++++++++ Generating seal on,blkNum=20,tx=0,nodeIdx=0,hash=c56d7d2b...
info|2022-11-10 15:03:01.498420|[g:1][CONSENSUS][PBFT]checkTimeout Succ,view=54181,toView=54182,nodeIdx=0,changeCycle=1,myNode=54e27343...,timecost=0
info|2022-11-10 15:03:01.498754|[g:1][CONSENSUS][PBFT]checkAndChangeView: Reach consensus,org_view=54181,cur_changeCycle=1,curView=54181,view=54182
info|2022-11-10 15:03:02.501420|[g:1][CONSENSUS]addRawPrepare,height=20,reqIdx=1,hash=dabde8a0...,time=0
info|2022-11-10 15:03:02.502087|[g:1][CONSENSUS][PBFT]checkTimeout Succ,view=54182,toView=54183,nodeIdx=0,changeCycle=1,myNode=54e27343...,timecost=1
info|2022-11-10 15:03:02.503352|[g:1][CONSENSUS][PBFT]checkAndChangeView: Reach consensus,org_view=54182,cur_changeCycle=1,curView=54182,view=54183
info|2022-11-10 15:03:03.505457|[g:1][CONSENSUS]addRawPrepare,height=20,reqIdx=2,hash=f07f4dfe...,time=0
info|2022-11-10 15:03:03.505906|[g:1][CONSENSUS][PBFT]checkTimeout Succ,view=54183,toView=54184,nodeIdx=0,changeCycle=1,myNode=54e27343...,timecost=0
info|2022-11-10 15:03:03.507472|[g:1][CONSENSUS][PBFT]checkAndChangeView: Reach consensus,org_view=54183,cur_changeCycle=1,curView=54183,view=54184
info|2022-11-10 15:03:04.509339|[g:1][CONSENSUS]addRawPrepare,height=20,reqIdx=3,hash=4d607dfe...,time=0
info|2022-11-10 15:03:04.509871|[g:1][CONSENSUS][PBFT]checkTimeout Succ,view=54184,toView=54185,nodeIdx=0,changeCycle=1,myNode=54e27343...,timecost=0
info|2022-11-10 15:03:04.511476|[g:1][CONSENSUS][PBFT]checkAndChangeView: Reach consensus,org_view=54184,cur_changeCycle=1,curView=54184,view=54185
info|2022-11-10 15:03:05.511332|[g:1][CONSENSUS][SEALER]++++++++++++++++ Generating seal on,blkNum=20,tx=0,nodeIdx=0,hash=27a0331e...
info|2022-11-10 15:03:05.516895|[g:1][CONSENSUS][PBFT]checkTimeout Succ,view=54185,toView=54186,nodeIdx=0,changeCycle=1,myNode=54e27343...,timecost=0
info|2022-11-10 15:03:05.517969|[g:1][CONSENSUS][PBFT]checkAndChangeView: Reach consensus,org_view=54185,cur_changeCycle=1,curView=54185,view=54186
info|2022-11-10 15:03:06.520385|[g:1][CONSENSUS]addRawPrepare,height=20,reqIdx=1,hash=92bf57c8...,time=0
info|2022-11-10 15:03:06.521214|[g:1][CONSENSUS][PBFT]checkTimeout Succ,view=54186,toView=54187,nodeIdx=0,changeCycle=1,myNode=54e27343...,timecost=1
info|2022-11-10 15:03:06.523415|[g:1][CONSENSUS][PBFT]checkAndChangeView: Reach consensus,org_view=54186,cur_changeCycle=1,curView=54186,view=54187
info|2022-11-10 15:03:07.527421|[g:1][CONSENSUS]addRawPrepare,height=20,reqIdx=2,hash=4a55a42b...,time=0
info|2022-11-10 15:03:07.528463|[g:1][CONSENSUS][PBFT]checkTimeout Succ,view=54187,toView=54188,nodeIdx=0,changeCycle=1,myNode=54e27343...,timecost=1
info|2022-11-10 15:03:07.530023|[g:1][CONSENSUS][PBFT]checkAndChangeView: Reach consensus,org_view=54187,cur_changeCycle=1,curView=54187,view=54188
info|2022-11-10 15:03:08.531264|[g:1][CONSENSUS]addRawPrepare,height=20,reqIdx=3,hash=f7e80639...,time=0
info|2022-11-10 15:03:08.531586|[g:1][CONSENSUS][PBFT]checkTimeout Succ,view=54188,toView=54189,nodeIdx=0,changeCycle=1,myNode=54e27343...,timecost=0
info|2022-11-10 15:03:08.532258|[g:1][CONSENSUS][PBFT]checkAndChangeView: Reach consensus,org_view=54188,cur_changeCycle=1,curView=54188,view=54189
info|2022-11-10 15:03:09.533253|[g:1][CONSENSUS][SEALER]++++++++++++++++ Generating seal on,blkNum=20,tx=0,nodeIdx=0,hash=8b94a705...
info|2022-11-10 15:03:09.535437|[g:1][CONSENSUS][PBFT]checkTimeout Succ,view=54189,toView=54190,nodeIdx=0,changeCycle=1,myNode=54e27343...,timecost=1
info|2022-11-10 15:03:09.540177|[g:1][CONSENSUS][PBFT]checkAndChangeView: Reach consensus,org_view=54189,cur_changeCycle=1,curView=54189,view=54190
info|2022-11-10 15:03:10.484105|[P2P][Service] heartBeat,connected count=3
info|2022-11-10 15:03:10.542134|[g:1][CONSENSUS]addRawPrepare,height=20,reqIdx=1,hash=737993f1...,time=0
info|2022-11-10 15:03:10.542813|[g:1][CONSENSUS][PBFT]checkTimeout Succ,view=54190,toView=54191,nodeIdx=0,changeCycle=1,myNode=54e27343...,timecost=0
info|2022-11-10 15:03:10.545309|[g:1][CONSENSUS][PBFT]checkAndChangeView: Reach consensus,org_view=54190,cur_changeCycle=1,curView=54190,view=54191
info|2022-11-10 15:03:11.561677|[g:1][CONSENSUS]addRawPrepare,height=20,reqIdx=2,hash=566b26d5...,time=0
info|2022-11-10 15:03:11.568946|[g:1][CONSENSUS][PBFT]checkTimeout Succ,view=54191,toView=54192,nodeIdx=0,changeCycle=1,myNode=54e27343...,timecost=7
info|2022-11-10 15:03:11.593053|[g:1][CONSENSUS][PBFT]checkAndChangeView: Reach consensus,org_view=54191,cur_changeCycle=1,curView=54191,view=54192
info|2022-11-10 15:03:12.606549|[g:1][CONSENSUS]addRawPrepare,height=20,reqIdx=3,hash=2aa057d9...,time=0
info|2022-11-10 15:03:12.616449|[g:1][CONSENSUS][PBFT]checkTimeout Succ,view=54192,toView=54193,nodeIdx=0,changeCycle=1,myNode=54e27343...,timecost=9
info|2022-11-10 15:03:12.637574|[g:1][CONSENSUS][PBFT]checkAndChangeView: Reach consensus,org_view=54192,cur_changeCycle=1,curView=54192,view=54193
info|2022-11-10 15:03:13.642190|[g:1][CONSENSUS][SEALER]++++++++++++++++ Generating seal on,blkNum=20,tx=0,nodeIdx=0,hash=a289f6a8...
info|2022-11-10 15:03:13.662781|[g:1][CONSENSUS][PBFT]checkTimeout Succ,view=54193,toView=54194,nodeIdx=0,changeCycle=1,myNode=54e27343...,timecost=4
info|2022-11-10 15:03:13.683536|[g:1][CONSENSUS][PBFT]checkAndChangeView: Reach consensus,org_view=54193,cur_changeCycle=1,curView=54193,view=54194
info|2022-11-10 15:03:14.695093|[g:1][CONSENSUS]addRawPrepare,height=20,reqIdx=1,hash=94811bf3...,time=0
info|2022-11-10 15:03:14.700183|[g:1][CONSENSUS][PBFT]checkTimeout Succ,view=54194,toView=54195,nodeIdx=0,changeCycle=1,myNode=54e27343...,timecost=5
info|2022-11-10 15:03:14.727445|[g:1][CONSENSUS][PBFT]checkAndChangeView: Reach consensus,org_view=54194,cur_changeCycle=1,curView=54194,view=54195
info|2022-11-10 15:03:15.752261|[g:1][CONSENSUS]addRawPrepare,height=20,reqIdx=2,hash=c4ed80d2...,time=0
info|2022-11-10 15:03:15.762644|[g:1][CONSENSUS][PBFT]checkTimeout Succ,view=54195,toView=54196,nodeIdx=0,changeCycle=1,myNode=54e27343...,timecost=9
info|2022-11-10 15:03:15.798631|[g:1][CONSENSUS][PBFT]checkAndChangeView: Reach consensus,org_view=54195,cur_changeCycle=1,curView=54195,view=54196
info|2022-11-10 15:03:16.807272|[g:1][CONSENSUS]addRawPrepare,height=20,reqIdx=3,hash=bc98993c...,time=0
info|2022-11-10 15:03:16.812093|[g:1][CONSENSUS][PBFT]checkTimeout Succ,view=54196,toView=54197,nodeIdx=0,changeCycle=1,myNode=54e27343...,timecost=5
info|2022-11-10 15:03:16.830766|[g:1][CONSENSUS][PBFT]checkAndChangeView: Reach consensus,org_view=54196,cur_changeCycle=1,curView=54196,view=54197
