warning|2023-04-13 16:00:06.413989|[g:1][CONSENSUS][PBFT]ViewChangeWarning: not caused by omit empty block ,v=55723,toV=55726,curNum=211,hash=275e4452...,nodeIdx=0,myNode=54e27343...
info|2023-04-13 16:00:06.422451|[g:1][CONSENSUS][PBFT]checkTimeout Succ,view=55723,toView=55726,nodeIdx=0,changeCycle=4,myNode=54e27343...,timecost=12
info|2023-04-13 16:00:06.429552|[g:1][CONSENSUS][PBFT]checkAndChangeView: Reach consensus,org_view=55723,cur_changeCycle=4,curView=55723,view=55726
info|2023-04-13 16:00:07.448754|[g:1][CONSENSUS]addRawPrepare,height=212,reqIdx=1,hash=52f747e0...,time=0
info|2023-04-13 16:00:07.455773|[g:1][CONSENSUS][PBFT]checkTimeout Succ,view=55726,toView=55727,nodeIdx=0,changeCycle=1,myNode=54e27343...,timecost=6
info|2023-04-13 16:00:07.483047|[g:1][CONSENSUS][PBFT]checkAndChangeView: Reach consensus,org_view=55726,cur_changeCycle=1,curView=55726,view=55727
info|2023-04-13 16:00:08.496557|[g:1][CONSENSUS]addRawPrepare,height=212,reqIdx=2,hash=e7039a81...,time=0
info|2023-04-13 16:00:08.503116|[g:1][CONSENSUS][PBFT]checkTimeout Succ,view=55727,toView=55728,nodeIdx=0,changeCycle=1,myNode=54e27343...,timecost=6
info|2023-04-13 16:00:08.515320|[g:1][CONSENSUS][PBFT]checkAndChangeView: Reach consensus,org_view=55727,cur_changeCycle=1,curView=55727,view=55728
info|2023-04-13 16:00:09.536467|[P2P][Service] heartBeat,connected count=3
info|2023-04-13 16:00:09.544900|[g:1][CONSENSUS]addRawPrepare,height=212,reqIdx=3,hash=a3f91552...,time=1
info|2023-04-13 16:00:09.551395|[g:1][CONSENSUS][PBFT]checkTimeout Succ,view=55728,toView=55729,nodeIdx=0,changeCycle=1,myNode=54e27343...,timecost=6
info|2023-04-13 16:00:09.573645|[g:1][CONSENSUS][PBFT]checkAndChangeView: Reach consensus,org_view=55728,cur_changeCycle=1,curView=55728,view=55729
info|2023-04-13 16:00:10.576809|[g:1][CONSENSUS][SEALER]++++++++++++++++ Generating seal on,blkNum=212,tx=0,nodeIdx=0,hash=98bd23d3...
info|2023-04-13 16:00:10.592399|[g:1][CONSENSUS][PBFT]checkTimeout Succ,view=55729,toView=55730,nodeIdx=0,changeCycle=1,myNode=54e27343...,timecost=8
info|2023-04-13 16:00:10.629387|[g:1][CONSENSUS][PBFT]checkAndChangeView: Reach consensus,org_view=55729,cur_changeCycle=1,curView=55729,view=55730
info|2023-04-13 16:00:11.676275|[g:1][CONSENSUS]addRawPrepare,height=212,reqIdx=1,hash=8e93c83e...,time=0
info|2023-04-13 16:00:11.683713|[g:1][CONSENSUS][PBFT]checkTimeout Succ,view=55730,toView=55731,nodeIdx=0,changeCycle=1,myNode=54e27343...,timecost=7
info|2023-04-13 16:00:11.715164|[g:1][CONSENSUS][PBFT]checkAndChangeView: Reach consensus,org_view=55730,cur_changeCycle=1,curView=55730,view=55731
info|2023-04-13 16:00:12.720509|[g:1][CONSENSUS]addRawPrepare,height=212,reqIdx=2,hash=341b0771...,time=1
info|2023-04-13 16:00:12.729469|[g:1][CONSENSUS][PBFT]checkTimeout Succ,view=55731,toView=55732,nodeIdx=0,changeCycle=1,myNode=54e27343...,timecost=8
info|2023-04-13 16:00:12.748443|[g:1][CONSENSUS][PBFT]checkAndChangeView: Reach consensus,org_view=55731,cur_changeCycle=1,curView=55731,view=55732
info|2023-04-13 16:00:13.775338|[g:1][CONSENSUS]addRawPrepare,height=212,reqIdx=3,hash=979c8982...,time=1
info|2023-04-13 16:00:13.783999|[g:1][CONSENSUS][PBFT]checkTimeout Succ,view=55732,toView=55733,nodeIdx=0,changeCycle=1,myNode=54e27343...,timecost=7
info|2023-04-13 16:00:13.801959|[g:1][CONSENSUS][PBFT]checkAndChangeView: Reach consensus,org_view=55732,cur_changeCycle=1,curView=55732,view=55733
info|2023-04-13 16:00:14.805966|[g:1][CONSENSUS][SEALER]++++++++++++++++ Generating seal on,blkNum=212,tx=0,nodeIdx=0,hash=ae8c14a8...
info|2023-04-13 16:00:14.817739|[g:1][CONSENSUS][PBFT]checkTimeout Succ,view=55733,toView=55734,nodeIdx=0,changeCycle=1,myNode=54e27343...,timecost=4
info|2023-04-13 16:00:14.848036|[g:1][CONSENSUS][PBFT]checkAndChangeView: Reach consensus,org_view=55733,cur_changeCycle=1,curView=55733,view=55734
info|2023-04-13 16:00:15.863907|[g:1][CONSENSUS]addRawPrepare,height=212,reqIdx=1,hash=c7173b53...,time=1
info|2023-04-13 16:00:15.872469|[g:1][CONSENSUS][PBFT]checkTimeout Succ,view=55734,toView=55735,nodeIdx=0,changeCycle=1,myNode=54e27343...,timecost=8
info|2023-04-13 16:00:15.897699|[g:1][CONSENSUS][PBFT]checkAndChangeView: Reach consensus,org_view=55734,cur_changeCycle=1,curView=55734,view=55735
info|2023-04-13 16:00:16.909996|[g:1][CONSENSUS]addRawPrepare,height=212,reqIdx=2,hash=dc59af33...,time=1
info|2023-04-13 16:00:16.917814|[g:1][CONSENSUS][PBFT]checkTimeout Succ,view=55735,toView=55736,nodeIdx=0,changeCycle=1,myNode=54e27343...,timecost=6
info|2023-04-13 16:00:16.940260|[g:1][CONSENSUS][PBFT]checkAndChangeView: Reach consensus,org_view=55735,cur_changeCycle=1,curView=55735,view=55736
info|2023-04-13 16:00:17.971118|[g:1][CONSENSUS]addRawPrepare,height=212,reqIdx=3,hash=bdec5336...,time=0
info|2023-04-13 16:00:17.979237|[g:1][CONSENSUS][PBFT]checkTimeout Succ,view=55736,toView=55737,nodeIdx=0,changeCycle=1,myNode=54e27343...,timecost=7
info|2023-04-13 16:00:17.996202|[g:1][CONSENSUS][PBFT]checkAndChangeView: Reach consensus,org_view=55736,cur_changeCycle=1,curView=55736,view=55737
info|2023-04-13 16:00:18.998400|[g:1][CONSENSUS][SEALER]++++++++++++++++ Generating seal on,blkNum=212,tx=0,nodeIdx=0,hash=423b1758...
info|2023-04-13 16:00:19.029111|[g:1][CONSENSUS][PBFT]checkTimeout Succ,view=55737,toView=55738,nodeIdx=0,changeCycle=1,myNode=54e27343...,timecost=11
info|2023-04-13 16:00:19.052886|[g:1][CONSENSUS][PBFT]checkAndChangeView: Reach consensus,org_view=55737,cur_changeCycle=1,curView=55737,view=55738
info|2023-04-13 16:00:19.538834|[P2P][Service] heartBeat,connected count=3
info|2023-04-13 16:00:20.061165|[g:1][CONSENSUS]addRawPrepare,height=212,reqIdx=1,hash=aa302fbd...,time=0
info|2023-04-13 16:00:20.069008|[g:1][CONSENSUS][PBFT]checkTimeout Succ,view=55738,toView=55739,nodeIdx=0,changeCycle=1,myNode=54e27343...,timecost=8
info|2023-04-13 16:00:20.107715|[g:1][CONSENSUS][PBFT]checkAndChangeView: Reach consensus,org_view=55738,cur_changeCycle=1,curView=55738,view=55739
info|2023-04-13 16:00:21.484152|[g:1][CONSENSUS]addRawPrepare,height=212,reqIdx=2,hash=3ed74f1f...,time=0
info|2023-04-13 16:00:21.491082|[g:1][CONSENSUS][PBFT]checkTimeout Succ,view=55739,toView=55740,nodeIdx=0,changeCycle=1,myNode=54e27343...,timecost=7
info|2023-04-13 16:00:21.620430|[g:1][CONSENSUS][PBFT]checkAndChangeView: Reach consensus,org_view=55739,cur_changeCycle=1,curView=55739,view=55740
info|2023-04-13 16:00:22.649390|[g:1][CONSENSUS]addRawPrepare,height=212,reqIdx=3,hash=36dccfb0...,time=0
info|2023-04-13 16:00:22.663913|[g:1][CONSENSUS][PBFT]checkTimeout Succ,view=55740,toView=55741,nodeIdx=0,changeCycle=1,myNode=54e27343...,timecost=13
info|2023-04-13 16:00:22.684866|[g:1][CONSENSUS][PBFT]checkAndChangeView: Reach consensus,org_view=55740,cur_changeCycle=1,curView=55740,view=55741
info|2023-04-13 16:00:23.703634|[g:1][CONSENSUS][SEALER]++++++++++++++++ Generating seal on,blkNum=212,tx=0,nodeIdx=0,hash=c2504e74...
info|2023-04-13 16:00:23.725865|[g:1][CONSENSUS][PBFT]checkTimeout Succ,view=55741,toView=55742,nodeIdx=0,changeCycle=1,myNode=54e27343...,timecost=5
info|2023-04-13 16:00:23.810309|[g:1][CONSENSUS][PBFT]checkAndChangeView: Reach consensus,org_view=55741,cur_changeCycle=1,curView=55741,view=55742
info|2023-04-13 16:00:24.956590|[g:1][CONSENSUS]addRawPrepare,height=212,reqIdx=1,hash=1ea0143a...,time=0
info|2023-04-13 16:00:24.982498|[g:1][CONSENSUS][PBFT]checkTimeout Succ,view=55742,toView=55743,nodeIdx=0,changeCycle=1,myNode=54e27343...,timecost=24
info|2023-04-13 16:00:25.035239|[g:1][CONSENSUS][PBFT]checkAndChangeView: Reach consensus,org_view=55742,cur_changeCycle=1,curView=55742,view=55743
info|2023-04-13 16:00:26.054794|[g:1][CONSENSUS]addRawPrepare,height=212,reqIdx=2,hash=dd1c650e...,time=0
info|2023-04-13 16:00:26.061828|[g:1][CONSENSUS][PBFT]checkTimeout Succ,view=55743,toView=55744,nodeIdx=0,changeCycle=1,myNode=54e27343...,timecost=6
info|2023-04-13 16:00:26.079357|[g:1][CONSENSUS][PBFT]checkAndChangeView: Reach consensus,org_view=55743,cur_changeCycle=1,curView=55743,view=55744
info|2023-04-13 16:00:27.103973|[g:1][CONSENSUS]addRawPrepare,height=212,reqIdx=3,hash=cd680fc2...,time=1
info|2023-04-13 16:00:27.113873|[g:1][CONSENSUS][PBFT]checkTimeout Succ,view=55744,toView=55745,nodeIdx=0,changeCycle=1,myNode=54e27343...,timecost=9
info|2023-04-13 16:00:27.150823|[g:1][CONSENSUS][PBFT]checkAndChangeView: Reach consensus,org_view=55744,cur_changeCycle=1,curView=55744,view=55745
info|2023-04-13 16:00:28.154598|[g:1][CONSENSUS][SEALER]++++++++++++++++ Generating seal on,blkNum=212,tx=0,nodeIdx=0,hash=7a50b11d...
info|2023-04-13 16:00:28.164759|[g:1][CONSENSUS][PBFT]checkTimeout Succ,view=55745,toView=55746,nodeIdx=0,changeCycle=1,myNode=54e27343...,timecost=5
info|2023-04-13 16:00:28.194174|[g:1][CONSENSUS][PBFT]checkAndChangeView: Reach consensus,org_view=55745,cur_changeCycle=1,curView=55745,view=55746
info|2023-04-13 16:00:29.222325|[g:1][CONSENSUS]addRawPrepare,height=212,reqIdx=1,hash=e45445d2...,time=0
info|2023-04-13 16:00:29.229532|[g:1][CONSENSUS][PBFT]checkTimeout Succ,view=55746,toView=55747,nodeIdx=0,changeCycle=1,myNode=54e27343...,timecost=6
info|2023-04-13 16:00:29.278088|[g:1][CONSENSUS][PBFT]checkAndChangeView: Reach consensus,org_view=55746,cur_changeCycle=1,curView=55746,view=55747
info|2023-04-13 16:00:29.541518|[P2P][Service] heartBeat,connected count=3
info|2023-04-13 16:00:30.280219|[g:1][CONSENSUS]addRawPrepare,height=212,reqIdx=2,hash=5a037513...,time=0
info|2023-04-13 16:00:30.294953|[g:1][CONSENSUS][PBFT]checkTimeout Succ,view=55747,toView=55748,nodeIdx=0,changeCycle=1,myNode=54e27343...,timecost=13
info|2023-04-13 16:00:30.308434|[g:1][CONSENSUS][PBFT]checkAndChangeView: Reach consensus,org_view=55747,cur_changeCycle=1,curView=55747,view=55748
