[DEBUG] [2022-11-12 21:49:09] AbstractApplicationContext.prepareRefresh(629) | Refreshing org.springframework.context.support.ClassPathXmlApplicationContext@7a0ac6e3
[DEBUG] [2022-11-12 21:49:09] XmlBeanDefinitionReader.doLoadBeanDefinitions(393) | Loaded 3 bean definitions from class path resource [applicationContext.xml]
[DEBUG] [2022-11-12 21:49:09] DefaultSingletonBeanRegistry.getSingleton(225) | Creating shared instance of singleton bean 'defaultConfigProperty'
[DEBUG] [2022-11-12 21:49:09] DefaultSingletonBeanRegistry.getSingleton(225) | Creating shared instance of singleton bean 'defaultConfigOption'
[DEBUG] [2022-11-12 21:49:09] CryptoMaterialConfig.<init>(137) | Load cryptoMaterial, caCertPath: conf/ca.crt, sdkCertPath: conf/sdk.crt, sdkPrivateKeyPath:conf/sdk.key, enSSLCertPath: null, enSSLPrivateKeyPath:null
[DEBUG] [2022-11-12 21:49:09] InternalLoggerFactory.useSlf4JLoggerFactory(63) | Using SLF4J as the default logging framework
[DEBUG] [2022-11-12 21:49:09] NetUtil.<clinit>(136) | -Djava.net.preferIPv4Stack: false
[DEBUG] [2022-11-12 21:49:09] NetUtil.<clinit>(137) | -Djava.net.preferIPv6Addresses: false
[DEBUG] [2022-11-12 21:49:09] NetUtilInitializations.determineLoopback(129) | Loopback interface: lo0 (lo0, 0:0:0:0:0:0:0:1%lo0)
[DEBUG] [2022-11-12 21:49:09] PlatformDependent0.explicitNoUnsafeCause0(495) | -Dio.netty.noUnsafe: false
[DEBUG] [2022-11-12 21:49:09] PlatformDependent0.javaVersion0(998) | Java version: 16
[DEBUG] [2022-11-12 21:49:09] PlatformDependent0.<clinit>(136) | sun.misc.Unsafe.theUnsafe: available
[DEBUG] [2022-11-12 21:49:09] PlatformDependent0.<clinit>(160) | sun.misc.Unsafe.copyMemory: available
[DEBUG] [2022-11-12 21:49:09] PlatformDependent0.<clinit>(192) | sun.misc.Unsafe.storeFence: available
[DEBUG] [2022-11-12 21:49:09] PlatformDependent0.<clinit>(235) | java.nio.Buffer.address: available
[DEBUG] [2022-11-12 21:49:09] PlatformDependent0.<clinit>(319) | direct buffer constructor: unavailable: Reflective setAccessible(true) disabled
[DEBUG] [2022-11-12 21:49:09] PlatformDependent0.<clinit>(384) | java.nio.Bits.unaligned: available, true
[DEBUG] [2022-11-12 21:49:09] PlatformDependent0.<clinit>(451) | jdk.internal.misc.Unsafe.allocateUninitializedArray(int): unavailable: class io.netty.util.internal.PlatformDependent0$7 cannot access class jdk.internal.misc.Unsafe (in module java.base) because module java.base does not export jdk.internal.misc to unnamed module @5bb4f7d1
[DEBUG] [2022-11-12 21:49:09] PlatformDependent0.<clinit>(481) | java.nio.DirectByteBuffer.<init>(long, int): unavailable
[DEBUG] [2022-11-12 21:49:09] PlatformDependent.unsafeUnavailabilityCause0(1120) | sun.misc.Unsafe: available
[DEBUG] [2022-11-12 21:49:09] PlatformDependent.estimateMaxDirectMemory(1231) | maxDirectMemory: 4294967296 bytes (maybe)
[DEBUG] [2022-11-12 21:49:09] PlatformDependent.tmpdir0(1250) | -Dio.netty.tmpdir: /var/folders/rc/fnqhpbkd16z6v2b00r9wk_xr0000gn/T (java.io.tmpdir)
[DEBUG] [2022-11-12 21:49:09] PlatformDependent.bitMode0(1329) | -Dio.netty.bitMode: 64 (sun.arch.data.model)
[DEBUG] [2022-11-12 21:49:09] PlatformDependent.isOsx0(1088) | Platform: MacOS
[DEBUG] [2022-11-12 21:49:09] PlatformDependent.<clinit>(178) | -Dio.netty.maxDirectMemory: -1 bytes
[DEBUG] [2022-11-12 21:49:09] PlatformDependent.<clinit>(185) | -Dio.netty.uninitializedArrayAllocationThreshold: -1
[DEBUG] [2022-11-12 21:49:09] CleanerJava9.<clinit>(71) | java.nio.ByteBuffer.cleaner(): available
[DEBUG] [2022-11-12 21:49:09] PlatformDependent.<clinit>(205) | -Dio.netty.noPreferDirect: false
[DEBUG] [2022-11-12 21:49:09] NetUtil$SoMaxConnAction.run(191) | Failed to get SOMAXCONN from sysctl and file /proc/sys/net/core/somaxconn. Default: 128
[DEBUG] [2022-11-12 21:49:09] ThreadPoolConfig.<init>(54) | Init ThreadPoolConfig, channelProcessorThreadSize: 16, receiptProcessorThreadSize: 16, maxBlockingQueueSize: 102400
[DEBUG] [2022-11-12 21:49:09] DefaultSingletonBeanRegistry.getSingleton(225) | Creating shared instance of singleton bean 'bcosSDK'
[DEBUG] [2022-11-12 21:49:09] ResourceLeakDetector.<clinit>(129) | -Dio.netty.leakDetection.level: simple
[DEBUG] [2022-11-12 21:49:09] ResourceLeakDetector.<clinit>(130) | -Dio.netty.leakDetection.targetRecords: 4
[DEBUG] [2022-11-12 21:49:09] ResourceLeakDetectorFactory$DefaultResourceLeakDetectorFactory.newResourceLeakDetector(196) | Loaded default ResourceLeakDetector: io.netty.util.ResourceLeakDetector@77f80c04
[DEBUG] [2022-11-12 21:49:09] PlatformDependent$Mpsc.<clinit>(971) | org.jctools-core.MpscChunkedArrayQueue: available
[DEBUG] [2022-11-12 21:49:09] InternalThreadLocalMap.<clinit>(86) | -Dio.netty.threadLocalMap.stringBuilder.initialSize: 1024
[DEBUG] [2022-11-12 21:49:09] InternalThreadLocalMap.<clinit>(89) | -Dio.netty.threadLocalMap.stringBuilder.maxSize: 4096
[INFO] [2022-11-12 21:49:09] ConnectionManager.<init>(88) |  all connections, size: 2, list: [ConnectionInfo{host='127.0.0.1', port=20200}, ConnectionInfo{host='127.0.0.1', port=20201}]
[INFO] [2022-11-12 21:49:09] NetworkImp.start(167) | 
* TRACE INFORMATION:
----------------------------
====> STEP1: try to connect nodes with ecdsa context...

[INFO] [2022-11-12 21:49:09] NetworkImp.start(174) | ====> <==== STEP1-1: Load certificates for ecdsa context success..., start connManager with ECDSA sslContext
[DEBUG] [2022-11-12 21:49:09] ConnectionManager.startConnect(99) |  start connect. 
[DEBUG] [2022-11-12 21:49:09] MultithreadEventLoopGroup.<clinit>(44) | -Dio.netty.eventLoopThreads: 16
[DEBUG] [2022-11-12 21:49:09] NioEventLoop.<clinit>(109) | -Dio.netty.noKeySetOptimization: false
[DEBUG] [2022-11-12 21:49:09] NioEventLoop.<clinit>(110) | -Dio.netty.selectorAutoRebuildThreshold: 512
[INFO] [2022-11-12 21:49:09] ConnectionManager.initSslContext(238) |  build ECDSA ssl context with configured certificates 
[DEBUG] [2022-11-12 21:49:10] AbstractByteBuf.<clinit>(63) | -Dio.netty.buffer.checkAccessible: true
[DEBUG] [2022-11-12 21:49:10] AbstractByteBuf.<clinit>(64) | -Dio.netty.buffer.checkBounds: true
[DEBUG] [2022-11-12 21:49:10] ResourceLeakDetectorFactory$DefaultResourceLeakDetectorFactory.newResourceLeakDetector(196) | Loaded default ResourceLeakDetector: io.netty.util.ResourceLeakDetector@7a55af6b
[DEBUG] [2022-11-12 21:49:10] PooledByteBufAllocator.<clinit>(157) | -Dio.netty.allocator.numHeapArenas: 16
[DEBUG] [2022-11-12 21:49:10] PooledByteBufAllocator.<clinit>(158) | -Dio.netty.allocator.numDirectArenas: 16
[DEBUG] [2022-11-12 21:49:10] PooledByteBufAllocator.<clinit>(160) | -Dio.netty.allocator.pageSize: 8192
[DEBUG] [2022-11-12 21:49:10] PooledByteBufAllocator.<clinit>(165) | -Dio.netty.allocator.maxOrder: 9
[DEBUG] [2022-11-12 21:49:10] PooledByteBufAllocator.<clinit>(169) | -Dio.netty.allocator.chunkSize: 4194304
[DEBUG] [2022-11-12 21:49:10] PooledByteBufAllocator.<clinit>(170) | -Dio.netty.allocator.smallCacheSize: 256
[DEBUG] [2022-11-12 21:49:10] PooledByteBufAllocator.<clinit>(171) | -Dio.netty.allocator.normalCacheSize: 64
[DEBUG] [2022-11-12 21:49:10] PooledByteBufAllocator.<clinit>(172) | -Dio.netty.allocator.maxCachedBufferCapacity: 32768
[DEBUG] [2022-11-12 21:49:10] PooledByteBufAllocator.<clinit>(173) | -Dio.netty.allocator.cacheTrimInterval: 8192
[DEBUG] [2022-11-12 21:49:10] PooledByteBufAllocator.<clinit>(174) | -Dio.netty.allocator.cacheTrimIntervalMillis: 0
[DEBUG] [2022-11-12 21:49:10] PooledByteBufAllocator.<clinit>(175) | -Dio.netty.allocator.useCacheForAllThreads: false
[DEBUG] [2022-11-12 21:49:10] PooledByteBufAllocator.<clinit>(176) | -Dio.netty.allocator.maxCachedByteBuffersPerChunk: 1023
[DEBUG] [2022-11-12 21:49:10] ByteBufUtil.<clinit>(87) | -Dio.netty.allocator.type: pooled
[DEBUG] [2022-11-12 21:49:10] ByteBufUtil.<clinit>(96) | -Dio.netty.threadLocalDirectBufferSize: 0
[DEBUG] [2022-11-12 21:49:10] ByteBufUtil.<clinit>(99) | -Dio.netty.maxThreadLocalCharBufferSize: 16384
[DEBUG] [2022-11-12 21:49:10] NativeLibraryLoader.<clinit>(78) | -Dio.netty.native.workdir: /var/folders/rc/fnqhpbkd16z6v2b00r9wk_xr0000gn/T (io.netty.tmpdir)
[DEBUG] [2022-11-12 21:49:10] NativeLibraryLoader.<clinit>(83) | -Dio.netty.native.deleteLibAfterLoading: true
[DEBUG] [2022-11-12 21:49:10] NativeLibraryLoader.<clinit>(87) | -Dio.netty.native.tryPatchShadedId: true
[DEBUG] [2022-11-12 21:49:10] NativeLibraryLoader.<clinit>(91) | -Dio.netty.native.detectNativeLibraryDuplicates: true
[DEBUG] [2022-11-12 21:49:10] NativeLibraryLoader.loadLibrary(384) | Successfully loaded the library /var/folders/rc/fnqhpbkd16z6v2b00r9wk_xr0000gn/T/libnetty_tcnative_osx_x86_6414390907427458060533.dylib
[DEBUG] [2022-11-12 21:49:10] NativeLibraryLoader.loadFirstAvailable(106) | Loaded library with name 'netty_tcnative_osx_x86_64'
[DEBUG] [2022-11-12 21:49:10] OpenSsl.<clinit>(159) | Initialize netty-tcnative using engine: 'default'
[DEBUG] [2022-11-12 21:49:10] OpenSsl.<clinit>(184) | netty-tcnative using native library: OpenSSL/TaSSL 1.0.2o  27 Mar 2018
[DEBUG] [2022-11-12 21:49:10] ResourceLeakDetectorFactory$DefaultResourceLeakDetectorFactory.newResourceLeakDetector(196) | Loaded default ResourceLeakDetector: io.netty.util.ResourceLeakDetector@6475472c
[DEBUG] [2022-11-12 21:49:10] Recycler.<clinit>(85) | -Dio.netty.recycler.maxCapacityPerThread: 4096
[DEBUG] [2022-11-12 21:49:10] Recycler.<clinit>(86) | -Dio.netty.recycler.ratio: 8
[DEBUG] [2022-11-12 21:49:10] Recycler.<clinit>(87) | -Dio.netty.recycler.chunkSize: 32
[DEBUG] [2022-11-12 21:49:10] Recycler.<clinit>(88) | -Dio.netty.recycler.blocking: false
[INFO] [2022-11-12 21:49:10] OpenSsl.<clinit>(357) | Using supported configured namedGroups: [SM2, secp256k1, secp256r1, secp384r1, secp521r1]. Unsupported namedGroups: [x25519]. 
[DEBUG] [2022-11-12 21:49:10] CipherSuiteConverter.cacheFromOpenSsl(332) | Cipher suite mapping: TLS_ECDHE_RSA_WITH_AES_256_GCM_SHA384 => ECDHE-RSA-AES256-GCM-SHA384
[DEBUG] [2022-11-12 21:49:10] CipherSuiteConverter.cacheFromOpenSsl(333) | Cipher suite mapping: SSL_ECDHE_RSA_WITH_AES_256_GCM_SHA384 => ECDHE-RSA-AES256-GCM-SHA384
[DEBUG] [2022-11-12 21:49:10] CipherSuiteConverter.cacheFromOpenSsl(332) | Cipher suite mapping: TLS_ECDHE_ECDSA_WITH_AES_256_GCM_SHA384 => ECDHE-ECDSA-AES256-GCM-SHA384
[DEBUG] [2022-11-12 21:49:10] CipherSuiteConverter.cacheFromOpenSsl(333) | Cipher suite mapping: SSL_ECDHE_ECDSA_WITH_AES_256_GCM_SHA384 => ECDHE-ECDSA-AES256-GCM-SHA384
[DEBUG] [2022-11-12 21:49:10] CipherSuiteConverter.cacheFromOpenSsl(332) | Cipher suite mapping: TLS_ECDHE_RSA_WITH_AES_256_CBC_SHA384 => ECDHE-RSA-AES256-SHA384
[DEBUG] [2022-11-12 21:49:10] CipherSuiteConverter.cacheFromOpenSsl(333) | Cipher suite mapping: SSL_ECDHE_RSA_WITH_AES_256_CBC_SHA384 => ECDHE-RSA-AES256-SHA384
[DEBUG] [2022-11-12 21:49:10] CipherSuiteConverter.cacheFromOpenSsl(332) | Cipher suite mapping: TLS_ECDHE_ECDSA_WITH_AES_256_CBC_SHA384 => ECDHE-ECDSA-AES256-SHA384
[DEBUG] [2022-11-12 21:49:10] CipherSuiteConverter.cacheFromOpenSsl(333) | Cipher suite mapping: SSL_ECDHE_ECDSA_WITH_AES_256_CBC_SHA384 => ECDHE-ECDSA-AES256-SHA384
[DEBUG] [2022-11-12 21:49:10] CipherSuiteConverter.cacheFromOpenSsl(332) | Cipher suite mapping: TLS_ECDHE_RSA_WITH_AES_256_CBC_SHA => ECDHE-RSA-AES256-SHA
[DEBUG] [2022-11-12 21:49:10] CipherSuiteConverter.cacheFromOpenSsl(333) | Cipher suite mapping: SSL_ECDHE_RSA_WITH_AES_256_CBC_SHA => ECDHE-RSA-AES256-SHA
[DEBUG] [2022-11-12 21:49:10] CipherSuiteConverter.cacheFromOpenSsl(332) | Cipher suite mapping: TLS_ECDHE_ECDSA_WITH_AES_256_CBC_SHA => ECDHE-ECDSA-AES256-SHA
[DEBUG] [2022-11-12 21:49:10] CipherSuiteConverter.cacheFromOpenSsl(333) | Cipher suite mapping: SSL_ECDHE_ECDSA_WITH_AES_256_CBC_SHA => ECDHE-ECDSA-AES256-SHA
[DEBUG] [2022-11-12 21:49:10] CipherSuiteConverter.cacheFromOpenSsl(332) | Cipher suite mapping: TLS_SRP_DSS_WITH_AES_256_CBC_SHA => SRP-DSS-AES-256-CBC-SHA
[DEBUG] [2022-11-12 21:49:10] CipherSuiteConverter.cacheFromOpenSsl(333) | Cipher suite mapping: SSL_SRP_DSS_WITH_AES_256_CBC_SHA => SRP-DSS-AES-256-CBC-SHA
[DEBUG] [2022-11-12 21:49:10] CipherSuiteConverter.cacheFromOpenSsl(332) | Cipher suite mapping: TLS_SRP_RSA_WITH_AES_256_CBC_SHA => SRP-RSA-AES-256-CBC-SHA
[DEBUG] [2022-11-12 21:49:10] CipherSuiteConverter.cacheFromOpenSsl(333) | Cipher suite mapping: SSL_SRP_RSA_WITH_AES_256_CBC_SHA => SRP-RSA-AES-256-CBC-SHA
[DEBUG] [2022-11-12 21:49:10] CipherSuiteConverter.cacheFromOpenSsl(332) | Cipher suite mapping: TLS_SRP_WITH_AES_256_CBC_SHA => SRP-AES-256-CBC-SHA
[DEBUG] [2022-11-12 21:49:10] CipherSuiteConverter.cacheFromOpenSsl(333) | Cipher suite mapping: SSL_SRP_WITH_AES_256_CBC_SHA => SRP-AES-256-CBC-SHA
[DEBUG] [2022-11-12 21:49:10] CipherSuiteConverter.cacheFromOpenSsl(332) | Cipher suite mapping: TLS_RSA_WITH_DH_DSS_AES256_GCM_SHA384 => DH-DSS-AES256-GCM-SHA384
[DEBUG] [2022-11-12 21:49:10] CipherSuiteConverter.cacheFromOpenSsl(333) | Cipher suite mapping: SSL_RSA_WITH_DH_DSS_AES256_GCM_SHA384 => DH-DSS-AES256-GCM-SHA384
[DEBUG] [2022-11-12 21:49:10] CipherSuiteConverter.cacheFromOpenSsl(332) | Cipher suite mapping: TLS_DHE_DSS_WITH_AES_256_GCM_SHA384 => DHE-DSS-AES256-GCM-SHA384
[DEBUG] [2022-11-12 21:49:10] CipherSuiteConverter.cacheFromOpenSsl(333) | Cipher suite mapping: SSL_DHE_DSS_WITH_AES_256_GCM_SHA384 => DHE-DSS-AES256-GCM-SHA384
[DEBUG] [2022-11-12 21:49:10] CipherSuiteConverter.cacheFromOpenSsl(332) | Cipher suite mapping: TLS_RSA_WITH_DH_RSA_AES256_GCM_SHA384 => DH-RSA-AES256-GCM-SHA384
[DEBUG] [2022-11-12 21:49:10] CipherSuiteConverter.cacheFromOpenSsl(333) | Cipher suite mapping: SSL_RSA_WITH_DH_RSA_AES256_GCM_SHA384 => DH-RSA-AES256-GCM-SHA384
[DEBUG] [2022-11-12 21:49:10] CipherSuiteConverter.cacheFromOpenSsl(332) | Cipher suite mapping: TLS_DHE_RSA_WITH_AES_256_GCM_SHA384 => DHE-RSA-AES256-GCM-SHA384
[DEBUG] [2022-11-12 21:49:10] CipherSuiteConverter.cacheFromOpenSsl(333) | Cipher suite mapping: SSL_DHE_RSA_WITH_AES_256_GCM_SHA384 => DHE-RSA-AES256-GCM-SHA384
[DEBUG] [2022-11-12 21:49:10] CipherSuiteConverter.cacheFromOpenSsl(332) | Cipher suite mapping: TLS_DHE_RSA_WITH_AES_256_CBC_SHA256 => DHE-RSA-AES256-SHA256
[DEBUG] [2022-11-12 21:49:10] CipherSuiteConverter.cacheFromOpenSsl(333) | Cipher suite mapping: SSL_DHE_RSA_WITH_AES_256_CBC_SHA256 => DHE-RSA-AES256-SHA256
[DEBUG] [2022-11-12 21:49:10] CipherSuiteConverter.cacheFromOpenSsl(332) | Cipher suite mapping: TLS_DHE_DSS_WITH_AES_256_CBC_SHA256 => DHE-DSS-AES256-SHA256
[DEBUG] [2022-11-12 21:49:10] CipherSuiteConverter.cacheFromOpenSsl(333) | Cipher suite mapping: SSL_DHE_DSS_WITH_AES_256_CBC_SHA256 => DHE-DSS-AES256-SHA256
[DEBUG] [2022-11-12 21:49:10] CipherSuiteConverter.cacheFromOpenSsl(332) | Cipher suite mapping: TLS_RSA_WITH_DH_RSA_AES256_SHA256 => DH-RSA-AES256-SHA256
[DEBUG] [2022-11-12 21:49:10] CipherSuiteConverter.cacheFromOpenSsl(333) | Cipher suite mapping: SSL_RSA_WITH_DH_RSA_AES256_SHA256 => DH-RSA-AES256-SHA256
[DEBUG] [2022-11-12 21:49:10] CipherSuiteConverter.cacheFromOpenSsl(332) | Cipher suite mapping: TLS_RSA_WITH_DH_DSS_AES256_SHA256 => DH-DSS-AES256-SHA256
[DEBUG] [2022-11-12 21:49:10] CipherSuiteConverter.cacheFromOpenSsl(333) | Cipher suite mapping: SSL_RSA_WITH_DH_DSS_AES256_SHA256 => DH-DSS-AES256-SHA256
[DEBUG] [2022-11-12 21:49:10] CipherSuiteConverter.cacheFromOpenSsl(332) | Cipher suite mapping: TLS_DHE_RSA_WITH_AES_256_CBC_SHA => DHE-RSA-AES256-SHA
[DEBUG] [2022-11-12 21:49:10] CipherSuiteConverter.cacheFromOpenSsl(333) | Cipher suite mapping: SSL_DHE_RSA_WITH_AES_256_CBC_SHA => DHE-RSA-AES256-SHA
[DEBUG] [2022-11-12 21:49:10] CipherSuiteConverter.cacheFromOpenSsl(332) | Cipher suite mapping: TLS_DHE_DSS_WITH_AES_256_CBC_SHA => DHE-DSS-AES256-SHA
[DEBUG] [2022-11-12 21:49:10] CipherSuiteConverter.cacheFromOpenSsl(333) | Cipher suite mapping: SSL_DHE_DSS_WITH_AES_256_CBC_SHA => DHE-DSS-AES256-SHA
[DEBUG] [2022-11-12 21:49:10] CipherSuiteConverter.cacheFromOpenSsl(332) | Cipher suite mapping: TLS_RSA_WITH_DH_RSA_AES256_SHA => DH-RSA-AES256-SHA
[DEBUG] [2022-11-12 21:49:10] CipherSuiteConverter.cacheFromOpenSsl(333) | Cipher suite mapping: SSL_RSA_WITH_DH_RSA_AES256_SHA => DH-RSA-AES256-SHA
[DEBUG] [2022-11-12 21:49:10] CipherSuiteConverter.cacheFromOpenSsl(332) | Cipher suite mapping: TLS_RSA_WITH_DH_DSS_AES256_SHA => DH-DSS-AES256-SHA
[DEBUG] [2022-11-12 21:49:10] CipherSuiteConverter.cacheFromOpenSsl(333) | Cipher suite mapping: SSL_RSA_WITH_DH_DSS_AES256_SHA => DH-DSS-AES256-SHA
[DEBUG] [2022-11-12 21:49:10] CipherSuiteConverter.cacheFromOpenSsl(332) | Cipher suite mapping: TLS_DHE_RSA_WITH_CAMELLIA256_SHA => DHE-RSA-CAMELLIA256-SHA
[DEBUG] [2022-11-12 21:49:10] CipherSuiteConverter.cacheFromOpenSsl(333) | Cipher suite mapping: SSL_DHE_RSA_WITH_CAMELLIA256_SHA => DHE-RSA-CAMELLIA256-SHA
[DEBUG] [2022-11-12 21:49:10] CipherSuiteConverter.cacheFromOpenSsl(332) | Cipher suite mapping: TLS_DHE_DSS_WITH_CAMELLIA256_SHA => DHE-DSS-CAMELLIA256-SHA
[DEBUG] [2022-11-12 21:49:10] CipherSuiteConverter.cacheFromOpenSsl(333) | Cipher suite mapping: SSL_DHE_DSS_WITH_CAMELLIA256_SHA => DHE-DSS-CAMELLIA256-SHA
[DEBUG] [2022-11-12 21:49:10] CipherSuiteConverter.cacheFromOpenSsl(332) | Cipher suite mapping: TLS_RSA_WITH_DH_RSA_CAMELLIA256_SHA => DH-RSA-CAMELLIA256-SHA
[DEBUG] [2022-11-12 21:49:10] CipherSuiteConverter.cacheFromOpenSsl(333) | Cipher suite mapping: SSL_RSA_WITH_DH_RSA_CAMELLIA256_SHA => DH-RSA-CAMELLIA256-SHA
[DEBUG] [2022-11-12 21:49:10] CipherSuiteConverter.cacheFromOpenSsl(332) | Cipher suite mapping: TLS_RSA_WITH_DH_DSS_CAMELLIA256_SHA => DH-DSS-CAMELLIA256-SHA
[DEBUG] [2022-11-12 21:49:10] CipherSuiteConverter.cacheFromOpenSsl(333) | Cipher suite mapping: SSL_RSA_WITH_DH_DSS_CAMELLIA256_SHA => DH-DSS-CAMELLIA256-SHA
[DEBUG] [2022-11-12 21:49:10] CipherSuiteConverter.cacheFromOpenSsl(332) | Cipher suite mapping: TLS_ECDH_anon_WITH_AES_256_CBC_SHA => AECDH-AES256-SHA
[DEBUG] [2022-11-12 21:49:10] CipherSuiteConverter.cacheFromOpenSsl(333) | Cipher suite mapping: SSL_ECDH_anon_WITH_AES_256_CBC_SHA => AECDH-AES256-SHA
[DEBUG] [2022-11-12 21:49:10] CipherSuiteConverter.cacheFromOpenSsl(332) | Cipher suite mapping: TLS_DH_anon_WITH_AES_256_GCM_SHA384 => ADH-AES256-GCM-SHA384
[DEBUG] [2022-11-12 21:49:10] CipherSuiteConverter.cacheFromOpenSsl(333) | Cipher suite mapping: SSL_DH_anon_WITH_AES_256_GCM_SHA384 => ADH-AES256-GCM-SHA384
[DEBUG] [2022-11-12 21:49:10] CipherSuiteConverter.cacheFromOpenSsl(332) | Cipher suite mapping: TLS_DH_anon_WITH_AES_256_CBC_SHA256 => ADH-AES256-SHA256
[DEBUG] [2022-11-12 21:49:10] CipherSuiteConverter.cacheFromOpenSsl(333) | Cipher suite mapping: SSL_DH_anon_WITH_AES_256_CBC_SHA256 => ADH-AES256-SHA256
[DEBUG] [2022-11-12 21:49:10] CipherSuiteConverter.cacheFromOpenSsl(332) | Cipher suite mapping: TLS_DH_anon_WITH_AES_256_CBC_SHA => ADH-AES256-SHA
[DEBUG] [2022-11-12 21:49:10] CipherSuiteConverter.cacheFromOpenSsl(333) | Cipher suite mapping: SSL_DH_anon_WITH_AES_256_CBC_SHA => ADH-AES256-SHA
[DEBUG] [2022-11-12 21:49:10] CipherSuiteConverter.cacheFromOpenSsl(332) | Cipher suite mapping: TLS_DH_anon_WITH_CAMELLIA256_SHA => ADH-CAMELLIA256-SHA
[DEBUG] [2022-11-12 21:49:10] CipherSuiteConverter.cacheFromOpenSsl(333) | Cipher suite mapping: SSL_DH_anon_WITH_CAMELLIA256_SHA => ADH-CAMELLIA256-SHA
[DEBUG] [2022-11-12 21:49:10] CipherSuiteConverter.cacheFromOpenSsl(332) | Cipher suite mapping: TLS_ECDH_RSA_WITH_AES_256_GCM_SHA384 => ECDH-RSA-AES256-GCM-SHA384
[DEBUG] [2022-11-12 21:49:10] CipherSuiteConverter.cacheFromOpenSsl(333) | Cipher suite mapping: SSL_ECDH_RSA_WITH_AES_256_GCM_SHA384 => ECDH-RSA-AES256-GCM-SHA384
[DEBUG] [2022-11-12 21:49:10] CipherSuiteConverter.cacheFromOpenSsl(332) | Cipher suite mapping: TLS_ECDH_ECDSA_WITH_AES_256_GCM_SHA384 => ECDH-ECDSA-AES256-GCM-SHA384
[DEBUG] [2022-11-12 21:49:10] CipherSuiteConverter.cacheFromOpenSsl(333) | Cipher suite mapping: SSL_ECDH_ECDSA_WITH_AES_256_GCM_SHA384 => ECDH-ECDSA-AES256-GCM-SHA384
[DEBUG] [2022-11-12 21:49:10] CipherSuiteConverter.cacheFromOpenSsl(332) | Cipher suite mapping: TLS_ECDH_RSA_WITH_AES_256_CBC_SHA384 => ECDH-RSA-AES256-SHA384
[DEBUG] [2022-11-12 21:49:10] CipherSuiteConverter.cacheFromOpenSsl(333) | Cipher suite mapping: SSL_ECDH_RSA_WITH_AES_256_CBC_SHA384 => ECDH-RSA-AES256-SHA384
[DEBUG] [2022-11-12 21:49:10] CipherSuiteConverter.cacheFromOpenSsl(332) | Cipher suite mapping: TLS_ECDH_ECDSA_WITH_AES_256_CBC_SHA384 => ECDH-ECDSA-AES256-SHA384
[DEBUG] [2022-11-12 21:49:10] CipherSuiteConverter.cacheFromOpenSsl(333) | Cipher suite mapping: SSL_ECDH_ECDSA_WITH_AES_256_CBC_SHA384 => ECDH-ECDSA-AES256-SHA384
[DEBUG] [2022-11-12 21:49:10] CipherSuiteConverter.cacheFromOpenSsl(332) | Cipher suite mapping: TLS_ECDH_RSA_WITH_AES_256_CBC_SHA => ECDH-RSA-AES256-SHA
[DEBUG] [2022-11-12 21:49:10] CipherSuiteConverter.cacheFromOpenSsl(333) | Cipher suite mapping: SSL_ECDH_RSA_WITH_AES_256_CBC_SHA => ECDH-RSA-AES256-SHA
[DEBUG] [2022-11-12 21:49:10] CipherSuiteConverter.cacheFromOpenSsl(332) | Cipher suite mapping: TLS_ECDH_ECDSA_WITH_AES_256_CBC_SHA => ECDH-ECDSA-AES256-SHA
[DEBUG] [2022-11-12 21:49:10] CipherSuiteConverter.cacheFromOpenSsl(333) | Cipher suite mapping: SSL_ECDH_ECDSA_WITH_AES_256_CBC_SHA => ECDH-ECDSA-AES256-SHA
[DEBUG] [2022-11-12 21:49:10] CipherSuiteConverter.cacheFromOpenSsl(332) | Cipher suite mapping: TLS_RSA_WITH_AES_256_GCM_SHA384 => AES256-GCM-SHA384
[DEBUG] [2022-11-12 21:49:10] CipherSuiteConverter.cacheFromOpenSsl(333) | Cipher suite mapping: SSL_RSA_WITH_AES_256_GCM_SHA384 => AES256-GCM-SHA384
[DEBUG] [2022-11-12 21:49:10] CipherSuiteConverter.cacheFromOpenSsl(332) | Cipher suite mapping: TLS_RSA_WITH_AES_256_CBC_SHA256 => AES256-SHA256
[DEBUG] [2022-11-12 21:49:10] CipherSuiteConverter.cacheFromOpenSsl(333) | Cipher suite mapping: SSL_RSA_WITH_AES_256_CBC_SHA256 => AES256-SHA256
[DEBUG] [2022-11-12 21:49:10] CipherSuiteConverter.cacheFromOpenSsl(332) | Cipher suite mapping: TLS_RSA_WITH_AES_256_CBC_SHA => AES256-SHA
[DEBUG] [2022-11-12 21:49:10] CipherSuiteConverter.cacheFromOpenSsl(333) | Cipher suite mapping: SSL_RSA_WITH_AES_256_CBC_SHA => AES256-SHA
[DEBUG] [2022-11-12 21:49:10] CipherSuiteConverter.cacheFromOpenSsl(332) | Cipher suite mapping: TLS_RSA_WITH_CAMELLIA256_SHA => CAMELLIA256-SHA
[DEBUG] [2022-11-12 21:49:10] CipherSuiteConverter.cacheFromOpenSsl(333) | Cipher suite mapping: SSL_RSA_WITH_CAMELLIA256_SHA => CAMELLIA256-SHA
[DEBUG] [2022-11-12 21:49:10] CipherSuiteConverter.cacheFromOpenSsl(332) | Cipher suite mapping: TLS_PSK_WITH_AES_256_CBC_SHA => PSK-AES256-CBC-SHA
[DEBUG] [2022-11-12 21:49:10] CipherSuiteConverter.cacheFromOpenSsl(333) | Cipher suite mapping: SSL_PSK_WITH_AES_256_CBC_SHA => PSK-AES256-CBC-SHA
[DEBUG] [2022-11-12 21:49:10] CipherSuiteConverter.cacheFromOpenSsl(332) | Cipher suite mapping: TLS_ECDHE_RSA_WITH_AES_128_GCM_SHA256 => ECDHE-RSA-AES128-GCM-SHA256
[DEBUG] [2022-11-12 21:49:10] CipherSuiteConverter.cacheFromOpenSsl(333) | Cipher suite mapping: SSL_ECDHE_RSA_WITH_AES_128_GCM_SHA256 => ECDHE-RSA-AES128-GCM-SHA256
[DEBUG] [2022-11-12 21:49:10] CipherSuiteConverter.cacheFromOpenSsl(332) | Cipher suite mapping: TLS_ECDHE_ECDSA_WITH_AES_128_GCM_SHA256 => ECDHE-ECDSA-AES128-GCM-SHA256
[DEBUG] [2022-11-12 21:49:10] CipherSuiteConverter.cacheFromOpenSsl(333) | Cipher suite mapping: SSL_ECDHE_ECDSA_WITH_AES_128_GCM_SHA256 => ECDHE-ECDSA-AES128-GCM-SHA256
[DEBUG] [2022-11-12 21:49:10] CipherSuiteConverter.cacheFromOpenSsl(332) | Cipher suite mapping: TLS_ECDHE_RSA_WITH_AES_128_CBC_SHA256 => ECDHE-RSA-AES128-SHA256
[DEBUG] [2022-11-12 21:49:10] CipherSuiteConverter.cacheFromOpenSsl(333) | Cipher suite mapping: SSL_ECDHE_RSA_WITH_AES_128_CBC_SHA256 => ECDHE-RSA-AES128-SHA256
[DEBUG] [2022-11-12 21:49:10] CipherSuiteConverter.cacheFromOpenSsl(332) | Cipher suite mapping: TLS_ECDHE_ECDSA_WITH_AES_128_CBC_SHA256 => ECDHE-ECDSA-AES128-SHA256
[DEBUG] [2022-11-12 21:49:10] CipherSuiteConverter.cacheFromOpenSsl(333) | Cipher suite mapping: SSL_ECDHE_ECDSA_WITH_AES_128_CBC_SHA256 => ECDHE-ECDSA-AES128-SHA256
[DEBUG] [2022-11-12 21:49:10] CipherSuiteConverter.cacheFromOpenSsl(332) | Cipher suite mapping: TLS_ECDHE_RSA_WITH_AES_128_CBC_SHA => ECDHE-RSA-AES128-SHA
[DEBUG] [2022-11-12 21:49:10] CipherSuiteConverter.cacheFromOpenSsl(333) | Cipher suite mapping: SSL_ECDHE_RSA_WITH_AES_128_CBC_SHA => ECDHE-RSA-AES128-SHA
[DEBUG] [2022-11-12 21:49:10] CipherSuiteConverter.cacheFromOpenSsl(332) | Cipher suite mapping: TLS_ECDHE_ECDSA_WITH_AES_128_CBC_SHA => ECDHE-ECDSA-AES128-SHA
[DEBUG] [2022-11-12 21:49:10] CipherSuiteConverter.cacheFromOpenSsl(333) | Cipher suite mapping: SSL_ECDHE_ECDSA_WITH_AES_128_CBC_SHA => ECDHE-ECDSA-AES128-SHA
[DEBUG] [2022-11-12 21:49:10] CipherSuiteConverter.cacheFromOpenSsl(332) | Cipher suite mapping: TLS_SRP_DSS_WITH_AES_128_CBC_SHA => SRP-DSS-AES-128-CBC-SHA
[DEBUG] [2022-11-12 21:49:10] CipherSuiteConverter.cacheFromOpenSsl(333) | Cipher suite mapping: SSL_SRP_DSS_WITH_AES_128_CBC_SHA => SRP-DSS-AES-128-CBC-SHA
[DEBUG] [2022-11-12 21:49:10] CipherSuiteConverter.cacheFromOpenSsl(332) | Cipher suite mapping: TLS_SRP_RSA_WITH_AES_128_CBC_SHA => SRP-RSA-AES-128-CBC-SHA
[DEBUG] [2022-11-12 21:49:10] CipherSuiteConverter.cacheFromOpenSsl(333) | Cipher suite mapping: SSL_SRP_RSA_WITH_AES_128_CBC_SHA => SRP-RSA-AES-128-CBC-SHA
[DEBUG] [2022-11-12 21:49:10] CipherSuiteConverter.cacheFromOpenSsl(332) | Cipher suite mapping: TLS_SRP_WITH_AES_128_CBC_SHA => SRP-AES-128-CBC-SHA
[DEBUG] [2022-11-12 21:49:10] CipherSuiteConverter.cacheFromOpenSsl(333) | Cipher suite mapping: SSL_SRP_WITH_AES_128_CBC_SHA => SRP-AES-128-CBC-SHA
[DEBUG] [2022-11-12 21:49:10] CipherSuiteConverter.cacheFromOpenSsl(332) | Cipher suite mapping: TLS_RSA_WITH_DH_DSS_AES128_GCM_SHA256 => DH-DSS-AES128-GCM-SHA256
[DEBUG] [2022-11-12 21:49:10] CipherSuiteConverter.cacheFromOpenSsl(333) | Cipher suite mapping: SSL_RSA_WITH_DH_DSS_AES128_GCM_SHA256 => DH-DSS-AES128-GCM-SHA256
[DEBUG] [2022-11-12 21:49:10] CipherSuiteConverter.cacheFromOpenSsl(332) | Cipher suite mapping: TLS_DHE_DSS_WITH_AES_128_GCM_SHA256 => DHE-DSS-AES128-GCM-SHA256
[DEBUG] [2022-11-12 21:49:10] CipherSuiteConverter.cacheFromOpenSsl(333) | Cipher suite mapping: SSL_DHE_DSS_WITH_AES_128_GCM_SHA256 => DHE-DSS-AES128-GCM-SHA256
[DEBUG] [2022-11-12 21:49:10] CipherSuiteConverter.cacheFromOpenSsl(332) | Cipher suite mapping: TLS_RSA_WITH_DH_RSA_AES128_GCM_SHA256 => DH-RSA-AES128-GCM-SHA256
[DEBUG] [2022-11-12 21:49:10] CipherSuiteConverter.cacheFromOpenSsl(333) | Cipher suite mapping: SSL_RSA_WITH_DH_RSA_AES128_GCM_SHA256 => DH-RSA-AES128-GCM-SHA256
[DEBUG] [2022-11-12 21:49:10] CipherSuiteConverter.cacheFromOpenSsl(332) | Cipher suite mapping: TLS_DHE_RSA_WITH_AES_128_GCM_SHA256 => DHE-RSA-AES128-GCM-SHA256
[DEBUG] [2022-11-12 21:49:10] CipherSuiteConverter.cacheFromOpenSsl(333) | Cipher suite mapping: SSL_DHE_RSA_WITH_AES_128_GCM_SHA256 => DHE-RSA-AES128-GCM-SHA256
[DEBUG] [2022-11-12 21:49:10] CipherSuiteConverter.cacheFromOpenSsl(332) | Cipher suite mapping: TLS_DHE_RSA_WITH_AES_128_CBC_SHA256 => DHE-RSA-AES128-SHA256
[DEBUG] [2022-11-12 21:49:10] CipherSuiteConverter.cacheFromOpenSsl(333) | Cipher suite mapping: SSL_DHE_RSA_WITH_AES_128_CBC_SHA256 => DHE-RSA-AES128-SHA256
[DEBUG] [2022-11-12 21:49:10] CipherSuiteConverter.cacheFromOpenSsl(332) | Cipher suite mapping: TLS_DHE_DSS_WITH_AES_128_CBC_SHA256 => DHE-DSS-AES128-SHA256
[DEBUG] [2022-11-12 21:49:10] CipherSuiteConverter.cacheFromOpenSsl(333) | Cipher suite mapping: SSL_DHE_DSS_WITH_AES_128_CBC_SHA256 => DHE-DSS-AES128-SHA256
[DEBUG] [2022-11-12 21:49:10] CipherSuiteConverter.cacheFromOpenSsl(332) | Cipher suite mapping: TLS_RSA_WITH_DH_RSA_AES128_SHA256 => DH-RSA-AES128-SHA256
[DEBUG] [2022-11-12 21:49:10] CipherSuiteConverter.cacheFromOpenSsl(333) | Cipher suite mapping: SSL_RSA_WITH_DH_RSA_AES128_SHA256 => DH-RSA-AES128-SHA256
[DEBUG] [2022-11-12 21:49:10] CipherSuiteConverter.cacheFromOpenSsl(332) | Cipher suite mapping: TLS_RSA_WITH_DH_DSS_AES128_SHA256 => DH-DSS-AES128-SHA256
[DEBUG] [2022-11-12 21:49:10] CipherSuiteConverter.cacheFromOpenSsl(333) | Cipher suite mapping: SSL_RSA_WITH_DH_DSS_AES128_SHA256 => DH-DSS-AES128-SHA256
[DEBUG] [2022-11-12 21:49:10] CipherSuiteConverter.cacheFromOpenSsl(332) | Cipher suite mapping: TLS_DHE_RSA_WITH_AES_128_CBC_SHA => DHE-RSA-AES128-SHA
[DEBUG] [2022-11-12 21:49:10] CipherSuiteConverter.cacheFromOpenSsl(333) | Cipher suite mapping: SSL_DHE_RSA_WITH_AES_128_CBC_SHA => DHE-RSA-AES128-SHA
[DEBUG] [2022-11-12 21:49:10] CipherSuiteConverter.cacheFromOpenSsl(332) | Cipher suite mapping: TLS_DHE_DSS_WITH_AES_128_CBC_SHA => DHE-DSS-AES128-SHA
[DEBUG] [2022-11-12 21:49:10] CipherSuiteConverter.cacheFromOpenSsl(333) | Cipher suite mapping: SSL_DHE_DSS_WITH_AES_128_CBC_SHA => DHE-DSS-AES128-SHA
[DEBUG] [2022-11-12 21:49:10] CipherSuiteConverter.cacheFromOpenSsl(332) | Cipher suite mapping: TLS_RSA_WITH_DH_RSA_AES128_SHA => DH-RSA-AES128-SHA
[DEBUG] [2022-11-12 21:49:10] CipherSuiteConverter.cacheFromOpenSsl(333) | Cipher suite mapping: SSL_RSA_WITH_DH_RSA_AES128_SHA => DH-RSA-AES128-SHA
[DEBUG] [2022-11-12 21:49:10] CipherSuiteConverter.cacheFromOpenSsl(332) | Cipher suite mapping: TLS_RSA_WITH_DH_DSS_AES128_SHA => DH-DSS-AES128-SHA
[DEBUG] [2022-11-12 21:49:10] CipherSuiteConverter.cacheFromOpenSsl(333) | Cipher suite mapping: SSL_RSA_WITH_DH_DSS_AES128_SHA => DH-DSS-AES128-SHA
[DEBUG] [2022-11-12 21:49:10] CipherSuiteConverter.cacheFromOpenSsl(332) | Cipher suite mapping: TLS_RSA_WITH_ECC_SM4_SM3 => ECC-SM4-SM3
[DEBUG] [2022-11-12 21:49:10] CipherSuiteConverter.cacheFromOpenSsl(333) | Cipher suite mapping: SSL_RSA_WITH_ECC_SM4_SM3 => ECC-SM4-SM3
[DEBUG] [2022-11-12 21:49:10] CipherSuiteConverter.cacheFromOpenSsl(332) | Cipher suite mapping: TLS_RSA_WITH_ECDHE_SM4_SM3 => ECDHE-SM4-SM3
[DEBUG] [2022-11-12 21:49:10] CipherSuiteConverter.cacheFromOpenSsl(333) | Cipher suite mapping: SSL_RSA_WITH_ECDHE_SM4_SM3 => ECDHE-SM4-SM3
[DEBUG] [2022-11-12 21:49:10] CipherSuiteConverter.cacheFromOpenSsl(332) | Cipher suite mapping: TLS_DHE_RSA_WITH_SEED_SHA => DHE-RSA-SEED-SHA
[DEBUG] [2022-11-12 21:49:10] CipherSuiteConverter.cacheFromOpenSsl(333) | Cipher suite mapping: SSL_DHE_RSA_WITH_SEED_SHA => DHE-RSA-SEED-SHA
[DEBUG] [2022-11-12 21:49:10] CipherSuiteConverter.cacheFromOpenSsl(332) | Cipher suite mapping: TLS_DHE_DSS_WITH_SEED_SHA => DHE-DSS-SEED-SHA
[DEBUG] [2022-11-12 21:49:10] CipherSuiteConverter.cacheFromOpenSsl(333) | Cipher suite mapping: SSL_DHE_DSS_WITH_SEED_SHA => DHE-DSS-SEED-SHA
[DEBUG] [2022-11-12 21:49:10] CipherSuiteConverter.cacheFromOpenSsl(332) | Cipher suite mapping: TLS_RSA_WITH_DH_RSA_SEED_SHA => DH-RSA-SEED-SHA
[DEBUG] [2022-11-12 21:49:10] CipherSuiteConverter.cacheFromOpenSsl(333) | Cipher suite mapping: SSL_RSA_WITH_DH_RSA_SEED_SHA => DH-RSA-SEED-SHA
[DEBUG] [2022-11-12 21:49:10] CipherSuiteConverter.cacheFromOpenSsl(332) | Cipher suite mapping: TLS_RSA_WITH_DH_DSS_SEED_SHA => DH-DSS-SEED-SHA
[DEBUG] [2022-11-12 21:49:10] CipherSuiteConverter.cacheFromOpenSsl(333) | Cipher suite mapping: SSL_RSA_WITH_DH_DSS_SEED_SHA => DH-DSS-SEED-SHA
[DEBUG] [2022-11-12 21:49:10] CipherSuiteConverter.cacheFromOpenSsl(332) | Cipher suite mapping: TLS_DHE_RSA_WITH_CAMELLIA128_SHA => DHE-RSA-CAMELLIA128-SHA
[DEBUG] [2022-11-12 21:49:10] CipherSuiteConverter.cacheFromOpenSsl(333) | Cipher suite mapping: SSL_DHE_RSA_WITH_CAMELLIA128_SHA => DHE-RSA-CAMELLIA128-SHA
[DEBUG] [2022-11-12 21:49:10] CipherSuiteConverter.cacheFromOpenSsl(332) | Cipher suite mapping: TLS_DHE_DSS_WITH_CAMELLIA128_SHA => DHE-DSS-CAMELLIA128-SHA
[DEBUG] [2022-11-12 21:49:10] CipherSuiteConverter.cacheFromOpenSsl(333) | Cipher suite mapping: SSL_DHE_DSS_WITH_CAMELLIA128_SHA => DHE-DSS-CAMELLIA128-SHA
[DEBUG] [2022-11-12 21:49:10] CipherSuiteConverter.cacheFromOpenSsl(332) | Cipher suite mapping: TLS_RSA_WITH_DH_RSA_CAMELLIA128_SHA => DH-RSA-CAMELLIA128-SHA
[DEBUG] [2022-11-12 21:49:10] CipherSuiteConverter.cacheFromOpenSsl(333) | Cipher suite mapping: SSL_RSA_WITH_DH_RSA_CAMELLIA128_SHA => DH-RSA-CAMELLIA128-SHA
[DEBUG] [2022-11-12 21:49:10] CipherSuiteConverter.cacheFromOpenSsl(332) | Cipher suite mapping: TLS_RSA_WITH_DH_DSS_CAMELLIA128_SHA => DH-DSS-CAMELLIA128-SHA
[DEBUG] [2022-11-12 21:49:10] CipherSuiteConverter.cacheFromOpenSsl(333) | Cipher suite mapping: SSL_RSA_WITH_DH_DSS_CAMELLIA128_SHA => DH-DSS-CAMELLIA128-SHA
[DEBUG] [2022-11-12 21:49:10] CipherSuiteConverter.cacheFromOpenSsl(332) | Cipher suite mapping: TLS_ECDH_anon_WITH_AES_128_CBC_SHA => AECDH-AES128-SHA
[DEBUG] [2022-11-12 21:49:10] CipherSuiteConverter.cacheFromOpenSsl(333) | Cipher suite mapping: SSL_ECDH_anon_WITH_AES_128_CBC_SHA => AECDH-AES128-SHA
[DEBUG] [2022-11-12 21:49:10] CipherSuiteConverter.cacheFromOpenSsl(332) | Cipher suite mapping: TLS_DH_anon_WITH_AES_128_GCM_SHA256 => ADH-AES128-GCM-SHA256
[DEBUG] [2022-11-12 21:49:10] CipherSuiteConverter.cacheFromOpenSsl(333) | Cipher suite mapping: SSL_DH_anon_WITH_AES_128_GCM_SHA256 => ADH-AES128-GCM-SHA256
[DEBUG] [2022-11-12 21:49:10] CipherSuiteConverter.cacheFromOpenSsl(332) | Cipher suite mapping: TLS_DH_anon_WITH_AES_128_CBC_SHA256 => ADH-AES128-SHA256
[DEBUG] [2022-11-12 21:49:10] CipherSuiteConverter.cacheFromOpenSsl(333) | Cipher suite mapping: SSL_DH_anon_WITH_AES_128_CBC_SHA256 => ADH-AES128-SHA256
[DEBUG] [2022-11-12 21:49:10] CipherSuiteConverter.cacheFromOpenSsl(332) | Cipher suite mapping: TLS_DH_anon_WITH_AES_128_CBC_SHA => ADH-AES128-SHA
[DEBUG] [2022-11-12 21:49:10] CipherSuiteConverter.cacheFromOpenSsl(333) | Cipher suite mapping: SSL_DH_anon_WITH_AES_128_CBC_SHA => ADH-AES128-SHA
[DEBUG] [2022-11-12 21:49:10] CipherSuiteConverter.cacheFromOpenSsl(332) | Cipher suite mapping: TLS_DH_anon_WITH_SEED_SHA => ADH-SEED-SHA
[DEBUG] [2022-11-12 21:49:10] CipherSuiteConverter.cacheFromOpenSsl(333) | Cipher suite mapping: SSL_DH_anon_WITH_SEED_SHA => ADH-SEED-SHA
[DEBUG] [2022-11-12 21:49:10] CipherSuiteConverter.cacheFromOpenSsl(332) | Cipher suite mapping: TLS_DH_anon_WITH_CAMELLIA128_SHA => ADH-CAMELLIA128-SHA
[DEBUG] [2022-11-12 21:49:10] CipherSuiteConverter.cacheFromOpenSsl(333) | Cipher suite mapping: SSL_DH_anon_WITH_CAMELLIA128_SHA => ADH-CAMELLIA128-SHA
[DEBUG] [2022-11-12 21:49:10] CipherSuiteConverter.cacheFromOpenSsl(332) | Cipher suite mapping: TLS_ECDH_RSA_WITH_AES_128_GCM_SHA256 => ECDH-RSA-AES128-GCM-SHA256
[DEBUG] [2022-11-12 21:49:10] CipherSuiteConverter.cacheFromOpenSsl(333) | Cipher suite mapping: SSL_ECDH_RSA_WITH_AES_128_GCM_SHA256 => ECDH-RSA-AES128-GCM-SHA256
[DEBUG] [2022-11-12 21:49:10] CipherSuiteConverter.cacheFromOpenSsl(332) | Cipher suite mapping: TLS_ECDH_ECDSA_WITH_AES_128_GCM_SHA256 => ECDH-ECDSA-AES128-GCM-SHA256
[DEBUG] [2022-11-12 21:49:10] CipherSuiteConverter.cacheFromOpenSsl(333) | Cipher suite mapping: SSL_ECDH_ECDSA_WITH_AES_128_GCM_SHA256 => ECDH-ECDSA-AES128-GCM-SHA256
[DEBUG] [2022-11-12 21:49:10] CipherSuiteConverter.cacheFromOpenSsl(332) | Cipher suite mapping: TLS_ECDH_RSA_WITH_AES_128_CBC_SHA256 => ECDH-RSA-AES128-SHA256
[DEBUG] [2022-11-12 21:49:10] CipherSuiteConverter.cacheFromOpenSsl(333) | Cipher suite mapping: SSL_ECDH_RSA_WITH_AES_128_CBC_SHA256 => ECDH-RSA-AES128-SHA256
[DEBUG] [2022-11-12 21:49:10] CipherSuiteConverter.cacheFromOpenSsl(332) | Cipher suite mapping: TLS_ECDH_ECDSA_WITH_AES_128_CBC_SHA256 => ECDH-ECDSA-AES128-SHA256
[DEBUG] [2022-11-12 21:49:10] CipherSuiteConverter.cacheFromOpenSsl(333) | Cipher suite mapping: SSL_ECDH_ECDSA_WITH_AES_128_CBC_SHA256 => ECDH-ECDSA-AES128-SHA256
[DEBUG] [2022-11-12 21:49:10] CipherSuiteConverter.cacheFromOpenSsl(332) | Cipher suite mapping: TLS_ECDH_RSA_WITH_AES_128_CBC_SHA => ECDH-RSA-AES128-SHA
[DEBUG] [2022-11-12 21:49:10] CipherSuiteConverter.cacheFromOpenSsl(333) | Cipher suite mapping: SSL_ECDH_RSA_WITH_AES_128_CBC_SHA => ECDH-RSA-AES128-SHA
[DEBUG] [2022-11-12 21:49:10] CipherSuiteConverter.cacheFromOpenSsl(332) | Cipher suite mapping: TLS_ECDH_ECDSA_WITH_AES_128_CBC_SHA => ECDH-ECDSA-AES128-SHA
[DEBUG] [2022-11-12 21:49:10] CipherSuiteConverter.cacheFromOpenSsl(333) | Cipher suite mapping: SSL_ECDH_ECDSA_WITH_AES_128_CBC_SHA => ECDH-ECDSA-AES128-SHA
[DEBUG] [2022-11-12 21:49:10] CipherSuiteConverter.cacheFromOpenSsl(332) | Cipher suite mapping: TLS_RSA_WITH_AES_128_GCM_SHA256 => AES128-GCM-SHA256
[DEBUG] [2022-11-12 21:49:10] CipherSuiteConverter.cacheFromOpenSsl(333) | Cipher suite mapping: SSL_RSA_WITH_AES_128_GCM_SHA256 => AES128-GCM-SHA256
[DEBUG] [2022-11-12 21:49:10] CipherSuiteConverter.cacheFromOpenSsl(332) | Cipher suite mapping: TLS_RSA_WITH_AES_128_CBC_SHA256 => AES128-SHA256
[DEBUG] [2022-11-12 21:49:10] CipherSuiteConverter.cacheFromOpenSsl(333) | Cipher suite mapping: SSL_RSA_WITH_AES_128_CBC_SHA256 => AES128-SHA256
[DEBUG] [2022-11-12 21:49:10] CipherSuiteConverter.cacheFromOpenSsl(332) | Cipher suite mapping: TLS_RSA_WITH_AES_128_CBC_SHA => AES128-SHA
[DEBUG] [2022-11-12 21:49:10] CipherSuiteConverter.cacheFromOpenSsl(333) | Cipher suite mapping: SSL_RSA_WITH_AES_128_CBC_SHA => AES128-SHA
[DEBUG] [2022-11-12 21:49:10] CipherSuiteConverter.cacheFromOpenSsl(332) | Cipher suite mapping: TLS_RSA_WITH_SEED_SHA => SEED-SHA
[DEBUG] [2022-11-12 21:49:10] CipherSuiteConverter.cacheFromOpenSsl(333) | Cipher suite mapping: SSL_RSA_WITH_SEED_SHA => SEED-SHA
[DEBUG] [2022-11-12 21:49:10] CipherSuiteConverter.cacheFromOpenSsl(332) | Cipher suite mapping: TLS_RSA_WITH_CAMELLIA128_SHA => CAMELLIA128-SHA
[DEBUG] [2022-11-12 21:49:10] CipherSuiteConverter.cacheFromOpenSsl(333) | Cipher suite mapping: SSL_RSA_WITH_CAMELLIA128_SHA => CAMELLIA128-SHA
[DEBUG] [2022-11-12 21:49:10] CipherSuiteConverter.cacheFromOpenSsl(332) | Cipher suite mapping: TLS_RSA_WITH_IDEA_CBC_SHA => IDEA-CBC-SHA
[DEBUG] [2022-11-12 21:49:10] CipherSuiteConverter.cacheFromOpenSsl(333) | Cipher suite mapping: SSL_RSA_WITH_IDEA_CBC_SHA => IDEA-CBC-SHA
[DEBUG] [2022-11-12 21:49:10] CipherSuiteConverter.cacheFromOpenSsl(332) | Cipher suite mapping: TLS_PSK_WITH_AES_128_CBC_SHA => PSK-AES128-CBC-SHA
[DEBUG] [2022-11-12 21:49:10] CipherSuiteConverter.cacheFromOpenSsl(333) | Cipher suite mapping: SSL_PSK_WITH_AES_128_CBC_SHA => PSK-AES128-CBC-SHA
[DEBUG] [2022-11-12 21:49:10] CipherSuiteConverter.cacheFromOpenSsl(332) | Cipher suite mapping: TLS_ECDHE_RSA_WITH_RC4_128_SHA => ECDHE-RSA-RC4-SHA
[DEBUG] [2022-11-12 21:49:10] CipherSuiteConverter.cacheFromOpenSsl(333) | Cipher suite mapping: SSL_ECDHE_RSA_WITH_RC4_128_SHA => ECDHE-RSA-RC4-SHA
[DEBUG] [2022-11-12 21:49:10] CipherSuiteConverter.cacheFromOpenSsl(332) | Cipher suite mapping: TLS_ECDHE_ECDSA_WITH_RC4_128_SHA => ECDHE-ECDSA-RC4-SHA
[DEBUG] [2022-11-12 21:49:10] CipherSuiteConverter.cacheFromOpenSsl(333) | Cipher suite mapping: SSL_ECDHE_ECDSA_WITH_RC4_128_SHA => ECDHE-ECDSA-RC4-SHA
[DEBUG] [2022-11-12 21:49:10] CipherSuiteConverter.cacheFromOpenSsl(332) | Cipher suite mapping: TLS_ECDH_anon_WITH_RC4_128_SHA => AECDH-RC4-SHA
[DEBUG] [2022-11-12 21:49:10] CipherSuiteConverter.cacheFromOpenSsl(333) | Cipher suite mapping: SSL_ECDH_anon_WITH_RC4_128_SHA => AECDH-RC4-SHA
[DEBUG] [2022-11-12 21:49:10] CipherSuiteConverter.cacheFromOpenSsl(332) | Cipher suite mapping: TLS_DH_anon_WITH_RC4_128_MD5 => ADH-RC4-MD5
[DEBUG] [2022-11-12 21:49:10] CipherSuiteConverter.cacheFromOpenSsl(333) | Cipher suite mapping: SSL_DH_anon_WITH_RC4_128_MD5 => ADH-RC4-MD5
[DEBUG] [2022-11-12 21:49:10] CipherSuiteConverter.cacheFromOpenSsl(332) | Cipher suite mapping: TLS_ECDH_RSA_WITH_RC4_128_SHA => ECDH-RSA-RC4-SHA
[DEBUG] [2022-11-12 21:49:10] CipherSuiteConverter.cacheFromOpenSsl(333) | Cipher suite mapping: SSL_ECDH_RSA_WITH_RC4_128_SHA => ECDH-RSA-RC4-SHA
[DEBUG] [2022-11-12 21:49:10] CipherSuiteConverter.cacheFromOpenSsl(332) | Cipher suite mapping: TLS_ECDH_ECDSA_WITH_RC4_128_SHA => ECDH-ECDSA-RC4-SHA
[DEBUG] [2022-11-12 21:49:10] CipherSuiteConverter.cacheFromOpenSsl(333) | Cipher suite mapping: SSL_ECDH_ECDSA_WITH_RC4_128_SHA => ECDH-ECDSA-RC4-SHA
[DEBUG] [2022-11-12 21:49:10] CipherSuiteConverter.cacheFromOpenSsl(332) | Cipher suite mapping: TLS_RSA_WITH_RC4_128_SHA => RC4-SHA
[DEBUG] [2022-11-12 21:49:10] CipherSuiteConverter.cacheFromOpenSsl(333) | Cipher suite mapping: SSL_RSA_WITH_RC4_128_SHA => RC4-SHA
[DEBUG] [2022-11-12 21:49:10] CipherSuiteConverter.cacheFromOpenSsl(332) | Cipher suite mapping: TLS_RSA_WITH_RC4_128_MD5 => RC4-MD5
[DEBUG] [2022-11-12 21:49:10] CipherSuiteConverter.cacheFromOpenSsl(333) | Cipher suite mapping: SSL_RSA_WITH_RC4_128_MD5 => RC4-MD5
[DEBUG] [2022-11-12 21:49:10] CipherSuiteConverter.cacheFromOpenSsl(332) | Cipher suite mapping: TLS_PSK_WITH_RC4_128_SHA => PSK-RC4-SHA
[DEBUG] [2022-11-12 21:49:10] CipherSuiteConverter.cacheFromOpenSsl(333) | Cipher suite mapping: SSL_PSK_WITH_RC4_128_SHA => PSK-RC4-SHA
[DEBUG] [2022-11-12 21:49:10] CipherSuiteConverter.cacheFromOpenSsl(332) | Cipher suite mapping: TLS_ECDHE_RSA_WITH_3DES_EDE_CBC_SHA => ECDHE-RSA-DES-CBC3-SHA
[DEBUG] [2022-11-12 21:49:10] CipherSuiteConverter.cacheFromOpenSsl(333) | Cipher suite mapping: SSL_ECDHE_RSA_WITH_3DES_EDE_CBC_SHA => ECDHE-RSA-DES-CBC3-SHA
[DEBUG] [2022-11-12 21:49:10] CipherSuiteConverter.cacheFromOpenSsl(332) | Cipher suite mapping: TLS_ECDHE_ECDSA_WITH_3DES_EDE_CBC_SHA => ECDHE-ECDSA-DES-CBC3-SHA
[DEBUG] [2022-11-12 21:49:10] CipherSuiteConverter.cacheFromOpenSsl(333) | Cipher suite mapping: SSL_ECDHE_ECDSA_WITH_3DES_EDE_CBC_SHA => ECDHE-ECDSA-DES-CBC3-SHA
[DEBUG] [2022-11-12 21:49:10] CipherSuiteConverter.cacheFromOpenSsl(332) | Cipher suite mapping: TLS_SRP_DSS_WITH_3DES_EDE_CBC_SHA => SRP-DSS-3DES-EDE-CBC-SHA
[DEBUG] [2022-11-12 21:49:10] CipherSuiteConverter.cacheFromOpenSsl(333) | Cipher suite mapping: SSL_SRP_DSS_WITH_3DES_EDE_CBC_SHA => SRP-DSS-3DES-EDE-CBC-SHA
[DEBUG] [2022-11-12 21:49:10] CipherSuiteConverter.cacheFromOpenSsl(332) | Cipher suite mapping: TLS_SRP_RSA_WITH_3DES_EDE_CBC_SHA => SRP-RSA-3DES-EDE-CBC-SHA
[DEBUG] [2022-11-12 21:49:10] CipherSuiteConverter.cacheFromOpenSsl(333) | Cipher suite mapping: SSL_SRP_RSA_WITH_3DES_EDE_CBC_SHA => SRP-RSA-3DES-EDE-CBC-SHA
[DEBUG] [2022-11-12 21:49:10] CipherSuiteConverter.cacheFromOpenSsl(332) | Cipher suite mapping: TLS_SRP_WITH_3DES_EDE_CBC_SHA => SRP-3DES-EDE-CBC-SHA
[DEBUG] [2022-11-12 21:49:10] CipherSuiteConverter.cacheFromOpenSsl(333) | Cipher suite mapping: SSL_SRP_WITH_3DES_EDE_CBC_SHA => SRP-3DES-EDE-CBC-SHA
[DEBUG] [2022-11-12 21:49:10] CipherSuiteConverter.cacheFromOpenSsl(332) | Cipher suite mapping: TLS_EDH_RSA_WITH_3DES_EDE_CBC_SHA => EDH-RSA-DES-CBC3-SHA
[DEBUG] [2022-11-12 21:49:10] CipherSuiteConverter.cacheFromOpenSsl(333) | Cipher suite mapping: SSL_EDH_RSA_WITH_3DES_EDE_CBC_SHA => EDH-RSA-DES-CBC3-SHA
[DEBUG] [2022-11-12 21:49:10] CipherSuiteConverter.cacheFromOpenSsl(332) | Cipher suite mapping: TLS_EDH_DSS_WITH_3DES_EDE_CBC_SHA => EDH-DSS-DES-CBC3-SHA
[DEBUG] [2022-11-12 21:49:10] CipherSuiteConverter.cacheFromOpenSsl(333) | Cipher suite mapping: SSL_EDH_DSS_WITH_3DES_EDE_CBC_SHA => EDH-DSS-DES-CBC3-SHA
[DEBUG] [2022-11-12 21:49:10] CipherSuiteConverter.cacheFromOpenSsl(332) | Cipher suite mapping: TLS_RSA_WITH_DH_RSA_DES_CBC3_SHA => DH-RSA-DES-CBC3-SHA
[DEBUG] [2022-11-12 21:49:10] CipherSuiteConverter.cacheFromOpenSsl(333) | Cipher suite mapping: SSL_RSA_WITH_DH_RSA_DES_CBC3_SHA => DH-RSA-DES-CBC3-SHA
[DEBUG] [2022-11-12 21:49:10] CipherSuiteConverter.cacheFromOpenSsl(332) | Cipher suite mapping: TLS_RSA_WITH_DH_DSS_DES_CBC3_SHA => DH-DSS-DES-CBC3-SHA
[DEBUG] [2022-11-12 21:49:10] CipherSuiteConverter.cacheFromOpenSsl(333) | Cipher suite mapping: SSL_RSA_WITH_DH_DSS_DES_CBC3_SHA => DH-DSS-DES-CBC3-SHA
[DEBUG] [2022-11-12 21:49:10] CipherSuiteConverter.cacheFromOpenSsl(332) | Cipher suite mapping: TLS_ECDH_anon_WITH_3DES_EDE_CBC_SHA => AECDH-DES-CBC3-SHA
[DEBUG] [2022-11-12 21:49:10] CipherSuiteConverter.cacheFromOpenSsl(333) | Cipher suite mapping: SSL_ECDH_anon_WITH_3DES_EDE_CBC_SHA => AECDH-DES-CBC3-SHA
[DEBUG] [2022-11-12 21:49:10] CipherSuiteConverter.cacheFromOpenSsl(332) | Cipher suite mapping: TLS_DH_anon_WITH_3DES_EDE_CBC_SHA => ADH-DES-CBC3-SHA
[DEBUG] [2022-11-12 21:49:10] CipherSuiteConverter.cacheFromOpenSsl(333) | Cipher suite mapping: SSL_DH_anon_WITH_3DES_EDE_CBC_SHA => ADH-DES-CBC3-SHA
[DEBUG] [2022-11-12 21:49:10] CipherSuiteConverter.cacheFromOpenSsl(332) | Cipher suite mapping: TLS_ECDH_RSA_WITH_3DES_EDE_CBC_SHA => ECDH-RSA-DES-CBC3-SHA
[DEBUG] [2022-11-12 21:49:10] CipherSuiteConverter.cacheFromOpenSsl(333) | Cipher suite mapping: SSL_ECDH_RSA_WITH_3DES_EDE_CBC_SHA => ECDH-RSA-DES-CBC3-SHA
[DEBUG] [2022-11-12 21:49:10] CipherSuiteConverter.cacheFromOpenSsl(332) | Cipher suite mapping: TLS_ECDH_ECDSA_WITH_3DES_EDE_CBC_SHA => ECDH-ECDSA-DES-CBC3-SHA
[DEBUG] [2022-11-12 21:49:10] CipherSuiteConverter.cacheFromOpenSsl(333) | Cipher suite mapping: SSL_ECDH_ECDSA_WITH_3DES_EDE_CBC_SHA => ECDH-ECDSA-DES-CBC3-SHA
[DEBUG] [2022-11-12 21:49:10] CipherSuiteConverter.cacheFromOpenSsl(332) | Cipher suite mapping: TLS_RSA_WITH_3DES_EDE_CBC_SHA => DES-CBC3-SHA
[DEBUG] [2022-11-12 21:49:10] CipherSuiteConverter.cacheFromOpenSsl(333) | Cipher suite mapping: SSL_RSA_WITH_3DES_EDE_CBC_SHA => DES-CBC3-SHA
[DEBUG] [2022-11-12 21:49:10] CipherSuiteConverter.cacheFromOpenSsl(332) | Cipher suite mapping: TLS_PSK_WITH_3DES_EDE_CBC_SHA => PSK-3DES-EDE-CBC-SHA
[DEBUG] [2022-11-12 21:49:10] CipherSuiteConverter.cacheFromOpenSsl(333) | Cipher suite mapping: SSL_PSK_WITH_3DES_EDE_CBC_SHA => PSK-3DES-EDE-CBC-SHA
[DEBUG] [2022-11-12 21:49:10] OpenSsl.<clinit>(437) | Supported protocols (OpenSSL): [SSLv2Hello, TLSv1, TLSv1.1, TLSv1.2] 
[DEBUG] [2022-11-12 21:49:10] OpenSsl.<clinit>(438) | Default cipher suites (OpenSSL): [TLS_ECDHE_ECDSA_WITH_AES_256_GCM_SHA384, TLS_ECDHE_ECDSA_WITH_AES_128_GCM_SHA256, TLS_ECDHE_RSA_WITH_AES_128_GCM_SHA256, TLS_ECDHE_RSA_WITH_AES_256_GCM_SHA384, TLS_ECDHE_RSA_WITH_AES_128_CBC_SHA, TLS_ECDHE_RSA_WITH_AES_256_CBC_SHA, TLS_RSA_WITH_AES_128_GCM_SHA256, TLS_RSA_WITH_AES_128_CBC_SHA, TLS_RSA_WITH_AES_256_CBC_SHA]
[DEBUG] [2022-11-12 21:49:10] ResourceLeakDetectorFactory$DefaultResourceLeakDetectorFactory.newResourceLeakDetector(196) | Loaded default ResourceLeakDetector: io.netty.util.ResourceLeakDetector@19ae6bb
[DEBUG] [2022-11-12 21:49:10] ConnectionManager.startConnect(111) | startConnect to 127.0.0.1:20200
[DEBUG] [2022-11-12 21:49:10] DefaultChannelId.<clinit>(79) | -Dio.netty.processId: 46588 (auto-detected)
[DEBUG] [2022-11-12 21:49:10] DefaultChannelId.<clinit>(101) | -Dio.netty.machineId: ac:de:48:ff:fe:00:11:22 (auto-detected)
[DEBUG] [2022-11-12 21:49:10] ConnectionManager.startConnect(111) | startConnect to 127.0.0.1:20201
[DEBUG] [2022-11-12 21:49:10] ResourceLeakDetectorFactory$DefaultResourceLeakDetectorFactory.newResourceLeakDetector(196) | Loaded default ResourceLeakDetector: io.netty.util.ResourceLeakDetector@db262c5
[INFO] [2022-11-12 21:49:10] ConnectionManager.checkConnectionResult(402) |  ssl handshake success 127.0.0.1:20200
[INFO] [2022-11-12 21:49:10] ConnectionManager.checkConnectionResult(402) |  ssl handshake success 127.0.0.1:20201
[DEBUG] [2022-11-12 21:49:10] ConnectionManager.startConnect(146) |  start connect end. 
[DEBUG] [2022-11-12 21:49:10] ConnectionManager.startReconnectSchedule(150) |  start reconnect schedule
[DEBUG] [2022-11-12 21:49:10] SslHandler.setHandshakeSuccess(1831) | [id: 0x70d9a2a2, L:/127.0.0.1:51733 - R:/127.0.0.1:20200] HANDSHAKEN: protocol:TLSv1.2 cipher suite:TLS_RSA_WITH_AES_128_GCM_SHA256
[DEBUG] [2022-11-12 21:49:10] SslHandler.setHandshakeSuccess(1831) | [id: 0xa01209c0, L:/127.0.0.1:51734 - R:/127.0.0.1:20201] HANDSHAKEN: protocol:TLSv1.2 cipher suite:TLS_RSA_WITH_AES_128_GCM_SHA256
[INFO] [2022-11-12 21:49:10] ChannelHandler.userEventTriggered(73) |  handshake success, host: 127.0.0.1, port: 20200, ctx: 293487298
[INFO] [2022-11-12 21:49:10] ChannelHandler.userEventTriggered(73) |  handshake success, host: 127.0.0.1, port: 20201, ctx: 59290151
[DEBUG] [2022-11-12 21:49:10] ConnectionManager.addConnectionContext(453) | addConnectionContext, endpoint: 127.0.0.1:20201, ctx:ChannelHandlerContext(ChannelHandler#0, [id: 0xa01209c0, L:/127.0.0.1:51734 - R:/127.0.0.1:20201])
[DEBUG] [2022-11-12 21:49:10] ConnectionManager.addConnectionContext(453) | addConnectionContext, endpoint: 127.0.0.1:20200, ctx:ChannelHandlerContext(ChannelHandler#0, [id: 0x70d9a2a2, L:/127.0.0.1:51733 - R:/127.0.0.1:20200])
[DEBUG] [2022-11-12 21:49:10] ChannelMsgHandler.onConnect(112) | onConnect in ChannelMsgHandler called, host : 127.0.0.1:20200
[DEBUG] [2022-11-12 21:49:10] ChannelMsgHandler.onConnect(112) | onConnect in ChannelMsgHandler called, host : 127.0.0.1:20201
[DEBUG] [2022-11-12 21:49:10] ChannelMsgHandler.onMessage(123) | onMessage in ChannelMsgHandler called, host : 127.0.0.1:20200, seq : c85151167c86460fa28cceecc937a908, msgType : 18
[DEBUG] [2022-11-12 21:49:10] ChannelMsgHandler.onMessage(123) | onMessage in ChannelMsgHandler called, host : 127.0.0.1:20201, seq : 81d0b800506f45008368b515ceebd10a, msgType : 18
[INFO] [2022-11-12 21:49:11] ChannelMsgHandler$1.onResponse(225) |  node: ClientVersion{version='2.9.1', supportedVersion='2.9.1', chainId='1', buildTime='20220922 09:45:21', buildType='Darwin/appleclang/RelWithDebInfo', gitBranch='HEAD', gitCommitHash='83a87ad749475c0edcc6d5ce2dabd328a36d3bae'}, content: {"id":0,"jsonrpc":"2.0","result":{"Build Time":"20220922 09:45:21","Build Type":"Darwin/appleclang/RelWithDebInfo","Chain Id":"1","FISCO-BCOS Version":"2.9.1","Git Branch":"HEAD","Git Commit Hash":"83a87ad749475c0edcc6d5ce2dabd328a36d3bae","Supported Version":"2.9.1"}}

[INFO] [2022-11-12 21:49:11] ChannelMsgHandler$1.onResponse(225) |  node: ClientVersion{version='2.9.1', supportedVersion='2.9.1', chainId='1', buildTime='20220922 09:45:21', buildType='Darwin/appleclang/RelWithDebInfo', gitBranch='HEAD', gitCommitHash='83a87ad749475c0edcc6d5ce2dabd328a36d3bae'}, content: {"id":1,"jsonrpc":"2.0","result":{"Build Time":"20220922 09:45:21","Build Type":"Darwin/appleclang/RelWithDebInfo","Chain Id":"1","FISCO-BCOS Version":"2.9.1","Git Branch":"HEAD","Git Commit Hash":"83a87ad749475c0edcc6d5ce2dabd328a36d3bae","Supported Version":"2.9.1"}}

[INFO] [2022-11-12 21:49:11] ChannelMsgHandler$1.onResponse(233) |  support channel handshake node
[INFO] [2022-11-12 21:49:11] ChannelMsgHandler$1.onResponse(233) |  support channel handshake node
[DEBUG] [2022-11-12 21:49:11] ChannelMsgHandler.onMessage(123) | onMessage in ChannelMsgHandler called, host : 127.0.0.1:20200, seq : 3068a2589e744c158e230337b001bf9b, msgType : 20
[DEBUG] [2022-11-12 21:49:11] ChannelMsgHandler.onMessage(123) | onMessage in ChannelMsgHandler called, host : 127.0.0.1:20201, seq : e60b40641e9d445dbdd7a9f7e0c93c80, msgType : 20
[INFO] [2022-11-12 21:49:11] ChannelMsgHandler$2.onResponse(309) |  channel protocol handshake success, set socket channel protocol, host: 127.0.0.1:20201, channel protocol: ChannelProtocol [protocol=3, nodeVersion=2.9.1, EnumProtocol=VERSION_3]
[INFO] [2022-11-12 21:49:11] ChannelMsgHandler$2.onResponse(309) |  channel protocol handshake success, set socket channel protocol, host: 127.0.0.1:20200, channel protocol: ChannelProtocol [protocol=3, nodeVersion=2.9.1, EnumProtocol=VERSION_3]
[INFO] [2022-11-12 21:49:11] ChannelImp.checkConnectionsToStartPeriodTask(126) |  Connect to  nodes: 127.0.0.1:20200, 127.0.0.1:20201, 
[DEBUG] [2022-11-12 21:49:11] ChannelImp.start(92) | ====> Start the channel success
[INFO] [2022-11-12 21:49:11] BcosSDK.<init>(77) | create BcosSDK, start channel success, cryptoType: 0
[DEBUG] [2022-11-12 21:49:11] ThreadPoolService.<init>(37) | Create ThreadPoolService, threadName: channelProcessor, corePoolSize: 16, maxBlockingQueueSize: 102400
[INFO] [2022-11-12 21:49:11] BcosSDK.<init>(87) | create BcosSDK, start channel succ, channelProcessorThreadSize: 16, receiptProcessorThreadSize: 16
[DEBUG] [2022-11-12 21:49:11] ChannelMsgHandler.onMessage(123) | onMessage in ChannelMsgHandler called, host : 127.0.0.1:20200, seq : 2478e50c071143c1bb1b9058f956884b, msgType : 19
[DEBUG] [2022-11-12 21:49:11] ChannelMsgHandler.onMessage(123) | onMessage in ChannelMsgHandler called, host : 127.0.0.1:20201, seq : ccaba993da6e4e4fa8f59d62dc129d25, msgType : 19
[DEBUG] [2022-11-12 21:49:11] ThreadPoolService.<init>(37) | Create ThreadPoolService, threadName: GroupManagerServiceImpl, corePoolSize: 16, maxBlockingQueueSize: 102400
[INFO] [2022-11-12 21:49:11] GroupManagerServiceImpl.registerBlockNumberNotifyHandler(259) | registerBlockNumberNotifyHandler
[INFO] [2022-11-12 21:49:11] GroupManagerServiceImpl.registerTransactionNotifyHandler(281) | registerTransactionNotifyHandler
[DEBUG] [2022-11-12 21:49:11] ChannelMsgHandler.onMessage(123) | onMessage in ChannelMsgHandler called, host : 127.0.0.1:20200, seq : 8ddaf99675af415bb543acf27eaa78b9, msgType : 18
[DEBUG] [2022-11-12 21:49:11] GroupServiceImpl.<init>(45) | insert group: 1 for peer 127.0.0.1:20200
[DEBUG] [2022-11-12 21:49:11] GroupManagerServiceImpl.getAndUpdateBlockNumberForAllPeers(528) | g: 1, getAndUpdateBlockNumberForAllPeers, group availablePeers:[127.0.0.1:20200]
[DEBUG] [2022-11-12 21:49:11] ChannelMsgHandler.onMessage(123) | onMessage in ChannelMsgHandler called, host : 127.0.0.1:20200, seq : f5ad70d9e6ae4354aa4a61adf685e564, msgType : 18
[DEBUG] [2022-11-12 21:49:11] GroupServiceImpl.updatePeersBlockNumberInfo(104) | updatePeersBlockNumberInfo for 127.0.0.1:20200, updated blockNumber: 19, groupId: 1
[DEBUG] [2022-11-12 21:49:11] GroupServiceImpl.updateLatestBlockNumber(127) | g:1, updateLatestBlockNumber, latestBlockNumber: 19, nodeWithLatestBlockNumber:[127.0.0.1:20200]
[DEBUG] [2022-11-12 21:49:11] GroupManagerServiceImpl.fetchAndUpdateBlockNumberInfo(542) | fetch and update the blockNumber information, groupId: 1, peer:127.0.0.1:20200, blockNumber: 19
[DEBUG] [2022-11-12 21:49:11] ChannelMsgHandler.onMessage(123) | onMessage in ChannelMsgHandler called, host : 127.0.0.1:20201, seq : 4a69f041209243fc843ee4c139d2e909, msgType : 18
[DEBUG] [2022-11-12 21:49:11] GroupServiceImpl.insertNode(84) | g:1, insertNode=127.0.0.1:20201, nodeSize=2, blockNumberInfoSize=1
[DEBUG] [2022-11-12 21:49:11] ChannelMsgHandler.onMessage(123) | onMessage in ChannelMsgHandler called, host : 127.0.0.1:20201, seq : 1defc0eb690542d89551d887057bfcd0, msgType : 18
[DEBUG] [2022-11-12 21:49:11] GroupServiceImpl.updatePeersBlockNumberInfo(104) | updatePeersBlockNumberInfo for 127.0.0.1:20201, updated blockNumber: 19, groupId: 1
[DEBUG] [2022-11-12 21:49:11] GroupServiceImpl.updateLatestBlockNumber(127) | g:1, updateLatestBlockNumber, latestBlockNumber: 19, nodeWithLatestBlockNumber:[127.0.0.1:20200, 127.0.0.1:20201]
[DEBUG] [2022-11-12 21:49:11] GroupManagerServiceImpl.fetchAndUpdateBlockNumberInfo(542) | fetch and update the blockNumber information, groupId: 1, peer:127.0.0.1:20201, blockNumber: 19
[DEBUG] [2022-11-12 21:49:11] ChannelMsgHandler.onMessage(123) | onMessage in ChannelMsgHandler called, host : 127.0.0.1:20200, seq : 5a335c8116d8491cae009f2a4a963582, msgType : 18
[DEBUG] [2022-11-12 21:49:11] ChannelMsgHandler.onMessage(123) | onMessage in ChannelMsgHandler called, host : 127.0.0.1:20201, seq : 0c2654aa68cc4f49bf992beac41f6619, msgType : 18
[DEBUG] [2022-11-12 21:49:11] GroupManagerServiceImpl.start(445) | start GroupManagerService...
[INFO] [2022-11-12 21:49:11] BcosSDK.<init>(98) | create BcosSDK, create groupManagerService success
[DEBUG] [2022-11-12 21:49:11] ChannelMsgHandler.onMessage(123) | onMessage in ChannelMsgHandler called, host : 127.0.0.1:20200, seq : 1c5824ca05424028a13bf1a5c71074b9, msgType : 18
[DEBUG] [2022-11-12 21:49:11] ChannelMsgHandler.onMessage(123) | onMessage in ChannelMsgHandler called, host : 127.0.0.1:20201, seq : e0fb8f5821034d4eba90c899bbdb0ea8, msgType : 18
[DEBUG] [2022-11-12 21:49:11] KeyTool.getMethod(309) | try to get method for EC5Util failed, method name: convertSpec
[DEBUG] [2022-11-12 21:49:11] KeyTool.getMethod(309) | try to get method for EC5Util failed, method name: convertSpec
[DEBUG] [2022-11-12 21:49:11] KeyTool.getMethod(309) | try to get method for EC5Util failed, method name: convertSpec
[DEBUG] [2022-11-12 21:49:11] KeyTool.getMethod(309) | try to get method for EC5Util failed, method name: convertSpec
[DEBUG] [2022-11-12 21:49:11] KeyTool.getMethod(309) | try to get method for EC5Util failed, method name: convertSpec
[DEBUG] [2022-11-12 21:49:11] KeyTool.getMethod(309) | try to get method for EC5Util failed, method name: convertSpec
[DEBUG] [2022-11-12 21:49:11] KeyTool.getMethod(309) | try to get method for EC5Util failed, method name: convertSpec
[DEBUG] [2022-11-12 21:49:11] KeyTool.getMethod(309) | try to get method for EC5Util failed, method name: convertSpec
[DEBUG] [2022-11-12 21:49:11] KeyTool.getMethod(309) | try to get method for EC5Util failed, method name: convertSpec
[DEBUG] [2022-11-12 21:49:11] KeyTool.getMethod(309) | try to get method for EC5Util failed, method name: convertSpec
[DEBUG] [2022-11-12 21:49:11] KeyTool.getMethod(309) | try to get method for EC5Util failed, method name: convertSpec
[DEBUG] [2022-11-12 21:49:11] KeyTool.getMethod(309) | try to get method for EC5Util failed, method name: convertSpec
[DEBUG] [2022-11-12 21:49:11] KeyTool.getMethod(309) | try to get method for EC5Util failed, method name: convertSpec
[DEBUG] [2022-11-12 21:49:11] KeyTool.getMethod(309) | try to get method for EC5Util failed, method name: convertSpec
[DEBUG] [2022-11-12 21:49:11] KeyTool.getMethod(309) | try to get method for EC5Util failed, method name: convertSpec
[DEBUG] [2022-11-12 21:49:11] KeyTool.getMethod(309) | try to get method for EC5Util failed, method name: convertSpec
[DEBUG] [2022-11-12 21:49:11] KeyTool.getMethod(309) | try to get method for EC5Util failed, method name: convertSpec
[DEBUG] [2022-11-12 21:49:11] KeyTool.getMethod(309) | try to get method for EC5Util failed, method name: convertSpec
[DEBUG] [2022-11-12 21:49:11] GroupManagerServiceImpl.setAmop(806) | register blockNotify for 127.0.0.1:20200, groupList: [1]
[DEBUG] [2022-11-12 21:49:11] TopicManager.updateBlockNotify(158) | update block notify, peer: 127.0.0.1:20200, groupInfo: [1]
[DEBUG] [2022-11-12 21:49:11] TopicManager.updateBlockNotify(163) | add block notify, peer: 127.0.0.1:20200, topic: _block_notify_1
[INFO] [2022-11-12 21:49:11] AmopImp.sendSubscribe(216) | update subscribe inform 2 peers
[DEBUG] [2022-11-12 21:49:11] AmopImp.updateSubscribeToPeer(238) | update topics to node, node:127.0.0.1:20200, topics:["_block_notify_1"]
[DEBUG] [2022-11-12 21:49:11] AmopImp.updateSubscribeToPeer(238) | update topics to node, node:127.0.0.1:20201, topics:[]
[DEBUG] [2022-11-12 21:49:11] GroupManagerServiceImpl.setAmop(806) | register blockNotify for 127.0.0.1:20201, groupList: [1]
[DEBUG] [2022-11-12 21:49:11] TopicManager.updateBlockNotify(158) | update block notify, peer: 127.0.0.1:20201, groupInfo: [1]
[DEBUG] [2022-11-12 21:49:11] TopicManager.updateBlockNotify(163) | add block notify, peer: 127.0.0.1:20201, topic: _block_notify_1
[INFO] [2022-11-12 21:49:11] AmopImp.sendSubscribe(216) | update subscribe inform 2 peers
[DEBUG] [2022-11-12 21:49:11] AmopImp.updateSubscribeToPeer(238) | update topics to node, node:127.0.0.1:20200, topics:["_block_notify_1"]
[DEBUG] [2022-11-12 21:49:11] AmopImp.updateSubscribeToPeer(238) | update topics to node, node:127.0.0.1:20201, topics:["_block_notify_1"]
[INFO] [2022-11-12 21:49:11] AmopImp.start(188) | amop module started
[INFO] [2022-11-12 21:49:11] AmopImp.sendSubscribe(216) | update subscribe inform 2 peers
[DEBUG] [2022-11-12 21:49:11] AmopImp.updateSubscribeToPeer(238) | update topics to node, node:127.0.0.1:20200, topics:["_block_notify_1"]
[DEBUG] [2022-11-12 21:49:11] AmopImp.updateSubscribeToPeer(238) | update topics to node, node:127.0.0.1:20201, topics:["_block_notify_1"]
[INFO] [2022-11-12 21:49:11] BcosSDK.<init>(103) | create BcosSDK, create Amop success
[DEBUG] [2022-11-12 21:49:11] ChannelMsgHandler.onMessage(123) | onMessage in ChannelMsgHandler called, host : 127.0.0.1:20200, seq : 527eb3681df547d49196a3465b688afd, msgType : 18
[DEBUG] [2022-11-12 21:49:11] ChannelMsgHandler.onMessage(123) | onMessage in ChannelMsgHandler called, host : 127.0.0.1:20201, seq : 41816388ca554ed7b381c9c7ec742cc3, msgType : 18
[DEBUG] [2022-11-12 21:49:11] ChannelMsgHandler.onMessage(123) | onMessage in ChannelMsgHandler called, host : 127.0.0.1:20200, seq : 056b24f8b5e74375ba8f47ae7851c2e5, msgType : 18
[DEBUG] [2022-11-12 21:49:11] ChannelMsgHandler.onMessage(123) | onMessage in ChannelMsgHandler called, host : 127.0.0.1:20201, seq : c6900b4fceff430e9637e91cd99b6d39, msgType : 18
[DEBUG] [2022-11-12 21:49:11] KeyTool.getMethod(309) | try to get method for EC5Util failed, method name: convertSpec
[DEBUG] [2022-11-12 21:49:11] KeyTool.getMethod(309) | try to get method for EC5Util failed, method name: convertSpec
[DEBUG] [2022-11-12 21:49:11] KeyTool.getMethod(309) | try to get method for EC5Util failed, method name: convertSpec
[DEBUG] [2022-11-12 21:49:11] KeyTool.getMethod(309) | try to get method for EC5Util failed, method name: convertSpec
[DEBUG] [2022-11-12 21:49:11] KeyTool.getMethod(309) | try to get method for EC5Util failed, method name: convertSpec
[DEBUG] [2022-11-12 21:49:11] KeyTool.getMethod(309) | try to get method for EC5Util failed, method name: convertSpec
[DEBUG] [2022-11-12 21:49:11] KeyTool.getMethod(309) | try to get method for EC5Util failed, method name: convertSpec
[DEBUG] [2022-11-12 21:49:11] KeyTool.getMethod(309) | try to get method for EC5Util failed, method name: convertSpec
[INFO] [2022-11-12 21:49:11] Client.build(114) | build client success for group 1, crypto type 0
[INFO] [2022-11-12 21:49:11] BcosSDK.getClient(178) | create client for group 1 success
[DEBUG] [2022-11-12 21:49:11] ChannelMsgHandler.onMessage(123) | onMessage in ChannelMsgHandler called, host : 127.0.0.1:20200, seq : 1d240ae7deb248aca55b70f7381c10c1, msgType : 18
[DEBUG] [2022-11-12 21:49:11] ChannelMsgHandler.onMessage(123) | onMessage in ChannelMsgHandler called, host : 127.0.0.1:20201, seq : ba63de1ac9944606953b265750f3093c, msgType : 18
[DEBUG] [2022-11-12 21:49:11] KeyTool.getMethod(309) | try to get method for EC5Util failed, method name: convertSpec
[DEBUG] [2022-11-12 21:49:11] KeyTool.getMethod(309) | try to get method for EC5Util failed, method name: convertSpec
[DEBUG] [2022-11-12 21:49:11] ZSClient.initialize(39) | create client for group1, account address is 0x14f0fb04030c4e0bb1d0a22bc63f95e1656ae122
[INFO] [2022-11-12 21:49:11] ZSClient.loadAssetAddr(75) |  load Asset address from contract.properties, address is 0x8d4f108d07e40a5a0eeeaa16f08f095b1edb976b
[DEBUG] [2022-11-12 21:49:11] TransactionProcessorFactory.getChainIdAndGroupId(35) | getNodeVersion before createTransactionManager, binaryVerison: 2.9.1, supportedVersion:2.9.1
[DEBUG] [2022-11-12 21:49:11] TransactionProcessorFactory.getChainIdAndGroupId(49) | createTransactionManager for >=rc2 node, chainId: 1, groupId: 1
[INFO] [2022-11-12 21:49:11] EventSubscribeImp.resendWaitingFilters(173) | Resend waiting filters, size: 0
[DEBUG] [2022-11-12 21:49:11] ChannelMsgHandler.onMessage(123) | onMessage in ChannelMsgHandler called, host : 127.0.0.1:20201, seq : 974cd68999854575ab04790b68ef0176, msgType : 18
