[DEBUG] [2022-11-08 21:16:36] AbstractApplicationContext.prepareRefresh(629) | Refreshing org.springframework.context.support.ClassPathXmlApplicationContext@7a0ac6e3
[DEBUG] [2022-11-08 21:16:37] XmlBeanDefinitionReader.doLoadBeanDefinitions(393) | Loaded 3 bean definitions from class path resource [applicationContext.xml]
[DEBUG] [2022-11-08 21:16:37] DefaultSingletonBeanRegistry.getSingleton(225) | Creating shared instance of singleton bean 'defaultConfigProperty'
[DEBUG] [2022-11-08 21:16:37] DefaultSingletonBeanRegistry.getSingleton(225) | Creating shared instance of singleton bean 'defaultConfigOption'
[DEBUG] [2022-11-08 21:16:37] CryptoMaterialConfig.<init>(137) | Load cryptoMaterial, caCertPath: conf/ca.crt, sdkCertPath: conf/sdk.crt, sdkPrivateKeyPath:conf/sdk.key, enSSLCertPath: null, enSSLPrivateKeyPath:null
[DEBUG] [2022-11-08 21:16:37] InternalLoggerFactory.useSlf4JLoggerFactory(63) | Using SLF4J as the default logging framework
[DEBUG] [2022-11-08 21:16:37] NetUtil.<clinit>(136) | -Djava.net.preferIPv4Stack: false
[DEBUG] [2022-11-08 21:16:37] NetUtil.<clinit>(137) | -Djava.net.preferIPv6Addresses: false
[DEBUG] [2022-11-08 21:16:37] NetUtilInitializations.determineLoopback(129) | Loopback interface: lo0 (lo0, 0:0:0:0:0:0:0:1%lo0)
[DEBUG] [2022-11-08 21:16:37] PlatformDependent0.explicitNoUnsafeCause0(495) | -Dio.netty.noUnsafe: false
[DEBUG] [2022-11-08 21:16:37] PlatformDependent0.javaVersion0(998) | Java version: 16
[DEBUG] [2022-11-08 21:16:37] PlatformDependent0.<clinit>(136) | sun.misc.Unsafe.theUnsafe: available
[DEBUG] [2022-11-08 21:16:37] PlatformDependent0.<clinit>(160) | sun.misc.Unsafe.copyMemory: available
[DEBUG] [2022-11-08 21:16:37] PlatformDependent0.<clinit>(192) | sun.misc.Unsafe.storeFence: available
[DEBUG] [2022-11-08 21:16:37] PlatformDependent0.<clinit>(235) | java.nio.Buffer.address: available
[DEBUG] [2022-11-08 21:16:37] PlatformDependent0.<clinit>(319) | direct buffer constructor: unavailable: Reflective setAccessible(true) disabled
[DEBUG] [2022-11-08 21:16:37] PlatformDependent0.<clinit>(384) | java.nio.Bits.unaligned: available, true
[DEBUG] [2022-11-08 21:16:37] PlatformDependent0.<clinit>(451) | jdk.internal.misc.Unsafe.allocateUninitializedArray(int): unavailable: class io.netty.util.internal.PlatformDependent0$7 cannot access class jdk.internal.misc.Unsafe (in module java.base) because module java.base does not export jdk.internal.misc to unnamed module @5bb4f7d1
[DEBUG] [2022-11-08 21:16:37] PlatformDependent0.<clinit>(481) | java.nio.DirectByteBuffer.<init>(long, int): unavailable
[DEBUG] [2022-11-08 21:16:37] PlatformDependent.unsafeUnavailabilityCause0(1120) | sun.misc.Unsafe: available
[DEBUG] [2022-11-08 21:16:37] PlatformDependent.estimateMaxDirectMemory(1231) | maxDirectMemory: 4294967296 bytes (maybe)
[DEBUG] [2022-11-08 21:16:37] PlatformDependent.tmpdir0(1250) | -Dio.netty.tmpdir: /var/folders/rc/fnqhpbkd16z6v2b00r9wk_xr0000gn/T (java.io.tmpdir)
[DEBUG] [2022-11-08 21:16:37] PlatformDependent.bitMode0(1329) | -Dio.netty.bitMode: 64 (sun.arch.data.model)
[DEBUG] [2022-11-08 21:16:37] PlatformDependent.isOsx0(1088) | Platform: MacOS
[DEBUG] [2022-11-08 21:16:37] PlatformDependent.<clinit>(178) | -Dio.netty.maxDirectMemory: -1 bytes
[DEBUG] [2022-11-08 21:16:37] PlatformDependent.<clinit>(185) | -Dio.netty.uninitializedArrayAllocationThreshold: -1
[DEBUG] [2022-11-08 21:16:37] CleanerJava9.<clinit>(71) | java.nio.ByteBuffer.cleaner(): available
[DEBUG] [2022-11-08 21:16:37] PlatformDependent.<clinit>(205) | -Dio.netty.noPreferDirect: false
[DEBUG] [2022-11-08 21:16:37] NetUtil$SoMaxConnAction.run(191) | Failed to get SOMAXCONN from sysctl and file /proc/sys/net/core/somaxconn. Default: 128
[DEBUG] [2022-11-08 21:16:37] ThreadPoolConfig.<init>(54) | Init ThreadPoolConfig, channelProcessorThreadSize: 16, receiptProcessorThreadSize: 16, maxBlockingQueueSize: 102400
[DEBUG] [2022-11-08 21:16:37] DefaultSingletonBeanRegistry.getSingleton(225) | Creating shared instance of singleton bean 'bcosSDK'
[DEBUG] [2022-11-08 21:16:37] ResourceLeakDetector.<clinit>(129) | -Dio.netty.leakDetection.level: simple
[DEBUG] [2022-11-08 21:16:37] ResourceLeakDetector.<clinit>(130) | -Dio.netty.leakDetection.targetRecords: 4
[DEBUG] [2022-11-08 21:16:37] ResourceLeakDetectorFactory$DefaultResourceLeakDetectorFactory.newResourceLeakDetector(196) | Loaded default ResourceLeakDetector: io.netty.util.ResourceLeakDetector@77f80c04
[DEBUG] [2022-11-08 21:16:37] PlatformDependent$Mpsc.<clinit>(971) | org.jctools-core.MpscChunkedArrayQueue: available
[DEBUG] [2022-11-08 21:16:37] InternalThreadLocalMap.<clinit>(86) | -Dio.netty.threadLocalMap.stringBuilder.initialSize: 1024
[DEBUG] [2022-11-08 21:16:37] InternalThreadLocalMap.<clinit>(89) | -Dio.netty.threadLocalMap.stringBuilder.maxSize: 4096
[INFO] [2022-11-08 21:16:37] ConnectionManager.<init>(88) |  all connections, size: 2, list: [ConnectionInfo{host='127.0.0.1', port=20200}, ConnectionInfo{host='127.0.0.1', port=20201}]
[INFO] [2022-11-08 21:16:37] NetworkImp.start(167) | 
* TRACE INFORMATION:
----------------------------
====> STEP1: try to connect nodes with ecdsa context...

[INFO] [2022-11-08 21:16:37] NetworkImp.start(174) | ====> <==== STEP1-1: Load certificates for ecdsa context success..., start connManager with ECDSA sslContext
[DEBUG] [2022-11-08 21:16:37] ConnectionManager.startConnect(99) |  start connect. 
[DEBUG] [2022-11-08 21:16:37] MultithreadEventLoopGroup.<clinit>(44) | -Dio.netty.eventLoopThreads: 16
[DEBUG] [2022-11-08 21:16:37] NioEventLoop.<clinit>(109) | -Dio.netty.noKeySetOptimization: false
[DEBUG] [2022-11-08 21:16:37] NioEventLoop.<clinit>(110) | -Dio.netty.selectorAutoRebuildThreshold: 512
[INFO] [2022-11-08 21:16:37] ConnectionManager.initSslContext(238) |  build ECDSA ssl context with configured certificates 
[DEBUG] [2022-11-08 21:16:37] AbstractByteBuf.<clinit>(63) | -Dio.netty.buffer.checkAccessible: true
[DEBUG] [2022-11-08 21:16:37] AbstractByteBuf.<clinit>(64) | -Dio.netty.buffer.checkBounds: true
[DEBUG] [2022-11-08 21:16:37] ResourceLeakDetectorFactory$DefaultResourceLeakDetectorFactory.newResourceLeakDetector(196) | Loaded default ResourceLeakDetector: io.netty.util.ResourceLeakDetector@7a55af6b
[DEBUG] [2022-11-08 21:16:37] PooledByteBufAllocator.<clinit>(157) | -Dio.netty.allocator.numHeapArenas: 16
[DEBUG] [2022-11-08 21:16:37] PooledByteBufAllocator.<clinit>(158) | -Dio.netty.allocator.numDirectArenas: 16
[DEBUG] [2022-11-08 21:16:37] PooledByteBufAllocator.<clinit>(160) | -Dio.netty.allocator.pageSize: 8192
[DEBUG] [2022-11-08 21:16:37] PooledByteBufAllocator.<clinit>(165) | -Dio.netty.allocator.maxOrder: 9
[DEBUG] [2022-11-08 21:16:37] PooledByteBufAllocator.<clinit>(169) | -Dio.netty.allocator.chunkSize: 4194304
[DEBUG] [2022-11-08 21:16:37] PooledByteBufAllocator.<clinit>(170) | -Dio.netty.allocator.smallCacheSize: 256
[DEBUG] [2022-11-08 21:16:37] PooledByteBufAllocator.<clinit>(171) | -Dio.netty.allocator.normalCacheSize: 64
[DEBUG] [2022-11-08 21:16:37] PooledByteBufAllocator.<clinit>(172) | -Dio.netty.allocator.maxCachedBufferCapacity: 32768
[DEBUG] [2022-11-08 21:16:37] PooledByteBufAllocator.<clinit>(173) | -Dio.netty.allocator.cacheTrimInterval: 8192
[DEBUG] [2022-11-08 21:16:37] PooledByteBufAllocator.<clinit>(174) | -Dio.netty.allocator.cacheTrimIntervalMillis: 0
[DEBUG] [2022-11-08 21:16:37] PooledByteBufAllocator.<clinit>(175) | -Dio.netty.allocator.useCacheForAllThreads: false
[DEBUG] [2022-11-08 21:16:37] PooledByteBufAllocator.<clinit>(176) | -Dio.netty.allocator.maxCachedByteBuffersPerChunk: 1023
[DEBUG] [2022-11-08 21:16:37] ByteBufUtil.<clinit>(87) | -Dio.netty.allocator.type: pooled
[DEBUG] [2022-11-08 21:16:37] ByteBufUtil.<clinit>(96) | -Dio.netty.threadLocalDirectBufferSize: 0
[DEBUG] [2022-11-08 21:16:37] ByteBufUtil.<clinit>(99) | -Dio.netty.maxThreadLocalCharBufferSize: 16384
[DEBUG] [2022-11-08 21:16:37] NativeLibraryLoader.<clinit>(78) | -Dio.netty.native.workdir: /var/folders/rc/fnqhpbkd16z6v2b00r9wk_xr0000gn/T (io.netty.tmpdir)
[DEBUG] [2022-11-08 21:16:37] NativeLibraryLoader.<clinit>(83) | -Dio.netty.native.deleteLibAfterLoading: true
[DEBUG] [2022-11-08 21:16:37] NativeLibraryLoader.<clinit>(87) | -Dio.netty.native.tryPatchShadedId: true
[DEBUG] [2022-11-08 21:16:37] NativeLibraryLoader.<clinit>(91) | -Dio.netty.native.detectNativeLibraryDuplicates: true
[DEBUG] [2022-11-08 21:16:37] NativeLibraryLoader.loadLibrary(384) | Successfully loaded the library /var/folders/rc/fnqhpbkd16z6v2b00r9wk_xr0000gn/T/libnetty_tcnative_osx_x86_6417756115074434695267.dylib
[DEBUG] [2022-11-08 21:16:37] NativeLibraryLoader.loadFirstAvailable(106) | Loaded library with name 'netty_tcnative_osx_x86_64'
[DEBUG] [2022-11-08 21:16:37] OpenSsl.<clinit>(159) | Initialize netty-tcnative using engine: 'default'
[DEBUG] [2022-11-08 21:16:37] OpenSsl.<clinit>(184) | netty-tcnative using native library: OpenSSL/TaSSL 1.0.2o  27 Mar 2018
[DEBUG] [2022-11-08 21:16:38] ResourceLeakDetectorFactory$DefaultResourceLeakDetectorFactory.newResourceLeakDetector(196) | Loaded default ResourceLeakDetector: io.netty.util.ResourceLeakDetector@6475472c
[DEBUG] [2022-11-08 21:16:38] Recycler.<clinit>(85) | -Dio.netty.recycler.maxCapacityPerThread: 4096
[DEBUG] [2022-11-08 21:16:38] Recycler.<clinit>(86) | -Dio.netty.recycler.ratio: 8
[DEBUG] [2022-11-08 21:16:38] Recycler.<clinit>(87) | -Dio.netty.recycler.chunkSize: 32
[DEBUG] [2022-11-08 21:16:38] Recycler.<clinit>(88) | -Dio.netty.recycler.blocking: false
[INFO] [2022-11-08 21:16:38] OpenSsl.<clinit>(357) | Using supported configured namedGroups: [SM2, secp256k1, secp256r1, secp384r1, secp521r1]. Unsupported namedGroups: [x25519]. 
[DEBUG] [2022-11-08 21:16:38] CipherSuiteConverter.cacheFromOpenSsl(332) | Cipher suite mapping: TLS_ECDHE_RSA_WITH_AES_256_GCM_SHA384 => ECDHE-RSA-AES256-GCM-SHA384
[DEBUG] [2022-11-08 21:16:38] CipherSuiteConverter.cacheFromOpenSsl(333) | Cipher suite mapping: SSL_ECDHE_RSA_WITH_AES_256_GCM_SHA384 => ECDHE-RSA-AES256-GCM-SHA384
[DEBUG] [2022-11-08 21:16:38] CipherSuiteConverter.cacheFromOpenSsl(332) | Cipher suite mapping: TLS_ECDHE_ECDSA_WITH_AES_256_GCM_SHA384 => ECDHE-ECDSA-AES256-GCM-SHA384
[DEBUG] [2022-11-08 21:16:38] CipherSuiteConverter.cacheFromOpenSsl(333) | Cipher suite mapping: SSL_ECDHE_ECDSA_WITH_AES_256_GCM_SHA384 => ECDHE-ECDSA-AES256-GCM-SHA384
[DEBUG] [2022-11-08 21:16:38] CipherSuiteConverter.cacheFromOpenSsl(332) | Cipher suite mapping: TLS_ECDHE_RSA_WITH_AES_256_CBC_SHA384 => ECDHE-RSA-AES256-SHA384
[DEBUG] [2022-11-08 21:16:38] CipherSuiteConverter.cacheFromOpenSsl(333) | Cipher suite mapping: SSL_ECDHE_RSA_WITH_AES_256_CBC_SHA384 => ECDHE-RSA-AES256-SHA384
[DEBUG] [2022-11-08 21:16:38] CipherSuiteConverter.cacheFromOpenSsl(332) | Cipher suite mapping: TLS_ECDHE_ECDSA_WITH_AES_256_CBC_SHA384 => ECDHE-ECDSA-AES256-SHA384
[DEBUG] [2022-11-08 21:16:38] CipherSuiteConverter.cacheFromOpenSsl(333) | Cipher suite mapping: SSL_ECDHE_ECDSA_WITH_AES_256_CBC_SHA384 => ECDHE-ECDSA-AES256-SHA384
[DEBUG] [2022-11-08 21:16:38] CipherSuiteConverter.cacheFromOpenSsl(332) | Cipher suite mapping: TLS_ECDHE_RSA_WITH_AES_256_CBC_SHA => ECDHE-RSA-AES256-SHA
[DEBUG] [2022-11-08 21:16:38] CipherSuiteConverter.cacheFromOpenSsl(333) | Cipher suite mapping: SSL_ECDHE_RSA_WITH_AES_256_CBC_SHA => ECDHE-RSA-AES256-SHA
[DEBUG] [2022-11-08 21:16:38] CipherSuiteConverter.cacheFromOpenSsl(332) | Cipher suite mapping: TLS_ECDHE_ECDSA_WITH_AES_256_CBC_SHA => ECDHE-ECDSA-AES256-SHA
[DEBUG] [2022-11-08 21:16:38] CipherSuiteConverter.cacheFromOpenSsl(333) | Cipher suite mapping: SSL_ECDHE_ECDSA_WITH_AES_256_CBC_SHA => ECDHE-ECDSA-AES256-SHA
[DEBUG] [2022-11-08 21:16:38] CipherSuiteConverter.cacheFromOpenSsl(332) | Cipher suite mapping: TLS_SRP_DSS_WITH_AES_256_CBC_SHA => SRP-DSS-AES-256-CBC-SHA
[DEBUG] [2022-11-08 21:16:38] CipherSuiteConverter.cacheFromOpenSsl(333) | Cipher suite mapping: SSL_SRP_DSS_WITH_AES_256_CBC_SHA => SRP-DSS-AES-256-CBC-SHA
[DEBUG] [2022-11-08 21:16:38] CipherSuiteConverter.cacheFromOpenSsl(332) | Cipher suite mapping: TLS_SRP_RSA_WITH_AES_256_CBC_SHA => SRP-RSA-AES-256-CBC-SHA
[DEBUG] [2022-11-08 21:16:38] CipherSuiteConverter.cacheFromOpenSsl(333) | Cipher suite mapping: SSL_SRP_RSA_WITH_AES_256_CBC_SHA => SRP-RSA-AES-256-CBC-SHA
[DEBUG] [2022-11-08 21:16:38] CipherSuiteConverter.cacheFromOpenSsl(332) | Cipher suite mapping: TLS_SRP_WITH_AES_256_CBC_SHA => SRP-AES-256-CBC-SHA
[DEBUG] [2022-11-08 21:16:38] CipherSuiteConverter.cacheFromOpenSsl(333) | Cipher suite mapping: SSL_SRP_WITH_AES_256_CBC_SHA => SRP-AES-256-CBC-SHA
[DEBUG] [2022-11-08 21:16:38] CipherSuiteConverter.cacheFromOpenSsl(332) | Cipher suite mapping: TLS_RSA_WITH_DH_DSS_AES256_GCM_SHA384 => DH-DSS-AES256-GCM-SHA384
[DEBUG] [2022-11-08 21:16:38] CipherSuiteConverter.cacheFromOpenSsl(333) | Cipher suite mapping: SSL_RSA_WITH_DH_DSS_AES256_GCM_SHA384 => DH-DSS-AES256-GCM-SHA384
[DEBUG] [2022-11-08 21:16:38] CipherSuiteConverter.cacheFromOpenSsl(332) | Cipher suite mapping: TLS_DHE_DSS_WITH_AES_256_GCM_SHA384 => DHE-DSS-AES256-GCM-SHA384
[DEBUG] [2022-11-08 21:16:38] CipherSuiteConverter.cacheFromOpenSsl(333) | Cipher suite mapping: SSL_DHE_DSS_WITH_AES_256_GCM_SHA384 => DHE-DSS-AES256-GCM-SHA384
[DEBUG] [2022-11-08 21:16:38] CipherSuiteConverter.cacheFromOpenSsl(332) | Cipher suite mapping: TLS_RSA_WITH_DH_RSA_AES256_GCM_SHA384 => DH-RSA-AES256-GCM-SHA384
[DEBUG] [2022-11-08 21:16:38] CipherSuiteConverter.cacheFromOpenSsl(333) | Cipher suite mapping: SSL_RSA_WITH_DH_RSA_AES256_GCM_SHA384 => DH-RSA-AES256-GCM-SHA384
[DEBUG] [2022-11-08 21:16:38] CipherSuiteConverter.cacheFromOpenSsl(332) | Cipher suite mapping: TLS_DHE_RSA_WITH_AES_256_GCM_SHA384 => DHE-RSA-AES256-GCM-SHA384
[DEBUG] [2022-11-08 21:16:38] CipherSuiteConverter.cacheFromOpenSsl(333) | Cipher suite mapping: SSL_DHE_RSA_WITH_AES_256_GCM_SHA384 => DHE-RSA-AES256-GCM-SHA384
[DEBUG] [2022-11-08 21:16:38] CipherSuiteConverter.cacheFromOpenSsl(332) | Cipher suite mapping: TLS_DHE_RSA_WITH_AES_256_CBC_SHA256 => DHE-RSA-AES256-SHA256
[DEBUG] [2022-11-08 21:16:38] CipherSuiteConverter.cacheFromOpenSsl(333) | Cipher suite mapping: SSL_DHE_RSA_WITH_AES_256_CBC_SHA256 => DHE-RSA-AES256-SHA256
[DEBUG] [2022-11-08 21:16:38] CipherSuiteConverter.cacheFromOpenSsl(332) | Cipher suite mapping: TLS_DHE_DSS_WITH_AES_256_CBC_SHA256 => DHE-DSS-AES256-SHA256
[DEBUG] [2022-11-08 21:16:38] CipherSuiteConverter.cacheFromOpenSsl(333) | Cipher suite mapping: SSL_DHE_DSS_WITH_AES_256_CBC_SHA256 => DHE-DSS-AES256-SHA256
[DEBUG] [2022-11-08 21:16:38] CipherSuiteConverter.cacheFromOpenSsl(332) | Cipher suite mapping: TLS_RSA_WITH_DH_RSA_AES256_SHA256 => DH-RSA-AES256-SHA256
[DEBUG] [2022-11-08 21:16:38] CipherSuiteConverter.cacheFromOpenSsl(333) | Cipher suite mapping: SSL_RSA_WITH_DH_RSA_AES256_SHA256 => DH-RSA-AES256-SHA256
[DEBUG] [2022-11-08 21:16:38] CipherSuiteConverter.cacheFromOpenSsl(332) | Cipher suite mapping: TLS_RSA_WITH_DH_DSS_AES256_SHA256 => DH-DSS-AES256-SHA256
[DEBUG] [2022-11-08 21:16:38] CipherSuiteConverter.cacheFromOpenSsl(333) | Cipher suite mapping: SSL_RSA_WITH_DH_DSS_AES256_SHA256 => DH-DSS-AES256-SHA256
[DEBUG] [2022-11-08 21:16:38] CipherSuiteConverter.cacheFromOpenSsl(332) | Cipher suite mapping: TLS_DHE_RSA_WITH_AES_256_CBC_SHA => DHE-RSA-AES256-SHA
[DEBUG] [2022-11-08 21:16:38] CipherSuiteConverter.cacheFromOpenSsl(333) | Cipher suite mapping: SSL_DHE_RSA_WITH_AES_256_CBC_SHA => DHE-RSA-AES256-SHA
[DEBUG] [2022-11-08 21:16:38] CipherSuiteConverter.cacheFromOpenSsl(332) | Cipher suite mapping: TLS_DHE_DSS_WITH_AES_256_CBC_SHA => DHE-DSS-AES256-SHA
[DEBUG] [2022-11-08 21:16:38] CipherSuiteConverter.cacheFromOpenSsl(333) | Cipher suite mapping: SSL_DHE_DSS_WITH_AES_256_CBC_SHA => DHE-DSS-AES256-SHA
[DEBUG] [2022-11-08 21:16:38] CipherSuiteConverter.cacheFromOpenSsl(332) | Cipher suite mapping: TLS_RSA_WITH_DH_RSA_AES256_SHA => DH-RSA-AES256-SHA
[DEBUG] [2022-11-08 21:16:38] CipherSuiteConverter.cacheFromOpenSsl(333) | Cipher suite mapping: SSL_RSA_WITH_DH_RSA_AES256_SHA => DH-RSA-AES256-SHA
[DEBUG] [2022-11-08 21:16:38] CipherSuiteConverter.cacheFromOpenSsl(332) | Cipher suite mapping: TLS_RSA_WITH_DH_DSS_AES256_SHA => DH-DSS-AES256-SHA
[DEBUG] [2022-11-08 21:16:38] CipherSuiteConverter.cacheFromOpenSsl(333) | Cipher suite mapping: SSL_RSA_WITH_DH_DSS_AES256_SHA => DH-DSS-AES256-SHA
[DEBUG] [2022-11-08 21:16:38] CipherSuiteConverter.cacheFromOpenSsl(332) | Cipher suite mapping: TLS_DHE_RSA_WITH_CAMELLIA256_SHA => DHE-RSA-CAMELLIA256-SHA
[DEBUG] [2022-11-08 21:16:38] CipherSuiteConverter.cacheFromOpenSsl(333) | Cipher suite mapping: SSL_DHE_RSA_WITH_CAMELLIA256_SHA => DHE-RSA-CAMELLIA256-SHA
[DEBUG] [2022-11-08 21:16:38] CipherSuiteConverter.cacheFromOpenSsl(332) | Cipher suite mapping: TLS_DHE_DSS_WITH_CAMELLIA256_SHA => DHE-DSS-CAMELLIA256-SHA
[DEBUG] [2022-11-08 21:16:38] CipherSuiteConverter.cacheFromOpenSsl(333) | Cipher suite mapping: SSL_DHE_DSS_WITH_CAMELLIA256_SHA => DHE-DSS-CAMELLIA256-SHA
[DEBUG] [2022-11-08 21:16:38] CipherSuiteConverter.cacheFromOpenSsl(332) | Cipher suite mapping: TLS_RSA_WITH_DH_RSA_CAMELLIA256_SHA => DH-RSA-CAMELLIA256-SHA
[DEBUG] [2022-11-08 21:16:38] CipherSuiteConverter.cacheFromOpenSsl(333) | Cipher suite mapping: SSL_RSA_WITH_DH_RSA_CAMELLIA256_SHA => DH-RSA-CAMELLIA256-SHA
[DEBUG] [2022-11-08 21:16:38] CipherSuiteConverter.cacheFromOpenSsl(332) | Cipher suite mapping: TLS_RSA_WITH_DH_DSS_CAMELLIA256_SHA => DH-DSS-CAMELLIA256-SHA
[DEBUG] [2022-11-08 21:16:38] CipherSuiteConverter.cacheFromOpenSsl(333) | Cipher suite mapping: SSL_RSA_WITH_DH_DSS_CAMELLIA256_SHA => DH-DSS-CAMELLIA256-SHA
[DEBUG] [2022-11-08 21:16:38] CipherSuiteConverter.cacheFromOpenSsl(332) | Cipher suite mapping: TLS_ECDH_anon_WITH_AES_256_CBC_SHA => AECDH-AES256-SHA
[DEBUG] [2022-11-08 21:16:38] CipherSuiteConverter.cacheFromOpenSsl(333) | Cipher suite mapping: SSL_ECDH_anon_WITH_AES_256_CBC_SHA => AECDH-AES256-SHA
[DEBUG] [2022-11-08 21:16:38] CipherSuiteConverter.cacheFromOpenSsl(332) | Cipher suite mapping: TLS_DH_anon_WITH_AES_256_GCM_SHA384 => ADH-AES256-GCM-SHA384
[DEBUG] [2022-11-08 21:16:38] CipherSuiteConverter.cacheFromOpenSsl(333) | Cipher suite mapping: SSL_DH_anon_WITH_AES_256_GCM_SHA384 => ADH-AES256-GCM-SHA384
[DEBUG] [2022-11-08 21:16:38] CipherSuiteConverter.cacheFromOpenSsl(332) | Cipher suite mapping: TLS_DH_anon_WITH_AES_256_CBC_SHA256 => ADH-AES256-SHA256
[DEBUG] [2022-11-08 21:16:38] CipherSuiteConverter.cacheFromOpenSsl(333) | Cipher suite mapping: SSL_DH_anon_WITH_AES_256_CBC_SHA256 => ADH-AES256-SHA256
[DEBUG] [2022-11-08 21:16:38] CipherSuiteConverter.cacheFromOpenSsl(332) | Cipher suite mapping: TLS_DH_anon_WITH_AES_256_CBC_SHA => ADH-AES256-SHA
[DEBUG] [2022-11-08 21:16:38] CipherSuiteConverter.cacheFromOpenSsl(333) | Cipher suite mapping: SSL_DH_anon_WITH_AES_256_CBC_SHA => ADH-AES256-SHA
[DEBUG] [2022-11-08 21:16:38] CipherSuiteConverter.cacheFromOpenSsl(332) | Cipher suite mapping: TLS_DH_anon_WITH_CAMELLIA256_SHA => ADH-CAMELLIA256-SHA
[DEBUG] [2022-11-08 21:16:38] CipherSuiteConverter.cacheFromOpenSsl(333) | Cipher suite mapping: SSL_DH_anon_WITH_CAMELLIA256_SHA => ADH-CAMELLIA256-SHA
[DEBUG] [2022-11-08 21:16:38] CipherSuiteConverter.cacheFromOpenSsl(332) | Cipher suite mapping: TLS_ECDH_RSA_WITH_AES_256_GCM_SHA384 => ECDH-RSA-AES256-GCM-SHA384
[DEBUG] [2022-11-08 21:16:38] CipherSuiteConverter.cacheFromOpenSsl(333) | Cipher suite mapping: SSL_ECDH_RSA_WITH_AES_256_GCM_SHA384 => ECDH-RSA-AES256-GCM-SHA384
[DEBUG] [2022-11-08 21:16:38] CipherSuiteConverter.cacheFromOpenSsl(332) | Cipher suite mapping: TLS_ECDH_ECDSA_WITH_AES_256_GCM_SHA384 => ECDH-ECDSA-AES256-GCM-SHA384
[DEBUG] [2022-11-08 21:16:38] CipherSuiteConverter.cacheFromOpenSsl(333) | Cipher suite mapping: SSL_ECDH_ECDSA_WITH_AES_256_GCM_SHA384 => ECDH-ECDSA-AES256-GCM-SHA384
[DEBUG] [2022-11-08 21:16:38] CipherSuiteConverter.cacheFromOpenSsl(332) | Cipher suite mapping: TLS_ECDH_RSA_WITH_AES_256_CBC_SHA384 => ECDH-RSA-AES256-SHA384
[DEBUG] [2022-11-08 21:16:38] CipherSuiteConverter.cacheFromOpenSsl(333) | Cipher suite mapping: SSL_ECDH_RSA_WITH_AES_256_CBC_SHA384 => ECDH-RSA-AES256-SHA384
[DEBUG] [2022-11-08 21:16:38] CipherSuiteConverter.cacheFromOpenSsl(332) | Cipher suite mapping: TLS_ECDH_ECDSA_WITH_AES_256_CBC_SHA384 => ECDH-ECDSA-AES256-SHA384
[DEBUG] [2022-11-08 21:16:38] CipherSuiteConverter.cacheFromOpenSsl(333) | Cipher suite mapping: SSL_ECDH_ECDSA_WITH_AES_256_CBC_SHA384 => ECDH-ECDSA-AES256-SHA384
[DEBUG] [2022-11-08 21:16:38] CipherSuiteConverter.cacheFromOpenSsl(332) | Cipher suite mapping: TLS_ECDH_RSA_WITH_AES_256_CBC_SHA => ECDH-RSA-AES256-SHA
[DEBUG] [2022-11-08 21:16:38] CipherSuiteConverter.cacheFromOpenSsl(333) | Cipher suite mapping: SSL_ECDH_RSA_WITH_AES_256_CBC_SHA => ECDH-RSA-AES256-SHA
[DEBUG] [2022-11-08 21:16:38] CipherSuiteConverter.cacheFromOpenSsl(332) | Cipher suite mapping: TLS_ECDH_ECDSA_WITH_AES_256_CBC_SHA => ECDH-ECDSA-AES256-SHA
[DEBUG] [2022-11-08 21:16:38] CipherSuiteConverter.cacheFromOpenSsl(333) | Cipher suite mapping: SSL_ECDH_ECDSA_WITH_AES_256_CBC_SHA => ECDH-ECDSA-AES256-SHA
[DEBUG] [2022-11-08 21:16:38] CipherSuiteConverter.cacheFromOpenSsl(332) | Cipher suite mapping: TLS_RSA_WITH_AES_256_GCM_SHA384 => AES256-GCM-SHA384
[DEBUG] [2022-11-08 21:16:38] CipherSuiteConverter.cacheFromOpenSsl(333) | Cipher suite mapping: SSL_RSA_WITH_AES_256_GCM_SHA384 => AES256-GCM-SHA384
[DEBUG] [2022-11-08 21:16:38] CipherSuiteConverter.cacheFromOpenSsl(332) | Cipher suite mapping: TLS_RSA_WITH_AES_256_CBC_SHA256 => AES256-SHA256
[DEBUG] [2022-11-08 21:16:38] CipherSuiteConverter.cacheFromOpenSsl(333) | Cipher suite mapping: SSL_RSA_WITH_AES_256_CBC_SHA256 => AES256-SHA256
[DEBUG] [2022-11-08 21:16:38] CipherSuiteConverter.cacheFromOpenSsl(332) | Cipher suite mapping: TLS_RSA_WITH_AES_256_CBC_SHA => AES256-SHA
[DEBUG] [2022-11-08 21:16:38] CipherSuiteConverter.cacheFromOpenSsl(333) | Cipher suite mapping: SSL_RSA_WITH_AES_256_CBC_SHA => AES256-SHA
[DEBUG] [2022-11-08 21:16:38] CipherSuiteConverter.cacheFromOpenSsl(332) | Cipher suite mapping: TLS_RSA_WITH_CAMELLIA256_SHA => CAMELLIA256-SHA
[DEBUG] [2022-11-08 21:16:38] CipherSuiteConverter.cacheFromOpenSsl(333) | Cipher suite mapping: SSL_RSA_WITH_CAMELLIA256_SHA => CAMELLIA256-SHA
[DEBUG] [2022-11-08 21:16:38] CipherSuiteConverter.cacheFromOpenSsl(332) | Cipher suite mapping: TLS_PSK_WITH_AES_256_CBC_SHA => PSK-AES256-CBC-SHA
[DEBUG] [2022-11-08 21:16:38] CipherSuiteConverter.cacheFromOpenSsl(333) | Cipher suite mapping: SSL_PSK_WITH_AES_256_CBC_SHA => PSK-AES256-CBC-SHA
[DEBUG] [2022-11-08 21:16:38] CipherSuiteConverter.cacheFromOpenSsl(332) | Cipher suite mapping: TLS_ECDHE_RSA_WITH_AES_128_GCM_SHA256 => ECDHE-RSA-AES128-GCM-SHA256
[DEBUG] [2022-11-08 21:16:38] CipherSuiteConverter.cacheFromOpenSsl(333) | Cipher suite mapping: SSL_ECDHE_RSA_WITH_AES_128_GCM_SHA256 => ECDHE-RSA-AES128-GCM-SHA256
[DEBUG] [2022-11-08 21:16:38] CipherSuiteConverter.cacheFromOpenSsl(332) | Cipher suite mapping: TLS_ECDHE_ECDSA_WITH_AES_128_GCM_SHA256 => ECDHE-ECDSA-AES128-GCM-SHA256
[DEBUG] [2022-11-08 21:16:38] CipherSuiteConverter.cacheFromOpenSsl(333) | Cipher suite mapping: SSL_ECDHE_ECDSA_WITH_AES_128_GCM_SHA256 => ECDHE-ECDSA-AES128-GCM-SHA256
[DEBUG] [2022-11-08 21:16:38] CipherSuiteConverter.cacheFromOpenSsl(332) | Cipher suite mapping: TLS_ECDHE_RSA_WITH_AES_128_CBC_SHA256 => ECDHE-RSA-AES128-SHA256
[DEBUG] [2022-11-08 21:16:38] CipherSuiteConverter.cacheFromOpenSsl(333) | Cipher suite mapping: SSL_ECDHE_RSA_WITH_AES_128_CBC_SHA256 => ECDHE-RSA-AES128-SHA256
[DEBUG] [2022-11-08 21:16:38] CipherSuiteConverter.cacheFromOpenSsl(332) | Cipher suite mapping: TLS_ECDHE_ECDSA_WITH_AES_128_CBC_SHA256 => ECDHE-ECDSA-AES128-SHA256
[DEBUG] [2022-11-08 21:16:38] CipherSuiteConverter.cacheFromOpenSsl(333) | Cipher suite mapping: SSL_ECDHE_ECDSA_WITH_AES_128_CBC_SHA256 => ECDHE-ECDSA-AES128-SHA256
[DEBUG] [2022-11-08 21:16:38] CipherSuiteConverter.cacheFromOpenSsl(332) | Cipher suite mapping: TLS_ECDHE_RSA_WITH_AES_128_CBC_SHA => ECDHE-RSA-AES128-SHA
[DEBUG] [2022-11-08 21:16:38] CipherSuiteConverter.cacheFromOpenSsl(333) | Cipher suite mapping: SSL_ECDHE_RSA_WITH_AES_128_CBC_SHA => ECDHE-RSA-AES128-SHA
[DEBUG] [2022-11-08 21:16:38] CipherSuiteConverter.cacheFromOpenSsl(332) | Cipher suite mapping: TLS_ECDHE_ECDSA_WITH_AES_128_CBC_SHA => ECDHE-ECDSA-AES128-SHA
[DEBUG] [2022-11-08 21:16:38] CipherSuiteConverter.cacheFromOpenSsl(333) | Cipher suite mapping: SSL_ECDHE_ECDSA_WITH_AES_128_CBC_SHA => ECDHE-ECDSA-AES128-SHA
[DEBUG] [2022-11-08 21:16:38] CipherSuiteConverter.cacheFromOpenSsl(332) | Cipher suite mapping: TLS_SRP_DSS_WITH_AES_128_CBC_SHA => SRP-DSS-AES-128-CBC-SHA
[DEBUG] [2022-11-08 21:16:38] CipherSuiteConverter.cacheFromOpenSsl(333) | Cipher suite mapping: SSL_SRP_DSS_WITH_AES_128_CBC_SHA => SRP-DSS-AES-128-CBC-SHA
[DEBUG] [2022-11-08 21:16:38] CipherSuiteConverter.cacheFromOpenSsl(332) | Cipher suite mapping: TLS_SRP_RSA_WITH_AES_128_CBC_SHA => SRP-RSA-AES-128-CBC-SHA
[DEBUG] [2022-11-08 21:16:38] CipherSuiteConverter.cacheFromOpenSsl(333) | Cipher suite mapping: SSL_SRP_RSA_WITH_AES_128_CBC_SHA => SRP-RSA-AES-128-CBC-SHA
[DEBUG] [2022-11-08 21:16:38] CipherSuiteConverter.cacheFromOpenSsl(332) | Cipher suite mapping: TLS_SRP_WITH_AES_128_CBC_SHA => SRP-AES-128-CBC-SHA
[DEBUG] [2022-11-08 21:16:38] CipherSuiteConverter.cacheFromOpenSsl(333) | Cipher suite mapping: SSL_SRP_WITH_AES_128_CBC_SHA => SRP-AES-128-CBC-SHA
[DEBUG] [2022-11-08 21:16:38] CipherSuiteConverter.cacheFromOpenSsl(332) | Cipher suite mapping: TLS_RSA_WITH_DH_DSS_AES128_GCM_SHA256 => DH-DSS-AES128-GCM-SHA256
[DEBUG] [2022-11-08 21:16:38] CipherSuiteConverter.cacheFromOpenSsl(333) | Cipher suite mapping: SSL_RSA_WITH_DH_DSS_AES128_GCM_SHA256 => DH-DSS-AES128-GCM-SHA256
[DEBUG] [2022-11-08 21:16:38] CipherSuiteConverter.cacheFromOpenSsl(332) | Cipher suite mapping: TLS_DHE_DSS_WITH_AES_128_GCM_SHA256 => DHE-DSS-AES128-GCM-SHA256
[DEBUG] [2022-11-08 21:16:38] CipherSuiteConverter.cacheFromOpenSsl(333) | Cipher suite mapping: SSL_DHE_DSS_WITH_AES_128_GCM_SHA256 => DHE-DSS-AES128-GCM-SHA256
[DEBUG] [2022-11-08 21:16:38] CipherSuiteConverter.cacheFromOpenSsl(332) | Cipher suite mapping: TLS_RSA_WITH_DH_RSA_AES128_GCM_SHA256 => DH-RSA-AES128-GCM-SHA256
[DEBUG] [2022-11-08 21:16:38] CipherSuiteConverter.cacheFromOpenSsl(333) | Cipher suite mapping: SSL_RSA_WITH_DH_RSA_AES128_GCM_SHA256 => DH-RSA-AES128-GCM-SHA256
[DEBUG] [2022-11-08 21:16:38] CipherSuiteConverter.cacheFromOpenSsl(332) | Cipher suite mapping: TLS_DHE_RSA_WITH_AES_128_GCM_SHA256 => DHE-RSA-AES128-GCM-SHA256
[DEBUG] [2022-11-08 21:16:38] CipherSuiteConverter.cacheFromOpenSsl(333) | Cipher suite mapping: SSL_DHE_RSA_WITH_AES_128_GCM_SHA256 => DHE-RSA-AES128-GCM-SHA256
[DEBUG] [2022-11-08 21:16:38] CipherSuiteConverter.cacheFromOpenSsl(332) | Cipher suite mapping: TLS_DHE_RSA_WITH_AES_128_CBC_SHA256 => DHE-RSA-AES128-SHA256
[DEBUG] [2022-11-08 21:16:38] CipherSuiteConverter.cacheFromOpenSsl(333) | Cipher suite mapping: SSL_DHE_RSA_WITH_AES_128_CBC_SHA256 => DHE-RSA-AES128-SHA256
[DEBUG] [2022-11-08 21:16:38] CipherSuiteConverter.cacheFromOpenSsl(332) | Cipher suite mapping: TLS_DHE_DSS_WITH_AES_128_CBC_SHA256 => DHE-DSS-AES128-SHA256
[DEBUG] [2022-11-08 21:16:38] CipherSuiteConverter.cacheFromOpenSsl(333) | Cipher suite mapping: SSL_DHE_DSS_WITH_AES_128_CBC_SHA256 => DHE-DSS-AES128-SHA256
[DEBUG] [2022-11-08 21:16:38] CipherSuiteConverter.cacheFromOpenSsl(332) | Cipher suite mapping: TLS_RSA_WITH_DH_RSA_AES128_SHA256 => DH-RSA-AES128-SHA256
[DEBUG] [2022-11-08 21:16:38] CipherSuiteConverter.cacheFromOpenSsl(333) | Cipher suite mapping: SSL_RSA_WITH_DH_RSA_AES128_SHA256 => DH-RSA-AES128-SHA256
[DEBUG] [2022-11-08 21:16:38] CipherSuiteConverter.cacheFromOpenSsl(332) | Cipher suite mapping: TLS_RSA_WITH_DH_DSS_AES128_SHA256 => DH-DSS-AES128-SHA256
[DEBUG] [2022-11-08 21:16:38] CipherSuiteConverter.cacheFromOpenSsl(333) | Cipher suite mapping: SSL_RSA_WITH_DH_DSS_AES128_SHA256 => DH-DSS-AES128-SHA256
[DEBUG] [2022-11-08 21:16:38] CipherSuiteConverter.cacheFromOpenSsl(332) | Cipher suite mapping: TLS_DHE_RSA_WITH_AES_128_CBC_SHA => DHE-RSA-AES128-SHA
[DEBUG] [2022-11-08 21:16:38] CipherSuiteConverter.cacheFromOpenSsl(333) | Cipher suite mapping: SSL_DHE_RSA_WITH_AES_128_CBC_SHA => DHE-RSA-AES128-SHA
[DEBUG] [2022-11-08 21:16:38] CipherSuiteConverter.cacheFromOpenSsl(332) | Cipher suite mapping: TLS_DHE_DSS_WITH_AES_128_CBC_SHA => DHE-DSS-AES128-SHA
[DEBUG] [2022-11-08 21:16:38] CipherSuiteConverter.cacheFromOpenSsl(333) | Cipher suite mapping: SSL_DHE_DSS_WITH_AES_128_CBC_SHA => DHE-DSS-AES128-SHA
[DEBUG] [2022-11-08 21:16:38] CipherSuiteConverter.cacheFromOpenSsl(332) | Cipher suite mapping: TLS_RSA_WITH_DH_RSA_AES128_SHA => DH-RSA-AES128-SHA
[DEBUG] [2022-11-08 21:16:38] CipherSuiteConverter.cacheFromOpenSsl(333) | Cipher suite mapping: SSL_RSA_WITH_DH_RSA_AES128_SHA => DH-RSA-AES128-SHA
[DEBUG] [2022-11-08 21:16:38] CipherSuiteConverter.cacheFromOpenSsl(332) | Cipher suite mapping: TLS_RSA_WITH_DH_DSS_AES128_SHA => DH-DSS-AES128-SHA
[DEBUG] [2022-11-08 21:16:38] CipherSuiteConverter.cacheFromOpenSsl(333) | Cipher suite mapping: SSL_RSA_WITH_DH_DSS_AES128_SHA => DH-DSS-AES128-SHA
[DEBUG] [2022-11-08 21:16:38] CipherSuiteConverter.cacheFromOpenSsl(332) | Cipher suite mapping: TLS_RSA_WITH_ECC_SM4_SM3 => ECC-SM4-SM3
[DEBUG] [2022-11-08 21:16:38] CipherSuiteConverter.cacheFromOpenSsl(333) | Cipher suite mapping: SSL_RSA_WITH_ECC_SM4_SM3 => ECC-SM4-SM3
[DEBUG] [2022-11-08 21:16:38] CipherSuiteConverter.cacheFromOpenSsl(332) | Cipher suite mapping: TLS_RSA_WITH_ECDHE_SM4_SM3 => ECDHE-SM4-SM3
[DEBUG] [2022-11-08 21:16:38] CipherSuiteConverter.cacheFromOpenSsl(333) | Cipher suite mapping: SSL_RSA_WITH_ECDHE_SM4_SM3 => ECDHE-SM4-SM3
[DEBUG] [2022-11-08 21:16:38] CipherSuiteConverter.cacheFromOpenSsl(332) | Cipher suite mapping: TLS_DHE_RSA_WITH_SEED_SHA => DHE-RSA-SEED-SHA
[DEBUG] [2022-11-08 21:16:38] CipherSuiteConverter.cacheFromOpenSsl(333) | Cipher suite mapping: SSL_DHE_RSA_WITH_SEED_SHA => DHE-RSA-SEED-SHA
[DEBUG] [2022-11-08 21:16:38] CipherSuiteConverter.cacheFromOpenSsl(332) | Cipher suite mapping: TLS_DHE_DSS_WITH_SEED_SHA => DHE-DSS-SEED-SHA
[DEBUG] [2022-11-08 21:16:38] CipherSuiteConverter.cacheFromOpenSsl(333) | Cipher suite mapping: SSL_DHE_DSS_WITH_SEED_SHA => DHE-DSS-SEED-SHA
[DEBUG] [2022-11-08 21:16:38] CipherSuiteConverter.cacheFromOpenSsl(332) | Cipher suite mapping: TLS_RSA_WITH_DH_RSA_SEED_SHA => DH-RSA-SEED-SHA
[DEBUG] [2022-11-08 21:16:38] CipherSuiteConverter.cacheFromOpenSsl(333) | Cipher suite mapping: SSL_RSA_WITH_DH_RSA_SEED_SHA => DH-RSA-SEED-SHA
[DEBUG] [2022-11-08 21:16:38] CipherSuiteConverter.cacheFromOpenSsl(332) | Cipher suite mapping: TLS_RSA_WITH_DH_DSS_SEED_SHA => DH-DSS-SEED-SHA
[DEBUG] [2022-11-08 21:16:38] CipherSuiteConverter.cacheFromOpenSsl(333) | Cipher suite mapping: SSL_RSA_WITH_DH_DSS_SEED_SHA => DH-DSS-SEED-SHA
[DEBUG] [2022-11-08 21:16:38] CipherSuiteConverter.cacheFromOpenSsl(332) | Cipher suite mapping: TLS_DHE_RSA_WITH_CAMELLIA128_SHA => DHE-RSA-CAMELLIA128-SHA
[DEBUG] [2022-11-08 21:16:38] CipherSuiteConverter.cacheFromOpenSsl(333) | Cipher suite mapping: SSL_DHE_RSA_WITH_CAMELLIA128_SHA => DHE-RSA-CAMELLIA128-SHA
[DEBUG] [2022-11-08 21:16:38] CipherSuiteConverter.cacheFromOpenSsl(332) | Cipher suite mapping: TLS_DHE_DSS_WITH_CAMELLIA128_SHA => DHE-DSS-CAMELLIA128-SHA
[DEBUG] [2022-11-08 21:16:38] CipherSuiteConverter.cacheFromOpenSsl(333) | Cipher suite mapping: SSL_DHE_DSS_WITH_CAMELLIA128_SHA => DHE-DSS-CAMELLIA128-SHA
[DEBUG] [2022-11-08 21:16:38] CipherSuiteConverter.cacheFromOpenSsl(332) | Cipher suite mapping: TLS_RSA_WITH_DH_RSA_CAMELLIA128_SHA => DH-RSA-CAMELLIA128-SHA
[DEBUG] [2022-11-08 21:16:38] CipherSuiteConverter.cacheFromOpenSsl(333) | Cipher suite mapping: SSL_RSA_WITH_DH_RSA_CAMELLIA128_SHA => DH-RSA-CAMELLIA128-SHA
[DEBUG] [2022-11-08 21:16:38] CipherSuiteConverter.cacheFromOpenSsl(332) | Cipher suite mapping: TLS_RSA_WITH_DH_DSS_CAMELLIA128_SHA => DH-DSS-CAMELLIA128-SHA
[DEBUG] [2022-11-08 21:16:38] CipherSuiteConverter.cacheFromOpenSsl(333) | Cipher suite mapping: SSL_RSA_WITH_DH_DSS_CAMELLIA128_SHA => DH-DSS-CAMELLIA128-SHA
[DEBUG] [2022-11-08 21:16:38] CipherSuiteConverter.cacheFromOpenSsl(332) | Cipher suite mapping: TLS_ECDH_anon_WITH_AES_128_CBC_SHA => AECDH-AES128-SHA
[DEBUG] [2022-11-08 21:16:38] CipherSuiteConverter.cacheFromOpenSsl(333) | Cipher suite mapping: SSL_ECDH_anon_WITH_AES_128_CBC_SHA => AECDH-AES128-SHA
[DEBUG] [2022-11-08 21:16:38] CipherSuiteConverter.cacheFromOpenSsl(332) | Cipher suite mapping: TLS_DH_anon_WITH_AES_128_GCM_SHA256 => ADH-AES128-GCM-SHA256
[DEBUG] [2022-11-08 21:16:38] CipherSuiteConverter.cacheFromOpenSsl(333) | Cipher suite mapping: SSL_DH_anon_WITH_AES_128_GCM_SHA256 => ADH-AES128-GCM-SHA256
[DEBUG] [2022-11-08 21:16:38] CipherSuiteConverter.cacheFromOpenSsl(332) | Cipher suite mapping: TLS_DH_anon_WITH_AES_128_CBC_SHA256 => ADH-AES128-SHA256
[DEBUG] [2022-11-08 21:16:38] CipherSuiteConverter.cacheFromOpenSsl(333) | Cipher suite mapping: SSL_DH_anon_WITH_AES_128_CBC_SHA256 => ADH-AES128-SHA256
[DEBUG] [2022-11-08 21:16:38] CipherSuiteConverter.cacheFromOpenSsl(332) | Cipher suite mapping: TLS_DH_anon_WITH_AES_128_CBC_SHA => ADH-AES128-SHA
[DEBUG] [2022-11-08 21:16:38] CipherSuiteConverter.cacheFromOpenSsl(333) | Cipher suite mapping: SSL_DH_anon_WITH_AES_128_CBC_SHA => ADH-AES128-SHA
[DEBUG] [2022-11-08 21:16:38] CipherSuiteConverter.cacheFromOpenSsl(332) | Cipher suite mapping: TLS_DH_anon_WITH_SEED_SHA => ADH-SEED-SHA
[DEBUG] [2022-11-08 21:16:38] CipherSuiteConverter.cacheFromOpenSsl(333) | Cipher suite mapping: SSL_DH_anon_WITH_SEED_SHA => ADH-SEED-SHA
[DEBUG] [2022-11-08 21:16:38] CipherSuiteConverter.cacheFromOpenSsl(332) | Cipher suite mapping: TLS_DH_anon_WITH_CAMELLIA128_SHA => ADH-CAMELLIA128-SHA
[DEBUG] [2022-11-08 21:16:38] CipherSuiteConverter.cacheFromOpenSsl(333) | Cipher suite mapping: SSL_DH_anon_WITH_CAMELLIA128_SHA => ADH-CAMELLIA128-SHA
[DEBUG] [2022-11-08 21:16:38] CipherSuiteConverter.cacheFromOpenSsl(332) | Cipher suite mapping: TLS_ECDH_RSA_WITH_AES_128_GCM_SHA256 => ECDH-RSA-AES128-GCM-SHA256
[DEBUG] [2022-11-08 21:16:38] CipherSuiteConverter.cacheFromOpenSsl(333) | Cipher suite mapping: SSL_ECDH_RSA_WITH_AES_128_GCM_SHA256 => ECDH-RSA-AES128-GCM-SHA256
[DEBUG] [2022-11-08 21:16:38] CipherSuiteConverter.cacheFromOpenSsl(332) | Cipher suite mapping: TLS_ECDH_ECDSA_WITH_AES_128_GCM_SHA256 => ECDH-ECDSA-AES128-GCM-SHA256
[DEBUG] [2022-11-08 21:16:38] CipherSuiteConverter.cacheFromOpenSsl(333) | Cipher suite mapping: SSL_ECDH_ECDSA_WITH_AES_128_GCM_SHA256 => ECDH-ECDSA-AES128-GCM-SHA256
[DEBUG] [2022-11-08 21:16:38] CipherSuiteConverter.cacheFromOpenSsl(332) | Cipher suite mapping: TLS_ECDH_RSA_WITH_AES_128_CBC_SHA256 => ECDH-RSA-AES128-SHA256
[DEBUG] [2022-11-08 21:16:38] CipherSuiteConverter.cacheFromOpenSsl(333) | Cipher suite mapping: SSL_ECDH_RSA_WITH_AES_128_CBC_SHA256 => ECDH-RSA-AES128-SHA256
[DEBUG] [2022-11-08 21:16:38] CipherSuiteConverter.cacheFromOpenSsl(332) | Cipher suite mapping: TLS_ECDH_ECDSA_WITH_AES_128_CBC_SHA256 => ECDH-ECDSA-AES128-SHA256
[DEBUG] [2022-11-08 21:16:38] CipherSuiteConverter.cacheFromOpenSsl(333) | Cipher suite mapping: SSL_ECDH_ECDSA_WITH_AES_128_CBC_SHA256 => ECDH-ECDSA-AES128-SHA256
[DEBUG] [2022-11-08 21:16:38] CipherSuiteConverter.cacheFromOpenSsl(332) | Cipher suite mapping: TLS_ECDH_RSA_WITH_AES_128_CBC_SHA => ECDH-RSA-AES128-SHA
[DEBUG] [2022-11-08 21:16:38] CipherSuiteConverter.cacheFromOpenSsl(333) | Cipher suite mapping: SSL_ECDH_RSA_WITH_AES_128_CBC_SHA => ECDH-RSA-AES128-SHA
[DEBUG] [2022-11-08 21:16:38] CipherSuiteConverter.cacheFromOpenSsl(332) | Cipher suite mapping: TLS_ECDH_ECDSA_WITH_AES_128_CBC_SHA => ECDH-ECDSA-AES128-SHA
[DEBUG] [2022-11-08 21:16:38] CipherSuiteConverter.cacheFromOpenSsl(333) | Cipher suite mapping: SSL_ECDH_ECDSA_WITH_AES_128_CBC_SHA => ECDH-ECDSA-AES128-SHA
[DEBUG] [2022-11-08 21:16:38] CipherSuiteConverter.cacheFromOpenSsl(332) | Cipher suite mapping: TLS_RSA_WITH_AES_128_GCM_SHA256 => AES128-GCM-SHA256
[DEBUG] [2022-11-08 21:16:38] CipherSuiteConverter.cacheFromOpenSsl(333) | Cipher suite mapping: SSL_RSA_WITH_AES_128_GCM_SHA256 => AES128-GCM-SHA256
[DEBUG] [2022-11-08 21:16:38] CipherSuiteConverter.cacheFromOpenSsl(332) | Cipher suite mapping: TLS_RSA_WITH_AES_128_CBC_SHA256 => AES128-SHA256
[DEBUG] [2022-11-08 21:16:38] CipherSuiteConverter.cacheFromOpenSsl(333) | Cipher suite mapping: SSL_RSA_WITH_AES_128_CBC_SHA256 => AES128-SHA256
[DEBUG] [2022-11-08 21:16:38] CipherSuiteConverter.cacheFromOpenSsl(332) | Cipher suite mapping: TLS_RSA_WITH_AES_128_CBC_SHA => AES128-SHA
[DEBUG] [2022-11-08 21:16:38] CipherSuiteConverter.cacheFromOpenSsl(333) | Cipher suite mapping: SSL_RSA_WITH_AES_128_CBC_SHA => AES128-SHA
[DEBUG] [2022-11-08 21:16:38] CipherSuiteConverter.cacheFromOpenSsl(332) | Cipher suite mapping: TLS_RSA_WITH_SEED_SHA => SEED-SHA
[DEBUG] [2022-11-08 21:16:38] CipherSuiteConverter.cacheFromOpenSsl(333) | Cipher suite mapping: SSL_RSA_WITH_SEED_SHA => SEED-SHA
[DEBUG] [2022-11-08 21:16:38] CipherSuiteConverter.cacheFromOpenSsl(332) | Cipher suite mapping: TLS_RSA_WITH_CAMELLIA128_SHA => CAMELLIA128-SHA
[DEBUG] [2022-11-08 21:16:38] CipherSuiteConverter.cacheFromOpenSsl(333) | Cipher suite mapping: SSL_RSA_WITH_CAMELLIA128_SHA => CAMELLIA128-SHA
[DEBUG] [2022-11-08 21:16:38] CipherSuiteConverter.cacheFromOpenSsl(332) | Cipher suite mapping: TLS_RSA_WITH_IDEA_CBC_SHA => IDEA-CBC-SHA
[DEBUG] [2022-11-08 21:16:38] CipherSuiteConverter.cacheFromOpenSsl(333) | Cipher suite mapping: SSL_RSA_WITH_IDEA_CBC_SHA => IDEA-CBC-SHA
[DEBUG] [2022-11-08 21:16:38] CipherSuiteConverter.cacheFromOpenSsl(332) | Cipher suite mapping: TLS_PSK_WITH_AES_128_CBC_SHA => PSK-AES128-CBC-SHA
[DEBUG] [2022-11-08 21:16:38] CipherSuiteConverter.cacheFromOpenSsl(333) | Cipher suite mapping: SSL_PSK_WITH_AES_128_CBC_SHA => PSK-AES128-CBC-SHA
[DEBUG] [2022-11-08 21:16:38] CipherSuiteConverter.cacheFromOpenSsl(332) | Cipher suite mapping: TLS_ECDHE_RSA_WITH_RC4_128_SHA => ECDHE-RSA-RC4-SHA
[DEBUG] [2022-11-08 21:16:38] CipherSuiteConverter.cacheFromOpenSsl(333) | Cipher suite mapping: SSL_ECDHE_RSA_WITH_RC4_128_SHA => ECDHE-RSA-RC4-SHA
[DEBUG] [2022-11-08 21:16:38] CipherSuiteConverter.cacheFromOpenSsl(332) | Cipher suite mapping: TLS_ECDHE_ECDSA_WITH_RC4_128_SHA => ECDHE-ECDSA-RC4-SHA
[DEBUG] [2022-11-08 21:16:38] CipherSuiteConverter.cacheFromOpenSsl(333) | Cipher suite mapping: SSL_ECDHE_ECDSA_WITH_RC4_128_SHA => ECDHE-ECDSA-RC4-SHA
[DEBUG] [2022-11-08 21:16:38] CipherSuiteConverter.cacheFromOpenSsl(332) | Cipher suite mapping: TLS_ECDH_anon_WITH_RC4_128_SHA => AECDH-RC4-SHA
[DEBUG] [2022-11-08 21:16:38] CipherSuiteConverter.cacheFromOpenSsl(333) | Cipher suite mapping: SSL_ECDH_anon_WITH_RC4_128_SHA => AECDH-RC4-SHA
[DEBUG] [2022-11-08 21:16:38] CipherSuiteConverter.cacheFromOpenSsl(332) | Cipher suite mapping: TLS_DH_anon_WITH_RC4_128_MD5 => ADH-RC4-MD5
[DEBUG] [2022-11-08 21:16:38] CipherSuiteConverter.cacheFromOpenSsl(333) | Cipher suite mapping: SSL_DH_anon_WITH_RC4_128_MD5 => ADH-RC4-MD5
[DEBUG] [2022-11-08 21:16:38] CipherSuiteConverter.cacheFromOpenSsl(332) | Cipher suite mapping: TLS_ECDH_RSA_WITH_RC4_128_SHA => ECDH-RSA-RC4-SHA
[DEBUG] [2022-11-08 21:16:38] CipherSuiteConverter.cacheFromOpenSsl(333) | Cipher suite mapping: SSL_ECDH_RSA_WITH_RC4_128_SHA => ECDH-RSA-RC4-SHA
[DEBUG] [2022-11-08 21:16:38] CipherSuiteConverter.cacheFromOpenSsl(332) | Cipher suite mapping: TLS_ECDH_ECDSA_WITH_RC4_128_SHA => ECDH-ECDSA-RC4-SHA
[DEBUG] [2022-11-08 21:16:38] CipherSuiteConverter.cacheFromOpenSsl(333) | Cipher suite mapping: SSL_ECDH_ECDSA_WITH_RC4_128_SHA => ECDH-ECDSA-RC4-SHA
[DEBUG] [2022-11-08 21:16:38] CipherSuiteConverter.cacheFromOpenSsl(332) | Cipher suite mapping: TLS_RSA_WITH_RC4_128_SHA => RC4-SHA
[DEBUG] [2022-11-08 21:16:38] CipherSuiteConverter.cacheFromOpenSsl(333) | Cipher suite mapping: SSL_RSA_WITH_RC4_128_SHA => RC4-SHA
[DEBUG] [2022-11-08 21:16:38] CipherSuiteConverter.cacheFromOpenSsl(332) | Cipher suite mapping: TLS_RSA_WITH_RC4_128_MD5 => RC4-MD5
[DEBUG] [2022-11-08 21:16:38] CipherSuiteConverter.cacheFromOpenSsl(333) | Cipher suite mapping: SSL_RSA_WITH_RC4_128_MD5 => RC4-MD5
[DEBUG] [2022-11-08 21:16:38] CipherSuiteConverter.cacheFromOpenSsl(332) | Cipher suite mapping: TLS_PSK_WITH_RC4_128_SHA => PSK-RC4-SHA
[DEBUG] [2022-11-08 21:16:38] CipherSuiteConverter.cacheFromOpenSsl(333) | Cipher suite mapping: SSL_PSK_WITH_RC4_128_SHA => PSK-RC4-SHA
[DEBUG] [2022-11-08 21:16:38] CipherSuiteConverter.cacheFromOpenSsl(332) | Cipher suite mapping: TLS_ECDHE_RSA_WITH_3DES_EDE_CBC_SHA => ECDHE-RSA-DES-CBC3-SHA
[DEBUG] [2022-11-08 21:16:38] CipherSuiteConverter.cacheFromOpenSsl(333) | Cipher suite mapping: SSL_ECDHE_RSA_WITH_3DES_EDE_CBC_SHA => ECDHE-RSA-DES-CBC3-SHA
[DEBUG] [2022-11-08 21:16:38] CipherSuiteConverter.cacheFromOpenSsl(332) | Cipher suite mapping: TLS_ECDHE_ECDSA_WITH_3DES_EDE_CBC_SHA => ECDHE-ECDSA-DES-CBC3-SHA
[DEBUG] [2022-11-08 21:16:38] CipherSuiteConverter.cacheFromOpenSsl(333) | Cipher suite mapping: SSL_ECDHE_ECDSA_WITH_3DES_EDE_CBC_SHA => ECDHE-ECDSA-DES-CBC3-SHA
[DEBUG] [2022-11-08 21:16:38] CipherSuiteConverter.cacheFromOpenSsl(332) | Cipher suite mapping: TLS_SRP_DSS_WITH_3DES_EDE_CBC_SHA => SRP-DSS-3DES-EDE-CBC-SHA
[DEBUG] [2022-11-08 21:16:38] CipherSuiteConverter.cacheFromOpenSsl(333) | Cipher suite mapping: SSL_SRP_DSS_WITH_3DES_EDE_CBC_SHA => SRP-DSS-3DES-EDE-CBC-SHA
[DEBUG] [2022-11-08 21:16:38] CipherSuiteConverter.cacheFromOpenSsl(332) | Cipher suite mapping: TLS_SRP_RSA_WITH_3DES_EDE_CBC_SHA => SRP-RSA-3DES-EDE-CBC-SHA
[DEBUG] [2022-11-08 21:16:38] CipherSuiteConverter.cacheFromOpenSsl(333) | Cipher suite mapping: SSL_SRP_RSA_WITH_3DES_EDE_CBC_SHA => SRP-RSA-3DES-EDE-CBC-SHA
[DEBUG] [2022-11-08 21:16:38] CipherSuiteConverter.cacheFromOpenSsl(332) | Cipher suite mapping: TLS_SRP_WITH_3DES_EDE_CBC_SHA => SRP-3DES-EDE-CBC-SHA
[DEBUG] [2022-11-08 21:16:38] CipherSuiteConverter.cacheFromOpenSsl(333) | Cipher suite mapping: SSL_SRP_WITH_3DES_EDE_CBC_SHA => SRP-3DES-EDE-CBC-SHA
[DEBUG] [2022-11-08 21:16:38] CipherSuiteConverter.cacheFromOpenSsl(332) | Cipher suite mapping: TLS_EDH_RSA_WITH_3DES_EDE_CBC_SHA => EDH-RSA-DES-CBC3-SHA
[DEBUG] [2022-11-08 21:16:38] CipherSuiteConverter.cacheFromOpenSsl(333) | Cipher suite mapping: SSL_EDH_RSA_WITH_3DES_EDE_CBC_SHA => EDH-RSA-DES-CBC3-SHA
[DEBUG] [2022-11-08 21:16:38] CipherSuiteConverter.cacheFromOpenSsl(332) | Cipher suite mapping: TLS_EDH_DSS_WITH_3DES_EDE_CBC_SHA => EDH-DSS-DES-CBC3-SHA
[DEBUG] [2022-11-08 21:16:38] CipherSuiteConverter.cacheFromOpenSsl(333) | Cipher suite mapping: SSL_EDH_DSS_WITH_3DES_EDE_CBC_SHA => EDH-DSS-DES-CBC3-SHA
[DEBUG] [2022-11-08 21:16:38] CipherSuiteConverter.cacheFromOpenSsl(332) | Cipher suite mapping: TLS_RSA_WITH_DH_RSA_DES_CBC3_SHA => DH-RSA-DES-CBC3-SHA
[DEBUG] [2022-11-08 21:16:38] CipherSuiteConverter.cacheFromOpenSsl(333) | Cipher suite mapping: SSL_RSA_WITH_DH_RSA_DES_CBC3_SHA => DH-RSA-DES-CBC3-SHA
[DEBUG] [2022-11-08 21:16:38] CipherSuiteConverter.cacheFromOpenSsl(332) | Cipher suite mapping: TLS_RSA_WITH_DH_DSS_DES_CBC3_SHA => DH-DSS-DES-CBC3-SHA
[DEBUG] [2022-11-08 21:16:38] CipherSuiteConverter.cacheFromOpenSsl(333) | Cipher suite mapping: SSL_RSA_WITH_DH_DSS_DES_CBC3_SHA => DH-DSS-DES-CBC3-SHA
[DEBUG] [2022-11-08 21:16:38] CipherSuiteConverter.cacheFromOpenSsl(332) | Cipher suite mapping: TLS_ECDH_anon_WITH_3DES_EDE_CBC_SHA => AECDH-DES-CBC3-SHA
[DEBUG] [2022-11-08 21:16:38] CipherSuiteConverter.cacheFromOpenSsl(333) | Cipher suite mapping: SSL_ECDH_anon_WITH_3DES_EDE_CBC_SHA => AECDH-DES-CBC3-SHA
[DEBUG] [2022-11-08 21:16:38] CipherSuiteConverter.cacheFromOpenSsl(332) | Cipher suite mapping: TLS_DH_anon_WITH_3DES_EDE_CBC_SHA => ADH-DES-CBC3-SHA
[DEBUG] [2022-11-08 21:16:38] CipherSuiteConverter.cacheFromOpenSsl(333) | Cipher suite mapping: SSL_DH_anon_WITH_3DES_EDE_CBC_SHA => ADH-DES-CBC3-SHA
[DEBUG] [2022-11-08 21:16:38] CipherSuiteConverter.cacheFromOpenSsl(332) | Cipher suite mapping: TLS_ECDH_RSA_WITH_3DES_EDE_CBC_SHA => ECDH-RSA-DES-CBC3-SHA
[DEBUG] [2022-11-08 21:16:38] CipherSuiteConverter.cacheFromOpenSsl(333) | Cipher suite mapping: SSL_ECDH_RSA_WITH_3DES_EDE_CBC_SHA => ECDH-RSA-DES-CBC3-SHA
[DEBUG] [2022-11-08 21:16:38] CipherSuiteConverter.cacheFromOpenSsl(332) | Cipher suite mapping: TLS_ECDH_ECDSA_WITH_3DES_EDE_CBC_SHA => ECDH-ECDSA-DES-CBC3-SHA
[DEBUG] [2022-11-08 21:16:38] CipherSuiteConverter.cacheFromOpenSsl(333) | Cipher suite mapping: SSL_ECDH_ECDSA_WITH_3DES_EDE_CBC_SHA => ECDH-ECDSA-DES-CBC3-SHA
[DEBUG] [2022-11-08 21:16:38] CipherSuiteConverter.cacheFromOpenSsl(332) | Cipher suite mapping: TLS_RSA_WITH_3DES_EDE_CBC_SHA => DES-CBC3-SHA
[DEBUG] [2022-11-08 21:16:38] CipherSuiteConverter.cacheFromOpenSsl(333) | Cipher suite mapping: SSL_RSA_WITH_3DES_EDE_CBC_SHA => DES-CBC3-SHA
[DEBUG] [2022-11-08 21:16:38] CipherSuiteConverter.cacheFromOpenSsl(332) | Cipher suite mapping: TLS_PSK_WITH_3DES_EDE_CBC_SHA => PSK-3DES-EDE-CBC-SHA
[DEBUG] [2022-11-08 21:16:38] CipherSuiteConverter.cacheFromOpenSsl(333) | Cipher suite mapping: SSL_PSK_WITH_3DES_EDE_CBC_SHA => PSK-3DES-EDE-CBC-SHA
[DEBUG] [2022-11-08 21:16:38] OpenSsl.<clinit>(437) | Supported protocols (OpenSSL): [SSLv2Hello, TLSv1, TLSv1.1, TLSv1.2] 
[DEBUG] [2022-11-08 21:16:38] OpenSsl.<clinit>(438) | Default cipher suites (OpenSSL): [TLS_ECDHE_ECDSA_WITH_AES_256_GCM_SHA384, TLS_ECDHE_ECDSA_WITH_AES_128_GCM_SHA256, TLS_ECDHE_RSA_WITH_AES_128_GCM_SHA256, TLS_ECDHE_RSA_WITH_AES_256_GCM_SHA384, TLS_ECDHE_RSA_WITH_AES_128_CBC_SHA, TLS_ECDHE_RSA_WITH_AES_256_CBC_SHA, TLS_RSA_WITH_AES_128_GCM_SHA256, TLS_RSA_WITH_AES_128_CBC_SHA, TLS_RSA_WITH_AES_256_CBC_SHA]
[DEBUG] [2022-11-08 21:16:38] ResourceLeakDetectorFactory$DefaultResourceLeakDetectorFactory.newResourceLeakDetector(196) | Loaded default ResourceLeakDetector: io.netty.util.ResourceLeakDetector@19ae6bb
[DEBUG] [2022-11-08 21:16:38] ConnectionManager.startConnect(111) | startConnect to 127.0.0.1:20200
[DEBUG] [2022-11-08 21:16:38] DefaultChannelId.<clinit>(79) | -Dio.netty.processId: 29552 (auto-detected)
[DEBUG] [2022-11-08 21:16:38] DefaultChannelId.<clinit>(101) | -Dio.netty.machineId: ac:de:48:ff:fe:00:11:22 (auto-detected)
[DEBUG] [2022-11-08 21:16:38] ConnectionManager.startConnect(111) | startConnect to 127.0.0.1:20201
[DEBUG] [2022-11-08 21:16:38] ResourceLeakDetectorFactory$DefaultResourceLeakDetectorFactory.newResourceLeakDetector(196) | Loaded default ResourceLeakDetector: io.netty.util.ResourceLeakDetector@5736a2e1
[INFO] [2022-11-08 21:16:42] ConnectionManager.checkConnectionResult(402) |  ssl handshake success 127.0.0.1:20200
[INFO] [2022-11-08 21:16:42] ConnectionManager.checkConnectionResult(402) |  ssl handshake success 127.0.0.1:20201
[DEBUG] [2022-11-08 21:16:42] ConnectionManager.startConnect(146) |  start connect end. 
[DEBUG] [2022-11-08 21:16:42] ConnectionManager.startReconnectSchedule(150) |  start reconnect schedule
[DEBUG] [2022-11-08 21:16:42] SslHandler.setHandshakeSuccess(1831) | [id: 0x61c68562, L:/127.0.0.1:49937 - R:/127.0.0.1:20201] HANDSHAKEN: protocol:TLSv1.2 cipher suite:TLS_RSA_WITH_AES_128_GCM_SHA256
[DEBUG] [2022-11-08 21:16:42] SslHandler.setHandshakeSuccess(1831) | [id: 0x34cb3a87, L:/127.0.0.1:49938 - R:/127.0.0.1:20200] HANDSHAKEN: protocol:TLSv1.2 cipher suite:TLS_RSA_WITH_AES_128_GCM_SHA256
[INFO] [2022-11-08 21:16:42] ChannelHandler.userEventTriggered(73) |  handshake success, host: 127.0.0.1, port: 20201, ctx: 295600186
[INFO] [2022-11-08 21:16:42] ChannelHandler.userEventTriggered(73) |  handshake success, host: 127.0.0.1, port: 20200, ctx: 120079810
[DEBUG] [2022-11-08 21:16:42] ConnectionManager.addConnectionContext(453) | addConnectionContext, endpoint: 127.0.0.1:20200, ctx:ChannelHandlerContext(ChannelHandler#0, [id: 0x34cb3a87, L:/127.0.0.1:49938 - R:/127.0.0.1:20200])
[DEBUG] [2022-11-08 21:16:42] ConnectionManager.addConnectionContext(453) | addConnectionContext, endpoint: 127.0.0.1:20201, ctx:ChannelHandlerContext(ChannelHandler#0, [id: 0x61c68562, L:/127.0.0.1:49937 - R:/127.0.0.1:20201])
[DEBUG] [2022-11-08 21:16:42] ChannelMsgHandler.onConnect(112) | onConnect in ChannelMsgHandler called, host : 127.0.0.1:20200
[DEBUG] [2022-11-08 21:16:42] ChannelMsgHandler.onConnect(112) | onConnect in ChannelMsgHandler called, host : 127.0.0.1:20201
[DEBUG] [2022-11-08 21:16:42] ChannelMsgHandler.onMessage(123) | onMessage in ChannelMsgHandler called, host : 127.0.0.1:20201, seq : 937fa6a3a6ba46d19fa7aa4a5259512a, msgType : 18
[DEBUG] [2022-11-08 21:16:42] ChannelMsgHandler.onMessage(123) | onMessage in ChannelMsgHandler called, host : 127.0.0.1:20200, seq : d4ec47eab03147a9b9f6c2b95fac375e, msgType : 18
[INFO] [2022-11-08 21:16:42] ChannelMsgHandler$1.onResponse(225) |  node: ClientVersion{version='2.9.1', supportedVersion='2.9.1', chainId='1', buildTime='20220922 09:45:21', buildType='Darwin/appleclang/RelWithDebInfo', gitBranch='HEAD', gitCommitHash='83a87ad749475c0edcc6d5ce2dabd328a36d3bae'}, content: {"id":0,"jsonrpc":"2.0","result":{"Build Time":"20220922 09:45:21","Build Type":"Darwin/appleclang/RelWithDebInfo","Chain Id":"1","FISCO-BCOS Version":"2.9.1","Git Branch":"HEAD","Git Commit Hash":"83a87ad749475c0edcc6d5ce2dabd328a36d3bae","Supported Version":"2.9.1"}}

[INFO] [2022-11-08 21:16:42] ChannelMsgHandler$1.onResponse(225) |  node: ClientVersion{version='2.9.1', supportedVersion='2.9.1', chainId='1', buildTime='20220922 09:45:21', buildType='Darwin/appleclang/RelWithDebInfo', gitBranch='HEAD', gitCommitHash='83a87ad749475c0edcc6d5ce2dabd328a36d3bae'}, content: {"id":1,"jsonrpc":"2.0","result":{"Build Time":"20220922 09:45:21","Build Type":"Darwin/appleclang/RelWithDebInfo","Chain Id":"1","FISCO-BCOS Version":"2.9.1","Git Branch":"HEAD","Git Commit Hash":"83a87ad749475c0edcc6d5ce2dabd328a36d3bae","Supported Version":"2.9.1"}}

[INFO] [2022-11-08 21:16:42] ChannelMsgHandler$1.onResponse(233) |  support channel handshake node
[INFO] [2022-11-08 21:16:42] ChannelMsgHandler$1.onResponse(233) |  support channel handshake node
[DEBUG] [2022-11-08 21:16:42] ChannelMsgHandler.onMessage(123) | onMessage in ChannelMsgHandler called, host : 127.0.0.1:20201, seq : 4f0456436eaf4ed392d44b330fad65c0, msgType : 20
[DEBUG] [2022-11-08 21:16:42] ChannelMsgHandler.onMessage(123) | onMessage in ChannelMsgHandler called, host : 127.0.0.1:20200, seq : c0652a6d00f245339116901db5debde0, msgType : 20
[INFO] [2022-11-08 21:16:42] ChannelMsgHandler$2.onResponse(309) |  channel protocol handshake success, set socket channel protocol, host: 127.0.0.1:20201, channel protocol: ChannelProtocol [protocol=3, nodeVersion=2.9.1, EnumProtocol=VERSION_3]
[INFO] [2022-11-08 21:16:42] ChannelMsgHandler$2.onResponse(309) |  channel protocol handshake success, set socket channel protocol, host: 127.0.0.1:20200, channel protocol: ChannelProtocol [protocol=3, nodeVersion=2.9.1, EnumProtocol=VERSION_3]
[INFO] [2022-11-08 21:16:42] ChannelImp.checkConnectionsToStartPeriodTask(126) |  Connect to  nodes: 127.0.0.1:20200, 127.0.0.1:20201, 
[DEBUG] [2022-11-08 21:16:42] ChannelImp.start(92) | ====> Start the channel success
[INFO] [2022-11-08 21:16:42] BcosSDK.<init>(77) | create BcosSDK, start channel success, cryptoType: 0
[DEBUG] [2022-11-08 21:16:42] ThreadPoolService.<init>(37) | Create ThreadPoolService, threadName: channelProcessor, corePoolSize: 16, maxBlockingQueueSize: 102400
[INFO] [2022-11-08 21:16:42] BcosSDK.<init>(87) | create BcosSDK, start channel succ, channelProcessorThreadSize: 16, receiptProcessorThreadSize: 16
[DEBUG] [2022-11-08 21:16:42] ChannelMsgHandler.onMessage(123) | onMessage in ChannelMsgHandler called, host : 127.0.0.1:20201, seq : 1b1165de5ca74450953ed02ecd7862d2, msgType : 19
[DEBUG] [2022-11-08 21:16:42] ChannelMsgHandler.onMessage(123) | onMessage in ChannelMsgHandler called, host : 127.0.0.1:20200, seq : be884ea3c7654ec795e0a7fdfc438ac7, msgType : 19
[DEBUG] [2022-11-08 21:16:42] ThreadPoolService.<init>(37) | Create ThreadPoolService, threadName: GroupManagerServiceImpl, corePoolSize: 16, maxBlockingQueueSize: 102400
[INFO] [2022-11-08 21:16:42] GroupManagerServiceImpl.registerBlockNumberNotifyHandler(259) | registerBlockNumberNotifyHandler
[INFO] [2022-11-08 21:16:42] GroupManagerServiceImpl.registerTransactionNotifyHandler(281) | registerTransactionNotifyHandler
[DEBUG] [2022-11-08 21:16:42] ChannelMsgHandler.onMessage(123) | onMessage in ChannelMsgHandler called, host : 127.0.0.1:20200, seq : 09607d2b4dc648208c0063d3aeecc709, msgType : 18
[DEBUG] [2022-11-08 21:16:42] GroupServiceImpl.<init>(45) | insert group: 1 for peer 127.0.0.1:20200
[DEBUG] [2022-11-08 21:16:42] GroupManagerServiceImpl.getAndUpdateBlockNumberForAllPeers(528) | g: 1, getAndUpdateBlockNumberForAllPeers, group availablePeers:[127.0.0.1:20200]
[DEBUG] [2022-11-08 21:16:42] ChannelMsgHandler.onMessage(123) | onMessage in ChannelMsgHandler called, host : 127.0.0.1:20200, seq : f285874c56af435faf4bf4a267474435, msgType : 18
[DEBUG] [2022-11-08 21:16:42] GroupServiceImpl.updatePeersBlockNumberInfo(104) | updatePeersBlockNumberInfo for 127.0.0.1:20200, updated blockNumber: 17, groupId: 1
[DEBUG] [2022-11-08 21:16:42] GroupServiceImpl.updateLatestBlockNumber(127) | g:1, updateLatestBlockNumber, latestBlockNumber: 17, nodeWithLatestBlockNumber:[127.0.0.1:20200]
[DEBUG] [2022-11-08 21:16:42] GroupManagerServiceImpl.fetchAndUpdateBlockNumberInfo(542) | fetch and update the blockNumber information, groupId: 1, peer:127.0.0.1:20200, blockNumber: 17
[DEBUG] [2022-11-08 21:16:42] ChannelMsgHandler.onMessage(123) | onMessage in ChannelMsgHandler called, host : 127.0.0.1:20201, seq : 7b87aac873ab4b6ab3c34a9656fadf79, msgType : 18
[DEBUG] [2022-11-08 21:16:42] GroupServiceImpl.insertNode(84) | g:1, insertNode=127.0.0.1:20201, nodeSize=2, blockNumberInfoSize=1
[DEBUG] [2022-11-08 21:16:42] ChannelMsgHandler.onMessage(123) | onMessage in ChannelMsgHandler called, host : 127.0.0.1:20201, seq : f99e0eb106084f6e912968614cdfdf5e, msgType : 18
[DEBUG] [2022-11-08 21:16:42] GroupServiceImpl.updatePeersBlockNumberInfo(104) | updatePeersBlockNumberInfo for 127.0.0.1:20201, updated blockNumber: 17, groupId: 1
[DEBUG] [2022-11-08 21:16:42] GroupServiceImpl.updateLatestBlockNumber(127) | g:1, updateLatestBlockNumber, latestBlockNumber: 17, nodeWithLatestBlockNumber:[127.0.0.1:20200, 127.0.0.1:20201]
[DEBUG] [2022-11-08 21:16:42] GroupManagerServiceImpl.fetchAndUpdateBlockNumberInfo(542) | fetch and update the blockNumber information, groupId: 1, peer:127.0.0.1:20201, blockNumber: 17
[DEBUG] [2022-11-08 21:16:42] ChannelMsgHandler.onMessage(123) | onMessage in ChannelMsgHandler called, host : 127.0.0.1:20200, seq : 44891f24846248498b73983c938f6fd7, msgType : 18
[DEBUG] [2022-11-08 21:16:42] ChannelMsgHandler.onMessage(123) | onMessage in ChannelMsgHandler called, host : 127.0.0.1:20201, seq : 55e260c7dd7447fd806e0f4876567f88, msgType : 18
[DEBUG] [2022-11-08 21:16:42] GroupManagerServiceImpl.start(445) | start GroupManagerService...
[INFO] [2022-11-08 21:16:42] BcosSDK.<init>(98) | create BcosSDK, create groupManagerService success
[DEBUG] [2022-11-08 21:16:42] ChannelMsgHandler.onMessage(123) | onMessage in ChannelMsgHandler called, host : 127.0.0.1:20200, seq : 614b22f0b4b64df0a989f782876c65cc, msgType : 18
[DEBUG] [2022-11-08 21:16:42] ChannelMsgHandler.onMessage(123) | onMessage in ChannelMsgHandler called, host : 127.0.0.1:20201, seq : 08b8b77807a541a1b73c047c3ac8c509, msgType : 18
[DEBUG] [2022-11-08 21:16:42] KeyTool.getMethod(309) | try to get method for EC5Util failed, method name: convertSpec
[DEBUG] [2022-11-08 21:16:42] KeyTool.getMethod(309) | try to get method for EC5Util failed, method name: convertSpec
[DEBUG] [2022-11-08 21:16:42] KeyTool.getMethod(309) | try to get method for EC5Util failed, method name: convertSpec
[DEBUG] [2022-11-08 21:16:42] KeyTool.getMethod(309) | try to get method for EC5Util failed, method name: convertSpec
[DEBUG] [2022-11-08 21:16:42] KeyTool.getMethod(309) | try to get method for EC5Util failed, method name: convertSpec
[DEBUG] [2022-11-08 21:16:42] KeyTool.getMethod(309) | try to get method for EC5Util failed, method name: convertSpec
[DEBUG] [2022-11-08 21:16:42] KeyTool.getMethod(309) | try to get method for EC5Util failed, method name: convertSpec
[DEBUG] [2022-11-08 21:16:42] KeyTool.getMethod(309) | try to get method for EC5Util failed, method name: convertSpec
[DEBUG] [2022-11-08 21:16:42] KeyTool.getMethod(309) | try to get method for EC5Util failed, method name: convertSpec
[DEBUG] [2022-11-08 21:16:42] KeyTool.getMethod(309) | try to get method for EC5Util failed, method name: convertSpec
[DEBUG] [2022-11-08 21:16:42] KeyTool.getMethod(309) | try to get method for EC5Util failed, method name: convertSpec
[DEBUG] [2022-11-08 21:16:42] KeyTool.getMethod(309) | try to get method for EC5Util failed, method name: convertSpec
[DEBUG] [2022-11-08 21:16:42] KeyTool.getMethod(309) | try to get method for EC5Util failed, method name: convertSpec
[DEBUG] [2022-11-08 21:16:42] KeyTool.getMethod(309) | try to get method for EC5Util failed, method name: convertSpec
[DEBUG] [2022-11-08 21:16:42] KeyTool.getMethod(309) | try to get method for EC5Util failed, method name: convertSpec
[DEBUG] [2022-11-08 21:16:42] KeyTool.getMethod(309) | try to get method for EC5Util failed, method name: convertSpec
[DEBUG] [2022-11-08 21:16:42] KeyTool.getMethod(309) | try to get method for EC5Util failed, method name: convertSpec
[DEBUG] [2022-11-08 21:16:42] KeyTool.getMethod(309) | try to get method for EC5Util failed, method name: convertSpec
[DEBUG] [2022-11-08 21:16:42] GroupManagerServiceImpl.setAmop(806) | register blockNotify for 127.0.0.1:20200, groupList: [1]
[DEBUG] [2022-11-08 21:16:42] TopicManager.updateBlockNotify(158) | update block notify, peer: 127.0.0.1:20200, groupInfo: [1]
[DEBUG] [2022-11-08 21:16:42] TopicManager.updateBlockNotify(163) | add block notify, peer: 127.0.0.1:20200, topic: _block_notify_1
[INFO] [2022-11-08 21:16:42] AmopImp.sendSubscribe(216) | update subscribe inform 2 peers
[DEBUG] [2022-11-08 21:16:42] AmopImp.updateSubscribeToPeer(238) | update topics to node, node:127.0.0.1:20200, topics:["_block_notify_1"]
[DEBUG] [2022-11-08 21:16:42] AmopImp.updateSubscribeToPeer(238) | update topics to node, node:127.0.0.1:20201, topics:[]
[DEBUG] [2022-11-08 21:16:42] GroupManagerServiceImpl.setAmop(806) | register blockNotify for 127.0.0.1:20201, groupList: [1]
[DEBUG] [2022-11-08 21:16:42] TopicManager.updateBlockNotify(158) | update block notify, peer: 127.0.0.1:20201, groupInfo: [1]
[DEBUG] [2022-11-08 21:16:42] TopicManager.updateBlockNotify(163) | add block notify, peer: 127.0.0.1:20201, topic: _block_notify_1
[INFO] [2022-11-08 21:16:42] AmopImp.sendSubscribe(216) | update subscribe inform 2 peers
[DEBUG] [2022-11-08 21:16:42] AmopImp.updateSubscribeToPeer(238) | update topics to node, node:127.0.0.1:20200, topics:["_block_notify_1"]
[DEBUG] [2022-11-08 21:16:42] AmopImp.updateSubscribeToPeer(238) | update topics to node, node:127.0.0.1:20201, topics:["_block_notify_1"]
[INFO] [2022-11-08 21:16:42] AmopImp.start(188) | amop module started
[INFO] [2022-11-08 21:16:42] AmopImp.sendSubscribe(216) | update subscribe inform 2 peers
[DEBUG] [2022-11-08 21:16:42] AmopImp.updateSubscribeToPeer(238) | update topics to node, node:127.0.0.1:20200, topics:["_block_notify_1"]
[DEBUG] [2022-11-08 21:16:42] AmopImp.updateSubscribeToPeer(238) | update topics to node, node:127.0.0.1:20201, topics:["_block_notify_1"]
[INFO] [2022-11-08 21:16:42] BcosSDK.<init>(103) | create BcosSDK, create Amop success
[DEBUG] [2022-11-08 21:16:42] ChannelMsgHandler.onMessage(123) | onMessage in ChannelMsgHandler called, host : 127.0.0.1:20200, seq : 88071bfa45904f78a6296e269b2f1c33, msgType : 18
[DEBUG] [2022-11-08 21:16:42] ChannelMsgHandler.onMessage(123) | onMessage in ChannelMsgHandler called, host : 127.0.0.1:20201, seq : 715bfc3632fe44ffaa99d09abb945c8b, msgType : 18
[DEBUG] [2022-11-08 21:16:42] ChannelMsgHandler.onMessage(123) | onMessage in ChannelMsgHandler called, host : 127.0.0.1:20200, seq : 9ed85fa2a36f43aca738d3c992877f10, msgType : 18
[DEBUG] [2022-11-08 21:16:42] ChannelMsgHandler.onMessage(123) | onMessage in ChannelMsgHandler called, host : 127.0.0.1:20201, seq : 56f4c1015e5e471b8f0a0787e6e867ab, msgType : 18
[DEBUG] [2022-11-08 21:16:42] KeyTool.getMethod(309) | try to get method for EC5Util failed, method name: convertSpec
[DEBUG] [2022-11-08 21:16:42] KeyTool.getMethod(309) | try to get method for EC5Util failed, method name: convertSpec
[DEBUG] [2022-11-08 21:16:42] KeyTool.getMethod(309) | try to get method for EC5Util failed, method name: convertSpec
[DEBUG] [2022-11-08 21:16:42] KeyTool.getMethod(309) | try to get method for EC5Util failed, method name: convertSpec
[DEBUG] [2022-11-08 21:16:42] KeyTool.getMethod(309) | try to get method for EC5Util failed, method name: convertSpec
[DEBUG] [2022-11-08 21:16:42] KeyTool.getMethod(309) | try to get method for EC5Util failed, method name: convertSpec
[DEBUG] [2022-11-08 21:16:42] KeyTool.getMethod(309) | try to get method for EC5Util failed, method name: convertSpec
[DEBUG] [2022-11-08 21:16:42] KeyTool.getMethod(309) | try to get method for EC5Util failed, method name: convertSpec
[INFO] [2022-11-08 21:16:42] Client.build(114) | build client success for group 1, crypto type 0
[INFO] [2022-11-08 21:16:42] BcosSDK.getClient(178) | create client for group 1 success
[DEBUG] [2022-11-08 21:16:42] ChannelMsgHandler.onMessage(123) | onMessage in ChannelMsgHandler called, host : 127.0.0.1:20200, seq : 678d01d660734b728aa2099266c3ddf0, msgType : 18
[DEBUG] [2022-11-08 21:16:42] ChannelMsgHandler.onMessage(123) | onMessage in ChannelMsgHandler called, host : 127.0.0.1:20201, seq : a6f23892363043d689539a1d697868fc, msgType : 18
[DEBUG] [2022-11-08 21:16:42] KeyTool.getMethod(309) | try to get method for EC5Util failed, method name: convertSpec
[DEBUG] [2022-11-08 21:16:42] KeyTool.getMethod(309) | try to get method for EC5Util failed, method name: convertSpec
[DEBUG] [2022-11-08 21:16:42] ZSClient.initialize(39) | create client for group1, account address is 0xf3fa75ffd126bd77bfa41ef27c66a80f6264c0c4
[INFO] [2022-11-08 21:16:42] ZSClient.loadAssetAddr(75) |  load Asset address from contract.properties, address is 0x8d4f108d07e40a5a0eeeaa16f08f095b1edb976b
[DEBUG] [2022-11-08 21:16:42] TransactionProcessorFactory.getChainIdAndGroupId(35) | getNodeVersion before createTransactionManager, binaryVerison: 2.9.1, supportedVersion:2.9.1
[DEBUG] [2022-11-08 21:16:42] TransactionProcessorFactory.getChainIdAndGroupId(49) | createTransactionManager for >=rc2 node, chainId: 1, groupId: 1
[INFO] [2022-11-08 21:16:42] EventSubscribeImp.resendWaitingFilters(173) | Resend waiting filters, size: 0
[DEBUG] [2022-11-08 21:16:42] ChannelMsgHandler.onMessage(123) | onMessage in ChannelMsgHandler called, host : 127.0.0.1:20200, seq : de36035d7f6441729377f2daca7ec34a, msgType : 18
